2022-04-27 12:12:58,060 - mmaction - INFO - Environment info:
------------------------------------------------------------
sys.platform: linux
Python: 3.8.12 | packaged by conda-forge | (default, Oct 12 2021, 21:57:06) [GCC 9.4.0]
CUDA available: True
GPU 0,1,2,3: NVIDIA GeForce RTX 3090
CUDA_HOME: /usr/local/cuda
NVCC: Build cuda_11.1.TC455_06.29190527_0
GCC: gcc (Ubuntu 9.4.0-1ubuntu1~20.04.1) 9.4.0
PyTorch: 1.9.1+cu111
PyTorch compiling details: PyTorch built with:
  - GCC 7.3
  - C++ Version: 201402
  - Intel(R) Math Kernel Library Version 2020.0.0 Product Build 20191122 for Intel(R) 64 architecture applications
  - Intel(R) MKL-DNN v2.1.2 (Git Hash 98be7e8afa711dc9b66c8ff3504129cb82013cdb)
  - OpenMP 201511 (a.k.a. OpenMP 4.5)
  - NNPACK is enabled
  - CPU capability usage: AVX2
  - CUDA Runtime 11.1
  - NVCC architecture flags: -gencode;arch=compute_37,code=sm_37;-gencode;arch=compute_50,code=sm_50;-gencode;arch=compute_60,code=sm_60;-gencode;arch=compute_70,code=sm_70;-gencode;arch=compute_75,code=sm_75;-gencode;arch=compute_80,code=sm_80;-gencode;arch=compute_86,code=sm_86
  - CuDNN 8.0.5
  - Magma 2.5.2
  - Build settings: BLAS_INFO=mkl, BUILD_TYPE=Release, CUDA_VERSION=11.1, CUDNN_VERSION=8.0.5, CXX_COMPILER=/opt/rh/devtoolset-7/root/usr/bin/c++, CXX_FLAGS= -Wno-deprecated -fvisibility-inlines-hidden -DUSE_PTHREADPOOL -fopenmp -DNDEBUG -DUSE_KINETO -DUSE_FBGEMM -DUSE_QNNPACK -DUSE_PYTORCH_QNNPACK -DUSE_XNNPACK -DSYMBOLICATE_MOBILE_DEBUG_HANDLE -O2 -fPIC -Wno-narrowing -Wall -Wextra -Werror=return-type -Wno-missing-field-initializers -Wno-type-limits -Wno-array-bounds -Wno-unknown-pragmas -Wno-sign-compare -Wno-unused-parameter -Wno-unused-variable -Wno-unused-function -Wno-unused-result -Wno-unused-local-typedefs -Wno-strict-overflow -Wno-strict-aliasing -Wno-error=deprecated-declarations -Wno-stringop-overflow -Wno-psabi -Wno-error=pedantic -Wno-error=redundant-decls -Wno-error=old-style-cast -fdiagnostics-color=always -faligned-new -Wno-unused-but-set-variable -Wno-maybe-uninitialized -fno-math-errno -fno-trapping-math -Werror=format -Wno-stringop-overflow, LAPACK_INFO=mkl, PERF_WITH_AVX=1, PERF_WITH_AVX2=1, PERF_WITH_AVX512=1, TORCH_VERSION=1.9.1, USE_CUDA=ON, USE_CUDNN=ON, USE_EXCEPTION_PTR=1, USE_GFLAGS=OFF, USE_GLOG=OFF, USE_MKL=ON, USE_MKLDNN=ON, USE_MPI=OFF, USE_NCCL=ON, USE_NNPACK=ON, USE_OPENMP=ON, 

TorchVision: 0.10.1+cu111
OpenCV: 4.5.5
MMCV: 1.4.2
MMCV Compiler: GCC 7.3
MMCV CUDA Compiler: 11.1
MMAction2: 0.20.0+26392eb
------------------------------------------------------------

2022-04-27 12:12:58,060 - mmaction - INFO - Distributed training: True
2022-04-27 12:12:59,785 - mmaction - INFO - Config: model = dict(
    type='Recognizer3D',
    backbone=dict(
        type='ResNet3dSlowOnly',
        depth=50,
        pretrained=None,
        in_channels=5,
        base_channels=32,
        num_stages=3,
        out_indices=(2, ),
        stage_blocks=(4, 6, 3),
        conv1_stride_s=1,
        pool1_stride_s=1,
        inflate=(0, 1, 1),
        spatial_strides=(2, 2, 2),
        temporal_strides=(1, 1, 2),
        dilations=(1, 1, 1)),
    cls_head=dict(
        type='I3DHead',
        in_channels=512,
        num_classes=10,
        spatial_type='avg',
        dropout_ratio=0.5),
    train_cfg=dict(),
    test_cfg=dict(average_clips='prob'))
dataset_type = 'PoseDataset'
ann_file_train = 'data/ds_taichi/TEST9AUG4/NSNR/train_data.pkl'
ann_file_val = 'data/ds_taichi/TEST9AUG4/NSNR/test_data.pkl'
left = [
    5, 6, 7, 8, 44, 45, 46, 47, 48, 49, 50, 51, 52, 53, 54, 55, 56, 57, 58, 59,
    60, 61, 62, 63, 64, 65, 66, 67, 68, 69, 70, 71
]
right = [
    1, 2, 3, 4, 16, 17, 18, 19, 20, 21, 22, 23, 24, 25, 26, 27, 28, 29, 30, 31,
    32, 33, 34, 35, 36, 37, 38, 39, 40, 41, 42, 43
]
train_pipeline = [
    dict(type='UniformSampleFrames', clip_len=48),
    dict(type='PoseDecode'),
    dict(type='PoseCompact', hw_ratio=1.0, allow_imgpad=True),
    dict(type='Resize', scale=(-1, 64)),
    dict(type='RandomResizedCrop', area_range=(0.56, 1.0)),
    dict(type='Resize', scale=(56, 56), keep_ratio=False),
    dict(
        type='Flip',
        flip_ratio=0.5,
        left_kp=[
            5, 6, 7, 8, 44, 45, 46, 47, 48, 49, 50, 51, 52, 53, 54, 55, 56, 57,
            58, 59, 60, 61, 62, 63, 64, 65, 66, 67, 68, 69, 70, 71
        ],
        right_kp=[
            1, 2, 3, 4, 16, 17, 18, 19, 20, 21, 22, 23, 24, 25, 26, 27, 28, 29,
            30, 31, 32, 33, 34, 35, 36, 37, 38, 39, 40, 41, 42, 43
        ]),
    dict(
        type='GenerateTaiChiPoseTarget',
        sigma=0.6,
        use_score=True,
        with_kp=True,
        with_limb=False),
    dict(type='FormatShape', input_format='NCTHW'),
    dict(type='Collect', keys=['imgs', 'label'], meta_keys=[]),
    dict(type='ToTensor', keys=['imgs', 'label'])
]
val_pipeline = [
    dict(type='UniformSampleFrames', clip_len=48, num_clips=1, test_mode=True),
    dict(type='PoseDecode'),
    dict(type='PoseCompact', hw_ratio=1.0, allow_imgpad=True),
    dict(type='Resize', scale=(-1, 64)),
    dict(type='CenterCrop', crop_size=64),
    dict(
        type='GenerateTaiChiPoseTarget',
        sigma=0.6,
        use_score=True,
        with_kp=True,
        with_limb=False),
    dict(type='FormatShape', input_format='NCTHW'),
    dict(type='Collect', keys=['imgs', 'label'], meta_keys=[]),
    dict(type='ToTensor', keys=['imgs'])
]
test_pipeline = [
    dict(
        type='UniformSampleFrames', clip_len=48, num_clips=10, test_mode=True),
    dict(type='PoseDecode'),
    dict(type='PoseCompact', hw_ratio=1.0, allow_imgpad=True),
    dict(type='Resize', scale=(-1, 64)),
    dict(type='CenterCrop', crop_size=64),
    dict(
        type='GenerateTaiChiPoseTarget',
        sigma=0.6,
        use_score=True,
        with_kp=True,
        with_limb=False,
        double=True,
        left_kp=[
            5, 6, 7, 8, 44, 45, 46, 47, 48, 49, 50, 51, 52, 53, 54, 55, 56, 57,
            58, 59, 60, 61, 62, 63, 64, 65, 66, 67, 68, 69, 70, 71
        ],
        right_kp=[
            1, 2, 3, 4, 16, 17, 18, 19, 20, 21, 22, 23, 24, 25, 26, 27, 28, 29,
            30, 31, 32, 33, 34, 35, 36, 37, 38, 39, 40, 41, 42, 43
        ]),
    dict(type='FormatShape', input_format='NCTHW'),
    dict(type='Collect', keys=['imgs', 'label'], meta_keys=[]),
    dict(type='ToTensor', keys=['imgs'])
]
data = dict(
    videos_per_gpu=8,
    workers_per_gpu=4,
    test_dataloader=dict(videos_per_gpu=4),
    train=dict(
        type='RepeatDataset',
        times=20,
        dataset=dict(
            type='PoseDataset',
            ann_file='data/ds_taichi/TEST9AUG4/NSNR/train_data.pkl',
            data_prefix='',
            pipeline=[
                dict(type='UniformSampleFrames', clip_len=48),
                dict(type='PoseDecode'),
                dict(type='PoseCompact', hw_ratio=1.0, allow_imgpad=True),
                dict(type='Resize', scale=(-1, 64)),
                dict(type='RandomResizedCrop', area_range=(0.56, 1.0)),
                dict(type='Resize', scale=(56, 56), keep_ratio=False),
                dict(
                    type='Flip',
                    flip_ratio=0.5,
                    left_kp=[
                        5, 6, 7, 8, 44, 45, 46, 47, 48, 49, 50, 51, 52, 53, 54,
                        55, 56, 57, 58, 59, 60, 61, 62, 63, 64, 65, 66, 67, 68,
                        69, 70, 71
                    ],
                    right_kp=[
                        1, 2, 3, 4, 16, 17, 18, 19, 20, 21, 22, 23, 24, 25, 26,
                        27, 28, 29, 30, 31, 32, 33, 34, 35, 36, 37, 38, 39, 40,
                        41, 42, 43
                    ]),
                dict(
                    type='GenerateTaiChiPoseTarget',
                    sigma=0.6,
                    use_score=True,
                    with_kp=True,
                    with_limb=False),
                dict(type='FormatShape', input_format='NCTHW'),
                dict(type='Collect', keys=['imgs', 'label'], meta_keys=[]),
                dict(type='ToTensor', keys=['imgs', 'label'])
            ])),
    val=dict(
        type='PoseDataset',
        ann_file='data/ds_taichi/TEST9AUG4/NSNR/test_data.pkl',
        data_prefix='',
        pipeline=[
            dict(
                type='UniformSampleFrames',
                clip_len=48,
                num_clips=1,
                test_mode=True),
            dict(type='PoseDecode'),
            dict(type='PoseCompact', hw_ratio=1.0, allow_imgpad=True),
            dict(type='Resize', scale=(-1, 64)),
            dict(type='CenterCrop', crop_size=64),
            dict(
                type='GenerateTaiChiPoseTarget',
                sigma=0.6,
                use_score=True,
                with_kp=True,
                with_limb=False),
            dict(type='FormatShape', input_format='NCTHW'),
            dict(type='Collect', keys=['imgs', 'label'], meta_keys=[]),
            dict(type='ToTensor', keys=['imgs'])
        ]),
    test=dict(
        type='PoseDataset',
        ann_file='data/ds_taichi/TEST9AUG4/NSNR/test_data.pkl',
        data_prefix='',
        pipeline=[
            dict(
                type='UniformSampleFrames',
                clip_len=48,
                num_clips=10,
                test_mode=True),
            dict(type='PoseDecode'),
            dict(type='PoseCompact', hw_ratio=1.0, allow_imgpad=True),
            dict(type='Resize', scale=(-1, 64)),
            dict(type='CenterCrop', crop_size=64),
            dict(
                type='GenerateTaiChiPoseTarget',
                sigma=0.6,
                use_score=True,
                with_kp=True,
                with_limb=False,
                double=True,
                left_kp=[
                    5, 6, 7, 8, 44, 45, 46, 47, 48, 49, 50, 51, 52, 53, 54, 55,
                    56, 57, 58, 59, 60, 61, 62, 63, 64, 65, 66, 67, 68, 69, 70,
                    71
                ],
                right_kp=[
                    1, 2, 3, 4, 16, 17, 18, 19, 20, 21, 22, 23, 24, 25, 26, 27,
                    28, 29, 30, 31, 32, 33, 34, 35, 36, 37, 38, 39, 40, 41, 42,
                    43
                ]),
            dict(type='FormatShape', input_format='NCTHW'),
            dict(type='Collect', keys=['imgs', 'label'], meta_keys=[]),
            dict(type='ToTensor', keys=['imgs'])
        ]))
optimizer = dict(type='SGD', lr=0.1, momentum=0.9, weight_decay=0.0003)
optimizer_config = dict(grad_clip=dict(max_norm=40, norm_type=2))
lr_config = dict(policy='CosineAnnealing', by_epoch=False, min_lr=0)
total_epochs = 48
checkpoint_config = dict()
workflow = [('train', 1)]
evaluation = dict(
    interval=1, metrics=['top_k_accuracy', 'mean_class_accuracy'], topk=(1, 5))
log_config = dict(interval=40, hooks=[dict(type='TextLoggerHook')])
output_config = dict(
    out='./model_pth/exp5/fintune-with-pre-lrd1/test_result/results.pkl')
eval_config = dict(
    metric_out='./model_pth/exp5/fintune-with-pre-lrd1/test_result',
    eval=[
        'top_k_accuracy', 'mean_class_accuracy', 'confusion_matrix',
        't_sne_vis'
    ])
dist_params = dict(backend='nccl')
log_level = 'INFO'
work_dir = './model_pth/exp5/fintune-with-pre-lrd1'
load_from = './model_pth/5part_ntu60_xsub_kp_0331/epoch_24.pth'
resume_from = None
find_unused_parameters = False
gpu_ids = range(0, 4)
omnisource = False
module_hooks = []

2022-04-27 12:12:59,785 - mmaction - INFO - Set random seed to 42, deterministic: True
2022-04-27 12:12:59,855 - mmaction - INFO - 80 videos remain after valid thresholding
2022-04-27 12:13:06,244 - mmaction - INFO - 180 videos remain after valid thresholding
2022-04-27 12:13:06,246 - mmaction - INFO - load checkpoint from local path: ./model_pth/5part_ntu60_xsub_kp_0331/epoch_24.pth
2022-04-27 12:13:06,271 - mmaction - WARNING - The model and loaded state dict do not match exactly

size mismatch for cls_head.fc_cls.weight: copying a param with shape torch.Size([60, 512]) from checkpoint, the shape in current model is torch.Size([10, 512]).
size mismatch for cls_head.fc_cls.bias: copying a param with shape torch.Size([60]) from checkpoint, the shape in current model is torch.Size([10]).
2022-04-27 12:13:06,272 - mmaction - INFO - Start running, host: yl@83090-jin, work_dir: /home/yl/myposec3d/model_pth/exp5/fintune-with-pre-lrd1
2022-04-27 12:13:06,272 - mmaction - INFO - Hooks will be executed in the following order:
before_run:
(VERY_HIGH   ) CosineAnnealingLrUpdaterHook       
(NORMAL      ) CheckpointHook                     
(NORMAL      ) DistEvalHook                       
(VERY_LOW    ) TextLoggerHook                     
 -------------------- 
before_train_epoch:
(VERY_HIGH   ) CosineAnnealingLrUpdaterHook       
(NORMAL      ) DistSamplerSeedHook                
(NORMAL      ) DistEvalHook                       
(LOW         ) IterTimerHook                      
(VERY_LOW    ) TextLoggerHook                     
 -------------------- 
before_train_iter:
(VERY_HIGH   ) CosineAnnealingLrUpdaterHook       
(NORMAL      ) DistEvalHook                       
(LOW         ) IterTimerHook                      
 -------------------- 
after_train_iter:
(ABOVE_NORMAL) OptimizerHook                      
(NORMAL      ) CheckpointHook                     
(NORMAL      ) DistEvalHook                       
(LOW         ) IterTimerHook                      
(VERY_LOW    ) TextLoggerHook                     
 -------------------- 
after_train_epoch:
(NORMAL      ) CheckpointHook                     
(NORMAL      ) DistEvalHook                       
(VERY_LOW    ) TextLoggerHook                     
 -------------------- 
before_val_epoch:
(NORMAL      ) DistSamplerSeedHook                
(LOW         ) IterTimerHook                      
(VERY_LOW    ) TextLoggerHook                     
 -------------------- 
before_val_iter:
(LOW         ) IterTimerHook                      
 -------------------- 
after_val_iter:
(LOW         ) IterTimerHook                      
 -------------------- 
after_val_epoch:
(VERY_LOW    ) TextLoggerHook                     
 -------------------- 
after_run:
(VERY_LOW    ) TextLoggerHook                     
 -------------------- 
2022-04-27 12:13:06,272 - mmaction - INFO - workflow: [('train', 1)], max: 48 epochs
2022-04-27 12:13:06,272 - mmaction - INFO - Checkpoints will be saved to /home/yl/myposec3d/model_pth/exp5/fintune-with-pre-lrd1 by HardDiskBackend.
2022-04-27 12:13:39,260 - mmaction - INFO - Epoch [1][40/50]	lr: 9.993e-02, eta: 0:32:26, time: 0.825, data_time: 0.646, memory: 4754, top1_acc: 0.6797, top5_acc: 0.9367, loss_cls: 1.0524, loss: 1.0524, grad_norm: 4.3930
2022-04-27 12:14:10,074 - mmaction - INFO - Evaluating top_k_accuracy ...
2022-04-27 12:14:10,074 - mmaction - INFO - 
top1_acc	0.1000
top5_acc	0.5000
2022-04-27 12:14:10,074 - mmaction - INFO - Evaluating mean_class_accuracy ...
2022-04-27 12:14:10,075 - mmaction - INFO - 
mean_acc	0.1000
2022-04-27 12:14:10,115 - mmaction - INFO - Now best checkpoint is saved as best_top1_acc_epoch_1.pth.
2022-04-27 12:14:10,116 - mmaction - INFO - Best top1_acc is 0.1000 at 1 epoch.
2022-04-27 12:14:10,116 - mmaction - INFO - Epoch(val) [1][6]	top1_acc: 0.1000, top5_acc: 0.5000, mean_class_accuracy: 0.1000
2022-04-27 12:14:44,331 - mmaction - INFO - Epoch [2][40/50]	lr: 9.966e-02, eta: 0:28:44, time: 0.855, data_time: 0.657, memory: 4754, top1_acc: 0.8727, top5_acc: 1.0000, loss_cls: 0.3708, loss: 0.3708, grad_norm: 2.1543
2022-04-27 12:15:14,827 - mmaction - INFO - Evaluating top_k_accuracy ...
2022-04-27 12:15:14,827 - mmaction - INFO - 
top1_acc	0.4111
top5_acc	0.8278
2022-04-27 12:15:14,827 - mmaction - INFO - Evaluating mean_class_accuracy ...
2022-04-27 12:15:14,828 - mmaction - INFO - 
mean_acc	0.4111
2022-04-27 12:15:14,831 - mmaction - INFO - The previous best checkpoint /home/yl/myposec3d/model_pth/exp5/fintune-with-pre-lrd1/best_top1_acc_epoch_1.pth was removed
2022-04-27 12:15:14,876 - mmaction - INFO - Now best checkpoint is saved as best_top1_acc_epoch_2.pth.
2022-04-27 12:15:14,876 - mmaction - INFO - Best top1_acc is 0.4111 at 2 epoch.
2022-04-27 12:15:14,876 - mmaction - INFO - Epoch(val) [2][6]	top1_acc: 0.4111, top5_acc: 0.8278, mean_class_accuracy: 0.4111
2022-04-27 12:15:48,233 - mmaction - INFO - Epoch [3][40/50]	lr: 9.917e-02, eta: 0:27:03, time: 0.834, data_time: 0.653, memory: 4754, top1_acc: 0.9461, top5_acc: 0.9984, loss_cls: 0.1515, loss: 0.1515, grad_norm: 1.1068
2022-04-27 12:16:18,607 - mmaction - INFO - Evaluating top_k_accuracy ...
2022-04-27 12:16:18,608 - mmaction - INFO - 
top1_acc	0.8444
top5_acc	0.9500
2022-04-27 12:16:18,608 - mmaction - INFO - Evaluating mean_class_accuracy ...
2022-04-27 12:16:18,609 - mmaction - INFO - 
mean_acc	0.8444
2022-04-27 12:16:18,612 - mmaction - INFO - The previous best checkpoint /home/yl/myposec3d/model_pth/exp5/fintune-with-pre-lrd1/best_top1_acc_epoch_2.pth was removed
2022-04-27 12:16:18,672 - mmaction - INFO - Now best checkpoint is saved as best_top1_acc_epoch_3.pth.
2022-04-27 12:16:18,673 - mmaction - INFO - Best top1_acc is 0.8444 at 3 epoch.
2022-04-27 12:16:18,673 - mmaction - INFO - Epoch(val) [3][6]	top1_acc: 0.8444, top5_acc: 0.9500, mean_class_accuracy: 0.8444
2022-04-27 12:16:52,171 - mmaction - INFO - Epoch [4][40/50]	lr: 9.848e-02, eta: 0:25:59, time: 0.837, data_time: 0.678, memory: 4754, top1_acc: 0.9906, top5_acc: 1.0000, loss_cls: 0.0372, loss: 0.0372, grad_norm: 0.3984
2022-04-27 12:17:22,779 - mmaction - INFO - Evaluating top_k_accuracy ...
2022-04-27 12:17:22,780 - mmaction - INFO - 
top1_acc	0.8667
top5_acc	1.0000
2022-04-27 12:17:22,780 - mmaction - INFO - Evaluating mean_class_accuracy ...
2022-04-27 12:17:22,781 - mmaction - INFO - 
mean_acc	0.8667
2022-04-27 12:17:22,785 - mmaction - INFO - The previous best checkpoint /home/yl/myposec3d/model_pth/exp5/fintune-with-pre-lrd1/best_top1_acc_epoch_3.pth was removed
2022-04-27 12:17:22,833 - mmaction - INFO - Now best checkpoint is saved as best_top1_acc_epoch_4.pth.
2022-04-27 12:17:22,833 - mmaction - INFO - Best top1_acc is 0.8667 at 4 epoch.
2022-04-27 12:17:22,833 - mmaction - INFO - Epoch(val) [4][6]	top1_acc: 0.8667, top5_acc: 1.0000, mean_class_accuracy: 0.8667
2022-04-27 12:17:56,789 - mmaction - INFO - Epoch [5][40/50]	lr: 9.757e-02, eta: 0:25:12, time: 0.849, data_time: 0.689, memory: 4754, top1_acc: 0.9922, top5_acc: 1.0000, loss_cls: 0.0298, loss: 0.0298, grad_norm: 0.3334
2022-04-27 12:18:27,045 - mmaction - INFO - Evaluating top_k_accuracy ...
2022-04-27 12:18:27,045 - mmaction - INFO - 
top1_acc	0.8889
top5_acc	0.9944
2022-04-27 12:18:27,045 - mmaction - INFO - Evaluating mean_class_accuracy ...
2022-04-27 12:18:27,045 - mmaction - INFO - 
mean_acc	0.8889
2022-04-27 12:18:27,048 - mmaction - INFO - The previous best checkpoint /home/yl/myposec3d/model_pth/exp5/fintune-with-pre-lrd1/best_top1_acc_epoch_4.pth was removed
2022-04-27 12:18:27,096 - mmaction - INFO - Now best checkpoint is saved as best_top1_acc_epoch_5.pth.
2022-04-27 12:18:27,096 - mmaction - INFO - Best top1_acc is 0.8889 at 5 epoch.
2022-04-27 12:18:27,097 - mmaction - INFO - Epoch(val) [5][6]	top1_acc: 0.8889, top5_acc: 0.9944, mean_class_accuracy: 0.8889
2022-04-27 12:19:00,647 - mmaction - INFO - Epoch [6][40/50]	lr: 9.646e-02, eta: 0:24:26, time: 0.839, data_time: 0.657, memory: 4754, top1_acc: 0.9938, top5_acc: 1.0000, loss_cls: 0.0275, loss: 0.0275, grad_norm: 0.3140
2022-04-27 12:19:31,185 - mmaction - INFO - Evaluating top_k_accuracy ...
2022-04-27 12:19:31,185 - mmaction - INFO - 
top1_acc	0.8111
top5_acc	0.9944
2022-04-27 12:19:31,185 - mmaction - INFO - Evaluating mean_class_accuracy ...
2022-04-27 12:19:31,186 - mmaction - INFO - 
mean_acc	0.8111
2022-04-27 12:19:31,186 - mmaction - INFO - Epoch(val) [6][6]	top1_acc: 0.8111, top5_acc: 0.9944, mean_class_accuracy: 0.8111
2022-04-27 12:20:04,410 - mmaction - INFO - Epoch [7][40/50]	lr: 9.516e-02, eta: 0:23:42, time: 0.830, data_time: 0.655, memory: 4754, top1_acc: 0.9977, top5_acc: 1.0000, loss_cls: 0.0115, loss: 0.0115, grad_norm: 0.1731
2022-04-27 12:20:35,250 - mmaction - INFO - Evaluating top_k_accuracy ...
2022-04-27 12:20:35,250 - mmaction - INFO - 
top1_acc	0.9056
top5_acc	1.0000
2022-04-27 12:20:35,250 - mmaction - INFO - Evaluating mean_class_accuracy ...
2022-04-27 12:20:35,251 - mmaction - INFO - 
mean_acc	0.9056
2022-04-27 12:20:35,253 - mmaction - INFO - The previous best checkpoint /home/yl/myposec3d/model_pth/exp5/fintune-with-pre-lrd1/best_top1_acc_epoch_5.pth was removed
2022-04-27 12:20:35,299 - mmaction - INFO - Now best checkpoint is saved as best_top1_acc_epoch_7.pth.
2022-04-27 12:20:35,299 - mmaction - INFO - Best top1_acc is 0.9056 at 7 epoch.
2022-04-27 12:20:35,299 - mmaction - INFO - Epoch(val) [7][6]	top1_acc: 0.9056, top5_acc: 1.0000, mean_class_accuracy: 0.9056
2022-04-27 12:21:08,886 - mmaction - INFO - Epoch [8][40/50]	lr: 9.366e-02, eta: 0:23:03, time: 0.840, data_time: 0.654, memory: 4754, top1_acc: 0.9992, top5_acc: 1.0000, loss_cls: 0.0071, loss: 0.0071, grad_norm: 0.0999
2022-04-27 12:21:39,722 - mmaction - INFO - Evaluating top_k_accuracy ...
2022-04-27 12:21:39,723 - mmaction - INFO - 
top1_acc	0.9222
top5_acc	0.9889
2022-04-27 12:21:39,723 - mmaction - INFO - Evaluating mean_class_accuracy ...
2022-04-27 12:21:39,723 - mmaction - INFO - 
mean_acc	0.9222
2022-04-27 12:21:39,726 - mmaction - INFO - The previous best checkpoint /home/yl/myposec3d/model_pth/exp5/fintune-with-pre-lrd1/best_top1_acc_epoch_7.pth was removed
2022-04-27 12:21:39,774 - mmaction - INFO - Now best checkpoint is saved as best_top1_acc_epoch_8.pth.
2022-04-27 12:21:39,775 - mmaction - INFO - Best top1_acc is 0.9222 at 8 epoch.
2022-04-27 12:21:39,775 - mmaction - INFO - Epoch(val) [8][6]	top1_acc: 0.9222, top5_acc: 0.9889, mean_class_accuracy: 0.9222
2022-04-27 12:22:12,818 - mmaction - INFO - Epoch [9][40/50]	lr: 9.197e-02, eta: 0:22:22, time: 0.826, data_time: 0.641, memory: 4754, top1_acc: 0.9984, top5_acc: 1.0000, loss_cls: 0.0089, loss: 0.0089, grad_norm: 0.1419
2022-04-27 12:22:42,844 - mmaction - INFO - Evaluating top_k_accuracy ...
2022-04-27 12:22:42,845 - mmaction - INFO - 
top1_acc	0.9056
top5_acc	0.9944
2022-04-27 12:22:42,845 - mmaction - INFO - Evaluating mean_class_accuracy ...
2022-04-27 12:22:42,846 - mmaction - INFO - 
mean_acc	0.9056
2022-04-27 12:22:42,846 - mmaction - INFO - Epoch(val) [9][6]	top1_acc: 0.9056, top5_acc: 0.9944, mean_class_accuracy: 0.9056
2022-04-27 12:23:16,303 - mmaction - INFO - Epoch [10][40/50]	lr: 9.010e-02, eta: 0:21:45, time: 0.836, data_time: 0.675, memory: 4754, top1_acc: 0.9969, top5_acc: 1.0000, loss_cls: 0.0109, loss: 0.0109, grad_norm: 0.1648
2022-04-27 12:23:46,568 - mmaction - INFO - Evaluating top_k_accuracy ...
2022-04-27 12:23:46,569 - mmaction - INFO - 
top1_acc	0.9500
top5_acc	1.0000
2022-04-27 12:23:46,569 - mmaction - INFO - Evaluating mean_class_accuracy ...
2022-04-27 12:23:46,570 - mmaction - INFO - 
mean_acc	0.9500
2022-04-27 12:23:46,574 - mmaction - INFO - The previous best checkpoint /home/yl/myposec3d/model_pth/exp5/fintune-with-pre-lrd1/best_top1_acc_epoch_8.pth was removed
2022-04-27 12:23:46,624 - mmaction - INFO - Now best checkpoint is saved as best_top1_acc_epoch_10.pth.
2022-04-27 12:23:46,625 - mmaction - INFO - Best top1_acc is 0.9500 at 10 epoch.
2022-04-27 12:23:46,625 - mmaction - INFO - Epoch(val) [10][6]	top1_acc: 0.9500, top5_acc: 1.0000, mean_class_accuracy: 0.9500
2022-04-27 12:24:20,266 - mmaction - INFO - Epoch [11][40/50]	lr: 8.806e-02, eta: 0:21:09, time: 0.841, data_time: 0.658, memory: 4754, top1_acc: 1.0000, top5_acc: 1.0000, loss_cls: 0.0037, loss: 0.0037, grad_norm: 0.0598
2022-04-27 12:24:50,803 - mmaction - INFO - Evaluating top_k_accuracy ...
2022-04-27 12:24:50,803 - mmaction - INFO - 
top1_acc	0.9500
top5_acc	1.0000
2022-04-27 12:24:50,804 - mmaction - INFO - Evaluating mean_class_accuracy ...
2022-04-27 12:24:50,804 - mmaction - INFO - 
mean_acc	0.9500
2022-04-27 12:24:50,804 - mmaction - INFO - Epoch(val) [11][6]	top1_acc: 0.9500, top5_acc: 1.0000, mean_class_accuracy: 0.9500
2022-04-27 12:25:23,686 - mmaction - INFO - Epoch [12][40/50]	lr: 8.586e-02, eta: 0:20:31, time: 0.822, data_time: 0.662, memory: 4754, top1_acc: 1.0000, top5_acc: 1.0000, loss_cls: 0.0037, loss: 0.0037, grad_norm: 0.0582
2022-04-27 12:25:54,076 - mmaction - INFO - Evaluating top_k_accuracy ...
2022-04-27 12:25:54,077 - mmaction - INFO - 
top1_acc	0.9667
top5_acc	1.0000
2022-04-27 12:25:54,077 - mmaction - INFO - Evaluating mean_class_accuracy ...
2022-04-27 12:25:54,077 - mmaction - INFO - 
mean_acc	0.9667
2022-04-27 12:25:54,081 - mmaction - INFO - The previous best checkpoint /home/yl/myposec3d/model_pth/exp5/fintune-with-pre-lrd1/best_top1_acc_epoch_10.pth was removed
2022-04-27 12:25:54,125 - mmaction - INFO - Now best checkpoint is saved as best_top1_acc_epoch_12.pth.
2022-04-27 12:25:54,125 - mmaction - INFO - Best top1_acc is 0.9667 at 12 epoch.
2022-04-27 12:25:54,125 - mmaction - INFO - Epoch(val) [12][6]	top1_acc: 0.9667, top5_acc: 1.0000, mean_class_accuracy: 0.9667
2022-04-27 12:26:27,519 - mmaction - INFO - Epoch [13][40/50]	lr: 8.351e-02, eta: 0:19:55, time: 0.835, data_time: 0.650, memory: 4754, top1_acc: 0.9977, top5_acc: 1.0000, loss_cls: 0.0081, loss: 0.0081, grad_norm: 0.1083
2022-04-27 12:26:58,092 - mmaction - INFO - Evaluating top_k_accuracy ...
2022-04-27 12:26:58,093 - mmaction - INFO - 
top1_acc	0.9278
top5_acc	0.9944
2022-04-27 12:26:58,093 - mmaction - INFO - Evaluating mean_class_accuracy ...
2022-04-27 12:26:58,094 - mmaction - INFO - 
mean_acc	0.9278
2022-04-27 12:26:58,094 - mmaction - INFO - Epoch(val) [13][6]	top1_acc: 0.9278, top5_acc: 0.9944, mean_class_accuracy: 0.9278
2022-04-27 12:27:31,151 - mmaction - INFO - Epoch [14][40/50]	lr: 8.101e-02, eta: 0:19:19, time: 0.826, data_time: 0.644, memory: 4754, top1_acc: 1.0000, top5_acc: 1.0000, loss_cls: 0.0045, loss: 0.0045, grad_norm: 0.0750
2022-04-27 12:28:01,718 - mmaction - INFO - Evaluating top_k_accuracy ...
2022-04-27 12:28:01,718 - mmaction - INFO - 
top1_acc	0.9167
top5_acc	1.0000
2022-04-27 12:28:01,718 - mmaction - INFO - Evaluating mean_class_accuracy ...
2022-04-27 12:28:01,719 - mmaction - INFO - 
mean_acc	0.9167
2022-04-27 12:28:01,719 - mmaction - INFO - Epoch(val) [14][6]	top1_acc: 0.9167, top5_acc: 1.0000, mean_class_accuracy: 0.9167
2022-04-27 12:28:34,522 - mmaction - INFO - Epoch [15][40/50]	lr: 7.837e-02, eta: 0:18:42, time: 0.820, data_time: 0.642, memory: 4754, top1_acc: 0.9992, top5_acc: 1.0000, loss_cls: 0.0056, loss: 0.0056, grad_norm: 0.0993
2022-04-27 12:29:05,107 - mmaction - INFO - Evaluating top_k_accuracy ...
2022-04-27 12:29:05,108 - mmaction - INFO - 
top1_acc	0.9500
top5_acc	1.0000
2022-04-27 12:29:05,108 - mmaction - INFO - Evaluating mean_class_accuracy ...
2022-04-27 12:29:05,108 - mmaction - INFO - 
mean_acc	0.9500
2022-04-27 12:29:05,108 - mmaction - INFO - Epoch(val) [15][6]	top1_acc: 0.9500, top5_acc: 1.0000, mean_class_accuracy: 0.9500
2022-04-27 12:29:38,036 - mmaction - INFO - Epoch [16][40/50]	lr: 7.562e-02, eta: 0:18:07, time: 0.823, data_time: 0.646, memory: 4754, top1_acc: 0.9984, top5_acc: 1.0000, loss_cls: 0.0058, loss: 0.0058, grad_norm: 0.1012
2022-04-27 12:30:08,097 - mmaction - INFO - Evaluating top_k_accuracy ...
2022-04-27 12:30:08,097 - mmaction - INFO - 
top1_acc	0.9389
top5_acc	1.0000
2022-04-27 12:30:08,097 - mmaction - INFO - Evaluating mean_class_accuracy ...
2022-04-27 12:30:08,098 - mmaction - INFO - 
mean_acc	0.9389
2022-04-27 12:30:08,098 - mmaction - INFO - Epoch(val) [16][6]	top1_acc: 0.9389, top5_acc: 1.0000, mean_class_accuracy: 0.9389
2022-04-27 12:30:41,464 - mmaction - INFO - Epoch [17][40/50]	lr: 7.276e-02, eta: 0:17:32, time: 0.834, data_time: 0.644, memory: 4754, top1_acc: 0.9984, top5_acc: 1.0000, loss_cls: 0.0085, loss: 0.0085, grad_norm: 0.1448
2022-04-27 12:31:11,517 - mmaction - INFO - Evaluating top_k_accuracy ...
2022-04-27 12:31:11,517 - mmaction - INFO - 
top1_acc	0.9556
top5_acc	1.0000
2022-04-27 12:31:11,517 - mmaction - INFO - Evaluating mean_class_accuracy ...
2022-04-27 12:31:11,518 - mmaction - INFO - 
mean_acc	0.9556
2022-04-27 12:31:11,518 - mmaction - INFO - Epoch(val) [17][6]	top1_acc: 0.9556, top5_acc: 1.0000, mean_class_accuracy: 0.9556
2022-04-27 12:31:44,881 - mmaction - INFO - Epoch [18][40/50]	lr: 6.980e-02, eta: 0:16:58, time: 0.834, data_time: 0.646, memory: 4754, top1_acc: 0.9984, top5_acc: 1.0000, loss_cls: 0.0076, loss: 0.0076, grad_norm: 0.1284
2022-04-27 12:32:15,318 - mmaction - INFO - Evaluating top_k_accuracy ...
2022-04-27 12:32:15,319 - mmaction - INFO - 
top1_acc	0.9111
top5_acc	1.0000
2022-04-27 12:32:15,319 - mmaction - INFO - Evaluating mean_class_accuracy ...
2022-04-27 12:32:15,320 - mmaction - INFO - 
mean_acc	0.9111
2022-04-27 12:32:15,320 - mmaction - INFO - Epoch(val) [18][6]	top1_acc: 0.9111, top5_acc: 1.0000, mean_class_accuracy: 0.9111
2022-04-27 12:32:49,331 - mmaction - INFO - Epoch [19][40/50]	lr: 6.675e-02, eta: 0:16:25, time: 0.850, data_time: 0.685, memory: 4754, top1_acc: 1.0000, top5_acc: 1.0000, loss_cls: 0.0049, loss: 0.0049, grad_norm: 0.0850
2022-04-27 12:33:19,925 - mmaction - INFO - Evaluating top_k_accuracy ...
2022-04-27 12:33:19,925 - mmaction - INFO - 
top1_acc	0.9444
top5_acc	1.0000
2022-04-27 12:33:19,925 - mmaction - INFO - Evaluating mean_class_accuracy ...
2022-04-27 12:33:19,925 - mmaction - INFO - 
mean_acc	0.9444
2022-04-27 12:33:19,926 - mmaction - INFO - Epoch(val) [19][6]	top1_acc: 0.9444, top5_acc: 1.0000, mean_class_accuracy: 0.9444
2022-04-27 12:33:53,670 - mmaction - INFO - Epoch [20][40/50]	lr: 6.364e-02, eta: 0:15:51, time: 0.843, data_time: 0.676, memory: 4754, top1_acc: 0.9984, top5_acc: 1.0000, loss_cls: 0.0095, loss: 0.0095, grad_norm: 0.1608
2022-04-27 12:34:24,353 - mmaction - INFO - Evaluating top_k_accuracy ...
2022-04-27 12:34:24,354 - mmaction - INFO - 
top1_acc	0.9056
top5_acc	0.9944
2022-04-27 12:34:24,354 - mmaction - INFO - Evaluating mean_class_accuracy ...
2022-04-27 12:34:24,354 - mmaction - INFO - 
mean_acc	0.9056
2022-04-27 12:34:24,355 - mmaction - INFO - Epoch(val) [20][6]	top1_acc: 0.9056, top5_acc: 0.9944, mean_class_accuracy: 0.9056
2022-04-27 12:34:57,992 - mmaction - INFO - Epoch [21][40/50]	lr: 6.046e-02, eta: 0:15:17, time: 0.841, data_time: 0.677, memory: 4754, top1_acc: 0.9984, top5_acc: 1.0000, loss_cls: 0.0077, loss: 0.0077, grad_norm: 0.1355
2022-04-27 12:35:28,286 - mmaction - INFO - Evaluating top_k_accuracy ...
2022-04-27 12:35:28,286 - mmaction - INFO - 
top1_acc	0.9389
top5_acc	1.0000
2022-04-27 12:35:28,286 - mmaction - INFO - Evaluating mean_class_accuracy ...
2022-04-27 12:35:28,287 - mmaction - INFO - 
mean_acc	0.9389
2022-04-27 12:35:28,287 - mmaction - INFO - Epoch(val) [21][6]	top1_acc: 0.9389, top5_acc: 1.0000, mean_class_accuracy: 0.9389
2022-04-27 12:36:01,749 - mmaction - INFO - Epoch [22][40/50]	lr: 5.724e-02, eta: 0:14:43, time: 0.836, data_time: 0.676, memory: 4754, top1_acc: 1.0000, top5_acc: 1.0000, loss_cls: 0.0044, loss: 0.0044, grad_norm: 0.0714
2022-04-27 12:36:32,449 - mmaction - INFO - Evaluating top_k_accuracy ...
2022-04-27 12:36:32,449 - mmaction - INFO - 
top1_acc	0.9611
top5_acc	1.0000
2022-04-27 12:36:32,449 - mmaction - INFO - Evaluating mean_class_accuracy ...
2022-04-27 12:36:32,450 - mmaction - INFO - 
mean_acc	0.9611
2022-04-27 12:36:32,450 - mmaction - INFO - Epoch(val) [22][6]	top1_acc: 0.9611, top5_acc: 1.0000, mean_class_accuracy: 0.9611
2022-04-27 12:37:05,353 - mmaction - INFO - Epoch [23][40/50]	lr: 5.399e-02, eta: 0:14:08, time: 0.822, data_time: 0.647, memory: 4754, top1_acc: 1.0000, top5_acc: 1.0000, loss_cls: 0.0034, loss: 0.0034, grad_norm: 0.0622
2022-04-27 12:37:35,940 - mmaction - INFO - Evaluating top_k_accuracy ...
2022-04-27 12:37:35,942 - mmaction - INFO - 
top1_acc	0.9611
top5_acc	1.0000
2022-04-27 12:37:35,942 - mmaction - INFO - Evaluating mean_class_accuracy ...
2022-04-27 12:37:35,942 - mmaction - INFO - 
mean_acc	0.9611
2022-04-27 12:37:35,942 - mmaction - INFO - Epoch(val) [23][6]	top1_acc: 0.9611, top5_acc: 1.0000, mean_class_accuracy: 0.9611
2022-04-27 12:38:09,485 - mmaction - INFO - Epoch [24][40/50]	lr: 5.072e-02, eta: 0:13:34, time: 0.838, data_time: 0.646, memory: 4754, top1_acc: 1.0000, top5_acc: 1.0000, loss_cls: 0.0035, loss: 0.0035, grad_norm: 0.0571
2022-04-27 12:38:39,642 - mmaction - INFO - Evaluating top_k_accuracy ...
2022-04-27 12:38:39,643 - mmaction - INFO - 
top1_acc	0.9667
top5_acc	1.0000
2022-04-27 12:38:39,643 - mmaction - INFO - Evaluating mean_class_accuracy ...
2022-04-27 12:38:39,643 - mmaction - INFO - 
mean_acc	0.9667
2022-04-27 12:38:39,644 - mmaction - INFO - Epoch(val) [24][6]	top1_acc: 0.9667, top5_acc: 1.0000, mean_class_accuracy: 0.9667
2022-04-27 12:39:12,867 - mmaction - INFO - Epoch [25][40/50]	lr: 4.745e-02, eta: 0:13:00, time: 0.830, data_time: 0.671, memory: 4754, top1_acc: 1.0000, top5_acc: 1.0000, loss_cls: 0.0033, loss: 0.0033, grad_norm: 0.0463
2022-04-27 12:39:43,883 - mmaction - INFO - Evaluating top_k_accuracy ...
2022-04-27 12:39:43,884 - mmaction - INFO - 
top1_acc	0.9667
top5_acc	1.0000
2022-04-27 12:39:43,884 - mmaction - INFO - Evaluating mean_class_accuracy ...
2022-04-27 12:39:43,884 - mmaction - INFO - 
mean_acc	0.9667
2022-04-27 12:39:43,884 - mmaction - INFO - Epoch(val) [25][6]	top1_acc: 0.9667, top5_acc: 1.0000, mean_class_accuracy: 0.9667
2022-04-27 12:40:17,252 - mmaction - INFO - Epoch [26][40/50]	lr: 4.419e-02, eta: 0:12:26, time: 0.834, data_time: 0.633, memory: 4754, top1_acc: 1.0000, top5_acc: 1.0000, loss_cls: 0.0018, loss: 0.0018, grad_norm: 0.0243
2022-04-27 12:40:47,803 - mmaction - INFO - Evaluating top_k_accuracy ...
2022-04-27 12:40:47,804 - mmaction - INFO - 
top1_acc	0.9667
top5_acc	1.0000
2022-04-27 12:40:47,804 - mmaction - INFO - Evaluating mean_class_accuracy ...
2022-04-27 12:40:47,804 - mmaction - INFO - 
mean_acc	0.9667
2022-04-27 12:40:47,805 - mmaction - INFO - Epoch(val) [26][6]	top1_acc: 0.9667, top5_acc: 1.0000, mean_class_accuracy: 0.9667
2022-04-27 12:41:20,988 - mmaction - INFO - Epoch [27][40/50]	lr: 4.095e-02, eta: 0:11:52, time: 0.829, data_time: 0.638, memory: 4754, top1_acc: 1.0000, top5_acc: 1.0000, loss_cls: 0.0025, loss: 0.0025, grad_norm: 0.0395
2022-04-27 12:41:51,563 - mmaction - INFO - Evaluating top_k_accuracy ...
2022-04-27 12:41:51,564 - mmaction - INFO - 
top1_acc	0.9611
top5_acc	1.0000
2022-04-27 12:41:51,564 - mmaction - INFO - Evaluating mean_class_accuracy ...
2022-04-27 12:41:51,564 - mmaction - INFO - 
mean_acc	0.9611
2022-04-27 12:41:51,564 - mmaction - INFO - Epoch(val) [27][6]	top1_acc: 0.9611, top5_acc: 1.0000, mean_class_accuracy: 0.9611
2022-04-27 12:42:25,054 - mmaction - INFO - Epoch [28][40/50]	lr: 3.776e-02, eta: 0:11:19, time: 0.837, data_time: 0.661, memory: 4754, top1_acc: 1.0000, top5_acc: 1.0000, loss_cls: 0.0028, loss: 0.0028, grad_norm: 0.0441
2022-04-27 12:42:55,733 - mmaction - INFO - Evaluating top_k_accuracy ...
2022-04-27 12:42:55,733 - mmaction - INFO - 
top1_acc	0.9722
top5_acc	1.0000
2022-04-27 12:42:55,733 - mmaction - INFO - Evaluating mean_class_accuracy ...
2022-04-27 12:42:55,734 - mmaction - INFO - 
mean_acc	0.9722
2022-04-27 12:42:55,736 - mmaction - INFO - The previous best checkpoint /home/yl/myposec3d/model_pth/exp5/fintune-with-pre-lrd1/best_top1_acc_epoch_12.pth was removed
2022-04-27 12:42:55,783 - mmaction - INFO - Now best checkpoint is saved as best_top1_acc_epoch_28.pth.
2022-04-27 12:42:55,784 - mmaction - INFO - Best top1_acc is 0.9722 at 28 epoch.
2022-04-27 12:42:55,784 - mmaction - INFO - Epoch(val) [28][6]	top1_acc: 0.9722, top5_acc: 1.0000, mean_class_accuracy: 0.9722
2022-04-27 12:43:28,964 - mmaction - INFO - Epoch [29][40/50]	lr: 3.461e-02, eta: 0:10:45, time: 0.829, data_time: 0.649, memory: 4754, top1_acc: 0.9992, top5_acc: 1.0000, loss_cls: 0.0044, loss: 0.0044, grad_norm: 0.0733
2022-04-27 12:43:59,464 - mmaction - INFO - Evaluating top_k_accuracy ...
2022-04-27 12:43:59,464 - mmaction - INFO - 
top1_acc	0.9444
top5_acc	1.0000
2022-04-27 12:43:59,465 - mmaction - INFO - Evaluating mean_class_accuracy ...
2022-04-27 12:43:59,465 - mmaction - INFO - 
mean_acc	0.9444
2022-04-27 12:43:59,465 - mmaction - INFO - Epoch(val) [29][6]	top1_acc: 0.9444, top5_acc: 1.0000, mean_class_accuracy: 0.9444
2022-04-27 12:44:32,722 - mmaction - INFO - Epoch [30][40/50]	lr: 3.153e-02, eta: 0:10:11, time: 0.831, data_time: 0.638, memory: 4754, top1_acc: 1.0000, top5_acc: 1.0000, loss_cls: 0.0036, loss: 0.0036, grad_norm: 0.0489
2022-04-27 12:45:03,012 - mmaction - INFO - Evaluating top_k_accuracy ...
2022-04-27 12:45:03,012 - mmaction - INFO - 
top1_acc	0.9611
top5_acc	1.0000
2022-04-27 12:45:03,012 - mmaction - INFO - Evaluating mean_class_accuracy ...
2022-04-27 12:45:03,013 - mmaction - INFO - 
mean_acc	0.9611
2022-04-27 12:45:03,013 - mmaction - INFO - Epoch(val) [30][6]	top1_acc: 0.9611, top5_acc: 1.0000, mean_class_accuracy: 0.9611
2022-04-27 12:45:36,754 - mmaction - INFO - Epoch [31][40/50]	lr: 2.853e-02, eta: 0:09:37, time: 0.843, data_time: 0.634, memory: 4754, top1_acc: 1.0000, top5_acc: 1.0000, loss_cls: 0.0027, loss: 0.0027, grad_norm: 0.0366
2022-04-27 12:46:06,815 - mmaction - INFO - Evaluating top_k_accuracy ...
2022-04-27 12:46:06,815 - mmaction - INFO - 
top1_acc	0.9667
top5_acc	1.0000
2022-04-27 12:46:06,815 - mmaction - INFO - Evaluating mean_class_accuracy ...
2022-04-27 12:46:06,816 - mmaction - INFO - 
mean_acc	0.9667
2022-04-27 12:46:06,816 - mmaction - INFO - Epoch(val) [31][6]	top1_acc: 0.9667, top5_acc: 1.0000, mean_class_accuracy: 0.9667
2022-04-27 12:46:40,689 - mmaction - INFO - Epoch [32][40/50]	lr: 2.563e-02, eta: 0:09:04, time: 0.847, data_time: 0.649, memory: 4754, top1_acc: 0.9992, top5_acc: 1.0000, loss_cls: 0.0054, loss: 0.0054, grad_norm: 0.0864
2022-04-27 12:47:10,778 - mmaction - INFO - Evaluating top_k_accuracy ...
2022-04-27 12:47:10,779 - mmaction - INFO - 
top1_acc	0.9556
top5_acc	0.9889
2022-04-27 12:47:10,779 - mmaction - INFO - Evaluating mean_class_accuracy ...
2022-04-27 12:47:10,780 - mmaction - INFO - 
mean_acc	0.9556
2022-04-27 12:47:10,780 - mmaction - INFO - Epoch(val) [32][6]	top1_acc: 0.9556, top5_acc: 0.9889, mean_class_accuracy: 0.9556
2022-04-27 12:47:43,623 - mmaction - INFO - Epoch [33][40/50]	lr: 2.282e-02, eta: 0:08:30, time: 0.821, data_time: 0.636, memory: 4754, top1_acc: 1.0000, top5_acc: 1.0000, loss_cls: 0.0035, loss: 0.0035, grad_norm: 0.0602
2022-04-27 12:48:13,818 - mmaction - INFO - Evaluating top_k_accuracy ...
2022-04-27 12:48:13,819 - mmaction - INFO - 
top1_acc	0.9667
top5_acc	1.0000
2022-04-27 12:48:13,819 - mmaction - INFO - Evaluating mean_class_accuracy ...
2022-04-27 12:48:13,819 - mmaction - INFO - 
mean_acc	0.9667
2022-04-27 12:48:13,820 - mmaction - INFO - Epoch(val) [33][6]	top1_acc: 0.9667, top5_acc: 1.0000, mean_class_accuracy: 0.9667
2022-04-27 12:48:46,923 - mmaction - INFO - Epoch [34][40/50]	lr: 2.014e-02, eta: 0:07:56, time: 0.827, data_time: 0.656, memory: 4754, top1_acc: 0.9992, top5_acc: 1.0000, loss_cls: 0.0036, loss: 0.0036, grad_norm: 0.0557
2022-04-27 12:49:17,109 - mmaction - INFO - Evaluating top_k_accuracy ...
2022-04-27 12:49:17,110 - mmaction - INFO - 
top1_acc	0.9611
top5_acc	1.0000
2022-04-27 12:49:17,110 - mmaction - INFO - Evaluating mean_class_accuracy ...
2022-04-27 12:49:17,110 - mmaction - INFO - 
mean_acc	0.9611
2022-04-27 12:49:17,110 - mmaction - INFO - Epoch(val) [34][6]	top1_acc: 0.9611, top5_acc: 1.0000, mean_class_accuracy: 0.9611
2022-04-27 12:49:51,024 - mmaction - INFO - Epoch [35][40/50]	lr: 1.758e-02, eta: 0:07:23, time: 0.848, data_time: 0.669, memory: 4754, top1_acc: 1.0000, top5_acc: 1.0000, loss_cls: 0.0028, loss: 0.0028, grad_norm: 0.0404
2022-04-27 12:50:21,862 - mmaction - INFO - Evaluating top_k_accuracy ...
2022-04-27 12:50:21,863 - mmaction - INFO - 
top1_acc	0.9667
top5_acc	1.0000
2022-04-27 12:50:21,863 - mmaction - INFO - Evaluating mean_class_accuracy ...
2022-04-27 12:50:21,864 - mmaction - INFO - 
mean_acc	0.9667
2022-04-27 12:50:21,865 - mmaction - INFO - Epoch(val) [35][6]	top1_acc: 0.9667, top5_acc: 1.0000, mean_class_accuracy: 0.9667
2022-04-27 12:50:55,503 - mmaction - INFO - Epoch [36][40/50]	lr: 1.516e-02, eta: 0:06:49, time: 0.841, data_time: 0.659, memory: 4754, top1_acc: 1.0000, top5_acc: 1.0000, loss_cls: 0.0024, loss: 0.0024, grad_norm: 0.0342
2022-04-27 12:51:26,105 - mmaction - INFO - Evaluating top_k_accuracy ...
2022-04-27 12:51:26,106 - mmaction - INFO - 
top1_acc	0.9444
top5_acc	1.0000
2022-04-27 12:51:26,106 - mmaction - INFO - Evaluating mean_class_accuracy ...
2022-04-27 12:51:26,106 - mmaction - INFO - 
mean_acc	0.9444
2022-04-27 12:51:26,106 - mmaction - INFO - Epoch(val) [36][6]	top1_acc: 0.9444, top5_acc: 1.0000, mean_class_accuracy: 0.9444
2022-04-27 12:51:59,330 - mmaction - INFO - Epoch [37][40/50]	lr: 1.289e-02, eta: 0:06:16, time: 0.830, data_time: 0.672, memory: 4754, top1_acc: 1.0000, top5_acc: 1.0000, loss_cls: 0.0020, loss: 0.0020, grad_norm: 0.0267
2022-04-27 12:52:29,723 - mmaction - INFO - Evaluating top_k_accuracy ...
2022-04-27 12:52:29,724 - mmaction - INFO - 
top1_acc	0.9611
top5_acc	1.0000
2022-04-27 12:52:29,724 - mmaction - INFO - Evaluating mean_class_accuracy ...
2022-04-27 12:52:29,724 - mmaction - INFO - 
mean_acc	0.9611
2022-04-27 12:52:29,724 - mmaction - INFO - Epoch(val) [37][6]	top1_acc: 0.9611, top5_acc: 1.0000, mean_class_accuracy: 0.9611
2022-04-27 12:53:03,208 - mmaction - INFO - Epoch [38][40/50]	lr: 1.077e-02, eta: 0:05:42, time: 0.837, data_time: 0.648, memory: 4754, top1_acc: 0.9992, top5_acc: 1.0000, loss_cls: 0.0023, loss: 0.0023, grad_norm: 0.0300
2022-04-27 12:53:33,427 - mmaction - INFO - Evaluating top_k_accuracy ...
2022-04-27 12:53:33,427 - mmaction - INFO - 
top1_acc	0.9611
top5_acc	1.0000
2022-04-27 12:53:33,427 - mmaction - INFO - Evaluating mean_class_accuracy ...
2022-04-27 12:53:33,428 - mmaction - INFO - 
mean_acc	0.9611
2022-04-27 12:53:33,428 - mmaction - INFO - Epoch(val) [38][6]	top1_acc: 0.9611, top5_acc: 1.0000, mean_class_accuracy: 0.9611
2022-04-27 12:54:06,810 - mmaction - INFO - Epoch [39][40/50]	lr: 8.831e-03, eta: 0:05:08, time: 0.835, data_time: 0.645, memory: 4754, top1_acc: 1.0000, top5_acc: 1.0000, loss_cls: 0.0020, loss: 0.0020, grad_norm: 0.0277
2022-04-27 12:54:37,295 - mmaction - INFO - Evaluating top_k_accuracy ...
2022-04-27 12:54:37,296 - mmaction - INFO - 
top1_acc	0.9667
top5_acc	1.0000
2022-04-27 12:54:37,296 - mmaction - INFO - Evaluating mean_class_accuracy ...
2022-04-27 12:54:37,297 - mmaction - INFO - 
mean_acc	0.9667
2022-04-27 12:54:37,297 - mmaction - INFO - Epoch(val) [39][6]	top1_acc: 0.9667, top5_acc: 1.0000, mean_class_accuracy: 0.9667
2022-04-27 12:55:10,314 - mmaction - INFO - Epoch [40][40/50]	lr: 7.063e-03, eta: 0:04:35, time: 0.825, data_time: 0.657, memory: 4754, top1_acc: 0.9992, top5_acc: 1.0000, loss_cls: 0.0045, loss: 0.0045, grad_norm: 0.0713
2022-04-27 12:55:40,837 - mmaction - INFO - Evaluating top_k_accuracy ...
2022-04-27 12:55:40,837 - mmaction - INFO - 
top1_acc	0.9611
top5_acc	1.0000
2022-04-27 12:55:40,837 - mmaction - INFO - Evaluating mean_class_accuracy ...
2022-04-27 12:55:40,837 - mmaction - INFO - 
mean_acc	0.9611
2022-04-27 12:55:40,838 - mmaction - INFO - Epoch(val) [40][6]	top1_acc: 0.9611, top5_acc: 1.0000, mean_class_accuracy: 0.9611
2022-04-27 12:56:13,816 - mmaction - INFO - Epoch [41][40/50]	lr: 5.479e-03, eta: 0:04:01, time: 0.824, data_time: 0.649, memory: 4754, top1_acc: 1.0000, top5_acc: 1.0000, loss_cls: 0.0030, loss: 0.0030, grad_norm: 0.0417
2022-04-27 12:56:44,648 - mmaction - INFO - Evaluating top_k_accuracy ...
2022-04-27 12:56:44,648 - mmaction - INFO - 
top1_acc	0.9667
top5_acc	1.0000
2022-04-27 12:56:44,648 - mmaction - INFO - Evaluating mean_class_accuracy ...
2022-04-27 12:56:44,649 - mmaction - INFO - 
mean_acc	0.9667
2022-04-27 12:56:44,649 - mmaction - INFO - Epoch(val) [41][6]	top1_acc: 0.9667, top5_acc: 1.0000, mean_class_accuracy: 0.9667
2022-04-27 12:57:18,240 - mmaction - INFO - Epoch [42][40/50]	lr: 4.086e-03, eta: 0:03:27, time: 0.840, data_time: 0.652, memory: 4754, top1_acc: 1.0000, top5_acc: 1.0000, loss_cls: 0.0018, loss: 0.0018, grad_norm: 0.0239
2022-04-27 12:57:48,383 - mmaction - INFO - Evaluating top_k_accuracy ...
2022-04-27 12:57:48,384 - mmaction - INFO - 
top1_acc	0.9611
top5_acc	1.0000
2022-04-27 12:57:48,384 - mmaction - INFO - Evaluating mean_class_accuracy ...
2022-04-27 12:57:48,384 - mmaction - INFO - 
mean_acc	0.9611
2022-04-27 12:57:48,384 - mmaction - INFO - Epoch(val) [42][6]	top1_acc: 0.9611, top5_acc: 1.0000, mean_class_accuracy: 0.9611
2022-04-27 12:58:21,450 - mmaction - INFO - Epoch [43][40/50]	lr: 2.890e-03, eta: 0:02:54, time: 0.827, data_time: 0.630, memory: 4754, top1_acc: 1.0000, top5_acc: 1.0000, loss_cls: 0.0021, loss: 0.0021, grad_norm: 0.0292
2022-04-27 12:58:52,239 - mmaction - INFO - Evaluating top_k_accuracy ...
2022-04-27 12:58:52,240 - mmaction - INFO - 
top1_acc	0.9611
top5_acc	1.0000
2022-04-27 12:58:52,240 - mmaction - INFO - Evaluating mean_class_accuracy ...
2022-04-27 12:58:52,240 - mmaction - INFO - 
mean_acc	0.9611
2022-04-27 12:58:52,240 - mmaction - INFO - Epoch(val) [43][6]	top1_acc: 0.9611, top5_acc: 1.0000, mean_class_accuracy: 0.9611
2022-04-27 12:59:25,560 - mmaction - INFO - Epoch [44][40/50]	lr: 1.895e-03, eta: 0:02:20, time: 0.833, data_time: 0.650, memory: 4754, top1_acc: 1.0000, top5_acc: 1.0000, loss_cls: 0.0032, loss: 0.0032, grad_norm: 0.0525
2022-04-27 12:59:56,100 - mmaction - INFO - Evaluating top_k_accuracy ...
2022-04-27 12:59:56,101 - mmaction - INFO - 
top1_acc	0.9611
top5_acc	1.0000
2022-04-27 12:59:56,101 - mmaction - INFO - Evaluating mean_class_accuracy ...
2022-04-27 12:59:56,101 - mmaction - INFO - 
mean_acc	0.9611
2022-04-27 12:59:56,101 - mmaction - INFO - Epoch(val) [44][6]	top1_acc: 0.9611, top5_acc: 1.0000, mean_class_accuracy: 0.9611
2022-04-27 13:00:29,167 - mmaction - INFO - Epoch [45][40/50]	lr: 1.106e-03, eta: 0:01:47, time: 0.826, data_time: 0.652, memory: 4754, top1_acc: 0.9992, top5_acc: 1.0000, loss_cls: 0.0030, loss: 0.0030, grad_norm: 0.0463
2022-04-27 13:00:59,840 - mmaction - INFO - Evaluating top_k_accuracy ...
2022-04-27 13:00:59,841 - mmaction - INFO - 
top1_acc	0.9667
top5_acc	1.0000
2022-04-27 13:00:59,841 - mmaction - INFO - Evaluating mean_class_accuracy ...
2022-04-27 13:00:59,841 - mmaction - INFO - 
mean_acc	0.9667
2022-04-27 13:00:59,841 - mmaction - INFO - Epoch(val) [45][6]	top1_acc: 0.9667, top5_acc: 1.0000, mean_class_accuracy: 0.9667
2022-04-27 13:01:33,410 - mmaction - INFO - Epoch [46][40/50]	lr: 5.269e-04, eta: 0:01:13, time: 0.839, data_time: 0.648, memory: 4754, top1_acc: 1.0000, top5_acc: 1.0000, loss_cls: 0.0024, loss: 0.0024, grad_norm: 0.0398
2022-04-27 13:02:03,744 - mmaction - INFO - Evaluating top_k_accuracy ...
2022-04-27 13:02:03,744 - mmaction - INFO - 
top1_acc	0.9722
top5_acc	1.0000
2022-04-27 13:02:03,744 - mmaction - INFO - Evaluating mean_class_accuracy ...
2022-04-27 13:02:03,745 - mmaction - INFO - 
mean_acc	0.9722
2022-04-27 13:02:03,745 - mmaction - INFO - Epoch(val) [46][6]	top1_acc: 0.9722, top5_acc: 1.0000, mean_class_accuracy: 0.9722
2022-04-27 13:02:37,050 - mmaction - INFO - Epoch [47][40/50]	lr: 1.593e-04, eta: 0:00:40, time: 0.833, data_time: 0.643, memory: 4754, top1_acc: 1.0000, top5_acc: 1.0000, loss_cls: 0.0018, loss: 0.0018, grad_norm: 0.0264
2022-04-27 13:03:07,512 - mmaction - INFO - Evaluating top_k_accuracy ...
2022-04-27 13:03:07,513 - mmaction - INFO - 
top1_acc	0.9667
top5_acc	1.0000
2022-04-27 13:03:07,513 - mmaction - INFO - Evaluating mean_class_accuracy ...
2022-04-27 13:03:07,514 - mmaction - INFO - 
mean_acc	0.9667
2022-04-27 13:03:07,514 - mmaction - INFO - Epoch(val) [47][6]	top1_acc: 0.9667, top5_acc: 1.0000, mean_class_accuracy: 0.9667
2022-04-27 13:03:40,494 - mmaction - INFO - Epoch [48][40/50]	lr: 5.183e-06, eta: 0:00:06, time: 0.824, data_time: 0.657, memory: 4754, top1_acc: 0.9992, top5_acc: 1.0000, loss_cls: 0.0044, loss: 0.0044, grad_norm: 0.0549
2022-04-27 13:03:43,071 - mmaction - INFO - Saving checkpoint at 48 epochs
2022-04-27 13:04:11,397 - mmaction - INFO - Evaluating top_k_accuracy ...
2022-04-27 13:04:11,397 - mmaction - INFO - 
top1_acc	0.9556
top5_acc	1.0000
2022-04-27 13:04:11,397 - mmaction - INFO - Evaluating mean_class_accuracy ...
2022-04-27 13:04:11,398 - mmaction - INFO - 
mean_acc	0.9556
2022-04-27 13:04:11,398 - mmaction - INFO - Epoch(val) [48][6]	top1_acc: 0.9556, top5_acc: 1.0000, mean_class_accuracy: 0.9556
