2022-04-23 14:26:05,361 - mmaction - INFO - Environment info:
------------------------------------------------------------
sys.platform: linux
Python: 3.8.12 | packaged by conda-forge | (default, Oct 12 2021, 21:57:06) [GCC 9.4.0]
CUDA available: True
GPU 0,1,2,3: NVIDIA GeForce RTX 3090
CUDA_HOME: /usr/local/cuda
NVCC: Build cuda_11.1.TC455_06.29190527_0
GCC: gcc (Ubuntu 9.4.0-1ubuntu1~20.04.1) 9.4.0
PyTorch: 1.9.1+cu111
PyTorch compiling details: PyTorch built with:
  - GCC 7.3
  - C++ Version: 201402
  - Intel(R) Math Kernel Library Version 2020.0.0 Product Build 20191122 for Intel(R) 64 architecture applications
  - Intel(R) MKL-DNN v2.1.2 (Git Hash 98be7e8afa711dc9b66c8ff3504129cb82013cdb)
  - OpenMP 201511 (a.k.a. OpenMP 4.5)
  - NNPACK is enabled
  - CPU capability usage: AVX2
  - CUDA Runtime 11.1
  - NVCC architecture flags: -gencode;arch=compute_37,code=sm_37;-gencode;arch=compute_50,code=sm_50;-gencode;arch=compute_60,code=sm_60;-gencode;arch=compute_70,code=sm_70;-gencode;arch=compute_75,code=sm_75;-gencode;arch=compute_80,code=sm_80;-gencode;arch=compute_86,code=sm_86
  - CuDNN 8.0.5
  - Magma 2.5.2
  - Build settings: BLAS_INFO=mkl, BUILD_TYPE=Release, CUDA_VERSION=11.1, CUDNN_VERSION=8.0.5, CXX_COMPILER=/opt/rh/devtoolset-7/root/usr/bin/c++, CXX_FLAGS= -Wno-deprecated -fvisibility-inlines-hidden -DUSE_PTHREADPOOL -fopenmp -DNDEBUG -DUSE_KINETO -DUSE_FBGEMM -DUSE_QNNPACK -DUSE_PYTORCH_QNNPACK -DUSE_XNNPACK -DSYMBOLICATE_MOBILE_DEBUG_HANDLE -O2 -fPIC -Wno-narrowing -Wall -Wextra -Werror=return-type -Wno-missing-field-initializers -Wno-type-limits -Wno-array-bounds -Wno-unknown-pragmas -Wno-sign-compare -Wno-unused-parameter -Wno-unused-variable -Wno-unused-function -Wno-unused-result -Wno-unused-local-typedefs -Wno-strict-overflow -Wno-strict-aliasing -Wno-error=deprecated-declarations -Wno-stringop-overflow -Wno-psabi -Wno-error=pedantic -Wno-error=redundant-decls -Wno-error=old-style-cast -fdiagnostics-color=always -faligned-new -Wno-unused-but-set-variable -Wno-maybe-uninitialized -fno-math-errno -fno-trapping-math -Werror=format -Wno-stringop-overflow, LAPACK_INFO=mkl, PERF_WITH_AVX=1, PERF_WITH_AVX2=1, PERF_WITH_AVX512=1, TORCH_VERSION=1.9.1, USE_CUDA=ON, USE_CUDNN=ON, USE_EXCEPTION_PTR=1, USE_GFLAGS=OFF, USE_GLOG=OFF, USE_MKL=ON, USE_MKLDNN=ON, USE_MPI=OFF, USE_NCCL=ON, USE_NNPACK=ON, USE_OPENMP=ON, 

TorchVision: 0.10.1+cu111
OpenCV: 4.5.5
MMCV: 1.4.2
MMCV Compiler: GCC 7.3
MMCV CUDA Compiler: 11.1
MMAction2: 0.20.0+26392eb
------------------------------------------------------------

2022-04-23 14:26:05,362 - mmaction - INFO - Distributed training: True
2022-04-23 14:26:06,976 - mmaction - INFO - Config: model = dict(
    type='Recognizer3D',
    backbone=dict(
        type='ResNet3dSlowOnly',
        depth=50,
        pretrained=None,
        in_channels=5,
        base_channels=32,
        num_stages=3,
        out_indices=(2, ),
        stage_blocks=(4, 6, 3),
        conv1_stride_s=1,
        pool1_stride_s=1,
        inflate=(0, 1, 1),
        spatial_strides=(2, 2, 2),
        temporal_strides=(1, 1, 2),
        dilations=(1, 1, 1),
        frozen_stages=3),
    cls_head=dict(
        type='I3DHead',
        in_channels=512,
        num_classes=10,
        spatial_type='avg',
        dropout_ratio=0.5),
    train_cfg=dict(),
    test_cfg=dict(average_clips='prob'))
dataset_type = 'PoseDataset'
ann_file_train = 'data/ds_taichi/TEST7AUG4/NSNR/train_data.pkl'
ann_file_val = 'data/ds_taichi/TEST7AUG4/NSNR/test_data.pkl'
left = [
    5, 6, 7, 8, 44, 45, 46, 47, 48, 49, 50, 51, 52, 53, 54, 55, 56, 57, 58, 59,
    60, 61, 62, 63, 64, 65, 66, 67, 68, 69, 70, 71
]
right = [
    1, 2, 3, 4, 16, 17, 18, 19, 20, 21, 22, 23, 24, 25, 26, 27, 28, 29, 30, 31,
    32, 33, 34, 35, 36, 37, 38, 39, 40, 41, 42, 43
]
train_pipeline = [
    dict(type='UniformSampleFrames', clip_len=48),
    dict(type='PoseDecode'),
    dict(type='PoseCompact', hw_ratio=1.0, allow_imgpad=True),
    dict(type='Resize', scale=(-1, 64)),
    dict(type='RandomResizedCrop', area_range=(0.56, 1.0)),
    dict(type='Resize', scale=(56, 56), keep_ratio=False),
    dict(
        type='Flip',
        flip_ratio=0.5,
        left_kp=[
            5, 6, 7, 8, 44, 45, 46, 47, 48, 49, 50, 51, 52, 53, 54, 55, 56, 57,
            58, 59, 60, 61, 62, 63, 64, 65, 66, 67, 68, 69, 70, 71
        ],
        right_kp=[
            1, 2, 3, 4, 16, 17, 18, 19, 20, 21, 22, 23, 24, 25, 26, 27, 28, 29,
            30, 31, 32, 33, 34, 35, 36, 37, 38, 39, 40, 41, 42, 43
        ]),
    dict(
        type='GenerateTaiChiPoseTarget',
        sigma=0.6,
        use_score=True,
        with_kp=True,
        with_limb=False),
    dict(type='FormatShape', input_format='NCTHW'),
    dict(type='Collect', keys=['imgs', 'label'], meta_keys=[]),
    dict(type='ToTensor', keys=['imgs', 'label'])
]
val_pipeline = [
    dict(type='UniformSampleFrames', clip_len=48, num_clips=1, test_mode=True),
    dict(type='PoseDecode'),
    dict(type='PoseCompact', hw_ratio=1.0, allow_imgpad=True),
    dict(type='Resize', scale=(-1, 64)),
    dict(type='CenterCrop', crop_size=64),
    dict(
        type='GenerateTaiChiPoseTarget',
        sigma=0.6,
        use_score=True,
        with_kp=True,
        with_limb=False),
    dict(type='FormatShape', input_format='NCTHW'),
    dict(type='Collect', keys=['imgs', 'label'], meta_keys=[]),
    dict(type='ToTensor', keys=['imgs'])
]
test_pipeline = [
    dict(
        type='UniformSampleFrames', clip_len=48, num_clips=10, test_mode=True),
    dict(type='PoseDecode'),
    dict(type='PoseCompact', hw_ratio=1.0, allow_imgpad=True),
    dict(type='Resize', scale=(-1, 64)),
    dict(type='CenterCrop', crop_size=64),
    dict(
        type='GenerateTaiChiPoseTarget',
        sigma=0.6,
        use_score=True,
        with_kp=True,
        with_limb=False,
        double=True,
        left_kp=[
            5, 6, 7, 8, 44, 45, 46, 47, 48, 49, 50, 51, 52, 53, 54, 55, 56, 57,
            58, 59, 60, 61, 62, 63, 64, 65, 66, 67, 68, 69, 70, 71
        ],
        right_kp=[
            1, 2, 3, 4, 16, 17, 18, 19, 20, 21, 22, 23, 24, 25, 26, 27, 28, 29,
            30, 31, 32, 33, 34, 35, 36, 37, 38, 39, 40, 41, 42, 43
        ]),
    dict(type='FormatShape', input_format='NCTHW'),
    dict(type='Collect', keys=['imgs', 'label'], meta_keys=[]),
    dict(type='ToTensor', keys=['imgs'])
]
data = dict(
    videos_per_gpu=8,
    workers_per_gpu=4,
    test_dataloader=dict(videos_per_gpu=4),
    train=dict(
        type='RepeatDataset',
        times=15,
        dataset=dict(
            type='PoseDataset',
            ann_file='data/ds_taichi/TEST7AUG4/NSNR/train_data.pkl',
            data_prefix='',
            pipeline=[
                dict(type='UniformSampleFrames', clip_len=48),
                dict(type='PoseDecode'),
                dict(type='PoseCompact', hw_ratio=1.0, allow_imgpad=True),
                dict(type='Resize', scale=(-1, 64)),
                dict(type='RandomResizedCrop', area_range=(0.56, 1.0)),
                dict(type='Resize', scale=(56, 56), keep_ratio=False),
                dict(
                    type='Flip',
                    flip_ratio=0.5,
                    left_kp=[
                        5, 6, 7, 8, 44, 45, 46, 47, 48, 49, 50, 51, 52, 53, 54,
                        55, 56, 57, 58, 59, 60, 61, 62, 63, 64, 65, 66, 67, 68,
                        69, 70, 71
                    ],
                    right_kp=[
                        1, 2, 3, 4, 16, 17, 18, 19, 20, 21, 22, 23, 24, 25, 26,
                        27, 28, 29, 30, 31, 32, 33, 34, 35, 36, 37, 38, 39, 40,
                        41, 42, 43
                    ]),
                dict(
                    type='GenerateTaiChiPoseTarget',
                    sigma=0.6,
                    use_score=True,
                    with_kp=True,
                    with_limb=False),
                dict(type='FormatShape', input_format='NCTHW'),
                dict(type='Collect', keys=['imgs', 'label'], meta_keys=[]),
                dict(type='ToTensor', keys=['imgs', 'label'])
            ])),
    val=dict(
        type='PoseDataset',
        ann_file='data/ds_taichi/TEST7AUG4/NSNR/test_data.pkl',
        data_prefix='',
        pipeline=[
            dict(
                type='UniformSampleFrames',
                clip_len=48,
                num_clips=1,
                test_mode=True),
            dict(type='PoseDecode'),
            dict(type='PoseCompact', hw_ratio=1.0, allow_imgpad=True),
            dict(type='Resize', scale=(-1, 64)),
            dict(type='CenterCrop', crop_size=64),
            dict(
                type='GenerateTaiChiPoseTarget',
                sigma=0.6,
                use_score=True,
                with_kp=True,
                with_limb=False),
            dict(type='FormatShape', input_format='NCTHW'),
            dict(type='Collect', keys=['imgs', 'label'], meta_keys=[]),
            dict(type='ToTensor', keys=['imgs'])
        ]),
    test=dict(
        type='PoseDataset',
        ann_file='data/ds_taichi/TEST7AUG4/NSNR/test_data.pkl',
        data_prefix='',
        pipeline=[
            dict(
                type='UniformSampleFrames',
                clip_len=48,
                num_clips=10,
                test_mode=True),
            dict(type='PoseDecode'),
            dict(type='PoseCompact', hw_ratio=1.0, allow_imgpad=True),
            dict(type='Resize', scale=(-1, 64)),
            dict(type='CenterCrop', crop_size=64),
            dict(
                type='GenerateTaiChiPoseTarget',
                sigma=0.6,
                use_score=True,
                with_kp=True,
                with_limb=False,
                double=True,
                left_kp=[
                    5, 6, 7, 8, 44, 45, 46, 47, 48, 49, 50, 51, 52, 53, 54, 55,
                    56, 57, 58, 59, 60, 61, 62, 63, 64, 65, 66, 67, 68, 69, 70,
                    71
                ],
                right_kp=[
                    1, 2, 3, 4, 16, 17, 18, 19, 20, 21, 22, 23, 24, 25, 26, 27,
                    28, 29, 30, 31, 32, 33, 34, 35, 36, 37, 38, 39, 40, 41, 42,
                    43
                ]),
            dict(type='FormatShape', input_format='NCTHW'),
            dict(type='Collect', keys=['imgs', 'label'], meta_keys=[]),
            dict(type='ToTensor', keys=['imgs'])
        ]))
optimizer = dict(type='SGD', lr=30, momentum=0.9, weight_decay=0.0003)
optimizer_config = dict(grad_clip=dict(max_norm=40, norm_type=2))
lr_config = dict(policy='CosineAnnealing', by_epoch=False, min_lr=0)
total_epochs = 24
checkpoint_config = dict(interval=1)
workflow = [('train', 1)]
evaluation = dict(
    interval=1, metrics=['top_k_accuracy', 'mean_class_accuracy'], topk=(1, 5))
log_config = dict(interval=40, hooks=[dict(type='TextLoggerHook')])
output_config = dict(
    out='./model_pth/exp0/NSNR-linear5-lr30/test_result/results.pkl')
eval_config = dict(
    metric_out='./model_pth/exp0/NSNR-linear5-lr30/test_result',
    eval=[
        'top_k_accuracy', 'mean_class_accuracy', 'confusion_matrix',
        't_sne_vis'
    ])
dist_params = dict(backend='nccl')
log_level = 'INFO'
work_dir = './model_pth/exp0/NSNR-linear5-lr30'
load_from = './model_pth/5part_ntu60_xsub_kp_0331/epoch_24.pth'
resume_from = None
find_unused_parameters = True
gpu_ids = range(0, 4)
omnisource = False
module_hooks = []

2022-04-23 14:26:06,976 - mmaction - INFO - Set random seed to 42, deterministic: True
2022-04-23 14:26:07,084 - mmaction - INFO - 240 videos remain after valid thresholding
2022-04-23 14:26:12,751 - mmaction - INFO - 140 videos remain after valid thresholding
2022-04-23 14:26:12,753 - mmaction - INFO - load checkpoint from local path: ./model_pth/5part_ntu60_xsub_kp_0331/epoch_24.pth
2022-04-23 14:26:12,775 - mmaction - WARNING - The model and loaded state dict do not match exactly

size mismatch for cls_head.fc_cls.weight: copying a param with shape torch.Size([60, 512]) from checkpoint, the shape in current model is torch.Size([10, 512]).
size mismatch for cls_head.fc_cls.bias: copying a param with shape torch.Size([60]) from checkpoint, the shape in current model is torch.Size([10]).
2022-04-23 14:26:12,776 - mmaction - INFO - Start running, host: yl@83090-jin, work_dir: /home/yl/myposec3d/model_pth/exp0/NSNR-linear5-lr30
2022-04-23 14:26:12,776 - mmaction - INFO - Hooks will be executed in the following order:
before_run:
(VERY_HIGH   ) CosineAnnealingLrUpdaterHook       
(NORMAL      ) CheckpointHook                     
(NORMAL      ) DistEvalHook                       
(VERY_LOW    ) TextLoggerHook                     
 -------------------- 
before_train_epoch:
(VERY_HIGH   ) CosineAnnealingLrUpdaterHook       
(NORMAL      ) DistSamplerSeedHook                
(NORMAL      ) DistEvalHook                       
(LOW         ) IterTimerHook                      
(VERY_LOW    ) TextLoggerHook                     
 -------------------- 
before_train_iter:
(VERY_HIGH   ) CosineAnnealingLrUpdaterHook       
(NORMAL      ) DistEvalHook                       
(LOW         ) IterTimerHook                      
 -------------------- 
after_train_iter:
(ABOVE_NORMAL) OptimizerHook                      
(NORMAL      ) CheckpointHook                     
(NORMAL      ) DistEvalHook                       
(LOW         ) IterTimerHook                      
(VERY_LOW    ) TextLoggerHook                     
 -------------------- 
after_train_epoch:
(NORMAL      ) CheckpointHook                     
(NORMAL      ) DistEvalHook                       
(VERY_LOW    ) TextLoggerHook                     
 -------------------- 
before_val_epoch:
(NORMAL      ) DistSamplerSeedHook                
(LOW         ) IterTimerHook                      
(VERY_LOW    ) TextLoggerHook                     
 -------------------- 
before_val_iter:
(LOW         ) IterTimerHook                      
 -------------------- 
after_val_iter:
(LOW         ) IterTimerHook                      
 -------------------- 
after_val_epoch:
(VERY_LOW    ) TextLoggerHook                     
 -------------------- 
after_run:
(VERY_LOW    ) TextLoggerHook                     
 -------------------- 
2022-04-23 14:26:12,776 - mmaction - INFO - workflow: [('train', 1)], max: 24 epochs
2022-04-23 14:26:12,776 - mmaction - INFO - Checkpoints will be saved to /home/yl/myposec3d/model_pth/exp0/NSNR-linear5-lr30 by HardDiskBackend.
2022-04-23 14:26:43,461 - mmaction - INFO - Epoch [1][40/113]	lr: 2.998e+01, eta: 0:34:09, time: 0.767, data_time: 0.720, memory: 665, top1_acc: 0.2047, top5_acc: 0.6258, loss_cls: 1567.6532, loss: 1567.6532, grad_norm: 6.4663
2022-04-23 14:26:49,759 - mmaction - INFO - Epoch [1][80/113]	lr: 2.994e+01, eta: 0:20:16, time: 0.157, data_time: 0.109, memory: 665, top1_acc: 0.2297, top5_acc: 0.6430, loss_cls: 1158.2454, loss: 1158.2454, grad_norm: 6.0483
2022-04-23 14:26:55,460 - mmaction - INFO - Saving checkpoint at 1 epochs
2022-04-23 14:27:21,106 - mmaction - INFO - Evaluating top_k_accuracy ...
2022-04-23 14:27:21,106 - mmaction - INFO - 
top1_acc	0.2643
top5_acc	0.6500
2022-04-23 14:27:21,106 - mmaction - INFO - Evaluating mean_class_accuracy ...
2022-04-23 14:27:21,107 - mmaction - INFO - 
mean_acc	0.2643
2022-04-23 14:27:21,133 - mmaction - INFO - Now best checkpoint is saved as best_top1_acc_epoch_1.pth.
2022-04-23 14:27:21,133 - mmaction - INFO - Best top1_acc is 0.2643 at 1 epoch.
2022-04-23 14:27:21,133 - mmaction - INFO - Epoch(val) [1][5]	top1_acc: 0.2643, top5_acc: 0.6500, mean_class_accuracy: 0.2643
2022-04-23 14:27:51,540 - mmaction - INFO - Epoch [2][40/113]	lr: 2.977e+01, eta: 0:18:46, time: 0.760, data_time: 0.713, memory: 861, top1_acc: 0.2641, top5_acc: 0.7219, loss_cls: 765.3408, loss: 765.3408, grad_norm: 5.1277
2022-04-23 14:27:57,962 - mmaction - INFO - Epoch [2][80/113]	lr: 2.963e+01, eta: 0:16:03, time: 0.161, data_time: 0.114, memory: 861, top1_acc: 0.2531, top5_acc: 0.6539, loss_cls: 908.2236, loss: 908.2236, grad_norm: 5.4143
2022-04-23 14:28:03,609 - mmaction - INFO - Saving checkpoint at 2 epochs
2022-04-23 14:28:29,215 - mmaction - INFO - Evaluating top_k_accuracy ...
2022-04-23 14:28:29,215 - mmaction - INFO - 
top1_acc	0.1500
top5_acc	0.5286
2022-04-23 14:28:29,215 - mmaction - INFO - Evaluating mean_class_accuracy ...
2022-04-23 14:28:29,216 - mmaction - INFO - 
mean_acc	0.1500
2022-04-23 14:28:29,216 - mmaction - INFO - Epoch(val) [2][5]	top1_acc: 0.1500, top5_acc: 0.5286, mean_class_accuracy: 0.1500
2022-04-23 14:28:59,959 - mmaction - INFO - Epoch [3][40/113]	lr: 2.930e+01, eta: 0:16:01, time: 0.768, data_time: 0.717, memory: 861, top1_acc: 0.2773, top5_acc: 0.7016, loss_cls: 725.6998, loss: 725.6998, grad_norm: 5.0188
2022-04-23 14:29:06,396 - mmaction - INFO - Epoch [3][80/113]	lr: 2.907e+01, eta: 0:14:32, time: 0.161, data_time: 0.071, memory: 861, top1_acc: 0.2695, top5_acc: 0.7063, loss_cls: 666.5880, loss: 666.5880, grad_norm: 5.0604
2022-04-23 14:29:12,092 - mmaction - INFO - Saving checkpoint at 3 epochs
2022-04-23 14:29:38,298 - mmaction - INFO - Evaluating top_k_accuracy ...
2022-04-23 14:29:38,299 - mmaction - INFO - 
top1_acc	0.2000
top5_acc	0.6357
2022-04-23 14:29:38,299 - mmaction - INFO - Evaluating mean_class_accuracy ...
2022-04-23 14:29:38,300 - mmaction - INFO - 
mean_acc	0.2000
2022-04-23 14:29:38,300 - mmaction - INFO - Epoch(val) [3][5]	top1_acc: 0.2000, top5_acc: 0.6357, mean_class_accuracy: 0.2000
2022-04-23 14:30:08,980 - mmaction - INFO - Epoch [4][40/113]	lr: 2.858e+01, eta: 0:14:31, time: 0.767, data_time: 0.708, memory: 861, top1_acc: 0.2234, top5_acc: 0.6727, loss_cls: 1102.8165, loss: 1102.8165, grad_norm: 5.9149
2022-04-23 14:30:15,451 - mmaction - INFO - Epoch [4][80/113]	lr: 2.828e+01, eta: 0:13:30, time: 0.162, data_time: 0.043, memory: 861, top1_acc: 0.2578, top5_acc: 0.6695, loss_cls: 1035.8226, loss: 1035.8226, grad_norm: 5.7015
2022-04-23 14:30:21,095 - mmaction - INFO - Saving checkpoint at 4 epochs
2022-04-23 14:30:47,040 - mmaction - INFO - Evaluating top_k_accuracy ...
2022-04-23 14:30:47,040 - mmaction - INFO - 
top1_acc	0.1071
top5_acc	0.5143
2022-04-23 14:30:47,040 - mmaction - INFO - Evaluating mean_class_accuracy ...
2022-04-23 14:30:47,041 - mmaction - INFO - 
mean_acc	0.1071
2022-04-23 14:30:47,041 - mmaction - INFO - Epoch(val) [4][5]	top1_acc: 0.1071, top5_acc: 0.5143, mean_class_accuracy: 0.1071
2022-04-23 14:31:17,796 - mmaction - INFO - Epoch [5][40/113]	lr: 2.764e+01, eta: 0:13:27, time: 0.769, data_time: 0.651, memory: 861, top1_acc: 0.2328, top5_acc: 0.6703, loss_cls: 930.0996, loss: 930.0996, grad_norm: 5.4272
2022-04-23 14:31:24,228 - mmaction - INFO - Epoch [5][80/113]	lr: 2.725e+01, eta: 0:12:39, time: 0.161, data_time: 0.047, memory: 861, top1_acc: 0.2609, top5_acc: 0.6641, loss_cls: 926.3045, loss: 926.3045, grad_norm: 5.6035
2022-04-23 14:31:29,771 - mmaction - INFO - Saving checkpoint at 5 epochs
2022-04-23 14:31:55,752 - mmaction - INFO - Evaluating top_k_accuracy ...
2022-04-23 14:31:55,753 - mmaction - INFO - 
top1_acc	0.2357
top5_acc	0.7571
2022-04-23 14:31:55,753 - mmaction - INFO - Evaluating mean_class_accuracy ...
2022-04-23 14:31:55,753 - mmaction - INFO - 
mean_acc	0.2357
2022-04-23 14:31:55,753 - mmaction - INFO - Epoch(val) [5][5]	top1_acc: 0.2357, top5_acc: 0.7571, mean_class_accuracy: 0.2357
2022-04-23 14:32:26,468 - mmaction - INFO - Epoch [6][40/113]	lr: 2.648e+01, eta: 0:12:32, time: 0.768, data_time: 0.689, memory: 861, top1_acc: 0.2586, top5_acc: 0.6977, loss_cls: 693.4435, loss: 693.4435, grad_norm: 5.2654
2022-04-23 14:32:32,906 - mmaction - INFO - Epoch [6][80/113]	lr: 2.602e+01, eta: 0:11:52, time: 0.161, data_time: 0.043, memory: 861, top1_acc: 0.2727, top5_acc: 0.7109, loss_cls: 664.3842, loss: 664.3842, grad_norm: 5.1505
2022-04-23 14:32:38,590 - mmaction - INFO - Saving checkpoint at 6 epochs
2022-04-23 14:33:04,514 - mmaction - INFO - Evaluating top_k_accuracy ...
2022-04-23 14:33:04,514 - mmaction - INFO - 
top1_acc	0.3357
top5_acc	0.7500
2022-04-23 14:33:04,514 - mmaction - INFO - Evaluating mean_class_accuracy ...
2022-04-23 14:33:04,515 - mmaction - INFO - 
mean_acc	0.3357
2022-04-23 14:33:04,516 - mmaction - INFO - The previous best checkpoint /home/yl/myposec3d/model_pth/exp0/NSNR-linear5-lr30/best_top1_acc_epoch_1.pth was removed
2022-04-23 14:33:04,541 - mmaction - INFO - Now best checkpoint is saved as best_top1_acc_epoch_6.pth.
2022-04-23 14:33:04,541 - mmaction - INFO - Best top1_acc is 0.3357 at 6 epoch.
2022-04-23 14:33:04,541 - mmaction - INFO - Epoch(val) [6][5]	top1_acc: 0.3357, top5_acc: 0.7500, mean_class_accuracy: 0.3357
2022-04-23 14:33:35,378 - mmaction - INFO - Epoch [7][40/113]	lr: 2.512e+01, eta: 0:11:43, time: 0.771, data_time: 0.640, memory: 861, top1_acc: 0.2508, top5_acc: 0.6898, loss_cls: 785.1702, loss: 785.1702, grad_norm: 5.3099
2022-04-23 14:33:41,728 - mmaction - INFO - Epoch [7][80/113]	lr: 2.459e+01, eta: 0:11:09, time: 0.159, data_time: 0.025, memory: 861, top1_acc: 0.2648, top5_acc: 0.7219, loss_cls: 633.8319, loss: 633.8319, grad_norm: 5.3738
2022-04-23 14:33:47,289 - mmaction - INFO - Saving checkpoint at 7 epochs
2022-04-23 14:34:13,251 - mmaction - INFO - Evaluating top_k_accuracy ...
2022-04-23 14:34:13,252 - mmaction - INFO - 
top1_acc	0.3429
top5_acc	0.7500
2022-04-23 14:34:13,252 - mmaction - INFO - Evaluating mean_class_accuracy ...
2022-04-23 14:34:13,252 - mmaction - INFO - 
mean_acc	0.3429
2022-04-23 14:34:13,253 - mmaction - INFO - The previous best checkpoint /home/yl/myposec3d/model_pth/exp0/NSNR-linear5-lr30/best_top1_acc_epoch_6.pth was removed
2022-04-23 14:34:13,278 - mmaction - INFO - Now best checkpoint is saved as best_top1_acc_epoch_7.pth.
2022-04-23 14:34:13,279 - mmaction - INFO - Best top1_acc is 0.3429 at 7 epoch.
2022-04-23 14:34:13,279 - mmaction - INFO - Epoch(val) [7][5]	top1_acc: 0.3429, top5_acc: 0.7500, mean_class_accuracy: 0.3429
2022-04-23 14:34:44,100 - mmaction - INFO - Epoch [8][40/113]	lr: 2.358e+01, eta: 0:10:57, time: 0.770, data_time: 0.673, memory: 861, top1_acc: 0.2914, top5_acc: 0.7258, loss_cls: 742.3298, loss: 742.3298, grad_norm: 5.2926
2022-04-23 14:34:50,452 - mmaction - INFO - Epoch [8][80/113]	lr: 2.301e+01, eta: 0:10:27, time: 0.159, data_time: 0.018, memory: 861, top1_acc: 0.2969, top5_acc: 0.6820, loss_cls: 628.5546, loss: 628.5546, grad_norm: 5.0205
2022-04-23 14:34:55,970 - mmaction - INFO - Saving checkpoint at 8 epochs
2022-04-23 14:35:21,939 - mmaction - INFO - Evaluating top_k_accuracy ...
2022-04-23 14:35:21,940 - mmaction - INFO - 
top1_acc	0.2643
top5_acc	0.5929
2022-04-23 14:35:21,940 - mmaction - INFO - Evaluating mean_class_accuracy ...
2022-04-23 14:35:21,940 - mmaction - INFO - 
mean_acc	0.2643
2022-04-23 14:35:21,940 - mmaction - INFO - Epoch(val) [8][5]	top1_acc: 0.2643, top5_acc: 0.5929, mean_class_accuracy: 0.2643
2022-04-23 14:35:52,754 - mmaction - INFO - Epoch [9][40/113]	lr: 2.191e+01, eta: 0:10:13, time: 0.770, data_time: 0.698, memory: 861, top1_acc: 0.2750, top5_acc: 0.7172, loss_cls: 647.2632, loss: 647.2632, grad_norm: 5.1556
2022-04-23 14:35:59,053 - mmaction - INFO - Epoch [9][80/113]	lr: 2.128e+01, eta: 0:09:46, time: 0.157, data_time: 0.046, memory: 861, top1_acc: 0.2828, top5_acc: 0.7492, loss_cls: 466.2279, loss: 466.2279, grad_norm: 4.8583
2022-04-23 14:36:04,545 - mmaction - INFO - Saving checkpoint at 9 epochs
2022-04-23 14:36:30,684 - mmaction - INFO - Evaluating top_k_accuracy ...
2022-04-23 14:36:30,685 - mmaction - INFO - 
top1_acc	0.1429
top5_acc	0.5071
2022-04-23 14:36:30,685 - mmaction - INFO - Evaluating mean_class_accuracy ...
2022-04-23 14:36:30,685 - mmaction - INFO - 
mean_acc	0.1429
2022-04-23 14:36:30,686 - mmaction - INFO - Epoch(val) [9][5]	top1_acc: 0.1429, top5_acc: 0.5071, mean_class_accuracy: 0.1429
2022-04-23 14:37:01,531 - mmaction - INFO - Epoch [10][40/113]	lr: 2.011e+01, eta: 0:09:31, time: 0.771, data_time: 0.648, memory: 861, top1_acc: 0.2742, top5_acc: 0.7336, loss_cls: 518.9227, loss: 518.9227, grad_norm: 5.1667
2022-04-23 14:37:07,939 - mmaction - INFO - Epoch [10][80/113]	lr: 1.945e+01, eta: 0:09:06, time: 0.160, data_time: 0.004, memory: 861, top1_acc: 0.2648, top5_acc: 0.7023, loss_cls: 567.2206, loss: 567.2206, grad_norm: 5.2932
2022-04-23 14:37:13,592 - mmaction - INFO - Saving checkpoint at 10 epochs
2022-04-23 14:37:39,631 - mmaction - INFO - Evaluating top_k_accuracy ...
2022-04-23 14:37:39,631 - mmaction - INFO - 
top1_acc	0.3571
top5_acc	0.6500
2022-04-23 14:37:39,631 - mmaction - INFO - Evaluating mean_class_accuracy ...
2022-04-23 14:37:39,632 - mmaction - INFO - 
mean_acc	0.3571
2022-04-23 14:37:39,633 - mmaction - INFO - The previous best checkpoint /home/yl/myposec3d/model_pth/exp0/NSNR-linear5-lr30/best_top1_acc_epoch_7.pth was removed
2022-04-23 14:37:39,657 - mmaction - INFO - Now best checkpoint is saved as best_top1_acc_epoch_10.pth.
2022-04-23 14:37:39,658 - mmaction - INFO - Best top1_acc is 0.3571 at 10 epoch.
2022-04-23 14:37:39,658 - mmaction - INFO - Epoch(val) [10][5]	top1_acc: 0.3571, top5_acc: 0.6500, mean_class_accuracy: 0.3571
2022-04-23 14:38:10,557 - mmaction - INFO - Epoch [11][40/113]	lr: 1.822e+01, eta: 0:08:49, time: 0.772, data_time: 0.621, memory: 861, top1_acc: 0.2938, top5_acc: 0.7164, loss_cls: 497.0840, loss: 497.0840, grad_norm: 5.0355
2022-04-23 14:38:17,036 - mmaction - INFO - Epoch [11][80/113]	lr: 1.754e+01, eta: 0:08:27, time: 0.162, data_time: 0.000, memory: 861, top1_acc: 0.3109, top5_acc: 0.7219, loss_cls: 532.1988, loss: 532.1988, grad_norm: 4.9452
2022-04-23 14:38:22,664 - mmaction - INFO - Saving checkpoint at 11 epochs
2022-04-23 14:38:48,482 - mmaction - INFO - Evaluating top_k_accuracy ...
2022-04-23 14:38:48,482 - mmaction - INFO - 
top1_acc	0.1643
top5_acc	0.5929
2022-04-23 14:38:48,482 - mmaction - INFO - Evaluating mean_class_accuracy ...
2022-04-23 14:38:48,483 - mmaction - INFO - 
mean_acc	0.1643
2022-04-23 14:38:48,483 - mmaction - INFO - Epoch(val) [11][5]	top1_acc: 0.1643, top5_acc: 0.5929, mean_class_accuracy: 0.1643
2022-04-23 14:39:19,209 - mmaction - INFO - Epoch [12][40/113]	lr: 1.628e+01, eta: 0:08:09, time: 0.768, data_time: 0.716, memory: 861, top1_acc: 0.3133, top5_acc: 0.7414, loss_cls: 413.7768, loss: 413.7768, grad_norm: 4.8827
2022-04-23 14:39:25,639 - mmaction - INFO - Epoch [12][80/113]	lr: 1.559e+01, eta: 0:07:47, time: 0.161, data_time: 0.096, memory: 861, top1_acc: 0.3180, top5_acc: 0.7477, loss_cls: 406.9788, loss: 406.9788, grad_norm: 4.6516
2022-04-23 14:39:31,307 - mmaction - INFO - Saving checkpoint at 12 epochs
2022-04-23 14:39:57,276 - mmaction - INFO - Evaluating top_k_accuracy ...
2022-04-23 14:39:57,277 - mmaction - INFO - 
top1_acc	0.3286
top5_acc	0.6000
2022-04-23 14:39:57,277 - mmaction - INFO - Evaluating mean_class_accuracy ...
2022-04-23 14:39:57,277 - mmaction - INFO - 
mean_acc	0.3286
2022-04-23 14:39:57,277 - mmaction - INFO - Epoch(val) [12][5]	top1_acc: 0.3286, top5_acc: 0.6000, mean_class_accuracy: 0.3286
2022-04-23 14:40:28,139 - mmaction - INFO - Epoch [13][40/113]	lr: 1.432e+01, eta: 0:07:29, time: 0.771, data_time: 0.672, memory: 861, top1_acc: 0.3109, top5_acc: 0.7484, loss_cls: 368.9311, loss: 368.9311, grad_norm: 4.6918
2022-04-23 14:40:34,535 - mmaction - INFO - Epoch [13][80/113]	lr: 1.363e+01, eta: 0:07:09, time: 0.160, data_time: 0.076, memory: 861, top1_acc: 0.3078, top5_acc: 0.7508, loss_cls: 383.8598, loss: 383.8598, grad_norm: 4.8064
2022-04-23 14:40:40,154 - mmaction - INFO - Saving checkpoint at 13 epochs
2022-04-23 14:41:06,206 - mmaction - INFO - Evaluating top_k_accuracy ...
2022-04-23 14:41:06,207 - mmaction - INFO - 
top1_acc	0.4214
top5_acc	0.7000
2022-04-23 14:41:06,207 - mmaction - INFO - Evaluating mean_class_accuracy ...
2022-04-23 14:41:06,207 - mmaction - INFO - 
mean_acc	0.4214
2022-04-23 14:41:06,209 - mmaction - INFO - The previous best checkpoint /home/yl/myposec3d/model_pth/exp0/NSNR-linear5-lr30/best_top1_acc_epoch_10.pth was removed
2022-04-23 14:41:06,261 - mmaction - INFO - Now best checkpoint is saved as best_top1_acc_epoch_13.pth.
2022-04-23 14:41:06,261 - mmaction - INFO - Best top1_acc is 0.4214 at 13 epoch.
2022-04-23 14:41:06,261 - mmaction - INFO - Epoch(val) [13][5]	top1_acc: 0.4214, top5_acc: 0.7000, mean_class_accuracy: 0.4214
2022-04-23 14:41:36,824 - mmaction - INFO - Epoch [14][40/113]	lr: 1.237e+01, eta: 0:06:49, time: 0.764, data_time: 0.654, memory: 861, top1_acc: 0.3250, top5_acc: 0.7844, loss_cls: 281.9724, loss: 281.9724, grad_norm: 4.7251
2022-04-23 14:41:43,127 - mmaction - INFO - Epoch [14][80/113]	lr: 1.169e+01, eta: 0:06:30, time: 0.158, data_time: 0.046, memory: 861, top1_acc: 0.3164, top5_acc: 0.7828, loss_cls: 319.3136, loss: 319.3136, grad_norm: 4.8142
2022-04-23 14:41:48,784 - mmaction - INFO - Saving checkpoint at 14 epochs
2022-04-23 14:42:14,770 - mmaction - INFO - Evaluating top_k_accuracy ...
2022-04-23 14:42:14,771 - mmaction - INFO - 
top1_acc	0.4571
top5_acc	0.8429
2022-04-23 14:42:14,771 - mmaction - INFO - Evaluating mean_class_accuracy ...
2022-04-23 14:42:14,772 - mmaction - INFO - 
mean_acc	0.4571
2022-04-23 14:42:14,773 - mmaction - INFO - The previous best checkpoint /home/yl/myposec3d/model_pth/exp0/NSNR-linear5-lr30/best_top1_acc_epoch_13.pth was removed
2022-04-23 14:42:14,799 - mmaction - INFO - Now best checkpoint is saved as best_top1_acc_epoch_14.pth.
2022-04-23 14:42:14,799 - mmaction - INFO - Best top1_acc is 0.4571 at 14 epoch.
2022-04-23 14:42:14,800 - mmaction - INFO - Epoch(val) [14][5]	top1_acc: 0.4571, top5_acc: 0.8429, mean_class_accuracy: 0.4571
2022-04-23 14:42:45,624 - mmaction - INFO - Epoch [15][40/113]	lr: 1.047e+01, eta: 0:06:10, time: 0.771, data_time: 0.678, memory: 861, top1_acc: 0.3766, top5_acc: 0.7875, loss_cls: 207.2655, loss: 207.2655, grad_norm: 4.2532
2022-04-23 14:42:51,934 - mmaction - INFO - Epoch [15][80/113]	lr: 9.810e+00, eta: 0:05:51, time: 0.158, data_time: 0.077, memory: 861, top1_acc: 0.3953, top5_acc: 0.8273, loss_cls: 184.7533, loss: 184.7533, grad_norm: 3.9048
2022-04-23 14:42:57,570 - mmaction - INFO - Saving checkpoint at 15 epochs
2022-04-23 14:43:23,622 - mmaction - INFO - Evaluating top_k_accuracy ...
2022-04-23 14:43:23,622 - mmaction - INFO - 
top1_acc	0.4071
top5_acc	0.7786
2022-04-23 14:43:23,622 - mmaction - INFO - Evaluating mean_class_accuracy ...
2022-04-23 14:43:23,622 - mmaction - INFO - 
mean_acc	0.4071
2022-04-23 14:43:23,623 - mmaction - INFO - Epoch(val) [15][5]	top1_acc: 0.4071, top5_acc: 0.7786, mean_class_accuracy: 0.4071
2022-04-23 14:43:54,266 - mmaction - INFO - Epoch [16][40/113]	lr: 8.640e+00, eta: 0:05:30, time: 0.766, data_time: 0.694, memory: 861, top1_acc: 0.3914, top5_acc: 0.7773, loss_cls: 210.4668, loss: 210.4668, grad_norm: 4.2646
2022-04-23 14:44:00,621 - mmaction - INFO - Epoch [16][80/113]	lr: 8.017e+00, eta: 0:05:13, time: 0.159, data_time: 0.106, memory: 861, top1_acc: 0.4289, top5_acc: 0.8406, loss_cls: 136.9274, loss: 136.9274, grad_norm: 3.6449
2022-04-23 14:44:06,319 - mmaction - INFO - Saving checkpoint at 16 epochs
2022-04-23 14:44:32,282 - mmaction - INFO - Evaluating top_k_accuracy ...
2022-04-23 14:44:32,282 - mmaction - INFO - 
top1_acc	0.4429
top5_acc	0.6929
2022-04-23 14:44:32,282 - mmaction - INFO - Evaluating mean_class_accuracy ...
2022-04-23 14:44:32,283 - mmaction - INFO - 
mean_acc	0.4429
2022-04-23 14:44:32,283 - mmaction - INFO - Epoch(val) [16][5]	top1_acc: 0.4429, top5_acc: 0.6929, mean_class_accuracy: 0.4429
2022-04-23 14:45:03,038 - mmaction - INFO - Epoch [17][40/113]	lr: 6.921e+00, eta: 0:04:52, time: 0.769, data_time: 0.684, memory: 861, top1_acc: 0.4188, top5_acc: 0.8375, loss_cls: 159.9341, loss: 159.9341, grad_norm: 3.8643
2022-04-23 14:45:09,288 - mmaction - INFO - Epoch [17][80/113]	lr: 6.344e+00, eta: 0:04:35, time: 0.156, data_time: 0.083, memory: 861, top1_acc: 0.3781, top5_acc: 0.8125, loss_cls: 161.7948, loss: 161.7948, grad_norm: 4.2456
2022-04-23 14:45:14,910 - mmaction - INFO - Saving checkpoint at 17 epochs
2022-04-23 14:45:41,049 - mmaction - INFO - Evaluating top_k_accuracy ...
2022-04-23 14:45:41,050 - mmaction - INFO - 
top1_acc	0.5429
top5_acc	0.9357
2022-04-23 14:45:41,050 - mmaction - INFO - Evaluating mean_class_accuracy ...
2022-04-23 14:45:41,050 - mmaction - INFO - 
mean_acc	0.5429
2022-04-23 14:45:41,052 - mmaction - INFO - The previous best checkpoint /home/yl/myposec3d/model_pth/exp0/NSNR-linear5-lr30/best_top1_acc_epoch_14.pth was removed
2022-04-23 14:45:41,083 - mmaction - INFO - Now best checkpoint is saved as best_top1_acc_epoch_17.pth.
2022-04-23 14:45:41,084 - mmaction - INFO - Best top1_acc is 0.5429 at 17 epoch.
2022-04-23 14:45:41,084 - mmaction - INFO - Epoch(val) [17][5]	top1_acc: 0.5429, top5_acc: 0.9357, mean_class_accuracy: 0.5429
2022-04-23 14:46:12,153 - mmaction - INFO - Epoch [18][40/113]	lr: 5.340e+00, eta: 0:04:13, time: 0.777, data_time: 0.726, memory: 861, top1_acc: 0.4445, top5_acc: 0.8531, loss_cls: 138.8513, loss: 138.8513, grad_norm: 3.9064
2022-04-23 14:46:18,591 - mmaction - INFO - Epoch [18][80/113]	lr: 4.819e+00, eta: 0:03:57, time: 0.161, data_time: 0.111, memory: 861, top1_acc: 0.4500, top5_acc: 0.8836, loss_cls: 87.7160, loss: 87.7160, grad_norm: 3.5571
2022-04-23 14:46:24,387 - mmaction - INFO - Saving checkpoint at 18 epochs
2022-04-23 14:46:50,313 - mmaction - INFO - Evaluating top_k_accuracy ...
2022-04-23 14:46:50,314 - mmaction - INFO - 
top1_acc	0.4857
top5_acc	0.7000
2022-04-23 14:46:50,314 - mmaction - INFO - Evaluating mean_class_accuracy ...
2022-04-23 14:46:50,315 - mmaction - INFO - 
mean_acc	0.4857
2022-04-23 14:46:50,315 - mmaction - INFO - Epoch(val) [18][5]	top1_acc: 0.4857, top5_acc: 0.7000, mean_class_accuracy: 0.4857
2022-04-23 14:47:21,153 - mmaction - INFO - Epoch [19][40/113]	lr: 3.925e+00, eta: 0:03:35, time: 0.771, data_time: 0.667, memory: 861, top1_acc: 0.4414, top5_acc: 0.8453, loss_cls: 96.3464, loss: 96.3464, grad_norm: 3.7427
2022-04-23 14:47:27,536 - mmaction - INFO - Epoch [19][80/113]	lr: 3.468e+00, eta: 0:03:19, time: 0.160, data_time: 0.031, memory: 861, top1_acc: 0.4453, top5_acc: 0.8484, loss_cls: 96.0525, loss: 96.0525, grad_norm: 3.8576
2022-04-23 14:47:33,146 - mmaction - INFO - Saving checkpoint at 19 epochs
2022-04-23 14:47:59,216 - mmaction - INFO - Evaluating top_k_accuracy ...
2022-04-23 14:47:59,217 - mmaction - INFO - 
top1_acc	0.6357
top5_acc	0.7929
2022-04-23 14:47:59,217 - mmaction - INFO - Evaluating mean_class_accuracy ...
2022-04-23 14:47:59,217 - mmaction - INFO - 
mean_acc	0.6357
2022-04-23 14:47:59,219 - mmaction - INFO - The previous best checkpoint /home/yl/myposec3d/model_pth/exp0/NSNR-linear5-lr30/best_top1_acc_epoch_17.pth was removed
2022-04-23 14:47:59,245 - mmaction - INFO - Now best checkpoint is saved as best_top1_acc_epoch_19.pth.
2022-04-23 14:47:59,245 - mmaction - INFO - Best top1_acc is 0.6357 at 19 epoch.
2022-04-23 14:47:59,245 - mmaction - INFO - Epoch(val) [19][5]	top1_acc: 0.6357, top5_acc: 0.7929, mean_class_accuracy: 0.6357
2022-04-23 14:48:30,165 - mmaction - INFO - Epoch [20][40/113]	lr: 2.699e+00, eta: 0:02:56, time: 0.773, data_time: 0.623, memory: 861, top1_acc: 0.5461, top5_acc: 0.9062, loss_cls: 47.7245, loss: 47.7245, grad_norm: 3.0756
2022-04-23 14:48:36,602 - mmaction - INFO - Epoch [20][80/113]	lr: 2.315e+00, eta: 0:02:41, time: 0.161, data_time: 0.000, memory: 861, top1_acc: 0.5102, top5_acc: 0.9180, loss_cls: 43.8911, loss: 43.8911, grad_norm: 3.2846
2022-04-23 14:48:42,196 - mmaction - INFO - Saving checkpoint at 20 epochs
2022-04-23 14:49:08,302 - mmaction - INFO - Evaluating top_k_accuracy ...
2022-04-23 14:49:08,302 - mmaction - INFO - 
top1_acc	0.6071
top5_acc	1.0000
2022-04-23 14:49:08,302 - mmaction - INFO - Evaluating mean_class_accuracy ...
2022-04-23 14:49:08,303 - mmaction - INFO - 
mean_acc	0.6071
2022-04-23 14:49:08,303 - mmaction - INFO - Epoch(val) [20][5]	top1_acc: 0.6071, top5_acc: 1.0000, mean_class_accuracy: 0.6071
2022-04-23 14:49:39,054 - mmaction - INFO - Epoch [21][40/113]	lr: 1.684e+00, eta: 0:02:18, time: 0.769, data_time: 0.688, memory: 861, top1_acc: 0.5523, top5_acc: 0.9367, loss_cls: 30.6666, loss: 30.6666, grad_norm: 2.8646
2022-04-23 14:49:45,295 - mmaction - INFO - Epoch [21][80/113]	lr: 1.379e+00, eta: 0:02:03, time: 0.156, data_time: 0.096, memory: 861, top1_acc: 0.5727, top5_acc: 0.9297, loss_cls: 28.0585, loss: 28.0585, grad_norm: 2.9820
2022-04-23 14:49:50,921 - mmaction - INFO - Saving checkpoint at 21 epochs
2022-04-23 14:50:17,358 - mmaction - INFO - Evaluating top_k_accuracy ...
2022-04-23 14:50:17,359 - mmaction - INFO - 
top1_acc	0.7929
top5_acc	0.9286
2022-04-23 14:50:17,359 - mmaction - INFO - Evaluating mean_class_accuracy ...
2022-04-23 14:50:17,359 - mmaction - INFO - 
mean_acc	0.7929
2022-04-23 14:50:17,360 - mmaction - INFO - The previous best checkpoint /home/yl/myposec3d/model_pth/exp0/NSNR-linear5-lr30/best_top1_acc_epoch_19.pth was removed
2022-04-23 14:50:17,385 - mmaction - INFO - Now best checkpoint is saved as best_top1_acc_epoch_21.pth.
2022-04-23 14:50:17,386 - mmaction - INFO - Best top1_acc is 0.7929 at 21 epoch.
2022-04-23 14:50:17,386 - mmaction - INFO - Epoch(val) [21][5]	top1_acc: 0.7929, top5_acc: 0.9286, mean_class_accuracy: 0.7929
2022-04-23 14:50:48,055 - mmaction - INFO - Epoch [22][40/113]	lr: 8.967e-01, eta: 0:01:40, time: 0.767, data_time: 0.682, memory: 861, top1_acc: 0.6156, top5_acc: 0.9570, loss_cls: 19.3483, loss: 19.3483, grad_norm: 2.5511
2022-04-23 14:50:54,403 - mmaction - INFO - Epoch [22][80/113]	lr: 6.752e-01, eta: 0:01:26, time: 0.159, data_time: 0.091, memory: 861, top1_acc: 0.6625, top5_acc: 0.9586, loss_cls: 13.9954, loss: 13.9954, grad_norm: 2.3132
2022-04-23 14:50:59,927 - mmaction - INFO - Saving checkpoint at 22 epochs
2022-04-23 14:51:25,742 - mmaction - INFO - Evaluating top_k_accuracy ...
2022-04-23 14:51:25,742 - mmaction - INFO - 
top1_acc	0.9286
top5_acc	1.0000
2022-04-23 14:51:25,743 - mmaction - INFO - Evaluating mean_class_accuracy ...
2022-04-23 14:51:25,743 - mmaction - INFO - 
mean_acc	0.9286
2022-04-23 14:51:25,744 - mmaction - INFO - The previous best checkpoint /home/yl/myposec3d/model_pth/exp0/NSNR-linear5-lr30/best_top1_acc_epoch_21.pth was removed
2022-04-23 14:51:25,774 - mmaction - INFO - Now best checkpoint is saved as best_top1_acc_epoch_22.pth.
2022-04-23 14:51:25,774 - mmaction - INFO - Best top1_acc is 0.9286 at 22 epoch.
2022-04-23 14:51:25,774 - mmaction - INFO - Epoch(val) [22][5]	top1_acc: 0.9286, top5_acc: 1.0000, mean_class_accuracy: 0.9286
2022-04-23 14:51:56,702 - mmaction - INFO - Epoch [23][40/113]	lr: 3.506e-01, eta: 0:01:02, time: 0.773, data_time: 0.656, memory: 861, top1_acc: 0.7148, top5_acc: 0.9758, loss_cls: 8.7229, loss: 8.7229, grad_norm: 2.0514
2022-04-23 14:52:03,140 - mmaction - INFO - Epoch [23][80/113]	lr: 2.170e-01, eta: 0:00:48, time: 0.161, data_time: 0.001, memory: 861, top1_acc: 0.7414, top5_acc: 0.9867, loss_cls: 5.7336, loss: 5.7336, grad_norm: 1.6882
2022-04-23 14:52:08,763 - mmaction - INFO - Saving checkpoint at 23 epochs
2022-04-23 14:52:34,684 - mmaction - INFO - Evaluating top_k_accuracy ...
2022-04-23 14:52:34,684 - mmaction - INFO - 
top1_acc	0.8857
top5_acc	0.9929
2022-04-23 14:52:34,685 - mmaction - INFO - Evaluating mean_class_accuracy ...
2022-04-23 14:52:34,685 - mmaction - INFO - 
mean_acc	0.8857
2022-04-23 14:52:34,685 - mmaction - INFO - Epoch(val) [23][5]	top1_acc: 0.8857, top5_acc: 0.9929, mean_class_accuracy: 0.8857
2022-04-23 14:53:05,592 - mmaction - INFO - Epoch [24][40/113]	lr: 5.508e-02, eta: 0:00:24, time: 0.773, data_time: 0.647, memory: 861, top1_acc: 0.7492, top5_acc: 0.9828, loss_cls: 5.9871, loss: 5.9871, grad_norm: 1.6901
2022-04-23 14:53:11,872 - mmaction - INFO - Epoch [24][80/113]	lr: 1.163e-02, eta: 0:00:10, time: 0.157, data_time: 0.027, memory: 861, top1_acc: 0.7203, top5_acc: 0.9844, loss_cls: 7.0120, loss: 7.0120, grad_norm: 1.8177
2022-04-23 14:53:17,496 - mmaction - INFO - Saving checkpoint at 24 epochs
2022-04-23 14:53:43,709 - mmaction - INFO - Evaluating top_k_accuracy ...
2022-04-23 14:53:43,710 - mmaction - INFO - 
top1_acc	0.9571
top5_acc	1.0000
2022-04-23 14:53:43,710 - mmaction - INFO - Evaluating mean_class_accuracy ...
2022-04-23 14:53:43,710 - mmaction - INFO - 
mean_acc	0.9571
2022-04-23 14:53:43,711 - mmaction - INFO - The previous best checkpoint /home/yl/myposec3d/model_pth/exp0/NSNR-linear5-lr30/best_top1_acc_epoch_22.pth was removed
2022-04-23 14:53:43,736 - mmaction - INFO - Now best checkpoint is saved as best_top1_acc_epoch_24.pth.
2022-04-23 14:53:43,737 - mmaction - INFO - Best top1_acc is 0.9571 at 24 epoch.
2022-04-23 14:53:43,737 - mmaction - INFO - Epoch(val) [24][5]	top1_acc: 0.9571, top5_acc: 1.0000, mean_class_accuracy: 0.9571
