2022-04-26 20:24:20,263 - mmaction - INFO - Environment info:
------------------------------------------------------------
sys.platform: linux
Python: 3.8.12 | packaged by conda-forge | (default, Oct 12 2021, 21:57:06) [GCC 9.4.0]
CUDA available: True
GPU 0,1,2,3: NVIDIA GeForce RTX 3090
CUDA_HOME: /usr/local/cuda
NVCC: Build cuda_11.1.TC455_06.29190527_0
GCC: gcc (Ubuntu 9.4.0-1ubuntu1~20.04.1) 9.4.0
PyTorch: 1.9.1+cu111
PyTorch compiling details: PyTorch built with:
  - GCC 7.3
  - C++ Version: 201402
  - Intel(R) Math Kernel Library Version 2020.0.0 Product Build 20191122 for Intel(R) 64 architecture applications
  - Intel(R) MKL-DNN v2.1.2 (Git Hash 98be7e8afa711dc9b66c8ff3504129cb82013cdb)
  - OpenMP 201511 (a.k.a. OpenMP 4.5)
  - NNPACK is enabled
  - CPU capability usage: AVX2
  - CUDA Runtime 11.1
  - NVCC architecture flags: -gencode;arch=compute_37,code=sm_37;-gencode;arch=compute_50,code=sm_50;-gencode;arch=compute_60,code=sm_60;-gencode;arch=compute_70,code=sm_70;-gencode;arch=compute_75,code=sm_75;-gencode;arch=compute_80,code=sm_80;-gencode;arch=compute_86,code=sm_86
  - CuDNN 8.0.5
  - Magma 2.5.2
  - Build settings: BLAS_INFO=mkl, BUILD_TYPE=Release, CUDA_VERSION=11.1, CUDNN_VERSION=8.0.5, CXX_COMPILER=/opt/rh/devtoolset-7/root/usr/bin/c++, CXX_FLAGS= -Wno-deprecated -fvisibility-inlines-hidden -DUSE_PTHREADPOOL -fopenmp -DNDEBUG -DUSE_KINETO -DUSE_FBGEMM -DUSE_QNNPACK -DUSE_PYTORCH_QNNPACK -DUSE_XNNPACK -DSYMBOLICATE_MOBILE_DEBUG_HANDLE -O2 -fPIC -Wno-narrowing -Wall -Wextra -Werror=return-type -Wno-missing-field-initializers -Wno-type-limits -Wno-array-bounds -Wno-unknown-pragmas -Wno-sign-compare -Wno-unused-parameter -Wno-unused-variable -Wno-unused-function -Wno-unused-result -Wno-unused-local-typedefs -Wno-strict-overflow -Wno-strict-aliasing -Wno-error=deprecated-declarations -Wno-stringop-overflow -Wno-psabi -Wno-error=pedantic -Wno-error=redundant-decls -Wno-error=old-style-cast -fdiagnostics-color=always -faligned-new -Wno-unused-but-set-variable -Wno-maybe-uninitialized -fno-math-errno -fno-trapping-math -Werror=format -Wno-stringop-overflow, LAPACK_INFO=mkl, PERF_WITH_AVX=1, PERF_WITH_AVX2=1, PERF_WITH_AVX512=1, TORCH_VERSION=1.9.1, USE_CUDA=ON, USE_CUDNN=ON, USE_EXCEPTION_PTR=1, USE_GFLAGS=OFF, USE_GLOG=OFF, USE_MKL=ON, USE_MKLDNN=ON, USE_MPI=OFF, USE_NCCL=ON, USE_NNPACK=ON, USE_OPENMP=ON, 

TorchVision: 0.10.1+cu111
OpenCV: 4.5.5
MMCV: 1.4.2
MMCV Compiler: GCC 7.3
MMCV CUDA Compiler: 11.1
MMAction2: 0.20.0+26392eb
------------------------------------------------------------

2022-04-26 20:24:20,264 - mmaction - INFO - Distributed training: True
2022-04-26 20:24:22,017 - mmaction - INFO - Config: model = dict(
    type='Recognizer3D',
    backbone=dict(
        type='ResNet3dSlowOnly',
        depth=50,
        pretrained=None,
        in_channels=5,
        base_channels=32,
        num_stages=3,
        out_indices=(2, ),
        stage_blocks=(4, 6, 3),
        conv1_stride_s=1,
        pool1_stride_s=1,
        inflate=(0, 1, 1),
        spatial_strides=(2, 2, 2),
        temporal_strides=(1, 1, 2),
        dilations=(1, 1, 1),
        frozen_stages=3),
    cls_head=dict(
        type='I3DHead',
        in_channels=512,
        num_classes=10,
        spatial_type='avg',
        dropout_ratio=0.5),
    train_cfg=dict(),
    test_cfg=dict(average_clips='prob'))
dataset_type = 'PoseDataset'
ann_file_train = 'data/ds_taichi/TEST9AUG4/NSWR/train_data.pkl'
ann_file_val = 'data/ds_taichi/TEST9AUG4/NSWR/test_data.pkl'
left = [
    5, 6, 7, 8, 44, 45, 46, 47, 48, 49, 50, 51, 52, 53, 54, 55, 56, 57, 58, 59,
    60, 61, 62, 63, 64, 65, 66, 67, 68, 69, 70, 71
]
right = [
    1, 2, 3, 4, 16, 17, 18, 19, 20, 21, 22, 23, 24, 25, 26, 27, 28, 29, 30, 31,
    32, 33, 34, 35, 36, 37, 38, 39, 40, 41, 42, 43
]
train_pipeline = [
    dict(type='UniformSampleFrames', clip_len=48),
    dict(type='PoseDecode'),
    dict(type='PoseCompact', hw_ratio=1.0, allow_imgpad=True),
    dict(type='Resize', scale=(-1, 64)),
    dict(type='RandomResizedCrop', area_range=(0.56, 1.0)),
    dict(type='Resize', scale=(56, 56), keep_ratio=False),
    dict(
        type='Flip',
        flip_ratio=0.5,
        left_kp=[
            5, 6, 7, 8, 44, 45, 46, 47, 48, 49, 50, 51, 52, 53, 54, 55, 56, 57,
            58, 59, 60, 61, 62, 63, 64, 65, 66, 67, 68, 69, 70, 71
        ],
        right_kp=[
            1, 2, 3, 4, 16, 17, 18, 19, 20, 21, 22, 23, 24, 25, 26, 27, 28, 29,
            30, 31, 32, 33, 34, 35, 36, 37, 38, 39, 40, 41, 42, 43
        ]),
    dict(
        type='GenerateTaiChiPoseTarget',
        sigma=0.6,
        use_score=True,
        with_kp=True,
        with_limb=False),
    dict(type='FormatShape', input_format='NCTHW'),
    dict(type='Collect', keys=['imgs', 'label'], meta_keys=[]),
    dict(type='ToTensor', keys=['imgs', 'label'])
]
val_pipeline = [
    dict(type='UniformSampleFrames', clip_len=48, num_clips=1, test_mode=True),
    dict(type='PoseDecode'),
    dict(type='PoseCompact', hw_ratio=1.0, allow_imgpad=True),
    dict(type='Resize', scale=(-1, 64)),
    dict(type='CenterCrop', crop_size=64),
    dict(
        type='GenerateTaiChiPoseTarget',
        sigma=0.6,
        use_score=True,
        with_kp=True,
        with_limb=False),
    dict(type='FormatShape', input_format='NCTHW'),
    dict(type='Collect', keys=['imgs', 'label'], meta_keys=[]),
    dict(type='ToTensor', keys=['imgs'])
]
test_pipeline = [
    dict(
        type='UniformSampleFrames', clip_len=48, num_clips=10, test_mode=True),
    dict(type='PoseDecode'),
    dict(type='PoseCompact', hw_ratio=1.0, allow_imgpad=True),
    dict(type='Resize', scale=(-1, 64)),
    dict(type='CenterCrop', crop_size=64),
    dict(
        type='GenerateTaiChiPoseTarget',
        sigma=0.6,
        use_score=True,
        with_kp=True,
        with_limb=False,
        double=True,
        left_kp=[
            5, 6, 7, 8, 44, 45, 46, 47, 48, 49, 50, 51, 52, 53, 54, 55, 56, 57,
            58, 59, 60, 61, 62, 63, 64, 65, 66, 67, 68, 69, 70, 71
        ],
        right_kp=[
            1, 2, 3, 4, 16, 17, 18, 19, 20, 21, 22, 23, 24, 25, 26, 27, 28, 29,
            30, 31, 32, 33, 34, 35, 36, 37, 38, 39, 40, 41, 42, 43
        ]),
    dict(type='FormatShape', input_format='NCTHW'),
    dict(type='Collect', keys=['imgs', 'label'], meta_keys=[]),
    dict(type='ToTensor', keys=['imgs'])
]
data = dict(
    videos_per_gpu=8,
    workers_per_gpu=4,
    test_dataloader=dict(videos_per_gpu=4),
    train=dict(
        type='RepeatDataset',
        times=20,
        dataset=dict(
            type='PoseDataset',
            ann_file='data/ds_taichi/TEST9AUG4/NSWR/train_data.pkl',
            data_prefix='',
            pipeline=[
                dict(type='UniformSampleFrames', clip_len=48),
                dict(type='PoseDecode'),
                dict(type='PoseCompact', hw_ratio=1.0, allow_imgpad=True),
                dict(type='Resize', scale=(-1, 64)),
                dict(type='RandomResizedCrop', area_range=(0.56, 1.0)),
                dict(type='Resize', scale=(56, 56), keep_ratio=False),
                dict(
                    type='Flip',
                    flip_ratio=0.5,
                    left_kp=[
                        5, 6, 7, 8, 44, 45, 46, 47, 48, 49, 50, 51, 52, 53, 54,
                        55, 56, 57, 58, 59, 60, 61, 62, 63, 64, 65, 66, 67, 68,
                        69, 70, 71
                    ],
                    right_kp=[
                        1, 2, 3, 4, 16, 17, 18, 19, 20, 21, 22, 23, 24, 25, 26,
                        27, 28, 29, 30, 31, 32, 33, 34, 35, 36, 37, 38, 39, 40,
                        41, 42, 43
                    ]),
                dict(
                    type='GenerateTaiChiPoseTarget',
                    sigma=0.6,
                    use_score=True,
                    with_kp=True,
                    with_limb=False),
                dict(type='FormatShape', input_format='NCTHW'),
                dict(type='Collect', keys=['imgs', 'label'], meta_keys=[]),
                dict(type='ToTensor', keys=['imgs', 'label'])
            ])),
    val=dict(
        type='PoseDataset',
        ann_file='data/ds_taichi/TEST9AUG4/NSWR/test_data.pkl',
        data_prefix='',
        pipeline=[
            dict(
                type='UniformSampleFrames',
                clip_len=48,
                num_clips=1,
                test_mode=True),
            dict(type='PoseDecode'),
            dict(type='PoseCompact', hw_ratio=1.0, allow_imgpad=True),
            dict(type='Resize', scale=(-1, 64)),
            dict(type='CenterCrop', crop_size=64),
            dict(
                type='GenerateTaiChiPoseTarget',
                sigma=0.6,
                use_score=True,
                with_kp=True,
                with_limb=False),
            dict(type='FormatShape', input_format='NCTHW'),
            dict(type='Collect', keys=['imgs', 'label'], meta_keys=[]),
            dict(type='ToTensor', keys=['imgs'])
        ]),
    test=dict(
        type='PoseDataset',
        ann_file='data/ds_taichi/TEST9AUG4/NSWR/test_data.pkl',
        data_prefix='',
        pipeline=[
            dict(
                type='UniformSampleFrames',
                clip_len=48,
                num_clips=10,
                test_mode=True),
            dict(type='PoseDecode'),
            dict(type='PoseCompact', hw_ratio=1.0, allow_imgpad=True),
            dict(type='Resize', scale=(-1, 64)),
            dict(type='CenterCrop', crop_size=64),
            dict(
                type='GenerateTaiChiPoseTarget',
                sigma=0.6,
                use_score=True,
                with_kp=True,
                with_limb=False,
                double=True,
                left_kp=[
                    5, 6, 7, 8, 44, 45, 46, 47, 48, 49, 50, 51, 52, 53, 54, 55,
                    56, 57, 58, 59, 60, 61, 62, 63, 64, 65, 66, 67, 68, 69, 70,
                    71
                ],
                right_kp=[
                    1, 2, 3, 4, 16, 17, 18, 19, 20, 21, 22, 23, 24, 25, 26, 27,
                    28, 29, 30, 31, 32, 33, 34, 35, 36, 37, 38, 39, 40, 41, 42,
                    43
                ]),
            dict(type='FormatShape', input_format='NCTHW'),
            dict(type='Collect', keys=['imgs', 'label'], meta_keys=[]),
            dict(type='ToTensor', keys=['imgs'])
        ]))
optimizer = dict(type='SGD', lr=1, momentum=0.9, weight_decay=0.0003)
optimizer_config = dict(grad_clip=dict(max_norm=40, norm_type=2))
lr_config = dict(policy='CosineAnnealing', by_epoch=False, min_lr=0)
total_epochs = 48
checkpoint_config = dict()
workflow = [('train', 1)]
evaluation = dict(
    interval=1, metrics=['top_k_accuracy', 'mean_class_accuracy'], topk=(1, 5))
log_config = dict(interval=40, hooks=[dict(type='TextLoggerHook')])
output_config = dict(
    out='./model_pth/exp1-new/NSWR-linear5/test_result/results.pkl')
eval_config = dict(
    metric_out='./model_pth/exp1-new/NSWR-linear5/test_result',
    eval=[
        'top_k_accuracy', 'mean_class_accuracy', 'confusion_matrix',
        't_sne_vis'
    ])
dist_params = dict(backend='nccl')
log_level = 'INFO'
work_dir = './model_pth/exp1-new/NSWR-linear5'
load_from = './model_pth/5part_ntu60_xsub_kp_0331/epoch_24.pth'
resume_from = None
find_unused_parameters = True
gpu_ids = range(0, 4)
omnisource = False
module_hooks = []

2022-04-26 20:24:22,017 - mmaction - INFO - Set random seed to 42, deterministic: True
2022-04-26 20:24:22,095 - mmaction - INFO - 80 videos remain after valid thresholding
2022-04-26 20:24:27,922 - mmaction - INFO - 180 videos remain after valid thresholding
2022-04-26 20:24:27,923 - mmaction - INFO - load checkpoint from local path: ./model_pth/5part_ntu60_xsub_kp_0331/epoch_24.pth
2022-04-26 20:24:27,945 - mmaction - WARNING - The model and loaded state dict do not match exactly

size mismatch for cls_head.fc_cls.weight: copying a param with shape torch.Size([60, 512]) from checkpoint, the shape in current model is torch.Size([10, 512]).
size mismatch for cls_head.fc_cls.bias: copying a param with shape torch.Size([60]) from checkpoint, the shape in current model is torch.Size([10]).
2022-04-26 20:24:27,945 - mmaction - INFO - Start running, host: yl@83090-jin, work_dir: /home/yl/myposec3d/model_pth/exp1-new/NSWR-linear5
2022-04-26 20:24:27,945 - mmaction - INFO - Hooks will be executed in the following order:
before_run:
(VERY_HIGH   ) CosineAnnealingLrUpdaterHook       
(NORMAL      ) CheckpointHook                     
(NORMAL      ) DistEvalHook                       
(VERY_LOW    ) TextLoggerHook                     
 -------------------- 
before_train_epoch:
(VERY_HIGH   ) CosineAnnealingLrUpdaterHook       
(NORMAL      ) DistSamplerSeedHook                
(NORMAL      ) DistEvalHook                       
(LOW         ) IterTimerHook                      
(VERY_LOW    ) TextLoggerHook                     
 -------------------- 
before_train_iter:
(VERY_HIGH   ) CosineAnnealingLrUpdaterHook       
(NORMAL      ) DistEvalHook                       
(LOW         ) IterTimerHook                      
 -------------------- 
after_train_iter:
(ABOVE_NORMAL) OptimizerHook                      
(NORMAL      ) CheckpointHook                     
(NORMAL      ) DistEvalHook                       
(LOW         ) IterTimerHook                      
(VERY_LOW    ) TextLoggerHook                     
 -------------------- 
after_train_epoch:
(NORMAL      ) CheckpointHook                     
(NORMAL      ) DistEvalHook                       
(VERY_LOW    ) TextLoggerHook                     
 -------------------- 
before_val_epoch:
(NORMAL      ) DistSamplerSeedHook                
(LOW         ) IterTimerHook                      
(VERY_LOW    ) TextLoggerHook                     
 -------------------- 
before_val_iter:
(LOW         ) IterTimerHook                      
 -------------------- 
after_val_iter:
(LOW         ) IterTimerHook                      
 -------------------- 
after_val_epoch:
(VERY_LOW    ) TextLoggerHook                     
 -------------------- 
after_run:
(VERY_LOW    ) TextLoggerHook                     
 -------------------- 
2022-04-26 20:24:27,945 - mmaction - INFO - workflow: [('train', 1)], max: 48 epochs
2022-04-26 20:24:27,946 - mmaction - INFO - Checkpoints will be saved to /home/yl/myposec3d/model_pth/exp1-new/NSWR-linear5 by HardDiskBackend.
2022-04-26 20:24:59,833 - mmaction - INFO - Epoch [1][40/50]	lr: 9.993e-01, eta: 0:31:21, time: 0.797, data_time: 0.696, memory: 665, top1_acc: 0.2703, top5_acc: 0.6766, loss_cls: 46.3458, loss: 46.3458, grad_norm: 5.4597
2022-04-26 20:25:29,475 - mmaction - INFO - Evaluating top_k_accuracy ...
2022-04-26 20:25:29,475 - mmaction - INFO - 
top1_acc	0.6167
top5_acc	0.9278
2022-04-26 20:25:29,476 - mmaction - INFO - Evaluating mean_class_accuracy ...
2022-04-26 20:25:29,476 - mmaction - INFO - 
mean_acc	0.6167
2022-04-26 20:25:29,501 - mmaction - INFO - Now best checkpoint is saved as best_top1_acc_epoch_1.pth.
2022-04-26 20:25:29,501 - mmaction - INFO - Best top1_acc is 0.6167 at 1 epoch.
2022-04-26 20:25:29,502 - mmaction - INFO - Epoch(val) [1][6]	top1_acc: 0.6167, top5_acc: 0.9278, mean_class_accuracy: 0.6167
2022-04-26 20:26:01,539 - mmaction - INFO - Epoch [2][40/50]	lr: 9.966e-01, eta: 0:27:20, time: 0.801, data_time: 0.750, memory: 861, top1_acc: 0.5055, top5_acc: 0.9172, loss_cls: 20.9193, loss: 20.9193, grad_norm: 3.3456
2022-04-26 20:26:31,368 - mmaction - INFO - Evaluating top_k_accuracy ...
2022-04-26 20:26:31,368 - mmaction - INFO - 
top1_acc	0.5000
top5_acc	0.8389
2022-04-26 20:26:31,368 - mmaction - INFO - Evaluating mean_class_accuracy ...
2022-04-26 20:26:31,369 - mmaction - INFO - 
mean_acc	0.5000
2022-04-26 20:26:31,369 - mmaction - INFO - Epoch(val) [2][6]	top1_acc: 0.5000, top5_acc: 0.8389, mean_class_accuracy: 0.5000
2022-04-26 20:27:02,919 - mmaction - INFO - Epoch [3][40/50]	lr: 9.917e-01, eta: 0:25:41, time: 0.789, data_time: 0.739, memory: 861, top1_acc: 0.5984, top5_acc: 0.9461, loss_cls: 13.8048, loss: 13.8048, grad_norm: 2.6305
2022-04-26 20:27:32,090 - mmaction - INFO - Evaluating top_k_accuracy ...
2022-04-26 20:27:32,090 - mmaction - INFO - 
top1_acc	0.7833
top5_acc	0.9667
2022-04-26 20:27:32,090 - mmaction - INFO - Evaluating mean_class_accuracy ...
2022-04-26 20:27:32,091 - mmaction - INFO - 
mean_acc	0.7833
2022-04-26 20:27:32,092 - mmaction - INFO - The previous best checkpoint /home/yl/myposec3d/model_pth/exp1-new/NSWR-linear5/best_top1_acc_epoch_1.pth was removed
2022-04-26 20:27:32,116 - mmaction - INFO - Now best checkpoint is saved as best_top1_acc_epoch_3.pth.
2022-04-26 20:27:32,116 - mmaction - INFO - Best top1_acc is 0.7833 at 3 epoch.
2022-04-26 20:27:32,117 - mmaction - INFO - Epoch(val) [3][6]	top1_acc: 0.7833, top5_acc: 0.9667, mean_class_accuracy: 0.7833
2022-04-26 20:28:03,776 - mmaction - INFO - Epoch [4][40/50]	lr: 9.848e-01, eta: 0:24:38, time: 0.791, data_time: 0.742, memory: 861, top1_acc: 0.6328, top5_acc: 0.9609, loss_cls: 11.1690, loss: 11.1690, grad_norm: 2.3997
2022-04-26 20:28:33,533 - mmaction - INFO - Evaluating top_k_accuracy ...
2022-04-26 20:28:33,534 - mmaction - INFO - 
top1_acc	0.6444
top5_acc	0.8778
2022-04-26 20:28:33,534 - mmaction - INFO - Evaluating mean_class_accuracy ...
2022-04-26 20:28:33,534 - mmaction - INFO - 
mean_acc	0.6444
2022-04-26 20:28:33,534 - mmaction - INFO - Epoch(val) [4][6]	top1_acc: 0.6444, top5_acc: 0.8778, mean_class_accuracy: 0.6444
2022-04-26 20:29:05,073 - mmaction - INFO - Epoch [5][40/50]	lr: 9.757e-01, eta: 0:23:47, time: 0.788, data_time: 0.709, memory: 861, top1_acc: 0.6078, top5_acc: 0.9570, loss_cls: 12.8958, loss: 12.8958, grad_norm: 2.6337
2022-04-26 20:29:34,417 - mmaction - INFO - Evaluating top_k_accuracy ...
2022-04-26 20:29:34,417 - mmaction - INFO - 
top1_acc	0.6500
top5_acc	0.9556
2022-04-26 20:29:34,417 - mmaction - INFO - Evaluating mean_class_accuracy ...
2022-04-26 20:29:34,418 - mmaction - INFO - 
mean_acc	0.6500
2022-04-26 20:29:34,418 - mmaction - INFO - Epoch(val) [5][6]	top1_acc: 0.6500, top5_acc: 0.9556, mean_class_accuracy: 0.6500
2022-04-26 20:30:06,288 - mmaction - INFO - Epoch [6][40/50]	lr: 9.646e-01, eta: 0:23:06, time: 0.797, data_time: 0.746, memory: 861, top1_acc: 0.6359, top5_acc: 0.9688, loss_cls: 10.5588, loss: 10.5588, grad_norm: 2.3977
2022-04-26 20:30:36,016 - mmaction - INFO - Evaluating top_k_accuracy ...
2022-04-26 20:30:36,017 - mmaction - INFO - 
top1_acc	0.6056
top5_acc	0.9667
2022-04-26 20:30:36,017 - mmaction - INFO - Evaluating mean_class_accuracy ...
2022-04-26 20:30:36,017 - mmaction - INFO - 
mean_acc	0.6056
2022-04-26 20:30:36,018 - mmaction - INFO - Epoch(val) [6][6]	top1_acc: 0.6056, top5_acc: 0.9667, mean_class_accuracy: 0.6056
2022-04-26 20:31:07,977 - mmaction - INFO - Epoch [7][40/50]	lr: 9.516e-01, eta: 0:22:27, time: 0.799, data_time: 0.623, memory: 861, top1_acc: 0.6078, top5_acc: 0.9523, loss_cls: 12.8249, loss: 12.8249, grad_norm: 2.7318
2022-04-26 20:31:37,720 - mmaction - INFO - Evaluating top_k_accuracy ...
2022-04-26 20:31:37,720 - mmaction - INFO - 
top1_acc	0.7444
top5_acc	0.9389
2022-04-26 20:31:37,721 - mmaction - INFO - Evaluating mean_class_accuracy ...
2022-04-26 20:31:37,721 - mmaction - INFO - 
mean_acc	0.7444
2022-04-26 20:31:37,721 - mmaction - INFO - Epoch(val) [7][6]	top1_acc: 0.7444, top5_acc: 0.9389, mean_class_accuracy: 0.7444
2022-04-26 20:32:09,203 - mmaction - INFO - Epoch [8][40/50]	lr: 9.366e-01, eta: 0:21:48, time: 0.787, data_time: 0.734, memory: 861, top1_acc: 0.6281, top5_acc: 0.9563, loss_cls: 11.1617, loss: 11.1617, grad_norm: 2.5421
2022-04-26 20:32:39,326 - mmaction - INFO - Evaluating top_k_accuracy ...
2022-04-26 20:32:39,326 - mmaction - INFO - 
top1_acc	0.4944
top5_acc	0.9944
2022-04-26 20:32:39,326 - mmaction - INFO - Evaluating mean_class_accuracy ...
2022-04-26 20:32:39,327 - mmaction - INFO - 
mean_acc	0.4944
2022-04-26 20:32:39,327 - mmaction - INFO - Epoch(val) [8][6]	top1_acc: 0.4944, top5_acc: 0.9944, mean_class_accuracy: 0.4944
2022-04-26 20:33:10,889 - mmaction - INFO - Epoch [9][40/50]	lr: 9.197e-01, eta: 0:21:11, time: 0.789, data_time: 0.621, memory: 861, top1_acc: 0.6484, top5_acc: 0.9578, loss_cls: 10.2187, loss: 10.2187, grad_norm: 2.3796
2022-04-26 20:33:40,063 - mmaction - INFO - Evaluating top_k_accuracy ...
2022-04-26 20:33:40,064 - mmaction - INFO - 
top1_acc	0.6333
top5_acc	0.9444
2022-04-26 20:33:40,064 - mmaction - INFO - Evaluating mean_class_accuracy ...
2022-04-26 20:33:40,065 - mmaction - INFO - 
mean_acc	0.6333
2022-04-26 20:33:40,065 - mmaction - INFO - Epoch(val) [9][6]	top1_acc: 0.6333, top5_acc: 0.9444, mean_class_accuracy: 0.6333
2022-04-26 20:34:12,002 - mmaction - INFO - Epoch [10][40/50]	lr: 9.010e-01, eta: 0:20:37, time: 0.798, data_time: 0.739, memory: 861, top1_acc: 0.6148, top5_acc: 0.9477, loss_cls: 12.2863, loss: 12.2863, grad_norm: 2.6165
2022-04-26 20:34:41,655 - mmaction - INFO - Evaluating top_k_accuracy ...
2022-04-26 20:34:41,656 - mmaction - INFO - 
top1_acc	0.6444
top5_acc	0.8389
2022-04-26 20:34:41,656 - mmaction - INFO - Evaluating mean_class_accuracy ...
2022-04-26 20:34:41,656 - mmaction - INFO - 
mean_acc	0.6444
2022-04-26 20:34:41,657 - mmaction - INFO - Epoch(val) [10][6]	top1_acc: 0.6444, top5_acc: 0.8389, mean_class_accuracy: 0.6444
2022-04-26 20:35:13,476 - mmaction - INFO - Epoch [11][40/50]	lr: 8.806e-01, eta: 0:20:02, time: 0.795, data_time: 0.651, memory: 861, top1_acc: 0.6039, top5_acc: 0.9406, loss_cls: 13.8985, loss: 13.8985, grad_norm: 2.8199
2022-04-26 20:35:43,436 - mmaction - INFO - Evaluating top_k_accuracy ...
2022-04-26 20:35:43,437 - mmaction - INFO - 
top1_acc	0.6500
top5_acc	0.9278
2022-04-26 20:35:43,437 - mmaction - INFO - Evaluating mean_class_accuracy ...
2022-04-26 20:35:43,437 - mmaction - INFO - 
mean_acc	0.6500
2022-04-26 20:35:43,437 - mmaction - INFO - Epoch(val) [11][6]	top1_acc: 0.6500, top5_acc: 0.9278, mean_class_accuracy: 0.6500
2022-04-26 20:36:15,470 - mmaction - INFO - Epoch [12][40/50]	lr: 8.586e-01, eta: 0:19:29, time: 0.801, data_time: 0.642, memory: 861, top1_acc: 0.6781, top5_acc: 0.9539, loss_cls: 10.1840, loss: 10.1840, grad_norm: 2.3088
2022-04-26 20:36:45,318 - mmaction - INFO - Evaluating top_k_accuracy ...
2022-04-26 20:36:45,318 - mmaction - INFO - 
top1_acc	0.6444
top5_acc	0.9333
2022-04-26 20:36:45,318 - mmaction - INFO - Evaluating mean_class_accuracy ...
2022-04-26 20:36:45,319 - mmaction - INFO - 
mean_acc	0.6444
2022-04-26 20:36:45,319 - mmaction - INFO - Epoch(val) [12][6]	top1_acc: 0.6444, top5_acc: 0.9333, mean_class_accuracy: 0.6444
2022-04-26 20:37:17,353 - mmaction - INFO - Epoch [13][40/50]	lr: 8.351e-01, eta: 0:18:56, time: 0.801, data_time: 0.625, memory: 861, top1_acc: 0.6648, top5_acc: 0.9641, loss_cls: 9.6994, loss: 9.6994, grad_norm: 2.3810
2022-04-26 20:37:47,215 - mmaction - INFO - Evaluating top_k_accuracy ...
2022-04-26 20:37:47,216 - mmaction - INFO - 
top1_acc	0.6389
top5_acc	0.9667
2022-04-26 20:37:47,216 - mmaction - INFO - Evaluating mean_class_accuracy ...
2022-04-26 20:37:47,217 - mmaction - INFO - 
mean_acc	0.6389
2022-04-26 20:37:47,217 - mmaction - INFO - Epoch(val) [13][6]	top1_acc: 0.6389, top5_acc: 0.9667, mean_class_accuracy: 0.6389
2022-04-26 20:38:18,909 - mmaction - INFO - Epoch [14][40/50]	lr: 8.101e-01, eta: 0:18:22, time: 0.792, data_time: 0.745, memory: 861, top1_acc: 0.6430, top5_acc: 0.9695, loss_cls: 9.6024, loss: 9.6024, grad_norm: 2.5775
2022-04-26 20:38:48,756 - mmaction - INFO - Evaluating top_k_accuracy ...
2022-04-26 20:38:48,757 - mmaction - INFO - 
top1_acc	0.6722
top5_acc	0.8778
2022-04-26 20:38:48,757 - mmaction - INFO - Evaluating mean_class_accuracy ...
2022-04-26 20:38:48,757 - mmaction - INFO - 
mean_acc	0.6722
2022-04-26 20:38:48,757 - mmaction - INFO - Epoch(val) [14][6]	top1_acc: 0.6722, top5_acc: 0.8778, mean_class_accuracy: 0.6722
2022-04-26 20:39:20,199 - mmaction - INFO - Epoch [15][40/50]	lr: 7.837e-01, eta: 0:17:48, time: 0.786, data_time: 0.737, memory: 861, top1_acc: 0.6070, top5_acc: 0.9461, loss_cls: 12.4375, loss: 12.4375, grad_norm: 2.7939
2022-04-26 20:39:50,115 - mmaction - INFO - Evaluating top_k_accuracy ...
2022-04-26 20:39:50,116 - mmaction - INFO - 
top1_acc	0.8056
top5_acc	1.0000
2022-04-26 20:39:50,116 - mmaction - INFO - Evaluating mean_class_accuracy ...
2022-04-26 20:39:50,116 - mmaction - INFO - 
mean_acc	0.8056
2022-04-26 20:39:50,118 - mmaction - INFO - The previous best checkpoint /home/yl/myposec3d/model_pth/exp1-new/NSWR-linear5/best_top1_acc_epoch_3.pth was removed
2022-04-26 20:39:50,147 - mmaction - INFO - Now best checkpoint is saved as best_top1_acc_epoch_15.pth.
2022-04-26 20:39:50,147 - mmaction - INFO - Best top1_acc is 0.8056 at 15 epoch.
2022-04-26 20:39:50,148 - mmaction - INFO - Epoch(val) [15][6]	top1_acc: 0.8056, top5_acc: 1.0000, mean_class_accuracy: 0.8056
2022-04-26 20:40:21,705 - mmaction - INFO - Epoch [16][40/50]	lr: 7.562e-01, eta: 0:17:15, time: 0.789, data_time: 0.721, memory: 861, top1_acc: 0.6813, top5_acc: 0.9766, loss_cls: 8.7671, loss: 8.7671, grad_norm: 2.2045
2022-04-26 20:40:51,584 - mmaction - INFO - Evaluating top_k_accuracy ...
2022-04-26 20:40:51,585 - mmaction - INFO - 
top1_acc	0.4056
top5_acc	0.8944
2022-04-26 20:40:51,585 - mmaction - INFO - Evaluating mean_class_accuracy ...
2022-04-26 20:40:51,586 - mmaction - INFO - 
mean_acc	0.4056
2022-04-26 20:40:51,587 - mmaction - INFO - Epoch(val) [16][6]	top1_acc: 0.4056, top5_acc: 0.8944, mean_class_accuracy: 0.4056
2022-04-26 20:41:23,256 - mmaction - INFO - Epoch [17][40/50]	lr: 7.276e-01, eta: 0:16:42, time: 0.792, data_time: 0.719, memory: 861, top1_acc: 0.6461, top5_acc: 0.9555, loss_cls: 10.4654, loss: 10.4654, grad_norm: 2.4985
2022-04-26 20:41:53,169 - mmaction - INFO - Evaluating top_k_accuracy ...
2022-04-26 20:41:53,170 - mmaction - INFO - 
top1_acc	0.6000
top5_acc	0.9000
2022-04-26 20:41:53,170 - mmaction - INFO - Evaluating mean_class_accuracy ...
2022-04-26 20:41:53,170 - mmaction - INFO - 
mean_acc	0.6000
2022-04-26 20:41:53,170 - mmaction - INFO - Epoch(val) [17][6]	top1_acc: 0.6000, top5_acc: 0.9000, mean_class_accuracy: 0.6000
2022-04-26 20:42:24,769 - mmaction - INFO - Epoch [18][40/50]	lr: 6.980e-01, eta: 0:16:09, time: 0.790, data_time: 0.618, memory: 861, top1_acc: 0.6617, top5_acc: 0.9656, loss_cls: 8.3923, loss: 8.3923, grad_norm: 2.4088
2022-04-26 20:42:54,597 - mmaction - INFO - Evaluating top_k_accuracy ...
2022-04-26 20:42:54,597 - mmaction - INFO - 
top1_acc	0.7000
top5_acc	0.9889
2022-04-26 20:42:54,597 - mmaction - INFO - Evaluating mean_class_accuracy ...
2022-04-26 20:42:54,598 - mmaction - INFO - 
mean_acc	0.7000
2022-04-26 20:42:54,598 - mmaction - INFO - Epoch(val) [18][6]	top1_acc: 0.7000, top5_acc: 0.9889, mean_class_accuracy: 0.7000
2022-04-26 20:43:26,384 - mmaction - INFO - Epoch [19][40/50]	lr: 6.675e-01, eta: 0:15:36, time: 0.794, data_time: 0.619, memory: 861, top1_acc: 0.6562, top5_acc: 0.9727, loss_cls: 7.5352, loss: 7.5352, grad_norm: 2.3756
2022-04-26 20:43:56,022 - mmaction - INFO - Evaluating top_k_accuracy ...
2022-04-26 20:43:56,023 - mmaction - INFO - 
top1_acc	0.7611
top5_acc	0.9167
2022-04-26 20:43:56,023 - mmaction - INFO - Evaluating mean_class_accuracy ...
2022-04-26 20:43:56,023 - mmaction - INFO - 
mean_acc	0.7611
2022-04-26 20:43:56,023 - mmaction - INFO - Epoch(val) [19][6]	top1_acc: 0.7611, top5_acc: 0.9167, mean_class_accuracy: 0.7611
2022-04-26 20:44:27,457 - mmaction - INFO - Epoch [20][40/50]	lr: 6.364e-01, eta: 0:15:03, time: 0.786, data_time: 0.737, memory: 861, top1_acc: 0.7016, top5_acc: 0.9836, loss_cls: 6.0310, loss: 6.0310, grad_norm: 2.1056
2022-04-26 20:44:57,335 - mmaction - INFO - Evaluating top_k_accuracy ...
2022-04-26 20:44:57,336 - mmaction - INFO - 
top1_acc	0.6667
top5_acc	0.9333
2022-04-26 20:44:57,336 - mmaction - INFO - Evaluating mean_class_accuracy ...
2022-04-26 20:44:57,336 - mmaction - INFO - 
mean_acc	0.6667
2022-04-26 20:44:57,336 - mmaction - INFO - Epoch(val) [20][6]	top1_acc: 0.6667, top5_acc: 0.9333, mean_class_accuracy: 0.6667
2022-04-26 20:45:29,027 - mmaction - INFO - Epoch [21][40/50]	lr: 6.046e-01, eta: 0:14:31, time: 0.792, data_time: 0.719, memory: 861, top1_acc: 0.7063, top5_acc: 0.9836, loss_cls: 5.9669, loss: 5.9669, grad_norm: 2.1071
2022-04-26 20:45:58,897 - mmaction - INFO - Evaluating top_k_accuracy ...
2022-04-26 20:45:58,898 - mmaction - INFO - 
top1_acc	0.5944
top5_acc	0.9444
2022-04-26 20:45:58,898 - mmaction - INFO - Evaluating mean_class_accuracy ...
2022-04-26 20:45:58,898 - mmaction - INFO - 
mean_acc	0.5944
2022-04-26 20:45:58,898 - mmaction - INFO - Epoch(val) [21][6]	top1_acc: 0.5944, top5_acc: 0.9444, mean_class_accuracy: 0.5944
2022-04-26 20:46:31,231 - mmaction - INFO - Epoch [22][40/50]	lr: 5.724e-01, eta: 0:13:59, time: 0.808, data_time: 0.703, memory: 861, top1_acc: 0.6500, top5_acc: 0.9875, loss_cls: 6.3108, loss: 6.3108, grad_norm: 2.3265
2022-04-26 20:47:01,537 - mmaction - INFO - Evaluating top_k_accuracy ...
2022-04-26 20:47:01,538 - mmaction - INFO - 
top1_acc	0.8000
top5_acc	0.9944
2022-04-26 20:47:01,538 - mmaction - INFO - Evaluating mean_class_accuracy ...
2022-04-26 20:47:01,538 - mmaction - INFO - 
mean_acc	0.8000
2022-04-26 20:47:01,538 - mmaction - INFO - Epoch(val) [22][6]	top1_acc: 0.8000, top5_acc: 0.9944, mean_class_accuracy: 0.8000
2022-04-26 20:47:33,243 - mmaction - INFO - Epoch [23][40/50]	lr: 5.399e-01, eta: 0:13:27, time: 0.793, data_time: 0.743, memory: 861, top1_acc: 0.6773, top5_acc: 0.9789, loss_cls: 5.8838, loss: 5.8838, grad_norm: 2.2518
2022-04-26 20:48:02,625 - mmaction - INFO - Evaluating top_k_accuracy ...
2022-04-26 20:48:02,627 - mmaction - INFO - 
top1_acc	0.7611
top5_acc	0.9056
2022-04-26 20:48:02,627 - mmaction - INFO - Evaluating mean_class_accuracy ...
2022-04-26 20:48:02,628 - mmaction - INFO - 
mean_acc	0.7611
2022-04-26 20:48:02,628 - mmaction - INFO - Epoch(val) [23][6]	top1_acc: 0.7611, top5_acc: 0.9056, mean_class_accuracy: 0.7611
2022-04-26 20:48:34,199 - mmaction - INFO - Epoch [24][40/50]	lr: 5.072e-01, eta: 0:12:54, time: 0.789, data_time: 0.740, memory: 861, top1_acc: 0.7219, top5_acc: 0.9820, loss_cls: 5.4930, loss: 5.4930, grad_norm: 2.0364
2022-04-26 20:49:04,077 - mmaction - INFO - Evaluating top_k_accuracy ...
2022-04-26 20:49:04,077 - mmaction - INFO - 
top1_acc	0.6889
top5_acc	0.9944
2022-04-26 20:49:04,077 - mmaction - INFO - Evaluating mean_class_accuracy ...
2022-04-26 20:49:04,078 - mmaction - INFO - 
mean_acc	0.6889
2022-04-26 20:49:04,078 - mmaction - INFO - Epoch(val) [24][6]	top1_acc: 0.6889, top5_acc: 0.9944, mean_class_accuracy: 0.6889
2022-04-26 20:49:36,200 - mmaction - INFO - Epoch [25][40/50]	lr: 4.745e-01, eta: 0:12:22, time: 0.803, data_time: 0.755, memory: 861, top1_acc: 0.7211, top5_acc: 0.9805, loss_cls: 4.9251, loss: 4.9251, grad_norm: 2.0057
2022-04-26 20:50:05,549 - mmaction - INFO - Evaluating top_k_accuracy ...
2022-04-26 20:50:05,550 - mmaction - INFO - 
top1_acc	0.7444
top5_acc	0.9778
2022-04-26 20:50:05,550 - mmaction - INFO - Evaluating mean_class_accuracy ...
2022-04-26 20:50:05,550 - mmaction - INFO - 
mean_acc	0.7444
2022-04-26 20:50:05,550 - mmaction - INFO - Epoch(val) [25][6]	top1_acc: 0.7444, top5_acc: 0.9778, mean_class_accuracy: 0.7444
2022-04-26 20:50:37,104 - mmaction - INFO - Epoch [26][40/50]	lr: 4.419e-01, eta: 0:11:50, time: 0.789, data_time: 0.723, memory: 861, top1_acc: 0.7383, top5_acc: 0.9867, loss_cls: 3.8714, loss: 3.8714, grad_norm: 1.8885
2022-04-26 20:51:06,626 - mmaction - INFO - Evaluating top_k_accuracy ...
2022-04-26 20:51:06,627 - mmaction - INFO - 
top1_acc	0.6111
top5_acc	0.9667
2022-04-26 20:51:06,627 - mmaction - INFO - Evaluating mean_class_accuracy ...
2022-04-26 20:51:06,627 - mmaction - INFO - 
mean_acc	0.6111
2022-04-26 20:51:06,627 - mmaction - INFO - Epoch(val) [26][6]	top1_acc: 0.6111, top5_acc: 0.9667, mean_class_accuracy: 0.6111
2022-04-26 20:51:38,502 - mmaction - INFO - Epoch [27][40/50]	lr: 4.095e-01, eta: 0:11:18, time: 0.797, data_time: 0.628, memory: 861, top1_acc: 0.7219, top5_acc: 0.9828, loss_cls: 4.4019, loss: 4.4019, grad_norm: 1.9485
2022-04-26 20:52:07,832 - mmaction - INFO - Evaluating top_k_accuracy ...
2022-04-26 20:52:07,833 - mmaction - INFO - 
top1_acc	0.7778
top5_acc	0.9889
2022-04-26 20:52:07,833 - mmaction - INFO - Evaluating mean_class_accuracy ...
2022-04-26 20:52:07,833 - mmaction - INFO - 
mean_acc	0.7778
2022-04-26 20:52:07,833 - mmaction - INFO - Epoch(val) [27][6]	top1_acc: 0.7778, top5_acc: 0.9889, mean_class_accuracy: 0.7778
2022-04-26 20:52:39,736 - mmaction - INFO - Epoch [28][40/50]	lr: 3.776e-01, eta: 0:10:46, time: 0.797, data_time: 0.612, memory: 861, top1_acc: 0.7305, top5_acc: 0.9867, loss_cls: 4.3268, loss: 4.3268, grad_norm: 2.0122
2022-04-26 20:53:09,212 - mmaction - INFO - Evaluating top_k_accuracy ...
2022-04-26 20:53:09,213 - mmaction - INFO - 
top1_acc	0.8222
top5_acc	0.9778
2022-04-26 20:53:09,213 - mmaction - INFO - Evaluating mean_class_accuracy ...
2022-04-26 20:53:09,213 - mmaction - INFO - 
mean_acc	0.8222
2022-04-26 20:53:09,214 - mmaction - INFO - The previous best checkpoint /home/yl/myposec3d/model_pth/exp1-new/NSWR-linear5/best_top1_acc_epoch_15.pth was removed
2022-04-26 20:53:09,244 - mmaction - INFO - Now best checkpoint is saved as best_top1_acc_epoch_28.pth.
2022-04-26 20:53:09,244 - mmaction - INFO - Best top1_acc is 0.8222 at 28 epoch.
2022-04-26 20:53:09,244 - mmaction - INFO - Epoch(val) [28][6]	top1_acc: 0.8222, top5_acc: 0.9778, mean_class_accuracy: 0.8222
2022-04-26 20:53:40,483 - mmaction - INFO - Epoch [29][40/50]	lr: 3.461e-01, eta: 0:10:13, time: 0.781, data_time: 0.729, memory: 861, top1_acc: 0.7086, top5_acc: 0.9875, loss_cls: 4.0528, loss: 4.0528, grad_norm: 2.0526
2022-04-26 20:54:09,439 - mmaction - INFO - Evaluating top_k_accuracy ...
2022-04-26 20:54:09,440 - mmaction - INFO - 
top1_acc	0.7556
top5_acc	1.0000
2022-04-26 20:54:09,440 - mmaction - INFO - Evaluating mean_class_accuracy ...
2022-04-26 20:54:09,441 - mmaction - INFO - 
mean_acc	0.7556
2022-04-26 20:54:09,441 - mmaction - INFO - Epoch(val) [29][6]	top1_acc: 0.7556, top5_acc: 1.0000, mean_class_accuracy: 0.7556
2022-04-26 20:54:42,115 - mmaction - INFO - Epoch [30][40/50]	lr: 3.153e-01, eta: 0:09:42, time: 0.817, data_time: 0.736, memory: 861, top1_acc: 0.7445, top5_acc: 0.9883, loss_cls: 3.1152, loss: 3.1152, grad_norm: 1.8758
2022-04-26 20:55:11,550 - mmaction - INFO - Evaluating top_k_accuracy ...
2022-04-26 20:55:11,550 - mmaction - INFO - 
top1_acc	0.6889
top5_acc	1.0000
2022-04-26 20:55:11,550 - mmaction - INFO - Evaluating mean_class_accuracy ...
2022-04-26 20:55:11,551 - mmaction - INFO - 
mean_acc	0.6889
2022-04-26 20:55:11,551 - mmaction - INFO - Epoch(val) [30][6]	top1_acc: 0.6889, top5_acc: 1.0000, mean_class_accuracy: 0.6889
2022-04-26 20:55:43,164 - mmaction - INFO - Epoch [31][40/50]	lr: 2.853e-01, eta: 0:09:09, time: 0.790, data_time: 0.626, memory: 861, top1_acc: 0.7375, top5_acc: 0.9852, loss_cls: 3.1356, loss: 3.1356, grad_norm: 1.9204
2022-04-26 20:56:12,535 - mmaction - INFO - Evaluating top_k_accuracy ...
2022-04-26 20:56:12,535 - mmaction - INFO - 
top1_acc	0.7778
top5_acc	0.9556
2022-04-26 20:56:12,535 - mmaction - INFO - Evaluating mean_class_accuracy ...
2022-04-26 20:56:12,536 - mmaction - INFO - 
mean_acc	0.7778
2022-04-26 20:56:12,536 - mmaction - INFO - Epoch(val) [31][6]	top1_acc: 0.7778, top5_acc: 0.9556, mean_class_accuracy: 0.7778
2022-04-26 20:56:44,002 - mmaction - INFO - Epoch [32][40/50]	lr: 2.563e-01, eta: 0:08:37, time: 0.787, data_time: 0.709, memory: 861, top1_acc: 0.7625, top5_acc: 0.9859, loss_cls: 2.8134, loss: 2.8134, grad_norm: 1.7448
2022-04-26 20:57:13,448 - mmaction - INFO - Evaluating top_k_accuracy ...
2022-04-26 20:57:13,449 - mmaction - INFO - 
top1_acc	0.8000
top5_acc	0.9944
2022-04-26 20:57:13,449 - mmaction - INFO - Evaluating mean_class_accuracy ...
2022-04-26 20:57:13,449 - mmaction - INFO - 
mean_acc	0.8000
2022-04-26 20:57:13,450 - mmaction - INFO - Epoch(val) [32][6]	top1_acc: 0.8000, top5_acc: 0.9944, mean_class_accuracy: 0.8000
2022-04-26 20:57:44,987 - mmaction - INFO - Epoch [33][40/50]	lr: 2.282e-01, eta: 0:08:05, time: 0.788, data_time: 0.671, memory: 861, top1_acc: 0.7539, top5_acc: 0.9914, loss_cls: 2.5516, loss: 2.5516, grad_norm: 1.7707
2022-04-26 20:58:14,074 - mmaction - INFO - Evaluating top_k_accuracy ...
2022-04-26 20:58:14,074 - mmaction - INFO - 
top1_acc	0.8278
top5_acc	0.9778
2022-04-26 20:58:14,074 - mmaction - INFO - Evaluating mean_class_accuracy ...
2022-04-26 20:58:14,074 - mmaction - INFO - 
mean_acc	0.8278
2022-04-26 20:58:14,076 - mmaction - INFO - The previous best checkpoint /home/yl/myposec3d/model_pth/exp1-new/NSWR-linear5/best_top1_acc_epoch_28.pth was removed
2022-04-26 20:58:14,103 - mmaction - INFO - Now best checkpoint is saved as best_top1_acc_epoch_33.pth.
2022-04-26 20:58:14,103 - mmaction - INFO - Best top1_acc is 0.8278 at 33 epoch.
2022-04-26 20:58:14,103 - mmaction - INFO - Epoch(val) [33][6]	top1_acc: 0.8278, top5_acc: 0.9778, mean_class_accuracy: 0.8278
2022-04-26 20:58:45,716 - mmaction - INFO - Epoch [34][40/50]	lr: 2.014e-01, eta: 0:07:33, time: 0.790, data_time: 0.696, memory: 861, top1_acc: 0.7914, top5_acc: 0.9922, loss_cls: 2.0179, loss: 2.0179, grad_norm: 1.5123
2022-04-26 20:59:14,910 - mmaction - INFO - Evaluating top_k_accuracy ...
2022-04-26 20:59:14,911 - mmaction - INFO - 
top1_acc	0.8222
top5_acc	1.0000
2022-04-26 20:59:14,911 - mmaction - INFO - Evaluating mean_class_accuracy ...
2022-04-26 20:59:14,911 - mmaction - INFO - 
mean_acc	0.8222
2022-04-26 20:59:14,911 - mmaction - INFO - Epoch(val) [34][6]	top1_acc: 0.8222, top5_acc: 1.0000, mean_class_accuracy: 0.8222
2022-04-26 20:59:46,365 - mmaction - INFO - Epoch [35][40/50]	lr: 1.758e-01, eta: 0:07:01, time: 0.786, data_time: 0.667, memory: 861, top1_acc: 0.7727, top5_acc: 0.9938, loss_cls: 2.2341, loss: 2.2341, grad_norm: 1.6735
2022-04-26 21:00:15,506 - mmaction - INFO - Evaluating top_k_accuracy ...
2022-04-26 21:00:15,507 - mmaction - INFO - 
top1_acc	0.8389
top5_acc	0.9611
2022-04-26 21:00:15,507 - mmaction - INFO - Evaluating mean_class_accuracy ...
2022-04-26 21:00:15,507 - mmaction - INFO - 
mean_acc	0.8389
2022-04-26 21:00:15,510 - mmaction - INFO - The previous best checkpoint /home/yl/myposec3d/model_pth/exp1-new/NSWR-linear5/best_top1_acc_epoch_33.pth was removed
2022-04-26 21:00:15,542 - mmaction - INFO - Now best checkpoint is saved as best_top1_acc_epoch_35.pth.
2022-04-26 21:00:15,542 - mmaction - INFO - Best top1_acc is 0.8389 at 35 epoch.
2022-04-26 21:00:15,542 - mmaction - INFO - Epoch(val) [35][6]	top1_acc: 0.8389, top5_acc: 0.9611, mean_class_accuracy: 0.8389
2022-04-26 21:00:47,550 - mmaction - INFO - Epoch [36][40/50]	lr: 1.516e-01, eta: 0:06:29, time: 0.800, data_time: 0.750, memory: 861, top1_acc: 0.8078, top5_acc: 0.9953, loss_cls: 1.6686, loss: 1.6686, grad_norm: 1.4185
2022-04-26 21:01:18,013 - mmaction - INFO - Evaluating top_k_accuracy ...
2022-04-26 21:01:18,013 - mmaction - INFO - 
top1_acc	0.8222
top5_acc	0.9611
2022-04-26 21:01:18,013 - mmaction - INFO - Evaluating mean_class_accuracy ...
2022-04-26 21:01:18,014 - mmaction - INFO - 
mean_acc	0.8222
2022-04-26 21:01:18,014 - mmaction - INFO - Epoch(val) [36][6]	top1_acc: 0.8222, top5_acc: 0.9611, mean_class_accuracy: 0.8222
2022-04-26 21:01:49,536 - mmaction - INFO - Epoch [37][40/50]	lr: 1.289e-01, eta: 0:05:57, time: 0.788, data_time: 0.702, memory: 861, top1_acc: 0.7820, top5_acc: 0.9891, loss_cls: 2.1098, loss: 2.1098, grad_norm: 1.6338
2022-04-26 21:02:18,816 - mmaction - INFO - Evaluating top_k_accuracy ...
2022-04-26 21:02:18,817 - mmaction - INFO - 
top1_acc	0.8111
top5_acc	1.0000
2022-04-26 21:02:18,817 - mmaction - INFO - Evaluating mean_class_accuracy ...
2022-04-26 21:02:18,818 - mmaction - INFO - 
mean_acc	0.8111
2022-04-26 21:02:18,818 - mmaction - INFO - Epoch(val) [37][6]	top1_acc: 0.8111, top5_acc: 1.0000, mean_class_accuracy: 0.8111
2022-04-26 21:02:50,553 - mmaction - INFO - Epoch [38][40/50]	lr: 1.077e-01, eta: 0:05:25, time: 0.793, data_time: 0.739, memory: 861, top1_acc: 0.8187, top5_acc: 0.9938, loss_cls: 1.5865, loss: 1.5865, grad_norm: 1.3836
2022-04-26 21:03:20,323 - mmaction - INFO - Evaluating top_k_accuracy ...
2022-04-26 21:03:20,323 - mmaction - INFO - 
top1_acc	0.8222
top5_acc	1.0000
2022-04-26 21:03:20,323 - mmaction - INFO - Evaluating mean_class_accuracy ...
2022-04-26 21:03:20,324 - mmaction - INFO - 
mean_acc	0.8222
2022-04-26 21:03:20,324 - mmaction - INFO - Epoch(val) [38][6]	top1_acc: 0.8222, top5_acc: 1.0000, mean_class_accuracy: 0.8222
2022-04-26 21:03:51,931 - mmaction - INFO - Epoch [39][40/50]	lr: 8.831e-02, eta: 0:04:53, time: 0.790, data_time: 0.713, memory: 861, top1_acc: 0.8055, top5_acc: 0.9969, loss_cls: 1.5343, loss: 1.5343, grad_norm: 1.4383
2022-04-26 21:04:21,573 - mmaction - INFO - Evaluating top_k_accuracy ...
2022-04-26 21:04:21,574 - mmaction - INFO - 
top1_acc	0.7611
top5_acc	1.0000
2022-04-26 21:04:21,574 - mmaction - INFO - Evaluating mean_class_accuracy ...
2022-04-26 21:04:21,575 - mmaction - INFO - 
mean_acc	0.7611
2022-04-26 21:04:21,575 - mmaction - INFO - Epoch(val) [39][6]	top1_acc: 0.7611, top5_acc: 1.0000, mean_class_accuracy: 0.7611
2022-04-26 21:04:53,258 - mmaction - INFO - Epoch [40][40/50]	lr: 7.063e-02, eta: 0:04:21, time: 0.792, data_time: 0.617, memory: 861, top1_acc: 0.8328, top5_acc: 0.9953, loss_cls: 1.4032, loss: 1.4032, grad_norm: 1.2967
2022-04-26 21:05:22,955 - mmaction - INFO - Evaluating top_k_accuracy ...
2022-04-26 21:05:22,955 - mmaction - INFO - 
top1_acc	0.7944
top5_acc	1.0000
2022-04-26 21:05:22,956 - mmaction - INFO - Evaluating mean_class_accuracy ...
2022-04-26 21:05:22,956 - mmaction - INFO - 
mean_acc	0.7944
2022-04-26 21:05:22,956 - mmaction - INFO - Epoch(val) [40][6]	top1_acc: 0.7944, top5_acc: 1.0000, mean_class_accuracy: 0.7944
2022-04-26 21:05:55,002 - mmaction - INFO - Epoch [41][40/50]	lr: 5.479e-02, eta: 0:03:49, time: 0.801, data_time: 0.629, memory: 861, top1_acc: 0.8359, top5_acc: 0.9953, loss_cls: 1.2575, loss: 1.2575, grad_norm: 1.3183
2022-04-26 21:06:24,899 - mmaction - INFO - Evaluating top_k_accuracy ...
2022-04-26 21:06:24,900 - mmaction - INFO - 
top1_acc	0.8667
top5_acc	0.9889
2022-04-26 21:06:24,900 - mmaction - INFO - Evaluating mean_class_accuracy ...
2022-04-26 21:06:24,900 - mmaction - INFO - 
mean_acc	0.8667
2022-04-26 21:06:24,902 - mmaction - INFO - The previous best checkpoint /home/yl/myposec3d/model_pth/exp1-new/NSWR-linear5/best_top1_acc_epoch_35.pth was removed
2022-04-26 21:06:24,932 - mmaction - INFO - Now best checkpoint is saved as best_top1_acc_epoch_41.pth.
2022-04-26 21:06:24,932 - mmaction - INFO - Best top1_acc is 0.8667 at 41 epoch.
2022-04-26 21:06:24,933 - mmaction - INFO - Epoch(val) [41][6]	top1_acc: 0.8667, top5_acc: 0.9889, mean_class_accuracy: 0.8667
2022-04-26 21:06:57,327 - mmaction - INFO - Epoch [42][40/50]	lr: 4.086e-02, eta: 0:03:17, time: 0.810, data_time: 0.657, memory: 861, top1_acc: 0.8414, top5_acc: 0.9953, loss_cls: 1.1276, loss: 1.1276, grad_norm: 1.2307
2022-04-26 21:07:27,029 - mmaction - INFO - Evaluating top_k_accuracy ...
2022-04-26 21:07:27,029 - mmaction - INFO - 
top1_acc	0.8000
top5_acc	0.9944
2022-04-26 21:07:27,030 - mmaction - INFO - Evaluating mean_class_accuracy ...
2022-04-26 21:07:27,030 - mmaction - INFO - 
mean_acc	0.8000
2022-04-26 21:07:27,030 - mmaction - INFO - Epoch(val) [42][6]	top1_acc: 0.8000, top5_acc: 0.9944, mean_class_accuracy: 0.8000
2022-04-26 21:07:59,002 - mmaction - INFO - Epoch [43][40/50]	lr: 2.890e-02, eta: 0:02:45, time: 0.799, data_time: 0.729, memory: 861, top1_acc: 0.8398, top5_acc: 0.9977, loss_cls: 1.0543, loss: 1.0543, grad_norm: 1.2513
2022-04-26 21:08:28,874 - mmaction - INFO - Evaluating top_k_accuracy ...
2022-04-26 21:08:28,875 - mmaction - INFO - 
top1_acc	0.8389
top5_acc	0.9944
2022-04-26 21:08:28,875 - mmaction - INFO - Evaluating mean_class_accuracy ...
2022-04-26 21:08:28,875 - mmaction - INFO - 
mean_acc	0.8389
2022-04-26 21:08:28,876 - mmaction - INFO - Epoch(val) [43][6]	top1_acc: 0.8389, top5_acc: 0.9944, mean_class_accuracy: 0.8389
2022-04-26 21:09:00,752 - mmaction - INFO - Epoch [44][40/50]	lr: 1.895e-02, eta: 0:02:14, time: 0.797, data_time: 0.742, memory: 861, top1_acc: 0.8336, top5_acc: 0.9945, loss_cls: 1.0816, loss: 1.0816, grad_norm: 1.2396
2022-04-26 21:09:30,629 - mmaction - INFO - Evaluating top_k_accuracy ...
2022-04-26 21:09:30,629 - mmaction - INFO - 
top1_acc	0.8278
top5_acc	0.9944
2022-04-26 21:09:30,629 - mmaction - INFO - Evaluating mean_class_accuracy ...
2022-04-26 21:09:30,630 - mmaction - INFO - 
mean_acc	0.8278
2022-04-26 21:09:30,630 - mmaction - INFO - Epoch(val) [44][6]	top1_acc: 0.8278, top5_acc: 0.9944, mean_class_accuracy: 0.8278
2022-04-26 21:10:02,632 - mmaction - INFO - Epoch [45][40/50]	lr: 1.106e-02, eta: 0:01:42, time: 0.800, data_time: 0.745, memory: 861, top1_acc: 0.8227, top5_acc: 0.9969, loss_cls: 1.1758, loss: 1.1758, grad_norm: 1.2732
2022-04-26 21:10:32,758 - mmaction - INFO - Evaluating top_k_accuracy ...
2022-04-26 21:10:32,759 - mmaction - INFO - 
top1_acc	0.8722
top5_acc	0.9944
2022-04-26 21:10:32,759 - mmaction - INFO - Evaluating mean_class_accuracy ...
2022-04-26 21:10:32,759 - mmaction - INFO - 
mean_acc	0.8722
2022-04-26 21:10:32,761 - mmaction - INFO - The previous best checkpoint /home/yl/myposec3d/model_pth/exp1-new/NSWR-linear5/best_top1_acc_epoch_41.pth was removed
2022-04-26 21:10:32,794 - mmaction - INFO - Now best checkpoint is saved as best_top1_acc_epoch_45.pth.
2022-04-26 21:10:32,794 - mmaction - INFO - Best top1_acc is 0.8722 at 45 epoch.
2022-04-26 21:10:32,794 - mmaction - INFO - Epoch(val) [45][6]	top1_acc: 0.8722, top5_acc: 0.9944, mean_class_accuracy: 0.8722
2022-04-26 21:11:04,902 - mmaction - INFO - Epoch [46][40/50]	lr: 5.269e-03, eta: 0:01:10, time: 0.803, data_time: 0.698, memory: 861, top1_acc: 0.8523, top5_acc: 0.9977, loss_cls: 0.9345, loss: 0.9345, grad_norm: 1.1579
2022-04-26 21:11:34,334 - mmaction - INFO - Evaluating top_k_accuracy ...
2022-04-26 21:11:34,335 - mmaction - INFO - 
top1_acc	0.8333
top5_acc	0.9944
2022-04-26 21:11:34,335 - mmaction - INFO - Evaluating mean_class_accuracy ...
2022-04-26 21:11:34,335 - mmaction - INFO - 
mean_acc	0.8333
2022-04-26 21:11:34,335 - mmaction - INFO - Epoch(val) [46][6]	top1_acc: 0.8333, top5_acc: 0.9944, mean_class_accuracy: 0.8333
2022-04-26 21:12:06,822 - mmaction - INFO - Epoch [47][40/50]	lr: 1.593e-03, eta: 0:00:38, time: 0.812, data_time: 0.763, memory: 861, top1_acc: 0.8414, top5_acc: 0.9977, loss_cls: 1.1487, loss: 1.1487, grad_norm: 1.2267
2022-04-26 21:12:36,284 - mmaction - INFO - Evaluating top_k_accuracy ...
2022-04-26 21:12:36,285 - mmaction - INFO - 
top1_acc	0.8444
top5_acc	0.9944
2022-04-26 21:12:36,285 - mmaction - INFO - Evaluating mean_class_accuracy ...
2022-04-26 21:12:36,285 - mmaction - INFO - 
mean_acc	0.8444
2022-04-26 21:12:36,285 - mmaction - INFO - Epoch(val) [47][6]	top1_acc: 0.8444, top5_acc: 0.9944, mean_class_accuracy: 0.8444
2022-04-26 21:13:07,723 - mmaction - INFO - Epoch [48][40/50]	lr: 5.183e-05, eta: 0:00:06, time: 0.786, data_time: 0.714, memory: 861, top1_acc: 0.8320, top5_acc: 0.9969, loss_cls: 1.0961, loss: 1.0961, grad_norm: 1.2400
2022-04-26 21:13:10,079 - mmaction - INFO - Saving checkpoint at 48 epochs
2022-04-26 21:13:37,594 - mmaction - INFO - Evaluating top_k_accuracy ...
2022-04-26 21:13:37,595 - mmaction - INFO - 
top1_acc	0.8444
top5_acc	0.9944
2022-04-26 21:13:37,595 - mmaction - INFO - Evaluating mean_class_accuracy ...
2022-04-26 21:13:37,596 - mmaction - INFO - 
mean_acc	0.8444
2022-04-26 21:13:37,596 - mmaction - INFO - Epoch(val) [48][6]	top1_acc: 0.8444, top5_acc: 0.9944, mean_class_accuracy: 0.8444
