2022-04-28 07:50:38,168 - mmaction - INFO - Environment info:
------------------------------------------------------------
sys.platform: linux
Python: 3.8.12 | packaged by conda-forge | (default, Oct 12 2021, 21:57:06) [GCC 9.4.0]
CUDA available: True
GPU 0,1,2,3: NVIDIA GeForce RTX 3090
CUDA_HOME: /usr/local/cuda
NVCC: Build cuda_11.1.TC455_06.29190527_0
GCC: gcc (Ubuntu 9.4.0-1ubuntu1~20.04.1) 9.4.0
PyTorch: 1.9.1+cu111
PyTorch compiling details: PyTorch built with:
  - GCC 7.3
  - C++ Version: 201402
  - Intel(R) Math Kernel Library Version 2020.0.0 Product Build 20191122 for Intel(R) 64 architecture applications
  - Intel(R) MKL-DNN v2.1.2 (Git Hash 98be7e8afa711dc9b66c8ff3504129cb82013cdb)
  - OpenMP 201511 (a.k.a. OpenMP 4.5)
  - NNPACK is enabled
  - CPU capability usage: AVX2
  - CUDA Runtime 11.1
  - NVCC architecture flags: -gencode;arch=compute_37,code=sm_37;-gencode;arch=compute_50,code=sm_50;-gencode;arch=compute_60,code=sm_60;-gencode;arch=compute_70,code=sm_70;-gencode;arch=compute_75,code=sm_75;-gencode;arch=compute_80,code=sm_80;-gencode;arch=compute_86,code=sm_86
  - CuDNN 8.0.5
  - Magma 2.5.2
  - Build settings: BLAS_INFO=mkl, BUILD_TYPE=Release, CUDA_VERSION=11.1, CUDNN_VERSION=8.0.5, CXX_COMPILER=/opt/rh/devtoolset-7/root/usr/bin/c++, CXX_FLAGS= -Wno-deprecated -fvisibility-inlines-hidden -DUSE_PTHREADPOOL -fopenmp -DNDEBUG -DUSE_KINETO -DUSE_FBGEMM -DUSE_QNNPACK -DUSE_PYTORCH_QNNPACK -DUSE_XNNPACK -DSYMBOLICATE_MOBILE_DEBUG_HANDLE -O2 -fPIC -Wno-narrowing -Wall -Wextra -Werror=return-type -Wno-missing-field-initializers -Wno-type-limits -Wno-array-bounds -Wno-unknown-pragmas -Wno-sign-compare -Wno-unused-parameter -Wno-unused-variable -Wno-unused-function -Wno-unused-result -Wno-unused-local-typedefs -Wno-strict-overflow -Wno-strict-aliasing -Wno-error=deprecated-declarations -Wno-stringop-overflow -Wno-psabi -Wno-error=pedantic -Wno-error=redundant-decls -Wno-error=old-style-cast -fdiagnostics-color=always -faligned-new -Wno-unused-but-set-variable -Wno-maybe-uninitialized -fno-math-errno -fno-trapping-math -Werror=format -Wno-stringop-overflow, LAPACK_INFO=mkl, PERF_WITH_AVX=1, PERF_WITH_AVX2=1, PERF_WITH_AVX512=1, TORCH_VERSION=1.9.1, USE_CUDA=ON, USE_CUDNN=ON, USE_EXCEPTION_PTR=1, USE_GFLAGS=OFF, USE_GLOG=OFF, USE_MKL=ON, USE_MKLDNN=ON, USE_MPI=OFF, USE_NCCL=ON, USE_NNPACK=ON, USE_OPENMP=ON, 

TorchVision: 0.10.1+cu111
OpenCV: 4.5.5
MMCV: 1.4.2
MMCV Compiler: GCC 7.3
MMCV CUDA Compiler: 11.1
MMAction2: 0.20.0+1c4333f
------------------------------------------------------------

2022-04-28 07:50:38,168 - mmaction - INFO - Distributed training: True
2022-04-28 07:50:40,040 - mmaction - INFO - Config: model = dict(
    type='Recognizer3D',
    backbone=dict(
        type='ResNet3dSlowOnly',
        depth=50,
        pretrained=None,
        in_channels=5,
        base_channels=32,
        num_stages=3,
        out_indices=(2, ),
        stage_blocks=(4, 6, 3),
        conv1_stride_s=1,
        pool1_stride_s=1,
        inflate=(0, 1, 1),
        spatial_strides=(2, 2, 2),
        temporal_strides=(1, 1, 2),
        dilations=(1, 1, 1)),
    cls_head=dict(
        type='I3DHead',
        in_channels=512,
        num_classes=10,
        spatial_type='avg',
        dropout_ratio=0.5),
    train_cfg=dict(),
    test_cfg=dict(average_clips='prob'))
dataset_type = 'PoseDataset'
ann_file_train = 'data/ds_taichi/TEST9AUG8/NSNR/train_data.pkl'
ann_file_val = 'data/ds_taichi/TEST9AUG8/NSNR/test_data.pkl'
left = [
    5, 6, 7, 8, 44, 45, 46, 47, 48, 49, 50, 51, 52, 53, 54, 55, 56, 57, 58, 59,
    60, 61, 62, 63, 64, 65, 66, 67, 68, 69, 70, 71
]
right = [
    1, 2, 3, 4, 16, 17, 18, 19, 20, 21, 22, 23, 24, 25, 26, 27, 28, 29, 30, 31,
    32, 33, 34, 35, 36, 37, 38, 39, 40, 41, 42, 43
]
train_pipeline = [
    dict(type='UniformSampleFrames', clip_len=48),
    dict(type='PoseDecode'),
    dict(type='PoseCompact', hw_ratio=1.0, allow_imgpad=True),
    dict(type='Resize', scale=(-1, 64)),
    dict(type='RandomResizedCrop', area_range=(0.56, 1.0)),
    dict(type='Resize', scale=(56, 56), keep_ratio=False),
    dict(
        type='Flip',
        flip_ratio=0.5,
        left_kp=[
            5, 6, 7, 8, 44, 45, 46, 47, 48, 49, 50, 51, 52, 53, 54, 55, 56, 57,
            58, 59, 60, 61, 62, 63, 64, 65, 66, 67, 68, 69, 70, 71
        ],
        right_kp=[
            1, 2, 3, 4, 16, 17, 18, 19, 20, 21, 22, 23, 24, 25, 26, 27, 28, 29,
            30, 31, 32, 33, 34, 35, 36, 37, 38, 39, 40, 41, 42, 43
        ]),
    dict(
        type='GenerateTaiChiPoseTarget',
        sigma=0.6,
        use_score=True,
        with_kp=True,
        with_limb=False),
    dict(type='FormatShape', input_format='NCTHW'),
    dict(type='Collect', keys=['imgs', 'label'], meta_keys=[]),
    dict(type='ToTensor', keys=['imgs', 'label'])
]
val_pipeline = [
    dict(type='UniformSampleFrames', clip_len=48, num_clips=1, test_mode=True),
    dict(type='PoseDecode'),
    dict(type='PoseCompact', hw_ratio=1.0, allow_imgpad=True),
    dict(type='Resize', scale=(-1, 64)),
    dict(type='CenterCrop', crop_size=64),
    dict(
        type='GenerateTaiChiPoseTarget',
        sigma=0.6,
        use_score=True,
        with_kp=True,
        with_limb=False),
    dict(type='FormatShape', input_format='NCTHW'),
    dict(type='Collect', keys=['imgs', 'label'], meta_keys=[]),
    dict(type='ToTensor', keys=['imgs'])
]
test_pipeline = [
    dict(
        type='UniformSampleFrames', clip_len=48, num_clips=10, test_mode=True),
    dict(type='PoseDecode'),
    dict(type='PoseCompact', hw_ratio=1.0, allow_imgpad=True),
    dict(type='Resize', scale=(-1, 64)),
    dict(type='CenterCrop', crop_size=64),
    dict(
        type='GenerateTaiChiPoseTarget',
        sigma=0.6,
        use_score=True,
        with_kp=True,
        with_limb=False,
        double=True,
        left_kp=[
            5, 6, 7, 8, 44, 45, 46, 47, 48, 49, 50, 51, 52, 53, 54, 55, 56, 57,
            58, 59, 60, 61, 62, 63, 64, 65, 66, 67, 68, 69, 70, 71
        ],
        right_kp=[
            1, 2, 3, 4, 16, 17, 18, 19, 20, 21, 22, 23, 24, 25, 26, 27, 28, 29,
            30, 31, 32, 33, 34, 35, 36, 37, 38, 39, 40, 41, 42, 43
        ]),
    dict(type='FormatShape', input_format='NCTHW'),
    dict(type='Collect', keys=['imgs', 'label'], meta_keys=[]),
    dict(type='ToTensor', keys=['imgs'])
]
data = dict(
    videos_per_gpu=8,
    workers_per_gpu=4,
    test_dataloader=dict(videos_per_gpu=4),
    train=dict(
        type='RepeatDataset',
        times=20,
        dataset=dict(
            type='PoseDataset',
            ann_file='data/ds_taichi/TEST9AUG8/NSNR/train_data.pkl',
            data_prefix='',
            pipeline=[
                dict(type='UniformSampleFrames', clip_len=48),
                dict(type='PoseDecode'),
                dict(type='PoseCompact', hw_ratio=1.0, allow_imgpad=True),
                dict(type='Resize', scale=(-1, 64)),
                dict(type='RandomResizedCrop', area_range=(0.56, 1.0)),
                dict(type='Resize', scale=(56, 56), keep_ratio=False),
                dict(
                    type='Flip',
                    flip_ratio=0.5,
                    left_kp=[
                        5, 6, 7, 8, 44, 45, 46, 47, 48, 49, 50, 51, 52, 53, 54,
                        55, 56, 57, 58, 59, 60, 61, 62, 63, 64, 65, 66, 67, 68,
                        69, 70, 71
                    ],
                    right_kp=[
                        1, 2, 3, 4, 16, 17, 18, 19, 20, 21, 22, 23, 24, 25, 26,
                        27, 28, 29, 30, 31, 32, 33, 34, 35, 36, 37, 38, 39, 40,
                        41, 42, 43
                    ]),
                dict(
                    type='GenerateTaiChiPoseTarget',
                    sigma=0.6,
                    use_score=True,
                    with_kp=True,
                    with_limb=False),
                dict(type='FormatShape', input_format='NCTHW'),
                dict(type='Collect', keys=['imgs', 'label'], meta_keys=[]),
                dict(type='ToTensor', keys=['imgs', 'label'])
            ])),
    val=dict(
        type='PoseDataset',
        ann_file='data/ds_taichi/TEST9AUG8/NSNR/test_data.pkl',
        data_prefix='',
        pipeline=[
            dict(
                type='UniformSampleFrames',
                clip_len=48,
                num_clips=1,
                test_mode=True),
            dict(type='PoseDecode'),
            dict(type='PoseCompact', hw_ratio=1.0, allow_imgpad=True),
            dict(type='Resize', scale=(-1, 64)),
            dict(type='CenterCrop', crop_size=64),
            dict(
                type='GenerateTaiChiPoseTarget',
                sigma=0.6,
                use_score=True,
                with_kp=True,
                with_limb=False),
            dict(type='FormatShape', input_format='NCTHW'),
            dict(type='Collect', keys=['imgs', 'label'], meta_keys=[]),
            dict(type='ToTensor', keys=['imgs'])
        ]),
    test=dict(
        type='PoseDataset',
        ann_file='data/ds_taichi/TEST9AUG8/NSNR/test_data.pkl',
        data_prefix='',
        pipeline=[
            dict(
                type='UniformSampleFrames',
                clip_len=48,
                num_clips=10,
                test_mode=True),
            dict(type='PoseDecode'),
            dict(type='PoseCompact', hw_ratio=1.0, allow_imgpad=True),
            dict(type='Resize', scale=(-1, 64)),
            dict(type='CenterCrop', crop_size=64),
            dict(
                type='GenerateTaiChiPoseTarget',
                sigma=0.6,
                use_score=True,
                with_kp=True,
                with_limb=False,
                double=True,
                left_kp=[
                    5, 6, 7, 8, 44, 45, 46, 47, 48, 49, 50, 51, 52, 53, 54, 55,
                    56, 57, 58, 59, 60, 61, 62, 63, 64, 65, 66, 67, 68, 69, 70,
                    71
                ],
                right_kp=[
                    1, 2, 3, 4, 16, 17, 18, 19, 20, 21, 22, 23, 24, 25, 26, 27,
                    28, 29, 30, 31, 32, 33, 34, 35, 36, 37, 38, 39, 40, 41, 42,
                    43
                ]),
            dict(type='FormatShape', input_format='NCTHW'),
            dict(type='Collect', keys=['imgs', 'label'], meta_keys=[]),
            dict(type='ToTensor', keys=['imgs'])
        ]))
optimizer = dict(type='SGD', lr=0.01, momentum=0.9, weight_decay=0.0003)
optimizer_config = dict(grad_clip=dict(max_norm=40, norm_type=2))
lr_config = dict(policy='CosineAnnealing', by_epoch=False, min_lr=0)
total_epochs = 48
checkpoint_config = dict()
workflow = [('train', 1)]
evaluation = dict(
    interval=1, metrics=['top_k_accuracy', 'mean_class_accuracy'], topk=(1, 5))
log_config = dict(interval=40, hooks=[dict(type='TextLoggerHook')])
output_config = dict(out='./model_pth/exp7/ft-T9A8/test_result/results.pkl')
eval_config = dict(
    metric_out='./model_pth/exp7/ft-T9A8/test_result',
    eval=[
        'top_k_accuracy', 'mean_class_accuracy', 'confusion_matrix',
        't_sne_vis'
    ])
dist_params = dict(backend='nccl')
log_level = 'INFO'
work_dir = './model_pth/exp7/ft-T9A8'
load_from = './model_pth/5part_ntu60_xsub_kp_0331/epoch_24.pth'
resume_from = None
find_unused_parameters = False
gpu_ids = range(0, 4)
omnisource = False
module_hooks = []

2022-04-28 07:50:40,041 - mmaction - INFO - Set random seed to 42, deterministic: True
2022-04-28 07:50:40,148 - mmaction - INFO - 160 videos remain after valid thresholding
2022-04-28 07:50:47,482 - mmaction - INFO - 180 videos remain after valid thresholding
2022-04-28 07:50:47,483 - mmaction - INFO - load checkpoint from local path: ./model_pth/5part_ntu60_xsub_kp_0331/epoch_24.pth
2022-04-28 07:50:47,506 - mmaction - WARNING - The model and loaded state dict do not match exactly

size mismatch for cls_head.fc_cls.weight: copying a param with shape torch.Size([60, 512]) from checkpoint, the shape in current model is torch.Size([10, 512]).
size mismatch for cls_head.fc_cls.bias: copying a param with shape torch.Size([60]) from checkpoint, the shape in current model is torch.Size([10]).
2022-04-28 07:50:47,507 - mmaction - INFO - Start running, host: yl@83090-jin, work_dir: /home/yl/myposec3d/model_pth/exp7/ft-T9A8
2022-04-28 07:50:47,507 - mmaction - INFO - Hooks will be executed in the following order:
before_run:
(VERY_HIGH   ) CosineAnnealingLrUpdaterHook       
(NORMAL      ) CheckpointHook                     
(NORMAL      ) DistEvalHook                       
(VERY_LOW    ) TextLoggerHook                     
 -------------------- 
before_train_epoch:
(VERY_HIGH   ) CosineAnnealingLrUpdaterHook       
(NORMAL      ) DistSamplerSeedHook                
(NORMAL      ) DistEvalHook                       
(LOW         ) IterTimerHook                      
(VERY_LOW    ) TextLoggerHook                     
 -------------------- 
before_train_iter:
(VERY_HIGH   ) CosineAnnealingLrUpdaterHook       
(NORMAL      ) DistEvalHook                       
(LOW         ) IterTimerHook                      
 -------------------- 
after_train_iter:
(ABOVE_NORMAL) OptimizerHook                      
(NORMAL      ) CheckpointHook                     
(NORMAL      ) DistEvalHook                       
(LOW         ) IterTimerHook                      
(VERY_LOW    ) TextLoggerHook                     
 -------------------- 
after_train_epoch:
(NORMAL      ) CheckpointHook                     
(NORMAL      ) DistEvalHook                       
(VERY_LOW    ) TextLoggerHook                     
 -------------------- 
before_val_epoch:
(NORMAL      ) DistSamplerSeedHook                
(LOW         ) IterTimerHook                      
(VERY_LOW    ) TextLoggerHook                     
 -------------------- 
before_val_iter:
(LOW         ) IterTimerHook                      
 -------------------- 
after_val_iter:
(LOW         ) IterTimerHook                      
 -------------------- 
after_val_epoch:
(VERY_LOW    ) TextLoggerHook                     
 -------------------- 
after_run:
(VERY_LOW    ) TextLoggerHook                     
 -------------------- 
2022-04-28 07:50:47,507 - mmaction - INFO - workflow: [('train', 1)], max: 48 epochs
2022-04-28 07:50:47,507 - mmaction - INFO - Checkpoints will be saved to /home/yl/myposec3d/model_pth/exp7/ft-T9A8 by HardDiskBackend.
2022-04-28 07:51:24,169 - mmaction - INFO - Epoch [1][40/100]	lr: 9.998e-03, eta: 1:12:41, time: 0.916, data_time: 0.679, memory: 4754, top1_acc: 0.6383, top5_acc: 0.8734, loss_cls: 1.4257, loss: 1.4257, grad_norm: 2.1050
2022-04-28 07:51:32,869 - mmaction - INFO - Epoch [1][80/100]	lr: 9.993e-03, eta: 0:44:35, time: 0.217, data_time: 0.000, memory: 4754, top1_acc: 0.9922, top5_acc: 1.0000, loss_cls: 0.1281, loss: 0.1281, grad_norm: 1.0613
2022-04-28 07:52:07,486 - mmaction - INFO - Evaluating top_k_accuracy ...
2022-04-28 07:52:07,486 - mmaction - INFO - 
top1_acc	0.9944
top5_acc	1.0000
2022-04-28 07:52:07,486 - mmaction - INFO - Evaluating mean_class_accuracy ...
2022-04-28 07:52:07,487 - mmaction - INFO - 
mean_acc	0.9944
2022-04-28 07:52:07,537 - mmaction - INFO - Now best checkpoint is saved as best_top1_acc_epoch_1.pth.
2022-04-28 07:52:07,537 - mmaction - INFO - Best top1_acc is 0.9944 at 1 epoch.
2022-04-28 07:52:07,537 - mmaction - INFO - Epoch(val) [1][6]	top1_acc: 0.9944, top5_acc: 1.0000, mean_class_accuracy: 0.9944
2022-04-28 07:52:44,743 - mmaction - INFO - Epoch [2][40/100]	lr: 9.979e-03, eta: 0:45:47, time: 0.930, data_time: 0.709, memory: 4754, top1_acc: 0.9992, top5_acc: 1.0000, loss_cls: 0.0283, loss: 0.0283, grad_norm: 0.4100
2022-04-28 07:52:53,669 - mmaction - INFO - Epoch [2][80/100]	lr: 9.966e-03, eta: 0:39:07, time: 0.223, data_time: 0.000, memory: 4754, top1_acc: 1.0000, top5_acc: 1.0000, loss_cls: 0.0245, loss: 0.0245, grad_norm: 0.4006
2022-04-28 07:53:29,657 - mmaction - INFO - Evaluating top_k_accuracy ...
2022-04-28 07:53:29,658 - mmaction - INFO - 
top1_acc	0.9722
top5_acc	1.0000
2022-04-28 07:53:29,658 - mmaction - INFO - Evaluating mean_class_accuracy ...
2022-04-28 07:53:29,659 - mmaction - INFO - 
mean_acc	0.9722
2022-04-28 07:53:29,659 - mmaction - INFO - Epoch(val) [2][6]	top1_acc: 0.9722, top5_acc: 1.0000, mean_class_accuracy: 0.9722
2022-04-28 07:54:06,905 - mmaction - INFO - Epoch [3][40/100]	lr: 9.939e-03, eta: 0:40:45, time: 0.931, data_time: 0.720, memory: 4754, top1_acc: 1.0000, top5_acc: 1.0000, loss_cls: 0.0217, loss: 0.0217, grad_norm: 0.3628
2022-04-28 07:54:16,039 - mmaction - INFO - Epoch [3][80/100]	lr: 9.917e-03, eta: 0:37:05, time: 0.228, data_time: 0.000, memory: 4754, top1_acc: 1.0000, top5_acc: 1.0000, loss_cls: 0.0172, loss: 0.0172, grad_norm: 0.3176
2022-04-28 07:54:51,434 - mmaction - INFO - Evaluating top_k_accuracy ...
2022-04-28 07:54:51,435 - mmaction - INFO - 
top1_acc	0.9556
top5_acc	1.0000
2022-04-28 07:54:51,435 - mmaction - INFO - Evaluating mean_class_accuracy ...
2022-04-28 07:54:51,436 - mmaction - INFO - 
mean_acc	0.9556
2022-04-28 07:54:51,436 - mmaction - INFO - Epoch(val) [3][6]	top1_acc: 0.9556, top5_acc: 1.0000, mean_class_accuracy: 0.9556
2022-04-28 07:55:28,840 - mmaction - INFO - Epoch [4][40/100]	lr: 9.877e-03, eta: 0:38:18, time: 0.935, data_time: 0.710, memory: 4754, top1_acc: 1.0000, top5_acc: 1.0000, loss_cls: 0.0128, loss: 0.0128, grad_norm: 0.2484
2022-04-28 07:55:38,822 - mmaction - INFO - Epoch [4][80/100]	lr: 9.847e-03, eta: 0:35:54, time: 0.250, data_time: 0.000, memory: 4754, top1_acc: 1.0000, top5_acc: 1.0000, loss_cls: 0.0095, loss: 0.0095, grad_norm: 0.1874
2022-04-28 07:56:14,421 - mmaction - INFO - Evaluating top_k_accuracy ...
2022-04-28 07:56:14,422 - mmaction - INFO - 
top1_acc	0.9833
top5_acc	1.0000
2022-04-28 07:56:14,422 - mmaction - INFO - Evaluating mean_class_accuracy ...
2022-04-28 07:56:14,423 - mmaction - INFO - 
mean_acc	0.9833
2022-04-28 07:56:14,423 - mmaction - INFO - Epoch(val) [4][6]	top1_acc: 0.9833, top5_acc: 1.0000, mean_class_accuracy: 0.9833
2022-04-28 07:56:50,537 - mmaction - INFO - Epoch [5][40/100]	lr: 9.795e-03, eta: 0:36:33, time: 0.903, data_time: 0.663, memory: 4754, top1_acc: 0.9984, top5_acc: 1.0000, loss_cls: 0.0120, loss: 0.0120, grad_norm: 0.2406
2022-04-28 07:56:59,497 - mmaction - INFO - Epoch [5][80/100]	lr: 9.756e-03, eta: 0:34:32, time: 0.224, data_time: 0.000, memory: 4754, top1_acc: 1.0000, top5_acc: 1.0000, loss_cls: 0.0079, loss: 0.0079, grad_norm: 0.1787
2022-04-28 07:57:34,038 - mmaction - INFO - Evaluating top_k_accuracy ...
2022-04-28 07:57:34,038 - mmaction - INFO - 
top1_acc	0.9556
top5_acc	1.0000
2022-04-28 07:57:34,038 - mmaction - INFO - Evaluating mean_class_accuracy ...
2022-04-28 07:57:34,039 - mmaction - INFO - 
mean_acc	0.9556
2022-04-28 07:57:34,039 - mmaction - INFO - Epoch(val) [5][6]	top1_acc: 0.9556, top5_acc: 1.0000, mean_class_accuracy: 0.9556
2022-04-28 07:58:11,384 - mmaction - INFO - Epoch [6][40/100]	lr: 9.692e-03, eta: 0:35:11, time: 0.933, data_time: 0.696, memory: 4754, top1_acc: 1.0000, top5_acc: 1.0000, loss_cls: 0.0056, loss: 0.0056, grad_norm: 0.1310
2022-04-28 07:58:21,659 - mmaction - INFO - Epoch [6][80/100]	lr: 9.645e-03, eta: 0:33:42, time: 0.257, data_time: 0.024, memory: 4754, top1_acc: 1.0000, top5_acc: 1.0000, loss_cls: 0.0072, loss: 0.0072, grad_norm: 0.1596
2022-04-28 07:58:56,683 - mmaction - INFO - Evaluating top_k_accuracy ...
2022-04-28 07:58:56,684 - mmaction - INFO - 
top1_acc	0.9444
top5_acc	1.0000
2022-04-28 07:58:56,684 - mmaction - INFO - Evaluating mean_class_accuracy ...
2022-04-28 07:58:56,684 - mmaction - INFO - 
mean_acc	0.9444
2022-04-28 07:58:56,685 - mmaction - INFO - Epoch(val) [6][6]	top1_acc: 0.9444, top5_acc: 1.0000, mean_class_accuracy: 0.9444
2022-04-28 07:59:35,300 - mmaction - INFO - Epoch [7][40/100]	lr: 9.569e-03, eta: 0:34:17, time: 0.965, data_time: 0.712, memory: 4754, top1_acc: 1.0000, top5_acc: 1.0000, loss_cls: 0.0059, loss: 0.0059, grad_norm: 0.1232
2022-04-28 07:59:45,056 - mmaction - INFO - Epoch [7][80/100]	lr: 9.514e-03, eta: 0:32:56, time: 0.244, data_time: 0.004, memory: 4754, top1_acc: 1.0000, top5_acc: 1.0000, loss_cls: 0.0081, loss: 0.0081, grad_norm: 0.1827
2022-04-28 08:00:21,193 - mmaction - INFO - Evaluating top_k_accuracy ...
2022-04-28 08:00:21,194 - mmaction - INFO - 
top1_acc	1.0000
top5_acc	1.0000
2022-04-28 08:00:21,194 - mmaction - INFO - Evaluating mean_class_accuracy ...
2022-04-28 08:00:21,194 - mmaction - INFO - 
mean_acc	1.0000
2022-04-28 08:00:21,198 - mmaction - INFO - The previous best checkpoint /home/yl/myposec3d/model_pth/exp7/ft-T9A8/best_top1_acc_epoch_1.pth was removed
2022-04-28 08:00:21,245 - mmaction - INFO - Now best checkpoint is saved as best_top1_acc_epoch_7.pth.
2022-04-28 08:00:21,246 - mmaction - INFO - Best top1_acc is 1.0000 at 7 epoch.
2022-04-28 08:00:21,246 - mmaction - INFO - Epoch(val) [7][6]	top1_acc: 1.0000, top5_acc: 1.0000, mean_class_accuracy: 1.0000
2022-04-28 08:00:58,455 - mmaction - INFO - Epoch [8][40/100]	lr: 9.426e-03, eta: 0:33:14, time: 0.930, data_time: 0.707, memory: 4754, top1_acc: 0.9992, top5_acc: 1.0000, loss_cls: 0.0051, loss: 0.0051, grad_norm: 0.1508
2022-04-28 08:01:06,791 - mmaction - INFO - Epoch [8][80/100]	lr: 9.364e-03, eta: 0:31:56, time: 0.208, data_time: 0.000, memory: 4754, top1_acc: 1.0000, top5_acc: 1.0000, loss_cls: 0.0066, loss: 0.0066, grad_norm: 0.1440
2022-04-28 08:01:40,348 - mmaction - INFO - Evaluating top_k_accuracy ...
2022-04-28 08:01:40,348 - mmaction - INFO - 
top1_acc	0.9500
top5_acc	1.0000
2022-04-28 08:01:40,348 - mmaction - INFO - Evaluating mean_class_accuracy ...
2022-04-28 08:01:40,349 - mmaction - INFO - 
mean_acc	0.9500
2022-04-28 08:01:40,349 - mmaction - INFO - Epoch(val) [8][6]	top1_acc: 0.9500, top5_acc: 1.0000, mean_class_accuracy: 0.9500
2022-04-28 08:02:17,327 - mmaction - INFO - Epoch [9][40/100]	lr: 9.265e-03, eta: 0:32:07, time: 0.924, data_time: 0.720, memory: 4754, top1_acc: 1.0000, top5_acc: 1.0000, loss_cls: 0.0048, loss: 0.0048, grad_norm: 0.1167
2022-04-28 08:02:26,373 - mmaction - INFO - Epoch [9][80/100]	lr: 9.195e-03, eta: 0:31:01, time: 0.226, data_time: 0.015, memory: 4754, top1_acc: 1.0000, top5_acc: 1.0000, loss_cls: 0.0044, loss: 0.0044, grad_norm: 0.1063
2022-04-28 08:03:00,974 - mmaction - INFO - Evaluating top_k_accuracy ...
2022-04-28 08:03:00,974 - mmaction - INFO - 
top1_acc	0.9889
top5_acc	1.0000
2022-04-28 08:03:00,974 - mmaction - INFO - Evaluating mean_class_accuracy ...
2022-04-28 08:03:00,975 - mmaction - INFO - 
mean_acc	0.9889
2022-04-28 08:03:00,975 - mmaction - INFO - Epoch(val) [9][6]	top1_acc: 0.9889, top5_acc: 1.0000, mean_class_accuracy: 0.9889
2022-04-28 08:03:37,246 - mmaction - INFO - Epoch [10][40/100]	lr: 9.085e-03, eta: 0:31:04, time: 0.907, data_time: 0.694, memory: 4754, top1_acc: 1.0000, top5_acc: 1.0000, loss_cls: 0.0037, loss: 0.0037, grad_norm: 0.0791
2022-04-28 08:03:45,726 - mmaction - INFO - Epoch [10][80/100]	lr: 9.008e-03, eta: 0:30:03, time: 0.212, data_time: 0.000, memory: 4754, top1_acc: 1.0000, top5_acc: 1.0000, loss_cls: 0.0032, loss: 0.0032, grad_norm: 0.0663
2022-04-28 08:04:18,691 - mmaction - INFO - Evaluating top_k_accuracy ...
2022-04-28 08:04:18,691 - mmaction - INFO - 
top1_acc	0.9833
top5_acc	1.0000
2022-04-28 08:04:18,691 - mmaction - INFO - Evaluating mean_class_accuracy ...
2022-04-28 08:04:18,692 - mmaction - INFO - 
mean_acc	0.9833
2022-04-28 08:04:18,692 - mmaction - INFO - Epoch(val) [10][6]	top1_acc: 0.9833, top5_acc: 1.0000, mean_class_accuracy: 0.9833
2022-04-28 08:04:55,276 - mmaction - INFO - Epoch [11][40/100]	lr: 8.888e-03, eta: 0:30:04, time: 0.914, data_time: 0.688, memory: 4754, top1_acc: 1.0000, top5_acc: 1.0000, loss_cls: 0.0036, loss: 0.0036, grad_norm: 0.0941
2022-04-28 08:05:05,423 - mmaction - INFO - Epoch [11][80/100]	lr: 8.804e-03, eta: 0:29:14, time: 0.254, data_time: 0.000, memory: 4754, top1_acc: 1.0000, top5_acc: 1.0000, loss_cls: 0.0037, loss: 0.0037, grad_norm: 0.0846
2022-04-28 08:05:41,255 - mmaction - INFO - Evaluating top_k_accuracy ...
2022-04-28 08:05:41,256 - mmaction - INFO - 
top1_acc	0.9889
top5_acc	1.0000
2022-04-28 08:05:41,256 - mmaction - INFO - Evaluating mean_class_accuracy ...
2022-04-28 08:05:41,256 - mmaction - INFO - 
mean_acc	0.9889
2022-04-28 08:05:41,256 - mmaction - INFO - Epoch(val) [11][6]	top1_acc: 0.9889, top5_acc: 1.0000, mean_class_accuracy: 0.9889
2022-04-28 08:06:19,545 - mmaction - INFO - Epoch [12][40/100]	lr: 8.674e-03, eta: 0:29:18, time: 0.957, data_time: 0.759, memory: 4754, top1_acc: 1.0000, top5_acc: 1.0000, loss_cls: 0.0027, loss: 0.0027, grad_norm: 0.0608
2022-04-28 08:06:28,544 - mmaction - INFO - Epoch [12][80/100]	lr: 8.584e-03, eta: 0:28:27, time: 0.225, data_time: 0.013, memory: 4754, top1_acc: 1.0000, top5_acc: 1.0000, loss_cls: 0.0035, loss: 0.0035, grad_norm: 0.0795
2022-04-28 08:07:03,817 - mmaction - INFO - Evaluating top_k_accuracy ...
2022-04-28 08:07:03,818 - mmaction - INFO - 
top1_acc	0.9722
top5_acc	1.0000
2022-04-28 08:07:03,818 - mmaction - INFO - Evaluating mean_class_accuracy ...
2022-04-28 08:07:03,818 - mmaction - INFO - 
mean_acc	0.9722
2022-04-28 08:07:03,818 - mmaction - INFO - Epoch(val) [12][6]	top1_acc: 0.9722, top5_acc: 1.0000, mean_class_accuracy: 0.9722
2022-04-28 08:07:41,618 - mmaction - INFO - Epoch [13][40/100]	lr: 8.444e-03, eta: 0:28:26, time: 0.945, data_time: 0.736, memory: 4754, top1_acc: 1.0000, top5_acc: 1.0000, loss_cls: 0.0022, loss: 0.0022, grad_norm: 0.0484
2022-04-28 08:07:50,577 - mmaction - INFO - Epoch [13][80/100]	lr: 8.348e-03, eta: 0:27:39, time: 0.224, data_time: 0.000, memory: 4754, top1_acc: 1.0000, top5_acc: 1.0000, loss_cls: 0.0023, loss: 0.0023, grad_norm: 0.0496
2022-04-28 08:08:24,961 - mmaction - INFO - Evaluating top_k_accuracy ...
2022-04-28 08:08:24,962 - mmaction - INFO - 
top1_acc	0.9556
top5_acc	1.0000
2022-04-28 08:08:24,962 - mmaction - INFO - Evaluating mean_class_accuracy ...
2022-04-28 08:08:24,963 - mmaction - INFO - 
mean_acc	0.9556
2022-04-28 08:08:24,963 - mmaction - INFO - Epoch(val) [13][6]	top1_acc: 0.9556, top5_acc: 1.0000, mean_class_accuracy: 0.9556
2022-04-28 08:09:03,081 - mmaction - INFO - Epoch [14][40/100]	lr: 8.200e-03, eta: 0:27:36, time: 0.953, data_time: 0.737, memory: 4754, top1_acc: 1.0000, top5_acc: 1.0000, loss_cls: 0.0029, loss: 0.0029, grad_norm: 0.0618
2022-04-28 08:09:12,459 - mmaction - INFO - Epoch [14][80/100]	lr: 8.098e-03, eta: 0:26:52, time: 0.234, data_time: 0.000, memory: 4754, top1_acc: 1.0000, top5_acc: 1.0000, loss_cls: 0.0043, loss: 0.0043, grad_norm: 0.1433
2022-04-28 08:09:48,337 - mmaction - INFO - Evaluating top_k_accuracy ...
2022-04-28 08:09:48,338 - mmaction - INFO - 
top1_acc	0.9889
top5_acc	1.0000
2022-04-28 08:09:48,338 - mmaction - INFO - Evaluating mean_class_accuracy ...
2022-04-28 08:09:48,339 - mmaction - INFO - 
mean_acc	0.9889
2022-04-28 08:09:48,340 - mmaction - INFO - Epoch(val) [14][6]	top1_acc: 0.9889, top5_acc: 1.0000, mean_class_accuracy: 0.9889
2022-04-28 08:10:26,656 - mmaction - INFO - Epoch [15][40/100]	lr: 7.942e-03, eta: 0:26:47, time: 0.958, data_time: 0.682, memory: 4754, top1_acc: 1.0000, top5_acc: 1.0000, loss_cls: 0.0041, loss: 0.0041, grad_norm: 0.1580
2022-04-28 08:10:36,203 - mmaction - INFO - Epoch [15][80/100]	lr: 7.835e-03, eta: 0:26:07, time: 0.238, data_time: 0.000, memory: 4754, top1_acc: 1.0000, top5_acc: 1.0000, loss_cls: 0.0028, loss: 0.0028, grad_norm: 0.0835
2022-04-28 08:11:11,631 - mmaction - INFO - Evaluating top_k_accuracy ...
2022-04-28 08:11:11,632 - mmaction - INFO - 
top1_acc	0.9667
top5_acc	1.0000
2022-04-28 08:11:11,632 - mmaction - INFO - Evaluating mean_class_accuracy ...
2022-04-28 08:11:11,633 - mmaction - INFO - 
mean_acc	0.9667
2022-04-28 08:11:11,634 - mmaction - INFO - Epoch(val) [15][6]	top1_acc: 0.9667, top5_acc: 1.0000, mean_class_accuracy: 0.9667
2022-04-28 08:11:48,054 - mmaction - INFO - Epoch [16][40/100]	lr: 7.671e-03, eta: 0:25:56, time: 0.910, data_time: 0.680, memory: 4754, top1_acc: 1.0000, top5_acc: 1.0000, loss_cls: 0.0022, loss: 0.0022, grad_norm: 0.0521
2022-04-28 08:11:56,577 - mmaction - INFO - Epoch [16][80/100]	lr: 7.559e-03, eta: 0:25:15, time: 0.213, data_time: 0.000, memory: 4754, top1_acc: 1.0000, top5_acc: 1.0000, loss_cls: 0.0023, loss: 0.0023, grad_norm: 0.0570
2022-04-28 08:12:31,674 - mmaction - INFO - Evaluating top_k_accuracy ...
2022-04-28 08:12:31,675 - mmaction - INFO - 
top1_acc	0.9778
top5_acc	1.0000
2022-04-28 08:12:31,675 - mmaction - INFO - Evaluating mean_class_accuracy ...
2022-04-28 08:12:31,676 - mmaction - INFO - 
mean_acc	0.9778
2022-04-28 08:12:31,677 - mmaction - INFO - Epoch(val) [16][6]	top1_acc: 0.9778, top5_acc: 1.0000, mean_class_accuracy: 0.9778
2022-04-28 08:13:09,614 - mmaction - INFO - Epoch [17][40/100]	lr: 7.389e-03, eta: 0:25:05, time: 0.948, data_time: 0.730, memory: 4754, top1_acc: 1.0000, top5_acc: 1.0000, loss_cls: 0.0021, loss: 0.0021, grad_norm: 0.0509
2022-04-28 08:13:18,862 - mmaction - INFO - Epoch [17][80/100]	lr: 7.273e-03, eta: 0:24:28, time: 0.231, data_time: 0.002, memory: 4754, top1_acc: 1.0000, top5_acc: 1.0000, loss_cls: 0.0024, loss: 0.0024, grad_norm: 0.0801
2022-04-28 08:13:54,452 - mmaction - INFO - Evaluating top_k_accuracy ...
2022-04-28 08:13:54,453 - mmaction - INFO - 
top1_acc	0.9944
top5_acc	1.0000
2022-04-28 08:13:54,453 - mmaction - INFO - Evaluating mean_class_accuracy ...
2022-04-28 08:13:54,453 - mmaction - INFO - 
mean_acc	0.9944
2022-04-28 08:13:54,454 - mmaction - INFO - Epoch(val) [17][6]	top1_acc: 0.9944, top5_acc: 1.0000, mean_class_accuracy: 0.9944
2022-04-28 08:14:31,302 - mmaction - INFO - Epoch [18][40/100]	lr: 7.096e-03, eta: 0:24:15, time: 0.921, data_time: 0.677, memory: 4754, top1_acc: 1.0000, top5_acc: 1.0000, loss_cls: 0.0028, loss: 0.0028, grad_norm: 0.0725
2022-04-28 08:14:40,069 - mmaction - INFO - Epoch [18][80/100]	lr: 6.977e-03, eta: 0:23:39, time: 0.219, data_time: 0.000, memory: 4754, top1_acc: 1.0000, top5_acc: 1.0000, loss_cls: 0.0023, loss: 0.0023, grad_norm: 0.0624
2022-04-28 08:15:15,536 - mmaction - INFO - Evaluating top_k_accuracy ...
2022-04-28 08:15:15,536 - mmaction - INFO - 
top1_acc	0.9667
top5_acc	1.0000
2022-04-28 08:15:15,536 - mmaction - INFO - Evaluating mean_class_accuracy ...
2022-04-28 08:15:15,537 - mmaction - INFO - 
mean_acc	0.9667
2022-04-28 08:15:15,537 - mmaction - INFO - Epoch(val) [18][6]	top1_acc: 0.9667, top5_acc: 1.0000, mean_class_accuracy: 0.9667
2022-04-28 08:15:53,880 - mmaction - INFO - Epoch [19][40/100]	lr: 6.795e-03, eta: 0:23:27, time: 0.958, data_time: 0.716, memory: 4754, top1_acc: 1.0000, top5_acc: 1.0000, loss_cls: 0.0020, loss: 0.0020, grad_norm: 0.0474
2022-04-28 08:16:03,814 - mmaction - INFO - Epoch [19][80/100]	lr: 6.672e-03, eta: 0:22:54, time: 0.248, data_time: 0.035, memory: 4754, top1_acc: 1.0000, top5_acc: 1.0000, loss_cls: 0.0017, loss: 0.0017, grad_norm: 0.0398
2022-04-28 08:16:39,404 - mmaction - INFO - Evaluating top_k_accuracy ...
2022-04-28 08:16:39,405 - mmaction - INFO - 
top1_acc	0.9667
top5_acc	1.0000
2022-04-28 08:16:39,405 - mmaction - INFO - Evaluating mean_class_accuracy ...
2022-04-28 08:16:39,406 - mmaction - INFO - 
mean_acc	0.9667
2022-04-28 08:16:39,406 - mmaction - INFO - Epoch(val) [19][6]	top1_acc: 0.9667, top5_acc: 1.0000, mean_class_accuracy: 0.9667
2022-04-28 08:17:18,517 - mmaction - INFO - Epoch [20][40/100]	lr: 6.486e-03, eta: 0:22:41, time: 0.978, data_time: 0.755, memory: 4754, top1_acc: 1.0000, top5_acc: 1.0000, loss_cls: 0.0019, loss: 0.0019, grad_norm: 0.0429
2022-04-28 08:17:28,761 - mmaction - INFO - Epoch [20][80/100]	lr: 6.360e-03, eta: 0:22:10, time: 0.256, data_time: 0.025, memory: 4754, top1_acc: 1.0000, top5_acc: 1.0000, loss_cls: 0.0028, loss: 0.0028, grad_norm: 0.0668
2022-04-28 08:18:04,899 - mmaction - INFO - Evaluating top_k_accuracy ...
2022-04-28 08:18:04,900 - mmaction - INFO - 
top1_acc	0.9667
top5_acc	1.0000
2022-04-28 08:18:04,900 - mmaction - INFO - Evaluating mean_class_accuracy ...
2022-04-28 08:18:04,900 - mmaction - INFO - 
mean_acc	0.9667
2022-04-28 08:18:04,901 - mmaction - INFO - Epoch(val) [20][6]	top1_acc: 0.9667, top5_acc: 1.0000, mean_class_accuracy: 0.9667
2022-04-28 08:18:42,921 - mmaction - INFO - Epoch [21][40/100]	lr: 6.170e-03, eta: 0:21:55, time: 0.950, data_time: 0.710, memory: 4754, top1_acc: 1.0000, top5_acc: 1.0000, loss_cls: 0.0030, loss: 0.0030, grad_norm: 0.0839
2022-04-28 08:18:53,059 - mmaction - INFO - Epoch [21][80/100]	lr: 6.043e-03, eta: 0:21:24, time: 0.253, data_time: 0.023, memory: 4754, top1_acc: 1.0000, top5_acc: 1.0000, loss_cls: 0.0024, loss: 0.0024, grad_norm: 0.0660
2022-04-28 08:19:28,363 - mmaction - INFO - Evaluating top_k_accuracy ...
2022-04-28 08:19:28,364 - mmaction - INFO - 
top1_acc	0.9722
top5_acc	1.0000
2022-04-28 08:19:28,364 - mmaction - INFO - Evaluating mean_class_accuracy ...
2022-04-28 08:19:28,365 - mmaction - INFO - 
mean_acc	0.9722
2022-04-28 08:19:28,365 - mmaction - INFO - Epoch(val) [21][6]	top1_acc: 0.9722, top5_acc: 1.0000, mean_class_accuracy: 0.9722
2022-04-28 08:20:05,381 - mmaction - INFO - Epoch [22][40/100]	lr: 5.850e-03, eta: 0:21:06, time: 0.925, data_time: 0.699, memory: 4754, top1_acc: 1.0000, top5_acc: 1.0000, loss_cls: 0.0017, loss: 0.0017, grad_norm: 0.0403
2022-04-28 08:20:15,575 - mmaction - INFO - Epoch [22][80/100]	lr: 5.721e-03, eta: 0:20:37, time: 0.255, data_time: 0.000, memory: 4754, top1_acc: 1.0000, top5_acc: 1.0000, loss_cls: 0.0023, loss: 0.0023, grad_norm: 0.0567
2022-04-28 08:20:51,938 - mmaction - INFO - Evaluating top_k_accuracy ...
2022-04-28 08:20:51,939 - mmaction - INFO - 
top1_acc	1.0000
top5_acc	1.0000
2022-04-28 08:20:51,939 - mmaction - INFO - Evaluating mean_class_accuracy ...
2022-04-28 08:20:51,940 - mmaction - INFO - 
mean_acc	1.0000
2022-04-28 08:20:51,940 - mmaction - INFO - Epoch(val) [22][6]	top1_acc: 1.0000, top5_acc: 1.0000, mean_class_accuracy: 1.0000
2022-04-28 08:21:30,232 - mmaction - INFO - Epoch [23][40/100]	lr: 5.526e-03, eta: 0:20:20, time: 0.957, data_time: 0.695, memory: 4754, top1_acc: 1.0000, top5_acc: 1.0000, loss_cls: 0.0016, loss: 0.0016, grad_norm: 0.0386
2022-04-28 08:21:39,948 - mmaction - INFO - Epoch [23][80/100]	lr: 5.396e-03, eta: 0:19:50, time: 0.243, data_time: 0.001, memory: 4754, top1_acc: 1.0000, top5_acc: 1.0000, loss_cls: 0.0019, loss: 0.0019, grad_norm: 0.0449
2022-04-28 08:22:15,277 - mmaction - INFO - Evaluating top_k_accuracy ...
2022-04-28 08:22:15,278 - mmaction - INFO - 
top1_acc	1.0000
top5_acc	1.0000
2022-04-28 08:22:15,278 - mmaction - INFO - Evaluating mean_class_accuracy ...
2022-04-28 08:22:15,279 - mmaction - INFO - 
mean_acc	1.0000
2022-04-28 08:22:15,279 - mmaction - INFO - Epoch(val) [23][6]	top1_acc: 1.0000, top5_acc: 1.0000, mean_class_accuracy: 1.0000
2022-04-28 08:22:52,352 - mmaction - INFO - Epoch [24][40/100]	lr: 5.200e-03, eta: 0:19:31, time: 0.927, data_time: 0.683, memory: 4754, top1_acc: 1.0000, top5_acc: 1.0000, loss_cls: 0.0026, loss: 0.0026, grad_norm: 0.0681
2022-04-28 08:23:01,568 - mmaction - INFO - Epoch [24][80/100]	lr: 5.069e-03, eta: 0:19:02, time: 0.230, data_time: 0.000, memory: 4754, top1_acc: 1.0000, top5_acc: 1.0000, loss_cls: 0.0018, loss: 0.0018, grad_norm: 0.0413
2022-04-28 08:23:36,936 - mmaction - INFO - Evaluating top_k_accuracy ...
2022-04-28 08:23:36,936 - mmaction - INFO - 
top1_acc	0.9833
top5_acc	1.0000
2022-04-28 08:23:36,937 - mmaction - INFO - Evaluating mean_class_accuracy ...
2022-04-28 08:23:36,937 - mmaction - INFO - 
mean_acc	0.9833
2022-04-28 08:23:36,938 - mmaction - INFO - Epoch(val) [24][6]	top1_acc: 0.9833, top5_acc: 1.0000, mean_class_accuracy: 0.9833
2022-04-28 08:24:15,708 - mmaction - INFO - Epoch [25][40/100]	lr: 4.872e-03, eta: 0:18:44, time: 0.969, data_time: 0.739, memory: 4754, top1_acc: 1.0000, top5_acc: 1.0000, loss_cls: 0.0019, loss: 0.0019, grad_norm: 0.0444
2022-04-28 08:24:24,967 - mmaction - INFO - Epoch [25][80/100]	lr: 4.742e-03, eta: 0:18:16, time: 0.232, data_time: 0.001, memory: 4754, top1_acc: 1.0000, top5_acc: 1.0000, loss_cls: 0.0024, loss: 0.0024, grad_norm: 0.0737
2022-04-28 08:25:00,457 - mmaction - INFO - Evaluating top_k_accuracy ...
2022-04-28 08:25:00,458 - mmaction - INFO - 
top1_acc	0.9722
top5_acc	1.0000
2022-04-28 08:25:00,458 - mmaction - INFO - Evaluating mean_class_accuracy ...
2022-04-28 08:25:00,459 - mmaction - INFO - 
mean_acc	0.9722
2022-04-28 08:25:00,459 - mmaction - INFO - Epoch(val) [25][6]	top1_acc: 0.9722, top5_acc: 1.0000, mean_class_accuracy: 0.9722
2022-04-28 08:25:37,670 - mmaction - INFO - Epoch [26][40/100]	lr: 4.546e-03, eta: 0:17:55, time: 0.930, data_time: 0.704, memory: 4754, top1_acc: 1.0000, top5_acc: 1.0000, loss_cls: 0.0018, loss: 0.0018, grad_norm: 0.0455
2022-04-28 08:25:46,722 - mmaction - INFO - Epoch [26][80/100]	lr: 4.416e-03, eta: 0:17:27, time: 0.226, data_time: 0.001, memory: 4754, top1_acc: 1.0000, top5_acc: 1.0000, loss_cls: 0.0017, loss: 0.0017, grad_norm: 0.0424
2022-04-28 08:26:22,500 - mmaction - INFO - Evaluating top_k_accuracy ...
2022-04-28 08:26:22,501 - mmaction - INFO - 
top1_acc	0.9889
top5_acc	1.0000
2022-04-28 08:26:22,501 - mmaction - INFO - Evaluating mean_class_accuracy ...
2022-04-28 08:26:22,501 - mmaction - INFO - 
mean_acc	0.9889
2022-04-28 08:26:22,502 - mmaction - INFO - Epoch(val) [26][6]	top1_acc: 0.9889, top5_acc: 1.0000, mean_class_accuracy: 0.9889
2022-04-28 08:26:59,637 - mmaction - INFO - Epoch [27][40/100]	lr: 4.221e-03, eta: 0:17:06, time: 0.928, data_time: 0.736, memory: 4754, top1_acc: 1.0000, top5_acc: 1.0000, loss_cls: 0.0016, loss: 0.0016, grad_norm: 0.0375
2022-04-28 08:27:09,397 - mmaction - INFO - Epoch [27][80/100]	lr: 4.092e-03, eta: 0:16:40, time: 0.244, data_time: 0.000, memory: 4754, top1_acc: 1.0000, top5_acc: 1.0000, loss_cls: 0.0022, loss: 0.0022, grad_norm: 0.0568
2022-04-28 08:27:44,671 - mmaction - INFO - Evaluating top_k_accuracy ...
2022-04-28 08:27:44,672 - mmaction - INFO - 
top1_acc	1.0000
top5_acc	1.0000
2022-04-28 08:27:44,672 - mmaction - INFO - Evaluating mean_class_accuracy ...
2022-04-28 08:27:44,672 - mmaction - INFO - 
mean_acc	1.0000
2022-04-28 08:27:44,673 - mmaction - INFO - Epoch(val) [27][6]	top1_acc: 1.0000, top5_acc: 1.0000, mean_class_accuracy: 1.0000
2022-04-28 08:28:22,225 - mmaction - INFO - Epoch [28][40/100]	lr: 3.900e-03, eta: 0:16:19, time: 0.939, data_time: 0.720, memory: 4754, top1_acc: 1.0000, top5_acc: 1.0000, loss_cls: 0.0020, loss: 0.0020, grad_norm: 0.0549
2022-04-28 08:28:32,293 - mmaction - INFO - Epoch [28][80/100]	lr: 3.772e-03, eta: 0:15:53, time: 0.252, data_time: 0.025, memory: 4754, top1_acc: 1.0000, top5_acc: 1.0000, loss_cls: 0.0013, loss: 0.0013, grad_norm: 0.0329
2022-04-28 08:29:07,347 - mmaction - INFO - Evaluating top_k_accuracy ...
2022-04-28 08:29:07,348 - mmaction - INFO - 
top1_acc	0.9944
top5_acc	1.0000
2022-04-28 08:29:07,348 - mmaction - INFO - Evaluating mean_class_accuracy ...
2022-04-28 08:29:07,349 - mmaction - INFO - 
mean_acc	0.9944
2022-04-28 08:29:07,349 - mmaction - INFO - Epoch(val) [28][6]	top1_acc: 0.9944, top5_acc: 1.0000, mean_class_accuracy: 0.9944
2022-04-28 08:29:43,960 - mmaction - INFO - Epoch [29][40/100]	lr: 3.583e-03, eta: 0:15:31, time: 0.915, data_time: 0.693, memory: 4754, top1_acc: 1.0000, top5_acc: 1.0000, loss_cls: 0.0025, loss: 0.0025, grad_norm: 0.0660
2022-04-28 08:29:52,794 - mmaction - INFO - Epoch [29][80/100]	lr: 3.458e-03, eta: 0:15:05, time: 0.221, data_time: 0.000, memory: 4754, top1_acc: 1.0000, top5_acc: 1.0000, loss_cls: 0.0024, loss: 0.0024, grad_norm: 0.0668
2022-04-28 08:30:28,123 - mmaction - INFO - Evaluating top_k_accuracy ...
2022-04-28 08:30:28,124 - mmaction - INFO - 
top1_acc	0.9556
top5_acc	1.0000
2022-04-28 08:30:28,124 - mmaction - INFO - Evaluating mean_class_accuracy ...
2022-04-28 08:30:28,124 - mmaction - INFO - 
mean_acc	0.9556
2022-04-28 08:30:28,125 - mmaction - INFO - Epoch(val) [29][6]	top1_acc: 0.9556, top5_acc: 1.0000, mean_class_accuracy: 0.9556
2022-04-28 08:31:05,587 - mmaction - INFO - Epoch [30][40/100]	lr: 3.272e-03, eta: 0:14:42, time: 0.936, data_time: 0.737, memory: 4754, top1_acc: 1.0000, top5_acc: 1.0000, loss_cls: 0.0014, loss: 0.0014, grad_norm: 0.0375
2022-04-28 08:31:15,620 - mmaction - INFO - Epoch [30][80/100]	lr: 3.150e-03, eta: 0:14:18, time: 0.251, data_time: 0.000, memory: 4754, top1_acc: 1.0000, top5_acc: 1.0000, loss_cls: 0.0018, loss: 0.0018, grad_norm: 0.0473
2022-04-28 08:31:50,687 - mmaction - INFO - Evaluating top_k_accuracy ...
2022-04-28 08:31:50,688 - mmaction - INFO - 
top1_acc	1.0000
top5_acc	1.0000
2022-04-28 08:31:50,688 - mmaction - INFO - Evaluating mean_class_accuracy ...
2022-04-28 08:31:50,688 - mmaction - INFO - 
mean_acc	1.0000
2022-04-28 08:31:50,688 - mmaction - INFO - Epoch(val) [30][6]	top1_acc: 1.0000, top5_acc: 1.0000, mean_class_accuracy: 1.0000
2022-04-28 08:32:28,055 - mmaction - INFO - Epoch [31][40/100]	lr: 2.969e-03, eta: 0:13:55, time: 0.934, data_time: 0.679, memory: 4754, top1_acc: 1.0000, top5_acc: 1.0000, loss_cls: 0.0016, loss: 0.0016, grad_norm: 0.0425
2022-04-28 08:32:37,654 - mmaction - INFO - Epoch [31][80/100]	lr: 2.850e-03, eta: 0:13:31, time: 0.240, data_time: 0.000, memory: 4754, top1_acc: 1.0000, top5_acc: 1.0000, loss_cls: 0.0016, loss: 0.0016, grad_norm: 0.0394
2022-04-28 08:33:12,831 - mmaction - INFO - Evaluating top_k_accuracy ...
2022-04-28 08:33:12,831 - mmaction - INFO - 
top1_acc	0.9889
top5_acc	1.0000
2022-04-28 08:33:12,831 - mmaction - INFO - Evaluating mean_class_accuracy ...
2022-04-28 08:33:12,832 - mmaction - INFO - 
mean_acc	0.9889
2022-04-28 08:33:12,832 - mmaction - INFO - Epoch(val) [31][6]	top1_acc: 0.9889, top5_acc: 1.0000, mean_class_accuracy: 0.9889
2022-04-28 08:33:49,852 - mmaction - INFO - Epoch [32][40/100]	lr: 2.675e-03, eta: 0:13:07, time: 0.925, data_time: 0.684, memory: 4754, top1_acc: 1.0000, top5_acc: 1.0000, loss_cls: 0.0027, loss: 0.0027, grad_norm: 0.0770
2022-04-28 08:33:59,076 - mmaction - INFO - Epoch [32][80/100]	lr: 2.560e-03, eta: 0:12:43, time: 0.231, data_time: 0.000, memory: 4754, top1_acc: 1.0000, top5_acc: 1.0000, loss_cls: 0.0025, loss: 0.0025, grad_norm: 0.0599
2022-04-28 08:34:33,918 - mmaction - INFO - Evaluating top_k_accuracy ...
2022-04-28 08:34:33,918 - mmaction - INFO - 
top1_acc	0.9889
top5_acc	1.0000
2022-04-28 08:34:33,918 - mmaction - INFO - Evaluating mean_class_accuracy ...
2022-04-28 08:34:33,919 - mmaction - INFO - 
mean_acc	0.9889
2022-04-28 08:34:33,919 - mmaction - INFO - Epoch(val) [32][6]	top1_acc: 0.9889, top5_acc: 1.0000, mean_class_accuracy: 0.9889
2022-04-28 08:35:11,014 - mmaction - INFO - Epoch [33][40/100]	lr: 2.390e-03, eta: 0:12:19, time: 0.927, data_time: 0.689, memory: 4754, top1_acc: 1.0000, top5_acc: 1.0000, loss_cls: 0.0016, loss: 0.0016, grad_norm: 0.0419
2022-04-28 08:35:19,441 - mmaction - INFO - Epoch [33][80/100]	lr: 2.280e-03, eta: 0:11:55, time: 0.210, data_time: 0.000, memory: 4754, top1_acc: 1.0000, top5_acc: 1.0000, loss_cls: 0.0022, loss: 0.0022, grad_norm: 0.0525
2022-04-28 08:35:55,465 - mmaction - INFO - Evaluating top_k_accuracy ...
2022-04-28 08:35:55,465 - mmaction - INFO - 
top1_acc	0.9778
top5_acc	1.0000
2022-04-28 08:35:55,466 - mmaction - INFO - Evaluating mean_class_accuracy ...
2022-04-28 08:35:55,466 - mmaction - INFO - 
mean_acc	0.9778
2022-04-28 08:35:55,466 - mmaction - INFO - Epoch(val) [33][6]	top1_acc: 0.9778, top5_acc: 1.0000, mean_class_accuracy: 0.9778
2022-04-28 08:36:33,024 - mmaction - INFO - Epoch [34][40/100]	lr: 2.117e-03, eta: 0:11:31, time: 0.939, data_time: 0.715, memory: 4754, top1_acc: 1.0000, top5_acc: 1.0000, loss_cls: 0.0025, loss: 0.0025, grad_norm: 0.0628
2022-04-28 08:36:41,970 - mmaction - INFO - Epoch [34][80/100]	lr: 2.011e-03, eta: 0:11:08, time: 0.224, data_time: 0.000, memory: 4754, top1_acc: 1.0000, top5_acc: 1.0000, loss_cls: 0.0015, loss: 0.0015, grad_norm: 0.0362
2022-04-28 08:37:16,632 - mmaction - INFO - Evaluating top_k_accuracy ...
2022-04-28 08:37:16,633 - mmaction - INFO - 
top1_acc	0.9944
top5_acc	1.0000
2022-04-28 08:37:16,633 - mmaction - INFO - Evaluating mean_class_accuracy ...
2022-04-28 08:37:16,633 - mmaction - INFO - 
mean_acc	0.9944
2022-04-28 08:37:16,634 - mmaction - INFO - Epoch(val) [34][6]	top1_acc: 0.9944, top5_acc: 1.0000, mean_class_accuracy: 0.9944
2022-04-28 08:37:52,990 - mmaction - INFO - Epoch [35][40/100]	lr: 1.856e-03, eta: 0:10:43, time: 0.909, data_time: 0.707, memory: 4754, top1_acc: 1.0000, top5_acc: 1.0000, loss_cls: 0.0013, loss: 0.0013, grad_norm: 0.0299
2022-04-28 08:38:01,741 - mmaction - INFO - Epoch [35][80/100]	lr: 1.755e-03, eta: 0:10:20, time: 0.219, data_time: 0.000, memory: 4754, top1_acc: 1.0000, top5_acc: 1.0000, loss_cls: 0.0023, loss: 0.0023, grad_norm: 0.0633
2022-04-28 08:38:37,136 - mmaction - INFO - Evaluating top_k_accuracy ...
2022-04-28 08:38:37,137 - mmaction - INFO - 
top1_acc	0.9500
top5_acc	1.0000
2022-04-28 08:38:37,138 - mmaction - INFO - Evaluating mean_class_accuracy ...
2022-04-28 08:38:37,139 - mmaction - INFO - 
mean_acc	0.9500
2022-04-28 08:38:37,139 - mmaction - INFO - Epoch(val) [35][6]	top1_acc: 0.9500, top5_acc: 1.0000, mean_class_accuracy: 0.9500
2022-04-28 08:39:15,568 - mmaction - INFO - Epoch [36][40/100]	lr: 1.608e-03, eta: 0:09:55, time: 0.961, data_time: 0.734, memory: 4754, top1_acc: 1.0000, top5_acc: 1.0000, loss_cls: 0.0021, loss: 0.0021, grad_norm: 0.0625
2022-04-28 08:39:25,555 - mmaction - INFO - Epoch [36][80/100]	lr: 1.513e-03, eta: 0:09:33, time: 0.250, data_time: 0.022, memory: 4754, top1_acc: 1.0000, top5_acc: 1.0000, loss_cls: 0.0015, loss: 0.0015, grad_norm: 0.0359
2022-04-28 08:40:00,657 - mmaction - INFO - Evaluating top_k_accuracy ...
2022-04-28 08:40:00,657 - mmaction - INFO - 
top1_acc	0.9667
top5_acc	1.0000
2022-04-28 08:40:00,657 - mmaction - INFO - Evaluating mean_class_accuracy ...
2022-04-28 08:40:00,658 - mmaction - INFO - 
mean_acc	0.9667
2022-04-28 08:40:00,658 - mmaction - INFO - Epoch(val) [36][6]	top1_acc: 0.9667, top5_acc: 1.0000, mean_class_accuracy: 0.9667
2022-04-28 08:40:36,249 - mmaction - INFO - Epoch [37][40/100]	lr: 1.375e-03, eta: 0:09:08, time: 0.890, data_time: 0.684, memory: 4754, top1_acc: 1.0000, top5_acc: 1.0000, loss_cls: 0.0023, loss: 0.0023, grad_norm: 0.0580
2022-04-28 08:40:44,243 - mmaction - INFO - Epoch [37][80/100]	lr: 1.286e-03, eta: 0:08:45, time: 0.200, data_time: 0.000, memory: 4754, top1_acc: 1.0000, top5_acc: 1.0000, loss_cls: 0.0022, loss: 0.0022, grad_norm: 0.0546
2022-04-28 08:41:18,944 - mmaction - INFO - Evaluating top_k_accuracy ...
2022-04-28 08:41:18,945 - mmaction - INFO - 
top1_acc	0.9944
top5_acc	1.0000
2022-04-28 08:41:18,945 - mmaction - INFO - Evaluating mean_class_accuracy ...
2022-04-28 08:41:18,945 - mmaction - INFO - 
mean_acc	0.9944
2022-04-28 08:41:18,945 - mmaction - INFO - Epoch(val) [37][6]	top1_acc: 0.9944, top5_acc: 1.0000, mean_class_accuracy: 0.9944
2022-04-28 08:41:55,430 - mmaction - INFO - Epoch [38][40/100]	lr: 1.158e-03, eta: 0:08:19, time: 0.912, data_time: 0.685, memory: 4754, top1_acc: 1.0000, top5_acc: 1.0000, loss_cls: 0.0021, loss: 0.0021, grad_norm: 0.0577
2022-04-28 08:42:05,443 - mmaction - INFO - Epoch [38][80/100]	lr: 1.075e-03, eta: 0:07:58, time: 0.250, data_time: 0.000, memory: 4754, top1_acc: 1.0000, top5_acc: 1.0000, loss_cls: 0.0026, loss: 0.0026, grad_norm: 0.0765
2022-04-28 08:42:40,625 - mmaction - INFO - Evaluating top_k_accuracy ...
2022-04-28 08:42:40,626 - mmaction - INFO - 
top1_acc	0.9833
top5_acc	1.0000
2022-04-28 08:42:40,626 - mmaction - INFO - Evaluating mean_class_accuracy ...
2022-04-28 08:42:40,626 - mmaction - INFO - 
mean_acc	0.9833
2022-04-28 08:42:40,626 - mmaction - INFO - Epoch(val) [38][6]	top1_acc: 0.9833, top5_acc: 1.0000, mean_class_accuracy: 0.9833
2022-04-28 08:43:17,378 - mmaction - INFO - Epoch [39][40/100]	lr: 9.568e-04, eta: 0:07:32, time: 0.918, data_time: 0.693, memory: 4754, top1_acc: 1.0000, top5_acc: 1.0000, loss_cls: 0.0020, loss: 0.0020, grad_norm: 0.0508
2022-04-28 08:43:26,843 - mmaction - INFO - Epoch [39][80/100]	lr: 8.812e-04, eta: 0:07:11, time: 0.237, data_time: 0.022, memory: 4754, top1_acc: 1.0000, top5_acc: 1.0000, loss_cls: 0.0017, loss: 0.0017, grad_norm: 0.0470
2022-04-28 08:44:02,181 - mmaction - INFO - Evaluating top_k_accuracy ...
2022-04-28 08:44:02,181 - mmaction - INFO - 
top1_acc	1.0000
top5_acc	1.0000
2022-04-28 08:44:02,181 - mmaction - INFO - Evaluating mean_class_accuracy ...
2022-04-28 08:44:02,182 - mmaction - INFO - 
mean_acc	1.0000
2022-04-28 08:44:02,182 - mmaction - INFO - Epoch(val) [39][6]	top1_acc: 1.0000, top5_acc: 1.0000, mean_class_accuracy: 1.0000
2022-04-28 08:44:39,802 - mmaction - INFO - Epoch [40][40/100]	lr: 7.731e-04, eta: 0:06:45, time: 0.940, data_time: 0.701, memory: 4754, top1_acc: 1.0000, top5_acc: 1.0000, loss_cls: 0.0023, loss: 0.0023, grad_norm: 0.0631
2022-04-28 08:44:48,976 - mmaction - INFO - Epoch [40][80/100]	lr: 7.046e-04, eta: 0:06:24, time: 0.229, data_time: 0.006, memory: 4754, top1_acc: 1.0000, top5_acc: 1.0000, loss_cls: 0.0014, loss: 0.0014, grad_norm: 0.0319
2022-04-28 08:45:23,840 - mmaction - INFO - Evaluating top_k_accuracy ...
2022-04-28 08:45:23,841 - mmaction - INFO - 
top1_acc	0.9944
top5_acc	1.0000
2022-04-28 08:45:23,841 - mmaction - INFO - Evaluating mean_class_accuracy ...
2022-04-28 08:45:23,842 - mmaction - INFO - 
mean_acc	0.9944
2022-04-28 08:45:23,842 - mmaction - INFO - Epoch(val) [40][6]	top1_acc: 0.9944, top5_acc: 1.0000, mean_class_accuracy: 0.9944
2022-04-28 08:46:01,181 - mmaction - INFO - Epoch [41][40/100]	lr: 6.075e-04, eta: 0:05:58, time: 0.933, data_time: 0.670, memory: 4754, top1_acc: 1.0000, top5_acc: 1.0000, loss_cls: 0.0024, loss: 0.0024, grad_norm: 0.0774
2022-04-28 08:46:10,172 - mmaction - INFO - Epoch [41][80/100]	lr: 5.465e-04, eta: 0:05:37, time: 0.225, data_time: 0.001, memory: 4754, top1_acc: 1.0000, top5_acc: 1.0000, loss_cls: 0.0017, loss: 0.0017, grad_norm: 0.0376
2022-04-28 08:46:45,366 - mmaction - INFO - Evaluating top_k_accuracy ...
2022-04-28 08:46:45,366 - mmaction - INFO - 
top1_acc	0.9944
top5_acc	1.0000
2022-04-28 08:46:45,367 - mmaction - INFO - Evaluating mean_class_accuracy ...
2022-04-28 08:46:45,367 - mmaction - INFO - 
mean_acc	0.9944
2022-04-28 08:46:45,367 - mmaction - INFO - Epoch(val) [41][6]	top1_acc: 0.9944, top5_acc: 1.0000, mean_class_accuracy: 0.9944
2022-04-28 08:47:23,354 - mmaction - INFO - Epoch [42][40/100]	lr: 4.607e-04, eta: 0:05:11, time: 0.949, data_time: 0.691, memory: 4754, top1_acc: 1.0000, top5_acc: 1.0000, loss_cls: 0.0020, loss: 0.0020, grad_norm: 0.0517
2022-04-28 08:47:32,313 - mmaction - INFO - Epoch [42][80/100]	lr: 4.073e-04, eta: 0:04:50, time: 0.224, data_time: 0.000, memory: 4754, top1_acc: 1.0000, top5_acc: 1.0000, loss_cls: 0.0016, loss: 0.0016, grad_norm: 0.0430
2022-04-28 08:48:07,413 - mmaction - INFO - Evaluating top_k_accuracy ...
2022-04-28 08:48:07,414 - mmaction - INFO - 
top1_acc	0.9778
top5_acc	1.0000
2022-04-28 08:48:07,414 - mmaction - INFO - Evaluating mean_class_accuracy ...
2022-04-28 08:48:07,414 - mmaction - INFO - 
mean_acc	0.9778
2022-04-28 08:48:07,415 - mmaction - INFO - Epoch(val) [42][6]	top1_acc: 0.9778, top5_acc: 1.0000, mean_class_accuracy: 0.9778
2022-04-28 08:48:44,412 - mmaction - INFO - Epoch [43][40/100]	lr: 3.333e-04, eta: 0:04:23, time: 0.925, data_time: 0.704, memory: 4754, top1_acc: 1.0000, top5_acc: 1.0000, loss_cls: 0.0017, loss: 0.0017, grad_norm: 0.0464
2022-04-28 08:48:53,908 - mmaction - INFO - Epoch [43][80/100]	lr: 2.879e-04, eta: 0:04:03, time: 0.237, data_time: 0.005, memory: 4754, top1_acc: 1.0000, top5_acc: 1.0000, loss_cls: 0.0012, loss: 0.0012, grad_norm: 0.0281
2022-04-28 08:49:29,840 - mmaction - INFO - Evaluating top_k_accuracy ...
2022-04-28 08:49:29,840 - mmaction - INFO - 
top1_acc	0.9778
top5_acc	1.0000
2022-04-28 08:49:29,840 - mmaction - INFO - Evaluating mean_class_accuracy ...
2022-04-28 08:49:29,842 - mmaction - INFO - 
mean_acc	0.9778
2022-04-28 08:49:29,842 - mmaction - INFO - Epoch(val) [43][6]	top1_acc: 0.9778, top5_acc: 1.0000, mean_class_accuracy: 0.9778
2022-04-28 08:50:06,550 - mmaction - INFO - Epoch [44][40/100]	lr: 2.259e-04, eta: 0:03:36, time: 0.917, data_time: 0.693, memory: 4754, top1_acc: 1.0000, top5_acc: 1.0000, loss_cls: 0.0012, loss: 0.0012, grad_norm: 0.0253
2022-04-28 08:50:14,962 - mmaction - INFO - Epoch [44][80/100]	lr: 1.886e-04, eta: 0:03:16, time: 0.210, data_time: 0.000, memory: 4754, top1_acc: 1.0000, top5_acc: 1.0000, loss_cls: 0.0016, loss: 0.0016, grad_norm: 0.0466
2022-04-28 08:50:50,840 - mmaction - INFO - Evaluating top_k_accuracy ...
2022-04-28 08:50:50,841 - mmaction - INFO - 
top1_acc	0.9778
top5_acc	1.0000
2022-04-28 08:50:50,841 - mmaction - INFO - Evaluating mean_class_accuracy ...
2022-04-28 08:50:50,841 - mmaction - INFO - 
mean_acc	0.9778
2022-04-28 08:50:50,841 - mmaction - INFO - Epoch(val) [44][6]	top1_acc: 0.9778, top5_acc: 1.0000, mean_class_accuracy: 0.9778
2022-04-28 08:51:28,367 - mmaction - INFO - Epoch [45][40/100]	lr: 1.389e-04, eta: 0:02:49, time: 0.938, data_time: 0.722, memory: 4754, top1_acc: 1.0000, top5_acc: 1.0000, loss_cls: 0.0031, loss: 0.0031, grad_norm: 0.1042
2022-04-28 08:51:37,420 - mmaction - INFO - Epoch [45][80/100]	lr: 1.099e-04, eta: 0:02:29, time: 0.226, data_time: 0.008, memory: 4754, top1_acc: 1.0000, top5_acc: 1.0000, loss_cls: 0.0013, loss: 0.0013, grad_norm: 0.0296
2022-04-28 08:52:13,259 - mmaction - INFO - Evaluating top_k_accuracy ...
2022-04-28 08:52:13,260 - mmaction - INFO - 
top1_acc	1.0000
top5_acc	1.0000
2022-04-28 08:52:13,260 - mmaction - INFO - Evaluating mean_class_accuracy ...
2022-04-28 08:52:13,260 - mmaction - INFO - 
mean_acc	1.0000
2022-04-28 08:52:13,260 - mmaction - INFO - Epoch(val) [45][6]	top1_acc: 1.0000, top5_acc: 1.0000, mean_class_accuracy: 1.0000
2022-04-28 08:52:51,086 - mmaction - INFO - Epoch [46][40/100]	lr: 7.277e-05, eta: 0:02:02, time: 0.946, data_time: 0.728, memory: 4754, top1_acc: 1.0000, top5_acc: 1.0000, loss_cls: 0.0022, loss: 0.0022, grad_norm: 0.0582
2022-04-28 08:53:00,692 - mmaction - INFO - Epoch [46][80/100]	lr: 5.221e-05, eta: 0:01:43, time: 0.240, data_time: 0.016, memory: 4754, top1_acc: 1.0000, top5_acc: 1.0000, loss_cls: 0.0011, loss: 0.0011, grad_norm: 0.0273
2022-04-28 08:53:36,794 - mmaction - INFO - Evaluating top_k_accuracy ...
2022-04-28 08:53:36,794 - mmaction - INFO - 
top1_acc	0.9944
top5_acc	1.0000
2022-04-28 08:53:36,795 - mmaction - INFO - Evaluating mean_class_accuracy ...
2022-04-28 08:53:36,795 - mmaction - INFO - 
mean_acc	0.9944
2022-04-28 08:53:36,795 - mmaction - INFO - Epoch(val) [46][6]	top1_acc: 0.9944, top5_acc: 1.0000, mean_class_accuracy: 0.9944
2022-04-28 08:54:15,027 - mmaction - INFO - Epoch [47][40/100]	lr: 2.773e-05, eta: 0:01:15, time: 0.956, data_time: 0.723, memory: 4754, top1_acc: 1.0000, top5_acc: 1.0000, loss_cls: 0.0019, loss: 0.0019, grad_norm: 0.0489
2022-04-28 08:54:24,764 - mmaction - INFO - Epoch [47][80/100]	lr: 1.567e-05, eta: 0:00:56, time: 0.243, data_time: 0.009, memory: 4754, top1_acc: 1.0000, top5_acc: 1.0000, loss_cls: 0.0014, loss: 0.0014, grad_norm: 0.0357
2022-04-28 08:55:01,520 - mmaction - INFO - Evaluating top_k_accuracy ...
2022-04-28 08:55:01,521 - mmaction - INFO - 
top1_acc	0.9889
top5_acc	1.0000
2022-04-28 08:55:01,521 - mmaction - INFO - Evaluating mean_class_accuracy ...
2022-04-28 08:55:01,521 - mmaction - INFO - 
mean_acc	0.9889
2022-04-28 08:55:01,521 - mmaction - INFO - Epoch(val) [47][6]	top1_acc: 0.9889, top5_acc: 1.0000, mean_class_accuracy: 0.9889
2022-04-28 08:55:39,111 - mmaction - INFO - Epoch [48][40/100]	lr: 3.984e-06, eta: 0:00:28, time: 0.940, data_time: 0.691, memory: 4754, top1_acc: 1.0000, top5_acc: 1.0000, loss_cls: 0.0018, loss: 0.0018, grad_norm: 0.0442
2022-04-28 08:55:48,095 - mmaction - INFO - Epoch [48][80/100]	lr: 4.723e-07, eta: 0:00:09, time: 0.225, data_time: 0.000, memory: 4754, top1_acc: 1.0000, top5_acc: 1.0000, loss_cls: 0.0014, loss: 0.0014, grad_norm: 0.0323
2022-04-28 08:55:53,295 - mmaction - INFO - Saving checkpoint at 48 epochs
2022-04-28 08:56:23,766 - mmaction - INFO - Evaluating top_k_accuracy ...
2022-04-28 08:56:23,767 - mmaction - INFO - 
top1_acc	0.9944
top5_acc	1.0000
2022-04-28 08:56:23,767 - mmaction - INFO - Evaluating mean_class_accuracy ...
2022-04-28 08:56:23,768 - mmaction - INFO - 
mean_acc	0.9944
2022-04-28 08:56:23,768 - mmaction - INFO - Epoch(val) [48][6]	top1_acc: 0.9944, top5_acc: 1.0000, mean_class_accuracy: 0.9944
