2022-04-28 02:13:24,576 - mmaction - INFO - Environment info:
------------------------------------------------------------
sys.platform: linux
Python: 3.8.12 | packaged by conda-forge | (default, Oct 12 2021, 21:57:06) [GCC 9.4.0]
CUDA available: True
GPU 0,1,2,3: NVIDIA GeForce RTX 3090
CUDA_HOME: /usr/local/cuda
NVCC: Build cuda_11.1.TC455_06.29190527_0
GCC: gcc (Ubuntu 9.4.0-1ubuntu1~20.04.1) 9.4.0
PyTorch: 1.9.1+cu111
PyTorch compiling details: PyTorch built with:
  - GCC 7.3
  - C++ Version: 201402
  - Intel(R) Math Kernel Library Version 2020.0.0 Product Build 20191122 for Intel(R) 64 architecture applications
  - Intel(R) MKL-DNN v2.1.2 (Git Hash 98be7e8afa711dc9b66c8ff3504129cb82013cdb)
  - OpenMP 201511 (a.k.a. OpenMP 4.5)
  - NNPACK is enabled
  - CPU capability usage: AVX2
  - CUDA Runtime 11.1
  - NVCC architecture flags: -gencode;arch=compute_37,code=sm_37;-gencode;arch=compute_50,code=sm_50;-gencode;arch=compute_60,code=sm_60;-gencode;arch=compute_70,code=sm_70;-gencode;arch=compute_75,code=sm_75;-gencode;arch=compute_80,code=sm_80;-gencode;arch=compute_86,code=sm_86
  - CuDNN 8.0.5
  - Magma 2.5.2
  - Build settings: BLAS_INFO=mkl, BUILD_TYPE=Release, CUDA_VERSION=11.1, CUDNN_VERSION=8.0.5, CXX_COMPILER=/opt/rh/devtoolset-7/root/usr/bin/c++, CXX_FLAGS= -Wno-deprecated -fvisibility-inlines-hidden -DUSE_PTHREADPOOL -fopenmp -DNDEBUG -DUSE_KINETO -DUSE_FBGEMM -DUSE_QNNPACK -DUSE_PYTORCH_QNNPACK -DUSE_XNNPACK -DSYMBOLICATE_MOBILE_DEBUG_HANDLE -O2 -fPIC -Wno-narrowing -Wall -Wextra -Werror=return-type -Wno-missing-field-initializers -Wno-type-limits -Wno-array-bounds -Wno-unknown-pragmas -Wno-sign-compare -Wno-unused-parameter -Wno-unused-variable -Wno-unused-function -Wno-unused-result -Wno-unused-local-typedefs -Wno-strict-overflow -Wno-strict-aliasing -Wno-error=deprecated-declarations -Wno-stringop-overflow -Wno-psabi -Wno-error=pedantic -Wno-error=redundant-decls -Wno-error=old-style-cast -fdiagnostics-color=always -faligned-new -Wno-unused-but-set-variable -Wno-maybe-uninitialized -fno-math-errno -fno-trapping-math -Werror=format -Wno-stringop-overflow, LAPACK_INFO=mkl, PERF_WITH_AVX=1, PERF_WITH_AVX2=1, PERF_WITH_AVX512=1, TORCH_VERSION=1.9.1, USE_CUDA=ON, USE_CUDNN=ON, USE_EXCEPTION_PTR=1, USE_GFLAGS=OFF, USE_GLOG=OFF, USE_MKL=ON, USE_MKLDNN=ON, USE_MPI=OFF, USE_NCCL=ON, USE_NNPACK=ON, USE_OPENMP=ON, 

TorchVision: 0.10.1+cu111
OpenCV: 4.5.5
MMCV: 1.4.2
MMCV Compiler: GCC 7.3
MMCV CUDA Compiler: 11.1
MMAction2: 0.20.0+1c4333f
------------------------------------------------------------

2022-04-28 02:13:24,577 - mmaction - INFO - Distributed training: True
2022-04-28 02:13:26,495 - mmaction - INFO - Config: model = dict(
    type='Recognizer3D',
    backbone=dict(
        type='ResNet3dSlowOnly',
        depth=50,
        pretrained=None,
        in_channels=5,
        base_channels=32,
        num_stages=3,
        out_indices=(2, ),
        stage_blocks=(4, 6, 3),
        conv1_stride_s=1,
        pool1_stride_s=1,
        inflate=(0, 1, 1),
        spatial_strides=(2, 2, 2),
        temporal_strides=(1, 1, 2),
        dilations=(1, 1, 1)),
    cls_head=dict(
        type='I3DHead',
        in_channels=512,
        num_classes=10,
        spatial_type='avg',
        dropout_ratio=0.5),
    train_cfg=dict(),
    test_cfg=dict(average_clips='prob'))
dataset_type = 'PoseDataset'
ann_file_train = 'data/ds_taichi/TEST9AUG4/NSWR/train_data.pkl'
ann_file_val = 'data/ds_taichi/TEST9AUG4/NSWR/test_data.pkl'
left = [
    5, 6, 7, 8, 44, 45, 46, 47, 48, 49, 50, 51, 52, 53, 54, 55, 56, 57, 58, 59,
    60, 61, 62, 63, 64, 65, 66, 67, 68, 69, 70, 71
]
right = [
    1, 2, 3, 4, 16, 17, 18, 19, 20, 21, 22, 23, 24, 25, 26, 27, 28, 29, 30, 31,
    32, 33, 34, 35, 36, 37, 38, 39, 40, 41, 42, 43
]
train_pipeline = [
    dict(type='UniformSampleFrames', clip_len=48),
    dict(type='PoseDecode'),
    dict(type='PoseCompact', hw_ratio=1.0, allow_imgpad=True),
    dict(type='Resize', scale=(-1, 64)),
    dict(type='RandomResizedCrop', area_range=(0.56, 1.0)),
    dict(type='Resize', scale=(56, 56), keep_ratio=False),
    dict(
        type='Flip',
        flip_ratio=0.5,
        left_kp=[
            5, 6, 7, 8, 44, 45, 46, 47, 48, 49, 50, 51, 52, 53, 54, 55, 56, 57,
            58, 59, 60, 61, 62, 63, 64, 65, 66, 67, 68, 69, 70, 71
        ],
        right_kp=[
            1, 2, 3, 4, 16, 17, 18, 19, 20, 21, 22, 23, 24, 25, 26, 27, 28, 29,
            30, 31, 32, 33, 34, 35, 36, 37, 38, 39, 40, 41, 42, 43
        ]),
    dict(
        type='GenerateTaiChiPoseTarget',
        sigma=0.6,
        use_score=True,
        with_kp=True,
        with_limb=False),
    dict(type='FormatShape', input_format='NCTHW'),
    dict(type='Collect', keys=['imgs', 'label'], meta_keys=[]),
    dict(type='ToTensor', keys=['imgs', 'label'])
]
val_pipeline = [
    dict(type='UniformSampleFrames', clip_len=48, num_clips=1, test_mode=True),
    dict(type='PoseDecode'),
    dict(type='PoseCompact', hw_ratio=1.0, allow_imgpad=True),
    dict(type='Resize', scale=(-1, 64)),
    dict(type='CenterCrop', crop_size=64),
    dict(
        type='GenerateTaiChiPoseTarget',
        sigma=0.6,
        use_score=True,
        with_kp=True,
        with_limb=False),
    dict(type='FormatShape', input_format='NCTHW'),
    dict(type='Collect', keys=['imgs', 'label'], meta_keys=[]),
    dict(type='ToTensor', keys=['imgs'])
]
test_pipeline = [
    dict(
        type='UniformSampleFrames', clip_len=48, num_clips=10, test_mode=True),
    dict(type='PoseDecode'),
    dict(type='PoseCompact', hw_ratio=1.0, allow_imgpad=True),
    dict(type='Resize', scale=(-1, 64)),
    dict(type='CenterCrop', crop_size=64),
    dict(
        type='GenerateTaiChiPoseTarget',
        sigma=0.6,
        use_score=True,
        with_kp=True,
        with_limb=False,
        double=True,
        left_kp=[
            5, 6, 7, 8, 44, 45, 46, 47, 48, 49, 50, 51, 52, 53, 54, 55, 56, 57,
            58, 59, 60, 61, 62, 63, 64, 65, 66, 67, 68, 69, 70, 71
        ],
        right_kp=[
            1, 2, 3, 4, 16, 17, 18, 19, 20, 21, 22, 23, 24, 25, 26, 27, 28, 29,
            30, 31, 32, 33, 34, 35, 36, 37, 38, 39, 40, 41, 42, 43
        ]),
    dict(type='FormatShape', input_format='NCTHW'),
    dict(type='Collect', keys=['imgs', 'label'], meta_keys=[]),
    dict(type='ToTensor', keys=['imgs'])
]
data = dict(
    videos_per_gpu=8,
    workers_per_gpu=4,
    test_dataloader=dict(videos_per_gpu=4),
    train=dict(
        type='RepeatDataset',
        times=20,
        dataset=dict(
            type='PoseDataset',
            ann_file='data/ds_taichi/TEST9AUG4/NSWR/train_data.pkl',
            data_prefix='',
            pipeline=[
                dict(type='UniformSampleFrames', clip_len=48),
                dict(type='PoseDecode'),
                dict(type='PoseCompact', hw_ratio=1.0, allow_imgpad=True),
                dict(type='Resize', scale=(-1, 64)),
                dict(type='RandomResizedCrop', area_range=(0.56, 1.0)),
                dict(type='Resize', scale=(56, 56), keep_ratio=False),
                dict(
                    type='Flip',
                    flip_ratio=0.5,
                    left_kp=[
                        5, 6, 7, 8, 44, 45, 46, 47, 48, 49, 50, 51, 52, 53, 54,
                        55, 56, 57, 58, 59, 60, 61, 62, 63, 64, 65, 66, 67, 68,
                        69, 70, 71
                    ],
                    right_kp=[
                        1, 2, 3, 4, 16, 17, 18, 19, 20, 21, 22, 23, 24, 25, 26,
                        27, 28, 29, 30, 31, 32, 33, 34, 35, 36, 37, 38, 39, 40,
                        41, 42, 43
                    ]),
                dict(
                    type='GenerateTaiChiPoseTarget',
                    sigma=0.6,
                    use_score=True,
                    with_kp=True,
                    with_limb=False),
                dict(type='FormatShape', input_format='NCTHW'),
                dict(type='Collect', keys=['imgs', 'label'], meta_keys=[]),
                dict(type='ToTensor', keys=['imgs', 'label'])
            ])),
    val=dict(
        type='PoseDataset',
        ann_file='data/ds_taichi/TEST9AUG4/NSWR/test_data.pkl',
        data_prefix='',
        pipeline=[
            dict(
                type='UniformSampleFrames',
                clip_len=48,
                num_clips=1,
                test_mode=True),
            dict(type='PoseDecode'),
            dict(type='PoseCompact', hw_ratio=1.0, allow_imgpad=True),
            dict(type='Resize', scale=(-1, 64)),
            dict(type='CenterCrop', crop_size=64),
            dict(
                type='GenerateTaiChiPoseTarget',
                sigma=0.6,
                use_score=True,
                with_kp=True,
                with_limb=False),
            dict(type='FormatShape', input_format='NCTHW'),
            dict(type='Collect', keys=['imgs', 'label'], meta_keys=[]),
            dict(type='ToTensor', keys=['imgs'])
        ]),
    test=dict(
        type='PoseDataset',
        ann_file='data/ds_taichi/TEST9AUG4/NSWR/test_data.pkl',
        data_prefix='',
        pipeline=[
            dict(
                type='UniformSampleFrames',
                clip_len=48,
                num_clips=10,
                test_mode=True),
            dict(type='PoseDecode'),
            dict(type='PoseCompact', hw_ratio=1.0, allow_imgpad=True),
            dict(type='Resize', scale=(-1, 64)),
            dict(type='CenterCrop', crop_size=64),
            dict(
                type='GenerateTaiChiPoseTarget',
                sigma=0.6,
                use_score=True,
                with_kp=True,
                with_limb=False,
                double=True,
                left_kp=[
                    5, 6, 7, 8, 44, 45, 46, 47, 48, 49, 50, 51, 52, 53, 54, 55,
                    56, 57, 58, 59, 60, 61, 62, 63, 64, 65, 66, 67, 68, 69, 70,
                    71
                ],
                right_kp=[
                    1, 2, 3, 4, 16, 17, 18, 19, 20, 21, 22, 23, 24, 25, 26, 27,
                    28, 29, 30, 31, 32, 33, 34, 35, 36, 37, 38, 39, 40, 41, 42,
                    43
                ]),
            dict(type='FormatShape', input_format='NCTHW'),
            dict(type='Collect', keys=['imgs', 'label'], meta_keys=[]),
            dict(type='ToTensor', keys=['imgs'])
        ]))
optimizer = dict(type='SGD', lr=0.01, momentum=0.9, weight_decay=0.0003)
optimizer_config = dict(grad_clip=dict(max_norm=40, norm_type=2))
lr_config = dict(policy='CosineAnnealing', by_epoch=False, min_lr=0)
total_epochs = 48
checkpoint_config = dict()
workflow = [('train', 1)]
evaluation = dict(
    interval=1, metrics=['top_k_accuracy', 'mean_class_accuracy'], topk=(1, 5))
log_config = dict(interval=40, hooks=[dict(type='TextLoggerHook')])
output_config = dict(out='./model_pth/exp7/ft-NSWR/test_result/results.pkl')
eval_config = dict(
    metric_out='./model_pth/exp7/ft-NSWR/test_result',
    eval=[
        'top_k_accuracy', 'mean_class_accuracy', 'confusion_matrix',
        't_sne_vis'
    ])
dist_params = dict(backend='nccl')
log_level = 'INFO'
work_dir = './model_pth/exp7/ft-NSWR'
load_from = './model_pth/5part_ntu60_xsub_kp_0331/epoch_24.pth'
resume_from = None
find_unused_parameters = False
gpu_ids = range(0, 4)
omnisource = False
module_hooks = []

2022-04-28 02:13:26,496 - mmaction - INFO - Set random seed to 42, deterministic: True
2022-04-28 02:13:26,565 - mmaction - INFO - 80 videos remain after valid thresholding
2022-04-28 02:13:33,353 - mmaction - INFO - 180 videos remain after valid thresholding
2022-04-28 02:13:33,354 - mmaction - INFO - load checkpoint from local path: ./model_pth/5part_ntu60_xsub_kp_0331/epoch_24.pth
2022-04-28 02:13:33,379 - mmaction - WARNING - The model and loaded state dict do not match exactly

size mismatch for cls_head.fc_cls.weight: copying a param with shape torch.Size([60, 512]) from checkpoint, the shape in current model is torch.Size([10, 512]).
size mismatch for cls_head.fc_cls.bias: copying a param with shape torch.Size([60]) from checkpoint, the shape in current model is torch.Size([10]).
2022-04-28 02:13:33,380 - mmaction - INFO - Start running, host: yl@83090-jin, work_dir: /home/yl/myposec3d/model_pth/exp7/ft-NSWR
2022-04-28 02:13:33,380 - mmaction - INFO - Hooks will be executed in the following order:
before_run:
(VERY_HIGH   ) CosineAnnealingLrUpdaterHook       
(NORMAL      ) CheckpointHook                     
(NORMAL      ) DistEvalHook                       
(VERY_LOW    ) TextLoggerHook                     
 -------------------- 
before_train_epoch:
(VERY_HIGH   ) CosineAnnealingLrUpdaterHook       
(NORMAL      ) DistSamplerSeedHook                
(NORMAL      ) DistEvalHook                       
(LOW         ) IterTimerHook                      
(VERY_LOW    ) TextLoggerHook                     
 -------------------- 
before_train_iter:
(VERY_HIGH   ) CosineAnnealingLrUpdaterHook       
(NORMAL      ) DistEvalHook                       
(LOW         ) IterTimerHook                      
 -------------------- 
after_train_iter:
(ABOVE_NORMAL) OptimizerHook                      
(NORMAL      ) CheckpointHook                     
(NORMAL      ) DistEvalHook                       
(LOW         ) IterTimerHook                      
(VERY_LOW    ) TextLoggerHook                     
 -------------------- 
after_train_epoch:
(NORMAL      ) CheckpointHook                     
(NORMAL      ) DistEvalHook                       
(VERY_LOW    ) TextLoggerHook                     
 -------------------- 
before_val_epoch:
(NORMAL      ) DistSamplerSeedHook                
(LOW         ) IterTimerHook                      
(VERY_LOW    ) TextLoggerHook                     
 -------------------- 
before_val_iter:
(LOW         ) IterTimerHook                      
 -------------------- 
after_val_iter:
(LOW         ) IterTimerHook                      
 -------------------- 
after_val_epoch:
(VERY_LOW    ) TextLoggerHook                     
 -------------------- 
after_run:
(VERY_LOW    ) TextLoggerHook                     
 -------------------- 
2022-04-28 02:13:33,381 - mmaction - INFO - workflow: [('train', 1)], max: 48 epochs
2022-04-28 02:13:33,381 - mmaction - INFO - Checkpoints will be saved to /home/yl/myposec3d/model_pth/exp7/ft-NSWR by HardDiskBackend.
2022-04-28 02:14:09,279 - mmaction - INFO - Epoch [1][40/50]	lr: 9.993e-03, eta: 0:35:17, time: 0.897, data_time: 0.685, memory: 4754, top1_acc: 0.5828, top5_acc: 0.8625, loss_cls: 1.5505, loss: 1.5505, grad_norm: 2.3472
2022-04-28 02:14:41,809 - mmaction - INFO - Evaluating top_k_accuracy ...
2022-04-28 02:14:41,810 - mmaction - INFO - 
top1_acc	0.8444
top5_acc	0.9444
2022-04-28 02:14:41,810 - mmaction - INFO - Evaluating mean_class_accuracy ...
2022-04-28 02:14:41,810 - mmaction - INFO - 
mean_acc	0.8444
2022-04-28 02:14:41,860 - mmaction - INFO - Now best checkpoint is saved as best_top1_acc_epoch_1.pth.
2022-04-28 02:14:41,860 - mmaction - INFO - Best top1_acc is 0.8444 at 1 epoch.
2022-04-28 02:14:41,861 - mmaction - INFO - Epoch(val) [1][6]	top1_acc: 0.8444, top5_acc: 0.9444, mean_class_accuracy: 0.8444
2022-04-28 02:15:18,588 - mmaction - INFO - Epoch [2][40/50]	lr: 9.966e-03, eta: 0:31:03, time: 0.918, data_time: 0.668, memory: 4754, top1_acc: 0.9875, top5_acc: 1.0000, loss_cls: 0.1312, loss: 0.1312, grad_norm: 1.2506
2022-04-28 02:15:51,969 - mmaction - INFO - Evaluating top_k_accuracy ...
2022-04-28 02:15:51,970 - mmaction - INFO - 
top1_acc	0.8722
top5_acc	0.9667
2022-04-28 02:15:51,970 - mmaction - INFO - Evaluating mean_class_accuracy ...
2022-04-28 02:15:51,970 - mmaction - INFO - 
mean_acc	0.8722
2022-04-28 02:15:51,972 - mmaction - INFO - The previous best checkpoint /home/yl/myposec3d/model_pth/exp7/ft-NSWR/best_top1_acc_epoch_1.pth was removed
2022-04-28 02:15:52,030 - mmaction - INFO - Now best checkpoint is saved as best_top1_acc_epoch_2.pth.
2022-04-28 02:15:52,030 - mmaction - INFO - Best top1_acc is 0.8722 at 2 epoch.
2022-04-28 02:15:52,030 - mmaction - INFO - Epoch(val) [2][6]	top1_acc: 0.8722, top5_acc: 0.9667, mean_class_accuracy: 0.8722
2022-04-28 02:16:28,751 - mmaction - INFO - Epoch [3][40/50]	lr: 9.917e-03, eta: 0:29:24, time: 0.918, data_time: 0.705, memory: 4754, top1_acc: 0.9977, top5_acc: 1.0000, loss_cls: 0.0477, loss: 0.0477, grad_norm: 0.7448
2022-04-28 02:17:00,836 - mmaction - INFO - Evaluating top_k_accuracy ...
2022-04-28 02:17:00,837 - mmaction - INFO - 
top1_acc	0.9500
top5_acc	1.0000
2022-04-28 02:17:00,837 - mmaction - INFO - Evaluating mean_class_accuracy ...
2022-04-28 02:17:00,837 - mmaction - INFO - 
mean_acc	0.9500
2022-04-28 02:17:00,840 - mmaction - INFO - The previous best checkpoint /home/yl/myposec3d/model_pth/exp7/ft-NSWR/best_top1_acc_epoch_2.pth was removed
2022-04-28 02:17:00,880 - mmaction - INFO - Now best checkpoint is saved as best_top1_acc_epoch_3.pth.
2022-04-28 02:17:00,880 - mmaction - INFO - Best top1_acc is 0.9500 at 3 epoch.
2022-04-28 02:17:00,880 - mmaction - INFO - Epoch(val) [3][6]	top1_acc: 0.9500, top5_acc: 1.0000, mean_class_accuracy: 0.9500
2022-04-28 02:17:36,103 - mmaction - INFO - Epoch [4][40/50]	lr: 9.848e-03, eta: 0:28:01, time: 0.880, data_time: 0.669, memory: 4754, top1_acc: 0.9977, top5_acc: 1.0000, loss_cls: 0.0342, loss: 0.0342, grad_norm: 0.7077
2022-04-28 02:18:08,775 - mmaction - INFO - Evaluating top_k_accuracy ...
2022-04-28 02:18:08,775 - mmaction - INFO - 
top1_acc	0.9833
top5_acc	1.0000
2022-04-28 02:18:08,776 - mmaction - INFO - Evaluating mean_class_accuracy ...
2022-04-28 02:18:08,776 - mmaction - INFO - 
mean_acc	0.9833
2022-04-28 02:18:08,778 - mmaction - INFO - The previous best checkpoint /home/yl/myposec3d/model_pth/exp7/ft-NSWR/best_top1_acc_epoch_3.pth was removed
2022-04-28 02:18:08,826 - mmaction - INFO - Now best checkpoint is saved as best_top1_acc_epoch_4.pth.
2022-04-28 02:18:08,827 - mmaction - INFO - Best top1_acc is 0.9833 at 4 epoch.
2022-04-28 02:18:08,827 - mmaction - INFO - Epoch(val) [4][6]	top1_acc: 0.9833, top5_acc: 1.0000, mean_class_accuracy: 0.9833
2022-04-28 02:18:45,140 - mmaction - INFO - Epoch [5][40/50]	lr: 9.757e-03, eta: 0:27:07, time: 0.908, data_time: 0.679, memory: 4754, top1_acc: 0.9992, top5_acc: 1.0000, loss_cls: 0.0222, loss: 0.0222, grad_norm: 0.4228
2022-04-28 02:19:17,822 - mmaction - INFO - Evaluating top_k_accuracy ...
2022-04-28 02:19:17,822 - mmaction - INFO - 
top1_acc	0.9722
top5_acc	1.0000
2022-04-28 02:19:17,822 - mmaction - INFO - Evaluating mean_class_accuracy ...
2022-04-28 02:19:17,823 - mmaction - INFO - 
mean_acc	0.9722
2022-04-28 02:19:17,823 - mmaction - INFO - Epoch(val) [5][6]	top1_acc: 0.9722, top5_acc: 1.0000, mean_class_accuracy: 0.9722
2022-04-28 02:19:55,095 - mmaction - INFO - Epoch [6][40/50]	lr: 9.646e-03, eta: 0:26:26, time: 0.932, data_time: 0.690, memory: 4754, top1_acc: 0.9977, top5_acc: 1.0000, loss_cls: 0.0209, loss: 0.0209, grad_norm: 0.4088
2022-04-28 02:20:28,626 - mmaction - INFO - Evaluating top_k_accuracy ...
2022-04-28 02:20:28,627 - mmaction - INFO - 
top1_acc	0.9667
top5_acc	0.9944
2022-04-28 02:20:28,627 - mmaction - INFO - Evaluating mean_class_accuracy ...
2022-04-28 02:20:28,627 - mmaction - INFO - 
mean_acc	0.9667
2022-04-28 02:20:28,627 - mmaction - INFO - Epoch(val) [6][6]	top1_acc: 0.9667, top5_acc: 0.9944, mean_class_accuracy: 0.9667
2022-04-28 02:21:04,455 - mmaction - INFO - Epoch [7][40/50]	lr: 9.516e-03, eta: 0:25:38, time: 0.895, data_time: 0.663, memory: 4754, top1_acc: 1.0000, top5_acc: 1.0000, loss_cls: 0.0147, loss: 0.0147, grad_norm: 0.3124
2022-04-28 02:21:36,717 - mmaction - INFO - Evaluating top_k_accuracy ...
2022-04-28 02:21:36,718 - mmaction - INFO - 
top1_acc	0.9944
top5_acc	1.0000
2022-04-28 02:21:36,718 - mmaction - INFO - Evaluating mean_class_accuracy ...
2022-04-28 02:21:36,719 - mmaction - INFO - 
mean_acc	0.9944
2022-04-28 02:21:36,724 - mmaction - INFO - The previous best checkpoint /home/yl/myposec3d/model_pth/exp7/ft-NSWR/best_top1_acc_epoch_4.pth was removed
2022-04-28 02:21:36,787 - mmaction - INFO - Now best checkpoint is saved as best_top1_acc_epoch_7.pth.
2022-04-28 02:21:36,787 - mmaction - INFO - Best top1_acc is 0.9944 at 7 epoch.
2022-04-28 02:21:36,787 - mmaction - INFO - Epoch(val) [7][6]	top1_acc: 0.9944, top5_acc: 1.0000, mean_class_accuracy: 0.9944
2022-04-28 02:22:13,613 - mmaction - INFO - Epoch [8][40/50]	lr: 9.366e-03, eta: 0:24:58, time: 0.920, data_time: 0.712, memory: 4754, top1_acc: 1.0000, top5_acc: 1.0000, loss_cls: 0.0106, loss: 0.0106, grad_norm: 0.2367
2022-04-28 02:22:47,258 - mmaction - INFO - Evaluating top_k_accuracy ...
2022-04-28 02:22:47,259 - mmaction - INFO - 
top1_acc	0.9833
top5_acc	1.0000
2022-04-28 02:22:47,259 - mmaction - INFO - Evaluating mean_class_accuracy ...
2022-04-28 02:22:47,259 - mmaction - INFO - 
mean_acc	0.9833
2022-04-28 02:22:47,259 - mmaction - INFO - Epoch(val) [8][6]	top1_acc: 0.9833, top5_acc: 1.0000, mean_class_accuracy: 0.9833
2022-04-28 02:23:23,757 - mmaction - INFO - Epoch [9][40/50]	lr: 9.197e-03, eta: 0:24:17, time: 0.912, data_time: 0.679, memory: 4754, top1_acc: 1.0000, top5_acc: 1.0000, loss_cls: 0.0103, loss: 0.0103, grad_norm: 0.2292
2022-04-28 02:23:56,293 - mmaction - INFO - Evaluating top_k_accuracy ...
2022-04-28 02:23:56,294 - mmaction - INFO - 
top1_acc	0.9444
top5_acc	1.0000
2022-04-28 02:23:56,294 - mmaction - INFO - Evaluating mean_class_accuracy ...
2022-04-28 02:23:56,294 - mmaction - INFO - 
mean_acc	0.9444
2022-04-28 02:23:56,295 - mmaction - INFO - Epoch(val) [9][6]	top1_acc: 0.9444, top5_acc: 1.0000, mean_class_accuracy: 0.9444
2022-04-28 02:24:34,072 - mmaction - INFO - Epoch [10][40/50]	lr: 9.010e-03, eta: 0:23:42, time: 0.944, data_time: 0.708, memory: 4754, top1_acc: 1.0000, top5_acc: 1.0000, loss_cls: 0.0109, loss: 0.0109, grad_norm: 0.2738
2022-04-28 02:25:07,075 - mmaction - INFO - Evaluating top_k_accuracy ...
2022-04-28 02:25:07,076 - mmaction - INFO - 
top1_acc	0.9944
top5_acc	1.0000
2022-04-28 02:25:07,076 - mmaction - INFO - Evaluating mean_class_accuracy ...
2022-04-28 02:25:07,076 - mmaction - INFO - 
mean_acc	0.9944
2022-04-28 02:25:07,077 - mmaction - INFO - Epoch(val) [10][6]	top1_acc: 0.9944, top5_acc: 1.0000, mean_class_accuracy: 0.9944
2022-04-28 02:25:44,907 - mmaction - INFO - Epoch [11][40/50]	lr: 8.806e-03, eta: 0:23:07, time: 0.946, data_time: 0.681, memory: 4754, top1_acc: 1.0000, top5_acc: 1.0000, loss_cls: 0.0070, loss: 0.0070, grad_norm: 0.1835
2022-04-28 02:26:18,844 - mmaction - INFO - Evaluating top_k_accuracy ...
2022-04-28 02:26:18,845 - mmaction - INFO - 
top1_acc	0.9722
top5_acc	1.0000
2022-04-28 02:26:18,845 - mmaction - INFO - Evaluating mean_class_accuracy ...
2022-04-28 02:26:18,845 - mmaction - INFO - 
mean_acc	0.9722
2022-04-28 02:26:18,845 - mmaction - INFO - Epoch(val) [11][6]	top1_acc: 0.9722, top5_acc: 1.0000, mean_class_accuracy: 0.9722
2022-04-28 02:26:56,232 - mmaction - INFO - Epoch [12][40/50]	lr: 8.586e-03, eta: 0:22:30, time: 0.935, data_time: 0.684, memory: 4754, top1_acc: 1.0000, top5_acc: 1.0000, loss_cls: 0.0064, loss: 0.0064, grad_norm: 0.1626
2022-04-28 02:27:29,218 - mmaction - INFO - Evaluating top_k_accuracy ...
2022-04-28 02:27:29,218 - mmaction - INFO - 
top1_acc	0.9833
top5_acc	1.0000
2022-04-28 02:27:29,218 - mmaction - INFO - Evaluating mean_class_accuracy ...
2022-04-28 02:27:29,219 - mmaction - INFO - 
mean_acc	0.9833
2022-04-28 02:27:29,219 - mmaction - INFO - Epoch(val) [12][6]	top1_acc: 0.9833, top5_acc: 1.0000, mean_class_accuracy: 0.9833
2022-04-28 02:28:06,461 - mmaction - INFO - Epoch [13][40/50]	lr: 8.351e-03, eta: 0:21:53, time: 0.931, data_time: 0.688, memory: 4754, top1_acc: 0.9992, top5_acc: 1.0000, loss_cls: 0.0070, loss: 0.0070, grad_norm: 0.2151
2022-04-28 02:28:39,493 - mmaction - INFO - Evaluating top_k_accuracy ...
2022-04-28 02:28:39,494 - mmaction - INFO - 
top1_acc	0.9667
top5_acc	1.0000
2022-04-28 02:28:39,494 - mmaction - INFO - Evaluating mean_class_accuracy ...
2022-04-28 02:28:39,494 - mmaction - INFO - 
mean_acc	0.9667
2022-04-28 02:28:39,495 - mmaction - INFO - Epoch(val) [13][6]	top1_acc: 0.9667, top5_acc: 1.0000, mean_class_accuracy: 0.9667
2022-04-28 02:29:15,882 - mmaction - INFO - Epoch [14][40/50]	lr: 8.101e-03, eta: 0:21:13, time: 0.909, data_time: 0.668, memory: 4754, top1_acc: 1.0000, top5_acc: 1.0000, loss_cls: 0.0062, loss: 0.0062, grad_norm: 0.1534
2022-04-28 02:29:48,699 - mmaction - INFO - Evaluating top_k_accuracy ...
2022-04-28 02:29:48,699 - mmaction - INFO - 
top1_acc	0.9833
top5_acc	1.0000
2022-04-28 02:29:48,699 - mmaction - INFO - Evaluating mean_class_accuracy ...
2022-04-28 02:29:48,700 - mmaction - INFO - 
mean_acc	0.9833
2022-04-28 02:29:48,700 - mmaction - INFO - Epoch(val) [14][6]	top1_acc: 0.9833, top5_acc: 1.0000, mean_class_accuracy: 0.9833
2022-04-28 02:30:26,282 - mmaction - INFO - Epoch [15][40/50]	lr: 7.837e-03, eta: 0:20:36, time: 0.939, data_time: 0.687, memory: 4754, top1_acc: 1.0000, top5_acc: 1.0000, loss_cls: 0.0053, loss: 0.0053, grad_norm: 0.1324
2022-04-28 02:30:59,414 - mmaction - INFO - Evaluating top_k_accuracy ...
2022-04-28 02:30:59,414 - mmaction - INFO - 
top1_acc	0.9778
top5_acc	1.0000
2022-04-28 02:30:59,414 - mmaction - INFO - Evaluating mean_class_accuracy ...
2022-04-28 02:30:59,415 - mmaction - INFO - 
mean_acc	0.9778
2022-04-28 02:30:59,415 - mmaction - INFO - Epoch(val) [15][6]	top1_acc: 0.9778, top5_acc: 1.0000, mean_class_accuracy: 0.9778
2022-04-28 02:31:37,570 - mmaction - INFO - Epoch [16][40/50]	lr: 7.562e-03, eta: 0:20:01, time: 0.954, data_time: 0.759, memory: 4754, top1_acc: 1.0000, top5_acc: 1.0000, loss_cls: 0.0045, loss: 0.0045, grad_norm: 0.1061
2022-04-28 02:32:10,926 - mmaction - INFO - Evaluating top_k_accuracy ...
2022-04-28 02:32:10,926 - mmaction - INFO - 
top1_acc	0.9833
top5_acc	1.0000
2022-04-28 02:32:10,927 - mmaction - INFO - Evaluating mean_class_accuracy ...
2022-04-28 02:32:10,927 - mmaction - INFO - 
mean_acc	0.9833
2022-04-28 02:32:10,927 - mmaction - INFO - Epoch(val) [16][6]	top1_acc: 0.9833, top5_acc: 1.0000, mean_class_accuracy: 0.9833
2022-04-28 02:32:48,869 - mmaction - INFO - Epoch [17][40/50]	lr: 7.276e-03, eta: 0:19:25, time: 0.948, data_time: 0.719, memory: 4754, top1_acc: 1.0000, top5_acc: 1.0000, loss_cls: 0.0045, loss: 0.0045, grad_norm: 0.1139
2022-04-28 02:33:21,423 - mmaction - INFO - Evaluating top_k_accuracy ...
2022-04-28 02:33:21,423 - mmaction - INFO - 
top1_acc	0.9944
top5_acc	1.0000
2022-04-28 02:33:21,423 - mmaction - INFO - Evaluating mean_class_accuracy ...
2022-04-28 02:33:21,424 - mmaction - INFO - 
mean_acc	0.9944
2022-04-28 02:33:21,424 - mmaction - INFO - Epoch(val) [17][6]	top1_acc: 0.9944, top5_acc: 1.0000, mean_class_accuracy: 0.9944
2022-04-28 02:33:57,858 - mmaction - INFO - Epoch [18][40/50]	lr: 6.980e-03, eta: 0:18:46, time: 0.911, data_time: 0.696, memory: 4754, top1_acc: 1.0000, top5_acc: 1.0000, loss_cls: 0.0035, loss: 0.0035, grad_norm: 0.1007
2022-04-28 02:34:30,717 - mmaction - INFO - Evaluating top_k_accuracy ...
2022-04-28 02:34:30,718 - mmaction - INFO - 
top1_acc	0.9944
top5_acc	1.0000
2022-04-28 02:34:30,718 - mmaction - INFO - Evaluating mean_class_accuracy ...
2022-04-28 02:34:30,718 - mmaction - INFO - 
mean_acc	0.9944
2022-04-28 02:34:30,719 - mmaction - INFO - Epoch(val) [18][6]	top1_acc: 0.9944, top5_acc: 1.0000, mean_class_accuracy: 0.9944
2022-04-28 02:35:06,927 - mmaction - INFO - Epoch [19][40/50]	lr: 6.675e-03, eta: 0:18:07, time: 0.905, data_time: 0.687, memory: 4754, top1_acc: 1.0000, top5_acc: 1.0000, loss_cls: 0.0037, loss: 0.0037, grad_norm: 0.0883
2022-04-28 02:35:39,720 - mmaction - INFO - Evaluating top_k_accuracy ...
2022-04-28 02:35:39,720 - mmaction - INFO - 
top1_acc	1.0000
top5_acc	1.0000
2022-04-28 02:35:39,721 - mmaction - INFO - Evaluating mean_class_accuracy ...
2022-04-28 02:35:39,721 - mmaction - INFO - 
mean_acc	1.0000
2022-04-28 02:35:39,725 - mmaction - INFO - The previous best checkpoint /home/yl/myposec3d/model_pth/exp7/ft-NSWR/best_top1_acc_epoch_7.pth was removed
2022-04-28 02:35:39,774 - mmaction - INFO - Now best checkpoint is saved as best_top1_acc_epoch_19.pth.
2022-04-28 02:35:39,774 - mmaction - INFO - Best top1_acc is 1.0000 at 19 epoch.
2022-04-28 02:35:39,775 - mmaction - INFO - Epoch(val) [19][6]	top1_acc: 1.0000, top5_acc: 1.0000, mean_class_accuracy: 1.0000
2022-04-28 02:36:18,219 - mmaction - INFO - Epoch [20][40/50]	lr: 6.364e-03, eta: 0:17:31, time: 0.961, data_time: 0.687, memory: 4754, top1_acc: 1.0000, top5_acc: 1.0000, loss_cls: 0.0059, loss: 0.0059, grad_norm: 0.1510
2022-04-28 02:36:51,252 - mmaction - INFO - Evaluating top_k_accuracy ...
2022-04-28 02:36:51,252 - mmaction - INFO - 
top1_acc	0.9944
top5_acc	1.0000
2022-04-28 02:36:51,252 - mmaction - INFO - Evaluating mean_class_accuracy ...
2022-04-28 02:36:51,253 - mmaction - INFO - 
mean_acc	0.9944
2022-04-28 02:36:51,253 - mmaction - INFO - Epoch(val) [20][6]	top1_acc: 0.9944, top5_acc: 1.0000, mean_class_accuracy: 0.9944
2022-04-28 02:37:28,627 - mmaction - INFO - Epoch [21][40/50]	lr: 6.046e-03, eta: 0:16:54, time: 0.934, data_time: 0.685, memory: 4754, top1_acc: 1.0000, top5_acc: 1.0000, loss_cls: 0.0038, loss: 0.0038, grad_norm: 0.1011
2022-04-28 02:38:01,421 - mmaction - INFO - Evaluating top_k_accuracy ...
2022-04-28 02:38:01,422 - mmaction - INFO - 
top1_acc	0.9889
top5_acc	1.0000
2022-04-28 02:38:01,422 - mmaction - INFO - Evaluating mean_class_accuracy ...
2022-04-28 02:38:01,422 - mmaction - INFO - 
mean_acc	0.9889
2022-04-28 02:38:01,422 - mmaction - INFO - Epoch(val) [21][6]	top1_acc: 0.9889, top5_acc: 1.0000, mean_class_accuracy: 0.9889
2022-04-28 02:38:39,331 - mmaction - INFO - Epoch [22][40/50]	lr: 5.724e-03, eta: 0:16:18, time: 0.947, data_time: 0.714, memory: 4754, top1_acc: 1.0000, top5_acc: 1.0000, loss_cls: 0.0037, loss: 0.0037, grad_norm: 0.0811
2022-04-28 02:39:12,520 - mmaction - INFO - Evaluating top_k_accuracy ...
2022-04-28 02:39:12,520 - mmaction - INFO - 
top1_acc	0.9889
top5_acc	1.0000
2022-04-28 02:39:12,520 - mmaction - INFO - Evaluating mean_class_accuracy ...
2022-04-28 02:39:12,521 - mmaction - INFO - 
mean_acc	0.9889
2022-04-28 02:39:12,521 - mmaction - INFO - Epoch(val) [22][6]	top1_acc: 0.9889, top5_acc: 1.0000, mean_class_accuracy: 0.9889
2022-04-28 02:39:50,025 - mmaction - INFO - Epoch [23][40/50]	lr: 5.399e-03, eta: 0:15:40, time: 0.937, data_time: 0.673, memory: 4754, top1_acc: 1.0000, top5_acc: 1.0000, loss_cls: 0.0045, loss: 0.0045, grad_norm: 0.0980
2022-04-28 02:40:23,050 - mmaction - INFO - Evaluating top_k_accuracy ...
2022-04-28 02:40:23,050 - mmaction - INFO - 
top1_acc	0.9833
top5_acc	1.0000
2022-04-28 02:40:23,050 - mmaction - INFO - Evaluating mean_class_accuracy ...
2022-04-28 02:40:23,051 - mmaction - INFO - 
mean_acc	0.9833
2022-04-28 02:40:23,051 - mmaction - INFO - Epoch(val) [23][6]	top1_acc: 0.9833, top5_acc: 1.0000, mean_class_accuracy: 0.9833
2022-04-28 02:41:00,503 - mmaction - INFO - Epoch [24][40/50]	lr: 5.072e-03, eta: 0:15:03, time: 0.936, data_time: 0.694, memory: 4754, top1_acc: 1.0000, top5_acc: 1.0000, loss_cls: 0.0041, loss: 0.0041, grad_norm: 0.1266
2022-04-28 02:41:34,201 - mmaction - INFO - Evaluating top_k_accuracy ...
2022-04-28 02:41:34,202 - mmaction - INFO - 
top1_acc	0.9889
top5_acc	1.0000
2022-04-28 02:41:34,202 - mmaction - INFO - Evaluating mean_class_accuracy ...
2022-04-28 02:41:34,202 - mmaction - INFO - 
mean_acc	0.9889
2022-04-28 02:41:34,203 - mmaction - INFO - Epoch(val) [24][6]	top1_acc: 0.9889, top5_acc: 1.0000, mean_class_accuracy: 0.9889
2022-04-28 02:42:10,376 - mmaction - INFO - Epoch [25][40/50]	lr: 4.745e-03, eta: 0:14:25, time: 0.904, data_time: 0.674, memory: 4754, top1_acc: 1.0000, top5_acc: 1.0000, loss_cls: 0.0055, loss: 0.0055, grad_norm: 0.1582
2022-04-28 02:42:43,143 - mmaction - INFO - Evaluating top_k_accuracy ...
2022-04-28 02:42:43,143 - mmaction - INFO - 
top1_acc	0.9833
top5_acc	1.0000
2022-04-28 02:42:43,143 - mmaction - INFO - Evaluating mean_class_accuracy ...
2022-04-28 02:42:43,144 - mmaction - INFO - 
mean_acc	0.9833
2022-04-28 02:42:43,144 - mmaction - INFO - Epoch(val) [25][6]	top1_acc: 0.9833, top5_acc: 1.0000, mean_class_accuracy: 0.9833
2022-04-28 02:43:20,571 - mmaction - INFO - Epoch [26][40/50]	lr: 4.419e-03, eta: 0:13:48, time: 0.935, data_time: 0.684, memory: 4754, top1_acc: 1.0000, top5_acc: 1.0000, loss_cls: 0.0030, loss: 0.0030, grad_norm: 0.0682
2022-04-28 02:43:54,252 - mmaction - INFO - Evaluating top_k_accuracy ...
2022-04-28 02:43:54,253 - mmaction - INFO - 
top1_acc	0.9722
top5_acc	1.0000
2022-04-28 02:43:54,253 - mmaction - INFO - Evaluating mean_class_accuracy ...
2022-04-28 02:43:54,253 - mmaction - INFO - 
mean_acc	0.9722
2022-04-28 02:43:54,254 - mmaction - INFO - Epoch(val) [26][6]	top1_acc: 0.9722, top5_acc: 1.0000, mean_class_accuracy: 0.9722
2022-04-28 02:44:31,070 - mmaction - INFO - Epoch [27][40/50]	lr: 4.095e-03, eta: 0:13:10, time: 0.920, data_time: 0.669, memory: 4754, top1_acc: 1.0000, top5_acc: 1.0000, loss_cls: 0.0029, loss: 0.0029, grad_norm: 0.0760
2022-04-28 02:45:03,587 - mmaction - INFO - Evaluating top_k_accuracy ...
2022-04-28 02:45:03,588 - mmaction - INFO - 
top1_acc	0.9944
top5_acc	1.0000
2022-04-28 02:45:03,588 - mmaction - INFO - Evaluating mean_class_accuracy ...
2022-04-28 02:45:03,589 - mmaction - INFO - 
mean_acc	0.9944
2022-04-28 02:45:03,589 - mmaction - INFO - Epoch(val) [27][6]	top1_acc: 0.9944, top5_acc: 1.0000, mean_class_accuracy: 0.9944
2022-04-28 02:45:40,543 - mmaction - INFO - Epoch [28][40/50]	lr: 3.776e-03, eta: 0:12:32, time: 0.924, data_time: 0.695, memory: 4754, top1_acc: 1.0000, top5_acc: 1.0000, loss_cls: 0.0034, loss: 0.0034, grad_norm: 0.0960
2022-04-28 02:46:13,863 - mmaction - INFO - Evaluating top_k_accuracy ...
2022-04-28 02:46:13,864 - mmaction - INFO - 
top1_acc	0.9833
top5_acc	1.0000
2022-04-28 02:46:13,864 - mmaction - INFO - Evaluating mean_class_accuracy ...
2022-04-28 02:46:13,864 - mmaction - INFO - 
mean_acc	0.9833
2022-04-28 02:46:13,865 - mmaction - INFO - Epoch(val) [28][6]	top1_acc: 0.9833, top5_acc: 1.0000, mean_class_accuracy: 0.9833
2022-04-28 02:46:50,915 - mmaction - INFO - Epoch [29][40/50]	lr: 3.461e-03, eta: 0:11:55, time: 0.926, data_time: 0.668, memory: 4754, top1_acc: 1.0000, top5_acc: 1.0000, loss_cls: 0.0049, loss: 0.0049, grad_norm: 0.1491
2022-04-28 02:47:24,132 - mmaction - INFO - Evaluating top_k_accuracy ...
2022-04-28 02:47:24,132 - mmaction - INFO - 
top1_acc	0.9722
top5_acc	1.0000
2022-04-28 02:47:24,132 - mmaction - INFO - Evaluating mean_class_accuracy ...
2022-04-28 02:47:24,133 - mmaction - INFO - 
mean_acc	0.9722
2022-04-28 02:47:24,133 - mmaction - INFO - Epoch(val) [29][6]	top1_acc: 0.9722, top5_acc: 1.0000, mean_class_accuracy: 0.9722
2022-04-28 02:48:00,057 - mmaction - INFO - Epoch [30][40/50]	lr: 3.153e-03, eta: 0:11:17, time: 0.898, data_time: 0.675, memory: 4754, top1_acc: 0.9992, top5_acc: 1.0000, loss_cls: 0.0091, loss: 0.0091, grad_norm: 0.2052
2022-04-28 02:48:32,558 - mmaction - INFO - Evaluating top_k_accuracy ...
2022-04-28 02:48:32,559 - mmaction - INFO - 
top1_acc	0.9889
top5_acc	1.0000
2022-04-28 02:48:32,559 - mmaction - INFO - Evaluating mean_class_accuracy ...
2022-04-28 02:48:32,559 - mmaction - INFO - 
mean_acc	0.9889
2022-04-28 02:48:32,559 - mmaction - INFO - Epoch(val) [30][6]	top1_acc: 0.9889, top5_acc: 1.0000, mean_class_accuracy: 0.9889
2022-04-28 02:49:09,930 - mmaction - INFO - Epoch [31][40/50]	lr: 2.853e-03, eta: 0:10:40, time: 0.934, data_time: 0.668, memory: 4754, top1_acc: 1.0000, top5_acc: 1.0000, loss_cls: 0.0036, loss: 0.0036, grad_norm: 0.0996
2022-04-28 02:49:42,718 - mmaction - INFO - Evaluating top_k_accuracy ...
2022-04-28 02:49:42,718 - mmaction - INFO - 
top1_acc	0.9889
top5_acc	1.0000
2022-04-28 02:49:42,718 - mmaction - INFO - Evaluating mean_class_accuracy ...
2022-04-28 02:49:42,719 - mmaction - INFO - 
mean_acc	0.9889
2022-04-28 02:49:42,719 - mmaction - INFO - Epoch(val) [31][6]	top1_acc: 0.9889, top5_acc: 1.0000, mean_class_accuracy: 0.9889
2022-04-28 02:50:20,114 - mmaction - INFO - Epoch [32][40/50]	lr: 2.563e-03, eta: 0:10:03, time: 0.935, data_time: 0.680, memory: 4754, top1_acc: 1.0000, top5_acc: 1.0000, loss_cls: 0.0035, loss: 0.0035, grad_norm: 0.0901
2022-04-28 02:50:52,911 - mmaction - INFO - Evaluating top_k_accuracy ...
2022-04-28 02:50:52,912 - mmaction - INFO - 
top1_acc	0.9833
top5_acc	1.0000
2022-04-28 02:50:52,912 - mmaction - INFO - Evaluating mean_class_accuracy ...
2022-04-28 02:50:52,912 - mmaction - INFO - 
mean_acc	0.9833
2022-04-28 02:50:52,913 - mmaction - INFO - Epoch(val) [32][6]	top1_acc: 0.9833, top5_acc: 1.0000, mean_class_accuracy: 0.9833
2022-04-28 02:51:30,425 - mmaction - INFO - Epoch [33][40/50]	lr: 2.282e-03, eta: 0:09:25, time: 0.938, data_time: 0.680, memory: 4754, top1_acc: 1.0000, top5_acc: 1.0000, loss_cls: 0.0024, loss: 0.0024, grad_norm: 0.0561
2022-04-28 02:52:03,630 - mmaction - INFO - Evaluating top_k_accuracy ...
2022-04-28 02:52:03,630 - mmaction - INFO - 
top1_acc	0.9889
top5_acc	1.0000
2022-04-28 02:52:03,630 - mmaction - INFO - Evaluating mean_class_accuracy ...
2022-04-28 02:52:03,631 - mmaction - INFO - 
mean_acc	0.9889
2022-04-28 02:52:03,631 - mmaction - INFO - Epoch(val) [33][6]	top1_acc: 0.9889, top5_acc: 1.0000, mean_class_accuracy: 0.9889
2022-04-28 02:52:39,949 - mmaction - INFO - Epoch [34][40/50]	lr: 2.014e-03, eta: 0:08:48, time: 0.908, data_time: 0.683, memory: 4754, top1_acc: 1.0000, top5_acc: 1.0000, loss_cls: 0.0040, loss: 0.0040, grad_norm: 0.1238
2022-04-28 02:53:10,407 - mmaction - INFO - Evaluating top_k_accuracy ...
2022-04-28 02:53:10,408 - mmaction - INFO - 
top1_acc	0.9889
top5_acc	1.0000
2022-04-28 02:53:10,408 - mmaction - INFO - Evaluating mean_class_accuracy ...
2022-04-28 02:53:10,408 - mmaction - INFO - 
mean_acc	0.9889
2022-04-28 02:53:10,408 - mmaction - INFO - Epoch(val) [34][6]	top1_acc: 0.9889, top5_acc: 1.0000, mean_class_accuracy: 0.9889
2022-04-28 02:53:46,346 - mmaction - INFO - Epoch [35][40/50]	lr: 1.758e-03, eta: 0:08:10, time: 0.898, data_time: 0.673, memory: 4754, top1_acc: 1.0000, top5_acc: 1.0000, loss_cls: 0.0038, loss: 0.0038, grad_norm: 0.0923
2022-04-28 02:54:18,800 - mmaction - INFO - Evaluating top_k_accuracy ...
2022-04-28 02:54:18,801 - mmaction - INFO - 
top1_acc	0.9889
top5_acc	1.0000
2022-04-28 02:54:18,801 - mmaction - INFO - Evaluating mean_class_accuracy ...
2022-04-28 02:54:18,801 - mmaction - INFO - 
mean_acc	0.9889
2022-04-28 02:54:18,802 - mmaction - INFO - Epoch(val) [35][6]	top1_acc: 0.9889, top5_acc: 1.0000, mean_class_accuracy: 0.9889
2022-04-28 02:54:56,773 - mmaction - INFO - Epoch [36][40/50]	lr: 1.516e-03, eta: 0:07:33, time: 0.949, data_time: 0.684, memory: 4754, top1_acc: 1.0000, top5_acc: 1.0000, loss_cls: 0.0033, loss: 0.0033, grad_norm: 0.0850
2022-04-28 02:55:28,882 - mmaction - INFO - Evaluating top_k_accuracy ...
2022-04-28 02:55:28,883 - mmaction - INFO - 
top1_acc	0.9944
top5_acc	1.0000
2022-04-28 02:55:28,883 - mmaction - INFO - Evaluating mean_class_accuracy ...
2022-04-28 02:55:28,883 - mmaction - INFO - 
mean_acc	0.9944
2022-04-28 02:55:28,884 - mmaction - INFO - Epoch(val) [36][6]	top1_acc: 0.9944, top5_acc: 1.0000, mean_class_accuracy: 0.9944
2022-04-28 02:56:02,718 - mmaction - INFO - Epoch [37][40/50]	lr: 1.289e-03, eta: 0:06:55, time: 0.846, data_time: 0.632, memory: 4754, top1_acc: 1.0000, top5_acc: 1.0000, loss_cls: 0.0033, loss: 0.0033, grad_norm: 0.0941
2022-04-28 02:56:36,145 - mmaction - INFO - Evaluating top_k_accuracy ...
2022-04-28 02:56:36,145 - mmaction - INFO - 
top1_acc	0.9944
top5_acc	1.0000
2022-04-28 02:56:36,145 - mmaction - INFO - Evaluating mean_class_accuracy ...
2022-04-28 02:56:36,146 - mmaction - INFO - 
mean_acc	0.9944
2022-04-28 02:56:36,146 - mmaction - INFO - Epoch(val) [37][6]	top1_acc: 0.9944, top5_acc: 1.0000, mean_class_accuracy: 0.9944
2022-04-28 02:57:14,688 - mmaction - INFO - Epoch [38][40/50]	lr: 1.077e-03, eta: 0:06:18, time: 0.963, data_time: 0.711, memory: 4754, top1_acc: 1.0000, top5_acc: 1.0000, loss_cls: 0.0021, loss: 0.0021, grad_norm: 0.0509
2022-04-28 02:57:47,455 - mmaction - INFO - Evaluating top_k_accuracy ...
2022-04-28 02:57:47,455 - mmaction - INFO - 
top1_acc	0.9889
top5_acc	1.0000
2022-04-28 02:57:47,455 - mmaction - INFO - Evaluating mean_class_accuracy ...
2022-04-28 02:57:47,457 - mmaction - INFO - 
mean_acc	0.9889
2022-04-28 02:57:47,457 - mmaction - INFO - Epoch(val) [38][6]	top1_acc: 0.9889, top5_acc: 1.0000, mean_class_accuracy: 0.9889
2022-04-28 02:58:24,899 - mmaction - INFO - Epoch [39][40/50]	lr: 8.831e-04, eta: 0:05:41, time: 0.936, data_time: 0.683, memory: 4754, top1_acc: 1.0000, top5_acc: 1.0000, loss_cls: 0.0025, loss: 0.0025, grad_norm: 0.0682
2022-04-28 02:58:57,419 - mmaction - INFO - Evaluating top_k_accuracy ...
2022-04-28 02:58:57,420 - mmaction - INFO - 
top1_acc	0.9889
top5_acc	1.0000
2022-04-28 02:58:57,420 - mmaction - INFO - Evaluating mean_class_accuracy ...
2022-04-28 02:58:57,420 - mmaction - INFO - 
mean_acc	0.9889
2022-04-28 02:58:57,421 - mmaction - INFO - Epoch(val) [39][6]	top1_acc: 0.9889, top5_acc: 1.0000, mean_class_accuracy: 0.9889
2022-04-28 02:59:34,168 - mmaction - INFO - Epoch [40][40/50]	lr: 7.063e-04, eta: 0:05:04, time: 0.919, data_time: 0.682, memory: 4754, top1_acc: 1.0000, top5_acc: 1.0000, loss_cls: 0.0045, loss: 0.0045, grad_norm: 0.1334
2022-04-28 03:00:06,871 - mmaction - INFO - Evaluating top_k_accuracy ...
2022-04-28 03:00:06,871 - mmaction - INFO - 
top1_acc	0.9778
top5_acc	1.0000
2022-04-28 03:00:06,871 - mmaction - INFO - Evaluating mean_class_accuracy ...
2022-04-28 03:00:06,872 - mmaction - INFO - 
mean_acc	0.9778
2022-04-28 03:00:06,872 - mmaction - INFO - Epoch(val) [40][6]	top1_acc: 0.9778, top5_acc: 1.0000, mean_class_accuracy: 0.9778
2022-04-28 03:00:43,444 - mmaction - INFO - Epoch [41][40/50]	lr: 5.479e-04, eta: 0:04:27, time: 0.914, data_time: 0.674, memory: 4754, top1_acc: 1.0000, top5_acc: 1.0000, loss_cls: 0.0036, loss: 0.0036, grad_norm: 0.0980
2022-04-28 03:01:15,993 - mmaction - INFO - Evaluating top_k_accuracy ...
2022-04-28 03:01:15,994 - mmaction - INFO - 
top1_acc	0.9889
top5_acc	1.0000
2022-04-28 03:01:15,994 - mmaction - INFO - Evaluating mean_class_accuracy ...
2022-04-28 03:01:15,994 - mmaction - INFO - 
mean_acc	0.9889
2022-04-28 03:01:15,995 - mmaction - INFO - Epoch(val) [41][6]	top1_acc: 0.9889, top5_acc: 1.0000, mean_class_accuracy: 0.9889
2022-04-28 03:01:51,948 - mmaction - INFO - Epoch [42][40/50]	lr: 4.086e-04, eta: 0:03:49, time: 0.899, data_time: 0.678, memory: 4754, top1_acc: 1.0000, top5_acc: 1.0000, loss_cls: 0.0028, loss: 0.0028, grad_norm: 0.0733
2022-04-28 03:02:24,668 - mmaction - INFO - Evaluating top_k_accuracy ...
2022-04-28 03:02:24,668 - mmaction - INFO - 
top1_acc	0.9944
top5_acc	1.0000
2022-04-28 03:02:24,668 - mmaction - INFO - Evaluating mean_class_accuracy ...
2022-04-28 03:02:24,669 - mmaction - INFO - 
mean_acc	0.9944
2022-04-28 03:02:24,669 - mmaction - INFO - Epoch(val) [42][6]	top1_acc: 0.9944, top5_acc: 1.0000, mean_class_accuracy: 0.9944
2022-04-28 03:03:01,217 - mmaction - INFO - Epoch [43][40/50]	lr: 2.890e-04, eta: 0:03:12, time: 0.914, data_time: 0.676, memory: 4754, top1_acc: 1.0000, top5_acc: 1.0000, loss_cls: 0.0024, loss: 0.0024, grad_norm: 0.0632
2022-04-28 03:03:34,042 - mmaction - INFO - Evaluating top_k_accuracy ...
2022-04-28 03:03:34,043 - mmaction - INFO - 
top1_acc	0.9944
top5_acc	1.0000
2022-04-28 03:03:34,043 - mmaction - INFO - Evaluating mean_class_accuracy ...
2022-04-28 03:03:34,043 - mmaction - INFO - 
mean_acc	0.9944
2022-04-28 03:03:34,044 - mmaction - INFO - Epoch(val) [43][6]	top1_acc: 0.9944, top5_acc: 1.0000, mean_class_accuracy: 0.9944
2022-04-28 03:04:11,498 - mmaction - INFO - Epoch [44][40/50]	lr: 1.895e-04, eta: 0:02:35, time: 0.936, data_time: 0.699, memory: 4754, top1_acc: 1.0000, top5_acc: 1.0000, loss_cls: 0.0033, loss: 0.0033, grad_norm: 0.0876
2022-04-28 03:04:43,982 - mmaction - INFO - Evaluating top_k_accuracy ...
2022-04-28 03:04:43,983 - mmaction - INFO - 
top1_acc	0.9833
top5_acc	1.0000
2022-04-28 03:04:43,983 - mmaction - INFO - Evaluating mean_class_accuracy ...
2022-04-28 03:04:43,983 - mmaction - INFO - 
mean_acc	0.9833
2022-04-28 03:04:43,983 - mmaction - INFO - Epoch(val) [44][6]	top1_acc: 0.9833, top5_acc: 1.0000, mean_class_accuracy: 0.9833
2022-04-28 03:05:19,580 - mmaction - INFO - Epoch [45][40/50]	lr: 1.106e-04, eta: 0:01:58, time: 0.890, data_time: 0.669, memory: 4754, top1_acc: 1.0000, top5_acc: 1.0000, loss_cls: 0.0033, loss: 0.0033, grad_norm: 0.0787
2022-04-28 03:05:51,424 - mmaction - INFO - Evaluating top_k_accuracy ...
2022-04-28 03:05:51,425 - mmaction - INFO - 
top1_acc	0.9889
top5_acc	1.0000
2022-04-28 03:05:51,425 - mmaction - INFO - Evaluating mean_class_accuracy ...
2022-04-28 03:05:51,425 - mmaction - INFO - 
mean_acc	0.9889
2022-04-28 03:05:51,426 - mmaction - INFO - Epoch(val) [45][6]	top1_acc: 0.9889, top5_acc: 1.0000, mean_class_accuracy: 0.9889
2022-04-28 03:06:27,558 - mmaction - INFO - Epoch [46][40/50]	lr: 5.269e-05, eta: 0:01:21, time: 0.903, data_time: 0.676, memory: 4754, top1_acc: 1.0000, top5_acc: 1.0000, loss_cls: 0.0030, loss: 0.0030, grad_norm: 0.0892
2022-04-28 03:06:59,875 - mmaction - INFO - Evaluating top_k_accuracy ...
2022-04-28 03:06:59,875 - mmaction - INFO - 
top1_acc	0.9889
top5_acc	1.0000
2022-04-28 03:06:59,875 - mmaction - INFO - Evaluating mean_class_accuracy ...
2022-04-28 03:06:59,875 - mmaction - INFO - 
mean_acc	0.9889
2022-04-28 03:06:59,876 - mmaction - INFO - Epoch(val) [46][6]	top1_acc: 0.9889, top5_acc: 1.0000, mean_class_accuracy: 0.9889
2022-04-28 03:07:35,313 - mmaction - INFO - Epoch [47][40/50]	lr: 1.593e-05, eta: 0:00:44, time: 0.886, data_time: 0.661, memory: 4754, top1_acc: 1.0000, top5_acc: 1.0000, loss_cls: 0.0023, loss: 0.0023, grad_norm: 0.0563
2022-04-28 03:08:07,371 - mmaction - INFO - Evaluating top_k_accuracy ...
2022-04-28 03:08:07,371 - mmaction - INFO - 
top1_acc	0.9944
top5_acc	1.0000
2022-04-28 03:08:07,371 - mmaction - INFO - Evaluating mean_class_accuracy ...
2022-04-28 03:08:07,372 - mmaction - INFO - 
mean_acc	0.9944
2022-04-28 03:08:07,372 - mmaction - INFO - Epoch(val) [47][6]	top1_acc: 0.9944, top5_acc: 1.0000, mean_class_accuracy: 0.9944
2022-04-28 03:08:43,325 - mmaction - INFO - Epoch [48][40/50]	lr: 5.183e-07, eta: 0:00:07, time: 0.899, data_time: 0.676, memory: 4754, top1_acc: 1.0000, top5_acc: 1.0000, loss_cls: 0.0045, loss: 0.0045, grad_norm: 0.1073
2022-04-28 03:08:45,742 - mmaction - INFO - Saving checkpoint at 48 epochs
2022-04-28 03:09:15,324 - mmaction - INFO - Evaluating top_k_accuracy ...
2022-04-28 03:09:15,324 - mmaction - INFO - 
top1_acc	0.9889
top5_acc	1.0000
2022-04-28 03:09:15,324 - mmaction - INFO - Evaluating mean_class_accuracy ...
2022-04-28 03:09:15,325 - mmaction - INFO - 
mean_acc	0.9889
2022-04-28 03:09:15,325 - mmaction - INFO - Epoch(val) [48][6]	top1_acc: 0.9889, top5_acc: 1.0000, mean_class_accuracy: 0.9889
