2022-04-27 17:50:14,618 - mmaction - INFO - Environment info:
------------------------------------------------------------
sys.platform: linux
Python: 3.8.12 | packaged by conda-forge | (default, Oct 12 2021, 21:57:06) [GCC 9.4.0]
CUDA available: True
GPU 0,1,2,3: NVIDIA GeForce RTX 3090
CUDA_HOME: /usr/local/cuda
NVCC: Build cuda_11.1.TC455_06.29190527_0
GCC: gcc (Ubuntu 9.4.0-1ubuntu1~20.04.1) 9.4.0
PyTorch: 1.9.1+cu111
PyTorch compiling details: PyTorch built with:
  - GCC 7.3
  - C++ Version: 201402
  - Intel(R) Math Kernel Library Version 2020.0.0 Product Build 20191122 for Intel(R) 64 architecture applications
  - Intel(R) MKL-DNN v2.1.2 (Git Hash 98be7e8afa711dc9b66c8ff3504129cb82013cdb)
  - OpenMP 201511 (a.k.a. OpenMP 4.5)
  - NNPACK is enabled
  - CPU capability usage: AVX2
  - CUDA Runtime 11.1
  - NVCC architecture flags: -gencode;arch=compute_37,code=sm_37;-gencode;arch=compute_50,code=sm_50;-gencode;arch=compute_60,code=sm_60;-gencode;arch=compute_70,code=sm_70;-gencode;arch=compute_75,code=sm_75;-gencode;arch=compute_80,code=sm_80;-gencode;arch=compute_86,code=sm_86
  - CuDNN 8.0.5
  - Magma 2.5.2
  - Build settings: BLAS_INFO=mkl, BUILD_TYPE=Release, CUDA_VERSION=11.1, CUDNN_VERSION=8.0.5, CXX_COMPILER=/opt/rh/devtoolset-7/root/usr/bin/c++, CXX_FLAGS= -Wno-deprecated -fvisibility-inlines-hidden -DUSE_PTHREADPOOL -fopenmp -DNDEBUG -DUSE_KINETO -DUSE_FBGEMM -DUSE_QNNPACK -DUSE_PYTORCH_QNNPACK -DUSE_XNNPACK -DSYMBOLICATE_MOBILE_DEBUG_HANDLE -O2 -fPIC -Wno-narrowing -Wall -Wextra -Werror=return-type -Wno-missing-field-initializers -Wno-type-limits -Wno-array-bounds -Wno-unknown-pragmas -Wno-sign-compare -Wno-unused-parameter -Wno-unused-variable -Wno-unused-function -Wno-unused-result -Wno-unused-local-typedefs -Wno-strict-overflow -Wno-strict-aliasing -Wno-error=deprecated-declarations -Wno-stringop-overflow -Wno-psabi -Wno-error=pedantic -Wno-error=redundant-decls -Wno-error=old-style-cast -fdiagnostics-color=always -faligned-new -Wno-unused-but-set-variable -Wno-maybe-uninitialized -fno-math-errno -fno-trapping-math -Werror=format -Wno-stringop-overflow, LAPACK_INFO=mkl, PERF_WITH_AVX=1, PERF_WITH_AVX2=1, PERF_WITH_AVX512=1, TORCH_VERSION=1.9.1, USE_CUDA=ON, USE_CUDNN=ON, USE_EXCEPTION_PTR=1, USE_GFLAGS=OFF, USE_GLOG=OFF, USE_MKL=ON, USE_MKLDNN=ON, USE_MPI=OFF, USE_NCCL=ON, USE_NNPACK=ON, USE_OPENMP=ON, 

TorchVision: 0.10.1+cu111
OpenCV: 4.5.5
MMCV: 1.4.2
MMCV Compiler: GCC 7.3
MMCV CUDA Compiler: 11.1
MMAction2: 0.20.0+26392eb
------------------------------------------------------------

2022-04-27 17:50:14,619 - mmaction - INFO - Distributed training: True
2022-04-27 17:50:16,280 - mmaction - INFO - Config: model = dict(
    type='Recognizer3D',
    backbone=dict(
        type='ResNet3dSlowOnly',
        depth=50,
        pretrained=None,
        in_channels=5,
        base_channels=32,
        num_stages=3,
        out_indices=(2, ),
        stage_blocks=(4, 6, 3),
        conv1_stride_s=1,
        pool1_stride_s=1,
        inflate=(0, 1, 1),
        spatial_strides=(2, 2, 2),
        temporal_strides=(1, 1, 2),
        dilations=(1, 1, 1)),
    cls_head=dict(
        type='I3DHead',
        in_channels=512,
        num_classes=10,
        spatial_type='avg',
        dropout_ratio=0.5),
    train_cfg=dict(),
    test_cfg=dict(average_clips='prob'))
dataset_type = 'PoseDataset'
ann_file_train = 'data/ds_taichi/TEST9AUG4/NSNR/train_data.pkl'
ann_file_val = 'data/ds_taichi/TEST9AUG4/NSNR/test_data.pkl'
left = [
    5, 6, 7, 8, 44, 45, 46, 47, 48, 49, 50, 51, 52, 53, 54, 55, 56, 57, 58, 59,
    60, 61, 62, 63, 64, 65, 66, 67, 68, 69, 70, 71
]
right = [
    1, 2, 3, 4, 16, 17, 18, 19, 20, 21, 22, 23, 24, 25, 26, 27, 28, 29, 30, 31,
    32, 33, 34, 35, 36, 37, 38, 39, 40, 41, 42, 43
]
train_pipeline = [
    dict(type='UniformSampleFrames', clip_len=48),
    dict(type='PoseDecode'),
    dict(type='PoseCompact', hw_ratio=1.0, allow_imgpad=True),
    dict(type='Resize', scale=(-1, 64)),
    dict(type='RandomResizedCrop', area_range=(0.56, 1.0)),
    dict(type='Resize', scale=(56, 56), keep_ratio=False),
    dict(
        type='Flip',
        flip_ratio=0.5,
        left_kp=[
            5, 6, 7, 8, 44, 45, 46, 47, 48, 49, 50, 51, 52, 53, 54, 55, 56, 57,
            58, 59, 60, 61, 62, 63, 64, 65, 66, 67, 68, 69, 70, 71
        ],
        right_kp=[
            1, 2, 3, 4, 16, 17, 18, 19, 20, 21, 22, 23, 24, 25, 26, 27, 28, 29,
            30, 31, 32, 33, 34, 35, 36, 37, 38, 39, 40, 41, 42, 43
        ]),
    dict(
        type='GenerateTaiChiPoseTarget',
        sigma=0.6,
        use_score=True,
        with_kp=True,
        with_limb=False),
    dict(type='FormatShape', input_format='NCTHW'),
    dict(type='Collect', keys=['imgs', 'label'], meta_keys=[]),
    dict(type='ToTensor', keys=['imgs', 'label'])
]
val_pipeline = [
    dict(type='UniformSampleFrames', clip_len=48, num_clips=1, test_mode=True),
    dict(type='PoseDecode'),
    dict(type='PoseCompact', hw_ratio=1.0, allow_imgpad=True),
    dict(type='Resize', scale=(-1, 64)),
    dict(type='CenterCrop', crop_size=64),
    dict(
        type='GenerateTaiChiPoseTarget',
        sigma=0.6,
        use_score=True,
        with_kp=True,
        with_limb=False),
    dict(type='FormatShape', input_format='NCTHW'),
    dict(type='Collect', keys=['imgs', 'label'], meta_keys=[]),
    dict(type='ToTensor', keys=['imgs'])
]
test_pipeline = [
    dict(
        type='UniformSampleFrames', clip_len=48, num_clips=10, test_mode=True),
    dict(type='PoseDecode'),
    dict(type='PoseCompact', hw_ratio=1.0, allow_imgpad=True),
    dict(type='Resize', scale=(-1, 64)),
    dict(type='CenterCrop', crop_size=64),
    dict(
        type='GenerateTaiChiPoseTarget',
        sigma=0.6,
        use_score=True,
        with_kp=True,
        with_limb=False,
        double=True,
        left_kp=[
            5, 6, 7, 8, 44, 45, 46, 47, 48, 49, 50, 51, 52, 53, 54, 55, 56, 57,
            58, 59, 60, 61, 62, 63, 64, 65, 66, 67, 68, 69, 70, 71
        ],
        right_kp=[
            1, 2, 3, 4, 16, 17, 18, 19, 20, 21, 22, 23, 24, 25, 26, 27, 28, 29,
            30, 31, 32, 33, 34, 35, 36, 37, 38, 39, 40, 41, 42, 43
        ]),
    dict(type='FormatShape', input_format='NCTHW'),
    dict(type='Collect', keys=['imgs', 'label'], meta_keys=[]),
    dict(type='ToTensor', keys=['imgs'])
]
data = dict(
    videos_per_gpu=8,
    workers_per_gpu=4,
    test_dataloader=dict(videos_per_gpu=4),
    train=dict(
        type='RepeatDataset',
        times=20,
        dataset=dict(
            type='PoseDataset',
            ann_file='data/ds_taichi/TEST9AUG4/NSNR/train_data.pkl',
            data_prefix='',
            pipeline=[
                dict(type='UniformSampleFrames', clip_len=48),
                dict(type='PoseDecode'),
                dict(type='PoseCompact', hw_ratio=1.0, allow_imgpad=True),
                dict(type='Resize', scale=(-1, 64)),
                dict(type='RandomResizedCrop', area_range=(0.56, 1.0)),
                dict(type='Resize', scale=(56, 56), keep_ratio=False),
                dict(
                    type='Flip',
                    flip_ratio=0.5,
                    left_kp=[
                        5, 6, 7, 8, 44, 45, 46, 47, 48, 49, 50, 51, 52, 53, 54,
                        55, 56, 57, 58, 59, 60, 61, 62, 63, 64, 65, 66, 67, 68,
                        69, 70, 71
                    ],
                    right_kp=[
                        1, 2, 3, 4, 16, 17, 18, 19, 20, 21, 22, 23, 24, 25, 26,
                        27, 28, 29, 30, 31, 32, 33, 34, 35, 36, 37, 38, 39, 40,
                        41, 42, 43
                    ]),
                dict(
                    type='GenerateTaiChiPoseTarget',
                    sigma=0.6,
                    use_score=True,
                    with_kp=True,
                    with_limb=False),
                dict(type='FormatShape', input_format='NCTHW'),
                dict(type='Collect', keys=['imgs', 'label'], meta_keys=[]),
                dict(type='ToTensor', keys=['imgs', 'label'])
            ])),
    val=dict(
        type='PoseDataset',
        ann_file='data/ds_taichi/TEST9AUG4/NSNR/test_data.pkl',
        data_prefix='',
        pipeline=[
            dict(
                type='UniformSampleFrames',
                clip_len=48,
                num_clips=1,
                test_mode=True),
            dict(type='PoseDecode'),
            dict(type='PoseCompact', hw_ratio=1.0, allow_imgpad=True),
            dict(type='Resize', scale=(-1, 64)),
            dict(type='CenterCrop', crop_size=64),
            dict(
                type='GenerateTaiChiPoseTarget',
                sigma=0.6,
                use_score=True,
                with_kp=True,
                with_limb=False),
            dict(type='FormatShape', input_format='NCTHW'),
            dict(type='Collect', keys=['imgs', 'label'], meta_keys=[]),
            dict(type='ToTensor', keys=['imgs'])
        ]),
    test=dict(
        type='PoseDataset',
        ann_file='data/ds_taichi/TEST9AUG4/NSNR/test_data.pkl',
        data_prefix='',
        pipeline=[
            dict(
                type='UniformSampleFrames',
                clip_len=48,
                num_clips=10,
                test_mode=True),
            dict(type='PoseDecode'),
            dict(type='PoseCompact', hw_ratio=1.0, allow_imgpad=True),
            dict(type='Resize', scale=(-1, 64)),
            dict(type='CenterCrop', crop_size=64),
            dict(
                type='GenerateTaiChiPoseTarget',
                sigma=0.6,
                use_score=True,
                with_kp=True,
                with_limb=False,
                double=True,
                left_kp=[
                    5, 6, 7, 8, 44, 45, 46, 47, 48, 49, 50, 51, 52, 53, 54, 55,
                    56, 57, 58, 59, 60, 61, 62, 63, 64, 65, 66, 67, 68, 69, 70,
                    71
                ],
                right_kp=[
                    1, 2, 3, 4, 16, 17, 18, 19, 20, 21, 22, 23, 24, 25, 26, 27,
                    28, 29, 30, 31, 32, 33, 34, 35, 36, 37, 38, 39, 40, 41, 42,
                    43
                ]),
            dict(type='FormatShape', input_format='NCTHW'),
            dict(type='Collect', keys=['imgs', 'label'], meta_keys=[]),
            dict(type='ToTensor', keys=['imgs'])
        ]))
optimizer = dict(type='SGD', lr=0.01, momentum=0.9, weight_decay=0.0003)
optimizer_config = dict(grad_clip=dict(max_norm=40, norm_type=2))
lr_config = dict(policy='CosineAnnealing', by_epoch=False, min_lr=0)
total_epochs = 48
checkpoint_config = dict(interval=1)
workflow = [('train', 1)]
evaluation = dict(
    interval=1, metrics=['top_k_accuracy', 'mean_class_accuracy'], topk=(1, 5))
log_config = dict(interval=40, hooks=[dict(type='TextLoggerHook')])
output_config = dict(
    out='./model_pth/exp5/fintune-with-pre-lrd01/test_result/results.pkl')
eval_config = dict(
    metric_out='./model_pth/exp5/fintune-with-pre-lrd01/test_result',
    eval=[
        'top_k_accuracy', 'mean_class_accuracy', 'confusion_matrix',
        't_sne_vis'
    ])
dist_params = dict(backend='nccl')
log_level = 'INFO'
work_dir = './model_pth/exp5/fintune-with-pre-lrd01'
load_from = './model_pth/5part_ntu60_xsub_kp_0331/epoch_24.pth'
resume_from = None
find_unused_parameters = False
gpu_ids = range(0, 4)
omnisource = False
module_hooks = []

2022-04-27 17:50:16,281 - mmaction - INFO - Set random seed to 42, deterministic: True
2022-04-27 17:50:16,349 - mmaction - INFO - 80 videos remain after valid thresholding
2022-04-27 17:50:22,056 - mmaction - INFO - 180 videos remain after valid thresholding
2022-04-27 17:50:22,057 - mmaction - INFO - load checkpoint from local path: ./model_pth/5part_ntu60_xsub_kp_0331/epoch_24.pth
2022-04-27 17:50:22,078 - mmaction - WARNING - The model and loaded state dict do not match exactly

size mismatch for cls_head.fc_cls.weight: copying a param with shape torch.Size([60, 512]) from checkpoint, the shape in current model is torch.Size([10, 512]).
size mismatch for cls_head.fc_cls.bias: copying a param with shape torch.Size([60]) from checkpoint, the shape in current model is torch.Size([10]).
2022-04-27 17:50:22,079 - mmaction - INFO - Start running, host: yl@83090-jin, work_dir: /home/yl/myposec3d/model_pth/exp5/fintune-with-pre-lrd01
2022-04-27 17:50:22,079 - mmaction - INFO - Hooks will be executed in the following order:
before_run:
(VERY_HIGH   ) CosineAnnealingLrUpdaterHook       
(NORMAL      ) CheckpointHook                     
(NORMAL      ) DistEvalHook                       
(VERY_LOW    ) TextLoggerHook                     
 -------------------- 
before_train_epoch:
(VERY_HIGH   ) CosineAnnealingLrUpdaterHook       
(NORMAL      ) DistSamplerSeedHook                
(NORMAL      ) DistEvalHook                       
(LOW         ) IterTimerHook                      
(VERY_LOW    ) TextLoggerHook                     
 -------------------- 
before_train_iter:
(VERY_HIGH   ) CosineAnnealingLrUpdaterHook       
(NORMAL      ) DistEvalHook                       
(LOW         ) IterTimerHook                      
 -------------------- 
after_train_iter:
(ABOVE_NORMAL) OptimizerHook                      
(NORMAL      ) CheckpointHook                     
(NORMAL      ) DistEvalHook                       
(LOW         ) IterTimerHook                      
(VERY_LOW    ) TextLoggerHook                     
 -------------------- 
after_train_epoch:
(NORMAL      ) CheckpointHook                     
(NORMAL      ) DistEvalHook                       
(VERY_LOW    ) TextLoggerHook                     
 -------------------- 
before_val_epoch:
(NORMAL      ) DistSamplerSeedHook                
(LOW         ) IterTimerHook                      
(VERY_LOW    ) TextLoggerHook                     
 -------------------- 
before_val_iter:
(LOW         ) IterTimerHook                      
 -------------------- 
after_val_iter:
(LOW         ) IterTimerHook                      
 -------------------- 
after_val_epoch:
(VERY_LOW    ) TextLoggerHook                     
 -------------------- 
after_run:
(VERY_LOW    ) TextLoggerHook                     
 -------------------- 
2022-04-27 17:50:22,079 - mmaction - INFO - workflow: [('train', 1)], max: 48 epochs
2022-04-27 17:50:22,079 - mmaction - INFO - Checkpoints will be saved to /home/yl/myposec3d/model_pth/exp5/fintune-with-pre-lrd01 by HardDiskBackend.
2022-04-27 17:50:53,315 - mmaction - INFO - Epoch [1][40/50]	lr: 9.993e-03, eta: 0:30:42, time: 0.781, data_time: 0.613, memory: 4754, top1_acc: 0.6461, top5_acc: 0.8711, loss_cls: 1.4364, loss: 1.4364, grad_norm: 2.2271
2022-04-27 17:50:55,472 - mmaction - INFO - Saving checkpoint at 1 epochs
2022-04-27 17:51:22,255 - mmaction - INFO - Evaluating top_k_accuracy ...
2022-04-27 17:51:22,256 - mmaction - INFO - 
top1_acc	0.8500
top5_acc	0.9500
2022-04-27 17:51:22,256 - mmaction - INFO - Evaluating mean_class_accuracy ...
2022-04-27 17:51:22,257 - mmaction - INFO - 
mean_acc	0.8500
2022-04-27 17:51:22,299 - mmaction - INFO - Now best checkpoint is saved as best_top1_acc_epoch_1.pth.
2022-04-27 17:51:22,299 - mmaction - INFO - Best top1_acc is 0.8500 at 1 epoch.
2022-04-27 17:51:22,299 - mmaction - INFO - Epoch(val) [1][6]	top1_acc: 0.8500, top5_acc: 0.9500, mean_class_accuracy: 0.8500
2022-04-27 17:51:53,985 - mmaction - INFO - Epoch [2][40/50]	lr: 9.966e-03, eta: 0:26:54, time: 0.792, data_time: 0.638, memory: 4754, top1_acc: 0.9977, top5_acc: 1.0000, loss_cls: 0.0811, loss: 0.0811, grad_norm: 0.7837
2022-04-27 17:51:56,048 - mmaction - INFO - Saving checkpoint at 2 epochs
2022-04-27 17:52:22,639 - mmaction - INFO - Evaluating top_k_accuracy ...
2022-04-27 17:52:22,640 - mmaction - INFO - 
top1_acc	0.8889
top5_acc	0.9833
2022-04-27 17:52:22,640 - mmaction - INFO - Evaluating mean_class_accuracy ...
2022-04-27 17:52:22,640 - mmaction - INFO - 
mean_acc	0.8889
2022-04-27 17:52:22,643 - mmaction - INFO - The previous best checkpoint /home/yl/myposec3d/model_pth/exp5/fintune-with-pre-lrd01/best_top1_acc_epoch_1.pth was removed
2022-04-27 17:52:22,683 - mmaction - INFO - Now best checkpoint is saved as best_top1_acc_epoch_2.pth.
2022-04-27 17:52:22,683 - mmaction - INFO - Best top1_acc is 0.8889 at 2 epoch.
2022-04-27 17:52:22,683 - mmaction - INFO - Epoch(val) [2][6]	top1_acc: 0.8889, top5_acc: 0.9833, mean_class_accuracy: 0.8889
2022-04-27 17:52:53,517 - mmaction - INFO - Epoch [3][40/50]	lr: 9.917e-03, eta: 0:25:13, time: 0.771, data_time: 0.605, memory: 4754, top1_acc: 1.0000, top5_acc: 1.0000, loss_cls: 0.0330, loss: 0.0330, grad_norm: 0.4780
2022-04-27 17:52:55,609 - mmaction - INFO - Saving checkpoint at 3 epochs
2022-04-27 17:53:22,317 - mmaction - INFO - Evaluating top_k_accuracy ...
2022-04-27 17:53:22,318 - mmaction - INFO - 
top1_acc	0.9778
top5_acc	1.0000
2022-04-27 17:53:22,318 - mmaction - INFO - Evaluating mean_class_accuracy ...
2022-04-27 17:53:22,318 - mmaction - INFO - 
mean_acc	0.9778
2022-04-27 17:53:22,321 - mmaction - INFO - The previous best checkpoint /home/yl/myposec3d/model_pth/exp5/fintune-with-pre-lrd01/best_top1_acc_epoch_2.pth was removed
2022-04-27 17:53:22,360 - mmaction - INFO - Now best checkpoint is saved as best_top1_acc_epoch_3.pth.
2022-04-27 17:53:22,360 - mmaction - INFO - Best top1_acc is 0.9778 at 3 epoch.
2022-04-27 17:53:22,360 - mmaction - INFO - Epoch(val) [3][6]	top1_acc: 0.9778, top5_acc: 1.0000, mean_class_accuracy: 0.9778
2022-04-27 17:53:53,683 - mmaction - INFO - Epoch [4][40/50]	lr: 9.848e-03, eta: 0:24:14, time: 0.783, data_time: 0.630, memory: 4754, top1_acc: 0.9992, top5_acc: 1.0000, loss_cls: 0.0231, loss: 0.0231, grad_norm: 0.4065
2022-04-27 17:53:55,787 - mmaction - INFO - Saving checkpoint at 4 epochs
2022-04-27 17:54:22,456 - mmaction - INFO - Evaluating top_k_accuracy ...
2022-04-27 17:54:22,457 - mmaction - INFO - 
top1_acc	0.9778
top5_acc	1.0000
2022-04-27 17:54:22,457 - mmaction - INFO - Evaluating mean_class_accuracy ...
2022-04-27 17:54:22,458 - mmaction - INFO - 
mean_acc	0.9778
2022-04-27 17:54:22,458 - mmaction - INFO - Epoch(val) [4][6]	top1_acc: 0.9778, top5_acc: 1.0000, mean_class_accuracy: 0.9778
2022-04-27 17:54:53,613 - mmaction - INFO - Epoch [5][40/50]	lr: 9.757e-03, eta: 0:23:25, time: 0.779, data_time: 0.603, memory: 4754, top1_acc: 0.9992, top5_acc: 1.0000, loss_cls: 0.0169, loss: 0.0169, grad_norm: 0.3021
2022-04-27 17:54:55,692 - mmaction - INFO - Saving checkpoint at 5 epochs
2022-04-27 17:55:22,583 - mmaction - INFO - Evaluating top_k_accuracy ...
2022-04-27 17:55:22,583 - mmaction - INFO - 
top1_acc	0.9722
top5_acc	1.0000
2022-04-27 17:55:22,583 - mmaction - INFO - Evaluating mean_class_accuracy ...
2022-04-27 17:55:22,584 - mmaction - INFO - 
mean_acc	0.9722
2022-04-27 17:55:22,584 - mmaction - INFO - Epoch(val) [5][6]	top1_acc: 0.9722, top5_acc: 1.0000, mean_class_accuracy: 0.9722
2022-04-27 17:55:54,480 - mmaction - INFO - Epoch [6][40/50]	lr: 9.646e-03, eta: 0:22:48, time: 0.797, data_time: 0.643, memory: 4754, top1_acc: 0.9984, top5_acc: 1.0000, loss_cls: 0.0159, loss: 0.0159, grad_norm: 0.2897
2022-04-27 17:55:56,673 - mmaction - INFO - Saving checkpoint at 6 epochs
2022-04-27 17:56:23,584 - mmaction - INFO - Evaluating top_k_accuracy ...
2022-04-27 17:56:23,585 - mmaction - INFO - 
top1_acc	0.9778
top5_acc	1.0000
2022-04-27 17:56:23,585 - mmaction - INFO - Evaluating mean_class_accuracy ...
2022-04-27 17:56:23,585 - mmaction - INFO - 
mean_acc	0.9778
2022-04-27 17:56:23,585 - mmaction - INFO - Epoch(val) [6][6]	top1_acc: 0.9778, top5_acc: 1.0000, mean_class_accuracy: 0.9778
2022-04-27 17:56:54,862 - mmaction - INFO - Epoch [7][40/50]	lr: 9.516e-03, eta: 0:22:09, time: 0.782, data_time: 0.617, memory: 4754, top1_acc: 1.0000, top5_acc: 1.0000, loss_cls: 0.0123, loss: 0.0123, grad_norm: 0.2299
2022-04-27 17:56:56,931 - mmaction - INFO - Saving checkpoint at 7 epochs
2022-04-27 17:57:23,406 - mmaction - INFO - Evaluating top_k_accuracy ...
2022-04-27 17:57:23,407 - mmaction - INFO - 
top1_acc	0.9778
top5_acc	1.0000
2022-04-27 17:57:23,407 - mmaction - INFO - Evaluating mean_class_accuracy ...
2022-04-27 17:57:23,407 - mmaction - INFO - 
mean_acc	0.9778
2022-04-27 17:57:23,407 - mmaction - INFO - Epoch(val) [7][6]	top1_acc: 0.9778, top5_acc: 1.0000, mean_class_accuracy: 0.9778
2022-04-27 17:57:55,234 - mmaction - INFO - Epoch [8][40/50]	lr: 9.366e-03, eta: 0:21:34, time: 0.795, data_time: 0.610, memory: 4754, top1_acc: 1.0000, top5_acc: 1.0000, loss_cls: 0.0094, loss: 0.0094, grad_norm: 0.1887
2022-04-27 17:57:57,407 - mmaction - INFO - Saving checkpoint at 8 epochs
2022-04-27 17:58:24,586 - mmaction - INFO - Evaluating top_k_accuracy ...
2022-04-27 17:58:24,586 - mmaction - INFO - 
top1_acc	0.9389
top5_acc	1.0000
2022-04-27 17:58:24,586 - mmaction - INFO - Evaluating mean_class_accuracy ...
2022-04-27 17:58:24,587 - mmaction - INFO - 
mean_acc	0.9389
2022-04-27 17:58:24,587 - mmaction - INFO - Epoch(val) [8][6]	top1_acc: 0.9389, top5_acc: 1.0000, mean_class_accuracy: 0.9389
2022-04-27 17:58:56,043 - mmaction - INFO - Epoch [9][40/50]	lr: 9.197e-03, eta: 0:20:59, time: 0.786, data_time: 0.619, memory: 4754, top1_acc: 1.0000, top5_acc: 1.0000, loss_cls: 0.0089, loss: 0.0089, grad_norm: 0.1825
2022-04-27 17:58:58,279 - mmaction - INFO - Saving checkpoint at 9 epochs
2022-04-27 17:59:25,223 - mmaction - INFO - Evaluating top_k_accuracy ...
2022-04-27 17:59:25,224 - mmaction - INFO - 
top1_acc	0.9556
top5_acc	0.9944
2022-04-27 17:59:25,224 - mmaction - INFO - Evaluating mean_class_accuracy ...
2022-04-27 17:59:25,225 - mmaction - INFO - 
mean_acc	0.9556
2022-04-27 17:59:25,225 - mmaction - INFO - Epoch(val) [9][6]	top1_acc: 0.9556, top5_acc: 0.9944, mean_class_accuracy: 0.9556
2022-04-27 17:59:56,672 - mmaction - INFO - Epoch [10][40/50]	lr: 9.010e-03, eta: 0:20:24, time: 0.786, data_time: 0.617, memory: 4754, top1_acc: 1.0000, top5_acc: 1.0000, loss_cls: 0.0082, loss: 0.0082, grad_norm: 0.1703
2022-04-27 17:59:58,788 - mmaction - INFO - Saving checkpoint at 10 epochs
2022-04-27 18:00:25,376 - mmaction - INFO - Evaluating top_k_accuracy ...
2022-04-27 18:00:25,377 - mmaction - INFO - 
top1_acc	0.9944
top5_acc	1.0000
2022-04-27 18:00:25,377 - mmaction - INFO - Evaluating mean_class_accuracy ...
2022-04-27 18:00:25,377 - mmaction - INFO - 
mean_acc	0.9944
2022-04-27 18:00:25,380 - mmaction - INFO - The previous best checkpoint /home/yl/myposec3d/model_pth/exp5/fintune-with-pre-lrd01/best_top1_acc_epoch_3.pth was removed
2022-04-27 18:00:25,426 - mmaction - INFO - Now best checkpoint is saved as best_top1_acc_epoch_10.pth.
2022-04-27 18:00:25,426 - mmaction - INFO - Best top1_acc is 0.9944 at 10 epoch.
2022-04-27 18:00:25,426 - mmaction - INFO - Epoch(val) [10][6]	top1_acc: 0.9944, top5_acc: 1.0000, mean_class_accuracy: 0.9944
2022-04-27 18:00:56,716 - mmaction - INFO - Epoch [11][40/50]	lr: 8.806e-03, eta: 0:19:49, time: 0.782, data_time: 0.628, memory: 4754, top1_acc: 1.0000, top5_acc: 1.0000, loss_cls: 0.0063, loss: 0.0063, grad_norm: 0.1424
2022-04-27 18:00:58,836 - mmaction - INFO - Saving checkpoint at 11 epochs
2022-04-27 18:01:25,327 - mmaction - INFO - Evaluating top_k_accuracy ...
2022-04-27 18:01:25,327 - mmaction - INFO - 
top1_acc	0.9833
top5_acc	1.0000
2022-04-27 18:01:25,327 - mmaction - INFO - Evaluating mean_class_accuracy ...
2022-04-27 18:01:25,328 - mmaction - INFO - 
mean_acc	0.9833
2022-04-27 18:01:25,328 - mmaction - INFO - Epoch(val) [11][6]	top1_acc: 0.9833, top5_acc: 1.0000, mean_class_accuracy: 0.9833
2022-04-27 18:01:56,577 - mmaction - INFO - Epoch [12][40/50]	lr: 8.586e-03, eta: 0:19:15, time: 0.781, data_time: 0.609, memory: 4754, top1_acc: 1.0000, top5_acc: 1.0000, loss_cls: 0.0054, loss: 0.0054, grad_norm: 0.1096
2022-04-27 18:01:58,656 - mmaction - INFO - Saving checkpoint at 12 epochs
2022-04-27 18:02:25,005 - mmaction - INFO - Evaluating top_k_accuracy ...
2022-04-27 18:02:25,005 - mmaction - INFO - 
top1_acc	0.9722
top5_acc	1.0000
2022-04-27 18:02:25,005 - mmaction - INFO - Evaluating mean_class_accuracy ...
2022-04-27 18:02:25,006 - mmaction - INFO - 
mean_acc	0.9722
2022-04-27 18:02:25,006 - mmaction - INFO - Epoch(val) [12][6]	top1_acc: 0.9722, top5_acc: 1.0000, mean_class_accuracy: 0.9722
2022-04-27 18:02:56,684 - mmaction - INFO - Epoch [13][40/50]	lr: 8.351e-03, eta: 0:18:42, time: 0.792, data_time: 0.621, memory: 4754, top1_acc: 1.0000, top5_acc: 1.0000, loss_cls: 0.0055, loss: 0.0055, grad_norm: 0.1164
2022-04-27 18:02:58,950 - mmaction - INFO - Saving checkpoint at 13 epochs
2022-04-27 18:03:25,741 - mmaction - INFO - Evaluating top_k_accuracy ...
2022-04-27 18:03:25,742 - mmaction - INFO - 
top1_acc	0.9389
top5_acc	0.9944
2022-04-27 18:03:25,742 - mmaction - INFO - Evaluating mean_class_accuracy ...
2022-04-27 18:03:25,742 - mmaction - INFO - 
mean_acc	0.9389
2022-04-27 18:03:25,742 - mmaction - INFO - Epoch(val) [13][6]	top1_acc: 0.9389, top5_acc: 0.9944, mean_class_accuracy: 0.9389
2022-04-27 18:03:57,463 - mmaction - INFO - Epoch [14][40/50]	lr: 8.101e-03, eta: 0:18:10, time: 0.793, data_time: 0.615, memory: 4754, top1_acc: 1.0000, top5_acc: 1.0000, loss_cls: 0.0050, loss: 0.0050, grad_norm: 0.1160
2022-04-27 18:03:59,614 - mmaction - INFO - Saving checkpoint at 14 epochs
2022-04-27 18:04:26,128 - mmaction - INFO - Evaluating top_k_accuracy ...
2022-04-27 18:04:26,128 - mmaction - INFO - 
top1_acc	0.9667
top5_acc	1.0000
2022-04-27 18:04:26,128 - mmaction - INFO - Evaluating mean_class_accuracy ...
2022-04-27 18:04:26,129 - mmaction - INFO - 
mean_acc	0.9667
2022-04-27 18:04:26,129 - mmaction - INFO - Epoch(val) [14][6]	top1_acc: 0.9667, top5_acc: 1.0000, mean_class_accuracy: 0.9667
2022-04-27 18:04:57,315 - mmaction - INFO - Epoch [15][40/50]	lr: 7.837e-03, eta: 0:17:37, time: 0.780, data_time: 0.605, memory: 4754, top1_acc: 1.0000, top5_acc: 1.0000, loss_cls: 0.0043, loss: 0.0043, grad_norm: 0.0875
2022-04-27 18:04:59,376 - mmaction - INFO - Saving checkpoint at 15 epochs
2022-04-27 18:05:26,258 - mmaction - INFO - Evaluating top_k_accuracy ...
2022-04-27 18:05:26,259 - mmaction - INFO - 
top1_acc	0.9667
top5_acc	1.0000
2022-04-27 18:05:26,259 - mmaction - INFO - Evaluating mean_class_accuracy ...
2022-04-27 18:05:26,259 - mmaction - INFO - 
mean_acc	0.9667
2022-04-27 18:05:26,260 - mmaction - INFO - Epoch(val) [15][6]	top1_acc: 0.9667, top5_acc: 1.0000, mean_class_accuracy: 0.9667
2022-04-27 18:05:57,920 - mmaction - INFO - Epoch [16][40/50]	lr: 7.562e-03, eta: 0:17:04, time: 0.791, data_time: 0.615, memory: 4754, top1_acc: 1.0000, top5_acc: 1.0000, loss_cls: 0.0038, loss: 0.0038, grad_norm: 0.0825
2022-04-27 18:05:59,988 - mmaction - INFO - Saving checkpoint at 16 epochs
2022-04-27 18:06:26,769 - mmaction - INFO - Evaluating top_k_accuracy ...
2022-04-27 18:06:26,769 - mmaction - INFO - 
top1_acc	0.9611
top5_acc	1.0000
2022-04-27 18:06:26,769 - mmaction - INFO - Evaluating mean_class_accuracy ...
2022-04-27 18:06:26,770 - mmaction - INFO - 
mean_acc	0.9611
2022-04-27 18:06:26,770 - mmaction - INFO - Epoch(val) [16][6]	top1_acc: 0.9611, top5_acc: 1.0000, mean_class_accuracy: 0.9611
2022-04-27 18:06:58,077 - mmaction - INFO - Epoch [17][40/50]	lr: 7.276e-03, eta: 0:16:32, time: 0.783, data_time: 0.606, memory: 4754, top1_acc: 1.0000, top5_acc: 1.0000, loss_cls: 0.0038, loss: 0.0038, grad_norm: 0.0775
2022-04-27 18:07:00,192 - mmaction - INFO - Saving checkpoint at 17 epochs
2022-04-27 18:07:27,065 - mmaction - INFO - Evaluating top_k_accuracy ...
2022-04-27 18:07:27,065 - mmaction - INFO - 
top1_acc	0.9944
top5_acc	1.0000
2022-04-27 18:07:27,065 - mmaction - INFO - Evaluating mean_class_accuracy ...
2022-04-27 18:07:27,066 - mmaction - INFO - 
mean_acc	0.9944
2022-04-27 18:07:27,066 - mmaction - INFO - Epoch(val) [17][6]	top1_acc: 0.9944, top5_acc: 1.0000, mean_class_accuracy: 0.9944
2022-04-27 18:07:58,606 - mmaction - INFO - Epoch [18][40/50]	lr: 6.980e-03, eta: 0:15:59, time: 0.788, data_time: 0.633, memory: 4754, top1_acc: 1.0000, top5_acc: 1.0000, loss_cls: 0.0028, loss: 0.0028, grad_norm: 0.0565
2022-04-27 18:08:00,733 - mmaction - INFO - Saving checkpoint at 18 epochs
2022-04-27 18:08:27,633 - mmaction - INFO - Evaluating top_k_accuracy ...
2022-04-27 18:08:27,634 - mmaction - INFO - 
top1_acc	0.9889
top5_acc	1.0000
2022-04-27 18:08:27,634 - mmaction - INFO - Evaluating mean_class_accuracy ...
2022-04-27 18:08:27,634 - mmaction - INFO - 
mean_acc	0.9889
2022-04-27 18:08:27,634 - mmaction - INFO - Epoch(val) [18][6]	top1_acc: 0.9889, top5_acc: 1.0000, mean_class_accuracy: 0.9889
2022-04-27 18:08:58,996 - mmaction - INFO - Epoch [19][40/50]	lr: 6.675e-03, eta: 0:15:27, time: 0.784, data_time: 0.610, memory: 4754, top1_acc: 1.0000, top5_acc: 1.0000, loss_cls: 0.0037, loss: 0.0037, grad_norm: 0.0836
2022-04-27 18:09:01,125 - mmaction - INFO - Saving checkpoint at 19 epochs
2022-04-27 18:09:27,683 - mmaction - INFO - Evaluating top_k_accuracy ...
2022-04-27 18:09:27,683 - mmaction - INFO - 
top1_acc	1.0000
top5_acc	1.0000
2022-04-27 18:09:27,683 - mmaction - INFO - Evaluating mean_class_accuracy ...
2022-04-27 18:09:27,684 - mmaction - INFO - 
mean_acc	1.0000
2022-04-27 18:09:27,686 - mmaction - INFO - The previous best checkpoint /home/yl/myposec3d/model_pth/exp5/fintune-with-pre-lrd01/best_top1_acc_epoch_10.pth was removed
2022-04-27 18:09:27,726 - mmaction - INFO - Now best checkpoint is saved as best_top1_acc_epoch_19.pth.
2022-04-27 18:09:27,726 - mmaction - INFO - Best top1_acc is 1.0000 at 19 epoch.
2022-04-27 18:09:27,726 - mmaction - INFO - Epoch(val) [19][6]	top1_acc: 1.0000, top5_acc: 1.0000, mean_class_accuracy: 1.0000
2022-04-27 18:09:58,966 - mmaction - INFO - Epoch [20][40/50]	lr: 6.364e-03, eta: 0:14:54, time: 0.781, data_time: 0.608, memory: 4754, top1_acc: 1.0000, top5_acc: 1.0000, loss_cls: 0.0056, loss: 0.0056, grad_norm: 0.1277
2022-04-27 18:10:01,049 - mmaction - INFO - Saving checkpoint at 20 epochs
2022-04-27 18:10:27,584 - mmaction - INFO - Evaluating top_k_accuracy ...
2022-04-27 18:10:27,585 - mmaction - INFO - 
top1_acc	0.9889
top5_acc	1.0000
2022-04-27 18:10:27,585 - mmaction - INFO - Evaluating mean_class_accuracy ...
2022-04-27 18:10:27,585 - mmaction - INFO - 
mean_acc	0.9889
2022-04-27 18:10:27,585 - mmaction - INFO - Epoch(val) [20][6]	top1_acc: 0.9889, top5_acc: 1.0000, mean_class_accuracy: 0.9889
2022-04-27 18:10:58,704 - mmaction - INFO - Epoch [21][40/50]	lr: 6.046e-03, eta: 0:14:22, time: 0.778, data_time: 0.616, memory: 4754, top1_acc: 1.0000, top5_acc: 1.0000, loss_cls: 0.0037, loss: 0.0037, grad_norm: 0.0946
2022-04-27 18:11:00,845 - mmaction - INFO - Saving checkpoint at 21 epochs
2022-04-27 18:11:27,982 - mmaction - INFO - Evaluating top_k_accuracy ...
2022-04-27 18:11:27,982 - mmaction - INFO - 
top1_acc	1.0000
top5_acc	1.0000
2022-04-27 18:11:27,982 - mmaction - INFO - Evaluating mean_class_accuracy ...
2022-04-27 18:11:27,983 - mmaction - INFO - 
mean_acc	1.0000
2022-04-27 18:11:27,983 - mmaction - INFO - Epoch(val) [21][6]	top1_acc: 1.0000, top5_acc: 1.0000, mean_class_accuracy: 1.0000
2022-04-27 18:11:59,470 - mmaction - INFO - Epoch [22][40/50]	lr: 5.724e-03, eta: 0:13:50, time: 0.787, data_time: 0.631, memory: 4754, top1_acc: 1.0000, top5_acc: 1.0000, loss_cls: 0.0036, loss: 0.0036, grad_norm: 0.0817
2022-04-27 18:12:01,653 - mmaction - INFO - Saving checkpoint at 22 epochs
2022-04-27 18:12:28,566 - mmaction - INFO - Evaluating top_k_accuracy ...
2022-04-27 18:12:28,567 - mmaction - INFO - 
top1_acc	0.9722
top5_acc	1.0000
2022-04-27 18:12:28,567 - mmaction - INFO - Evaluating mean_class_accuracy ...
2022-04-27 18:12:28,567 - mmaction - INFO - 
mean_acc	0.9722
2022-04-27 18:12:28,567 - mmaction - INFO - Epoch(val) [22][6]	top1_acc: 0.9722, top5_acc: 1.0000, mean_class_accuracy: 0.9722
2022-04-27 18:12:59,657 - mmaction - INFO - Epoch [23][40/50]	lr: 5.399e-03, eta: 0:13:17, time: 0.777, data_time: 0.606, memory: 4754, top1_acc: 1.0000, top5_acc: 1.0000, loss_cls: 0.0046, loss: 0.0046, grad_norm: 0.0971
2022-04-27 18:13:01,779 - mmaction - INFO - Saving checkpoint at 23 epochs
2022-04-27 18:13:28,712 - mmaction - INFO - Evaluating top_k_accuracy ...
2022-04-27 18:13:28,713 - mmaction - INFO - 
top1_acc	0.9722
top5_acc	1.0000
2022-04-27 18:13:28,713 - mmaction - INFO - Evaluating mean_class_accuracy ...
2022-04-27 18:13:28,713 - mmaction - INFO - 
mean_acc	0.9722
2022-04-27 18:13:28,713 - mmaction - INFO - Epoch(val) [23][6]	top1_acc: 0.9722, top5_acc: 1.0000, mean_class_accuracy: 0.9722
2022-04-27 18:13:59,872 - mmaction - INFO - Epoch [24][40/50]	lr: 5.072e-03, eta: 0:12:45, time: 0.779, data_time: 0.612, memory: 4754, top1_acc: 1.0000, top5_acc: 1.0000, loss_cls: 0.0034, loss: 0.0034, grad_norm: 0.0819
2022-04-27 18:14:01,991 - mmaction - INFO - Saving checkpoint at 24 epochs
2022-04-27 18:14:28,479 - mmaction - INFO - Evaluating top_k_accuracy ...
2022-04-27 18:14:28,479 - mmaction - INFO - 
top1_acc	0.9889
top5_acc	1.0000
2022-04-27 18:14:28,480 - mmaction - INFO - Evaluating mean_class_accuracy ...
2022-04-27 18:14:28,480 - mmaction - INFO - 
mean_acc	0.9889
2022-04-27 18:14:28,480 - mmaction - INFO - Epoch(val) [24][6]	top1_acc: 0.9889, top5_acc: 1.0000, mean_class_accuracy: 0.9889
2022-04-27 18:15:00,070 - mmaction - INFO - Epoch [25][40/50]	lr: 4.745e-03, eta: 0:12:14, time: 0.790, data_time: 0.612, memory: 4754, top1_acc: 1.0000, top5_acc: 1.0000, loss_cls: 0.0059, loss: 0.0059, grad_norm: 0.1273
2022-04-27 18:15:02,165 - mmaction - INFO - Saving checkpoint at 25 epochs
2022-04-27 18:15:28,847 - mmaction - INFO - Evaluating top_k_accuracy ...
2022-04-27 18:15:28,847 - mmaction - INFO - 
top1_acc	0.9722
top5_acc	1.0000
2022-04-27 18:15:28,847 - mmaction - INFO - Evaluating mean_class_accuracy ...
2022-04-27 18:15:28,848 - mmaction - INFO - 
mean_acc	0.9722
2022-04-27 18:15:28,848 - mmaction - INFO - Epoch(val) [25][6]	top1_acc: 0.9722, top5_acc: 1.0000, mean_class_accuracy: 0.9722
2022-04-27 18:15:59,928 - mmaction - INFO - Epoch [26][40/50]	lr: 4.419e-03, eta: 0:11:41, time: 0.777, data_time: 0.605, memory: 4754, top1_acc: 1.0000, top5_acc: 1.0000, loss_cls: 0.0030, loss: 0.0030, grad_norm: 0.0637
2022-04-27 18:16:02,084 - mmaction - INFO - Saving checkpoint at 26 epochs
2022-04-27 18:16:28,943 - mmaction - INFO - Evaluating top_k_accuracy ...
2022-04-27 18:16:28,944 - mmaction - INFO - 
top1_acc	0.9500
top5_acc	1.0000
2022-04-27 18:16:28,944 - mmaction - INFO - Evaluating mean_class_accuracy ...
2022-04-27 18:16:28,944 - mmaction - INFO - 
mean_acc	0.9500
2022-04-27 18:16:28,944 - mmaction - INFO - Epoch(val) [26][6]	top1_acc: 0.9500, top5_acc: 1.0000, mean_class_accuracy: 0.9500
2022-04-27 18:16:59,938 - mmaction - INFO - Epoch [27][40/50]	lr: 4.095e-03, eta: 0:11:09, time: 0.775, data_time: 0.619, memory: 4754, top1_acc: 1.0000, top5_acc: 1.0000, loss_cls: 0.0028, loss: 0.0028, grad_norm: 0.0626
2022-04-27 18:17:02,088 - mmaction - INFO - Saving checkpoint at 27 epochs
2022-04-27 18:17:29,130 - mmaction - INFO - Evaluating top_k_accuracy ...
2022-04-27 18:17:29,130 - mmaction - INFO - 
top1_acc	1.0000
top5_acc	1.0000
2022-04-27 18:17:29,130 - mmaction - INFO - Evaluating mean_class_accuracy ...
2022-04-27 18:17:29,131 - mmaction - INFO - 
mean_acc	1.0000
2022-04-27 18:17:29,131 - mmaction - INFO - Epoch(val) [27][6]	top1_acc: 1.0000, top5_acc: 1.0000, mean_class_accuracy: 1.0000
2022-04-27 18:18:00,479 - mmaction - INFO - Epoch [28][40/50]	lr: 3.776e-03, eta: 0:10:38, time: 0.784, data_time: 0.615, memory: 4754, top1_acc: 1.0000, top5_acc: 1.0000, loss_cls: 0.0031, loss: 0.0031, grad_norm: 0.0747
2022-04-27 18:18:02,629 - mmaction - INFO - Saving checkpoint at 28 epochs
2022-04-27 18:18:29,213 - mmaction - INFO - Evaluating top_k_accuracy ...
2022-04-27 18:18:29,213 - mmaction - INFO - 
top1_acc	0.9778
top5_acc	1.0000
2022-04-27 18:18:29,213 - mmaction - INFO - Evaluating mean_class_accuracy ...
2022-04-27 18:18:29,214 - mmaction - INFO - 
mean_acc	0.9778
2022-04-27 18:18:29,214 - mmaction - INFO - Epoch(val) [28][6]	top1_acc: 0.9778, top5_acc: 1.0000, mean_class_accuracy: 0.9778
2022-04-27 18:19:00,670 - mmaction - INFO - Epoch [29][40/50]	lr: 3.461e-03, eta: 0:10:06, time: 0.786, data_time: 0.624, memory: 4754, top1_acc: 1.0000, top5_acc: 1.0000, loss_cls: 0.0042, loss: 0.0042, grad_norm: 0.1209
2022-04-27 18:19:02,821 - mmaction - INFO - Saving checkpoint at 29 epochs
2022-04-27 18:19:29,839 - mmaction - INFO - Evaluating top_k_accuracy ...
2022-04-27 18:19:29,839 - mmaction - INFO - 
top1_acc	0.9611
top5_acc	1.0000
2022-04-27 18:19:29,839 - mmaction - INFO - Evaluating mean_class_accuracy ...
2022-04-27 18:19:29,840 - mmaction - INFO - 
mean_acc	0.9611
2022-04-27 18:19:29,840 - mmaction - INFO - Epoch(val) [29][6]	top1_acc: 0.9611, top5_acc: 1.0000, mean_class_accuracy: 0.9611
2022-04-27 18:20:01,681 - mmaction - INFO - Epoch [30][40/50]	lr: 3.153e-03, eta: 0:09:34, time: 0.796, data_time: 0.619, memory: 4754, top1_acc: 1.0000, top5_acc: 1.0000, loss_cls: 0.0077, loss: 0.0077, grad_norm: 0.1750
2022-04-27 18:20:03,872 - mmaction - INFO - Saving checkpoint at 30 epochs
2022-04-27 18:20:30,599 - mmaction - INFO - Evaluating top_k_accuracy ...
2022-04-27 18:20:30,599 - mmaction - INFO - 
top1_acc	0.9944
top5_acc	1.0000
2022-04-27 18:20:30,599 - mmaction - INFO - Evaluating mean_class_accuracy ...
2022-04-27 18:20:30,600 - mmaction - INFO - 
mean_acc	0.9944
2022-04-27 18:20:30,600 - mmaction - INFO - Epoch(val) [30][6]	top1_acc: 0.9944, top5_acc: 1.0000, mean_class_accuracy: 0.9944
2022-04-27 18:21:02,009 - mmaction - INFO - Epoch [31][40/50]	lr: 2.853e-03, eta: 0:09:03, time: 0.785, data_time: 0.616, memory: 4754, top1_acc: 1.0000, top5_acc: 1.0000, loss_cls: 0.0034, loss: 0.0034, grad_norm: 0.0857
2022-04-27 18:21:04,122 - mmaction - INFO - Saving checkpoint at 31 epochs
2022-04-27 18:21:30,489 - mmaction - INFO - Evaluating top_k_accuracy ...
2022-04-27 18:21:30,490 - mmaction - INFO - 
top1_acc	0.9833
top5_acc	1.0000
2022-04-27 18:21:30,490 - mmaction - INFO - Evaluating mean_class_accuracy ...
2022-04-27 18:21:30,490 - mmaction - INFO - 
mean_acc	0.9833
2022-04-27 18:21:30,491 - mmaction - INFO - Epoch(val) [31][6]	top1_acc: 0.9833, top5_acc: 1.0000, mean_class_accuracy: 0.9833
2022-04-27 18:22:01,861 - mmaction - INFO - Epoch [32][40/50]	lr: 2.563e-03, eta: 0:08:31, time: 0.784, data_time: 0.627, memory: 4754, top1_acc: 1.0000, top5_acc: 1.0000, loss_cls: 0.0033, loss: 0.0033, grad_norm: 0.0841
2022-04-27 18:22:03,931 - mmaction - INFO - Saving checkpoint at 32 epochs
2022-04-27 18:22:30,620 - mmaction - INFO - Evaluating top_k_accuracy ...
2022-04-27 18:22:30,621 - mmaction - INFO - 
top1_acc	0.9833
top5_acc	1.0000
2022-04-27 18:22:30,621 - mmaction - INFO - Evaluating mean_class_accuracy ...
2022-04-27 18:22:30,621 - mmaction - INFO - 
mean_acc	0.9833
2022-04-27 18:22:30,622 - mmaction - INFO - Epoch(val) [32][6]	top1_acc: 0.9833, top5_acc: 1.0000, mean_class_accuracy: 0.9833
2022-04-27 18:23:01,727 - mmaction - INFO - Epoch [33][40/50]	lr: 2.282e-03, eta: 0:07:59, time: 0.777, data_time: 0.612, memory: 4754, top1_acc: 1.0000, top5_acc: 1.0000, loss_cls: 0.0026, loss: 0.0026, grad_norm: 0.0633
2022-04-27 18:23:03,881 - mmaction - INFO - Saving checkpoint at 33 epochs
2022-04-27 18:23:30,548 - mmaction - INFO - Evaluating top_k_accuracy ...
2022-04-27 18:23:30,548 - mmaction - INFO - 
top1_acc	0.9833
top5_acc	1.0000
2022-04-27 18:23:30,548 - mmaction - INFO - Evaluating mean_class_accuracy ...
2022-04-27 18:23:30,549 - mmaction - INFO - 
mean_acc	0.9833
2022-04-27 18:23:30,549 - mmaction - INFO - Epoch(val) [33][6]	top1_acc: 0.9833, top5_acc: 1.0000, mean_class_accuracy: 0.9833
2022-04-27 18:24:02,009 - mmaction - INFO - Epoch [34][40/50]	lr: 2.014e-03, eta: 0:07:28, time: 0.786, data_time: 0.621, memory: 4754, top1_acc: 1.0000, top5_acc: 1.0000, loss_cls: 0.0036, loss: 0.0036, grad_norm: 0.0951
2022-04-27 18:24:04,152 - mmaction - INFO - Saving checkpoint at 34 epochs
2022-04-27 18:24:30,684 - mmaction - INFO - Evaluating top_k_accuracy ...
2022-04-27 18:24:30,685 - mmaction - INFO - 
top1_acc	0.9889
top5_acc	1.0000
2022-04-27 18:24:30,685 - mmaction - INFO - Evaluating mean_class_accuracy ...
2022-04-27 18:24:30,685 - mmaction - INFO - 
mean_acc	0.9889
2022-04-27 18:24:30,686 - mmaction - INFO - Epoch(val) [34][6]	top1_acc: 0.9889, top5_acc: 1.0000, mean_class_accuracy: 0.9889
2022-04-27 18:25:01,955 - mmaction - INFO - Epoch [35][40/50]	lr: 1.758e-03, eta: 0:06:56, time: 0.782, data_time: 0.625, memory: 4754, top1_acc: 1.0000, top5_acc: 1.0000, loss_cls: 0.0040, loss: 0.0040, grad_norm: 0.1022
2022-04-27 18:25:04,140 - mmaction - INFO - Saving checkpoint at 35 epochs
2022-04-27 18:25:31,050 - mmaction - INFO - Evaluating top_k_accuracy ...
2022-04-27 18:25:31,051 - mmaction - INFO - 
top1_acc	0.9889
top5_acc	1.0000
2022-04-27 18:25:31,051 - mmaction - INFO - Evaluating mean_class_accuracy ...
2022-04-27 18:25:31,052 - mmaction - INFO - 
mean_acc	0.9889
2022-04-27 18:25:31,052 - mmaction - INFO - Epoch(val) [35][6]	top1_acc: 0.9889, top5_acc: 1.0000, mean_class_accuracy: 0.9889
2022-04-27 18:26:02,511 - mmaction - INFO - Epoch [36][40/50]	lr: 1.516e-03, eta: 0:06:24, time: 0.786, data_time: 0.614, memory: 4754, top1_acc: 1.0000, top5_acc: 1.0000, loss_cls: 0.0033, loss: 0.0033, grad_norm: 0.0740
2022-04-27 18:26:04,607 - mmaction - INFO - Saving checkpoint at 36 epochs
2022-04-27 18:26:31,034 - mmaction - INFO - Evaluating top_k_accuracy ...
2022-04-27 18:26:31,035 - mmaction - INFO - 
top1_acc	0.9889
top5_acc	1.0000
2022-04-27 18:26:31,035 - mmaction - INFO - Evaluating mean_class_accuracy ...
2022-04-27 18:26:31,035 - mmaction - INFO - 
mean_acc	0.9889
2022-04-27 18:26:31,035 - mmaction - INFO - Epoch(val) [36][6]	top1_acc: 0.9889, top5_acc: 1.0000, mean_class_accuracy: 0.9889
2022-04-27 18:27:02,749 - mmaction - INFO - Epoch [37][40/50]	lr: 1.289e-03, eta: 0:05:53, time: 0.793, data_time: 0.621, memory: 4754, top1_acc: 1.0000, top5_acc: 1.0000, loss_cls: 0.0029, loss: 0.0029, grad_norm: 0.0617
2022-04-27 18:27:04,920 - mmaction - INFO - Saving checkpoint at 37 epochs
2022-04-27 18:27:32,089 - mmaction - INFO - Evaluating top_k_accuracy ...
2022-04-27 18:27:32,090 - mmaction - INFO - 
top1_acc	0.9889
top5_acc	1.0000
2022-04-27 18:27:32,090 - mmaction - INFO - Evaluating mean_class_accuracy ...
2022-04-27 18:27:32,090 - mmaction - INFO - 
mean_acc	0.9889
2022-04-27 18:27:32,090 - mmaction - INFO - Epoch(val) [37][6]	top1_acc: 0.9889, top5_acc: 1.0000, mean_class_accuracy: 0.9889
2022-04-27 18:28:03,638 - mmaction - INFO - Epoch [38][40/50]	lr: 1.077e-03, eta: 0:05:21, time: 0.789, data_time: 0.618, memory: 4754, top1_acc: 1.0000, top5_acc: 1.0000, loss_cls: 0.0023, loss: 0.0023, grad_norm: 0.0636
2022-04-27 18:28:05,752 - mmaction - INFO - Saving checkpoint at 38 epochs
2022-04-27 18:28:32,453 - mmaction - INFO - Evaluating top_k_accuracy ...
2022-04-27 18:28:32,453 - mmaction - INFO - 
top1_acc	0.9722
top5_acc	1.0000
2022-04-27 18:28:32,453 - mmaction - INFO - Evaluating mean_class_accuracy ...
2022-04-27 18:28:32,454 - mmaction - INFO - 
mean_acc	0.9722
2022-04-27 18:28:32,454 - mmaction - INFO - Epoch(val) [38][6]	top1_acc: 0.9722, top5_acc: 1.0000, mean_class_accuracy: 0.9722
2022-04-27 18:29:03,441 - mmaction - INFO - Epoch [39][40/50]	lr: 8.831e-04, eta: 0:04:50, time: 0.774, data_time: 0.620, memory: 4754, top1_acc: 1.0000, top5_acc: 1.0000, loss_cls: 0.0026, loss: 0.0026, grad_norm: 0.0598
2022-04-27 18:29:05,588 - mmaction - INFO - Saving checkpoint at 39 epochs
2022-04-27 18:29:32,340 - mmaction - INFO - Evaluating top_k_accuracy ...
2022-04-27 18:29:32,340 - mmaction - INFO - 
top1_acc	0.9833
top5_acc	1.0000
2022-04-27 18:29:32,341 - mmaction - INFO - Evaluating mean_class_accuracy ...
2022-04-27 18:29:32,341 - mmaction - INFO - 
mean_acc	0.9833
2022-04-27 18:29:32,341 - mmaction - INFO - Epoch(val) [39][6]	top1_acc: 0.9833, top5_acc: 1.0000, mean_class_accuracy: 0.9833
2022-04-27 18:30:03,432 - mmaction - INFO - Epoch [40][40/50]	lr: 7.063e-04, eta: 0:04:18, time: 0.777, data_time: 0.607, memory: 4754, top1_acc: 1.0000, top5_acc: 1.0000, loss_cls: 0.0044, loss: 0.0044, grad_norm: 0.1306
2022-04-27 18:30:05,520 - mmaction - INFO - Saving checkpoint at 40 epochs
2022-04-27 18:30:31,735 - mmaction - INFO - Evaluating top_k_accuracy ...
2022-04-27 18:30:31,736 - mmaction - INFO - 
top1_acc	0.9444
top5_acc	1.0000
2022-04-27 18:30:31,736 - mmaction - INFO - Evaluating mean_class_accuracy ...
2022-04-27 18:30:31,736 - mmaction - INFO - 
mean_acc	0.9444
2022-04-27 18:30:31,737 - mmaction - INFO - Epoch(val) [40][6]	top1_acc: 0.9444, top5_acc: 1.0000, mean_class_accuracy: 0.9444
2022-04-27 18:31:03,341 - mmaction - INFO - Epoch [41][40/50]	lr: 5.479e-04, eta: 0:03:47, time: 0.790, data_time: 0.635, memory: 4754, top1_acc: 1.0000, top5_acc: 1.0000, loss_cls: 0.0032, loss: 0.0032, grad_norm: 0.0820
2022-04-27 18:31:05,554 - mmaction - INFO - Saving checkpoint at 41 epochs
2022-04-27 18:31:32,312 - mmaction - INFO - Evaluating top_k_accuracy ...
2022-04-27 18:31:32,313 - mmaction - INFO - 
top1_acc	0.9833
top5_acc	1.0000
2022-04-27 18:31:32,313 - mmaction - INFO - Evaluating mean_class_accuracy ...
2022-04-27 18:31:32,313 - mmaction - INFO - 
mean_acc	0.9833
2022-04-27 18:31:32,313 - mmaction - INFO - Epoch(val) [41][6]	top1_acc: 0.9833, top5_acc: 1.0000, mean_class_accuracy: 0.9833
2022-04-27 18:32:03,627 - mmaction - INFO - Epoch [42][40/50]	lr: 4.086e-04, eta: 0:03:15, time: 0.783, data_time: 0.629, memory: 4754, top1_acc: 1.0000, top5_acc: 1.0000, loss_cls: 0.0030, loss: 0.0030, grad_norm: 0.0759
2022-04-27 18:32:05,768 - mmaction - INFO - Saving checkpoint at 42 epochs
2022-04-27 18:32:32,493 - mmaction - INFO - Evaluating top_k_accuracy ...
2022-04-27 18:32:32,494 - mmaction - INFO - 
top1_acc	1.0000
top5_acc	1.0000
2022-04-27 18:32:32,494 - mmaction - INFO - Evaluating mean_class_accuracy ...
2022-04-27 18:32:32,494 - mmaction - INFO - 
mean_acc	1.0000
2022-04-27 18:32:32,494 - mmaction - INFO - Epoch(val) [42][6]	top1_acc: 1.0000, top5_acc: 1.0000, mean_class_accuracy: 1.0000
2022-04-27 18:33:04,352 - mmaction - INFO - Epoch [43][40/50]	lr: 2.890e-04, eta: 0:02:43, time: 0.796, data_time: 0.644, memory: 4754, top1_acc: 1.0000, top5_acc: 1.0000, loss_cls: 0.0022, loss: 0.0022, grad_norm: 0.0492
2022-04-27 18:33:06,582 - mmaction - INFO - Saving checkpoint at 43 epochs
2022-04-27 18:33:32,868 - mmaction - INFO - Evaluating top_k_accuracy ...
2022-04-27 18:33:32,868 - mmaction - INFO - 
top1_acc	1.0000
top5_acc	1.0000
2022-04-27 18:33:32,868 - mmaction - INFO - Evaluating mean_class_accuracy ...
2022-04-27 18:33:32,869 - mmaction - INFO - 
mean_acc	1.0000
2022-04-27 18:33:32,869 - mmaction - INFO - Epoch(val) [43][6]	top1_acc: 1.0000, top5_acc: 1.0000, mean_class_accuracy: 1.0000
2022-04-27 18:34:04,438 - mmaction - INFO - Epoch [44][40/50]	lr: 1.895e-04, eta: 0:02:12, time: 0.789, data_time: 0.621, memory: 4754, top1_acc: 1.0000, top5_acc: 1.0000, loss_cls: 0.0032, loss: 0.0032, grad_norm: 0.0721
2022-04-27 18:34:06,474 - mmaction - INFO - Saving checkpoint at 44 epochs
2022-04-27 18:34:32,821 - mmaction - INFO - Evaluating top_k_accuracy ...
2022-04-27 18:34:32,821 - mmaction - INFO - 
top1_acc	0.9722
top5_acc	1.0000
2022-04-27 18:34:32,821 - mmaction - INFO - Evaluating mean_class_accuracy ...
2022-04-27 18:34:32,822 - mmaction - INFO - 
mean_acc	0.9722
2022-04-27 18:34:32,822 - mmaction - INFO - Epoch(val) [44][6]	top1_acc: 0.9722, top5_acc: 1.0000, mean_class_accuracy: 0.9722
2022-04-27 18:35:04,085 - mmaction - INFO - Epoch [45][40/50]	lr: 1.106e-04, eta: 0:01:40, time: 0.781, data_time: 0.602, memory: 4754, top1_acc: 1.0000, top5_acc: 1.0000, loss_cls: 0.0034, loss: 0.0034, grad_norm: 0.0807
2022-04-27 18:35:06,156 - mmaction - INFO - Saving checkpoint at 45 epochs
2022-04-27 18:35:32,781 - mmaction - INFO - Evaluating top_k_accuracy ...
2022-04-27 18:35:32,782 - mmaction - INFO - 
top1_acc	1.0000
top5_acc	1.0000
2022-04-27 18:35:32,782 - mmaction - INFO - Evaluating mean_class_accuracy ...
2022-04-27 18:35:32,782 - mmaction - INFO - 
mean_acc	1.0000
2022-04-27 18:35:32,782 - mmaction - INFO - Epoch(val) [45][6]	top1_acc: 1.0000, top5_acc: 1.0000, mean_class_accuracy: 1.0000
2022-04-27 18:36:04,543 - mmaction - INFO - Epoch [46][40/50]	lr: 5.269e-05, eta: 0:01:09, time: 0.794, data_time: 0.621, memory: 4754, top1_acc: 1.0000, top5_acc: 1.0000, loss_cls: 0.0026, loss: 0.0026, grad_norm: 0.0689
2022-04-27 18:36:06,835 - mmaction - INFO - Saving checkpoint at 46 epochs
2022-04-27 18:36:33,462 - mmaction - INFO - Evaluating top_k_accuracy ...
2022-04-27 18:36:33,463 - mmaction - INFO - 
top1_acc	0.9833
top5_acc	1.0000
2022-04-27 18:36:33,463 - mmaction - INFO - Evaluating mean_class_accuracy ...
2022-04-27 18:36:33,463 - mmaction - INFO - 
mean_acc	0.9833
2022-04-27 18:36:33,463 - mmaction - INFO - Epoch(val) [46][6]	top1_acc: 0.9833, top5_acc: 1.0000, mean_class_accuracy: 0.9833
2022-04-27 18:37:04,673 - mmaction - INFO - Epoch [47][40/50]	lr: 1.593e-05, eta: 0:00:37, time: 0.780, data_time: 0.614, memory: 4754, top1_acc: 1.0000, top5_acc: 1.0000, loss_cls: 0.0021, loss: 0.0021, grad_norm: 0.0450
2022-04-27 18:37:06,823 - mmaction - INFO - Saving checkpoint at 47 epochs
2022-04-27 18:37:33,509 - mmaction - INFO - Evaluating top_k_accuracy ...
2022-04-27 18:37:33,509 - mmaction - INFO - 
top1_acc	0.9889
top5_acc	1.0000
2022-04-27 18:37:33,509 - mmaction - INFO - Evaluating mean_class_accuracy ...
2022-04-27 18:37:33,510 - mmaction - INFO - 
mean_acc	0.9889
2022-04-27 18:37:33,510 - mmaction - INFO - Epoch(val) [47][6]	top1_acc: 0.9889, top5_acc: 1.0000, mean_class_accuracy: 0.9889
2022-04-27 18:38:04,759 - mmaction - INFO - Epoch [48][40/50]	lr: 5.183e-07, eta: 0:00:06, time: 0.781, data_time: 0.624, memory: 4754, top1_acc: 1.0000, top5_acc: 1.0000, loss_cls: 0.0046, loss: 0.0046, grad_norm: 0.1100
2022-04-27 18:38:06,860 - mmaction - INFO - Saving checkpoint at 48 epochs
2022-04-27 18:38:33,779 - mmaction - INFO - Evaluating top_k_accuracy ...
2022-04-27 18:38:33,779 - mmaction - INFO - 
top1_acc	0.9778
top5_acc	1.0000
2022-04-27 18:38:33,779 - mmaction - INFO - Evaluating mean_class_accuracy ...
2022-04-27 18:38:33,780 - mmaction - INFO - 
mean_acc	0.9778
2022-04-27 18:38:33,780 - mmaction - INFO - Epoch(val) [48][6]	top1_acc: 0.9778, top5_acc: 1.0000, mean_class_accuracy: 0.9778
