2022-04-28 01:16:50,505 - mmaction - INFO - Environment info:
------------------------------------------------------------
sys.platform: linux
Python: 3.8.12 | packaged by conda-forge | (default, Oct 12 2021, 21:57:06) [GCC 9.4.0]
CUDA available: True
GPU 0,1,2,3: NVIDIA GeForce RTX 3090
CUDA_HOME: /usr/local/cuda
NVCC: Build cuda_11.1.TC455_06.29190527_0
GCC: gcc (Ubuntu 9.4.0-1ubuntu1~20.04.1) 9.4.0
PyTorch: 1.9.1+cu111
PyTorch compiling details: PyTorch built with:
  - GCC 7.3
  - C++ Version: 201402
  - Intel(R) Math Kernel Library Version 2020.0.0 Product Build 20191122 for Intel(R) 64 architecture applications
  - Intel(R) MKL-DNN v2.1.2 (Git Hash 98be7e8afa711dc9b66c8ff3504129cb82013cdb)
  - OpenMP 201511 (a.k.a. OpenMP 4.5)
  - NNPACK is enabled
  - CPU capability usage: AVX2
  - CUDA Runtime 11.1
  - NVCC architecture flags: -gencode;arch=compute_37,code=sm_37;-gencode;arch=compute_50,code=sm_50;-gencode;arch=compute_60,code=sm_60;-gencode;arch=compute_70,code=sm_70;-gencode;arch=compute_75,code=sm_75;-gencode;arch=compute_80,code=sm_80;-gencode;arch=compute_86,code=sm_86
  - CuDNN 8.0.5
  - Magma 2.5.2
  - Build settings: BLAS_INFO=mkl, BUILD_TYPE=Release, CUDA_VERSION=11.1, CUDNN_VERSION=8.0.5, CXX_COMPILER=/opt/rh/devtoolset-7/root/usr/bin/c++, CXX_FLAGS= -Wno-deprecated -fvisibility-inlines-hidden -DUSE_PTHREADPOOL -fopenmp -DNDEBUG -DUSE_KINETO -DUSE_FBGEMM -DUSE_QNNPACK -DUSE_PYTORCH_QNNPACK -DUSE_XNNPACK -DSYMBOLICATE_MOBILE_DEBUG_HANDLE -O2 -fPIC -Wno-narrowing -Wall -Wextra -Werror=return-type -Wno-missing-field-initializers -Wno-type-limits -Wno-array-bounds -Wno-unknown-pragmas -Wno-sign-compare -Wno-unused-parameter -Wno-unused-variable -Wno-unused-function -Wno-unused-result -Wno-unused-local-typedefs -Wno-strict-overflow -Wno-strict-aliasing -Wno-error=deprecated-declarations -Wno-stringop-overflow -Wno-psabi -Wno-error=pedantic -Wno-error=redundant-decls -Wno-error=old-style-cast -fdiagnostics-color=always -faligned-new -Wno-unused-but-set-variable -Wno-maybe-uninitialized -fno-math-errno -fno-trapping-math -Werror=format -Wno-stringop-overflow, LAPACK_INFO=mkl, PERF_WITH_AVX=1, PERF_WITH_AVX2=1, PERF_WITH_AVX512=1, TORCH_VERSION=1.9.1, USE_CUDA=ON, USE_CUDNN=ON, USE_EXCEPTION_PTR=1, USE_GFLAGS=OFF, USE_GLOG=OFF, USE_MKL=ON, USE_MKLDNN=ON, USE_MPI=OFF, USE_NCCL=ON, USE_NNPACK=ON, USE_OPENMP=ON, 

TorchVision: 0.10.1+cu111
OpenCV: 4.5.5
MMCV: 1.4.2
MMCV Compiler: GCC 7.3
MMCV CUDA Compiler: 11.1
MMAction2: 0.20.0+1c4333f
------------------------------------------------------------

2022-04-28 01:16:50,506 - mmaction - INFO - Distributed training: True
2022-04-28 01:16:52,330 - mmaction - INFO - Config: model = dict(
    type='Recognizer3D',
    backbone=dict(
        type='ResNet3dSlowOnly',
        depth=50,
        pretrained=None,
        in_channels=5,
        base_channels=32,
        num_stages=3,
        out_indices=(2, ),
        stage_blocks=(4, 6, 3),
        conv1_stride_s=1,
        pool1_stride_s=1,
        inflate=(0, 1, 1),
        spatial_strides=(2, 2, 2),
        temporal_strides=(1, 1, 2),
        dilations=(1, 1, 1)),
    cls_head=dict(
        type='I3DHead',
        in_channels=512,
        num_classes=10,
        spatial_type='avg',
        dropout_ratio=0.5),
    train_cfg=dict(),
    test_cfg=dict(average_clips='prob'))
dataset_type = 'PoseDataset'
ann_file_train = 'data/ds_taichi/TEST9AUG4/WSNR/train_data.pkl'
ann_file_val = 'data/ds_taichi/TEST9AUG4/WSNR/test_data.pkl'
left = [
    5, 6, 7, 8, 44, 45, 46, 47, 48, 49, 50, 51, 52, 53, 54, 55, 56, 57, 58, 59,
    60, 61, 62, 63, 64, 65, 66, 67, 68, 69, 70, 71
]
right = [
    1, 2, 3, 4, 16, 17, 18, 19, 20, 21, 22, 23, 24, 25, 26, 27, 28, 29, 30, 31,
    32, 33, 34, 35, 36, 37, 38, 39, 40, 41, 42, 43
]
train_pipeline = [
    dict(type='UniformSampleFrames', clip_len=48),
    dict(type='PoseDecode'),
    dict(type='PoseCompact', hw_ratio=1.0, allow_imgpad=True),
    dict(type='Resize', scale=(-1, 64)),
    dict(type='RandomResizedCrop', area_range=(0.56, 1.0)),
    dict(type='Resize', scale=(56, 56), keep_ratio=False),
    dict(
        type='Flip',
        flip_ratio=0.5,
        left_kp=[
            5, 6, 7, 8, 44, 45, 46, 47, 48, 49, 50, 51, 52, 53, 54, 55, 56, 57,
            58, 59, 60, 61, 62, 63, 64, 65, 66, 67, 68, 69, 70, 71
        ],
        right_kp=[
            1, 2, 3, 4, 16, 17, 18, 19, 20, 21, 22, 23, 24, 25, 26, 27, 28, 29,
            30, 31, 32, 33, 34, 35, 36, 37, 38, 39, 40, 41, 42, 43
        ]),
    dict(
        type='GenerateTaiChiPoseTarget',
        sigma=0.6,
        use_score=True,
        with_kp=True,
        with_limb=False),
    dict(type='FormatShape', input_format='NCTHW'),
    dict(type='Collect', keys=['imgs', 'label'], meta_keys=[]),
    dict(type='ToTensor', keys=['imgs', 'label'])
]
val_pipeline = [
    dict(type='UniformSampleFrames', clip_len=48, num_clips=1, test_mode=True),
    dict(type='PoseDecode'),
    dict(type='PoseCompact', hw_ratio=1.0, allow_imgpad=True),
    dict(type='Resize', scale=(-1, 64)),
    dict(type='CenterCrop', crop_size=64),
    dict(
        type='GenerateTaiChiPoseTarget',
        sigma=0.6,
        use_score=True,
        with_kp=True,
        with_limb=False),
    dict(type='FormatShape', input_format='NCTHW'),
    dict(type='Collect', keys=['imgs', 'label'], meta_keys=[]),
    dict(type='ToTensor', keys=['imgs'])
]
test_pipeline = [
    dict(
        type='UniformSampleFrames', clip_len=48, num_clips=10, test_mode=True),
    dict(type='PoseDecode'),
    dict(type='PoseCompact', hw_ratio=1.0, allow_imgpad=True),
    dict(type='Resize', scale=(-1, 64)),
    dict(type='CenterCrop', crop_size=64),
    dict(
        type='GenerateTaiChiPoseTarget',
        sigma=0.6,
        use_score=True,
        with_kp=True,
        with_limb=False,
        double=True,
        left_kp=[
            5, 6, 7, 8, 44, 45, 46, 47, 48, 49, 50, 51, 52, 53, 54, 55, 56, 57,
            58, 59, 60, 61, 62, 63, 64, 65, 66, 67, 68, 69, 70, 71
        ],
        right_kp=[
            1, 2, 3, 4, 16, 17, 18, 19, 20, 21, 22, 23, 24, 25, 26, 27, 28, 29,
            30, 31, 32, 33, 34, 35, 36, 37, 38, 39, 40, 41, 42, 43
        ]),
    dict(type='FormatShape', input_format='NCTHW'),
    dict(type='Collect', keys=['imgs', 'label'], meta_keys=[]),
    dict(type='ToTensor', keys=['imgs'])
]
data = dict(
    videos_per_gpu=8,
    workers_per_gpu=4,
    test_dataloader=dict(videos_per_gpu=4),
    train=dict(
        type='RepeatDataset',
        times=20,
        dataset=dict(
            type='PoseDataset',
            ann_file='data/ds_taichi/TEST9AUG4/WSNR/train_data.pkl',
            data_prefix='',
            pipeline=[
                dict(type='UniformSampleFrames', clip_len=48),
                dict(type='PoseDecode'),
                dict(type='PoseCompact', hw_ratio=1.0, allow_imgpad=True),
                dict(type='Resize', scale=(-1, 64)),
                dict(type='RandomResizedCrop', area_range=(0.56, 1.0)),
                dict(type='Resize', scale=(56, 56), keep_ratio=False),
                dict(
                    type='Flip',
                    flip_ratio=0.5,
                    left_kp=[
                        5, 6, 7, 8, 44, 45, 46, 47, 48, 49, 50, 51, 52, 53, 54,
                        55, 56, 57, 58, 59, 60, 61, 62, 63, 64, 65, 66, 67, 68,
                        69, 70, 71
                    ],
                    right_kp=[
                        1, 2, 3, 4, 16, 17, 18, 19, 20, 21, 22, 23, 24, 25, 26,
                        27, 28, 29, 30, 31, 32, 33, 34, 35, 36, 37, 38, 39, 40,
                        41, 42, 43
                    ]),
                dict(
                    type='GenerateTaiChiPoseTarget',
                    sigma=0.6,
                    use_score=True,
                    with_kp=True,
                    with_limb=False),
                dict(type='FormatShape', input_format='NCTHW'),
                dict(type='Collect', keys=['imgs', 'label'], meta_keys=[]),
                dict(type='ToTensor', keys=['imgs', 'label'])
            ])),
    val=dict(
        type='PoseDataset',
        ann_file='data/ds_taichi/TEST9AUG4/WSNR/test_data.pkl',
        data_prefix='',
        pipeline=[
            dict(
                type='UniformSampleFrames',
                clip_len=48,
                num_clips=1,
                test_mode=True),
            dict(type='PoseDecode'),
            dict(type='PoseCompact', hw_ratio=1.0, allow_imgpad=True),
            dict(type='Resize', scale=(-1, 64)),
            dict(type='CenterCrop', crop_size=64),
            dict(
                type='GenerateTaiChiPoseTarget',
                sigma=0.6,
                use_score=True,
                with_kp=True,
                with_limb=False),
            dict(type='FormatShape', input_format='NCTHW'),
            dict(type='Collect', keys=['imgs', 'label'], meta_keys=[]),
            dict(type='ToTensor', keys=['imgs'])
        ]),
    test=dict(
        type='PoseDataset',
        ann_file='data/ds_taichi/TEST9AUG4/WSNR/test_data.pkl',
        data_prefix='',
        pipeline=[
            dict(
                type='UniformSampleFrames',
                clip_len=48,
                num_clips=10,
                test_mode=True),
            dict(type='PoseDecode'),
            dict(type='PoseCompact', hw_ratio=1.0, allow_imgpad=True),
            dict(type='Resize', scale=(-1, 64)),
            dict(type='CenterCrop', crop_size=64),
            dict(
                type='GenerateTaiChiPoseTarget',
                sigma=0.6,
                use_score=True,
                with_kp=True,
                with_limb=False,
                double=True,
                left_kp=[
                    5, 6, 7, 8, 44, 45, 46, 47, 48, 49, 50, 51, 52, 53, 54, 55,
                    56, 57, 58, 59, 60, 61, 62, 63, 64, 65, 66, 67, 68, 69, 70,
                    71
                ],
                right_kp=[
                    1, 2, 3, 4, 16, 17, 18, 19, 20, 21, 22, 23, 24, 25, 26, 27,
                    28, 29, 30, 31, 32, 33, 34, 35, 36, 37, 38, 39, 40, 41, 42,
                    43
                ]),
            dict(type='FormatShape', input_format='NCTHW'),
            dict(type='Collect', keys=['imgs', 'label'], meta_keys=[]),
            dict(type='ToTensor', keys=['imgs'])
        ]))
optimizer = dict(type='SGD', lr=0.01, momentum=0.9, weight_decay=0.0003)
optimizer_config = dict(grad_clip=dict(max_norm=40, norm_type=2))
lr_config = dict(policy='CosineAnnealing', by_epoch=False, min_lr=0)
total_epochs = 48
checkpoint_config = dict()
workflow = [('train', 1)]
evaluation = dict(
    interval=1, metrics=['top_k_accuracy', 'mean_class_accuracy'], topk=(1, 5))
log_config = dict(interval=40, hooks=[dict(type='TextLoggerHook')])
output_config = dict(out='./model_pth/exp7/ft-WSNR/test_result/results.pkl')
eval_config = dict(
    metric_out='./model_pth/exp7/ft-WSNR/test_result',
    eval=[
        'top_k_accuracy', 'mean_class_accuracy', 'confusion_matrix',
        't_sne_vis'
    ])
dist_params = dict(backend='nccl')
log_level = 'INFO'
work_dir = './model_pth/exp7/ft-WSNR'
load_from = './model_pth/5part_ntu60_xsub_kp_0331/epoch_24.pth'
resume_from = None
find_unused_parameters = False
gpu_ids = range(0, 4)
omnisource = False
module_hooks = []

2022-04-28 01:16:52,330 - mmaction - INFO - Set random seed to 42, deterministic: True
2022-04-28 01:16:52,406 - mmaction - INFO - 80 videos remain after valid thresholding
2022-04-28 01:16:59,083 - mmaction - INFO - 180 videos remain after valid thresholding
2022-04-28 01:16:59,084 - mmaction - INFO - load checkpoint from local path: ./model_pth/5part_ntu60_xsub_kp_0331/epoch_24.pth
2022-04-28 01:16:59,109 - mmaction - WARNING - The model and loaded state dict do not match exactly

size mismatch for cls_head.fc_cls.weight: copying a param with shape torch.Size([60, 512]) from checkpoint, the shape in current model is torch.Size([10, 512]).
size mismatch for cls_head.fc_cls.bias: copying a param with shape torch.Size([60]) from checkpoint, the shape in current model is torch.Size([10]).
2022-04-28 01:16:59,110 - mmaction - INFO - Start running, host: yl@83090-jin, work_dir: /home/yl/myposec3d/model_pth/exp7/ft-WSNR
2022-04-28 01:16:59,110 - mmaction - INFO - Hooks will be executed in the following order:
before_run:
(VERY_HIGH   ) CosineAnnealingLrUpdaterHook       
(NORMAL      ) CheckpointHook                     
(NORMAL      ) DistEvalHook                       
(VERY_LOW    ) TextLoggerHook                     
 -------------------- 
before_train_epoch:
(VERY_HIGH   ) CosineAnnealingLrUpdaterHook       
(NORMAL      ) DistSamplerSeedHook                
(NORMAL      ) DistEvalHook                       
(LOW         ) IterTimerHook                      
(VERY_LOW    ) TextLoggerHook                     
 -------------------- 
before_train_iter:
(VERY_HIGH   ) CosineAnnealingLrUpdaterHook       
(NORMAL      ) DistEvalHook                       
(LOW         ) IterTimerHook                      
 -------------------- 
after_train_iter:
(ABOVE_NORMAL) OptimizerHook                      
(NORMAL      ) CheckpointHook                     
(NORMAL      ) DistEvalHook                       
(LOW         ) IterTimerHook                      
(VERY_LOW    ) TextLoggerHook                     
 -------------------- 
after_train_epoch:
(NORMAL      ) CheckpointHook                     
(NORMAL      ) DistEvalHook                       
(VERY_LOW    ) TextLoggerHook                     
 -------------------- 
before_val_epoch:
(NORMAL      ) DistSamplerSeedHook                
(LOW         ) IterTimerHook                      
(VERY_LOW    ) TextLoggerHook                     
 -------------------- 
before_val_iter:
(LOW         ) IterTimerHook                      
 -------------------- 
after_val_iter:
(LOW         ) IterTimerHook                      
 -------------------- 
after_val_epoch:
(VERY_LOW    ) TextLoggerHook                     
 -------------------- 
after_run:
(VERY_LOW    ) TextLoggerHook                     
 -------------------- 
2022-04-28 01:16:59,111 - mmaction - INFO - workflow: [('train', 1)], max: 48 epochs
2022-04-28 01:16:59,111 - mmaction - INFO - Checkpoints will be saved to /home/yl/myposec3d/model_pth/exp7/ft-WSNR by HardDiskBackend.
2022-04-28 01:17:35,981 - mmaction - INFO - Epoch [1][40/50]	lr: 9.993e-03, eta: 0:36:14, time: 0.922, data_time: 0.670, memory: 4754, top1_acc: 0.5477, top5_acc: 0.8516, loss_cls: 1.5898, loss: 1.5898, grad_norm: 2.3174
2022-04-28 01:18:08,457 - mmaction - INFO - Evaluating top_k_accuracy ...
2022-04-28 01:18:08,458 - mmaction - INFO - 
top1_acc	0.9111
top5_acc	0.9500
2022-04-28 01:18:08,458 - mmaction - INFO - Evaluating mean_class_accuracy ...
2022-04-28 01:18:08,459 - mmaction - INFO - 
mean_acc	0.9111
2022-04-28 01:18:08,502 - mmaction - INFO - Now best checkpoint is saved as best_top1_acc_epoch_1.pth.
2022-04-28 01:18:08,502 - mmaction - INFO - Best top1_acc is 0.9111 at 1 epoch.
2022-04-28 01:18:08,503 - mmaction - INFO - Epoch(val) [1][6]	top1_acc: 0.9111, top5_acc: 0.9500, mean_class_accuracy: 0.9111
2022-04-28 01:18:44,185 - mmaction - INFO - Epoch [2][40/50]	lr: 9.966e-03, eta: 0:31:01, time: 0.892, data_time: 0.672, memory: 4754, top1_acc: 0.9875, top5_acc: 1.0000, loss_cls: 0.1352, loss: 0.1352, grad_norm: 1.3200
2022-04-28 01:19:16,785 - mmaction - INFO - Evaluating top_k_accuracy ...
2022-04-28 01:19:16,786 - mmaction - INFO - 
top1_acc	0.8722
top5_acc	0.9000
2022-04-28 01:19:16,786 - mmaction - INFO - Evaluating mean_class_accuracy ...
2022-04-28 01:19:16,786 - mmaction - INFO - 
mean_acc	0.8722
2022-04-28 01:19:16,786 - mmaction - INFO - Epoch(val) [2][6]	top1_acc: 0.8722, top5_acc: 0.9000, mean_class_accuracy: 0.8722
2022-04-28 01:19:52,911 - mmaction - INFO - Epoch [3][40/50]	lr: 9.917e-03, eta: 0:29:14, time: 0.903, data_time: 0.693, memory: 4754, top1_acc: 0.9977, top5_acc: 1.0000, loss_cls: 0.0506, loss: 0.0506, grad_norm: 0.7455
2022-04-28 01:20:25,061 - mmaction - INFO - Evaluating top_k_accuracy ...
2022-04-28 01:20:25,062 - mmaction - INFO - 
top1_acc	0.9444
top5_acc	0.9889
2022-04-28 01:20:25,062 - mmaction - INFO - Evaluating mean_class_accuracy ...
2022-04-28 01:20:25,063 - mmaction - INFO - 
mean_acc	0.9444
2022-04-28 01:20:25,068 - mmaction - INFO - The previous best checkpoint /home/yl/myposec3d/model_pth/exp7/ft-WSNR/best_top1_acc_epoch_1.pth was removed
2022-04-28 01:20:25,119 - mmaction - INFO - Now best checkpoint is saved as best_top1_acc_epoch_3.pth.
2022-04-28 01:20:25,119 - mmaction - INFO - Best top1_acc is 0.9444 at 3 epoch.
2022-04-28 01:20:25,119 - mmaction - INFO - Epoch(val) [3][6]	top1_acc: 0.9444, top5_acc: 0.9889, mean_class_accuracy: 0.9444
2022-04-28 01:21:01,131 - mmaction - INFO - Epoch [4][40/50]	lr: 9.848e-03, eta: 0:28:02, time: 0.900, data_time: 0.684, memory: 4754, top1_acc: 0.9992, top5_acc: 1.0000, loss_cls: 0.0310, loss: 0.0310, grad_norm: 0.5235
2022-04-28 01:21:33,309 - mmaction - INFO - Evaluating top_k_accuracy ...
2022-04-28 01:21:33,310 - mmaction - INFO - 
top1_acc	0.9556
top5_acc	1.0000
2022-04-28 01:21:33,310 - mmaction - INFO - Evaluating mean_class_accuracy ...
2022-04-28 01:21:33,311 - mmaction - INFO - 
mean_acc	0.9556
2022-04-28 01:21:33,313 - mmaction - INFO - The previous best checkpoint /home/yl/myposec3d/model_pth/exp7/ft-WSNR/best_top1_acc_epoch_3.pth was removed
2022-04-28 01:21:33,365 - mmaction - INFO - Now best checkpoint is saved as best_top1_acc_epoch_4.pth.
2022-04-28 01:21:33,365 - mmaction - INFO - Best top1_acc is 0.9556 at 4 epoch.
2022-04-28 01:21:33,366 - mmaction - INFO - Epoch(val) [4][6]	top1_acc: 0.9556, top5_acc: 1.0000, mean_class_accuracy: 0.9556
2022-04-28 01:22:10,079 - mmaction - INFO - Epoch [5][40/50]	lr: 9.757e-03, eta: 0:27:12, time: 0.917, data_time: 0.684, memory: 4754, top1_acc: 0.9992, top5_acc: 1.0000, loss_cls: 0.0221, loss: 0.0221, grad_norm: 0.4399
2022-04-28 01:22:42,480 - mmaction - INFO - Evaluating top_k_accuracy ...
2022-04-28 01:22:42,481 - mmaction - INFO - 
top1_acc	0.9611
top5_acc	1.0000
2022-04-28 01:22:42,481 - mmaction - INFO - Evaluating mean_class_accuracy ...
2022-04-28 01:22:42,482 - mmaction - INFO - 
mean_acc	0.9611
2022-04-28 01:22:42,487 - mmaction - INFO - The previous best checkpoint /home/yl/myposec3d/model_pth/exp7/ft-WSNR/best_top1_acc_epoch_4.pth was removed
2022-04-28 01:22:42,531 - mmaction - INFO - Now best checkpoint is saved as best_top1_acc_epoch_5.pth.
2022-04-28 01:22:42,531 - mmaction - INFO - Best top1_acc is 0.9611 at 5 epoch.
2022-04-28 01:22:42,532 - mmaction - INFO - Epoch(val) [5][6]	top1_acc: 0.9611, top5_acc: 1.0000, mean_class_accuracy: 0.9611
2022-04-28 01:23:18,580 - mmaction - INFO - Epoch [6][40/50]	lr: 9.646e-03, eta: 0:26:21, time: 0.901, data_time: 0.691, memory: 4754, top1_acc: 0.9969, top5_acc: 1.0000, loss_cls: 0.0218, loss: 0.0218, grad_norm: 0.4331
2022-04-28 01:23:51,050 - mmaction - INFO - Evaluating top_k_accuracy ...
2022-04-28 01:23:51,051 - mmaction - INFO - 
top1_acc	0.9333
top5_acc	0.9778
2022-04-28 01:23:51,051 - mmaction - INFO - Evaluating mean_class_accuracy ...
2022-04-28 01:23:51,052 - mmaction - INFO - 
mean_acc	0.9333
2022-04-28 01:23:51,052 - mmaction - INFO - Epoch(val) [6][6]	top1_acc: 0.9333, top5_acc: 0.9778, mean_class_accuracy: 0.9333
2022-04-28 01:24:27,824 - mmaction - INFO - Epoch [7][40/50]	lr: 9.516e-03, eta: 0:25:39, time: 0.919, data_time: 0.682, memory: 4754, top1_acc: 0.9984, top5_acc: 1.0000, loss_cls: 0.0194, loss: 0.0194, grad_norm: 0.4667
2022-04-28 01:25:00,439 - mmaction - INFO - Evaluating top_k_accuracy ...
2022-04-28 01:25:00,439 - mmaction - INFO - 
top1_acc	0.9778
top5_acc	1.0000
2022-04-28 01:25:00,440 - mmaction - INFO - Evaluating mean_class_accuracy ...
2022-04-28 01:25:00,440 - mmaction - INFO - 
mean_acc	0.9778
2022-04-28 01:25:00,442 - mmaction - INFO - The previous best checkpoint /home/yl/myposec3d/model_pth/exp7/ft-WSNR/best_top1_acc_epoch_5.pth was removed
2022-04-28 01:25:00,497 - mmaction - INFO - Now best checkpoint is saved as best_top1_acc_epoch_7.pth.
2022-04-28 01:25:00,498 - mmaction - INFO - Best top1_acc is 0.9778 at 7 epoch.
2022-04-28 01:25:00,498 - mmaction - INFO - Epoch(val) [7][6]	top1_acc: 0.9778, top5_acc: 1.0000, mean_class_accuracy: 0.9778
2022-04-28 01:25:37,009 - mmaction - INFO - Epoch [8][40/50]	lr: 9.366e-03, eta: 0:24:58, time: 0.913, data_time: 0.676, memory: 4754, top1_acc: 1.0000, top5_acc: 1.0000, loss_cls: 0.0145, loss: 0.0145, grad_norm: 0.3864
2022-04-28 01:26:10,390 - mmaction - INFO - Evaluating top_k_accuracy ...
2022-04-28 01:26:10,391 - mmaction - INFO - 
top1_acc	0.9778
top5_acc	1.0000
2022-04-28 01:26:10,391 - mmaction - INFO - Evaluating mean_class_accuracy ...
2022-04-28 01:26:10,391 - mmaction - INFO - 
mean_acc	0.9778
2022-04-28 01:26:10,391 - mmaction - INFO - Epoch(val) [8][6]	top1_acc: 0.9778, top5_acc: 1.0000, mean_class_accuracy: 0.9778
2022-04-28 01:26:48,028 - mmaction - INFO - Epoch [9][40/50]	lr: 9.197e-03, eta: 0:24:22, time: 0.941, data_time: 0.689, memory: 4754, top1_acc: 1.0000, top5_acc: 1.0000, loss_cls: 0.0127, loss: 0.0127, grad_norm: 0.3066
2022-04-28 01:27:22,322 - mmaction - INFO - Evaluating top_k_accuracy ...
2022-04-28 01:27:22,323 - mmaction - INFO - 
top1_acc	0.9333
top5_acc	0.9944
2022-04-28 01:27:22,323 - mmaction - INFO - Evaluating mean_class_accuracy ...
2022-04-28 01:27:22,323 - mmaction - INFO - 
mean_acc	0.9333
2022-04-28 01:27:22,323 - mmaction - INFO - Epoch(val) [9][6]	top1_acc: 0.9333, top5_acc: 0.9944, mean_class_accuracy: 0.9333
2022-04-28 01:27:59,434 - mmaction - INFO - Epoch [10][40/50]	lr: 9.010e-03, eta: 0:23:44, time: 0.928, data_time: 0.691, memory: 4754, top1_acc: 1.0000, top5_acc: 1.0000, loss_cls: 0.0111, loss: 0.0111, grad_norm: 0.2537
2022-04-28 01:28:33,212 - mmaction - INFO - Evaluating top_k_accuracy ...
2022-04-28 01:28:33,213 - mmaction - INFO - 
top1_acc	0.9833
top5_acc	1.0000
2022-04-28 01:28:33,213 - mmaction - INFO - Evaluating mean_class_accuracy ...
2022-04-28 01:28:33,213 - mmaction - INFO - 
mean_acc	0.9833
2022-04-28 01:28:33,216 - mmaction - INFO - The previous best checkpoint /home/yl/myposec3d/model_pth/exp7/ft-WSNR/best_top1_acc_epoch_7.pth was removed
2022-04-28 01:28:33,307 - mmaction - INFO - Now best checkpoint is saved as best_top1_acc_epoch_10.pth.
2022-04-28 01:28:33,307 - mmaction - INFO - Best top1_acc is 0.9833 at 10 epoch.
2022-04-28 01:28:33,307 - mmaction - INFO - Epoch(val) [10][6]	top1_acc: 0.9833, top5_acc: 1.0000, mean_class_accuracy: 0.9833
2022-04-28 01:29:12,064 - mmaction - INFO - Epoch [11][40/50]	lr: 8.806e-03, eta: 0:23:12, time: 0.969, data_time: 0.708, memory: 4754, top1_acc: 1.0000, top5_acc: 1.0000, loss_cls: 0.0090, loss: 0.0090, grad_norm: 0.2547
2022-04-28 01:29:45,678 - mmaction - INFO - Evaluating top_k_accuracy ...
2022-04-28 01:29:45,679 - mmaction - INFO - 
top1_acc	0.9611
top5_acc	1.0000
2022-04-28 01:29:45,679 - mmaction - INFO - Evaluating mean_class_accuracy ...
2022-04-28 01:29:45,679 - mmaction - INFO - 
mean_acc	0.9611
2022-04-28 01:29:45,680 - mmaction - INFO - Epoch(val) [11][6]	top1_acc: 0.9611, top5_acc: 1.0000, mean_class_accuracy: 0.9611
2022-04-28 01:30:24,012 - mmaction - INFO - Epoch [12][40/50]	lr: 8.586e-03, eta: 0:22:37, time: 0.958, data_time: 0.705, memory: 4754, top1_acc: 1.0000, top5_acc: 1.0000, loss_cls: 0.0073, loss: 0.0073, grad_norm: 0.1719
2022-04-28 01:30:56,751 - mmaction - INFO - Evaluating top_k_accuracy ...
2022-04-28 01:30:56,751 - mmaction - INFO - 
top1_acc	0.9556
top5_acc	1.0000
2022-04-28 01:30:56,751 - mmaction - INFO - Evaluating mean_class_accuracy ...
2022-04-28 01:30:56,752 - mmaction - INFO - 
mean_acc	0.9556
2022-04-28 01:30:56,752 - mmaction - INFO - Epoch(val) [12][6]	top1_acc: 0.9556, top5_acc: 1.0000, mean_class_accuracy: 0.9556
2022-04-28 01:31:34,628 - mmaction - INFO - Epoch [13][40/50]	lr: 8.351e-03, eta: 0:22:00, time: 0.947, data_time: 0.688, memory: 4754, top1_acc: 1.0000, top5_acc: 1.0000, loss_cls: 0.0065, loss: 0.0065, grad_norm: 0.1568
2022-04-28 01:32:08,426 - mmaction - INFO - Evaluating top_k_accuracy ...
2022-04-28 01:32:08,427 - mmaction - INFO - 
top1_acc	0.9444
top5_acc	0.9889
2022-04-28 01:32:08,427 - mmaction - INFO - Evaluating mean_class_accuracy ...
2022-04-28 01:32:08,428 - mmaction - INFO - 
mean_acc	0.9444
2022-04-28 01:32:08,428 - mmaction - INFO - Epoch(val) [13][6]	top1_acc: 0.9444, top5_acc: 0.9889, mean_class_accuracy: 0.9444
2022-04-28 01:32:44,737 - mmaction - INFO - Epoch [14][40/50]	lr: 8.101e-03, eta: 0:21:20, time: 0.908, data_time: 0.694, memory: 4754, top1_acc: 1.0000, top5_acc: 1.0000, loss_cls: 0.0067, loss: 0.0067, grad_norm: 0.1837
2022-04-28 01:33:17,809 - mmaction - INFO - Evaluating top_k_accuracy ...
2022-04-28 01:33:17,810 - mmaction - INFO - 
top1_acc	0.9778
top5_acc	1.0000
2022-04-28 01:33:17,810 - mmaction - INFO - Evaluating mean_class_accuracy ...
2022-04-28 01:33:17,810 - mmaction - INFO - 
mean_acc	0.9778
2022-04-28 01:33:17,811 - mmaction - INFO - Epoch(val) [14][6]	top1_acc: 0.9778, top5_acc: 1.0000, mean_class_accuracy: 0.9778
2022-04-28 01:33:54,775 - mmaction - INFO - Epoch [15][40/50]	lr: 7.837e-03, eta: 0:20:41, time: 0.924, data_time: 0.696, memory: 4754, top1_acc: 0.9992, top5_acc: 1.0000, loss_cls: 0.0071, loss: 0.0071, grad_norm: 0.2092
2022-04-28 01:34:28,696 - mmaction - INFO - Evaluating top_k_accuracy ...
2022-04-28 01:34:28,697 - mmaction - INFO - 
top1_acc	0.9611
top5_acc	1.0000
2022-04-28 01:34:28,697 - mmaction - INFO - Evaluating mean_class_accuracy ...
2022-04-28 01:34:28,698 - mmaction - INFO - 
mean_acc	0.9611
2022-04-28 01:34:28,699 - mmaction - INFO - Epoch(val) [15][6]	top1_acc: 0.9611, top5_acc: 1.0000, mean_class_accuracy: 0.9611
2022-04-28 01:35:07,504 - mmaction - INFO - Epoch [16][40/50]	lr: 7.562e-03, eta: 0:20:07, time: 0.970, data_time: 0.749, memory: 4754, top1_acc: 1.0000, top5_acc: 1.0000, loss_cls: 0.0050, loss: 0.0050, grad_norm: 0.1315
2022-04-28 01:35:40,927 - mmaction - INFO - Evaluating top_k_accuracy ...
2022-04-28 01:35:40,928 - mmaction - INFO - 
top1_acc	0.9667
top5_acc	1.0000
2022-04-28 01:35:40,928 - mmaction - INFO - Evaluating mean_class_accuracy ...
2022-04-28 01:35:40,929 - mmaction - INFO - 
mean_acc	0.9667
2022-04-28 01:35:40,929 - mmaction - INFO - Epoch(val) [16][6]	top1_acc: 0.9667, top5_acc: 1.0000, mean_class_accuracy: 0.9667
2022-04-28 01:36:19,532 - mmaction - INFO - Epoch [17][40/50]	lr: 7.276e-03, eta: 0:19:31, time: 0.965, data_time: 0.712, memory: 4754, top1_acc: 1.0000, top5_acc: 1.0000, loss_cls: 0.0051, loss: 0.0051, grad_norm: 0.1404
2022-04-28 01:36:53,589 - mmaction - INFO - Evaluating top_k_accuracy ...
2022-04-28 01:36:53,590 - mmaction - INFO - 
top1_acc	0.9778
top5_acc	1.0000
2022-04-28 01:36:53,590 - mmaction - INFO - Evaluating mean_class_accuracy ...
2022-04-28 01:36:53,591 - mmaction - INFO - 
mean_acc	0.9778
2022-04-28 01:36:53,591 - mmaction - INFO - Epoch(val) [17][6]	top1_acc: 0.9778, top5_acc: 1.0000, mean_class_accuracy: 0.9778
2022-04-28 01:37:31,741 - mmaction - INFO - Epoch [18][40/50]	lr: 6.980e-03, eta: 0:18:55, time: 0.954, data_time: 0.703, memory: 4754, top1_acc: 1.0000, top5_acc: 1.0000, loss_cls: 0.0041, loss: 0.0041, grad_norm: 0.1097
2022-04-28 01:38:05,056 - mmaction - INFO - Evaluating top_k_accuracy ...
2022-04-28 01:38:05,056 - mmaction - INFO - 
top1_acc	0.9889
top5_acc	1.0000
2022-04-28 01:38:05,056 - mmaction - INFO - Evaluating mean_class_accuracy ...
2022-04-28 01:38:05,057 - mmaction - INFO - 
mean_acc	0.9889
2022-04-28 01:38:05,060 - mmaction - INFO - The previous best checkpoint /home/yl/myposec3d/model_pth/exp7/ft-WSNR/best_top1_acc_epoch_10.pth was removed
2022-04-28 01:38:05,106 - mmaction - INFO - Now best checkpoint is saved as best_top1_acc_epoch_18.pth.
2022-04-28 01:38:05,106 - mmaction - INFO - Best top1_acc is 0.9889 at 18 epoch.
2022-04-28 01:38:05,106 - mmaction - INFO - Epoch(val) [18][6]	top1_acc: 0.9889, top5_acc: 1.0000, mean_class_accuracy: 0.9889
2022-04-28 01:38:42,959 - mmaction - INFO - Epoch [19][40/50]	lr: 6.675e-03, eta: 0:18:18, time: 0.946, data_time: 0.724, memory: 4754, top1_acc: 1.0000, top5_acc: 1.0000, loss_cls: 0.0046, loss: 0.0046, grad_norm: 0.1239
2022-04-28 01:39:16,590 - mmaction - INFO - Evaluating top_k_accuracy ...
2022-04-28 01:39:16,590 - mmaction - INFO - 
top1_acc	1.0000
top5_acc	1.0000
2022-04-28 01:39:16,590 - mmaction - INFO - Evaluating mean_class_accuracy ...
2022-04-28 01:39:16,591 - mmaction - INFO - 
mean_acc	1.0000
2022-04-28 01:39:16,593 - mmaction - INFO - The previous best checkpoint /home/yl/myposec3d/model_pth/exp7/ft-WSNR/best_top1_acc_epoch_18.pth was removed
2022-04-28 01:39:16,643 - mmaction - INFO - Now best checkpoint is saved as best_top1_acc_epoch_19.pth.
2022-04-28 01:39:16,644 - mmaction - INFO - Best top1_acc is 1.0000 at 19 epoch.
2022-04-28 01:39:16,644 - mmaction - INFO - Epoch(val) [19][6]	top1_acc: 1.0000, top5_acc: 1.0000, mean_class_accuracy: 1.0000
2022-04-28 01:39:53,248 - mmaction - INFO - Epoch [20][40/50]	lr: 6.364e-03, eta: 0:17:39, time: 0.915, data_time: 0.690, memory: 4754, top1_acc: 1.0000, top5_acc: 1.0000, loss_cls: 0.0069, loss: 0.0069, grad_norm: 0.1825
2022-04-28 01:40:26,147 - mmaction - INFO - Evaluating top_k_accuracy ...
2022-04-28 01:40:26,147 - mmaction - INFO - 
top1_acc	0.9722
top5_acc	1.0000
2022-04-28 01:40:26,148 - mmaction - INFO - Evaluating mean_class_accuracy ...
2022-04-28 01:40:26,148 - mmaction - INFO - 
mean_acc	0.9722
2022-04-28 01:40:26,148 - mmaction - INFO - Epoch(val) [20][6]	top1_acc: 0.9722, top5_acc: 1.0000, mean_class_accuracy: 0.9722
2022-04-28 01:41:03,187 - mmaction - INFO - Epoch [21][40/50]	lr: 6.046e-03, eta: 0:17:00, time: 0.926, data_time: 0.717, memory: 4754, top1_acc: 1.0000, top5_acc: 1.0000, loss_cls: 0.0047, loss: 0.0047, grad_norm: 0.1386
2022-04-28 01:41:36,606 - mmaction - INFO - Evaluating top_k_accuracy ...
2022-04-28 01:41:36,606 - mmaction - INFO - 
top1_acc	0.9667
top5_acc	1.0000
2022-04-28 01:41:36,606 - mmaction - INFO - Evaluating mean_class_accuracy ...
2022-04-28 01:41:36,607 - mmaction - INFO - 
mean_acc	0.9667
2022-04-28 01:41:36,607 - mmaction - INFO - Epoch(val) [21][6]	top1_acc: 0.9667, top5_acc: 1.0000, mean_class_accuracy: 0.9667
2022-04-28 01:42:15,614 - mmaction - INFO - Epoch [22][40/50]	lr: 5.724e-03, eta: 0:16:25, time: 0.975, data_time: 0.708, memory: 4754, top1_acc: 1.0000, top5_acc: 1.0000, loss_cls: 0.0048, loss: 0.0048, grad_norm: 0.1437
2022-04-28 01:42:49,059 - mmaction - INFO - Evaluating top_k_accuracy ...
2022-04-28 01:42:49,060 - mmaction - INFO - 
top1_acc	0.9722
top5_acc	1.0000
2022-04-28 01:42:49,060 - mmaction - INFO - Evaluating mean_class_accuracy ...
2022-04-28 01:42:49,060 - mmaction - INFO - 
mean_acc	0.9722
2022-04-28 01:42:49,060 - mmaction - INFO - Epoch(val) [22][6]	top1_acc: 0.9722, top5_acc: 1.0000, mean_class_accuracy: 0.9722
2022-04-28 01:43:26,911 - mmaction - INFO - Epoch [23][40/50]	lr: 5.399e-03, eta: 0:15:47, time: 0.946, data_time: 0.682, memory: 4754, top1_acc: 1.0000, top5_acc: 1.0000, loss_cls: 0.0055, loss: 0.0055, grad_norm: 0.1349
2022-04-28 01:43:59,969 - mmaction - INFO - Evaluating top_k_accuracy ...
2022-04-28 01:43:59,970 - mmaction - INFO - 
top1_acc	0.9556
top5_acc	1.0000
2022-04-28 01:43:59,970 - mmaction - INFO - Evaluating mean_class_accuracy ...
2022-04-28 01:43:59,971 - mmaction - INFO - 
mean_acc	0.9556
2022-04-28 01:43:59,971 - mmaction - INFO - Epoch(val) [23][6]	top1_acc: 0.9556, top5_acc: 1.0000, mean_class_accuracy: 0.9556
2022-04-28 01:44:36,388 - mmaction - INFO - Epoch [24][40/50]	lr: 5.072e-03, eta: 0:15:08, time: 0.910, data_time: 0.678, memory: 4754, top1_acc: 1.0000, top5_acc: 1.0000, loss_cls: 0.0040, loss: 0.0040, grad_norm: 0.1130
2022-04-28 01:45:09,487 - mmaction - INFO - Evaluating top_k_accuracy ...
2022-04-28 01:45:09,488 - mmaction - INFO - 
top1_acc	0.9722
top5_acc	1.0000
2022-04-28 01:45:09,488 - mmaction - INFO - Evaluating mean_class_accuracy ...
2022-04-28 01:45:09,488 - mmaction - INFO - 
mean_acc	0.9722
2022-04-28 01:45:09,489 - mmaction - INFO - Epoch(val) [24][6]	top1_acc: 0.9722, top5_acc: 1.0000, mean_class_accuracy: 0.9722
2022-04-28 01:45:46,907 - mmaction - INFO - Epoch [25][40/50]	lr: 4.745e-03, eta: 0:14:31, time: 0.935, data_time: 0.685, memory: 4754, top1_acc: 0.9992, top5_acc: 1.0000, loss_cls: 0.0069, loss: 0.0069, grad_norm: 0.1643
2022-04-28 01:46:20,119 - mmaction - INFO - Evaluating top_k_accuracy ...
2022-04-28 01:46:20,120 - mmaction - INFO - 
top1_acc	0.9611
top5_acc	1.0000
2022-04-28 01:46:20,120 - mmaction - INFO - Evaluating mean_class_accuracy ...
2022-04-28 01:46:20,120 - mmaction - INFO - 
mean_acc	0.9611
2022-04-28 01:46:20,121 - mmaction - INFO - Epoch(val) [25][6]	top1_acc: 0.9611, top5_acc: 1.0000, mean_class_accuracy: 0.9611
2022-04-28 01:46:58,237 - mmaction - INFO - Epoch [26][40/50]	lr: 4.419e-03, eta: 0:13:54, time: 0.953, data_time: 0.691, memory: 4754, top1_acc: 1.0000, top5_acc: 1.0000, loss_cls: 0.0041, loss: 0.0041, grad_norm: 0.1135
2022-04-28 01:47:31,986 - mmaction - INFO - Evaluating top_k_accuracy ...
2022-04-28 01:47:31,986 - mmaction - INFO - 
top1_acc	0.9556
top5_acc	1.0000
2022-04-28 01:47:31,986 - mmaction - INFO - Evaluating mean_class_accuracy ...
2022-04-28 01:47:31,987 - mmaction - INFO - 
mean_acc	0.9556
2022-04-28 01:47:31,987 - mmaction - INFO - Epoch(val) [26][6]	top1_acc: 0.9556, top5_acc: 1.0000, mean_class_accuracy: 0.9556
2022-04-28 01:48:10,454 - mmaction - INFO - Epoch [27][40/50]	lr: 4.095e-03, eta: 0:13:17, time: 0.962, data_time: 0.761, memory: 4754, top1_acc: 0.9992, top5_acc: 1.0000, loss_cls: 0.0039, loss: 0.0039, grad_norm: 0.1245
2022-04-28 01:48:44,112 - mmaction - INFO - Evaluating top_k_accuracy ...
2022-04-28 01:48:44,113 - mmaction - INFO - 
top1_acc	0.9889
top5_acc	1.0000
2022-04-28 01:48:44,113 - mmaction - INFO - Evaluating mean_class_accuracy ...
2022-04-28 01:48:44,113 - mmaction - INFO - 
mean_acc	0.9889
2022-04-28 01:48:44,114 - mmaction - INFO - Epoch(val) [27][6]	top1_acc: 0.9889, top5_acc: 1.0000, mean_class_accuracy: 0.9889
2022-04-28 01:49:22,772 - mmaction - INFO - Epoch [28][40/50]	lr: 3.776e-03, eta: 0:12:40, time: 0.966, data_time: 0.708, memory: 4754, top1_acc: 1.0000, top5_acc: 1.0000, loss_cls: 0.0041, loss: 0.0041, grad_norm: 0.1103
2022-04-28 01:49:56,554 - mmaction - INFO - Evaluating top_k_accuracy ...
2022-04-28 01:49:56,554 - mmaction - INFO - 
top1_acc	0.9556
top5_acc	1.0000
2022-04-28 01:49:56,554 - mmaction - INFO - Evaluating mean_class_accuracy ...
2022-04-28 01:49:56,555 - mmaction - INFO - 
mean_acc	0.9556
2022-04-28 01:49:56,555 - mmaction - INFO - Epoch(val) [28][6]	top1_acc: 0.9556, top5_acc: 1.0000, mean_class_accuracy: 0.9556
2022-04-28 01:50:33,935 - mmaction - INFO - Epoch [29][40/50]	lr: 3.461e-03, eta: 0:12:02, time: 0.934, data_time: 0.690, memory: 4754, top1_acc: 0.9992, top5_acc: 1.0000, loss_cls: 0.0055, loss: 0.0055, grad_norm: 0.1860
2022-04-28 01:51:04,974 - mmaction - INFO - Evaluating top_k_accuracy ...
2022-04-28 01:51:04,974 - mmaction - INFO - 
top1_acc	0.9500
top5_acc	1.0000
2022-04-28 01:51:04,974 - mmaction - INFO - Evaluating mean_class_accuracy ...
2022-04-28 01:51:04,975 - mmaction - INFO - 
mean_acc	0.9500
2022-04-28 01:51:04,975 - mmaction - INFO - Epoch(val) [29][6]	top1_acc: 0.9500, top5_acc: 1.0000, mean_class_accuracy: 0.9500
2022-04-28 01:51:41,405 - mmaction - INFO - Epoch [30][40/50]	lr: 3.153e-03, eta: 0:11:24, time: 0.911, data_time: 0.694, memory: 4754, top1_acc: 1.0000, top5_acc: 1.0000, loss_cls: 0.0085, loss: 0.0085, grad_norm: 0.2131
2022-04-28 01:52:13,900 - mmaction - INFO - Evaluating top_k_accuracy ...
2022-04-28 01:52:13,901 - mmaction - INFO - 
top1_acc	0.9778
top5_acc	1.0000
2022-04-28 01:52:13,901 - mmaction - INFO - Evaluating mean_class_accuracy ...
2022-04-28 01:52:13,901 - mmaction - INFO - 
mean_acc	0.9778
2022-04-28 01:52:13,902 - mmaction - INFO - Epoch(val) [30][6]	top1_acc: 0.9778, top5_acc: 1.0000, mean_class_accuracy: 0.9778
2022-04-28 01:52:51,987 - mmaction - INFO - Epoch [31][40/50]	lr: 2.853e-03, eta: 0:10:46, time: 0.952, data_time: 0.700, memory: 4754, top1_acc: 1.0000, top5_acc: 1.0000, loss_cls: 0.0039, loss: 0.0039, grad_norm: 0.1125
2022-04-28 01:53:24,445 - mmaction - INFO - Evaluating top_k_accuracy ...
2022-04-28 01:53:24,446 - mmaction - INFO - 
top1_acc	0.9500
top5_acc	1.0000
2022-04-28 01:53:24,446 - mmaction - INFO - Evaluating mean_class_accuracy ...
2022-04-28 01:53:24,446 - mmaction - INFO - 
mean_acc	0.9500
2022-04-28 01:53:24,446 - mmaction - INFO - Epoch(val) [31][6]	top1_acc: 0.9500, top5_acc: 1.0000, mean_class_accuracy: 0.9500
2022-04-28 01:53:59,644 - mmaction - INFO - Epoch [32][40/50]	lr: 2.563e-03, eta: 0:10:08, time: 0.880, data_time: 0.665, memory: 4754, top1_acc: 1.0000, top5_acc: 1.0000, loss_cls: 0.0039, loss: 0.0039, grad_norm: 0.1126
2022-04-28 01:54:32,189 - mmaction - INFO - Evaluating top_k_accuracy ...
2022-04-28 01:54:32,190 - mmaction - INFO - 
top1_acc	0.9444
top5_acc	1.0000
2022-04-28 01:54:32,190 - mmaction - INFO - Evaluating mean_class_accuracy ...
2022-04-28 01:54:32,191 - mmaction - INFO - 
mean_acc	0.9444
2022-04-28 01:54:32,191 - mmaction - INFO - Epoch(val) [32][6]	top1_acc: 0.9444, top5_acc: 1.0000, mean_class_accuracy: 0.9444
2022-04-28 01:55:08,152 - mmaction - INFO - Epoch [33][40/50]	lr: 2.282e-03, eta: 0:09:29, time: 0.899, data_time: 0.673, memory: 4754, top1_acc: 1.0000, top5_acc: 1.0000, loss_cls: 0.0029, loss: 0.0029, grad_norm: 0.0683
2022-04-28 01:55:40,818 - mmaction - INFO - Evaluating top_k_accuracy ...
2022-04-28 01:55:40,818 - mmaction - INFO - 
top1_acc	0.9556
top5_acc	1.0000
2022-04-28 01:55:40,818 - mmaction - INFO - Evaluating mean_class_accuracy ...
2022-04-28 01:55:40,819 - mmaction - INFO - 
mean_acc	0.9556
2022-04-28 01:55:40,819 - mmaction - INFO - Epoch(val) [33][6]	top1_acc: 0.9556, top5_acc: 1.0000, mean_class_accuracy: 0.9556
2022-04-28 01:56:17,140 - mmaction - INFO - Epoch [34][40/50]	lr: 2.014e-03, eta: 0:08:51, time: 0.908, data_time: 0.673, memory: 4754, top1_acc: 1.0000, top5_acc: 1.0000, loss_cls: 0.0041, loss: 0.0041, grad_norm: 0.1196
2022-04-28 01:56:49,618 - mmaction - INFO - Evaluating top_k_accuracy ...
2022-04-28 01:56:49,619 - mmaction - INFO - 
top1_acc	0.9444
top5_acc	1.0000
2022-04-28 01:56:49,619 - mmaction - INFO - Evaluating mean_class_accuracy ...
2022-04-28 01:56:49,619 - mmaction - INFO - 
mean_acc	0.9444
2022-04-28 01:56:49,620 - mmaction - INFO - Epoch(val) [34][6]	top1_acc: 0.9444, top5_acc: 1.0000, mean_class_accuracy: 0.9444
2022-04-28 01:57:26,026 - mmaction - INFO - Epoch [35][40/50]	lr: 1.758e-03, eta: 0:08:13, time: 0.910, data_time: 0.682, memory: 4754, top1_acc: 1.0000, top5_acc: 1.0000, loss_cls: 0.0048, loss: 0.0048, grad_norm: 0.1255
2022-04-28 01:57:58,629 - mmaction - INFO - Evaluating top_k_accuracy ...
2022-04-28 01:57:58,629 - mmaction - INFO - 
top1_acc	0.9667
top5_acc	1.0000
2022-04-28 01:57:58,629 - mmaction - INFO - Evaluating mean_class_accuracy ...
2022-04-28 01:57:58,630 - mmaction - INFO - 
mean_acc	0.9667
2022-04-28 01:57:58,630 - mmaction - INFO - Epoch(val) [35][6]	top1_acc: 0.9667, top5_acc: 1.0000, mean_class_accuracy: 0.9667
2022-04-28 01:58:35,129 - mmaction - INFO - Epoch [36][40/50]	lr: 1.516e-03, eta: 0:07:36, time: 0.912, data_time: 0.692, memory: 4754, top1_acc: 1.0000, top5_acc: 1.0000, loss_cls: 0.0038, loss: 0.0038, grad_norm: 0.1074
2022-04-28 01:59:07,130 - mmaction - INFO - Evaluating top_k_accuracy ...
2022-04-28 01:59:07,130 - mmaction - INFO - 
top1_acc	0.9722
top5_acc	1.0000
2022-04-28 01:59:07,130 - mmaction - INFO - Evaluating mean_class_accuracy ...
2022-04-28 01:59:07,131 - mmaction - INFO - 
mean_acc	0.9722
2022-04-28 01:59:07,131 - mmaction - INFO - Epoch(val) [36][6]	top1_acc: 0.9722, top5_acc: 1.0000, mean_class_accuracy: 0.9722
2022-04-28 01:59:44,810 - mmaction - INFO - Epoch [37][40/50]	lr: 1.289e-03, eta: 0:06:58, time: 0.942, data_time: 0.723, memory: 4754, top1_acc: 1.0000, top5_acc: 1.0000, loss_cls: 0.0029, loss: 0.0029, grad_norm: 0.0714
2022-04-28 02:00:17,311 - mmaction - INFO - Evaluating top_k_accuracy ...
2022-04-28 02:00:17,312 - mmaction - INFO - 
top1_acc	0.9722
top5_acc	1.0000
2022-04-28 02:00:17,312 - mmaction - INFO - Evaluating mean_class_accuracy ...
2022-04-28 02:00:17,312 - mmaction - INFO - 
mean_acc	0.9722
2022-04-28 02:00:17,312 - mmaction - INFO - Epoch(val) [37][6]	top1_acc: 0.9722, top5_acc: 1.0000, mean_class_accuracy: 0.9722
2022-04-28 02:00:54,143 - mmaction - INFO - Epoch [38][40/50]	lr: 1.077e-03, eta: 0:06:21, time: 0.921, data_time: 0.697, memory: 4754, top1_acc: 1.0000, top5_acc: 1.0000, loss_cls: 0.0023, loss: 0.0023, grad_norm: 0.0620
2022-04-28 02:01:26,346 - mmaction - INFO - Evaluating top_k_accuracy ...
2022-04-28 02:01:26,347 - mmaction - INFO - 
top1_acc	0.9500
top5_acc	0.9889
2022-04-28 02:01:26,347 - mmaction - INFO - Evaluating mean_class_accuracy ...
2022-04-28 02:01:26,348 - mmaction - INFO - 
mean_acc	0.9500
2022-04-28 02:01:26,348 - mmaction - INFO - Epoch(val) [38][6]	top1_acc: 0.9500, top5_acc: 0.9889, mean_class_accuracy: 0.9500
2022-04-28 02:02:03,147 - mmaction - INFO - Epoch [39][40/50]	lr: 8.831e-04, eta: 0:05:43, time: 0.920, data_time: 0.676, memory: 4754, top1_acc: 1.0000, top5_acc: 1.0000, loss_cls: 0.0029, loss: 0.0029, grad_norm: 0.0736
2022-04-28 02:02:34,893 - mmaction - INFO - Evaluating top_k_accuracy ...
2022-04-28 02:02:34,893 - mmaction - INFO - 
top1_acc	0.9500
top5_acc	1.0000
2022-04-28 02:02:34,893 - mmaction - INFO - Evaluating mean_class_accuracy ...
2022-04-28 02:02:34,894 - mmaction - INFO - 
mean_acc	0.9500
2022-04-28 02:02:34,894 - mmaction - INFO - Epoch(val) [39][6]	top1_acc: 0.9500, top5_acc: 1.0000, mean_class_accuracy: 0.9500
2022-04-28 02:03:11,444 - mmaction - INFO - Epoch [40][40/50]	lr: 7.063e-04, eta: 0:05:06, time: 0.914, data_time: 0.695, memory: 4754, top1_acc: 1.0000, top5_acc: 1.0000, loss_cls: 0.0047, loss: 0.0047, grad_norm: 0.1341
2022-04-28 02:03:44,283 - mmaction - INFO - Evaluating top_k_accuracy ...
2022-04-28 02:03:44,283 - mmaction - INFO - 
top1_acc	0.9444
top5_acc	0.9778
2022-04-28 02:03:44,283 - mmaction - INFO - Evaluating mean_class_accuracy ...
2022-04-28 02:03:44,284 - mmaction - INFO - 
mean_acc	0.9444
2022-04-28 02:03:44,284 - mmaction - INFO - Epoch(val) [40][6]	top1_acc: 0.9444, top5_acc: 0.9778, mean_class_accuracy: 0.9444
2022-04-28 02:04:21,361 - mmaction - INFO - Epoch [41][40/50]	lr: 5.479e-04, eta: 0:04:28, time: 0.927, data_time: 0.681, memory: 4754, top1_acc: 1.0000, top5_acc: 1.0000, loss_cls: 0.0038, loss: 0.0038, grad_norm: 0.0999
2022-04-28 02:04:54,081 - mmaction - INFO - Evaluating top_k_accuracy ...
2022-04-28 02:04:54,081 - mmaction - INFO - 
top1_acc	0.9667
top5_acc	1.0000
2022-04-28 02:04:54,081 - mmaction - INFO - Evaluating mean_class_accuracy ...
2022-04-28 02:04:54,082 - mmaction - INFO - 
mean_acc	0.9667
2022-04-28 02:04:54,082 - mmaction - INFO - Epoch(val) [41][6]	top1_acc: 0.9667, top5_acc: 1.0000, mean_class_accuracy: 0.9667
2022-04-28 02:05:31,540 - mmaction - INFO - Epoch [42][40/50]	lr: 4.086e-04, eta: 0:03:51, time: 0.936, data_time: 0.726, memory: 4754, top1_acc: 1.0000, top5_acc: 1.0000, loss_cls: 0.0030, loss: 0.0030, grad_norm: 0.0756
2022-04-28 02:06:04,726 - mmaction - INFO - Evaluating top_k_accuracy ...
2022-04-28 02:06:04,727 - mmaction - INFO - 
top1_acc	0.9944
top5_acc	1.0000
2022-04-28 02:06:04,727 - mmaction - INFO - Evaluating mean_class_accuracy ...
2022-04-28 02:06:04,727 - mmaction - INFO - 
mean_acc	0.9944
2022-04-28 02:06:04,727 - mmaction - INFO - Epoch(val) [42][6]	top1_acc: 0.9944, top5_acc: 1.0000, mean_class_accuracy: 0.9944
2022-04-28 02:06:43,012 - mmaction - INFO - Epoch [43][40/50]	lr: 2.890e-04, eta: 0:03:14, time: 0.957, data_time: 0.680, memory: 4754, top1_acc: 1.0000, top5_acc: 1.0000, loss_cls: 0.0023, loss: 0.0023, grad_norm: 0.0572
2022-04-28 02:07:16,217 - mmaction - INFO - Evaluating top_k_accuracy ...
2022-04-28 02:07:16,218 - mmaction - INFO - 
top1_acc	0.9778
top5_acc	1.0000
2022-04-28 02:07:16,218 - mmaction - INFO - Evaluating mean_class_accuracy ...
2022-04-28 02:07:16,218 - mmaction - INFO - 
mean_acc	0.9778
2022-04-28 02:07:16,219 - mmaction - INFO - Epoch(val) [43][6]	top1_acc: 0.9778, top5_acc: 1.0000, mean_class_accuracy: 0.9778
2022-04-28 02:07:55,389 - mmaction - INFO - Epoch [44][40/50]	lr: 1.895e-04, eta: 0:02:37, time: 0.979, data_time: 0.711, memory: 4754, top1_acc: 1.0000, top5_acc: 1.0000, loss_cls: 0.0035, loss: 0.0035, grad_norm: 0.0916
2022-04-28 02:08:28,027 - mmaction - INFO - Evaluating top_k_accuracy ...
2022-04-28 02:08:28,027 - mmaction - INFO - 
top1_acc	0.9500
top5_acc	0.9944
2022-04-28 02:08:28,027 - mmaction - INFO - Evaluating mean_class_accuracy ...
2022-04-28 02:08:28,028 - mmaction - INFO - 
mean_acc	0.9500
2022-04-28 02:08:28,028 - mmaction - INFO - Epoch(val) [44][6]	top1_acc: 0.9500, top5_acc: 0.9944, mean_class_accuracy: 0.9500
2022-04-28 02:09:04,532 - mmaction - INFO - Epoch [45][40/50]	lr: 1.106e-04, eta: 0:01:59, time: 0.913, data_time: 0.680, memory: 4754, top1_acc: 1.0000, top5_acc: 1.0000, loss_cls: 0.0037, loss: 0.0037, grad_norm: 0.0866
2022-04-28 02:09:37,511 - mmaction - INFO - Evaluating top_k_accuracy ...
2022-04-28 02:09:37,512 - mmaction - INFO - 
top1_acc	0.9833
top5_acc	1.0000
2022-04-28 02:09:37,512 - mmaction - INFO - Evaluating mean_class_accuracy ...
2022-04-28 02:09:37,512 - mmaction - INFO - 
mean_acc	0.9833
2022-04-28 02:09:37,512 - mmaction - INFO - Epoch(val) [45][6]	top1_acc: 0.9833, top5_acc: 1.0000, mean_class_accuracy: 0.9833
2022-04-28 02:10:15,611 - mmaction - INFO - Epoch [46][40/50]	lr: 5.269e-05, eta: 0:01:22, time: 0.952, data_time: 0.694, memory: 4754, top1_acc: 1.0000, top5_acc: 1.0000, loss_cls: 0.0033, loss: 0.0033, grad_norm: 0.1043
2022-04-28 02:10:48,551 - mmaction - INFO - Evaluating top_k_accuracy ...
2022-04-28 02:10:48,552 - mmaction - INFO - 
top1_acc	0.9611
top5_acc	1.0000
2022-04-28 02:10:48,552 - mmaction - INFO - Evaluating mean_class_accuracy ...
2022-04-28 02:10:48,553 - mmaction - INFO - 
mean_acc	0.9611
2022-04-28 02:10:48,553 - mmaction - INFO - Epoch(val) [46][6]	top1_acc: 0.9611, top5_acc: 1.0000, mean_class_accuracy: 0.9611
2022-04-28 02:11:26,402 - mmaction - INFO - Epoch [47][40/50]	lr: 1.593e-05, eta: 0:00:44, time: 0.946, data_time: 0.734, memory: 4754, top1_acc: 1.0000, top5_acc: 1.0000, loss_cls: 0.0024, loss: 0.0024, grad_norm: 0.0564
2022-04-28 02:12:00,021 - mmaction - INFO - Evaluating top_k_accuracy ...
2022-04-28 02:12:00,022 - mmaction - INFO - 
top1_acc	0.9778
top5_acc	1.0000
2022-04-28 02:12:00,022 - mmaction - INFO - Evaluating mean_class_accuracy ...
2022-04-28 02:12:00,023 - mmaction - INFO - 
mean_acc	0.9778
2022-04-28 02:12:00,023 - mmaction - INFO - Epoch(val) [47][6]	top1_acc: 0.9778, top5_acc: 1.0000, mean_class_accuracy: 0.9778
2022-04-28 02:12:38,209 - mmaction - INFO - Epoch [48][40/50]	lr: 5.183e-07, eta: 0:00:07, time: 0.955, data_time: 0.742, memory: 4754, top1_acc: 0.9992, top5_acc: 1.0000, loss_cls: 0.0054, loss: 0.0054, grad_norm: 0.1548
2022-04-28 02:12:40,934 - mmaction - INFO - Saving checkpoint at 48 epochs
2022-04-28 02:13:10,782 - mmaction - INFO - Evaluating top_k_accuracy ...
2022-04-28 02:13:10,783 - mmaction - INFO - 
top1_acc	0.9556
top5_acc	1.0000
2022-04-28 02:13:10,783 - mmaction - INFO - Evaluating mean_class_accuracy ...
2022-04-28 02:13:10,783 - mmaction - INFO - 
mean_acc	0.9556
2022-04-28 02:13:10,784 - mmaction - INFO - Epoch(val) [48][6]	top1_acc: 0.9556, top5_acc: 1.0000, mean_class_accuracy: 0.9556
