2022-04-20 18:06:18,030 - mmaction - INFO - Environment info:
------------------------------------------------------------
sys.platform: linux
Python: 3.8.12 | packaged by conda-forge | (default, Oct 12 2021, 21:57:06) [GCC 9.4.0]
CUDA available: True
GPU 0,1,2,3: NVIDIA GeForce RTX 3090
CUDA_HOME: /usr/local/cuda
NVCC: Build cuda_11.1.TC455_06.29190527_0
GCC: gcc (Ubuntu 9.4.0-1ubuntu1~20.04.1) 9.4.0
PyTorch: 1.9.1+cu111
PyTorch compiling details: PyTorch built with:
  - GCC 7.3
  - C++ Version: 201402
  - Intel(R) Math Kernel Library Version 2020.0.0 Product Build 20191122 for Intel(R) 64 architecture applications
  - Intel(R) MKL-DNN v2.1.2 (Git Hash 98be7e8afa711dc9b66c8ff3504129cb82013cdb)
  - OpenMP 201511 (a.k.a. OpenMP 4.5)
  - NNPACK is enabled
  - CPU capability usage: AVX2
  - CUDA Runtime 11.1
  - NVCC architecture flags: -gencode;arch=compute_37,code=sm_37;-gencode;arch=compute_50,code=sm_50;-gencode;arch=compute_60,code=sm_60;-gencode;arch=compute_70,code=sm_70;-gencode;arch=compute_75,code=sm_75;-gencode;arch=compute_80,code=sm_80;-gencode;arch=compute_86,code=sm_86
  - CuDNN 8.0.5
  - Magma 2.5.2
  - Build settings: BLAS_INFO=mkl, BUILD_TYPE=Release, CUDA_VERSION=11.1, CUDNN_VERSION=8.0.5, CXX_COMPILER=/opt/rh/devtoolset-7/root/usr/bin/c++, CXX_FLAGS= -Wno-deprecated -fvisibility-inlines-hidden -DUSE_PTHREADPOOL -fopenmp -DNDEBUG -DUSE_KINETO -DUSE_FBGEMM -DUSE_QNNPACK -DUSE_PYTORCH_QNNPACK -DUSE_XNNPACK -DSYMBOLICATE_MOBILE_DEBUG_HANDLE -O2 -fPIC -Wno-narrowing -Wall -Wextra -Werror=return-type -Wno-missing-field-initializers -Wno-type-limits -Wno-array-bounds -Wno-unknown-pragmas -Wno-sign-compare -Wno-unused-parameter -Wno-unused-variable -Wno-unused-function -Wno-unused-result -Wno-unused-local-typedefs -Wno-strict-overflow -Wno-strict-aliasing -Wno-error=deprecated-declarations -Wno-stringop-overflow -Wno-psabi -Wno-error=pedantic -Wno-error=redundant-decls -Wno-error=old-style-cast -fdiagnostics-color=always -faligned-new -Wno-unused-but-set-variable -Wno-maybe-uninitialized -fno-math-errno -fno-trapping-math -Werror=format -Wno-stringop-overflow, LAPACK_INFO=mkl, PERF_WITH_AVX=1, PERF_WITH_AVX2=1, PERF_WITH_AVX512=1, TORCH_VERSION=1.9.1, USE_CUDA=ON, USE_CUDNN=ON, USE_EXCEPTION_PTR=1, USE_GFLAGS=OFF, USE_GLOG=OFF, USE_MKL=ON, USE_MKLDNN=ON, USE_MPI=OFF, USE_NCCL=ON, USE_NNPACK=ON, USE_OPENMP=ON, 

TorchVision: 0.10.1+cu111
OpenCV: 4.5.5
MMCV: 1.4.2
MMCV Compiler: GCC 7.3
MMCV CUDA Compiler: 11.1
MMAction2: 0.20.0+26392eb
------------------------------------------------------------

2022-04-20 18:06:18,031 - mmaction - INFO - Distributed training: True
2022-04-20 18:06:19,665 - mmaction - INFO - Config: model = dict(
    type='Recognizer3D',
    backbone=dict(
        type='ResNet3dSlowOnly',
        depth=50,
        pretrained=None,
        in_channels=5,
        base_channels=32,
        num_stages=3,
        out_indices=(2, ),
        stage_blocks=(4, 6, 3),
        conv1_stride_s=1,
        pool1_stride_s=1,
        inflate=(0, 1, 1),
        spatial_strides=(2, 2, 2),
        temporal_strides=(1, 1, 2),
        dilations=(1, 1, 1),
        frozen_stages=3),
    cls_head=dict(
        type='I3DHead',
        in_channels=512,
        num_classes=10,
        spatial_type='avg',
        dropout_ratio=0.5),
    train_cfg=dict(),
    test_cfg=dict(average_clips='prob'))
dataset_type = 'PoseDataset'
ann_file_train = 'data/ds_taichi/TEST7AUG4/NSNR/train_data.pkl'
ann_file_val = 'data/ds_taichi/TEST7AUG4/NSNR/test_data.pkl'
left = [
    5, 6, 7, 8, 44, 45, 46, 47, 48, 49, 50, 51, 52, 53, 54, 55, 56, 57, 58, 59,
    60, 61, 62, 63, 64, 65, 66, 67, 68, 69, 70, 71
]
right = [
    1, 2, 3, 4, 16, 17, 18, 19, 20, 21, 22, 23, 24, 25, 26, 27, 28, 29, 30, 31,
    32, 33, 34, 35, 36, 37, 38, 39, 40, 41, 42, 43
]
train_pipeline = [
    dict(type='UniformSampleFrames', clip_len=48),
    dict(type='PoseDecode'),
    dict(type='PoseCompact', hw_ratio=1.0, allow_imgpad=True),
    dict(type='Resize', scale=(-1, 64)),
    dict(type='RandomResizedCrop', area_range=(0.56, 1.0)),
    dict(type='Resize', scale=(56, 56), keep_ratio=False),
    dict(
        type='Flip',
        flip_ratio=0.5,
        left_kp=[
            5, 6, 7, 8, 44, 45, 46, 47, 48, 49, 50, 51, 52, 53, 54, 55, 56, 57,
            58, 59, 60, 61, 62, 63, 64, 65, 66, 67, 68, 69, 70, 71
        ],
        right_kp=[
            1, 2, 3, 4, 16, 17, 18, 19, 20, 21, 22, 23, 24, 25, 26, 27, 28, 29,
            30, 31, 32, 33, 34, 35, 36, 37, 38, 39, 40, 41, 42, 43
        ]),
    dict(
        type='GenerateTaiChiPoseTarget',
        sigma=0.6,
        use_score=True,
        with_kp=True,
        with_limb=False),
    dict(type='FormatShape', input_format='NCTHW'),
    dict(type='Collect', keys=['imgs', 'label'], meta_keys=[]),
    dict(type='ToTensor', keys=['imgs', 'label'])
]
val_pipeline = [
    dict(type='UniformSampleFrames', clip_len=48, num_clips=1, test_mode=True),
    dict(type='PoseDecode'),
    dict(type='PoseCompact', hw_ratio=1.0, allow_imgpad=True),
    dict(type='Resize', scale=(-1, 64)),
    dict(type='CenterCrop', crop_size=64),
    dict(
        type='GenerateTaiChiPoseTarget',
        sigma=0.6,
        use_score=True,
        with_kp=True,
        with_limb=False),
    dict(type='FormatShape', input_format='NCTHW'),
    dict(type='Collect', keys=['imgs', 'label'], meta_keys=[]),
    dict(type='ToTensor', keys=['imgs'])
]
test_pipeline = [
    dict(
        type='UniformSampleFrames', clip_len=48, num_clips=10, test_mode=True),
    dict(type='PoseDecode'),
    dict(type='PoseCompact', hw_ratio=1.0, allow_imgpad=True),
    dict(type='Resize', scale=(-1, 64)),
    dict(type='CenterCrop', crop_size=64),
    dict(
        type='GenerateTaiChiPoseTarget',
        sigma=0.6,
        use_score=True,
        with_kp=True,
        with_limb=False,
        double=True,
        left_kp=[
            5, 6, 7, 8, 44, 45, 46, 47, 48, 49, 50, 51, 52, 53, 54, 55, 56, 57,
            58, 59, 60, 61, 62, 63, 64, 65, 66, 67, 68, 69, 70, 71
        ],
        right_kp=[
            1, 2, 3, 4, 16, 17, 18, 19, 20, 21, 22, 23, 24, 25, 26, 27, 28, 29,
            30, 31, 32, 33, 34, 35, 36, 37, 38, 39, 40, 41, 42, 43
        ]),
    dict(type='FormatShape', input_format='NCTHW'),
    dict(type='Collect', keys=['imgs', 'label'], meta_keys=[]),
    dict(type='ToTensor', keys=['imgs'])
]
data = dict(
    videos_per_gpu=8,
    workers_per_gpu=4,
    test_dataloader=dict(videos_per_gpu=4),
    train=dict(
        type='RepeatDataset',
        times=15,
        dataset=dict(
            type='PoseDataset',
            ann_file='data/ds_taichi/TEST7AUG4/NSNR/train_data.pkl',
            data_prefix='',
            pipeline=[
                dict(type='UniformSampleFrames', clip_len=48),
                dict(type='PoseDecode'),
                dict(type='PoseCompact', hw_ratio=1.0, allow_imgpad=True),
                dict(type='Resize', scale=(-1, 64)),
                dict(type='RandomResizedCrop', area_range=(0.56, 1.0)),
                dict(type='Resize', scale=(56, 56), keep_ratio=False),
                dict(
                    type='Flip',
                    flip_ratio=0.5,
                    left_kp=[
                        5, 6, 7, 8, 44, 45, 46, 47, 48, 49, 50, 51, 52, 53, 54,
                        55, 56, 57, 58, 59, 60, 61, 62, 63, 64, 65, 66, 67, 68,
                        69, 70, 71
                    ],
                    right_kp=[
                        1, 2, 3, 4, 16, 17, 18, 19, 20, 21, 22, 23, 24, 25, 26,
                        27, 28, 29, 30, 31, 32, 33, 34, 35, 36, 37, 38, 39, 40,
                        41, 42, 43
                    ]),
                dict(
                    type='GenerateTaiChiPoseTarget',
                    sigma=0.6,
                    use_score=True,
                    with_kp=True,
                    with_limb=False),
                dict(type='FormatShape', input_format='NCTHW'),
                dict(type='Collect', keys=['imgs', 'label'], meta_keys=[]),
                dict(type='ToTensor', keys=['imgs', 'label'])
            ])),
    val=dict(
        type='PoseDataset',
        ann_file='data/ds_taichi/TEST7AUG4/NSNR/test_data.pkl',
        data_prefix='',
        pipeline=[
            dict(
                type='UniformSampleFrames',
                clip_len=48,
                num_clips=1,
                test_mode=True),
            dict(type='PoseDecode'),
            dict(type='PoseCompact', hw_ratio=1.0, allow_imgpad=True),
            dict(type='Resize', scale=(-1, 64)),
            dict(type='CenterCrop', crop_size=64),
            dict(
                type='GenerateTaiChiPoseTarget',
                sigma=0.6,
                use_score=True,
                with_kp=True,
                with_limb=False),
            dict(type='FormatShape', input_format='NCTHW'),
            dict(type='Collect', keys=['imgs', 'label'], meta_keys=[]),
            dict(type='ToTensor', keys=['imgs'])
        ]),
    test=dict(
        type='PoseDataset',
        ann_file='data/ds_taichi/TEST7AUG4/NSNR/test_data.pkl',
        data_prefix='',
        pipeline=[
            dict(
                type='UniformSampleFrames',
                clip_len=48,
                num_clips=10,
                test_mode=True),
            dict(type='PoseDecode'),
            dict(type='PoseCompact', hw_ratio=1.0, allow_imgpad=True),
            dict(type='Resize', scale=(-1, 64)),
            dict(type='CenterCrop', crop_size=64),
            dict(
                type='GenerateTaiChiPoseTarget',
                sigma=0.6,
                use_score=True,
                with_kp=True,
                with_limb=False,
                double=True,
                left_kp=[
                    5, 6, 7, 8, 44, 45, 46, 47, 48, 49, 50, 51, 52, 53, 54, 55,
                    56, 57, 58, 59, 60, 61, 62, 63, 64, 65, 66, 67, 68, 69, 70,
                    71
                ],
                right_kp=[
                    1, 2, 3, 4, 16, 17, 18, 19, 20, 21, 22, 23, 24, 25, 26, 27,
                    28, 29, 30, 31, 32, 33, 34, 35, 36, 37, 38, 39, 40, 41, 42,
                    43
                ]),
            dict(type='FormatShape', input_format='NCTHW'),
            dict(type='Collect', keys=['imgs', 'label'], meta_keys=[]),
            dict(type='ToTensor', keys=['imgs'])
        ]))
optimizer = dict(type='SGD', lr=0.1, momentum=0.9, weight_decay=0.0003)
optimizer_config = dict(grad_clip=dict(max_norm=40, norm_type=2))
lr_config = dict(policy='CosineAnnealing', by_epoch=False, min_lr=0)
total_epochs = 24
checkpoint_config = dict(interval=1)
workflow = [('train', 1)]
evaluation = dict(
    interval=1, metrics=['top_k_accuracy', 'mean_class_accuracy'], topk=(1, 5))
log_config = dict(interval=40, hooks=[dict(type='TextLoggerHook')])
output_config = dict(
    out='./model_pth/NSNR-linear5-nopre_xsub_kp_0419/test_result/results.pkl')
eval_config = dict(
    metric_out='./model_pth/NSNR-linear5-nopre_xsub_kp_0419/test_result',
    eval=[
        'top_k_accuracy', 'mean_class_accuracy', 'confusion_matrix',
        't_sne_vis'
    ])
dist_params = dict(backend='nccl')
log_level = 'INFO'
work_dir = './model_pth/NSNR-linear5-nopre_xsub_kp_0419'
load_from = None
resume_from = None
find_unused_parameters = True
gpu_ids = range(0, 4)
omnisource = False
module_hooks = []

2022-04-20 18:06:19,665 - mmaction - INFO - Set random seed to 42, deterministic: True
2022-04-20 18:06:19,772 - mmaction - INFO - 240 videos remain after valid thresholding
2022-04-20 18:06:25,197 - mmaction - INFO - 140 videos remain after valid thresholding
2022-04-20 18:06:25,198 - mmaction - INFO - Start running, host: yl@83090-jin, work_dir: /home/yl/myposec3d/model_pth/NSNR-linear5-nopre_xsub_kp_0419
2022-04-20 18:06:25,198 - mmaction - INFO - Hooks will be executed in the following order:
before_run:
(VERY_HIGH   ) CosineAnnealingLrUpdaterHook       
(NORMAL      ) CheckpointHook                     
(NORMAL      ) DistEvalHook                       
(VERY_LOW    ) TextLoggerHook                     
 -------------------- 
before_train_epoch:
(VERY_HIGH   ) CosineAnnealingLrUpdaterHook       
(NORMAL      ) DistSamplerSeedHook                
(NORMAL      ) DistEvalHook                       
(LOW         ) IterTimerHook                      
(VERY_LOW    ) TextLoggerHook                     
 -------------------- 
before_train_iter:
(VERY_HIGH   ) CosineAnnealingLrUpdaterHook       
(NORMAL      ) DistEvalHook                       
(LOW         ) IterTimerHook                      
 -------------------- 
after_train_iter:
(ABOVE_NORMAL) OptimizerHook                      
(NORMAL      ) CheckpointHook                     
(NORMAL      ) DistEvalHook                       
(LOW         ) IterTimerHook                      
(VERY_LOW    ) TextLoggerHook                     
 -------------------- 
after_train_epoch:
(NORMAL      ) CheckpointHook                     
(NORMAL      ) DistEvalHook                       
(VERY_LOW    ) TextLoggerHook                     
 -------------------- 
before_val_epoch:
(NORMAL      ) DistSamplerSeedHook                
(LOW         ) IterTimerHook                      
(VERY_LOW    ) TextLoggerHook                     
 -------------------- 
before_val_iter:
(LOW         ) IterTimerHook                      
 -------------------- 
after_val_iter:
(LOW         ) IterTimerHook                      
 -------------------- 
after_val_epoch:
(VERY_LOW    ) TextLoggerHook                     
 -------------------- 
after_run:
(VERY_LOW    ) TextLoggerHook                     
 -------------------- 
2022-04-20 18:06:25,198 - mmaction - INFO - workflow: [('train', 1)], max: 24 epochs
2022-04-20 18:06:25,198 - mmaction - INFO - Checkpoints will be saved to /home/yl/myposec3d/model_pth/NSNR-linear5-nopre_xsub_kp_0419 by HardDiskBackend.
2022-04-20 18:06:56,177 - mmaction - INFO - Epoch [1][40/113]	lr: 9.995e-02, eta: 0:34:29, time: 0.774, data_time: 0.677, memory: 665, top1_acc: 0.0859, top5_acc: 0.4813, loss_cls: 2.3099, loss: 2.3099, grad_norm: 0.1726
2022-04-20 18:07:02,495 - mmaction - INFO - Epoch [1][80/113]	lr: 9.979e-02, eta: 0:20:26, time: 0.158, data_time: 0.054, memory: 665, top1_acc: 0.1008, top5_acc: 0.4883, loss_cls: 2.3105, loss: 2.3105, grad_norm: 0.1803
2022-04-20 18:07:08,122 - mmaction - INFO - Saving checkpoint at 1 epochs
2022-04-20 18:07:34,157 - mmaction - INFO - Evaluating top_k_accuracy ...
2022-04-20 18:07:34,157 - mmaction - INFO - 
top1_acc	0.1000
top5_acc	0.5000
2022-04-20 18:07:34,157 - mmaction - INFO - Evaluating mean_class_accuracy ...
2022-04-20 18:07:34,158 - mmaction - INFO - 
mean_acc	0.1000
2022-04-20 18:07:34,182 - mmaction - INFO - Now best checkpoint is saved as best_top1_acc_epoch_1.pth.
2022-04-20 18:07:34,182 - mmaction - INFO - Best top1_acc is 0.1000 at 1 epoch.
2022-04-20 18:07:34,182 - mmaction - INFO - Epoch(val) [1][5]	top1_acc: 0.1000, top5_acc: 0.5000, mean_class_accuracy: 0.1000
2022-04-20 18:08:04,642 - mmaction - INFO - Epoch [2][40/113]	lr: 9.923e-02, eta: 0:18:53, time: 0.761, data_time: 0.665, memory: 861, top1_acc: 0.0922, top5_acc: 0.4906, loss_cls: 2.3192, loss: 2.3192, grad_norm: 0.1759
2022-04-20 18:08:11,008 - mmaction - INFO - Epoch [2][80/113]	lr: 9.877e-02, eta: 0:16:07, time: 0.159, data_time: 0.062, memory: 861, top1_acc: 0.1000, top5_acc: 0.4891, loss_cls: 2.3083, loss: 2.3083, grad_norm: 0.1676
2022-04-20 18:08:16,764 - mmaction - INFO - Saving checkpoint at 2 epochs
2022-04-20 18:08:42,865 - mmaction - INFO - Evaluating top_k_accuracy ...
2022-04-20 18:08:42,865 - mmaction - INFO - 
top1_acc	0.1000
top5_acc	0.5000
2022-04-20 18:08:42,865 - mmaction - INFO - Evaluating mean_class_accuracy ...
2022-04-20 18:08:42,866 - mmaction - INFO - 
mean_acc	0.1000
2022-04-20 18:08:42,866 - mmaction - INFO - Epoch(val) [2][5]	top1_acc: 0.1000, top5_acc: 0.5000, mean_class_accuracy: 0.1000
2022-04-20 18:09:13,495 - mmaction - INFO - Epoch [3][40/113]	lr: 9.766e-02, eta: 0:16:03, time: 0.766, data_time: 0.606, memory: 861, top1_acc: 0.0961, top5_acc: 0.4961, loss_cls: 2.3097, loss: 2.3097, grad_norm: 0.1597
2022-04-20 18:09:19,866 - mmaction - INFO - Epoch [3][80/113]	lr: 9.691e-02, eta: 0:14:33, time: 0.159, data_time: 0.000, memory: 861, top1_acc: 0.0969, top5_acc: 0.4672, loss_cls: 2.3139, loss: 2.3139, grad_norm: 0.1634
2022-04-20 18:09:25,623 - mmaction - INFO - Saving checkpoint at 3 epochs
2022-04-20 18:09:51,704 - mmaction - INFO - Evaluating top_k_accuracy ...
2022-04-20 18:09:51,704 - mmaction - INFO - 
top1_acc	0.1000
top5_acc	0.5000
2022-04-20 18:09:51,704 - mmaction - INFO - Evaluating mean_class_accuracy ...
2022-04-20 18:09:51,705 - mmaction - INFO - 
mean_acc	0.1000
2022-04-20 18:09:51,705 - mmaction - INFO - Epoch(val) [3][5]	top1_acc: 0.1000, top5_acc: 0.5000, mean_class_accuracy: 0.1000
2022-04-20 18:10:22,135 - mmaction - INFO - Epoch [4][40/113]	lr: 9.528e-02, eta: 0:14:31, time: 0.761, data_time: 0.679, memory: 861, top1_acc: 0.0922, top5_acc: 0.4891, loss_cls: 2.3087, loss: 2.3087, grad_norm: 0.1641
2022-04-20 18:10:28,564 - mmaction - INFO - Epoch [4][80/113]	lr: 9.425e-02, eta: 0:13:29, time: 0.161, data_time: 0.058, memory: 861, top1_acc: 0.0914, top5_acc: 0.4977, loss_cls: 2.3092, loss: 2.3092, grad_norm: 0.1673
2022-04-20 18:10:34,334 - mmaction - INFO - Saving checkpoint at 4 epochs
2022-04-20 18:11:00,721 - mmaction - INFO - Evaluating top_k_accuracy ...
2022-04-20 18:11:00,722 - mmaction - INFO - 
top1_acc	0.1000
top5_acc	0.5000
2022-04-20 18:11:00,722 - mmaction - INFO - Evaluating mean_class_accuracy ...
2022-04-20 18:11:00,722 - mmaction - INFO - 
mean_acc	0.1000
2022-04-20 18:11:00,722 - mmaction - INFO - Epoch(val) [4][5]	top1_acc: 0.1000, top5_acc: 0.5000, mean_class_accuracy: 0.1000
2022-04-20 18:11:31,383 - mmaction - INFO - Epoch [5][40/113]	lr: 9.213e-02, eta: 0:13:25, time: 0.766, data_time: 0.602, memory: 861, top1_acc: 0.0969, top5_acc: 0.4781, loss_cls: 2.3112, loss: 2.3112, grad_norm: 0.1751
2022-04-20 18:11:37,816 - mmaction - INFO - Epoch [5][80/113]	lr: 9.084e-02, eta: 0:12:38, time: 0.161, data_time: 0.000, memory: 861, top1_acc: 0.0922, top5_acc: 0.4906, loss_cls: 2.3104, loss: 2.3104, grad_norm: 0.1734
2022-04-20 18:11:43,371 - mmaction - INFO - Saving checkpoint at 5 epochs
2022-04-20 18:12:09,502 - mmaction - INFO - Evaluating top_k_accuracy ...
2022-04-20 18:12:09,502 - mmaction - INFO - 
top1_acc	0.1000
top5_acc	0.5000
2022-04-20 18:12:09,502 - mmaction - INFO - Evaluating mean_class_accuracy ...
2022-04-20 18:12:09,503 - mmaction - INFO - 
mean_acc	0.1000
2022-04-20 18:12:09,503 - mmaction - INFO - Epoch(val) [5][5]	top1_acc: 0.1000, top5_acc: 0.5000, mean_class_accuracy: 0.1000
2022-04-20 18:12:40,164 - mmaction - INFO - Epoch [6][40/113]	lr: 8.825e-02, eta: 0:12:31, time: 0.766, data_time: 0.601, memory: 861, top1_acc: 0.0945, top5_acc: 0.4750, loss_cls: 2.3144, loss: 2.3144, grad_norm: 0.1683
2022-04-20 18:12:46,455 - mmaction - INFO - Epoch [6][80/113]	lr: 8.672e-02, eta: 0:11:51, time: 0.157, data_time: 0.000, memory: 861, top1_acc: 0.1000, top5_acc: 0.4664, loss_cls: 2.3112, loss: 2.3112, grad_norm: 0.1761
2022-04-20 18:12:51,984 - mmaction - INFO - Saving checkpoint at 6 epochs
2022-04-20 18:13:18,130 - mmaction - INFO - Evaluating top_k_accuracy ...
2022-04-20 18:13:18,131 - mmaction - INFO - 
top1_acc	0.1000
top5_acc	0.5000
2022-04-20 18:13:18,131 - mmaction - INFO - Evaluating mean_class_accuracy ...
2022-04-20 18:13:18,131 - mmaction - INFO - 
mean_acc	0.1000
2022-04-20 18:13:18,131 - mmaction - INFO - Epoch(val) [6][5]	top1_acc: 0.1000, top5_acc: 0.5000, mean_class_accuracy: 0.1000
2022-04-20 18:13:48,643 - mmaction - INFO - Epoch [7][40/113]	lr: 8.372e-02, eta: 0:11:41, time: 0.763, data_time: 0.657, memory: 861, top1_acc: 0.0859, top5_acc: 0.4969, loss_cls: 2.3108, loss: 2.3108, grad_norm: 0.1704
2022-04-20 18:13:54,954 - mmaction - INFO - Epoch [7][80/113]	lr: 8.198e-02, eta: 0:11:07, time: 0.158, data_time: 0.056, memory: 861, top1_acc: 0.1062, top5_acc: 0.4797, loss_cls: 2.3107, loss: 2.3107, grad_norm: 0.1784
2022-04-20 18:14:00,638 - mmaction - INFO - Saving checkpoint at 7 epochs
2022-04-20 18:14:26,691 - mmaction - INFO - Evaluating top_k_accuracy ...
2022-04-20 18:14:26,691 - mmaction - INFO - 
top1_acc	0.1000
top5_acc	0.5143
2022-04-20 18:14:26,691 - mmaction - INFO - Evaluating mean_class_accuracy ...
2022-04-20 18:14:26,692 - mmaction - INFO - 
mean_acc	0.1000
2022-04-20 18:14:26,692 - mmaction - INFO - Epoch(val) [7][5]	top1_acc: 0.1000, top5_acc: 0.5143, mean_class_accuracy: 0.1000
2022-04-20 18:14:57,452 - mmaction - INFO - Epoch [8][40/113]	lr: 7.862e-02, eta: 0:10:55, time: 0.769, data_time: 0.601, memory: 861, top1_acc: 0.1000, top5_acc: 0.4922, loss_cls: 2.3074, loss: 2.3074, grad_norm: 0.1682
2022-04-20 18:15:03,807 - mmaction - INFO - Epoch [8][80/113]	lr: 7.669e-02, eta: 0:10:25, time: 0.159, data_time: 0.000, memory: 861, top1_acc: 0.0922, top5_acc: 0.4938, loss_cls: 2.3088, loss: 2.3088, grad_norm: 0.1656
2022-04-20 18:15:09,303 - mmaction - INFO - Saving checkpoint at 8 epochs
2022-04-20 18:15:35,266 - mmaction - INFO - Evaluating top_k_accuracy ...
2022-04-20 18:15:35,267 - mmaction - INFO - 
top1_acc	0.1000
top5_acc	0.5000
2022-04-20 18:15:35,267 - mmaction - INFO - Evaluating mean_class_accuracy ...
2022-04-20 18:15:35,267 - mmaction - INFO - 
mean_acc	0.1000
2022-04-20 18:15:35,267 - mmaction - INFO - Epoch(val) [8][5]	top1_acc: 0.1000, top5_acc: 0.5000, mean_class_accuracy: 0.1000
2022-04-20 18:16:06,168 - mmaction - INFO - Epoch [9][40/113]	lr: 7.302e-02, eta: 0:10:12, time: 0.772, data_time: 0.607, memory: 861, top1_acc: 0.1094, top5_acc: 0.5047, loss_cls: 2.3058, loss: 2.3058, grad_norm: 0.1530
2022-04-20 18:16:12,590 - mmaction - INFO - Epoch [9][80/113]	lr: 7.094e-02, eta: 0:09:45, time: 0.161, data_time: 0.000, memory: 861, top1_acc: 0.0945, top5_acc: 0.4898, loss_cls: 2.3096, loss: 2.3096, grad_norm: 0.1657
2022-04-20 18:16:18,279 - mmaction - INFO - Saving checkpoint at 9 epochs
2022-04-20 18:16:44,377 - mmaction - INFO - Evaluating top_k_accuracy ...
2022-04-20 18:16:44,377 - mmaction - INFO - 
top1_acc	0.1000
top5_acc	0.5000
2022-04-20 18:16:44,377 - mmaction - INFO - Evaluating mean_class_accuracy ...
2022-04-20 18:16:44,378 - mmaction - INFO - 
mean_acc	0.1000
2022-04-20 18:16:44,378 - mmaction - INFO - Epoch(val) [9][5]	top1_acc: 0.1000, top5_acc: 0.5000, mean_class_accuracy: 0.1000
2022-04-20 18:17:15,060 - mmaction - INFO - Epoch [10][40/113]	lr: 6.703e-02, eta: 0:09:29, time: 0.767, data_time: 0.603, memory: 861, top1_acc: 0.0984, top5_acc: 0.5023, loss_cls: 2.3065, loss: 2.3065, grad_norm: 0.1655
2022-04-20 18:17:21,439 - mmaction - INFO - Epoch [10][80/113]	lr: 6.483e-02, eta: 0:09:05, time: 0.159, data_time: 0.000, memory: 861, top1_acc: 0.0930, top5_acc: 0.4750, loss_cls: 2.3105, loss: 2.3105, grad_norm: 0.1720
2022-04-20 18:17:26,884 - mmaction - INFO - Saving checkpoint at 10 epochs
2022-04-20 18:17:53,042 - mmaction - INFO - Evaluating top_k_accuracy ...
2022-04-20 18:17:53,043 - mmaction - INFO - 
top1_acc	0.1000
top5_acc	0.5000
2022-04-20 18:17:53,043 - mmaction - INFO - Evaluating mean_class_accuracy ...
2022-04-20 18:17:53,043 - mmaction - INFO - 
mean_acc	0.1000
2022-04-20 18:17:53,043 - mmaction - INFO - Epoch(val) [10][5]	top1_acc: 0.1000, top5_acc: 0.5000, mean_class_accuracy: 0.1000
2022-04-20 18:18:23,795 - mmaction - INFO - Epoch [11][40/113]	lr: 6.075e-02, eta: 0:08:48, time: 0.769, data_time: 0.602, memory: 861, top1_acc: 0.1086, top5_acc: 0.5094, loss_cls: 2.3053, loss: 2.3053, grad_norm: 0.1598
2022-04-20 18:18:30,183 - mmaction - INFO - Epoch [11][80/113]	lr: 5.847e-02, eta: 0:08:25, time: 0.160, data_time: 0.000, memory: 861, top1_acc: 0.1031, top5_acc: 0.4758, loss_cls: 2.3079, loss: 2.3079, grad_norm: 0.1763
2022-04-20 18:18:35,748 - mmaction - INFO - Saving checkpoint at 11 epochs
2022-04-20 18:19:01,955 - mmaction - INFO - Evaluating top_k_accuracy ...
2022-04-20 18:19:01,956 - mmaction - INFO - 
top1_acc	0.1000
top5_acc	0.5000
2022-04-20 18:19:01,956 - mmaction - INFO - Evaluating mean_class_accuracy ...
2022-04-20 18:19:01,956 - mmaction - INFO - 
mean_acc	0.1000
2022-04-20 18:19:01,956 - mmaction - INFO - Epoch(val) [11][5]	top1_acc: 0.1000, top5_acc: 0.5000, mean_class_accuracy: 0.1000
2022-04-20 18:19:32,759 - mmaction - INFO - Epoch [12][40/113]	lr: 5.428e-02, eta: 0:08:08, time: 0.770, data_time: 0.610, memory: 861, top1_acc: 0.0961, top5_acc: 0.5062, loss_cls: 2.3057, loss: 2.3057, grad_norm: 0.1743
2022-04-20 18:19:39,145 - mmaction - INFO - Epoch [12][80/113]	lr: 5.197e-02, eta: 0:07:46, time: 0.160, data_time: 0.000, memory: 861, top1_acc: 0.1008, top5_acc: 0.4875, loss_cls: 2.3101, loss: 2.3101, grad_norm: 0.1610
2022-04-20 18:19:44,778 - mmaction - INFO - Saving checkpoint at 12 epochs
2022-04-20 18:20:10,730 - mmaction - INFO - Evaluating top_k_accuracy ...
2022-04-20 18:20:10,730 - mmaction - INFO - 
top1_acc	0.1000
top5_acc	0.5000
2022-04-20 18:20:10,730 - mmaction - INFO - Evaluating mean_class_accuracy ...
2022-04-20 18:20:10,731 - mmaction - INFO - 
mean_acc	0.1000
2022-04-20 18:20:10,731 - mmaction - INFO - Epoch(val) [12][5]	top1_acc: 0.1000, top5_acc: 0.5000, mean_class_accuracy: 0.1000
2022-04-20 18:20:41,498 - mmaction - INFO - Epoch [13][40/113]	lr: 4.774e-02, eta: 0:07:28, time: 0.769, data_time: 0.607, memory: 861, top1_acc: 0.1008, top5_acc: 0.5180, loss_cls: 2.3038, loss: 2.3038, grad_norm: 0.1660
2022-04-20 18:20:47,869 - mmaction - INFO - Epoch [13][80/113]	lr: 4.543e-02, eta: 0:07:08, time: 0.159, data_time: 0.000, memory: 861, top1_acc: 0.1070, top5_acc: 0.4930, loss_cls: 2.3074, loss: 2.3074, grad_norm: 0.1643
2022-04-20 18:20:53,491 - mmaction - INFO - Saving checkpoint at 13 epochs
2022-04-20 18:21:19,412 - mmaction - INFO - Evaluating top_k_accuracy ...
2022-04-20 18:21:19,412 - mmaction - INFO - 
top1_acc	0.1000
top5_acc	0.5000
2022-04-20 18:21:19,412 - mmaction - INFO - Evaluating mean_class_accuracy ...
2022-04-20 18:21:19,413 - mmaction - INFO - 
mean_acc	0.1000
2022-04-20 18:21:19,413 - mmaction - INFO - Epoch(val) [13][5]	top1_acc: 0.1000, top5_acc: 0.5000, mean_class_accuracy: 0.1000
2022-04-20 18:21:50,007 - mmaction - INFO - Epoch [14][40/113]	lr: 4.124e-02, eta: 0:06:48, time: 0.765, data_time: 0.628, memory: 861, top1_acc: 0.0969, top5_acc: 0.4625, loss_cls: 2.3065, loss: 2.3065, grad_norm: 0.1680
2022-04-20 18:21:56,295 - mmaction - INFO - Epoch [14][80/113]	lr: 3.897e-02, eta: 0:06:29, time: 0.157, data_time: 0.012, memory: 861, top1_acc: 0.1008, top5_acc: 0.4969, loss_cls: 2.3044, loss: 2.3044, grad_norm: 0.1608
2022-04-20 18:22:02,006 - mmaction - INFO - Saving checkpoint at 14 epochs
2022-04-20 18:22:27,904 - mmaction - INFO - Evaluating top_k_accuracy ...
2022-04-20 18:22:27,904 - mmaction - INFO - 
top1_acc	0.1000
top5_acc	0.5000
2022-04-20 18:22:27,904 - mmaction - INFO - Evaluating mean_class_accuracy ...
2022-04-20 18:22:27,905 - mmaction - INFO - 
mean_acc	0.1000
2022-04-20 18:22:27,905 - mmaction - INFO - Epoch(val) [14][5]	top1_acc: 0.1000, top5_acc: 0.5000, mean_class_accuracy: 0.1000
2022-04-20 18:22:58,661 - mmaction - INFO - Epoch [15][40/113]	lr: 3.489e-02, eta: 0:06:09, time: 0.769, data_time: 0.605, memory: 861, top1_acc: 0.0922, top5_acc: 0.4891, loss_cls: 2.3046, loss: 2.3046, grad_norm: 0.1604
2022-04-20 18:23:05,003 - mmaction - INFO - Epoch [15][80/113]	lr: 3.270e-02, eta: 0:05:51, time: 0.159, data_time: 0.000, memory: 861, top1_acc: 0.0836, top5_acc: 0.4773, loss_cls: 2.3058, loss: 2.3058, grad_norm: 0.1640
2022-04-20 18:23:10,472 - mmaction - INFO - Saving checkpoint at 15 epochs
2022-04-20 18:23:36,707 - mmaction - INFO - Evaluating top_k_accuracy ...
2022-04-20 18:23:36,707 - mmaction - INFO - 
top1_acc	0.1000
top5_acc	0.5000
2022-04-20 18:23:36,707 - mmaction - INFO - Evaluating mean_class_accuracy ...
2022-04-20 18:23:36,708 - mmaction - INFO - 
mean_acc	0.1000
2022-04-20 18:23:36,708 - mmaction - INFO - Epoch(val) [15][5]	top1_acc: 0.1000, top5_acc: 0.5000, mean_class_accuracy: 0.1000
2022-04-20 18:24:07,464 - mmaction - INFO - Epoch [16][40/113]	lr: 2.880e-02, eta: 0:05:30, time: 0.769, data_time: 0.595, memory: 861, top1_acc: 0.0953, top5_acc: 0.5023, loss_cls: 2.3046, loss: 2.3046, grad_norm: 0.1646
2022-04-20 18:24:13,785 - mmaction - INFO - Epoch [16][80/113]	lr: 2.672e-02, eta: 0:05:12, time: 0.158, data_time: 0.000, memory: 861, top1_acc: 0.0977, top5_acc: 0.4789, loss_cls: 2.3059, loss: 2.3059, grad_norm: 0.1706
2022-04-20 18:24:19,492 - mmaction - INFO - Saving checkpoint at 16 epochs
2022-04-20 18:24:45,673 - mmaction - INFO - Evaluating top_k_accuracy ...
2022-04-20 18:24:45,674 - mmaction - INFO - 
top1_acc	0.1000
top5_acc	0.5000
2022-04-20 18:24:45,674 - mmaction - INFO - Evaluating mean_class_accuracy ...
2022-04-20 18:24:45,674 - mmaction - INFO - 
mean_acc	0.1000
2022-04-20 18:24:45,674 - mmaction - INFO - Epoch(val) [16][5]	top1_acc: 0.1000, top5_acc: 0.5000, mean_class_accuracy: 0.1000
2022-04-20 18:25:16,244 - mmaction - INFO - Epoch [17][40/113]	lr: 2.307e-02, eta: 0:04:51, time: 0.764, data_time: 0.603, memory: 861, top1_acc: 0.1062, top5_acc: 0.5031, loss_cls: 2.3042, loss: 2.3042, grad_norm: 0.1578
2022-04-20 18:25:22,622 - mmaction - INFO - Epoch [17][80/113]	lr: 2.115e-02, eta: 0:04:34, time: 0.159, data_time: 0.000, memory: 861, top1_acc: 0.0992, top5_acc: 0.5000, loss_cls: 2.3043, loss: 2.3043, grad_norm: 0.1663
2022-04-20 18:25:28,154 - mmaction - INFO - Saving checkpoint at 17 epochs
2022-04-20 18:25:54,229 - mmaction - INFO - Evaluating top_k_accuracy ...
2022-04-20 18:25:54,229 - mmaction - INFO - 
top1_acc	0.1000
top5_acc	0.5000
2022-04-20 18:25:54,229 - mmaction - INFO - Evaluating mean_class_accuracy ...
2022-04-20 18:25:54,229 - mmaction - INFO - 
mean_acc	0.1000
2022-04-20 18:25:54,230 - mmaction - INFO - Epoch(val) [17][5]	top1_acc: 0.1000, top5_acc: 0.5000, mean_class_accuracy: 0.1000
2022-04-20 18:26:24,941 - mmaction - INFO - Epoch [18][40/113]	lr: 1.780e-02, eta: 0:04:12, time: 0.768, data_time: 0.603, memory: 861, top1_acc: 0.1109, top5_acc: 0.4922, loss_cls: 2.3036, loss: 2.3036, grad_norm: 0.1685
2022-04-20 18:26:31,229 - mmaction - INFO - Epoch [18][80/113]	lr: 1.606e-02, eta: 0:03:56, time: 0.157, data_time: 0.000, memory: 861, top1_acc: 0.0836, top5_acc: 0.4891, loss_cls: 2.3050, loss: 2.3050, grad_norm: 0.1614
2022-04-20 18:26:36,830 - mmaction - INFO - Saving checkpoint at 18 epochs
2022-04-20 18:27:03,120 - mmaction - INFO - Evaluating top_k_accuracy ...
2022-04-20 18:27:03,121 - mmaction - INFO - 
top1_acc	0.1000
top5_acc	0.4857
2022-04-20 18:27:03,121 - mmaction - INFO - Evaluating mean_class_accuracy ...
2022-04-20 18:27:03,121 - mmaction - INFO - 
mean_acc	0.1000
2022-04-20 18:27:03,121 - mmaction - INFO - Epoch(val) [18][5]	top1_acc: 0.1000, top5_acc: 0.4857, mean_class_accuracy: 0.1000
2022-04-20 18:27:34,203 - mmaction - INFO - Epoch [19][40/113]	lr: 1.308e-02, eta: 0:03:34, time: 0.777, data_time: 0.611, memory: 861, top1_acc: 0.0891, top5_acc: 0.4875, loss_cls: 2.3031, loss: 2.3031, grad_norm: 0.1620
2022-04-20 18:27:40,786 - mmaction - INFO - Epoch [19][80/113]	lr: 1.156e-02, eta: 0:03:19, time: 0.165, data_time: 0.000, memory: 861, top1_acc: 0.0961, top5_acc: 0.5031, loss_cls: 2.3029, loss: 2.3029, grad_norm: 0.1648
2022-04-20 18:27:46,559 - mmaction - INFO - Saving checkpoint at 19 epochs
2022-04-20 18:28:12,824 - mmaction - INFO - Evaluating top_k_accuracy ...
2022-04-20 18:28:12,825 - mmaction - INFO - 
top1_acc	0.1000
top5_acc	0.5000
2022-04-20 18:28:12,825 - mmaction - INFO - Evaluating mean_class_accuracy ...
2022-04-20 18:28:12,825 - mmaction - INFO - 
mean_acc	0.1000
2022-04-20 18:28:12,825 - mmaction - INFO - Epoch(val) [19][5]	top1_acc: 0.1000, top5_acc: 0.5000, mean_class_accuracy: 0.1000
2022-04-20 18:28:43,474 - mmaction - INFO - Epoch [20][40/113]	lr: 8.998e-03, eta: 0:02:56, time: 0.766, data_time: 0.605, memory: 861, top1_acc: 0.1031, top5_acc: 0.4977, loss_cls: 2.3030, loss: 2.3030, grad_norm: 0.1643
2022-04-20 18:28:49,773 - mmaction - INFO - Epoch [20][80/113]	lr: 7.717e-03, eta: 0:02:41, time: 0.157, data_time: 0.000, memory: 861, top1_acc: 0.0969, top5_acc: 0.4906, loss_cls: 2.3031, loss: 2.3031, grad_norm: 0.1719
2022-04-20 18:28:55,442 - mmaction - INFO - Saving checkpoint at 20 epochs
2022-04-20 18:29:21,579 - mmaction - INFO - Evaluating top_k_accuracy ...
2022-04-20 18:29:21,579 - mmaction - INFO - 
top1_acc	0.1000
top5_acc	0.5214
2022-04-20 18:29:21,579 - mmaction - INFO - Evaluating mean_class_accuracy ...
2022-04-20 18:29:21,579 - mmaction - INFO - 
mean_acc	0.1000
2022-04-20 18:29:21,580 - mmaction - INFO - Epoch(val) [20][5]	top1_acc: 0.1000, top5_acc: 0.5214, mean_class_accuracy: 0.1000
2022-04-20 18:29:52,088 - mmaction - INFO - Epoch [21][40/113]	lr: 5.614e-03, eta: 0:02:18, time: 0.763, data_time: 0.604, memory: 861, top1_acc: 0.1070, top5_acc: 0.5062, loss_cls: 2.3023, loss: 2.3023, grad_norm: 0.1562
2022-04-20 18:29:58,425 - mmaction - INFO - Epoch [21][80/113]	lr: 4.595e-03, eta: 0:02:03, time: 0.158, data_time: 0.000, memory: 861, top1_acc: 0.0945, top5_acc: 0.4930, loss_cls: 2.3033, loss: 2.3033, grad_norm: 0.1637
2022-04-20 18:30:03,894 - mmaction - INFO - Saving checkpoint at 21 epochs
2022-04-20 18:30:29,955 - mmaction - INFO - Evaluating top_k_accuracy ...
2022-04-20 18:30:29,955 - mmaction - INFO - 
top1_acc	0.1000
top5_acc	0.5071
2022-04-20 18:30:29,955 - mmaction - INFO - Evaluating mean_class_accuracy ...
2022-04-20 18:30:29,956 - mmaction - INFO - 
mean_acc	0.1000
2022-04-20 18:30:29,956 - mmaction - INFO - Epoch(val) [21][5]	top1_acc: 0.1000, top5_acc: 0.5071, mean_class_accuracy: 0.1000
2022-04-20 18:31:00,847 - mmaction - INFO - Epoch [22][40/113]	lr: 2.989e-03, eta: 0:01:40, time: 0.772, data_time: 0.601, memory: 861, top1_acc: 0.1008, top5_acc: 0.5148, loss_cls: 2.3025, loss: 2.3025, grad_norm: 0.1641
2022-04-20 18:31:07,308 - mmaction - INFO - Epoch [22][80/113]	lr: 2.251e-03, eta: 0:01:26, time: 0.162, data_time: 0.000, memory: 861, top1_acc: 0.0969, top5_acc: 0.4844, loss_cls: 2.3031, loss: 2.3031, grad_norm: 0.1730
2022-04-20 18:31:12,972 - mmaction - INFO - Saving checkpoint at 22 epochs
2022-04-20 18:31:39,156 - mmaction - INFO - Evaluating top_k_accuracy ...
2022-04-20 18:31:39,156 - mmaction - INFO - 
top1_acc	0.1000
top5_acc	0.5000
2022-04-20 18:31:39,156 - mmaction - INFO - Evaluating mean_class_accuracy ...
2022-04-20 18:31:39,157 - mmaction - INFO - 
mean_acc	0.1000
2022-04-20 18:31:39,157 - mmaction - INFO - Epoch(val) [22][5]	top1_acc: 0.1000, top5_acc: 0.5000, mean_class_accuracy: 0.1000
2022-04-20 18:32:09,961 - mmaction - INFO - Epoch [23][40/113]	lr: 1.169e-03, eta: 0:01:02, time: 0.770, data_time: 0.606, memory: 861, top1_acc: 0.0977, top5_acc: 0.4984, loss_cls: 2.3026, loss: 2.3026, grad_norm: 0.1646
2022-04-20 18:32:16,242 - mmaction - INFO - Epoch [23][80/113]	lr: 7.232e-04, eta: 0:00:48, time: 0.157, data_time: 0.000, memory: 861, top1_acc: 0.1148, top5_acc: 0.5094, loss_cls: 2.3023, loss: 2.3023, grad_norm: 0.1558
2022-04-20 18:32:21,902 - mmaction - INFO - Saving checkpoint at 23 epochs
2022-04-20 18:32:48,292 - mmaction - INFO - Evaluating top_k_accuracy ...
2022-04-20 18:32:48,292 - mmaction - INFO - 
top1_acc	0.1000
top5_acc	0.5000
2022-04-20 18:32:48,292 - mmaction - INFO - Evaluating mean_class_accuracy ...
2022-04-20 18:32:48,293 - mmaction - INFO - 
mean_acc	0.1000
2022-04-20 18:32:48,293 - mmaction - INFO - Epoch(val) [23][5]	top1_acc: 0.1000, top5_acc: 0.5000, mean_class_accuracy: 0.1000
2022-04-20 18:33:19,038 - mmaction - INFO - Epoch [24][40/113]	lr: 1.836e-04, eta: 0:00:24, time: 0.769, data_time: 0.595, memory: 861, top1_acc: 0.1039, top5_acc: 0.5055, loss_cls: 2.3023, loss: 2.3023, grad_norm: 0.1673
2022-04-20 18:33:25,444 - mmaction - INFO - Epoch [24][80/113]	lr: 3.878e-05, eta: 0:00:10, time: 0.160, data_time: 0.000, memory: 861, top1_acc: 0.1133, top5_acc: 0.5258, loss_cls: 2.3022, loss: 2.3022, grad_norm: 0.1685
2022-04-20 18:33:31,131 - mmaction - INFO - Saving checkpoint at 24 epochs
2022-04-20 18:33:57,075 - mmaction - INFO - Evaluating top_k_accuracy ...
2022-04-20 18:33:57,076 - mmaction - INFO - 
top1_acc	0.1000
top5_acc	0.5000
2022-04-20 18:33:57,076 - mmaction - INFO - Evaluating mean_class_accuracy ...
2022-04-20 18:33:57,076 - mmaction - INFO - 
mean_acc	0.1000
2022-04-20 18:33:57,076 - mmaction - INFO - Epoch(val) [24][5]	top1_acc: 0.1000, top5_acc: 0.5000, mean_class_accuracy: 0.1000
