2022-04-28 04:05:26,577 - mmaction - INFO - Environment info:
------------------------------------------------------------
sys.platform: linux
Python: 3.8.12 | packaged by conda-forge | (default, Oct 12 2021, 21:57:06) [GCC 9.4.0]
CUDA available: True
GPU 0,1,2,3: NVIDIA GeForce RTX 3090
CUDA_HOME: /usr/local/cuda
NVCC: Build cuda_11.1.TC455_06.29190527_0
GCC: gcc (Ubuntu 9.4.0-1ubuntu1~20.04.1) 9.4.0
PyTorch: 1.9.1+cu111
PyTorch compiling details: PyTorch built with:
  - GCC 7.3
  - C++ Version: 201402
  - Intel(R) Math Kernel Library Version 2020.0.0 Product Build 20191122 for Intel(R) 64 architecture applications
  - Intel(R) MKL-DNN v2.1.2 (Git Hash 98be7e8afa711dc9b66c8ff3504129cb82013cdb)
  - OpenMP 201511 (a.k.a. OpenMP 4.5)
  - NNPACK is enabled
  - CPU capability usage: AVX2
  - CUDA Runtime 11.1
  - NVCC architecture flags: -gencode;arch=compute_37,code=sm_37;-gencode;arch=compute_50,code=sm_50;-gencode;arch=compute_60,code=sm_60;-gencode;arch=compute_70,code=sm_70;-gencode;arch=compute_75,code=sm_75;-gencode;arch=compute_80,code=sm_80;-gencode;arch=compute_86,code=sm_86
  - CuDNN 8.0.5
  - Magma 2.5.2
  - Build settings: BLAS_INFO=mkl, BUILD_TYPE=Release, CUDA_VERSION=11.1, CUDNN_VERSION=8.0.5, CXX_COMPILER=/opt/rh/devtoolset-7/root/usr/bin/c++, CXX_FLAGS= -Wno-deprecated -fvisibility-inlines-hidden -DUSE_PTHREADPOOL -fopenmp -DNDEBUG -DUSE_KINETO -DUSE_FBGEMM -DUSE_QNNPACK -DUSE_PYTORCH_QNNPACK -DUSE_XNNPACK -DSYMBOLICATE_MOBILE_DEBUG_HANDLE -O2 -fPIC -Wno-narrowing -Wall -Wextra -Werror=return-type -Wno-missing-field-initializers -Wno-type-limits -Wno-array-bounds -Wno-unknown-pragmas -Wno-sign-compare -Wno-unused-parameter -Wno-unused-variable -Wno-unused-function -Wno-unused-result -Wno-unused-local-typedefs -Wno-strict-overflow -Wno-strict-aliasing -Wno-error=deprecated-declarations -Wno-stringop-overflow -Wno-psabi -Wno-error=pedantic -Wno-error=redundant-decls -Wno-error=old-style-cast -fdiagnostics-color=always -faligned-new -Wno-unused-but-set-variable -Wno-maybe-uninitialized -fno-math-errno -fno-trapping-math -Werror=format -Wno-stringop-overflow, LAPACK_INFO=mkl, PERF_WITH_AVX=1, PERF_WITH_AVX2=1, PERF_WITH_AVX512=1, TORCH_VERSION=1.9.1, USE_CUDA=ON, USE_CUDNN=ON, USE_EXCEPTION_PTR=1, USE_GFLAGS=OFF, USE_GLOG=OFF, USE_MKL=ON, USE_MKLDNN=ON, USE_MPI=OFF, USE_NCCL=ON, USE_NNPACK=ON, USE_OPENMP=ON, 

TorchVision: 0.10.1+cu111
OpenCV: 4.5.5
MMCV: 1.4.2
MMCV Compiler: GCC 7.3
MMCV CUDA Compiler: 11.1
MMAction2: 0.20.0+1c4333f
------------------------------------------------------------

2022-04-28 04:05:26,577 - mmaction - INFO - Distributed training: True
2022-04-28 04:05:27,636 - mmaction - INFO - Config: model = dict(
    type='Recognizer3D',
    backbone=dict(
        type='ResNet3dSlowOnly',
        depth=50,
        pretrained=None,
        in_channels=5,
        base_channels=32,
        num_stages=3,
        out_indices=(2, ),
        stage_blocks=(4, 6, 3),
        conv1_stride_s=1,
        pool1_stride_s=1,
        inflate=(0, 1, 1),
        spatial_strides=(2, 2, 2),
        temporal_strides=(1, 1, 2),
        dilations=(1, 1, 1)),
    cls_head=dict(
        type='I3DHead',
        in_channels=512,
        num_classes=10,
        spatial_type='avg',
        dropout_ratio=0.5),
    train_cfg=dict(),
    test_cfg=dict(average_clips='prob'))
dataset_type = 'PoseDataset'
ann_file_train = 'data/ds_taichi/TEST9AUG4/NSNR/train_data.pkl'
ann_file_val = 'data/ds_taichi/TEST9AUG4/NSNR/test_data.pkl'
left = [
    5, 6, 7, 8, 44, 45, 46, 47, 48, 49, 50, 51, 52, 53, 54, 55, 56, 57, 58, 59,
    60, 61, 62, 63, 64, 65, 66, 67, 68, 69, 70, 71
]
right = [
    1, 2, 3, 4, 16, 17, 18, 19, 20, 21, 22, 23, 24, 25, 26, 27, 28, 29, 30, 31,
    32, 33, 34, 35, 36, 37, 38, 39, 40, 41, 42, 43
]
train_pipeline = [
    dict(type='UniformSampleFrames', clip_len=48),
    dict(type='PoseDecode'),
    dict(type='PoseCompact', hw_ratio=1.0, allow_imgpad=True),
    dict(type='Resize', scale=(-1, 64)),
    dict(type='Resize', scale=(56, 56), keep_ratio=False),
    dict(
        type='GenerateTaiChiPoseTarget',
        sigma=0.6,
        use_score=True,
        with_kp=True,
        with_limb=False),
    dict(type='FormatShape', input_format='NCTHW'),
    dict(type='Collect', keys=['imgs', 'label'], meta_keys=[]),
    dict(type='ToTensor', keys=['imgs', 'label'])
]
val_pipeline = [
    dict(type='UniformSampleFrames', clip_len=48, num_clips=1, test_mode=True),
    dict(type='PoseDecode'),
    dict(type='PoseCompact', hw_ratio=1.0, allow_imgpad=True),
    dict(type='Resize', scale=(-1, 64)),
    dict(type='CenterCrop', crop_size=64),
    dict(
        type='GenerateTaiChiPoseTarget',
        sigma=0.6,
        use_score=True,
        with_kp=True,
        with_limb=False),
    dict(type='FormatShape', input_format='NCTHW'),
    dict(type='Collect', keys=['imgs', 'label'], meta_keys=[]),
    dict(type='ToTensor', keys=['imgs'])
]
test_pipeline = [
    dict(
        type='UniformSampleFrames', clip_len=48, num_clips=10, test_mode=True),
    dict(type='PoseDecode'),
    dict(type='PoseCompact', hw_ratio=1.0, allow_imgpad=True),
    dict(type='Resize', scale=(-1, 64)),
    dict(type='CenterCrop', crop_size=64),
    dict(
        type='GenerateTaiChiPoseTarget',
        sigma=0.6,
        use_score=True,
        with_kp=True,
        with_limb=False,
        double=True,
        left_kp=[
            5, 6, 7, 8, 44, 45, 46, 47, 48, 49, 50, 51, 52, 53, 54, 55, 56, 57,
            58, 59, 60, 61, 62, 63, 64, 65, 66, 67, 68, 69, 70, 71
        ],
        right_kp=[
            1, 2, 3, 4, 16, 17, 18, 19, 20, 21, 22, 23, 24, 25, 26, 27, 28, 29,
            30, 31, 32, 33, 34, 35, 36, 37, 38, 39, 40, 41, 42, 43
        ]),
    dict(type='FormatShape', input_format='NCTHW'),
    dict(type='Collect', keys=['imgs', 'label'], meta_keys=[]),
    dict(type='ToTensor', keys=['imgs'])
]
data = dict(
    videos_per_gpu=8,
    workers_per_gpu=4,
    test_dataloader=dict(videos_per_gpu=4),
    train=dict(
        type='RepeatDataset',
        times=20,
        dataset=dict(
            type='PoseDataset',
            ann_file='data/ds_taichi/TEST9AUG4/NSNR/train_data.pkl',
            data_prefix='',
            pipeline=[
                dict(type='UniformSampleFrames', clip_len=48),
                dict(type='PoseDecode'),
                dict(type='PoseCompact', hw_ratio=1.0, allow_imgpad=True),
                dict(type='Resize', scale=(-1, 64)),
                dict(type='Resize', scale=(56, 56), keep_ratio=False),
                dict(
                    type='GenerateTaiChiPoseTarget',
                    sigma=0.6,
                    use_score=True,
                    with_kp=True,
                    with_limb=False),
                dict(type='FormatShape', input_format='NCTHW'),
                dict(type='Collect', keys=['imgs', 'label'], meta_keys=[]),
                dict(type='ToTensor', keys=['imgs', 'label'])
            ])),
    val=dict(
        type='PoseDataset',
        ann_file='data/ds_taichi/TEST9AUG4/NSNR/test_data.pkl',
        data_prefix='',
        pipeline=[
            dict(
                type='UniformSampleFrames',
                clip_len=48,
                num_clips=1,
                test_mode=True),
            dict(type='PoseDecode'),
            dict(type='PoseCompact', hw_ratio=1.0, allow_imgpad=True),
            dict(type='Resize', scale=(-1, 64)),
            dict(type='CenterCrop', crop_size=64),
            dict(
                type='GenerateTaiChiPoseTarget',
                sigma=0.6,
                use_score=True,
                with_kp=True,
                with_limb=False),
            dict(type='FormatShape', input_format='NCTHW'),
            dict(type='Collect', keys=['imgs', 'label'], meta_keys=[]),
            dict(type='ToTensor', keys=['imgs'])
        ]),
    test=dict(
        type='PoseDataset',
        ann_file='data/ds_taichi/TEST9AUG4/NSNR/test_data.pkl',
        data_prefix='',
        pipeline=[
            dict(
                type='UniformSampleFrames',
                clip_len=48,
                num_clips=10,
                test_mode=True),
            dict(type='PoseDecode'),
            dict(type='PoseCompact', hw_ratio=1.0, allow_imgpad=True),
            dict(type='Resize', scale=(-1, 64)),
            dict(type='CenterCrop', crop_size=64),
            dict(
                type='GenerateTaiChiPoseTarget',
                sigma=0.6,
                use_score=True,
                with_kp=True,
                with_limb=False,
                double=True,
                left_kp=[
                    5, 6, 7, 8, 44, 45, 46, 47, 48, 49, 50, 51, 52, 53, 54, 55,
                    56, 57, 58, 59, 60, 61, 62, 63, 64, 65, 66, 67, 68, 69, 70,
                    71
                ],
                right_kp=[
                    1, 2, 3, 4, 16, 17, 18, 19, 20, 21, 22, 23, 24, 25, 26, 27,
                    28, 29, 30, 31, 32, 33, 34, 35, 36, 37, 38, 39, 40, 41, 42,
                    43
                ]),
            dict(type='FormatShape', input_format='NCTHW'),
            dict(type='Collect', keys=['imgs', 'label'], meta_keys=[]),
            dict(type='ToTensor', keys=['imgs'])
        ]))
optimizer = dict(type='SGD', lr=0.01, momentum=0.9, weight_decay=0.0003)
optimizer_config = dict(grad_clip=dict(max_norm=40, norm_type=2))
lr_config = dict(policy='CosineAnnealing', by_epoch=False, min_lr=0)
total_epochs = 48
checkpoint_config = dict()
workflow = [('train', 1)]
evaluation = dict(
    interval=1, metrics=['top_k_accuracy', 'mean_class_accuracy'], topk=(1, 5))
log_config = dict(interval=40, hooks=[dict(type='TextLoggerHook')])
output_config = dict(out='./model_pth/exp7/ft-NFNC/test_result/results.pkl')
eval_config = dict(
    metric_out='./model_pth/exp7/ft-NFNC/test_result',
    eval=[
        'top_k_accuracy', 'mean_class_accuracy', 'confusion_matrix',
        't_sne_vis'
    ])
dist_params = dict(backend='nccl')
log_level = 'INFO'
work_dir = './model_pth/exp7/ft-NFNC'
load_from = './model_pth/5part_ntu60_xsub_kp_0331/epoch_24.pth'
resume_from = None
find_unused_parameters = False
gpu_ids = range(0, 4)
omnisource = False
module_hooks = []

2022-04-28 04:05:27,636 - mmaction - INFO - Set random seed to 42, deterministic: True
2022-04-28 04:05:27,706 - mmaction - INFO - 80 videos remain after valid thresholding
2022-04-28 04:05:34,034 - mmaction - INFO - 180 videos remain after valid thresholding
2022-04-28 04:05:34,036 - mmaction - INFO - load checkpoint from local path: ./model_pth/5part_ntu60_xsub_kp_0331/epoch_24.pth
2022-04-28 04:05:34,061 - mmaction - WARNING - The model and loaded state dict do not match exactly

size mismatch for cls_head.fc_cls.weight: copying a param with shape torch.Size([60, 512]) from checkpoint, the shape in current model is torch.Size([10, 512]).
size mismatch for cls_head.fc_cls.bias: copying a param with shape torch.Size([60]) from checkpoint, the shape in current model is torch.Size([10]).
2022-04-28 04:05:34,062 - mmaction - INFO - Start running, host: yl@83090-jin, work_dir: /home/yl/myposec3d/model_pth/exp7/ft-NFNC
2022-04-28 04:05:34,062 - mmaction - INFO - Hooks will be executed in the following order:
before_run:
(VERY_HIGH   ) CosineAnnealingLrUpdaterHook       
(NORMAL      ) CheckpointHook                     
(NORMAL      ) DistEvalHook                       
(VERY_LOW    ) TextLoggerHook                     
 -------------------- 
before_train_epoch:
(VERY_HIGH   ) CosineAnnealingLrUpdaterHook       
(NORMAL      ) DistSamplerSeedHook                
(NORMAL      ) DistEvalHook                       
(LOW         ) IterTimerHook                      
(VERY_LOW    ) TextLoggerHook                     
 -------------------- 
before_train_iter:
(VERY_HIGH   ) CosineAnnealingLrUpdaterHook       
(NORMAL      ) DistEvalHook                       
(LOW         ) IterTimerHook                      
 -------------------- 
after_train_iter:
(ABOVE_NORMAL) OptimizerHook                      
(NORMAL      ) CheckpointHook                     
(NORMAL      ) DistEvalHook                       
(LOW         ) IterTimerHook                      
(VERY_LOW    ) TextLoggerHook                     
 -------------------- 
after_train_epoch:
(NORMAL      ) CheckpointHook                     
(NORMAL      ) DistEvalHook                       
(VERY_LOW    ) TextLoggerHook                     
 -------------------- 
before_val_epoch:
(NORMAL      ) DistSamplerSeedHook                
(LOW         ) IterTimerHook                      
(VERY_LOW    ) TextLoggerHook                     
 -------------------- 
before_val_iter:
(LOW         ) IterTimerHook                      
 -------------------- 
after_val_iter:
(LOW         ) IterTimerHook                      
 -------------------- 
after_val_epoch:
(VERY_LOW    ) TextLoggerHook                     
 -------------------- 
after_run:
(VERY_LOW    ) TextLoggerHook                     
 -------------------- 
2022-04-28 04:05:34,062 - mmaction - INFO - workflow: [('train', 1)], max: 48 epochs
2022-04-28 04:05:34,062 - mmaction - INFO - Checkpoints will be saved to /home/yl/myposec3d/model_pth/exp7/ft-NFNC by HardDiskBackend.
2022-04-28 04:06:13,610 - mmaction - INFO - Epoch [1][40/50]	lr: 9.993e-03, eta: 0:38:52, time: 0.989, data_time: 0.688, memory: 4754, top1_acc: 0.7133, top5_acc: 0.8852, loss_cls: 1.2781, loss: 1.2781, grad_norm: 2.0621
2022-04-28 04:06:46,839 - mmaction - INFO - Evaluating top_k_accuracy ...
2022-04-28 04:06:46,840 - mmaction - INFO - 
top1_acc	0.9111
top5_acc	1.0000
2022-04-28 04:06:46,840 - mmaction - INFO - Evaluating mean_class_accuracy ...
2022-04-28 04:06:46,841 - mmaction - INFO - 
mean_acc	0.9111
2022-04-28 04:06:46,893 - mmaction - INFO - Now best checkpoint is saved as best_top1_acc_epoch_1.pth.
2022-04-28 04:06:46,894 - mmaction - INFO - Best top1_acc is 0.9111 at 1 epoch.
2022-04-28 04:06:46,894 - mmaction - INFO - Epoch(val) [1][6]	top1_acc: 0.9111, top5_acc: 1.0000, mean_class_accuracy: 0.9111
2022-04-28 04:07:24,231 - mmaction - INFO - Epoch [2][40/50]	lr: 9.966e-03, eta: 0:32:53, time: 0.933, data_time: 0.678, memory: 4754, top1_acc: 1.0000, top5_acc: 1.0000, loss_cls: 0.0487, loss: 0.0487, grad_norm: 0.4902
2022-04-28 04:07:57,355 - mmaction - INFO - Evaluating top_k_accuracy ...
2022-04-28 04:07:57,355 - mmaction - INFO - 
top1_acc	0.9389
top5_acc	0.9944
2022-04-28 04:07:57,355 - mmaction - INFO - Evaluating mean_class_accuracy ...
2022-04-28 04:07:57,356 - mmaction - INFO - 
mean_acc	0.9389
2022-04-28 04:07:57,358 - mmaction - INFO - The previous best checkpoint /home/yl/myposec3d/model_pth/exp7/ft-NFNC/best_top1_acc_epoch_1.pth was removed
2022-04-28 04:07:57,406 - mmaction - INFO - Now best checkpoint is saved as best_top1_acc_epoch_2.pth.
2022-04-28 04:07:57,406 - mmaction - INFO - Best top1_acc is 0.9389 at 2 epoch.
2022-04-28 04:07:57,406 - mmaction - INFO - Epoch(val) [2][6]	top1_acc: 0.9389, top5_acc: 0.9944, mean_class_accuracy: 0.9389
2022-04-28 04:08:36,828 - mmaction - INFO - Epoch [3][40/50]	lr: 9.917e-03, eta: 0:31:17, time: 0.985, data_time: 0.716, memory: 4754, top1_acc: 1.0000, top5_acc: 1.0000, loss_cls: 0.0224, loss: 0.0224, grad_norm: 0.3068
2022-04-28 04:09:10,058 - mmaction - INFO - Evaluating top_k_accuracy ...
2022-04-28 04:09:10,058 - mmaction - INFO - 
top1_acc	0.9722
top5_acc	1.0000
2022-04-28 04:09:10,058 - mmaction - INFO - Evaluating mean_class_accuracy ...
2022-04-28 04:09:10,059 - mmaction - INFO - 
mean_acc	0.9722
2022-04-28 04:09:10,061 - mmaction - INFO - The previous best checkpoint /home/yl/myposec3d/model_pth/exp7/ft-NFNC/best_top1_acc_epoch_2.pth was removed
2022-04-28 04:09:10,104 - mmaction - INFO - Now best checkpoint is saved as best_top1_acc_epoch_3.pth.
2022-04-28 04:09:10,104 - mmaction - INFO - Best top1_acc is 0.9722 at 3 epoch.
2022-04-28 04:09:10,105 - mmaction - INFO - Epoch(val) [3][6]	top1_acc: 0.9722, top5_acc: 1.0000, mean_class_accuracy: 0.9722
2022-04-28 04:09:48,711 - mmaction - INFO - Epoch [4][40/50]	lr: 9.848e-03, eta: 0:30:01, time: 0.965, data_time: 0.678, memory: 4754, top1_acc: 1.0000, top5_acc: 1.0000, loss_cls: 0.0167, loss: 0.0167, grad_norm: 0.2385
2022-04-28 04:10:22,549 - mmaction - INFO - Evaluating top_k_accuracy ...
2022-04-28 04:10:22,549 - mmaction - INFO - 
top1_acc	0.9500
top5_acc	0.9944
2022-04-28 04:10:22,549 - mmaction - INFO - Evaluating mean_class_accuracy ...
2022-04-28 04:10:22,550 - mmaction - INFO - 
mean_acc	0.9500
2022-04-28 04:10:22,550 - mmaction - INFO - Epoch(val) [4][6]	top1_acc: 0.9500, top5_acc: 0.9944, mean_class_accuracy: 0.9500
2022-04-28 04:11:01,154 - mmaction - INFO - Epoch [5][40/50]	lr: 9.757e-03, eta: 0:29:01, time: 0.965, data_time: 0.725, memory: 4754, top1_acc: 1.0000, top5_acc: 1.0000, loss_cls: 0.0123, loss: 0.0123, grad_norm: 0.1852
2022-04-28 04:11:33,614 - mmaction - INFO - Evaluating top_k_accuracy ...
2022-04-28 04:11:33,614 - mmaction - INFO - 
top1_acc	0.9833
top5_acc	1.0000
2022-04-28 04:11:33,614 - mmaction - INFO - Evaluating mean_class_accuracy ...
2022-04-28 04:11:33,615 - mmaction - INFO - 
mean_acc	0.9833
2022-04-28 04:11:33,617 - mmaction - INFO - The previous best checkpoint /home/yl/myposec3d/model_pth/exp7/ft-NFNC/best_top1_acc_epoch_3.pth was removed
2022-04-28 04:11:33,665 - mmaction - INFO - Now best checkpoint is saved as best_top1_acc_epoch_5.pth.
2022-04-28 04:11:33,666 - mmaction - INFO - Best top1_acc is 0.9833 at 5 epoch.
2022-04-28 04:11:33,666 - mmaction - INFO - Epoch(val) [5][6]	top1_acc: 0.9833, top5_acc: 1.0000, mean_class_accuracy: 0.9833
2022-04-28 04:12:12,317 - mmaction - INFO - Epoch [6][40/50]	lr: 9.646e-03, eta: 0:28:08, time: 0.966, data_time: 0.748, memory: 4754, top1_acc: 1.0000, top5_acc: 1.0000, loss_cls: 0.0115, loss: 0.0115, grad_norm: 0.1768
2022-04-28 04:12:45,050 - mmaction - INFO - Evaluating top_k_accuracy ...
2022-04-28 04:12:45,050 - mmaction - INFO - 
top1_acc	0.9389
top5_acc	0.9944
2022-04-28 04:12:45,050 - mmaction - INFO - Evaluating mean_class_accuracy ...
2022-04-28 04:12:45,051 - mmaction - INFO - 
mean_acc	0.9389
2022-04-28 04:12:45,051 - mmaction - INFO - Epoch(val) [6][6]	top1_acc: 0.9389, top5_acc: 0.9944, mean_class_accuracy: 0.9389
2022-04-28 04:13:23,530 - mmaction - INFO - Epoch [7][40/50]	lr: 9.516e-03, eta: 0:27:19, time: 0.962, data_time: 0.703, memory: 4754, top1_acc: 1.0000, top5_acc: 1.0000, loss_cls: 0.0092, loss: 0.0092, grad_norm: 0.1471
2022-04-28 04:13:56,145 - mmaction - INFO - Evaluating top_k_accuracy ...
2022-04-28 04:13:56,146 - mmaction - INFO - 
top1_acc	0.9444
top5_acc	1.0000
2022-04-28 04:13:56,146 - mmaction - INFO - Evaluating mean_class_accuracy ...
2022-04-28 04:13:56,147 - mmaction - INFO - 
mean_acc	0.9444
2022-04-28 04:13:56,147 - mmaction - INFO - Epoch(val) [7][6]	top1_acc: 0.9444, top5_acc: 1.0000, mean_class_accuracy: 0.9444
2022-04-28 04:14:35,634 - mmaction - INFO - Epoch [8][40/50]	lr: 9.366e-03, eta: 0:26:38, time: 0.987, data_time: 0.676, memory: 4754, top1_acc: 1.0000, top5_acc: 1.0000, loss_cls: 0.0074, loss: 0.0074, grad_norm: 0.1255
2022-04-28 04:15:08,385 - mmaction - INFO - Evaluating top_k_accuracy ...
2022-04-28 04:15:08,386 - mmaction - INFO - 
top1_acc	0.9333
top5_acc	0.9833
2022-04-28 04:15:08,386 - mmaction - INFO - Evaluating mean_class_accuracy ...
2022-04-28 04:15:08,386 - mmaction - INFO - 
mean_acc	0.9333
2022-04-28 04:15:08,386 - mmaction - INFO - Epoch(val) [8][6]	top1_acc: 0.9333, top5_acc: 0.9833, mean_class_accuracy: 0.9333
2022-04-28 04:15:48,603 - mmaction - INFO - Epoch [9][40/50]	lr: 9.197e-03, eta: 0:26:00, time: 1.005, data_time: 0.699, memory: 4754, top1_acc: 1.0000, top5_acc: 1.0000, loss_cls: 0.0068, loss: 0.0068, grad_norm: 0.1164
2022-04-28 04:16:22,313 - mmaction - INFO - Evaluating top_k_accuracy ...
2022-04-28 04:16:22,314 - mmaction - INFO - 
top1_acc	0.9556
top5_acc	0.9944
2022-04-28 04:16:22,314 - mmaction - INFO - Evaluating mean_class_accuracy ...
2022-04-28 04:16:22,315 - mmaction - INFO - 
mean_acc	0.9556
2022-04-28 04:16:22,315 - mmaction - INFO - Epoch(val) [9][6]	top1_acc: 0.9556, top5_acc: 0.9944, mean_class_accuracy: 0.9556
2022-04-28 04:17:03,316 - mmaction - INFO - Epoch [10][40/50]	lr: 9.010e-03, eta: 0:25:25, time: 1.025, data_time: 0.693, memory: 4754, top1_acc: 1.0000, top5_acc: 1.0000, loss_cls: 0.0063, loss: 0.0063, grad_norm: 0.1144
2022-04-28 04:17:37,352 - mmaction - INFO - Evaluating top_k_accuracy ...
2022-04-28 04:17:37,352 - mmaction - INFO - 
top1_acc	0.9778
top5_acc	1.0000
2022-04-28 04:17:37,352 - mmaction - INFO - Evaluating mean_class_accuracy ...
2022-04-28 04:17:37,353 - mmaction - INFO - 
mean_acc	0.9778
2022-04-28 04:17:37,353 - mmaction - INFO - Epoch(val) [10][6]	top1_acc: 0.9778, top5_acc: 1.0000, mean_class_accuracy: 0.9778
2022-04-28 04:18:19,544 - mmaction - INFO - Epoch [11][40/50]	lr: 8.806e-03, eta: 0:24:53, time: 1.055, data_time: 0.734, memory: 4754, top1_acc: 1.0000, top5_acc: 1.0000, loss_cls: 0.0052, loss: 0.0052, grad_norm: 0.1061
2022-04-28 04:18:53,456 - mmaction - INFO - Evaluating top_k_accuracy ...
2022-04-28 04:18:53,457 - mmaction - INFO - 
top1_acc	0.9722
top5_acc	1.0000
2022-04-28 04:18:53,457 - mmaction - INFO - Evaluating mean_class_accuracy ...
2022-04-28 04:18:53,457 - mmaction - INFO - 
mean_acc	0.9722
2022-04-28 04:18:53,458 - mmaction - INFO - Epoch(val) [11][6]	top1_acc: 0.9722, top5_acc: 1.0000, mean_class_accuracy: 0.9722
2022-04-28 04:19:33,096 - mmaction - INFO - Epoch [12][40/50]	lr: 8.586e-03, eta: 0:24:11, time: 0.991, data_time: 0.688, memory: 4754, top1_acc: 1.0000, top5_acc: 1.0000, loss_cls: 0.0046, loss: 0.0046, grad_norm: 0.0841
2022-04-28 04:20:07,046 - mmaction - INFO - Evaluating top_k_accuracy ...
2022-04-28 04:20:07,047 - mmaction - INFO - 
top1_acc	0.9667
top5_acc	1.0000
2022-04-28 04:20:07,047 - mmaction - INFO - Evaluating mean_class_accuracy ...
2022-04-28 04:20:07,047 - mmaction - INFO - 
mean_acc	0.9667
2022-04-28 04:20:07,047 - mmaction - INFO - Epoch(val) [12][6]	top1_acc: 0.9667, top5_acc: 1.0000, mean_class_accuracy: 0.9667
2022-04-28 04:20:48,043 - mmaction - INFO - Epoch [13][40/50]	lr: 8.351e-03, eta: 0:23:33, time: 1.025, data_time: 0.696, memory: 4754, top1_acc: 1.0000, top5_acc: 1.0000, loss_cls: 0.0040, loss: 0.0040, grad_norm: 0.0666
2022-04-28 04:21:22,596 - mmaction - INFO - Evaluating top_k_accuracy ...
2022-04-28 04:21:22,597 - mmaction - INFO - 
top1_acc	0.9556
top5_acc	0.9889
2022-04-28 04:21:22,597 - mmaction - INFO - Evaluating mean_class_accuracy ...
2022-04-28 04:21:22,598 - mmaction - INFO - 
mean_acc	0.9556
2022-04-28 04:21:22,598 - mmaction - INFO - Epoch(val) [13][6]	top1_acc: 0.9556, top5_acc: 0.9889, mean_class_accuracy: 0.9556
2022-04-28 04:22:02,966 - mmaction - INFO - Epoch [14][40/50]	lr: 8.101e-03, eta: 0:22:54, time: 1.009, data_time: 0.750, memory: 4754, top1_acc: 1.0000, top5_acc: 1.0000, loss_cls: 0.0040, loss: 0.0040, grad_norm: 0.0792
2022-04-28 04:22:36,921 - mmaction - INFO - Evaluating top_k_accuracy ...
2022-04-28 04:22:36,922 - mmaction - INFO - 
top1_acc	0.9556
top5_acc	1.0000
2022-04-28 04:22:36,922 - mmaction - INFO - Evaluating mean_class_accuracy ...
2022-04-28 04:22:36,922 - mmaction - INFO - 
mean_acc	0.9556
2022-04-28 04:22:36,922 - mmaction - INFO - Epoch(val) [14][6]	top1_acc: 0.9556, top5_acc: 1.0000, mean_class_accuracy: 0.9556
2022-04-28 04:23:17,406 - mmaction - INFO - Epoch [15][40/50]	lr: 7.837e-03, eta: 0:22:14, time: 1.012, data_time: 0.692, memory: 4754, top1_acc: 1.0000, top5_acc: 1.0000, loss_cls: 0.0039, loss: 0.0039, grad_norm: 0.0764
2022-04-28 04:23:50,564 - mmaction - INFO - Evaluating top_k_accuracy ...
2022-04-28 04:23:50,564 - mmaction - INFO - 
top1_acc	0.9667
top5_acc	1.0000
2022-04-28 04:23:50,564 - mmaction - INFO - Evaluating mean_class_accuracy ...
2022-04-28 04:23:50,565 - mmaction - INFO - 
mean_acc	0.9667
2022-04-28 04:23:50,565 - mmaction - INFO - Epoch(val) [15][6]	top1_acc: 0.9667, top5_acc: 1.0000, mean_class_accuracy: 0.9667
2022-04-28 04:24:30,785 - mmaction - INFO - Epoch [16][40/50]	lr: 7.562e-03, eta: 0:21:34, time: 1.005, data_time: 0.693, memory: 4754, top1_acc: 1.0000, top5_acc: 1.0000, loss_cls: 0.0034, loss: 0.0034, grad_norm: 0.0685
2022-04-28 04:25:04,881 - mmaction - INFO - Evaluating top_k_accuracy ...
2022-04-28 04:25:04,881 - mmaction - INFO - 
top1_acc	0.9611
top5_acc	1.0000
2022-04-28 04:25:04,882 - mmaction - INFO - Evaluating mean_class_accuracy ...
2022-04-28 04:25:04,882 - mmaction - INFO - 
mean_acc	0.9611
2022-04-28 04:25:04,882 - mmaction - INFO - Epoch(val) [16][6]	top1_acc: 0.9611, top5_acc: 1.0000, mean_class_accuracy: 0.9611
2022-04-28 04:25:46,265 - mmaction - INFO - Epoch [17][40/50]	lr: 7.276e-03, eta: 0:20:56, time: 1.034, data_time: 0.767, memory: 4754, top1_acc: 1.0000, top5_acc: 1.0000, loss_cls: 0.0031, loss: 0.0031, grad_norm: 0.0607
2022-04-28 04:26:20,208 - mmaction - INFO - Evaluating top_k_accuracy ...
2022-04-28 04:26:20,209 - mmaction - INFO - 
top1_acc	0.9944
top5_acc	1.0000
2022-04-28 04:26:20,209 - mmaction - INFO - Evaluating mean_class_accuracy ...
2022-04-28 04:26:20,209 - mmaction - INFO - 
mean_acc	0.9944
2022-04-28 04:26:20,211 - mmaction - INFO - The previous best checkpoint /home/yl/myposec3d/model_pth/exp7/ft-NFNC/best_top1_acc_epoch_5.pth was removed
2022-04-28 04:26:20,257 - mmaction - INFO - Now best checkpoint is saved as best_top1_acc_epoch_17.pth.
2022-04-28 04:26:20,257 - mmaction - INFO - Best top1_acc is 0.9944 at 17 epoch.
2022-04-28 04:26:20,257 - mmaction - INFO - Epoch(val) [17][6]	top1_acc: 0.9944, top5_acc: 1.0000, mean_class_accuracy: 0.9944
2022-04-28 04:26:59,118 - mmaction - INFO - Epoch [18][40/50]	lr: 6.980e-03, eta: 0:20:13, time: 0.971, data_time: 0.729, memory: 4754, top1_acc: 1.0000, top5_acc: 1.0000, loss_cls: 0.0024, loss: 0.0024, grad_norm: 0.0433
2022-04-28 04:27:32,566 - mmaction - INFO - Evaluating top_k_accuracy ...
2022-04-28 04:27:32,567 - mmaction - INFO - 
top1_acc	0.9778
top5_acc	1.0000
2022-04-28 04:27:32,567 - mmaction - INFO - Evaluating mean_class_accuracy ...
2022-04-28 04:27:32,567 - mmaction - INFO - 
mean_acc	0.9778
2022-04-28 04:27:32,567 - mmaction - INFO - Epoch(val) [18][6]	top1_acc: 0.9778, top5_acc: 1.0000, mean_class_accuracy: 0.9778
2022-04-28 04:28:13,500 - mmaction - INFO - Epoch [19][40/50]	lr: 6.675e-03, eta: 0:19:34, time: 1.023, data_time: 0.695, memory: 4754, top1_acc: 1.0000, top5_acc: 1.0000, loss_cls: 0.0031, loss: 0.0031, grad_norm: 0.0581
2022-04-28 04:28:47,210 - mmaction - INFO - Evaluating top_k_accuracy ...
2022-04-28 04:28:47,210 - mmaction - INFO - 
top1_acc	0.9889
top5_acc	1.0000
2022-04-28 04:28:47,211 - mmaction - INFO - Evaluating mean_class_accuracy ...
2022-04-28 04:28:47,211 - mmaction - INFO - 
mean_acc	0.9889
2022-04-28 04:28:47,211 - mmaction - INFO - Epoch(val) [19][6]	top1_acc: 0.9889, top5_acc: 1.0000, mean_class_accuracy: 0.9889
2022-04-28 04:29:27,955 - mmaction - INFO - Epoch [20][40/50]	lr: 6.364e-03, eta: 0:18:55, time: 1.018, data_time: 0.720, memory: 4754, top1_acc: 1.0000, top5_acc: 1.0000, loss_cls: 0.0043, loss: 0.0043, grad_norm: 0.0829
2022-04-28 04:30:02,460 - mmaction - INFO - Evaluating top_k_accuracy ...
2022-04-28 04:30:02,460 - mmaction - INFO - 
top1_acc	0.9833
top5_acc	1.0000
2022-04-28 04:30:02,460 - mmaction - INFO - Evaluating mean_class_accuracy ...
2022-04-28 04:30:02,461 - mmaction - INFO - 
mean_acc	0.9833
2022-04-28 04:30:02,461 - mmaction - INFO - Epoch(val) [20][6]	top1_acc: 0.9833, top5_acc: 1.0000, mean_class_accuracy: 0.9833
2022-04-28 04:30:43,500 - mmaction - INFO - Epoch [21][40/50]	lr: 6.046e-03, eta: 0:18:15, time: 1.026, data_time: 0.724, memory: 4754, top1_acc: 1.0000, top5_acc: 1.0000, loss_cls: 0.0028, loss: 0.0028, grad_norm: 0.0591
2022-04-28 04:31:18,698 - mmaction - INFO - Evaluating top_k_accuracy ...
2022-04-28 04:31:18,699 - mmaction - INFO - 
top1_acc	0.9667
top5_acc	1.0000
2022-04-28 04:31:18,699 - mmaction - INFO - Evaluating mean_class_accuracy ...
2022-04-28 04:31:18,700 - mmaction - INFO - 
mean_acc	0.9667
2022-04-28 04:31:18,700 - mmaction - INFO - Epoch(val) [21][6]	top1_acc: 0.9667, top5_acc: 1.0000, mean_class_accuracy: 0.9667
2022-04-28 04:31:59,790 - mmaction - INFO - Epoch [22][40/50]	lr: 5.724e-03, eta: 0:17:36, time: 1.027, data_time: 0.690, memory: 4754, top1_acc: 1.0000, top5_acc: 1.0000, loss_cls: 0.0026, loss: 0.0026, grad_norm: 0.0480
2022-04-28 04:32:34,254 - mmaction - INFO - Evaluating top_k_accuracy ...
2022-04-28 04:32:34,255 - mmaction - INFO - 
top1_acc	0.9722
top5_acc	1.0000
2022-04-28 04:32:34,255 - mmaction - INFO - Evaluating mean_class_accuracy ...
2022-04-28 04:32:34,256 - mmaction - INFO - 
mean_acc	0.9722
2022-04-28 04:32:34,256 - mmaction - INFO - Epoch(val) [22][6]	top1_acc: 0.9722, top5_acc: 1.0000, mean_class_accuracy: 0.9722
2022-04-28 04:33:15,218 - mmaction - INFO - Epoch [23][40/50]	lr: 5.399e-03, eta: 0:16:56, time: 1.024, data_time: 0.726, memory: 4754, top1_acc: 1.0000, top5_acc: 1.0000, loss_cls: 0.0042, loss: 0.0042, grad_norm: 0.0891
2022-04-28 04:33:49,252 - mmaction - INFO - Evaluating top_k_accuracy ...
2022-04-28 04:33:49,253 - mmaction - INFO - 
top1_acc	0.9667
top5_acc	1.0000
2022-04-28 04:33:49,253 - mmaction - INFO - Evaluating mean_class_accuracy ...
2022-04-28 04:33:49,253 - mmaction - INFO - 
mean_acc	0.9667
2022-04-28 04:33:49,253 - mmaction - INFO - Epoch(val) [23][6]	top1_acc: 0.9667, top5_acc: 1.0000, mean_class_accuracy: 0.9667
2022-04-28 04:34:32,526 - mmaction - INFO - Epoch [24][40/50]	lr: 5.072e-03, eta: 0:16:19, time: 1.082, data_time: 0.695, memory: 4754, top1_acc: 1.0000, top5_acc: 1.0000, loss_cls: 0.0027, loss: 0.0027, grad_norm: 0.0558
2022-04-28 04:35:07,642 - mmaction - INFO - Evaluating top_k_accuracy ...
2022-04-28 04:35:07,643 - mmaction - INFO - 
top1_acc	0.9889
top5_acc	1.0000
2022-04-28 04:35:07,643 - mmaction - INFO - Evaluating mean_class_accuracy ...
2022-04-28 04:35:07,644 - mmaction - INFO - 
mean_acc	0.9889
2022-04-28 04:35:07,644 - mmaction - INFO - Epoch(val) [24][6]	top1_acc: 0.9889, top5_acc: 1.0000, mean_class_accuracy: 0.9889
2022-04-28 04:35:48,791 - mmaction - INFO - Epoch [25][40/50]	lr: 4.745e-03, eta: 0:15:39, time: 1.028, data_time: 0.710, memory: 4754, top1_acc: 1.0000, top5_acc: 1.0000, loss_cls: 0.0044, loss: 0.0044, grad_norm: 0.0881
2022-04-28 04:36:23,653 - mmaction - INFO - Evaluating top_k_accuracy ...
2022-04-28 04:36:23,653 - mmaction - INFO - 
top1_acc	0.9667
top5_acc	1.0000
2022-04-28 04:36:23,653 - mmaction - INFO - Evaluating mean_class_accuracy ...
2022-04-28 04:36:23,654 - mmaction - INFO - 
mean_acc	0.9667
2022-04-28 04:36:23,654 - mmaction - INFO - Epoch(val) [25][6]	top1_acc: 0.9667, top5_acc: 1.0000, mean_class_accuracy: 0.9667
2022-04-28 04:37:03,497 - mmaction - INFO - Epoch [26][40/50]	lr: 4.419e-03, eta: 0:14:58, time: 0.996, data_time: 0.774, memory: 4754, top1_acc: 1.0000, top5_acc: 1.0000, loss_cls: 0.0025, loss: 0.0025, grad_norm: 0.0437
2022-04-28 04:37:37,429 - mmaction - INFO - Evaluating top_k_accuracy ...
2022-04-28 04:37:37,430 - mmaction - INFO - 
top1_acc	0.9556
top5_acc	1.0000
2022-04-28 04:37:37,430 - mmaction - INFO - Evaluating mean_class_accuracy ...
2022-04-28 04:37:37,430 - mmaction - INFO - 
mean_acc	0.9556
2022-04-28 04:37:37,431 - mmaction - INFO - Epoch(val) [26][6]	top1_acc: 0.9556, top5_acc: 1.0000, mean_class_accuracy: 0.9556
2022-04-28 04:38:17,195 - mmaction - INFO - Epoch [27][40/50]	lr: 4.095e-03, eta: 0:14:17, time: 0.994, data_time: 0.732, memory: 4754, top1_acc: 1.0000, top5_acc: 1.0000, loss_cls: 0.0023, loss: 0.0023, grad_norm: 0.0410
2022-04-28 04:38:51,342 - mmaction - INFO - Evaluating top_k_accuracy ...
2022-04-28 04:38:51,342 - mmaction - INFO - 
top1_acc	0.9778
top5_acc	1.0000
2022-04-28 04:38:51,342 - mmaction - INFO - Evaluating mean_class_accuracy ...
2022-04-28 04:38:51,343 - mmaction - INFO - 
mean_acc	0.9778
2022-04-28 04:38:51,343 - mmaction - INFO - Epoch(val) [27][6]	top1_acc: 0.9778, top5_acc: 1.0000, mean_class_accuracy: 0.9778
2022-04-28 04:39:33,701 - mmaction - INFO - Epoch [28][40/50]	lr: 3.776e-03, eta: 0:13:38, time: 1.059, data_time: 0.735, memory: 4754, top1_acc: 1.0000, top5_acc: 1.0000, loss_cls: 0.0027, loss: 0.0027, grad_norm: 0.0597
2022-04-28 04:40:07,063 - mmaction - INFO - Evaluating top_k_accuracy ...
2022-04-28 04:40:07,063 - mmaction - INFO - 
top1_acc	0.9778
top5_acc	1.0000
2022-04-28 04:40:07,063 - mmaction - INFO - Evaluating mean_class_accuracy ...
2022-04-28 04:40:07,064 - mmaction - INFO - 
mean_acc	0.9778
2022-04-28 04:40:07,064 - mmaction - INFO - Epoch(val) [28][6]	top1_acc: 0.9778, top5_acc: 1.0000, mean_class_accuracy: 0.9778
2022-04-28 04:40:45,662 - mmaction - INFO - Epoch [29][40/50]	lr: 3.461e-03, eta: 0:12:56, time: 0.965, data_time: 0.753, memory: 4754, top1_acc: 1.0000, top5_acc: 1.0000, loss_cls: 0.0031, loss: 0.0031, grad_norm: 0.0673
2022-04-28 04:41:18,476 - mmaction - INFO - Evaluating top_k_accuracy ...
2022-04-28 04:41:18,477 - mmaction - INFO - 
top1_acc	0.9611
top5_acc	1.0000
2022-04-28 04:41:18,477 - mmaction - INFO - Evaluating mean_class_accuracy ...
2022-04-28 04:41:18,477 - mmaction - INFO - 
mean_acc	0.9611
2022-04-28 04:41:18,477 - mmaction - INFO - Epoch(val) [29][6]	top1_acc: 0.9611, top5_acc: 1.0000, mean_class_accuracy: 0.9611
2022-04-28 04:41:58,543 - mmaction - INFO - Epoch [30][40/50]	lr: 3.153e-03, eta: 0:12:16, time: 1.002, data_time: 0.734, memory: 4754, top1_acc: 1.0000, top5_acc: 1.0000, loss_cls: 0.0064, loss: 0.0064, grad_norm: 0.1020
2022-04-28 04:42:31,728 - mmaction - INFO - Evaluating top_k_accuracy ...
2022-04-28 04:42:31,729 - mmaction - INFO - 
top1_acc	0.9889
top5_acc	1.0000
2022-04-28 04:42:31,729 - mmaction - INFO - Evaluating mean_class_accuracy ...
2022-04-28 04:42:31,729 - mmaction - INFO - 
mean_acc	0.9889
2022-04-28 04:42:31,729 - mmaction - INFO - Epoch(val) [30][6]	top1_acc: 0.9889, top5_acc: 1.0000, mean_class_accuracy: 0.9889
2022-04-28 04:43:12,015 - mmaction - INFO - Epoch [31][40/50]	lr: 2.853e-03, eta: 0:11:35, time: 1.007, data_time: 0.712, memory: 4754, top1_acc: 1.0000, top5_acc: 1.0000, loss_cls: 0.0027, loss: 0.0027, grad_norm: 0.0555
2022-04-28 04:43:45,367 - mmaction - INFO - Evaluating top_k_accuracy ...
2022-04-28 04:43:45,368 - mmaction - INFO - 
top1_acc	0.9500
top5_acc	1.0000
2022-04-28 04:43:45,368 - mmaction - INFO - Evaluating mean_class_accuracy ...
2022-04-28 04:43:45,368 - mmaction - INFO - 
mean_acc	0.9500
2022-04-28 04:43:45,369 - mmaction - INFO - Epoch(val) [31][6]	top1_acc: 0.9500, top5_acc: 1.0000, mean_class_accuracy: 0.9500
2022-04-28 04:44:25,610 - mmaction - INFO - Epoch [32][40/50]	lr: 2.563e-03, eta: 0:10:54, time: 1.006, data_time: 0.778, memory: 4754, top1_acc: 1.0000, top5_acc: 1.0000, loss_cls: 0.0027, loss: 0.0027, grad_norm: 0.0575
2022-04-28 04:44:58,828 - mmaction - INFO - Evaluating top_k_accuracy ...
2022-04-28 04:44:58,828 - mmaction - INFO - 
top1_acc	0.9500
top5_acc	1.0000
2022-04-28 04:44:58,828 - mmaction - INFO - Evaluating mean_class_accuracy ...
2022-04-28 04:44:58,829 - mmaction - INFO - 
mean_acc	0.9500
2022-04-28 04:44:58,829 - mmaction - INFO - Epoch(val) [32][6]	top1_acc: 0.9500, top5_acc: 1.0000, mean_class_accuracy: 0.9500
2022-04-28 04:45:38,662 - mmaction - INFO - Epoch [33][40/50]	lr: 2.282e-03, eta: 0:10:14, time: 0.996, data_time: 0.698, memory: 4754, top1_acc: 1.0000, top5_acc: 1.0000, loss_cls: 0.0020, loss: 0.0020, grad_norm: 0.0405
2022-04-28 04:46:11,723 - mmaction - INFO - Evaluating top_k_accuracy ...
2022-04-28 04:46:11,723 - mmaction - INFO - 
top1_acc	0.9444
top5_acc	1.0000
2022-04-28 04:46:11,723 - mmaction - INFO - Evaluating mean_class_accuracy ...
2022-04-28 04:46:11,724 - mmaction - INFO - 
mean_acc	0.9444
2022-04-28 04:46:11,724 - mmaction - INFO - Epoch(val) [33][6]	top1_acc: 0.9444, top5_acc: 1.0000, mean_class_accuracy: 0.9444
2022-04-28 04:46:52,915 - mmaction - INFO - Epoch [34][40/50]	lr: 2.014e-03, eta: 0:09:34, time: 1.030, data_time: 0.691, memory: 4754, top1_acc: 1.0000, top5_acc: 1.0000, loss_cls: 0.0030, loss: 0.0030, grad_norm: 0.0650
2022-04-28 04:47:27,051 - mmaction - INFO - Evaluating top_k_accuracy ...
2022-04-28 04:47:27,052 - mmaction - INFO - 
top1_acc	0.9500
top5_acc	1.0000
2022-04-28 04:47:27,052 - mmaction - INFO - Evaluating mean_class_accuracy ...
2022-04-28 04:47:27,052 - mmaction - INFO - 
mean_acc	0.9500
2022-04-28 04:47:27,053 - mmaction - INFO - Epoch(val) [34][6]	top1_acc: 0.9500, top5_acc: 1.0000, mean_class_accuracy: 0.9500
2022-04-28 04:48:06,212 - mmaction - INFO - Epoch [35][40/50]	lr: 1.758e-03, eta: 0:08:53, time: 0.979, data_time: 0.697, memory: 4754, top1_acc: 1.0000, top5_acc: 1.0000, loss_cls: 0.0033, loss: 0.0033, grad_norm: 0.0650
2022-04-28 04:48:39,978 - mmaction - INFO - Evaluating top_k_accuracy ...
2022-04-28 04:48:39,979 - mmaction - INFO - 
top1_acc	0.9833
top5_acc	1.0000
2022-04-28 04:48:39,979 - mmaction - INFO - Evaluating mean_class_accuracy ...
2022-04-28 04:48:39,979 - mmaction - INFO - 
mean_acc	0.9833
2022-04-28 04:48:39,979 - mmaction - INFO - Epoch(val) [35][6]	top1_acc: 0.9833, top5_acc: 1.0000, mean_class_accuracy: 0.9833
2022-04-28 04:49:20,702 - mmaction - INFO - Epoch [36][40/50]	lr: 1.516e-03, eta: 0:08:12, time: 1.018, data_time: 0.701, memory: 4754, top1_acc: 1.0000, top5_acc: 1.0000, loss_cls: 0.0027, loss: 0.0027, grad_norm: 0.0506
2022-04-28 04:49:54,407 - mmaction - INFO - Evaluating top_k_accuracy ...
2022-04-28 04:49:54,407 - mmaction - INFO - 
top1_acc	0.9667
top5_acc	1.0000
2022-04-28 04:49:54,407 - mmaction - INFO - Evaluating mean_class_accuracy ...
2022-04-28 04:49:54,408 - mmaction - INFO - 
mean_acc	0.9667
2022-04-28 04:49:54,408 - mmaction - INFO - Epoch(val) [36][6]	top1_acc: 0.9667, top5_acc: 1.0000, mean_class_accuracy: 0.9667
2022-04-28 04:50:35,287 - mmaction - INFO - Epoch [37][40/50]	lr: 1.289e-03, eta: 0:07:32, time: 1.022, data_time: 0.677, memory: 4754, top1_acc: 1.0000, top5_acc: 1.0000, loss_cls: 0.0025, loss: 0.0025, grad_norm: 0.0456
2022-04-28 04:51:08,374 - mmaction - INFO - Evaluating top_k_accuracy ...
2022-04-28 04:51:08,375 - mmaction - INFO - 
top1_acc	0.9833
top5_acc	1.0000
2022-04-28 04:51:08,375 - mmaction - INFO - Evaluating mean_class_accuracy ...
2022-04-28 04:51:08,375 - mmaction - INFO - 
mean_acc	0.9833
2022-04-28 04:51:08,375 - mmaction - INFO - Epoch(val) [37][6]	top1_acc: 0.9833, top5_acc: 1.0000, mean_class_accuracy: 0.9833
2022-04-28 04:51:47,372 - mmaction - INFO - Epoch [38][40/50]	lr: 1.077e-03, eta: 0:06:51, time: 0.975, data_time: 0.703, memory: 4754, top1_acc: 1.0000, top5_acc: 1.0000, loss_cls: 0.0016, loss: 0.0016, grad_norm: 0.0317
2022-04-28 04:52:21,210 - mmaction - INFO - Evaluating top_k_accuracy ...
2022-04-28 04:52:21,212 - mmaction - INFO - 
top1_acc	0.9333
top5_acc	1.0000
2022-04-28 04:52:21,212 - mmaction - INFO - Evaluating mean_class_accuracy ...
2022-04-28 04:52:21,213 - mmaction - INFO - 
mean_acc	0.9333
2022-04-28 04:52:21,213 - mmaction - INFO - Epoch(val) [38][6]	top1_acc: 0.9333, top5_acc: 1.0000, mean_class_accuracy: 0.9333
2022-04-28 04:53:01,674 - mmaction - INFO - Epoch [39][40/50]	lr: 8.831e-04, eta: 0:06:11, time: 1.011, data_time: 0.690, memory: 4754, top1_acc: 1.0000, top5_acc: 1.0000, loss_cls: 0.0021, loss: 0.0021, grad_norm: 0.0398
2022-04-28 04:53:35,698 - mmaction - INFO - Evaluating top_k_accuracy ...
2022-04-28 04:53:35,699 - mmaction - INFO - 
top1_acc	0.9556
top5_acc	1.0000
2022-04-28 04:53:35,699 - mmaction - INFO - Evaluating mean_class_accuracy ...
2022-04-28 04:53:35,699 - mmaction - INFO - 
mean_acc	0.9556
2022-04-28 04:53:35,700 - mmaction - INFO - Epoch(val) [39][6]	top1_acc: 0.9556, top5_acc: 1.0000, mean_class_accuracy: 0.9556
2022-04-28 04:54:16,575 - mmaction - INFO - Epoch [40][40/50]	lr: 7.063e-04, eta: 0:05:31, time: 1.022, data_time: 0.715, memory: 4754, top1_acc: 1.0000, top5_acc: 1.0000, loss_cls: 0.0030, loss: 0.0030, grad_norm: 0.0656
2022-04-28 04:54:50,410 - mmaction - INFO - Evaluating top_k_accuracy ...
2022-04-28 04:54:50,410 - mmaction - INFO - 
top1_acc	0.9389
top5_acc	0.9833
2022-04-28 04:54:50,410 - mmaction - INFO - Evaluating mean_class_accuracy ...
2022-04-28 04:54:50,411 - mmaction - INFO - 
mean_acc	0.9389
2022-04-28 04:54:50,411 - mmaction - INFO - Epoch(val) [40][6]	top1_acc: 0.9389, top5_acc: 0.9833, mean_class_accuracy: 0.9389
2022-04-28 04:55:31,074 - mmaction - INFO - Epoch [41][40/50]	lr: 5.479e-04, eta: 0:04:50, time: 1.016, data_time: 0.715, memory: 4754, top1_acc: 1.0000, top5_acc: 1.0000, loss_cls: 0.0026, loss: 0.0026, grad_norm: 0.0549
2022-04-28 04:56:04,200 - mmaction - INFO - Evaluating top_k_accuracy ...
2022-04-28 04:56:04,201 - mmaction - INFO - 
top1_acc	0.9556
top5_acc	1.0000
2022-04-28 04:56:04,201 - mmaction - INFO - Evaluating mean_class_accuracy ...
2022-04-28 04:56:04,201 - mmaction - INFO - 
mean_acc	0.9556
2022-04-28 04:56:04,201 - mmaction - INFO - Epoch(val) [41][6]	top1_acc: 0.9556, top5_acc: 1.0000, mean_class_accuracy: 0.9556
2022-04-28 04:56:40,305 - mmaction - INFO - Epoch [42][40/50]	lr: 4.086e-04, eta: 0:04:09, time: 0.903, data_time: 0.699, memory: 4754, top1_acc: 1.0000, top5_acc: 1.0000, loss_cls: 0.0024, loss: 0.0024, grad_norm: 0.0524
2022-04-28 04:57:13,425 - mmaction - INFO - Evaluating top_k_accuracy ...
2022-04-28 04:57:13,425 - mmaction - INFO - 
top1_acc	0.9833
top5_acc	1.0000
2022-04-28 04:57:13,425 - mmaction - INFO - Evaluating mean_class_accuracy ...
2022-04-28 04:57:13,426 - mmaction - INFO - 
mean_acc	0.9833
2022-04-28 04:57:13,426 - mmaction - INFO - Epoch(val) [42][6]	top1_acc: 0.9833, top5_acc: 1.0000, mean_class_accuracy: 0.9833
2022-04-28 04:57:54,371 - mmaction - INFO - Epoch [43][40/50]	lr: 2.890e-04, eta: 0:03:29, time: 1.024, data_time: 0.797, memory: 4754, top1_acc: 1.0000, top5_acc: 1.0000, loss_cls: 0.0020, loss: 0.0020, grad_norm: 0.0377
2022-04-28 04:58:27,165 - mmaction - INFO - Evaluating top_k_accuracy ...
2022-04-28 04:58:27,166 - mmaction - INFO - 
top1_acc	0.9833
top5_acc	1.0000
2022-04-28 04:58:27,166 - mmaction - INFO - Evaluating mean_class_accuracy ...
2022-04-28 04:58:27,166 - mmaction - INFO - 
mean_acc	0.9833
2022-04-28 04:58:27,167 - mmaction - INFO - Epoch(val) [43][6]	top1_acc: 0.9833, top5_acc: 1.0000, mean_class_accuracy: 0.9833
2022-04-28 04:59:06,918 - mmaction - INFO - Epoch [44][40/50]	lr: 1.895e-04, eta: 0:02:49, time: 0.994, data_time: 0.702, memory: 4754, top1_acc: 1.0000, top5_acc: 1.0000, loss_cls: 0.0026, loss: 0.0026, grad_norm: 0.0499
2022-04-28 04:59:38,835 - mmaction - INFO - Evaluating top_k_accuracy ...
2022-04-28 04:59:38,836 - mmaction - INFO - 
top1_acc	0.9389
top5_acc	1.0000
2022-04-28 04:59:38,836 - mmaction - INFO - Evaluating mean_class_accuracy ...
2022-04-28 04:59:38,836 - mmaction - INFO - 
mean_acc	0.9389
2022-04-28 04:59:38,836 - mmaction - INFO - Epoch(val) [44][6]	top1_acc: 0.9389, top5_acc: 1.0000, mean_class_accuracy: 0.9389
2022-04-28 05:00:18,626 - mmaction - INFO - Epoch [45][40/50]	lr: 1.106e-04, eta: 0:02:08, time: 0.995, data_time: 0.660, memory: 4754, top1_acc: 1.0000, top5_acc: 1.0000, loss_cls: 0.0029, loss: 0.0029, grad_norm: 0.0619
2022-04-28 05:00:53,463 - mmaction - INFO - Evaluating top_k_accuracy ...
2022-04-28 05:00:53,464 - mmaction - INFO - 
top1_acc	0.9778
top5_acc	1.0000
2022-04-28 05:00:53,464 - mmaction - INFO - Evaluating mean_class_accuracy ...
2022-04-28 05:00:53,465 - mmaction - INFO - 
mean_acc	0.9778
2022-04-28 05:00:53,465 - mmaction - INFO - Epoch(val) [45][6]	top1_acc: 0.9778, top5_acc: 1.0000, mean_class_accuracy: 0.9778
2022-04-28 05:01:32,982 - mmaction - INFO - Epoch [46][40/50]	lr: 5.269e-05, eta: 0:01:28, time: 0.988, data_time: 0.764, memory: 4754, top1_acc: 1.0000, top5_acc: 1.0000, loss_cls: 0.0020, loss: 0.0020, grad_norm: 0.0416
2022-04-28 05:02:06,310 - mmaction - INFO - Evaluating top_k_accuracy ...
2022-04-28 05:02:06,311 - mmaction - INFO - 
top1_acc	0.9944
top5_acc	1.0000
2022-04-28 05:02:06,311 - mmaction - INFO - Evaluating mean_class_accuracy ...
2022-04-28 05:02:06,311 - mmaction - INFO - 
mean_acc	0.9944
2022-04-28 05:02:06,312 - mmaction - INFO - Epoch(val) [46][6]	top1_acc: 0.9944, top5_acc: 1.0000, mean_class_accuracy: 0.9944
2022-04-28 05:02:47,471 - mmaction - INFO - Epoch [47][40/50]	lr: 1.593e-05, eta: 0:00:48, time: 1.029, data_time: 0.719, memory: 4754, top1_acc: 1.0000, top5_acc: 1.0000, loss_cls: 0.0019, loss: 0.0019, grad_norm: 0.0412
2022-04-28 05:03:22,515 - mmaction - INFO - Evaluating top_k_accuracy ...
2022-04-28 05:03:22,516 - mmaction - INFO - 
top1_acc	0.9889
top5_acc	1.0000
2022-04-28 05:03:22,516 - mmaction - INFO - Evaluating mean_class_accuracy ...
2022-04-28 05:03:22,516 - mmaction - INFO - 
mean_acc	0.9889
2022-04-28 05:03:22,516 - mmaction - INFO - Epoch(val) [47][6]	top1_acc: 0.9889, top5_acc: 1.0000, mean_class_accuracy: 0.9889
2022-04-28 05:04:04,213 - mmaction - INFO - Epoch [48][40/50]	lr: 5.183e-07, eta: 0:00:08, time: 1.042, data_time: 0.750, memory: 4754, top1_acc: 1.0000, top5_acc: 1.0000, loss_cls: 0.0039, loss: 0.0039, grad_norm: 0.0868
2022-04-28 05:04:07,943 - mmaction - INFO - Saving checkpoint at 48 epochs
2022-04-28 05:04:38,169 - mmaction - INFO - Evaluating top_k_accuracy ...
2022-04-28 05:04:38,170 - mmaction - INFO - 
top1_acc	0.9556
top5_acc	1.0000
2022-04-28 05:04:38,170 - mmaction - INFO - Evaluating mean_class_accuracy ...
2022-04-28 05:04:38,171 - mmaction - INFO - 
mean_acc	0.9556
2022-04-28 05:04:38,171 - mmaction - INFO - Epoch(val) [48][6]	top1_acc: 0.9556, top5_acc: 1.0000, mean_class_accuracy: 0.9556
