2022-04-26 22:03:37,519 - mmaction - INFO - Environment info:
------------------------------------------------------------
sys.platform: linux
Python: 3.8.12 | packaged by conda-forge | (default, Oct 12 2021, 21:57:06) [GCC 9.4.0]
CUDA available: True
GPU 0,1,2,3: NVIDIA GeForce RTX 3090
CUDA_HOME: /usr/local/cuda
NVCC: Build cuda_11.1.TC455_06.29190527_0
GCC: gcc (Ubuntu 9.4.0-1ubuntu1~20.04.1) 9.4.0
PyTorch: 1.9.1+cu111
PyTorch compiling details: PyTorch built with:
  - GCC 7.3
  - C++ Version: 201402
  - Intel(R) Math Kernel Library Version 2020.0.0 Product Build 20191122 for Intel(R) 64 architecture applications
  - Intel(R) MKL-DNN v2.1.2 (Git Hash 98be7e8afa711dc9b66c8ff3504129cb82013cdb)
  - OpenMP 201511 (a.k.a. OpenMP 4.5)
  - NNPACK is enabled
  - CPU capability usage: AVX2
  - CUDA Runtime 11.1
  - NVCC architecture flags: -gencode;arch=compute_37,code=sm_37;-gencode;arch=compute_50,code=sm_50;-gencode;arch=compute_60,code=sm_60;-gencode;arch=compute_70,code=sm_70;-gencode;arch=compute_75,code=sm_75;-gencode;arch=compute_80,code=sm_80;-gencode;arch=compute_86,code=sm_86
  - CuDNN 8.0.5
  - Magma 2.5.2
  - Build settings: BLAS_INFO=mkl, BUILD_TYPE=Release, CUDA_VERSION=11.1, CUDNN_VERSION=8.0.5, CXX_COMPILER=/opt/rh/devtoolset-7/root/usr/bin/c++, CXX_FLAGS= -Wno-deprecated -fvisibility-inlines-hidden -DUSE_PTHREADPOOL -fopenmp -DNDEBUG -DUSE_KINETO -DUSE_FBGEMM -DUSE_QNNPACK -DUSE_PYTORCH_QNNPACK -DUSE_XNNPACK -DSYMBOLICATE_MOBILE_DEBUG_HANDLE -O2 -fPIC -Wno-narrowing -Wall -Wextra -Werror=return-type -Wno-missing-field-initializers -Wno-type-limits -Wno-array-bounds -Wno-unknown-pragmas -Wno-sign-compare -Wno-unused-parameter -Wno-unused-variable -Wno-unused-function -Wno-unused-result -Wno-unused-local-typedefs -Wno-strict-overflow -Wno-strict-aliasing -Wno-error=deprecated-declarations -Wno-stringop-overflow -Wno-psabi -Wno-error=pedantic -Wno-error=redundant-decls -Wno-error=old-style-cast -fdiagnostics-color=always -faligned-new -Wno-unused-but-set-variable -Wno-maybe-uninitialized -fno-math-errno -fno-trapping-math -Werror=format -Wno-stringop-overflow, LAPACK_INFO=mkl, PERF_WITH_AVX=1, PERF_WITH_AVX2=1, PERF_WITH_AVX512=1, TORCH_VERSION=1.9.1, USE_CUDA=ON, USE_CUDNN=ON, USE_EXCEPTION_PTR=1, USE_GFLAGS=OFF, USE_GLOG=OFF, USE_MKL=ON, USE_MKLDNN=ON, USE_MPI=OFF, USE_NCCL=ON, USE_NNPACK=ON, USE_OPENMP=ON, 

TorchVision: 0.10.1+cu111
OpenCV: 4.5.5
MMCV: 1.4.2
MMCV Compiler: GCC 7.3
MMCV CUDA Compiler: 11.1
MMAction2: 0.20.0+26392eb
------------------------------------------------------------

2022-04-26 22:03:37,519 - mmaction - INFO - Distributed training: True
2022-04-26 22:03:39,187 - mmaction - INFO - Config: model = dict(
    type='Recognizer3D',
    backbone=dict(
        type='ResNet3dSlowOnly',
        depth=50,
        pretrained=None,
        in_channels=5,
        base_channels=32,
        num_stages=3,
        out_indices=(2, ),
        stage_blocks=(4, 6, 3),
        conv1_stride_s=1,
        pool1_stride_s=1,
        inflate=(0, 1, 1),
        spatial_strides=(2, 2, 2),
        temporal_strides=(1, 1, 2),
        dilations=(1, 1, 1),
        frozen_stages=3),
    cls_head=dict(
        type='I3DHead',
        in_channels=512,
        num_classes=10,
        spatial_type='avg',
        dropout_ratio=0.5),
    train_cfg=dict(),
    test_cfg=dict(average_clips='prob'))
dataset_type = 'PoseDataset'
ann_file_train = 'data/ds_taichi/TEST9AUG4/WSWR/train_data.pkl'
ann_file_val = 'data/ds_taichi/TEST9AUG4/WSWR/test_data.pkl'
left = [
    5, 6, 7, 8, 44, 45, 46, 47, 48, 49, 50, 51, 52, 53, 54, 55, 56, 57, 58, 59,
    60, 61, 62, 63, 64, 65, 66, 67, 68, 69, 70, 71
]
right = [
    1, 2, 3, 4, 16, 17, 18, 19, 20, 21, 22, 23, 24, 25, 26, 27, 28, 29, 30, 31,
    32, 33, 34, 35, 36, 37, 38, 39, 40, 41, 42, 43
]
train_pipeline = [
    dict(type='UniformSampleFrames', clip_len=48),
    dict(type='PoseDecode'),
    dict(type='PoseCompact', hw_ratio=1.0, allow_imgpad=True),
    dict(type='Resize', scale=(-1, 64)),
    dict(type='RandomResizedCrop', area_range=(0.56, 1.0)),
    dict(type='Resize', scale=(56, 56), keep_ratio=False),
    dict(
        type='Flip',
        flip_ratio=0.5,
        left_kp=[
            5, 6, 7, 8, 44, 45, 46, 47, 48, 49, 50, 51, 52, 53, 54, 55, 56, 57,
            58, 59, 60, 61, 62, 63, 64, 65, 66, 67, 68, 69, 70, 71
        ],
        right_kp=[
            1, 2, 3, 4, 16, 17, 18, 19, 20, 21, 22, 23, 24, 25, 26, 27, 28, 29,
            30, 31, 32, 33, 34, 35, 36, 37, 38, 39, 40, 41, 42, 43
        ]),
    dict(
        type='GenerateTaiChiPoseTarget',
        sigma=0.6,
        use_score=True,
        with_kp=True,
        with_limb=False),
    dict(type='FormatShape', input_format='NCTHW'),
    dict(type='Collect', keys=['imgs', 'label'], meta_keys=[]),
    dict(type='ToTensor', keys=['imgs', 'label'])
]
val_pipeline = [
    dict(type='UniformSampleFrames', clip_len=48, num_clips=1, test_mode=True),
    dict(type='PoseDecode'),
    dict(type='PoseCompact', hw_ratio=1.0, allow_imgpad=True),
    dict(type='Resize', scale=(-1, 64)),
    dict(type='CenterCrop', crop_size=64),
    dict(
        type='GenerateTaiChiPoseTarget',
        sigma=0.6,
        use_score=True,
        with_kp=True,
        with_limb=False),
    dict(type='FormatShape', input_format='NCTHW'),
    dict(type='Collect', keys=['imgs', 'label'], meta_keys=[]),
    dict(type='ToTensor', keys=['imgs'])
]
test_pipeline = [
    dict(
        type='UniformSampleFrames', clip_len=48, num_clips=10, test_mode=True),
    dict(type='PoseDecode'),
    dict(type='PoseCompact', hw_ratio=1.0, allow_imgpad=True),
    dict(type='Resize', scale=(-1, 64)),
    dict(type='CenterCrop', crop_size=64),
    dict(
        type='GenerateTaiChiPoseTarget',
        sigma=0.6,
        use_score=True,
        with_kp=True,
        with_limb=False,
        double=True,
        left_kp=[
            5, 6, 7, 8, 44, 45, 46, 47, 48, 49, 50, 51, 52, 53, 54, 55, 56, 57,
            58, 59, 60, 61, 62, 63, 64, 65, 66, 67, 68, 69, 70, 71
        ],
        right_kp=[
            1, 2, 3, 4, 16, 17, 18, 19, 20, 21, 22, 23, 24, 25, 26, 27, 28, 29,
            30, 31, 32, 33, 34, 35, 36, 37, 38, 39, 40, 41, 42, 43
        ]),
    dict(type='FormatShape', input_format='NCTHW'),
    dict(type='Collect', keys=['imgs', 'label'], meta_keys=[]),
    dict(type='ToTensor', keys=['imgs'])
]
data = dict(
    videos_per_gpu=8,
    workers_per_gpu=4,
    test_dataloader=dict(videos_per_gpu=4),
    train=dict(
        type='RepeatDataset',
        times=20,
        dataset=dict(
            type='PoseDataset',
            ann_file='data/ds_taichi/TEST9AUG4/WSWR/train_data.pkl',
            data_prefix='',
            pipeline=[
                dict(type='UniformSampleFrames', clip_len=48),
                dict(type='PoseDecode'),
                dict(type='PoseCompact', hw_ratio=1.0, allow_imgpad=True),
                dict(type='Resize', scale=(-1, 64)),
                dict(type='RandomResizedCrop', area_range=(0.56, 1.0)),
                dict(type='Resize', scale=(56, 56), keep_ratio=False),
                dict(
                    type='Flip',
                    flip_ratio=0.5,
                    left_kp=[
                        5, 6, 7, 8, 44, 45, 46, 47, 48, 49, 50, 51, 52, 53, 54,
                        55, 56, 57, 58, 59, 60, 61, 62, 63, 64, 65, 66, 67, 68,
                        69, 70, 71
                    ],
                    right_kp=[
                        1, 2, 3, 4, 16, 17, 18, 19, 20, 21, 22, 23, 24, 25, 26,
                        27, 28, 29, 30, 31, 32, 33, 34, 35, 36, 37, 38, 39, 40,
                        41, 42, 43
                    ]),
                dict(
                    type='GenerateTaiChiPoseTarget',
                    sigma=0.6,
                    use_score=True,
                    with_kp=True,
                    with_limb=False),
                dict(type='FormatShape', input_format='NCTHW'),
                dict(type='Collect', keys=['imgs', 'label'], meta_keys=[]),
                dict(type='ToTensor', keys=['imgs', 'label'])
            ])),
    val=dict(
        type='PoseDataset',
        ann_file='data/ds_taichi/TEST9AUG4/WSWR/test_data.pkl',
        data_prefix='',
        pipeline=[
            dict(
                type='UniformSampleFrames',
                clip_len=48,
                num_clips=1,
                test_mode=True),
            dict(type='PoseDecode'),
            dict(type='PoseCompact', hw_ratio=1.0, allow_imgpad=True),
            dict(type='Resize', scale=(-1, 64)),
            dict(type='CenterCrop', crop_size=64),
            dict(
                type='GenerateTaiChiPoseTarget',
                sigma=0.6,
                use_score=True,
                with_kp=True,
                with_limb=False),
            dict(type='FormatShape', input_format='NCTHW'),
            dict(type='Collect', keys=['imgs', 'label'], meta_keys=[]),
            dict(type='ToTensor', keys=['imgs'])
        ]),
    test=dict(
        type='PoseDataset',
        ann_file='data/ds_taichi/TEST9AUG4/WSWR/test_data.pkl',
        data_prefix='',
        pipeline=[
            dict(
                type='UniformSampleFrames',
                clip_len=48,
                num_clips=10,
                test_mode=True),
            dict(type='PoseDecode'),
            dict(type='PoseCompact', hw_ratio=1.0, allow_imgpad=True),
            dict(type='Resize', scale=(-1, 64)),
            dict(type='CenterCrop', crop_size=64),
            dict(
                type='GenerateTaiChiPoseTarget',
                sigma=0.6,
                use_score=True,
                with_kp=True,
                with_limb=False,
                double=True,
                left_kp=[
                    5, 6, 7, 8, 44, 45, 46, 47, 48, 49, 50, 51, 52, 53, 54, 55,
                    56, 57, 58, 59, 60, 61, 62, 63, 64, 65, 66, 67, 68, 69, 70,
                    71
                ],
                right_kp=[
                    1, 2, 3, 4, 16, 17, 18, 19, 20, 21, 22, 23, 24, 25, 26, 27,
                    28, 29, 30, 31, 32, 33, 34, 35, 36, 37, 38, 39, 40, 41, 42,
                    43
                ]),
            dict(type='FormatShape', input_format='NCTHW'),
            dict(type='Collect', keys=['imgs', 'label'], meta_keys=[]),
            dict(type='ToTensor', keys=['imgs'])
        ]))
optimizer = dict(type='SGD', lr=1, momentum=0.9, weight_decay=0.0003)
optimizer_config = dict(grad_clip=dict(max_norm=40, norm_type=2))
lr_config = dict(policy='CosineAnnealing', by_epoch=False, min_lr=0)
total_epochs = 48
checkpoint_config = dict()
workflow = [('train', 1)]
evaluation = dict(
    interval=1, metrics=['top_k_accuracy', 'mean_class_accuracy'], topk=(1, 5))
log_config = dict(interval=40, hooks=[dict(type='TextLoggerHook')])
output_config = dict(
    out='./model_pth/exp1-new/WSWR-linear5/test_result/results.pkl')
eval_config = dict(
    metric_out='./model_pth/exp1-new/WSWR-linear5/test_result',
    eval=[
        'top_k_accuracy', 'mean_class_accuracy', 'confusion_matrix',
        't_sne_vis'
    ])
dist_params = dict(backend='nccl')
log_level = 'INFO'
work_dir = './model_pth/exp1-new/WSWR-linear5'
load_from = './model_pth/5part_ntu60_xsub_kp_0331/epoch_24.pth'
resume_from = None
find_unused_parameters = True
gpu_ids = range(0, 4)
omnisource = False
module_hooks = []

2022-04-26 22:03:39,187 - mmaction - INFO - Set random seed to 42, deterministic: True
2022-04-26 22:03:39,256 - mmaction - INFO - 80 videos remain after valid thresholding
2022-04-26 22:03:45,275 - mmaction - INFO - 180 videos remain after valid thresholding
2022-04-26 22:03:45,276 - mmaction - INFO - load checkpoint from local path: ./model_pth/5part_ntu60_xsub_kp_0331/epoch_24.pth
2022-04-26 22:03:45,299 - mmaction - WARNING - The model and loaded state dict do not match exactly

size mismatch for cls_head.fc_cls.weight: copying a param with shape torch.Size([60, 512]) from checkpoint, the shape in current model is torch.Size([10, 512]).
size mismatch for cls_head.fc_cls.bias: copying a param with shape torch.Size([60]) from checkpoint, the shape in current model is torch.Size([10]).
2022-04-26 22:03:45,299 - mmaction - INFO - Start running, host: yl@83090-jin, work_dir: /home/yl/myposec3d/model_pth/exp1-new/WSWR-linear5
2022-04-26 22:03:45,299 - mmaction - INFO - Hooks will be executed in the following order:
before_run:
(VERY_HIGH   ) CosineAnnealingLrUpdaterHook       
(NORMAL      ) CheckpointHook                     
(NORMAL      ) DistEvalHook                       
(VERY_LOW    ) TextLoggerHook                     
 -------------------- 
before_train_epoch:
(VERY_HIGH   ) CosineAnnealingLrUpdaterHook       
(NORMAL      ) DistSamplerSeedHook                
(NORMAL      ) DistEvalHook                       
(LOW         ) IterTimerHook                      
(VERY_LOW    ) TextLoggerHook                     
 -------------------- 
before_train_iter:
(VERY_HIGH   ) CosineAnnealingLrUpdaterHook       
(NORMAL      ) DistEvalHook                       
(LOW         ) IterTimerHook                      
 -------------------- 
after_train_iter:
(ABOVE_NORMAL) OptimizerHook                      
(NORMAL      ) CheckpointHook                     
(NORMAL      ) DistEvalHook                       
(LOW         ) IterTimerHook                      
(VERY_LOW    ) TextLoggerHook                     
 -------------------- 
after_train_epoch:
(NORMAL      ) CheckpointHook                     
(NORMAL      ) DistEvalHook                       
(VERY_LOW    ) TextLoggerHook                     
 -------------------- 
before_val_epoch:
(NORMAL      ) DistSamplerSeedHook                
(LOW         ) IterTimerHook                      
(VERY_LOW    ) TextLoggerHook                     
 -------------------- 
before_val_iter:
(LOW         ) IterTimerHook                      
 -------------------- 
after_val_iter:
(LOW         ) IterTimerHook                      
 -------------------- 
after_val_epoch:
(VERY_LOW    ) TextLoggerHook                     
 -------------------- 
after_run:
(VERY_LOW    ) TextLoggerHook                     
 -------------------- 
2022-04-26 22:03:45,300 - mmaction - INFO - workflow: [('train', 1)], max: 48 epochs
2022-04-26 22:03:45,300 - mmaction - INFO - Checkpoints will be saved to /home/yl/myposec3d/model_pth/exp1-new/WSWR-linear5 by HardDiskBackend.
2022-04-26 22:04:17,737 - mmaction - INFO - Epoch [1][40/50]	lr: 9.993e-01, eta: 0:31:53, time: 0.811, data_time: 0.686, memory: 665, top1_acc: 0.2570, top5_acc: 0.6742, loss_cls: 30.9780, loss: 30.9780, grad_norm: 5.1817
2022-04-26 22:04:46,570 - mmaction - INFO - Evaluating top_k_accuracy ...
2022-04-26 22:04:46,571 - mmaction - INFO - 
top1_acc	0.4222
top5_acc	0.8333
2022-04-26 22:04:46,571 - mmaction - INFO - Evaluating mean_class_accuracy ...
2022-04-26 22:04:46,571 - mmaction - INFO - 
mean_acc	0.4222
2022-04-26 22:04:46,598 - mmaction - INFO - Now best checkpoint is saved as best_top1_acc_epoch_1.pth.
2022-04-26 22:04:46,598 - mmaction - INFO - Best top1_acc is 0.4222 at 1 epoch.
2022-04-26 22:04:46,599 - mmaction - INFO - Epoch(val) [1][6]	top1_acc: 0.4222, top5_acc: 0.8333, mean_class_accuracy: 0.4222
2022-04-26 22:05:17,427 - mmaction - INFO - Epoch [2][40/50]	lr: 9.966e-01, eta: 0:27:03, time: 0.771, data_time: 0.631, memory: 861, top1_acc: 0.4570, top5_acc: 0.8852, loss_cls: 23.5092, loss: 23.5092, grad_norm: 3.5653
2022-04-26 22:05:46,704 - mmaction - INFO - Evaluating top_k_accuracy ...
2022-04-26 22:05:46,704 - mmaction - INFO - 
top1_acc	0.4667
top5_acc	0.8111
2022-04-26 22:05:46,704 - mmaction - INFO - Evaluating mean_class_accuracy ...
2022-04-26 22:05:46,705 - mmaction - INFO - 
mean_acc	0.4667
2022-04-26 22:05:46,706 - mmaction - INFO - The previous best checkpoint /home/yl/myposec3d/model_pth/exp1-new/WSWR-linear5/best_top1_acc_epoch_1.pth was removed
2022-04-26 22:05:46,735 - mmaction - INFO - Now best checkpoint is saved as best_top1_acc_epoch_2.pth.
2022-04-26 22:05:46,735 - mmaction - INFO - Best top1_acc is 0.4667 at 2 epoch.
2022-04-26 22:05:46,735 - mmaction - INFO - Epoch(val) [2][6]	top1_acc: 0.4667, top5_acc: 0.8111, mean_class_accuracy: 0.4667
2022-04-26 22:06:18,513 - mmaction - INFO - Epoch [3][40/50]	lr: 9.917e-01, eta: 0:25:34, time: 0.794, data_time: 0.697, memory: 861, top1_acc: 0.5117, top5_acc: 0.9258, loss_cls: 18.9232, loss: 18.9232, grad_norm: 3.1232
2022-04-26 22:06:47,303 - mmaction - INFO - Evaluating top_k_accuracy ...
2022-04-26 22:06:47,304 - mmaction - INFO - 
top1_acc	0.5222
top5_acc	0.9056
2022-04-26 22:06:47,304 - mmaction - INFO - Evaluating mean_class_accuracy ...
2022-04-26 22:06:47,305 - mmaction - INFO - 
mean_acc	0.5222
2022-04-26 22:06:47,306 - mmaction - INFO - The previous best checkpoint /home/yl/myposec3d/model_pth/exp1-new/WSWR-linear5/best_top1_acc_epoch_2.pth was removed
2022-04-26 22:06:47,333 - mmaction - INFO - Now best checkpoint is saved as best_top1_acc_epoch_3.pth.
2022-04-26 22:06:47,333 - mmaction - INFO - Best top1_acc is 0.5222 at 3 epoch.
2022-04-26 22:06:47,333 - mmaction - INFO - Epoch(val) [3][6]	top1_acc: 0.5222, top5_acc: 0.9056, mean_class_accuracy: 0.5222
2022-04-26 22:07:18,488 - mmaction - INFO - Epoch [4][40/50]	lr: 9.848e-01, eta: 0:24:27, time: 0.779, data_time: 0.676, memory: 861, top1_acc: 0.5461, top5_acc: 0.9289, loss_cls: 17.9196, loss: 17.9196, grad_norm: 2.9847
2022-04-26 22:07:48,059 - mmaction - INFO - Evaluating top_k_accuracy ...
2022-04-26 22:07:48,060 - mmaction - INFO - 
top1_acc	0.5056
top5_acc	0.8778
2022-04-26 22:07:48,060 - mmaction - INFO - Evaluating mean_class_accuracy ...
2022-04-26 22:07:48,060 - mmaction - INFO - 
mean_acc	0.5056
2022-04-26 22:07:48,060 - mmaction - INFO - Epoch(val) [4][6]	top1_acc: 0.5056, top5_acc: 0.8778, mean_class_accuracy: 0.5056
2022-04-26 22:08:19,979 - mmaction - INFO - Epoch [5][40/50]	lr: 9.757e-01, eta: 0:23:42, time: 0.798, data_time: 0.626, memory: 861, top1_acc: 0.5219, top5_acc: 0.9141, loss_cls: 20.1951, loss: 20.1951, grad_norm: 3.2556
2022-04-26 22:08:49,095 - mmaction - INFO - Evaluating top_k_accuracy ...
2022-04-26 22:08:49,096 - mmaction - INFO - 
top1_acc	0.6444
top5_acc	0.9500
2022-04-26 22:08:49,096 - mmaction - INFO - Evaluating mean_class_accuracy ...
2022-04-26 22:08:49,096 - mmaction - INFO - 
mean_acc	0.6444
2022-04-26 22:08:49,098 - mmaction - INFO - The previous best checkpoint /home/yl/myposec3d/model_pth/exp1-new/WSWR-linear5/best_top1_acc_epoch_3.pth was removed
2022-04-26 22:08:49,122 - mmaction - INFO - Now best checkpoint is saved as best_top1_acc_epoch_5.pth.
2022-04-26 22:08:49,123 - mmaction - INFO - Best top1_acc is 0.6444 at 5 epoch.
2022-04-26 22:08:49,123 - mmaction - INFO - Epoch(val) [5][6]	top1_acc: 0.6444, top5_acc: 0.9500, mean_class_accuracy: 0.6444
2022-04-26 22:09:20,634 - mmaction - INFO - Epoch [6][40/50]	lr: 9.646e-01, eta: 0:22:59, time: 0.788, data_time: 0.643, memory: 861, top1_acc: 0.5922, top5_acc: 0.9563, loss_cls: 12.8881, loss: 12.8881, grad_norm: 2.5861
2022-04-26 22:09:49,784 - mmaction - INFO - Evaluating top_k_accuracy ...
2022-04-26 22:09:49,784 - mmaction - INFO - 
top1_acc	0.5500
top5_acc	0.9444
2022-04-26 22:09:49,784 - mmaction - INFO - Evaluating mean_class_accuracy ...
2022-04-26 22:09:49,784 - mmaction - INFO - 
mean_acc	0.5500
2022-04-26 22:09:49,785 - mmaction - INFO - Epoch(val) [6][6]	top1_acc: 0.5500, top5_acc: 0.9444, mean_class_accuracy: 0.5500
2022-04-26 22:10:21,230 - mmaction - INFO - Epoch [7][40/50]	lr: 9.516e-01, eta: 0:22:19, time: 0.786, data_time: 0.719, memory: 861, top1_acc: 0.5289, top5_acc: 0.9133, loss_cls: 20.3475, loss: 20.3475, grad_norm: 3.3872
2022-04-26 22:10:50,353 - mmaction - INFO - Evaluating top_k_accuracy ...
2022-04-26 22:10:50,354 - mmaction - INFO - 
top1_acc	0.6556
top5_acc	0.8778
2022-04-26 22:10:50,354 - mmaction - INFO - Evaluating mean_class_accuracy ...
2022-04-26 22:10:50,355 - mmaction - INFO - 
mean_acc	0.6556
2022-04-26 22:10:50,357 - mmaction - INFO - The previous best checkpoint /home/yl/myposec3d/model_pth/exp1-new/WSWR-linear5/best_top1_acc_epoch_5.pth was removed
2022-04-26 22:10:50,385 - mmaction - INFO - Now best checkpoint is saved as best_top1_acc_epoch_7.pth.
2022-04-26 22:10:50,386 - mmaction - INFO - Best top1_acc is 0.6556 at 7 epoch.
2022-04-26 22:10:50,386 - mmaction - INFO - Epoch(val) [7][6]	top1_acc: 0.6556, top5_acc: 0.8778, mean_class_accuracy: 0.6556
2022-04-26 22:11:21,934 - mmaction - INFO - Epoch [8][40/50]	lr: 9.366e-01, eta: 0:21:41, time: 0.789, data_time: 0.740, memory: 861, top1_acc: 0.5641, top5_acc: 0.9445, loss_cls: 16.6918, loss: 16.6918, grad_norm: 2.8889
2022-04-26 22:11:51,298 - mmaction - INFO - Evaluating top_k_accuracy ...
2022-04-26 22:11:51,299 - mmaction - INFO - 
top1_acc	0.4889
top5_acc	0.9389
2022-04-26 22:11:51,299 - mmaction - INFO - Evaluating mean_class_accuracy ...
2022-04-26 22:11:51,300 - mmaction - INFO - 
mean_acc	0.4889
2022-04-26 22:11:51,300 - mmaction - INFO - Epoch(val) [8][6]	top1_acc: 0.4889, top5_acc: 0.9389, mean_class_accuracy: 0.4889
2022-04-26 22:12:22,509 - mmaction - INFO - Epoch [9][40/50]	lr: 9.197e-01, eta: 0:21:04, time: 0.780, data_time: 0.689, memory: 861, top1_acc: 0.5672, top5_acc: 0.9422, loss_cls: 14.9198, loss: 14.9198, grad_norm: 2.9006
2022-04-26 22:12:52,022 - mmaction - INFO - Evaluating top_k_accuracy ...
2022-04-26 22:12:52,023 - mmaction - INFO - 
top1_acc	0.7000
top5_acc	0.9167
2022-04-26 22:12:52,023 - mmaction - INFO - Evaluating mean_class_accuracy ...
2022-04-26 22:12:52,023 - mmaction - INFO - 
mean_acc	0.7000
2022-04-26 22:12:52,024 - mmaction - INFO - The previous best checkpoint /home/yl/myposec3d/model_pth/exp1-new/WSWR-linear5/best_top1_acc_epoch_7.pth was removed
2022-04-26 22:12:52,049 - mmaction - INFO - Now best checkpoint is saved as best_top1_acc_epoch_9.pth.
2022-04-26 22:12:52,049 - mmaction - INFO - Best top1_acc is 0.7000 at 9 epoch.
2022-04-26 22:12:52,049 - mmaction - INFO - Epoch(val) [9][6]	top1_acc: 0.7000, top5_acc: 0.9167, mean_class_accuracy: 0.7000
2022-04-26 22:13:23,718 - mmaction - INFO - Epoch [10][40/50]	lr: 9.010e-01, eta: 0:20:29, time: 0.791, data_time: 0.618, memory: 861, top1_acc: 0.5984, top5_acc: 0.9422, loss_cls: 13.2200, loss: 13.2200, grad_norm: 2.6504
2022-04-26 22:13:53,125 - mmaction - INFO - Evaluating top_k_accuracy ...
2022-04-26 22:13:53,125 - mmaction - INFO - 
top1_acc	0.6944
top5_acc	0.8722
2022-04-26 22:13:53,125 - mmaction - INFO - Evaluating mean_class_accuracy ...
2022-04-26 22:13:53,126 - mmaction - INFO - 
mean_acc	0.6944
2022-04-26 22:13:53,126 - mmaction - INFO - Epoch(val) [10][6]	top1_acc: 0.6944, top5_acc: 0.8722, mean_class_accuracy: 0.6944
2022-04-26 22:14:24,335 - mmaction - INFO - Epoch [11][40/50]	lr: 8.806e-01, eta: 0:19:54, time: 0.780, data_time: 0.731, memory: 861, top1_acc: 0.5805, top5_acc: 0.9453, loss_cls: 14.1014, loss: 14.1014, grad_norm: 2.7375
2022-04-26 22:14:53,700 - mmaction - INFO - Evaluating top_k_accuracy ...
2022-04-26 22:14:53,700 - mmaction - INFO - 
top1_acc	0.5722
top5_acc	0.9389
2022-04-26 22:14:53,700 - mmaction - INFO - Evaluating mean_class_accuracy ...
2022-04-26 22:14:53,701 - mmaction - INFO - 
mean_acc	0.5722
2022-04-26 22:14:53,701 - mmaction - INFO - Epoch(val) [11][6]	top1_acc: 0.5722, top5_acc: 0.9389, mean_class_accuracy: 0.5722
2022-04-26 22:15:24,936 - mmaction - INFO - Epoch [12][40/50]	lr: 8.586e-01, eta: 0:19:19, time: 0.781, data_time: 0.697, memory: 861, top1_acc: 0.5828, top5_acc: 0.9500, loss_cls: 13.6882, loss: 13.6882, grad_norm: 2.7787
2022-04-26 22:15:54,135 - mmaction - INFO - Evaluating top_k_accuracy ...
2022-04-26 22:15:54,136 - mmaction - INFO - 
top1_acc	0.5389
top5_acc	0.8667
2022-04-26 22:15:54,136 - mmaction - INFO - Evaluating mean_class_accuracy ...
2022-04-26 22:15:54,136 - mmaction - INFO - 
mean_acc	0.5389
2022-04-26 22:15:54,136 - mmaction - INFO - Epoch(val) [12][6]	top1_acc: 0.5389, top5_acc: 0.8667, mean_class_accuracy: 0.5389
2022-04-26 22:16:26,519 - mmaction - INFO - Epoch [13][40/50]	lr: 8.351e-01, eta: 0:18:48, time: 0.809, data_time: 0.644, memory: 861, top1_acc: 0.5664, top5_acc: 0.9250, loss_cls: 16.0677, loss: 16.0677, grad_norm: 3.0667
2022-04-26 22:16:56,335 - mmaction - INFO - Evaluating top_k_accuracy ...
2022-04-26 22:16:56,336 - mmaction - INFO - 
top1_acc	0.7722
top5_acc	0.9833
2022-04-26 22:16:56,336 - mmaction - INFO - Evaluating mean_class_accuracy ...
2022-04-26 22:16:56,337 - mmaction - INFO - 
mean_acc	0.7722
2022-04-26 22:16:56,338 - mmaction - INFO - The previous best checkpoint /home/yl/myposec3d/model_pth/exp1-new/WSWR-linear5/best_top1_acc_epoch_9.pth was removed
2022-04-26 22:16:56,362 - mmaction - INFO - Now best checkpoint is saved as best_top1_acc_epoch_13.pth.
2022-04-26 22:16:56,362 - mmaction - INFO - Best top1_acc is 0.7722 at 13 epoch.
2022-04-26 22:16:56,362 - mmaction - INFO - Epoch(val) [13][6]	top1_acc: 0.7722, top5_acc: 0.9833, mean_class_accuracy: 0.7722
2022-04-26 22:17:28,655 - mmaction - INFO - Epoch [14][40/50]	lr: 8.101e-01, eta: 0:18:16, time: 0.807, data_time: 0.758, memory: 861, top1_acc: 0.5836, top5_acc: 0.9398, loss_cls: 14.0087, loss: 14.0087, grad_norm: 2.9408
2022-04-26 22:17:58,466 - mmaction - INFO - Evaluating top_k_accuracy ...
2022-04-26 22:17:58,467 - mmaction - INFO - 
top1_acc	0.6333
top5_acc	0.9333
2022-04-26 22:17:58,467 - mmaction - INFO - Evaluating mean_class_accuracy ...
2022-04-26 22:17:58,467 - mmaction - INFO - 
mean_acc	0.6333
2022-04-26 22:17:58,467 - mmaction - INFO - Epoch(val) [14][6]	top1_acc: 0.6333, top5_acc: 0.9333, mean_class_accuracy: 0.6333
2022-04-26 22:18:30,119 - mmaction - INFO - Epoch [15][40/50]	lr: 7.837e-01, eta: 0:17:43, time: 0.791, data_time: 0.711, memory: 861, top1_acc: 0.6094, top5_acc: 0.9625, loss_cls: 11.6441, loss: 11.6441, grad_norm: 2.6693
2022-04-26 22:18:59,629 - mmaction - INFO - Evaluating top_k_accuracy ...
2022-04-26 22:18:59,630 - mmaction - INFO - 
top1_acc	0.6389
top5_acc	1.0000
2022-04-26 22:18:59,630 - mmaction - INFO - Evaluating mean_class_accuracy ...
2022-04-26 22:18:59,630 - mmaction - INFO - 
mean_acc	0.6389
2022-04-26 22:18:59,631 - mmaction - INFO - Epoch(val) [15][6]	top1_acc: 0.6389, top5_acc: 1.0000, mean_class_accuracy: 0.6389
2022-04-26 22:19:31,386 - mmaction - INFO - Epoch [16][40/50]	lr: 7.562e-01, eta: 0:17:11, time: 0.794, data_time: 0.611, memory: 861, top1_acc: 0.6062, top5_acc: 0.9445, loss_cls: 12.2890, loss: 12.2890, grad_norm: 2.8181
2022-04-26 22:20:00,922 - mmaction - INFO - Evaluating top_k_accuracy ...
2022-04-26 22:20:00,923 - mmaction - INFO - 
top1_acc	0.5722
top5_acc	1.0000
2022-04-26 22:20:00,923 - mmaction - INFO - Evaluating mean_class_accuracy ...
2022-04-26 22:20:00,923 - mmaction - INFO - 
mean_acc	0.5722
2022-04-26 22:20:00,923 - mmaction - INFO - Epoch(val) [16][6]	top1_acc: 0.5722, top5_acc: 1.0000, mean_class_accuracy: 0.5722
2022-04-26 22:20:32,398 - mmaction - INFO - Epoch [17][40/50]	lr: 7.276e-01, eta: 0:16:38, time: 0.787, data_time: 0.645, memory: 861, top1_acc: 0.6125, top5_acc: 0.9547, loss_cls: 11.2651, loss: 11.2651, grad_norm: 2.6939
2022-04-26 22:21:01,687 - mmaction - INFO - Evaluating top_k_accuracy ...
2022-04-26 22:21:01,687 - mmaction - INFO - 
top1_acc	0.5722
top5_acc	0.9667
2022-04-26 22:21:01,687 - mmaction - INFO - Evaluating mean_class_accuracy ...
2022-04-26 22:21:01,688 - mmaction - INFO - 
mean_acc	0.5722
2022-04-26 22:21:01,688 - mmaction - INFO - Epoch(val) [17][6]	top1_acc: 0.5722, top5_acc: 0.9667, mean_class_accuracy: 0.5722
2022-04-26 22:21:33,035 - mmaction - INFO - Epoch [18][40/50]	lr: 6.980e-01, eta: 0:16:04, time: 0.784, data_time: 0.622, memory: 861, top1_acc: 0.6016, top5_acc: 0.9648, loss_cls: 10.4655, loss: 10.4655, grad_norm: 2.7066
2022-04-26 22:22:02,229 - mmaction - INFO - Evaluating top_k_accuracy ...
2022-04-26 22:22:02,229 - mmaction - INFO - 
top1_acc	0.5111
top5_acc	0.9556
2022-04-26 22:22:02,229 - mmaction - INFO - Evaluating mean_class_accuracy ...
2022-04-26 22:22:02,230 - mmaction - INFO - 
mean_acc	0.5111
2022-04-26 22:22:02,230 - mmaction - INFO - Epoch(val) [18][6]	top1_acc: 0.5111, top5_acc: 0.9556, mean_class_accuracy: 0.5111
2022-04-26 22:22:33,846 - mmaction - INFO - Epoch [19][40/50]	lr: 6.675e-01, eta: 0:15:32, time: 0.790, data_time: 0.684, memory: 861, top1_acc: 0.6367, top5_acc: 0.9539, loss_cls: 10.4178, loss: 10.4178, grad_norm: 2.5372
2022-04-26 22:23:02,933 - mmaction - INFO - Evaluating top_k_accuracy ...
2022-04-26 22:23:02,934 - mmaction - INFO - 
top1_acc	0.5889
top5_acc	0.8722
2022-04-26 22:23:02,934 - mmaction - INFO - Evaluating mean_class_accuracy ...
2022-04-26 22:23:02,934 - mmaction - INFO - 
mean_acc	0.5889
2022-04-26 22:23:02,935 - mmaction - INFO - Epoch(val) [19][6]	top1_acc: 0.5889, top5_acc: 0.8722, mean_class_accuracy: 0.5889
2022-04-26 22:23:34,229 - mmaction - INFO - Epoch [20][40/50]	lr: 6.364e-01, eta: 0:14:59, time: 0.782, data_time: 0.619, memory: 861, top1_acc: 0.6477, top5_acc: 0.9648, loss_cls: 9.0317, loss: 9.0317, grad_norm: 2.4865
2022-04-26 22:24:03,649 - mmaction - INFO - Evaluating top_k_accuracy ...
2022-04-26 22:24:03,650 - mmaction - INFO - 
top1_acc	0.7000
top5_acc	0.9444
2022-04-26 22:24:03,650 - mmaction - INFO - Evaluating mean_class_accuracy ...
2022-04-26 22:24:03,650 - mmaction - INFO - 
mean_acc	0.7000
2022-04-26 22:24:03,650 - mmaction - INFO - Epoch(val) [20][6]	top1_acc: 0.7000, top5_acc: 0.9444, mean_class_accuracy: 0.7000
2022-04-26 22:24:34,839 - mmaction - INFO - Epoch [21][40/50]	lr: 6.046e-01, eta: 0:14:26, time: 0.780, data_time: 0.609, memory: 861, top1_acc: 0.6305, top5_acc: 0.9664, loss_cls: 9.3876, loss: 9.3876, grad_norm: 2.4550
2022-04-26 22:25:04,631 - mmaction - INFO - Evaluating top_k_accuracy ...
2022-04-26 22:25:04,631 - mmaction - INFO - 
top1_acc	0.6000
top5_acc	0.9778
2022-04-26 22:25:04,632 - mmaction - INFO - Evaluating mean_class_accuracy ...
2022-04-26 22:25:04,632 - mmaction - INFO - 
mean_acc	0.6000
2022-04-26 22:25:04,632 - mmaction - INFO - Epoch(val) [21][6]	top1_acc: 0.6000, top5_acc: 0.9778, mean_class_accuracy: 0.6000
2022-04-26 22:25:36,446 - mmaction - INFO - Epoch [22][40/50]	lr: 5.724e-01, eta: 0:13:54, time: 0.795, data_time: 0.636, memory: 861, top1_acc: 0.6031, top5_acc: 0.9602, loss_cls: 9.0637, loss: 9.0637, grad_norm: 2.6086
2022-04-26 22:26:05,767 - mmaction - INFO - Evaluating top_k_accuracy ...
2022-04-26 22:26:05,768 - mmaction - INFO - 
top1_acc	0.7111
top5_acc	0.9500
2022-04-26 22:26:05,768 - mmaction - INFO - Evaluating mean_class_accuracy ...
2022-04-26 22:26:05,768 - mmaction - INFO - 
mean_acc	0.7111
2022-04-26 22:26:05,768 - mmaction - INFO - Epoch(val) [22][6]	top1_acc: 0.7111, top5_acc: 0.9500, mean_class_accuracy: 0.7111
2022-04-26 22:26:37,666 - mmaction - INFO - Epoch [23][40/50]	lr: 5.399e-01, eta: 0:13:23, time: 0.797, data_time: 0.610, memory: 861, top1_acc: 0.6086, top5_acc: 0.9594, loss_cls: 9.4021, loss: 9.4021, grad_norm: 2.6922
2022-04-26 22:27:07,027 - mmaction - INFO - Evaluating top_k_accuracy ...
2022-04-26 22:27:07,028 - mmaction - INFO - 
top1_acc	0.7167
top5_acc	0.9444
2022-04-26 22:27:07,028 - mmaction - INFO - Evaluating mean_class_accuracy ...
2022-04-26 22:27:07,028 - mmaction - INFO - 
mean_acc	0.7167
2022-04-26 22:27:07,028 - mmaction - INFO - Epoch(val) [23][6]	top1_acc: 0.7167, top5_acc: 0.9444, mean_class_accuracy: 0.7167
2022-04-26 22:27:38,877 - mmaction - INFO - Epoch [24][40/50]	lr: 5.072e-01, eta: 0:12:51, time: 0.796, data_time: 0.667, memory: 861, top1_acc: 0.6477, top5_acc: 0.9680, loss_cls: 7.7027, loss: 7.7027, grad_norm: 2.4105
2022-04-26 22:28:08,697 - mmaction - INFO - Evaluating top_k_accuracy ...
2022-04-26 22:28:08,698 - mmaction - INFO - 
top1_acc	0.7167
top5_acc	0.9611
2022-04-26 22:28:08,698 - mmaction - INFO - Evaluating mean_class_accuracy ...
2022-04-26 22:28:08,698 - mmaction - INFO - 
mean_acc	0.7167
2022-04-26 22:28:08,699 - mmaction - INFO - Epoch(val) [24][6]	top1_acc: 0.7167, top5_acc: 0.9611, mean_class_accuracy: 0.7167
2022-04-26 22:28:40,037 - mmaction - INFO - Epoch [25][40/50]	lr: 4.745e-01, eta: 0:12:18, time: 0.783, data_time: 0.637, memory: 861, top1_acc: 0.6414, top5_acc: 0.9609, loss_cls: 7.7988, loss: 7.7988, grad_norm: 2.4365
2022-04-26 22:29:09,201 - mmaction - INFO - Evaluating top_k_accuracy ...
2022-04-26 22:29:09,201 - mmaction - INFO - 
top1_acc	0.6778
top5_acc	0.9556
2022-04-26 22:29:09,201 - mmaction - INFO - Evaluating mean_class_accuracy ...
2022-04-26 22:29:09,202 - mmaction - INFO - 
mean_acc	0.6778
2022-04-26 22:29:09,202 - mmaction - INFO - Epoch(val) [25][6]	top1_acc: 0.6778, top5_acc: 0.9556, mean_class_accuracy: 0.6778
2022-04-26 22:29:40,421 - mmaction - INFO - Epoch [26][40/50]	lr: 4.419e-01, eta: 0:11:46, time: 0.780, data_time: 0.662, memory: 861, top1_acc: 0.6312, top5_acc: 0.9555, loss_cls: 8.3114, loss: 8.3114, grad_norm: 2.5965
2022-04-26 22:30:09,652 - mmaction - INFO - Evaluating top_k_accuracy ...
2022-04-26 22:30:09,653 - mmaction - INFO - 
top1_acc	0.6056
top5_acc	0.9333
2022-04-26 22:30:09,653 - mmaction - INFO - Evaluating mean_class_accuracy ...
2022-04-26 22:30:09,653 - mmaction - INFO - 
mean_acc	0.6056
2022-04-26 22:30:09,653 - mmaction - INFO - Epoch(val) [26][6]	top1_acc: 0.6056, top5_acc: 0.9333, mean_class_accuracy: 0.6056
2022-04-26 22:30:41,143 - mmaction - INFO - Epoch [27][40/50]	lr: 4.095e-01, eta: 0:11:14, time: 0.787, data_time: 0.691, memory: 861, top1_acc: 0.6531, top5_acc: 0.9680, loss_cls: 7.1710, loss: 7.1710, grad_norm: 2.4158
2022-04-26 22:31:11,380 - mmaction - INFO - Evaluating top_k_accuracy ...
2022-04-26 22:31:11,380 - mmaction - INFO - 
top1_acc	0.6944
top5_acc	0.9500
2022-04-26 22:31:11,380 - mmaction - INFO - Evaluating mean_class_accuracy ...
2022-04-26 22:31:11,381 - mmaction - INFO - 
mean_acc	0.6944
2022-04-26 22:31:11,381 - mmaction - INFO - Epoch(val) [27][6]	top1_acc: 0.6944, top5_acc: 0.9500, mean_class_accuracy: 0.6944
2022-04-26 22:31:43,442 - mmaction - INFO - Epoch [28][40/50]	lr: 3.776e-01, eta: 0:10:42, time: 0.801, data_time: 0.617, memory: 861, top1_acc: 0.6578, top5_acc: 0.9664, loss_cls: 6.3362, loss: 6.3362, grad_norm: 2.4445
2022-04-26 22:32:12,614 - mmaction - INFO - Evaluating top_k_accuracy ...
2022-04-26 22:32:12,614 - mmaction - INFO - 
top1_acc	0.5667
top5_acc	0.9667
2022-04-26 22:32:12,614 - mmaction - INFO - Evaluating mean_class_accuracy ...
2022-04-26 22:32:12,615 - mmaction - INFO - 
mean_acc	0.5667
2022-04-26 22:32:12,615 - mmaction - INFO - Epoch(val) [28][6]	top1_acc: 0.5667, top5_acc: 0.9667, mean_class_accuracy: 0.5667
2022-04-26 22:32:44,087 - mmaction - INFO - Epoch [29][40/50]	lr: 3.461e-01, eta: 0:10:10, time: 0.787, data_time: 0.615, memory: 861, top1_acc: 0.6273, top5_acc: 0.9750, loss_cls: 6.7378, loss: 6.7378, grad_norm: 2.4999
2022-04-26 22:33:14,481 - mmaction - INFO - Evaluating top_k_accuracy ...
2022-04-26 22:33:14,482 - mmaction - INFO - 
top1_acc	0.6389
top5_acc	0.9667
2022-04-26 22:33:14,482 - mmaction - INFO - Evaluating mean_class_accuracy ...
2022-04-26 22:33:14,482 - mmaction - INFO - 
mean_acc	0.6389
2022-04-26 22:33:14,482 - mmaction - INFO - Epoch(val) [29][6]	top1_acc: 0.6389, top5_acc: 0.9667, mean_class_accuracy: 0.6389
2022-04-26 22:33:46,985 - mmaction - INFO - Epoch [30][40/50]	lr: 3.153e-01, eta: 0:09:39, time: 0.812, data_time: 0.750, memory: 861, top1_acc: 0.6750, top5_acc: 0.9734, loss_cls: 5.1234, loss: 5.1234, grad_norm: 2.1946
2022-04-26 22:34:16,278 - mmaction - INFO - Evaluating top_k_accuracy ...
2022-04-26 22:34:16,279 - mmaction - INFO - 
top1_acc	0.7389
top5_acc	0.9611
2022-04-26 22:34:16,279 - mmaction - INFO - Evaluating mean_class_accuracy ...
2022-04-26 22:34:16,279 - mmaction - INFO - 
mean_acc	0.7389
2022-04-26 22:34:16,280 - mmaction - INFO - Epoch(val) [30][6]	top1_acc: 0.7389, top5_acc: 0.9611, mean_class_accuracy: 0.7389
2022-04-26 22:34:48,071 - mmaction - INFO - Epoch [31][40/50]	lr: 2.853e-01, eta: 0:09:07, time: 0.795, data_time: 0.667, memory: 861, top1_acc: 0.6859, top5_acc: 0.9828, loss_cls: 4.7889, loss: 4.7889, grad_norm: 2.2692
2022-04-26 22:35:17,438 - mmaction - INFO - Evaluating top_k_accuracy ...
2022-04-26 22:35:17,438 - mmaction - INFO - 
top1_acc	0.7556
top5_acc	0.9389
2022-04-26 22:35:17,438 - mmaction - INFO - Evaluating mean_class_accuracy ...
2022-04-26 22:35:17,439 - mmaction - INFO - 
mean_acc	0.7556
2022-04-26 22:35:17,439 - mmaction - INFO - Epoch(val) [31][6]	top1_acc: 0.7556, top5_acc: 0.9389, mean_class_accuracy: 0.7556
2022-04-26 22:35:49,289 - mmaction - INFO - Epoch [32][40/50]	lr: 2.563e-01, eta: 0:08:35, time: 0.796, data_time: 0.671, memory: 861, top1_acc: 0.7109, top5_acc: 0.9805, loss_cls: 3.9169, loss: 3.9169, grad_norm: 2.0643
2022-04-26 22:36:18,910 - mmaction - INFO - Evaluating top_k_accuracy ...
2022-04-26 22:36:18,911 - mmaction - INFO - 
top1_acc	0.8278
top5_acc	0.9722
2022-04-26 22:36:18,911 - mmaction - INFO - Evaluating mean_class_accuracy ...
2022-04-26 22:36:18,912 - mmaction - INFO - 
mean_acc	0.8278
2022-04-26 22:36:18,914 - mmaction - INFO - The previous best checkpoint /home/yl/myposec3d/model_pth/exp1-new/WSWR-linear5/best_top1_acc_epoch_13.pth was removed
2022-04-26 22:36:18,940 - mmaction - INFO - Now best checkpoint is saved as best_top1_acc_epoch_32.pth.
2022-04-26 22:36:18,940 - mmaction - INFO - Best top1_acc is 0.8278 at 32 epoch.
2022-04-26 22:36:18,940 - mmaction - INFO - Epoch(val) [32][6]	top1_acc: 0.8278, top5_acc: 0.9722, mean_class_accuracy: 0.8278
2022-04-26 22:36:50,630 - mmaction - INFO - Epoch [33][40/50]	lr: 2.282e-01, eta: 0:08:03, time: 0.792, data_time: 0.744, memory: 861, top1_acc: 0.7305, top5_acc: 0.9781, loss_cls: 3.3191, loss: 3.3191, grad_norm: 1.8502
2022-04-26 22:37:20,331 - mmaction - INFO - Evaluating top_k_accuracy ...
2022-04-26 22:37:20,332 - mmaction - INFO - 
top1_acc	0.6889
top5_acc	0.9556
2022-04-26 22:37:20,332 - mmaction - INFO - Evaluating mean_class_accuracy ...
2022-04-26 22:37:20,332 - mmaction - INFO - 
mean_acc	0.6889
2022-04-26 22:37:20,332 - mmaction - INFO - Epoch(val) [33][6]	top1_acc: 0.6889, top5_acc: 0.9556, mean_class_accuracy: 0.6889
2022-04-26 22:37:52,155 - mmaction - INFO - Epoch [34][40/50]	lr: 2.014e-01, eta: 0:07:31, time: 0.796, data_time: 0.687, memory: 861, top1_acc: 0.7094, top5_acc: 0.9828, loss_cls: 3.4471, loss: 3.4471, grad_norm: 1.9777
2022-04-26 22:38:21,444 - mmaction - INFO - Evaluating top_k_accuracy ...
2022-04-26 22:38:21,445 - mmaction - INFO - 
top1_acc	0.7111
top5_acc	0.9667
2022-04-26 22:38:21,445 - mmaction - INFO - Evaluating mean_class_accuracy ...
2022-04-26 22:38:21,445 - mmaction - INFO - 
mean_acc	0.7111
2022-04-26 22:38:21,445 - mmaction - INFO - Epoch(val) [34][6]	top1_acc: 0.7111, top5_acc: 0.9667, mean_class_accuracy: 0.7111
2022-04-26 22:38:52,815 - mmaction - INFO - Epoch [35][40/50]	lr: 1.758e-01, eta: 0:06:59, time: 0.784, data_time: 0.705, memory: 861, top1_acc: 0.7195, top5_acc: 0.9859, loss_cls: 3.2939, loss: 3.2939, grad_norm: 1.9026
2022-04-26 22:39:22,180 - mmaction - INFO - Evaluating top_k_accuracy ...
2022-04-26 22:39:22,180 - mmaction - INFO - 
top1_acc	0.7667
top5_acc	0.9444
2022-04-26 22:39:22,180 - mmaction - INFO - Evaluating mean_class_accuracy ...
2022-04-26 22:39:22,181 - mmaction - INFO - 
mean_acc	0.7667
2022-04-26 22:39:22,181 - mmaction - INFO - Epoch(val) [35][6]	top1_acc: 0.7667, top5_acc: 0.9444, mean_class_accuracy: 0.7667
2022-04-26 22:39:53,468 - mmaction - INFO - Epoch [36][40/50]	lr: 1.516e-01, eta: 0:06:27, time: 0.782, data_time: 0.607, memory: 861, top1_acc: 0.7695, top5_acc: 0.9906, loss_cls: 2.3663, loss: 2.3663, grad_norm: 1.6503
2022-04-26 22:40:22,989 - mmaction - INFO - Evaluating top_k_accuracy ...
2022-04-26 22:40:22,990 - mmaction - INFO - 
top1_acc	0.8222
top5_acc	0.9500
2022-04-26 22:40:22,990 - mmaction - INFO - Evaluating mean_class_accuracy ...
2022-04-26 22:40:22,990 - mmaction - INFO - 
mean_acc	0.8222
2022-04-26 22:40:22,990 - mmaction - INFO - Epoch(val) [36][6]	top1_acc: 0.8222, top5_acc: 0.9500, mean_class_accuracy: 0.8222
2022-04-26 22:40:55,168 - mmaction - INFO - Epoch [37][40/50]	lr: 1.289e-01, eta: 0:05:56, time: 0.804, data_time: 0.754, memory: 861, top1_acc: 0.7469, top5_acc: 0.9852, loss_cls: 2.3371, loss: 2.3371, grad_norm: 1.6466
2022-04-26 22:41:24,418 - mmaction - INFO - Evaluating top_k_accuracy ...
2022-04-26 22:41:24,419 - mmaction - INFO - 
top1_acc	0.6278
top5_acc	0.9889
2022-04-26 22:41:24,420 - mmaction - INFO - Evaluating mean_class_accuracy ...
2022-04-26 22:41:24,420 - mmaction - INFO - 
mean_acc	0.6278
2022-04-26 22:41:24,421 - mmaction - INFO - Epoch(val) [37][6]	top1_acc: 0.6278, top5_acc: 0.9889, mean_class_accuracy: 0.6278
2022-04-26 22:41:55,997 - mmaction - INFO - Epoch [38][40/50]	lr: 1.077e-01, eta: 0:05:24, time: 0.789, data_time: 0.625, memory: 861, top1_acc: 0.7578, top5_acc: 0.9852, loss_cls: 2.3541, loss: 2.3541, grad_norm: 1.8058
2022-04-26 22:42:25,596 - mmaction - INFO - Evaluating top_k_accuracy ...
2022-04-26 22:42:25,597 - mmaction - INFO - 
top1_acc	0.7500
top5_acc	0.9611
2022-04-26 22:42:25,597 - mmaction - INFO - Evaluating mean_class_accuracy ...
2022-04-26 22:42:25,598 - mmaction - INFO - 
mean_acc	0.7500
2022-04-26 22:42:25,598 - mmaction - INFO - Epoch(val) [38][6]	top1_acc: 0.7500, top5_acc: 0.9611, mean_class_accuracy: 0.7500
2022-04-26 22:42:56,858 - mmaction - INFO - Epoch [39][40/50]	lr: 8.831e-02, eta: 0:04:52, time: 0.781, data_time: 0.689, memory: 861, top1_acc: 0.7531, top5_acc: 0.9914, loss_cls: 2.2562, loss: 2.2562, grad_norm: 1.7347
2022-04-26 22:43:26,556 - mmaction - INFO - Evaluating top_k_accuracy ...
2022-04-26 22:43:26,557 - mmaction - INFO - 
top1_acc	0.7889
top5_acc	0.9611
2022-04-26 22:43:26,557 - mmaction - INFO - Evaluating mean_class_accuracy ...
2022-04-26 22:43:26,557 - mmaction - INFO - 
mean_acc	0.7889
2022-04-26 22:43:26,557 - mmaction - INFO - Epoch(val) [39][6]	top1_acc: 0.7889, top5_acc: 0.9611, mean_class_accuracy: 0.7889
2022-04-26 22:43:58,223 - mmaction - INFO - Epoch [40][40/50]	lr: 7.063e-02, eta: 0:04:20, time: 0.792, data_time: 0.642, memory: 861, top1_acc: 0.7922, top5_acc: 0.9883, loss_cls: 1.7732, loss: 1.7732, grad_norm: 1.4600
2022-04-26 22:44:27,908 - mmaction - INFO - Evaluating top_k_accuracy ...
2022-04-26 22:44:27,909 - mmaction - INFO - 
top1_acc	0.8111
top5_acc	0.9611
2022-04-26 22:44:27,909 - mmaction - INFO - Evaluating mean_class_accuracy ...
2022-04-26 22:44:27,909 - mmaction - INFO - 
mean_acc	0.8111
2022-04-26 22:44:27,909 - mmaction - INFO - Epoch(val) [40][6]	top1_acc: 0.8111, top5_acc: 0.9611, mean_class_accuracy: 0.8111
2022-04-26 22:44:59,795 - mmaction - INFO - Epoch [41][40/50]	lr: 5.479e-02, eta: 0:03:48, time: 0.797, data_time: 0.706, memory: 861, top1_acc: 0.7664, top5_acc: 0.9906, loss_cls: 1.8820, loss: 1.8820, grad_norm: 1.6023
2022-04-26 22:45:29,858 - mmaction - INFO - Evaluating top_k_accuracy ...
2022-04-26 22:45:29,858 - mmaction - INFO - 
top1_acc	0.8056
top5_acc	0.9611
2022-04-26 22:45:29,858 - mmaction - INFO - Evaluating mean_class_accuracy ...
2022-04-26 22:45:29,858 - mmaction - INFO - 
mean_acc	0.8056
2022-04-26 22:45:29,858 - mmaction - INFO - Epoch(val) [41][6]	top1_acc: 0.8056, top5_acc: 0.9611, mean_class_accuracy: 0.8056
2022-04-26 22:46:01,760 - mmaction - INFO - Epoch [42][40/50]	lr: 4.086e-02, eta: 0:03:17, time: 0.797, data_time: 0.742, memory: 861, top1_acc: 0.7953, top5_acc: 0.9914, loss_cls: 1.7319, loss: 1.7319, grad_norm: 1.4306
2022-04-26 22:46:31,409 - mmaction - INFO - Evaluating top_k_accuracy ...
2022-04-26 22:46:31,409 - mmaction - INFO - 
top1_acc	0.7444
top5_acc	0.9611
2022-04-26 22:46:31,409 - mmaction - INFO - Evaluating mean_class_accuracy ...
2022-04-26 22:46:31,410 - mmaction - INFO - 
mean_acc	0.7444
2022-04-26 22:46:31,410 - mmaction - INFO - Epoch(val) [42][6]	top1_acc: 0.7444, top5_acc: 0.9611, mean_class_accuracy: 0.7444
2022-04-26 22:47:03,210 - mmaction - INFO - Epoch [43][40/50]	lr: 2.890e-02, eta: 0:02:45, time: 0.795, data_time: 0.745, memory: 861, top1_acc: 0.7891, top5_acc: 0.9898, loss_cls: 1.5469, loss: 1.5469, grad_norm: 1.3996
2022-04-26 22:47:33,089 - mmaction - INFO - Evaluating top_k_accuracy ...
2022-04-26 22:47:33,090 - mmaction - INFO - 
top1_acc	0.7944
top5_acc	0.9611
2022-04-26 22:47:33,090 - mmaction - INFO - Evaluating mean_class_accuracy ...
2022-04-26 22:47:33,090 - mmaction - INFO - 
mean_acc	0.7944
2022-04-26 22:47:33,090 - mmaction - INFO - Epoch(val) [43][6]	top1_acc: 0.7944, top5_acc: 0.9611, mean_class_accuracy: 0.7944
2022-04-26 22:48:04,509 - mmaction - INFO - Epoch [44][40/50]	lr: 1.895e-02, eta: 0:02:13, time: 0.785, data_time: 0.609, memory: 861, top1_acc: 0.7891, top5_acc: 0.9906, loss_cls: 1.5052, loss: 1.5052, grad_norm: 1.4781
2022-04-26 22:48:33,574 - mmaction - INFO - Evaluating top_k_accuracy ...
2022-04-26 22:48:33,575 - mmaction - INFO - 
top1_acc	0.8167
top5_acc	0.9611
2022-04-26 22:48:33,575 - mmaction - INFO - Evaluating mean_class_accuracy ...
2022-04-26 22:48:33,575 - mmaction - INFO - 
mean_acc	0.8167
2022-04-26 22:48:33,575 - mmaction - INFO - Epoch(val) [44][6]	top1_acc: 0.8167, top5_acc: 0.9611, mean_class_accuracy: 0.8167
2022-04-26 22:49:05,346 - mmaction - INFO - Epoch [45][40/50]	lr: 1.106e-02, eta: 0:01:41, time: 0.794, data_time: 0.743, memory: 861, top1_acc: 0.7953, top5_acc: 0.9930, loss_cls: 1.4867, loss: 1.4867, grad_norm: 1.4243
2022-04-26 22:49:34,427 - mmaction - INFO - Evaluating top_k_accuracy ...
2022-04-26 22:49:34,427 - mmaction - INFO - 
top1_acc	0.7611
top5_acc	0.9611
2022-04-26 22:49:34,427 - mmaction - INFO - Evaluating mean_class_accuracy ...
2022-04-26 22:49:34,428 - mmaction - INFO - 
mean_acc	0.7611
2022-04-26 22:49:34,428 - mmaction - INFO - Epoch(val) [45][6]	top1_acc: 0.7611, top5_acc: 0.9611, mean_class_accuracy: 0.7611
2022-04-26 22:50:05,857 - mmaction - INFO - Epoch [46][40/50]	lr: 5.269e-03, eta: 0:01:09, time: 0.786, data_time: 0.686, memory: 861, top1_acc: 0.7937, top5_acc: 0.9977, loss_cls: 1.4452, loss: 1.4452, grad_norm: 1.4779
2022-04-26 22:50:35,691 - mmaction - INFO - Evaluating top_k_accuracy ...
2022-04-26 22:50:35,692 - mmaction - INFO - 
top1_acc	0.8222
top5_acc	0.9556
2022-04-26 22:50:35,692 - mmaction - INFO - Evaluating mean_class_accuracy ...
2022-04-26 22:50:35,693 - mmaction - INFO - 
mean_acc	0.8222
2022-04-26 22:50:35,693 - mmaction - INFO - Epoch(val) [46][6]	top1_acc: 0.8222, top5_acc: 0.9556, mean_class_accuracy: 0.8222
2022-04-26 22:51:07,489 - mmaction - INFO - Epoch [47][40/50]	lr: 1.593e-03, eta: 0:00:38, time: 0.795, data_time: 0.616, memory: 861, top1_acc: 0.8008, top5_acc: 0.9906, loss_cls: 1.5711, loss: 1.5711, grad_norm: 1.5002
2022-04-26 22:51:37,164 - mmaction - INFO - Evaluating top_k_accuracy ...
2022-04-26 22:51:37,164 - mmaction - INFO - 
top1_acc	0.8056
top5_acc	0.9556
2022-04-26 22:51:37,165 - mmaction - INFO - Evaluating mean_class_accuracy ...
2022-04-26 22:51:37,165 - mmaction - INFO - 
mean_acc	0.8056
2022-04-26 22:51:37,165 - mmaction - INFO - Epoch(val) [47][6]	top1_acc: 0.8056, top5_acc: 0.9556, mean_class_accuracy: 0.8056
2022-04-26 22:52:08,683 - mmaction - INFO - Epoch [48][40/50]	lr: 5.183e-05, eta: 0:00:06, time: 0.788, data_time: 0.608, memory: 861, top1_acc: 0.7906, top5_acc: 0.9930, loss_cls: 1.5824, loss: 1.5824, grad_norm: 1.4104
2022-04-26 22:52:10,829 - mmaction - INFO - Saving checkpoint at 48 epochs
2022-04-26 22:52:38,194 - mmaction - INFO - Evaluating top_k_accuracy ...
2022-04-26 22:52:38,195 - mmaction - INFO - 
top1_acc	0.8056
top5_acc	0.9556
2022-04-26 22:52:38,195 - mmaction - INFO - Evaluating mean_class_accuracy ...
2022-04-26 22:52:38,195 - mmaction - INFO - 
mean_acc	0.8056
2022-04-26 22:52:38,195 - mmaction - INFO - Epoch(val) [48][6]	top1_acc: 0.8056, top5_acc: 0.9556, mean_class_accuracy: 0.8056
