2022-05-02 16:02:48,954 - mmaction - INFO - Environment info:
------------------------------------------------------------
sys.platform: linux
Python: 3.8.12 | packaged by conda-forge | (default, Oct 12 2021, 21:57:06) [GCC 9.4.0]
CUDA available: True
GPU 0,1,2,3: NVIDIA GeForce RTX 3090
CUDA_HOME: /usr/local/cuda
NVCC: Build cuda_11.1.TC455_06.29190527_0
GCC: gcc (Ubuntu 9.4.0-1ubuntu1~20.04.1) 9.4.0
PyTorch: 1.9.1+cu111
PyTorch compiling details: PyTorch built with:
  - GCC 7.3
  - C++ Version: 201402
  - Intel(R) Math Kernel Library Version 2020.0.0 Product Build 20191122 for Intel(R) 64 architecture applications
  - Intel(R) MKL-DNN v2.1.2 (Git Hash 98be7e8afa711dc9b66c8ff3504129cb82013cdb)
  - OpenMP 201511 (a.k.a. OpenMP 4.5)
  - NNPACK is enabled
  - CPU capability usage: AVX2
  - CUDA Runtime 11.1
  - NVCC architecture flags: -gencode;arch=compute_37,code=sm_37;-gencode;arch=compute_50,code=sm_50;-gencode;arch=compute_60,code=sm_60;-gencode;arch=compute_70,code=sm_70;-gencode;arch=compute_75,code=sm_75;-gencode;arch=compute_80,code=sm_80;-gencode;arch=compute_86,code=sm_86
  - CuDNN 8.0.5
  - Magma 2.5.2
  - Build settings: BLAS_INFO=mkl, BUILD_TYPE=Release, CUDA_VERSION=11.1, CUDNN_VERSION=8.0.5, CXX_COMPILER=/opt/rh/devtoolset-7/root/usr/bin/c++, CXX_FLAGS= -Wno-deprecated -fvisibility-inlines-hidden -DUSE_PTHREADPOOL -fopenmp -DNDEBUG -DUSE_KINETO -DUSE_FBGEMM -DUSE_QNNPACK -DUSE_PYTORCH_QNNPACK -DUSE_XNNPACK -DSYMBOLICATE_MOBILE_DEBUG_HANDLE -O2 -fPIC -Wno-narrowing -Wall -Wextra -Werror=return-type -Wno-missing-field-initializers -Wno-type-limits -Wno-array-bounds -Wno-unknown-pragmas -Wno-sign-compare -Wno-unused-parameter -Wno-unused-variable -Wno-unused-function -Wno-unused-result -Wno-unused-local-typedefs -Wno-strict-overflow -Wno-strict-aliasing -Wno-error=deprecated-declarations -Wno-stringop-overflow -Wno-psabi -Wno-error=pedantic -Wno-error=redundant-decls -Wno-error=old-style-cast -fdiagnostics-color=always -faligned-new -Wno-unused-but-set-variable -Wno-maybe-uninitialized -fno-math-errno -fno-trapping-math -Werror=format -Wno-stringop-overflow, LAPACK_INFO=mkl, PERF_WITH_AVX=1, PERF_WITH_AVX2=1, PERF_WITH_AVX512=1, TORCH_VERSION=1.9.1, USE_CUDA=ON, USE_CUDNN=ON, USE_EXCEPTION_PTR=1, USE_GFLAGS=OFF, USE_GLOG=OFF, USE_MKL=ON, USE_MKLDNN=ON, USE_MPI=OFF, USE_NCCL=ON, USE_NNPACK=ON, USE_OPENMP=ON, 

TorchVision: 0.10.1+cu111
OpenCV: 4.5.5
MMCV: 1.4.2
MMCV Compiler: GCC 7.3
MMCV CUDA Compiler: 11.1
MMAction2: 0.20.0+1c4333f
------------------------------------------------------------

2022-05-02 16:02:48,955 - mmaction - INFO - Distributed training: True
2022-05-02 16:02:50,592 - mmaction - INFO - Config: model = dict(
    type='Recognizer3D',
    backbone=dict(
        type='ResNet3dSlowOnly',
        depth=50,
        pretrained=None,
        in_channels=5,
        base_channels=32,
        num_stages=3,
        out_indices=(2, ),
        stage_blocks=(4, 6, 3),
        conv1_stride_s=1,
        pool1_stride_s=1,
        inflate=(0, 1, 1),
        spatial_strides=(2, 2, 2),
        temporal_strides=(1, 1, 2),
        dilations=(1, 1, 1)),
    cls_head=dict(
        type='I3DHead',
        in_channels=512,
        num_classes=10,
        spatial_type='avg',
        dropout_ratio=0.5),
    train_cfg=dict(),
    test_cfg=dict(average_clips='prob'))
dataset_type = 'PoseDataset'
ann_file_train = 'data/ds_taichi/TEST9AUG4/WSWR/train_data.pkl'
ann_file_val = 'data/ds_taichi/TEST9AUG4/WSWR/test_data.pkl'
left = [
    5, 6, 7, 8, 44, 45, 46, 47, 48, 49, 50, 51, 52, 53, 54, 55, 56, 57, 58, 59,
    60, 61, 62, 63, 64, 65, 66, 67, 68, 69, 70, 71
]
right = [
    1, 2, 3, 4, 16, 17, 18, 19, 20, 21, 22, 23, 24, 25, 26, 27, 28, 29, 30, 31,
    32, 33, 34, 35, 36, 37, 38, 39, 40, 41, 42, 43
]
train_pipeline = [
    dict(type='UniformSampleFrames', clip_len=48),
    dict(type='PoseDecode'),
    dict(type='PoseCompact', hw_ratio=1.0, allow_imgpad=True),
    dict(type='Resize', scale=(-1, 64)),
    dict(type='RandomResizedCrop', area_range=(0.56, 1.0)),
    dict(type='Resize', scale=(56, 56), keep_ratio=False),
    dict(
        type='Flip',
        flip_ratio=0.5,
        left_kp=[
            5, 6, 7, 8, 44, 45, 46, 47, 48, 49, 50, 51, 52, 53, 54, 55, 56, 57,
            58, 59, 60, 61, 62, 63, 64, 65, 66, 67, 68, 69, 70, 71
        ],
        right_kp=[
            1, 2, 3, 4, 16, 17, 18, 19, 20, 21, 22, 23, 24, 25, 26, 27, 28, 29,
            30, 31, 32, 33, 34, 35, 36, 37, 38, 39, 40, 41, 42, 43
        ]),
    dict(
        type='GenerateTaiChiPoseTarget',
        sigma=0.6,
        use_score=True,
        with_kp=True,
        with_limb=False),
    dict(type='FormatShape', input_format='NCTHW'),
    dict(type='Collect', keys=['imgs', 'label'], meta_keys=[]),
    dict(type='ToTensor', keys=['imgs', 'label'])
]
val_pipeline = [
    dict(type='UniformSampleFrames', clip_len=48, num_clips=1, test_mode=True),
    dict(type='PoseDecode'),
    dict(type='PoseCompact', hw_ratio=1.0, allow_imgpad=True),
    dict(type='Resize', scale=(-1, 64)),
    dict(type='CenterCrop', crop_size=64),
    dict(
        type='GenerateTaiChiPoseTarget',
        sigma=0.6,
        use_score=True,
        with_kp=True,
        with_limb=False),
    dict(type='FormatShape', input_format='NCTHW'),
    dict(type='Collect', keys=['imgs', 'label'], meta_keys=[]),
    dict(type='ToTensor', keys=['imgs'])
]
test_pipeline = [
    dict(
        type='UniformSampleFrames', clip_len=48, num_clips=10, test_mode=True),
    dict(type='PoseDecode'),
    dict(type='PoseCompact', hw_ratio=1.0, allow_imgpad=True),
    dict(type='Resize', scale=(-1, 64)),
    dict(type='CenterCrop', crop_size=64),
    dict(
        type='GenerateTaiChiPoseTarget',
        sigma=0.6,
        use_score=True,
        with_kp=True,
        with_limb=False,
        double=True,
        left_kp=[
            5, 6, 7, 8, 44, 45, 46, 47, 48, 49, 50, 51, 52, 53, 54, 55, 56, 57,
            58, 59, 60, 61, 62, 63, 64, 65, 66, 67, 68, 69, 70, 71
        ],
        right_kp=[
            1, 2, 3, 4, 16, 17, 18, 19, 20, 21, 22, 23, 24, 25, 26, 27, 28, 29,
            30, 31, 32, 33, 34, 35, 36, 37, 38, 39, 40, 41, 42, 43
        ]),
    dict(type='FormatShape', input_format='NCTHW'),
    dict(type='Collect', keys=['imgs', 'label'], meta_keys=[]),
    dict(type='ToTensor', keys=['imgs'])
]
data = dict(
    videos_per_gpu=8,
    workers_per_gpu=4,
    test_dataloader=dict(videos_per_gpu=4),
    train=dict(
        type='RepeatDataset',
        times=15,
        dataset=dict(
            type='PoseDataset',
            ann_file='data/ds_taichi/TEST9AUG4/WSWR/train_data.pkl',
            data_prefix='',
            pipeline=[
                dict(type='UniformSampleFrames', clip_len=48),
                dict(type='PoseDecode'),
                dict(type='PoseCompact', hw_ratio=1.0, allow_imgpad=True),
                dict(type='Resize', scale=(-1, 64)),
                dict(type='RandomResizedCrop', area_range=(0.56, 1.0)),
                dict(type='Resize', scale=(56, 56), keep_ratio=False),
                dict(
                    type='Flip',
                    flip_ratio=0.5,
                    left_kp=[
                        5, 6, 7, 8, 44, 45, 46, 47, 48, 49, 50, 51, 52, 53, 54,
                        55, 56, 57, 58, 59, 60, 61, 62, 63, 64, 65, 66, 67, 68,
                        69, 70, 71
                    ],
                    right_kp=[
                        1, 2, 3, 4, 16, 17, 18, 19, 20, 21, 22, 23, 24, 25, 26,
                        27, 28, 29, 30, 31, 32, 33, 34, 35, 36, 37, 38, 39, 40,
                        41, 42, 43
                    ]),
                dict(
                    type='GenerateTaiChiPoseTarget',
                    sigma=0.6,
                    use_score=True,
                    with_kp=True,
                    with_limb=False),
                dict(type='FormatShape', input_format='NCTHW'),
                dict(type='Collect', keys=['imgs', 'label'], meta_keys=[]),
                dict(type='ToTensor', keys=['imgs', 'label'])
            ])),
    val=dict(
        type='PoseDataset',
        ann_file='data/ds_taichi/TEST9AUG4/WSWR/test_data.pkl',
        data_prefix='',
        pipeline=[
            dict(
                type='UniformSampleFrames',
                clip_len=48,
                num_clips=1,
                test_mode=True),
            dict(type='PoseDecode'),
            dict(type='PoseCompact', hw_ratio=1.0, allow_imgpad=True),
            dict(type='Resize', scale=(-1, 64)),
            dict(type='CenterCrop', crop_size=64),
            dict(
                type='GenerateTaiChiPoseTarget',
                sigma=0.6,
                use_score=True,
                with_kp=True,
                with_limb=False),
            dict(type='FormatShape', input_format='NCTHW'),
            dict(type='Collect', keys=['imgs', 'label'], meta_keys=[]),
            dict(type='ToTensor', keys=['imgs'])
        ]),
    test=dict(
        type='PoseDataset',
        ann_file='data/ds_taichi/TEST9AUG4/WSWR/test_data.pkl',
        data_prefix='',
        pipeline=[
            dict(
                type='UniformSampleFrames',
                clip_len=48,
                num_clips=10,
                test_mode=True),
            dict(type='PoseDecode'),
            dict(type='PoseCompact', hw_ratio=1.0, allow_imgpad=True),
            dict(type='Resize', scale=(-1, 64)),
            dict(type='CenterCrop', crop_size=64),
            dict(
                type='GenerateTaiChiPoseTarget',
                sigma=0.6,
                use_score=True,
                with_kp=True,
                with_limb=False,
                double=True,
                left_kp=[
                    5, 6, 7, 8, 44, 45, 46, 47, 48, 49, 50, 51, 52, 53, 54, 55,
                    56, 57, 58, 59, 60, 61, 62, 63, 64, 65, 66, 67, 68, 69, 70,
                    71
                ],
                right_kp=[
                    1, 2, 3, 4, 16, 17, 18, 19, 20, 21, 22, 23, 24, 25, 26, 27,
                    28, 29, 30, 31, 32, 33, 34, 35, 36, 37, 38, 39, 40, 41, 42,
                    43
                ]),
            dict(type='FormatShape', input_format='NCTHW'),
            dict(type='Collect', keys=['imgs', 'label'], meta_keys=[]),
            dict(type='ToTensor', keys=['imgs'])
        ]))
optimizer = dict(type='SGD', lr=0.01, momentum=0.9, weight_decay=0.0003)
optimizer_config = dict(grad_clip=dict(max_norm=40, norm_type=2))
lr_config = dict(policy='CosineAnnealing', by_epoch=False, min_lr=0)
total_epochs = 48
checkpoint_config = dict()
workflow = [('train', 1)]
evaluation = dict(
    interval=1, metrics=['top_k_accuracy', 'mean_class_accuracy'], topk=(1, 5))
log_config = dict(interval=40, hooks=[dict(type='TextLoggerHook')])
output_config = dict(out='./model_pth/exp7/ft-WSWR/test_result/results.pkl')
eval_config = dict(
    metric_out='./model_pth/exp7/ft-WSWR/test_result',
    eval=[
        'top_k_accuracy', 'mean_class_accuracy', 'confusion_matrix',
        't_sne_vis'
    ])
dist_params = dict(backend='nccl')
log_level = 'INFO'
work_dir = './model_pth/exp7/ft-WSWR'
load_from = './model_pth/5part_ntu60_xsub_kp_0331/epoch_24.pth'
resume_from = None
find_unused_parameters = False
gpu_ids = range(0, 4)
omnisource = False
module_hooks = []

2022-05-02 16:02:50,592 - mmaction - INFO - Set random seed to 43, deterministic: True
2022-05-02 16:02:50,659 - mmaction - INFO - 80 videos remain after valid thresholding
2022-05-02 16:02:56,267 - mmaction - INFO - 180 videos remain after valid thresholding
2022-05-02 16:02:56,269 - mmaction - INFO - load checkpoint from local path: ./model_pth/5part_ntu60_xsub_kp_0331/epoch_24.pth
2022-05-02 16:02:56,290 - mmaction - WARNING - The model and loaded state dict do not match exactly

size mismatch for cls_head.fc_cls.weight: copying a param with shape torch.Size([60, 512]) from checkpoint, the shape in current model is torch.Size([10, 512]).
size mismatch for cls_head.fc_cls.bias: copying a param with shape torch.Size([60]) from checkpoint, the shape in current model is torch.Size([10]).
2022-05-02 16:02:56,291 - mmaction - INFO - Start running, host: yl@83090-jin, work_dir: /home/yl/myposec3d/model_pth/exp7/ft-WSWR
2022-05-02 16:02:56,291 - mmaction - INFO - Hooks will be executed in the following order:
before_run:
(VERY_HIGH   ) CosineAnnealingLrUpdaterHook       
(NORMAL      ) CheckpointHook                     
(NORMAL      ) DistEvalHook                       
(VERY_LOW    ) TextLoggerHook                     
 -------------------- 
before_train_epoch:
(VERY_HIGH   ) CosineAnnealingLrUpdaterHook       
(NORMAL      ) DistSamplerSeedHook                
(NORMAL      ) DistEvalHook                       
(LOW         ) IterTimerHook                      
(VERY_LOW    ) TextLoggerHook                     
 -------------------- 
before_train_iter:
(VERY_HIGH   ) CosineAnnealingLrUpdaterHook       
(NORMAL      ) DistEvalHook                       
(LOW         ) IterTimerHook                      
 -------------------- 
after_train_iter:
(ABOVE_NORMAL) OptimizerHook                      
(NORMAL      ) CheckpointHook                     
(NORMAL      ) DistEvalHook                       
(LOW         ) IterTimerHook                      
(VERY_LOW    ) TextLoggerHook                     
 -------------------- 
after_train_epoch:
(NORMAL      ) CheckpointHook                     
(NORMAL      ) DistEvalHook                       
(VERY_LOW    ) TextLoggerHook                     
 -------------------- 
before_val_epoch:
(NORMAL      ) DistSamplerSeedHook                
(LOW         ) IterTimerHook                      
(VERY_LOW    ) TextLoggerHook                     
 -------------------- 
before_val_iter:
(LOW         ) IterTimerHook                      
 -------------------- 
after_val_iter:
(LOW         ) IterTimerHook                      
 -------------------- 
after_val_epoch:
(VERY_LOW    ) TextLoggerHook                     
 -------------------- 
after_run:
(VERY_LOW    ) TextLoggerHook                     
 -------------------- 
2022-05-02 16:02:56,291 - mmaction - INFO - workflow: [('train', 1)], max: 48 epochs
2022-05-02 16:02:56,291 - mmaction - INFO - Checkpoints will be saved to /home/yl/myposec3d/model_pth/exp7/ft-WSWR by HardDiskBackend.
2022-05-02 16:03:54,352 - mmaction - INFO - Evaluating top_k_accuracy ...
2022-05-02 16:03:54,353 - mmaction - INFO - 
top1_acc	0.8000
top5_acc	0.9889
2022-05-02 16:03:54,353 - mmaction - INFO - Evaluating mean_class_accuracy ...
2022-05-02 16:03:54,353 - mmaction - INFO - 
mean_acc	0.8000
2022-05-02 16:03:54,393 - mmaction - INFO - Now best checkpoint is saved as best_top1_acc_epoch_1.pth.
2022-05-02 16:03:54,393 - mmaction - INFO - Best top1_acc is 0.8000 at 1 epoch.
2022-05-02 16:03:54,393 - mmaction - INFO - Epoch(val) [1][6]	top1_acc: 0.8000, top5_acc: 0.9889, mean_class_accuracy: 0.8000
2022-05-02 16:04:51,838 - mmaction - INFO - Evaluating top_k_accuracy ...
2022-05-02 16:04:51,839 - mmaction - INFO - 
top1_acc	0.9278
top5_acc	0.9444
2022-05-02 16:04:51,839 - mmaction - INFO - Evaluating mean_class_accuracy ...
2022-05-02 16:04:51,839 - mmaction - INFO - 
mean_acc	0.9278
2022-05-02 16:04:51,842 - mmaction - INFO - The previous best checkpoint /home/yl/myposec3d/model_pth/exp7/ft-WSWR/best_top1_acc_epoch_1.pth was removed
2022-05-02 16:04:51,883 - mmaction - INFO - Now best checkpoint is saved as best_top1_acc_epoch_2.pth.
2022-05-02 16:04:51,883 - mmaction - INFO - Best top1_acc is 0.9278 at 2 epoch.
2022-05-02 16:04:51,883 - mmaction - INFO - Epoch(val) [2][6]	top1_acc: 0.9278, top5_acc: 0.9444, mean_class_accuracy: 0.9278
2022-05-02 16:05:49,062 - mmaction - INFO - Evaluating top_k_accuracy ...
2022-05-02 16:05:49,062 - mmaction - INFO - 
top1_acc	0.9444
top5_acc	0.9667
2022-05-02 16:05:49,063 - mmaction - INFO - Evaluating mean_class_accuracy ...
2022-05-02 16:05:49,063 - mmaction - INFO - 
mean_acc	0.9444
2022-05-02 16:05:49,066 - mmaction - INFO - The previous best checkpoint /home/yl/myposec3d/model_pth/exp7/ft-WSWR/best_top1_acc_epoch_2.pth was removed
2022-05-02 16:05:49,106 - mmaction - INFO - Now best checkpoint is saved as best_top1_acc_epoch_3.pth.
2022-05-02 16:05:49,106 - mmaction - INFO - Best top1_acc is 0.9444 at 3 epoch.
2022-05-02 16:05:49,106 - mmaction - INFO - Epoch(val) [3][6]	top1_acc: 0.9444, top5_acc: 0.9667, mean_class_accuracy: 0.9444
2022-05-02 16:06:46,546 - mmaction - INFO - Evaluating top_k_accuracy ...
2022-05-02 16:06:46,547 - mmaction - INFO - 
top1_acc	0.9444
top5_acc	0.9611
2022-05-02 16:06:46,547 - mmaction - INFO - Evaluating mean_class_accuracy ...
2022-05-02 16:06:46,547 - mmaction - INFO - 
mean_acc	0.9444
2022-05-02 16:06:46,547 - mmaction - INFO - Epoch(val) [4][6]	top1_acc: 0.9444, top5_acc: 0.9611, mean_class_accuracy: 0.9444
2022-05-02 16:07:44,152 - mmaction - INFO - Evaluating top_k_accuracy ...
2022-05-02 16:07:44,153 - mmaction - INFO - 
top1_acc	0.9444
top5_acc	0.9778
2022-05-02 16:07:44,153 - mmaction - INFO - Evaluating mean_class_accuracy ...
2022-05-02 16:07:44,153 - mmaction - INFO - 
mean_acc	0.9444
2022-05-02 16:07:44,153 - mmaction - INFO - Epoch(val) [5][6]	top1_acc: 0.9444, top5_acc: 0.9778, mean_class_accuracy: 0.9444
2022-05-02 16:08:41,661 - mmaction - INFO - Evaluating top_k_accuracy ...
2022-05-02 16:08:41,662 - mmaction - INFO - 
top1_acc	0.9500
top5_acc	0.9889
2022-05-02 16:08:41,662 - mmaction - INFO - Evaluating mean_class_accuracy ...
2022-05-02 16:08:41,662 - mmaction - INFO - 
mean_acc	0.9500
2022-05-02 16:08:41,665 - mmaction - INFO - The previous best checkpoint /home/yl/myposec3d/model_pth/exp7/ft-WSWR/best_top1_acc_epoch_3.pth was removed
2022-05-02 16:08:41,705 - mmaction - INFO - Now best checkpoint is saved as best_top1_acc_epoch_6.pth.
2022-05-02 16:08:41,705 - mmaction - INFO - Best top1_acc is 0.9500 at 6 epoch.
2022-05-02 16:08:41,706 - mmaction - INFO - Epoch(val) [6][6]	top1_acc: 0.9500, top5_acc: 0.9889, mean_class_accuracy: 0.9500
2022-05-02 16:09:51,487 - mmaction - INFO - Evaluating top_k_accuracy ...
2022-05-02 16:09:51,488 - mmaction - INFO - 
top1_acc	0.9667
top5_acc	1.0000
2022-05-02 16:09:51,488 - mmaction - INFO - Evaluating mean_class_accuracy ...
2022-05-02 16:09:51,488 - mmaction - INFO - 
mean_acc	0.9667
2022-05-02 16:09:51,492 - mmaction - INFO - The previous best checkpoint /home/yl/myposec3d/model_pth/exp7/ft-WSWR/best_top1_acc_epoch_6.pth was removed
2022-05-02 16:09:51,537 - mmaction - INFO - Now best checkpoint is saved as best_top1_acc_epoch_7.pth.
2022-05-02 16:09:51,537 - mmaction - INFO - Best top1_acc is 0.9667 at 7 epoch.
2022-05-02 16:09:51,537 - mmaction - INFO - Epoch(val) [7][6]	top1_acc: 0.9667, top5_acc: 1.0000, mean_class_accuracy: 0.9667
2022-05-02 16:11:01,415 - mmaction - INFO - Evaluating top_k_accuracy ...
2022-05-02 16:11:01,415 - mmaction - INFO - 
top1_acc	0.9500
top5_acc	1.0000
2022-05-02 16:11:01,415 - mmaction - INFO - Evaluating mean_class_accuracy ...
2022-05-02 16:11:01,416 - mmaction - INFO - 
mean_acc	0.9500
2022-05-02 16:11:01,416 - mmaction - INFO - Epoch(val) [8][6]	top1_acc: 0.9500, top5_acc: 1.0000, mean_class_accuracy: 0.9500
2022-05-02 16:12:11,166 - mmaction - INFO - Evaluating top_k_accuracy ...
2022-05-02 16:12:11,167 - mmaction - INFO - 
top1_acc	0.9500
top5_acc	0.9722
2022-05-02 16:12:11,167 - mmaction - INFO - Evaluating mean_class_accuracy ...
2022-05-02 16:12:11,167 - mmaction - INFO - 
mean_acc	0.9500
2022-05-02 16:12:11,167 - mmaction - INFO - Epoch(val) [9][6]	top1_acc: 0.9500, top5_acc: 0.9722, mean_class_accuracy: 0.9500
2022-05-02 16:13:21,199 - mmaction - INFO - Evaluating top_k_accuracy ...
2022-05-02 16:13:21,199 - mmaction - INFO - 
top1_acc	0.9667
top5_acc	0.9889
2022-05-02 16:13:21,199 - mmaction - INFO - Evaluating mean_class_accuracy ...
2022-05-02 16:13:21,200 - mmaction - INFO - 
mean_acc	0.9667
2022-05-02 16:13:21,200 - mmaction - INFO - Epoch(val) [10][6]	top1_acc: 0.9667, top5_acc: 0.9889, mean_class_accuracy: 0.9667
2022-05-02 16:14:30,658 - mmaction - INFO - Evaluating top_k_accuracy ...
2022-05-02 16:14:30,659 - mmaction - INFO - 
top1_acc	0.9667
top5_acc	1.0000
2022-05-02 16:14:30,659 - mmaction - INFO - Evaluating mean_class_accuracy ...
2022-05-02 16:14:30,659 - mmaction - INFO - 
mean_acc	0.9667
2022-05-02 16:14:30,659 - mmaction - INFO - Epoch(val) [11][6]	top1_acc: 0.9667, top5_acc: 1.0000, mean_class_accuracy: 0.9667
2022-05-02 16:15:41,276 - mmaction - INFO - Evaluating top_k_accuracy ...
2022-05-02 16:15:41,277 - mmaction - INFO - 
top1_acc	0.9667
top5_acc	0.9944
2022-05-02 16:15:41,277 - mmaction - INFO - Evaluating mean_class_accuracy ...
2022-05-02 16:15:41,277 - mmaction - INFO - 
mean_acc	0.9667
2022-05-02 16:15:41,277 - mmaction - INFO - Epoch(val) [12][6]	top1_acc: 0.9667, top5_acc: 0.9944, mean_class_accuracy: 0.9667
2022-05-02 16:16:51,989 - mmaction - INFO - Evaluating top_k_accuracy ...
2022-05-02 16:16:51,990 - mmaction - INFO - 
top1_acc	0.9556
top5_acc	0.9833
2022-05-02 16:16:51,990 - mmaction - INFO - Evaluating mean_class_accuracy ...
2022-05-02 16:16:51,991 - mmaction - INFO - 
mean_acc	0.9556
2022-05-02 16:16:51,991 - mmaction - INFO - Epoch(val) [13][6]	top1_acc: 0.9556, top5_acc: 0.9833, mean_class_accuracy: 0.9556
2022-05-02 16:18:02,684 - mmaction - INFO - Evaluating top_k_accuracy ...
2022-05-02 16:18:02,684 - mmaction - INFO - 
top1_acc	0.9722
top5_acc	1.0000
2022-05-02 16:18:02,684 - mmaction - INFO - Evaluating mean_class_accuracy ...
2022-05-02 16:18:02,685 - mmaction - INFO - 
mean_acc	0.9722
2022-05-02 16:18:02,689 - mmaction - INFO - The previous best checkpoint /home/yl/myposec3d/model_pth/exp7/ft-WSWR/best_top1_acc_epoch_7.pth was removed
2022-05-02 16:18:02,734 - mmaction - INFO - Now best checkpoint is saved as best_top1_acc_epoch_14.pth.
2022-05-02 16:18:02,734 - mmaction - INFO - Best top1_acc is 0.9722 at 14 epoch.
2022-05-02 16:18:02,735 - mmaction - INFO - Epoch(val) [14][6]	top1_acc: 0.9722, top5_acc: 1.0000, mean_class_accuracy: 0.9722
2022-05-02 16:19:11,491 - mmaction - INFO - Evaluating top_k_accuracy ...
2022-05-02 16:19:11,491 - mmaction - INFO - 
top1_acc	0.9556
top5_acc	1.0000
2022-05-02 16:19:11,491 - mmaction - INFO - Evaluating mean_class_accuracy ...
2022-05-02 16:19:11,492 - mmaction - INFO - 
mean_acc	0.9556
2022-05-02 16:19:11,492 - mmaction - INFO - Epoch(val) [15][6]	top1_acc: 0.9556, top5_acc: 1.0000, mean_class_accuracy: 0.9556
2022-05-02 16:20:21,339 - mmaction - INFO - Evaluating top_k_accuracy ...
2022-05-02 16:20:21,340 - mmaction - INFO - 
top1_acc	0.9722
top5_acc	1.0000
2022-05-02 16:20:21,340 - mmaction - INFO - Evaluating mean_class_accuracy ...
2022-05-02 16:20:21,341 - mmaction - INFO - 
mean_acc	0.9722
2022-05-02 16:20:21,341 - mmaction - INFO - Epoch(val) [16][6]	top1_acc: 0.9722, top5_acc: 1.0000, mean_class_accuracy: 0.9722
2022-05-02 16:21:22,748 - mmaction - INFO - Evaluating top_k_accuracy ...
2022-05-02 16:21:22,748 - mmaction - INFO - 
top1_acc	0.9444
top5_acc	0.9944
2022-05-02 16:21:22,748 - mmaction - INFO - Evaluating mean_class_accuracy ...
2022-05-02 16:21:22,749 - mmaction - INFO - 
mean_acc	0.9444
2022-05-02 16:21:22,749 - mmaction - INFO - Epoch(val) [17][6]	top1_acc: 0.9444, top5_acc: 0.9944, mean_class_accuracy: 0.9444
2022-05-02 16:22:20,958 - mmaction - INFO - Evaluating top_k_accuracy ...
2022-05-02 16:22:20,959 - mmaction - INFO - 
top1_acc	0.9389
top5_acc	1.0000
2022-05-02 16:22:20,959 - mmaction - INFO - Evaluating mean_class_accuracy ...
2022-05-02 16:22:20,959 - mmaction - INFO - 
mean_acc	0.9389
2022-05-02 16:22:20,959 - mmaction - INFO - Epoch(val) [18][6]	top1_acc: 0.9389, top5_acc: 1.0000, mean_class_accuracy: 0.9389
2022-05-02 16:23:23,064 - mmaction - INFO - Evaluating top_k_accuracy ...
2022-05-02 16:23:23,064 - mmaction - INFO - 
top1_acc	0.9722
top5_acc	1.0000
2022-05-02 16:23:23,064 - mmaction - INFO - Evaluating mean_class_accuracy ...
2022-05-02 16:23:23,065 - mmaction - INFO - 
mean_acc	0.9722
2022-05-02 16:23:23,065 - mmaction - INFO - Epoch(val) [19][6]	top1_acc: 0.9722, top5_acc: 1.0000, mean_class_accuracy: 0.9722
2022-05-02 16:24:25,409 - mmaction - INFO - Evaluating top_k_accuracy ...
2022-05-02 16:24:25,410 - mmaction - INFO - 
top1_acc	0.9722
top5_acc	1.0000
2022-05-02 16:24:25,410 - mmaction - INFO - Evaluating mean_class_accuracy ...
2022-05-02 16:24:25,410 - mmaction - INFO - 
mean_acc	0.9722
2022-05-02 16:24:25,410 - mmaction - INFO - Epoch(val) [20][6]	top1_acc: 0.9722, top5_acc: 1.0000, mean_class_accuracy: 0.9722
2022-05-02 16:25:27,881 - mmaction - INFO - Evaluating top_k_accuracy ...
2022-05-02 16:25:27,881 - mmaction - INFO - 
top1_acc	0.9500
top5_acc	0.9889
2022-05-02 16:25:27,881 - mmaction - INFO - Evaluating mean_class_accuracy ...
2022-05-02 16:25:27,882 - mmaction - INFO - 
mean_acc	0.9500
2022-05-02 16:25:27,882 - mmaction - INFO - Epoch(val) [21][6]	top1_acc: 0.9500, top5_acc: 0.9889, mean_class_accuracy: 0.9500
2022-05-02 16:26:30,306 - mmaction - INFO - Evaluating top_k_accuracy ...
2022-05-02 16:26:30,307 - mmaction - INFO - 
top1_acc	0.9444
top5_acc	0.9889
2022-05-02 16:26:30,307 - mmaction - INFO - Evaluating mean_class_accuracy ...
2022-05-02 16:26:30,307 - mmaction - INFO - 
mean_acc	0.9444
2022-05-02 16:26:30,308 - mmaction - INFO - Epoch(val) [22][6]	top1_acc: 0.9444, top5_acc: 0.9889, mean_class_accuracy: 0.9444
2022-05-02 16:27:32,923 - mmaction - INFO - Evaluating top_k_accuracy ...
2022-05-02 16:27:32,923 - mmaction - INFO - 
top1_acc	0.9611
top5_acc	1.0000
2022-05-02 16:27:32,923 - mmaction - INFO - Evaluating mean_class_accuracy ...
2022-05-02 16:27:32,924 - mmaction - INFO - 
mean_acc	0.9611
2022-05-02 16:27:32,924 - mmaction - INFO - Epoch(val) [23][6]	top1_acc: 0.9611, top5_acc: 1.0000, mean_class_accuracy: 0.9611
2022-05-02 16:28:35,395 - mmaction - INFO - Evaluating top_k_accuracy ...
2022-05-02 16:28:35,395 - mmaction - INFO - 
top1_acc	0.9611
top5_acc	0.9944
2022-05-02 16:28:35,395 - mmaction - INFO - Evaluating mean_class_accuracy ...
2022-05-02 16:28:35,396 - mmaction - INFO - 
mean_acc	0.9611
2022-05-02 16:28:35,396 - mmaction - INFO - Epoch(val) [24][6]	top1_acc: 0.9611, top5_acc: 0.9944, mean_class_accuracy: 0.9611
2022-05-02 16:29:37,871 - mmaction - INFO - Evaluating top_k_accuracy ...
2022-05-02 16:29:37,872 - mmaction - INFO - 
top1_acc	0.9722
top5_acc	1.0000
2022-05-02 16:29:37,872 - mmaction - INFO - Evaluating mean_class_accuracy ...
2022-05-02 16:29:37,872 - mmaction - INFO - 
mean_acc	0.9722
2022-05-02 16:29:37,872 - mmaction - INFO - Epoch(val) [25][6]	top1_acc: 0.9722, top5_acc: 1.0000, mean_class_accuracy: 0.9722
2022-05-02 16:30:39,981 - mmaction - INFO - Evaluating top_k_accuracy ...
2022-05-02 16:30:39,982 - mmaction - INFO - 
top1_acc	0.9722
top5_acc	0.9944
2022-05-02 16:30:39,982 - mmaction - INFO - Evaluating mean_class_accuracy ...
2022-05-02 16:30:39,982 - mmaction - INFO - 
mean_acc	0.9722
2022-05-02 16:30:39,982 - mmaction - INFO - Epoch(val) [26][6]	top1_acc: 0.9722, top5_acc: 0.9944, mean_class_accuracy: 0.9722
2022-05-02 16:31:41,923 - mmaction - INFO - Evaluating top_k_accuracy ...
2022-05-02 16:31:41,923 - mmaction - INFO - 
top1_acc	0.9667
top5_acc	1.0000
2022-05-02 16:31:41,923 - mmaction - INFO - Evaluating mean_class_accuracy ...
2022-05-02 16:31:41,924 - mmaction - INFO - 
mean_acc	0.9667
2022-05-02 16:31:41,924 - mmaction - INFO - Epoch(val) [27][6]	top1_acc: 0.9667, top5_acc: 1.0000, mean_class_accuracy: 0.9667
2022-05-02 16:32:39,325 - mmaction - INFO - Evaluating top_k_accuracy ...
2022-05-02 16:32:39,326 - mmaction - INFO - 
top1_acc	0.9722
top5_acc	1.0000
2022-05-02 16:32:39,326 - mmaction - INFO - Evaluating mean_class_accuracy ...
2022-05-02 16:32:39,327 - mmaction - INFO - 
mean_acc	0.9722
2022-05-02 16:32:39,327 - mmaction - INFO - Epoch(val) [28][6]	top1_acc: 0.9722, top5_acc: 1.0000, mean_class_accuracy: 0.9722
2022-05-02 16:33:36,921 - mmaction - INFO - Evaluating top_k_accuracy ...
2022-05-02 16:33:36,922 - mmaction - INFO - 
top1_acc	0.9722
top5_acc	1.0000
2022-05-02 16:33:36,922 - mmaction - INFO - Evaluating mean_class_accuracy ...
2022-05-02 16:33:36,922 - mmaction - INFO - 
mean_acc	0.9722
2022-05-02 16:33:36,923 - mmaction - INFO - Epoch(val) [29][6]	top1_acc: 0.9722, top5_acc: 1.0000, mean_class_accuracy: 0.9722
2022-05-02 16:34:34,399 - mmaction - INFO - Evaluating top_k_accuracy ...
2022-05-02 16:34:34,399 - mmaction - INFO - 
top1_acc	0.9778
top5_acc	1.0000
2022-05-02 16:34:34,400 - mmaction - INFO - Evaluating mean_class_accuracy ...
2022-05-02 16:34:34,400 - mmaction - INFO - 
mean_acc	0.9778
2022-05-02 16:34:34,403 - mmaction - INFO - The previous best checkpoint /home/yl/myposec3d/model_pth/exp7/ft-WSWR/best_top1_acc_epoch_14.pth was removed
2022-05-02 16:34:34,442 - mmaction - INFO - Now best checkpoint is saved as best_top1_acc_epoch_30.pth.
2022-05-02 16:34:34,442 - mmaction - INFO - Best top1_acc is 0.9778 at 30 epoch.
2022-05-02 16:34:34,442 - mmaction - INFO - Epoch(val) [30][6]	top1_acc: 0.9778, top5_acc: 1.0000, mean_class_accuracy: 0.9778
2022-05-02 16:35:31,972 - mmaction - INFO - Evaluating top_k_accuracy ...
2022-05-02 16:35:31,972 - mmaction - INFO - 
top1_acc	0.9611
top5_acc	1.0000
2022-05-02 16:35:31,972 - mmaction - INFO - Evaluating mean_class_accuracy ...
2022-05-02 16:35:31,973 - mmaction - INFO - 
mean_acc	0.9611
2022-05-02 16:35:31,973 - mmaction - INFO - Epoch(val) [31][6]	top1_acc: 0.9611, top5_acc: 1.0000, mean_class_accuracy: 0.9611
2022-05-02 16:36:29,357 - mmaction - INFO - Evaluating top_k_accuracy ...
2022-05-02 16:36:29,357 - mmaction - INFO - 
top1_acc	0.9722
top5_acc	1.0000
2022-05-02 16:36:29,357 - mmaction - INFO - Evaluating mean_class_accuracy ...
2022-05-02 16:36:29,358 - mmaction - INFO - 
mean_acc	0.9722
2022-05-02 16:36:29,358 - mmaction - INFO - Epoch(val) [32][6]	top1_acc: 0.9722, top5_acc: 1.0000, mean_class_accuracy: 0.9722
2022-05-02 16:37:26,898 - mmaction - INFO - Evaluating top_k_accuracy ...
2022-05-02 16:37:26,899 - mmaction - INFO - 
top1_acc	0.9611
top5_acc	1.0000
2022-05-02 16:37:26,899 - mmaction - INFO - Evaluating mean_class_accuracy ...
2022-05-02 16:37:26,899 - mmaction - INFO - 
mean_acc	0.9611
2022-05-02 16:37:26,899 - mmaction - INFO - Epoch(val) [33][6]	top1_acc: 0.9611, top5_acc: 1.0000, mean_class_accuracy: 0.9611
2022-05-02 16:38:24,287 - mmaction - INFO - Evaluating top_k_accuracy ...
2022-05-02 16:38:24,288 - mmaction - INFO - 
top1_acc	0.9611
top5_acc	1.0000
2022-05-02 16:38:24,288 - mmaction - INFO - Evaluating mean_class_accuracy ...
2022-05-02 16:38:24,288 - mmaction - INFO - 
mean_acc	0.9611
2022-05-02 16:38:24,289 - mmaction - INFO - Epoch(val) [34][6]	top1_acc: 0.9611, top5_acc: 1.0000, mean_class_accuracy: 0.9611
2022-05-02 16:39:21,773 - mmaction - INFO - Evaluating top_k_accuracy ...
2022-05-02 16:39:21,773 - mmaction - INFO - 
top1_acc	0.9722
top5_acc	1.0000
2022-05-02 16:39:21,774 - mmaction - INFO - Evaluating mean_class_accuracy ...
2022-05-02 16:39:21,774 - mmaction - INFO - 
mean_acc	0.9722
2022-05-02 16:39:21,774 - mmaction - INFO - Epoch(val) [35][6]	top1_acc: 0.9722, top5_acc: 1.0000, mean_class_accuracy: 0.9722
2022-05-02 16:40:22,354 - mmaction - INFO - Evaluating top_k_accuracy ...
2022-05-02 16:40:22,355 - mmaction - INFO - 
top1_acc	0.9611
top5_acc	0.9944
2022-05-02 16:40:22,355 - mmaction - INFO - Evaluating mean_class_accuracy ...
2022-05-02 16:40:22,355 - mmaction - INFO - 
mean_acc	0.9611
2022-05-02 16:40:22,355 - mmaction - INFO - Epoch(val) [36][6]	top1_acc: 0.9611, top5_acc: 0.9944, mean_class_accuracy: 0.9611
2022-05-02 16:41:28,673 - mmaction - INFO - Evaluating top_k_accuracy ...
2022-05-02 16:41:28,674 - mmaction - INFO - 
top1_acc	0.9722
top5_acc	1.0000
2022-05-02 16:41:28,674 - mmaction - INFO - Evaluating mean_class_accuracy ...
2022-05-02 16:41:28,674 - mmaction - INFO - 
mean_acc	0.9722
2022-05-02 16:41:28,674 - mmaction - INFO - Epoch(val) [37][6]	top1_acc: 0.9722, top5_acc: 1.0000, mean_class_accuracy: 0.9722
2022-05-02 16:42:36,758 - mmaction - INFO - Evaluating top_k_accuracy ...
2022-05-02 16:42:36,758 - mmaction - INFO - 
top1_acc	0.9722
top5_acc	1.0000
2022-05-02 16:42:36,759 - mmaction - INFO - Evaluating mean_class_accuracy ...
2022-05-02 16:42:36,759 - mmaction - INFO - 
mean_acc	0.9722
2022-05-02 16:42:36,760 - mmaction - INFO - Epoch(val) [38][6]	top1_acc: 0.9722, top5_acc: 1.0000, mean_class_accuracy: 0.9722
2022-05-02 16:43:45,965 - mmaction - INFO - Evaluating top_k_accuracy ...
2022-05-02 16:43:45,966 - mmaction - INFO - 
top1_acc	0.9500
top5_acc	1.0000
2022-05-02 16:43:45,966 - mmaction - INFO - Evaluating mean_class_accuracy ...
2022-05-02 16:43:45,967 - mmaction - INFO - 
mean_acc	0.9500
2022-05-02 16:43:45,967 - mmaction - INFO - Epoch(val) [39][6]	top1_acc: 0.9500, top5_acc: 1.0000, mean_class_accuracy: 0.9500
2022-05-02 16:44:53,864 - mmaction - INFO - Evaluating top_k_accuracy ...
2022-05-02 16:44:53,865 - mmaction - INFO - 
top1_acc	0.9611
top5_acc	0.9944
2022-05-02 16:44:53,865 - mmaction - INFO - Evaluating mean_class_accuracy ...
2022-05-02 16:44:53,866 - mmaction - INFO - 
mean_acc	0.9611
2022-05-02 16:44:53,866 - mmaction - INFO - Epoch(val) [40][6]	top1_acc: 0.9611, top5_acc: 0.9944, mean_class_accuracy: 0.9611
2022-05-02 16:46:01,916 - mmaction - INFO - Evaluating top_k_accuracy ...
2022-05-02 16:46:01,917 - mmaction - INFO - 
top1_acc	0.9722
top5_acc	1.0000
2022-05-02 16:46:01,917 - mmaction - INFO - Evaluating mean_class_accuracy ...
2022-05-02 16:46:01,917 - mmaction - INFO - 
mean_acc	0.9722
2022-05-02 16:46:01,917 - mmaction - INFO - Epoch(val) [41][6]	top1_acc: 0.9722, top5_acc: 1.0000, mean_class_accuracy: 0.9722
2022-05-02 16:47:08,779 - mmaction - INFO - Evaluating top_k_accuracy ...
2022-05-02 16:47:08,779 - mmaction - INFO - 
top1_acc	0.9500
top5_acc	0.9833
2022-05-02 16:47:08,780 - mmaction - INFO - Evaluating mean_class_accuracy ...
2022-05-02 16:47:08,780 - mmaction - INFO - 
mean_acc	0.9500
2022-05-02 16:47:08,780 - mmaction - INFO - Epoch(val) [42][6]	top1_acc: 0.9500, top5_acc: 0.9833, mean_class_accuracy: 0.9500
2022-05-02 16:48:16,043 - mmaction - INFO - Evaluating top_k_accuracy ...
2022-05-02 16:48:16,044 - mmaction - INFO - 
top1_acc	0.9556
top5_acc	0.9889
2022-05-02 16:48:16,044 - mmaction - INFO - Evaluating mean_class_accuracy ...
2022-05-02 16:48:16,044 - mmaction - INFO - 
mean_acc	0.9556
2022-05-02 16:48:16,044 - mmaction - INFO - Epoch(val) [43][6]	top1_acc: 0.9556, top5_acc: 0.9889, mean_class_accuracy: 0.9556
2022-05-02 16:49:24,515 - mmaction - INFO - Evaluating top_k_accuracy ...
2022-05-02 16:49:24,515 - mmaction - INFO - 
top1_acc	0.9611
top5_acc	1.0000
2022-05-02 16:49:24,515 - mmaction - INFO - Evaluating mean_class_accuracy ...
2022-05-02 16:49:24,516 - mmaction - INFO - 
mean_acc	0.9611
2022-05-02 16:49:24,516 - mmaction - INFO - Epoch(val) [44][6]	top1_acc: 0.9611, top5_acc: 1.0000, mean_class_accuracy: 0.9611
2022-05-02 16:50:33,128 - mmaction - INFO - Evaluating top_k_accuracy ...
2022-05-02 16:50:33,128 - mmaction - INFO - 
top1_acc	0.9500
top5_acc	1.0000
2022-05-02 16:50:33,129 - mmaction - INFO - Evaluating mean_class_accuracy ...
2022-05-02 16:50:33,129 - mmaction - INFO - 
mean_acc	0.9500
2022-05-02 16:50:33,129 - mmaction - INFO - Epoch(val) [45][6]	top1_acc: 0.9500, top5_acc: 1.0000, mean_class_accuracy: 0.9500
2022-05-02 16:51:41,601 - mmaction - INFO - Evaluating top_k_accuracy ...
2022-05-02 16:51:41,602 - mmaction - INFO - 
top1_acc	0.9500
top5_acc	0.9944
2022-05-02 16:51:41,602 - mmaction - INFO - Evaluating mean_class_accuracy ...
2022-05-02 16:51:41,602 - mmaction - INFO - 
mean_acc	0.9500
2022-05-02 16:51:41,603 - mmaction - INFO - Epoch(val) [46][6]	top1_acc: 0.9500, top5_acc: 0.9944, mean_class_accuracy: 0.9500
2022-05-02 16:52:49,470 - mmaction - INFO - Evaluating top_k_accuracy ...
2022-05-02 16:52:49,470 - mmaction - INFO - 
top1_acc	0.9500
top5_acc	0.9778
2022-05-02 16:52:49,470 - mmaction - INFO - Evaluating mean_class_accuracy ...
2022-05-02 16:52:49,471 - mmaction - INFO - 
mean_acc	0.9500
2022-05-02 16:52:49,471 - mmaction - INFO - Epoch(val) [47][6]	top1_acc: 0.9500, top5_acc: 0.9778, mean_class_accuracy: 0.9500
2022-05-02 16:53:26,932 - mmaction - INFO - Saving checkpoint at 48 epochs
2022-05-02 16:53:58,226 - mmaction - INFO - Evaluating top_k_accuracy ...
2022-05-02 16:53:58,226 - mmaction - INFO - 
top1_acc	0.9667
top5_acc	1.0000
2022-05-02 16:53:58,226 - mmaction - INFO - Evaluating mean_class_accuracy ...
2022-05-02 16:53:58,227 - mmaction - INFO - 
mean_acc	0.9667
2022-05-02 16:53:58,227 - mmaction - INFO - Epoch(val) [48][6]	top1_acc: 0.9667, top5_acc: 1.0000, mean_class_accuracy: 0.9667
