2022-04-27 20:18:56,090 - mmaction - INFO - Environment info:
------------------------------------------------------------
sys.platform: linux
Python: 3.8.12 | packaged by conda-forge | (default, Oct 12 2021, 21:57:06) [GCC 9.4.0]
CUDA available: True
GPU 0,1,2,3: NVIDIA GeForce RTX 3090
CUDA_HOME: /usr/local/cuda
NVCC: Build cuda_11.1.TC455_06.29190527_0
GCC: gcc (Ubuntu 9.4.0-1ubuntu1~20.04.1) 9.4.0
PyTorch: 1.9.1+cu111
PyTorch compiling details: PyTorch built with:
  - GCC 7.3
  - C++ Version: 201402
  - Intel(R) Math Kernel Library Version 2020.0.0 Product Build 20191122 for Intel(R) 64 architecture applications
  - Intel(R) MKL-DNN v2.1.2 (Git Hash 98be7e8afa711dc9b66c8ff3504129cb82013cdb)
  - OpenMP 201511 (a.k.a. OpenMP 4.5)
  - NNPACK is enabled
  - CPU capability usage: AVX2
  - CUDA Runtime 11.1
  - NVCC architecture flags: -gencode;arch=compute_37,code=sm_37;-gencode;arch=compute_50,code=sm_50;-gencode;arch=compute_60,code=sm_60;-gencode;arch=compute_70,code=sm_70;-gencode;arch=compute_75,code=sm_75;-gencode;arch=compute_80,code=sm_80;-gencode;arch=compute_86,code=sm_86
  - CuDNN 8.0.5
  - Magma 2.5.2
  - Build settings: BLAS_INFO=mkl, BUILD_TYPE=Release, CUDA_VERSION=11.1, CUDNN_VERSION=8.0.5, CXX_COMPILER=/opt/rh/devtoolset-7/root/usr/bin/c++, CXX_FLAGS= -Wno-deprecated -fvisibility-inlines-hidden -DUSE_PTHREADPOOL -fopenmp -DNDEBUG -DUSE_KINETO -DUSE_FBGEMM -DUSE_QNNPACK -DUSE_PYTORCH_QNNPACK -DUSE_XNNPACK -DSYMBOLICATE_MOBILE_DEBUG_HANDLE -O2 -fPIC -Wno-narrowing -Wall -Wextra -Werror=return-type -Wno-missing-field-initializers -Wno-type-limits -Wno-array-bounds -Wno-unknown-pragmas -Wno-sign-compare -Wno-unused-parameter -Wno-unused-variable -Wno-unused-function -Wno-unused-result -Wno-unused-local-typedefs -Wno-strict-overflow -Wno-strict-aliasing -Wno-error=deprecated-declarations -Wno-stringop-overflow -Wno-psabi -Wno-error=pedantic -Wno-error=redundant-decls -Wno-error=old-style-cast -fdiagnostics-color=always -faligned-new -Wno-unused-but-set-variable -Wno-maybe-uninitialized -fno-math-errno -fno-trapping-math -Werror=format -Wno-stringop-overflow, LAPACK_INFO=mkl, PERF_WITH_AVX=1, PERF_WITH_AVX2=1, PERF_WITH_AVX512=1, TORCH_VERSION=1.9.1, USE_CUDA=ON, USE_CUDNN=ON, USE_EXCEPTION_PTR=1, USE_GFLAGS=OFF, USE_GLOG=OFF, USE_MKL=ON, USE_MKLDNN=ON, USE_MPI=OFF, USE_NCCL=ON, USE_NNPACK=ON, USE_OPENMP=ON, 

TorchVision: 0.10.1+cu111
OpenCV: 4.5.5
MMCV: 1.4.2
MMCV Compiler: GCC 7.3
MMCV CUDA Compiler: 11.1
MMAction2: 0.20.0+1c4333f
------------------------------------------------------------

2022-04-27 20:18:56,090 - mmaction - INFO - Distributed training: True
2022-04-27 20:18:57,855 - mmaction - INFO - Config: model = dict(
    type='Recognizer3D',
    backbone=dict(
        type='ResNet3dSlowOnly',
        depth=50,
        pretrained=None,
        in_channels=5,
        base_channels=32,
        num_stages=3,
        out_indices=(2, ),
        stage_blocks=(4, 6, 3),
        conv1_stride_s=1,
        pool1_stride_s=1,
        inflate=(0, 1, 1),
        spatial_strides=(2, 2, 2),
        temporal_strides=(1, 1, 2),
        dilations=(1, 1, 1),
        frozen_stages=3),
    cls_head=dict(
        type='I3DHead',
        in_channels=512,
        num_classes=10,
        spatial_type='avg',
        dropout_ratio=0.5),
    train_cfg=dict(),
    test_cfg=dict(average_clips='prob'))
dataset_type = 'PoseDataset'
ann_file_train = 'data/ds_taichi/TEST9AUG2/NSNR/train_data.pkl'
ann_file_val = 'data/ds_taichi/TEST9AUG2/NSNR/test_data.pkl'
left = [
    5, 6, 7, 8, 44, 45, 46, 47, 48, 49, 50, 51, 52, 53, 54, 55, 56, 57, 58, 59,
    60, 61, 62, 63, 64, 65, 66, 67, 68, 69, 70, 71
]
right = [
    1, 2, 3, 4, 16, 17, 18, 19, 20, 21, 22, 23, 24, 25, 26, 27, 28, 29, 30, 31,
    32, 33, 34, 35, 36, 37, 38, 39, 40, 41, 42, 43
]
train_pipeline = [
    dict(type='UniformSampleFrames', clip_len=48),
    dict(type='PoseDecode'),
    dict(type='PoseCompact', hw_ratio=1.0, allow_imgpad=True),
    dict(type='Resize', scale=(-1, 64)),
    dict(type='RandomResizedCrop', area_range=(0.56, 1.0)),
    dict(type='Resize', scale=(56, 56), keep_ratio=False),
    dict(
        type='Flip',
        flip_ratio=0.5,
        left_kp=[
            5, 6, 7, 8, 44, 45, 46, 47, 48, 49, 50, 51, 52, 53, 54, 55, 56, 57,
            58, 59, 60, 61, 62, 63, 64, 65, 66, 67, 68, 69, 70, 71
        ],
        right_kp=[
            1, 2, 3, 4, 16, 17, 18, 19, 20, 21, 22, 23, 24, 25, 26, 27, 28, 29,
            30, 31, 32, 33, 34, 35, 36, 37, 38, 39, 40, 41, 42, 43
        ]),
    dict(
        type='GenerateTaiChiPoseTarget',
        sigma=0.6,
        use_score=True,
        with_kp=False,
        with_limb=True),
    dict(type='FormatShape', input_format='NCTHW'),
    dict(type='Collect', keys=['imgs', 'label'], meta_keys=[]),
    dict(type='ToTensor', keys=['imgs', 'label'])
]
val_pipeline = [
    dict(type='UniformSampleFrames', clip_len=48, num_clips=1, test_mode=True),
    dict(type='PoseDecode'),
    dict(type='PoseCompact', hw_ratio=1.0, allow_imgpad=True),
    dict(type='Resize', scale=(-1, 64)),
    dict(type='CenterCrop', crop_size=64),
    dict(
        type='GenerateTaiChiPoseTarget',
        sigma=0.6,
        use_score=True,
        with_kp=False,
        with_limb=True),
    dict(type='FormatShape', input_format='NCTHW'),
    dict(type='Collect', keys=['imgs', 'label'], meta_keys=[]),
    dict(type='ToTensor', keys=['imgs'])
]
test_pipeline = [
    dict(
        type='UniformSampleFrames', clip_len=48, num_clips=10, test_mode=True),
    dict(type='PoseDecode'),
    dict(type='PoseCompact', hw_ratio=1.0, allow_imgpad=True),
    dict(type='Resize', scale=(-1, 64)),
    dict(type='CenterCrop', crop_size=64),
    dict(
        type='GenerateTaiChiPoseTarget',
        sigma=0.6,
        use_score=True,
        with_kp=False,
        with_limb=True,
        double=True,
        left_kp=[
            5, 6, 7, 8, 44, 45, 46, 47, 48, 49, 50, 51, 52, 53, 54, 55, 56, 57,
            58, 59, 60, 61, 62, 63, 64, 65, 66, 67, 68, 69, 70, 71
        ],
        right_kp=[
            1, 2, 3, 4, 16, 17, 18, 19, 20, 21, 22, 23, 24, 25, 26, 27, 28, 29,
            30, 31, 32, 33, 34, 35, 36, 37, 38, 39, 40, 41, 42, 43
        ]),
    dict(type='FormatShape', input_format='NCTHW'),
    dict(type='Collect', keys=['imgs', 'label'], meta_keys=[]),
    dict(type='ToTensor', keys=['imgs'])
]
data = dict(
    videos_per_gpu=8,
    workers_per_gpu=4,
    test_dataloader=dict(videos_per_gpu=4),
    train=dict(
        type='RepeatDataset',
        times=20,
        dataset=dict(
            type='PoseDataset',
            ann_file='data/ds_taichi/TEST9AUG2/NSNR/train_data.pkl',
            data_prefix='',
            pipeline=[
                dict(type='UniformSampleFrames', clip_len=48),
                dict(type='PoseDecode'),
                dict(type='PoseCompact', hw_ratio=1.0, allow_imgpad=True),
                dict(type='Resize', scale=(-1, 64)),
                dict(type='RandomResizedCrop', area_range=(0.56, 1.0)),
                dict(type='Resize', scale=(56, 56), keep_ratio=False),
                dict(
                    type='Flip',
                    flip_ratio=0.5,
                    left_kp=[
                        5, 6, 7, 8, 44, 45, 46, 47, 48, 49, 50, 51, 52, 53, 54,
                        55, 56, 57, 58, 59, 60, 61, 62, 63, 64, 65, 66, 67, 68,
                        69, 70, 71
                    ],
                    right_kp=[
                        1, 2, 3, 4, 16, 17, 18, 19, 20, 21, 22, 23, 24, 25, 26,
                        27, 28, 29, 30, 31, 32, 33, 34, 35, 36, 37, 38, 39, 40,
                        41, 42, 43
                    ]),
                dict(
                    type='GenerateTaiChiPoseTarget',
                    sigma=0.6,
                    use_score=True,
                    with_kp=False,
                    with_limb=True),
                dict(type='FormatShape', input_format='NCTHW'),
                dict(type='Collect', keys=['imgs', 'label'], meta_keys=[]),
                dict(type='ToTensor', keys=['imgs', 'label'])
            ])),
    val=dict(
        type='PoseDataset',
        ann_file='data/ds_taichi/TEST9AUG2/NSNR/test_data.pkl',
        data_prefix='',
        pipeline=[
            dict(
                type='UniformSampleFrames',
                clip_len=48,
                num_clips=1,
                test_mode=True),
            dict(type='PoseDecode'),
            dict(type='PoseCompact', hw_ratio=1.0, allow_imgpad=True),
            dict(type='Resize', scale=(-1, 64)),
            dict(type='CenterCrop', crop_size=64),
            dict(
                type='GenerateTaiChiPoseTarget',
                sigma=0.6,
                use_score=True,
                with_kp=False,
                with_limb=True),
            dict(type='FormatShape', input_format='NCTHW'),
            dict(type='Collect', keys=['imgs', 'label'], meta_keys=[]),
            dict(type='ToTensor', keys=['imgs'])
        ]),
    test=dict(
        type='PoseDataset',
        ann_file='data/ds_taichi/TEST9AUG2/NSNR/test_data.pkl',
        data_prefix='',
        pipeline=[
            dict(
                type='UniformSampleFrames',
                clip_len=48,
                num_clips=10,
                test_mode=True),
            dict(type='PoseDecode'),
            dict(type='PoseCompact', hw_ratio=1.0, allow_imgpad=True),
            dict(type='Resize', scale=(-1, 64)),
            dict(type='CenterCrop', crop_size=64),
            dict(
                type='GenerateTaiChiPoseTarget',
                sigma=0.6,
                use_score=True,
                with_kp=False,
                with_limb=True,
                double=True,
                left_kp=[
                    5, 6, 7, 8, 44, 45, 46, 47, 48, 49, 50, 51, 52, 53, 54, 55,
                    56, 57, 58, 59, 60, 61, 62, 63, 64, 65, 66, 67, 68, 69, 70,
                    71
                ],
                right_kp=[
                    1, 2, 3, 4, 16, 17, 18, 19, 20, 21, 22, 23, 24, 25, 26, 27,
                    28, 29, 30, 31, 32, 33, 34, 35, 36, 37, 38, 39, 40, 41, 42,
                    43
                ]),
            dict(type='FormatShape', input_format='NCTHW'),
            dict(type='Collect', keys=['imgs', 'label'], meta_keys=[]),
            dict(type='ToTensor', keys=['imgs'])
        ]))
optimizer = dict(type='SGD', lr=1, momentum=0.9, weight_decay=0.0003)
optimizer_config = dict(grad_clip=dict(max_norm=40, norm_type=2))
lr_config = dict(policy='CosineAnnealing', by_epoch=False, min_lr=0)
total_epochs = 48
checkpoint_config = dict()
workflow = [('train', 1)]
evaluation = dict(
    interval=1, metrics=['top_k_accuracy', 'mean_class_accuracy'], topk=(1, 5))
log_config = dict(interval=5, hooks=[dict(type='TextLoggerHook')])
output_config = dict(
    out='./model_pth/exp6/NSNR-linear5-T9A2-limb/test_result/results.pkl')
eval_config = dict(
    metric_out='./model_pth/exp6/NSNR-linear5-T9A2-limb/test_result',
    eval=[
        'top_k_accuracy', 'mean_class_accuracy', 'confusion_matrix',
        't_sne_vis'
    ])
dist_params = dict(backend='nccl')
log_level = 'INFO'
work_dir = './model_pth/exp6/NSNR-linear5-T9A2-limb'
load_from = './model_pth/5part_ntu60_xsub_limb_0412/best_top1_acc_epoch_24.pth'
resume_from = None
find_unused_parameters = True
gpu_ids = range(0, 4)
omnisource = False
module_hooks = []

2022-04-27 20:18:57,855 - mmaction - INFO - Set random seed to 42, deterministic: True
2022-04-27 20:18:57,913 - mmaction - INFO - 40 videos remain after valid thresholding
2022-04-27 20:19:04,058 - mmaction - INFO - 180 videos remain after valid thresholding
2022-04-27 20:19:04,059 - mmaction - INFO - load checkpoint from local path: ./model_pth/5part_ntu60_xsub_limb_0412/best_top1_acc_epoch_24.pth
2022-04-27 20:19:04,084 - mmaction - WARNING - The model and loaded state dict do not match exactly

size mismatch for cls_head.fc_cls.weight: copying a param with shape torch.Size([60, 512]) from checkpoint, the shape in current model is torch.Size([10, 512]).
size mismatch for cls_head.fc_cls.bias: copying a param with shape torch.Size([60]) from checkpoint, the shape in current model is torch.Size([10]).
2022-04-27 20:19:04,084 - mmaction - INFO - Start running, host: yl@83090-jin, work_dir: /home/yl/myposec3d/model_pth/exp6/NSNR-linear5-T9A2-limb
2022-04-27 20:19:04,084 - mmaction - INFO - Hooks will be executed in the following order:
before_run:
(VERY_HIGH   ) CosineAnnealingLrUpdaterHook       
(NORMAL      ) CheckpointHook                     
(NORMAL      ) DistEvalHook                       
(VERY_LOW    ) TextLoggerHook                     
 -------------------- 
before_train_epoch:
(VERY_HIGH   ) CosineAnnealingLrUpdaterHook       
(NORMAL      ) DistSamplerSeedHook                
(NORMAL      ) DistEvalHook                       
(LOW         ) IterTimerHook                      
(VERY_LOW    ) TextLoggerHook                     
 -------------------- 
before_train_iter:
(VERY_HIGH   ) CosineAnnealingLrUpdaterHook       
(NORMAL      ) DistEvalHook                       
(LOW         ) IterTimerHook                      
 -------------------- 
after_train_iter:
(ABOVE_NORMAL) OptimizerHook                      
(NORMAL      ) CheckpointHook                     
(NORMAL      ) DistEvalHook                       
(LOW         ) IterTimerHook                      
(VERY_LOW    ) TextLoggerHook                     
 -------------------- 
after_train_epoch:
(NORMAL      ) CheckpointHook                     
(NORMAL      ) DistEvalHook                       
(VERY_LOW    ) TextLoggerHook                     
 -------------------- 
before_val_epoch:
(NORMAL      ) DistSamplerSeedHook                
(LOW         ) IterTimerHook                      
(VERY_LOW    ) TextLoggerHook                     
 -------------------- 
before_val_iter:
(LOW         ) IterTimerHook                      
 -------------------- 
after_val_iter:
(LOW         ) IterTimerHook                      
 -------------------- 
after_val_epoch:
(VERY_LOW    ) TextLoggerHook                     
 -------------------- 
after_run:
(VERY_LOW    ) TextLoggerHook                     
 -------------------- 
2022-04-27 20:19:04,085 - mmaction - INFO - workflow: [('train', 1)], max: 48 epochs
2022-04-27 20:19:04,085 - mmaction - INFO - Checkpoints will be saved to /home/yl/myposec3d/model_pth/exp6/NSNR-linear5-T9A2-limb by HardDiskBackend.
2022-04-27 20:19:35,011 - mmaction - INFO - Epoch [1][5/25]	lr: 1.000e+00, eta: 2:03:10, time: 6.185, data_time: 5.750, memory: 665, top1_acc: 0.0688, top5_acc: 0.5750, loss_cls: 16.5089, loss: 16.5089, grad_norm: 7.7180
2022-04-27 20:19:37,522 - mmaction - INFO - Epoch [1][10/25]	lr: 9.999e-01, eta: 1:06:18, time: 0.502, data_time: 0.306, memory: 665, top1_acc: 0.2625, top5_acc: 0.6000, loss_cls: 75.5802, loss: 75.5802, grad_norm: 6.2720
2022-04-27 20:19:40,036 - mmaction - INFO - Epoch [1][15/25]	lr: 9.997e-01, eta: 0:47:19, time: 0.503, data_time: 0.343, memory: 665, top1_acc: 0.3812, top5_acc: 0.6937, loss_cls: 45.9273, loss: 45.9273, grad_norm: 4.3793
2022-04-27 20:19:42,921 - mmaction - INFO - Epoch [1][20/25]	lr: 9.994e-01, eta: 0:38:11, time: 0.577, data_time: 0.468, memory: 665, top1_acc: 0.4188, top5_acc: 0.8313, loss_cls: 32.1818, loss: 32.1818, grad_norm: 4.6053
2022-04-27 20:19:47,026 - mmaction - INFO - Epoch [1][25/25]	lr: 9.990e-01, eta: 0:33:37, time: 0.820, data_time: 0.735, memory: 665, top1_acc: 0.5250, top5_acc: 0.8812, loss_cls: 16.9067, loss: 16.9067, grad_norm: 3.6750
2022-04-27 20:20:19,266 - mmaction - INFO - Evaluating top_k_accuracy ...
2022-04-27 20:20:19,267 - mmaction - INFO - 
top1_acc	0.4500
top5_acc	0.8500
2022-04-27 20:20:19,267 - mmaction - INFO - Evaluating mean_class_accuracy ...
2022-04-27 20:20:19,267 - mmaction - INFO - 
mean_acc	0.4500
2022-04-27 20:20:19,305 - mmaction - INFO - Now best checkpoint is saved as best_top1_acc_epoch_1.pth.
2022-04-27 20:20:19,305 - mmaction - INFO - Best top1_acc is 0.4500 at 1 epoch.
2022-04-27 20:20:19,306 - mmaction - INFO - Epoch(val) [1][6]	top1_acc: 0.4500, top5_acc: 0.8500, mean_class_accuracy: 0.4500
2022-04-27 20:20:51,258 - mmaction - INFO - Epoch [2][5/25]	lr: 9.986e-01, eta: 0:48:40, time: 6.388, data_time: 5.731, memory: 861, top1_acc: 0.5062, top5_acc: 0.9187, loss_cls: 17.0207, loss: 17.0207, grad_norm: 3.5165
2022-04-27 20:20:55,128 - mmaction - INFO - Epoch [2][10/25]	lr: 9.980e-01, eta: 0:43:41, time: 0.776, data_time: 0.287, memory: 861, top1_acc: 0.6312, top5_acc: 0.9875, loss_cls: 12.0081, loss: 12.0081, grad_norm: 2.9194
2022-04-27 20:20:57,899 - mmaction - INFO - Epoch [2][15/25]	lr: 9.974e-01, eta: 0:39:24, time: 0.554, data_time: 0.182, memory: 861, top1_acc: 0.6375, top5_acc: 0.9750, loss_cls: 13.5730, loss: 13.5730, grad_norm: 2.9354
2022-04-27 20:21:00,467 - mmaction - INFO - Epoch [2][20/25]	lr: 9.967e-01, eta: 0:35:58, time: 0.513, data_time: 0.212, memory: 861, top1_acc: 0.6813, top5_acc: 0.9563, loss_cls: 10.5975, loss: 10.5975, grad_norm: 2.4941
2022-04-27 20:21:04,625 - mmaction - INFO - Epoch [2][25/25]	lr: 9.959e-01, eta: 0:33:49, time: 0.832, data_time: 0.377, memory: 861, top1_acc: 0.7750, top5_acc: 0.9938, loss_cls: 4.4775, loss: 4.4775, grad_norm: 2.0212
2022-04-27 20:21:36,999 - mmaction - INFO - Evaluating top_k_accuracy ...
2022-04-27 20:21:36,999 - mmaction - INFO - 
top1_acc	0.6056
top5_acc	0.9611
2022-04-27 20:21:36,999 - mmaction - INFO - Evaluating mean_class_accuracy ...
2022-04-27 20:21:37,000 - mmaction - INFO - 
mean_acc	0.6056
2022-04-27 20:21:37,001 - mmaction - INFO - The previous best checkpoint /home/yl/myposec3d/model_pth/exp6/NSNR-linear5-T9A2-limb/best_top1_acc_epoch_1.pth was removed
2022-04-27 20:21:37,031 - mmaction - INFO - Now best checkpoint is saved as best_top1_acc_epoch_2.pth.
2022-04-27 20:21:37,031 - mmaction - INFO - Best top1_acc is 0.6056 at 2 epoch.
2022-04-27 20:21:37,032 - mmaction - INFO - Epoch(val) [2][6]	top1_acc: 0.6056, top5_acc: 0.9611, mean_class_accuracy: 0.6056
2022-04-27 20:22:07,783 - mmaction - INFO - Epoch [3][5/25]	lr: 9.950e-01, eta: 0:41:17, time: 6.149, data_time: 6.083, memory: 861, top1_acc: 0.7063, top5_acc: 0.9938, loss_cls: 7.5091, loss: 7.5091, grad_norm: 2.1663
2022-04-27 20:22:11,006 - mmaction - INFO - Epoch [3][10/25]	lr: 9.940e-01, eta: 0:38:42, time: 0.645, data_time: 0.574, memory: 861, top1_acc: 0.6687, top5_acc: 0.9875, loss_cls: 9.5805, loss: 9.5805, grad_norm: 3.0993
2022-04-27 20:22:13,539 - mmaction - INFO - Epoch [3][15/25]	lr: 9.930e-01, eta: 0:36:18, time: 0.507, data_time: 0.460, memory: 861, top1_acc: 0.7312, top5_acc: 0.9938, loss_cls: 8.0645, loss: 8.0645, grad_norm: 2.1366
2022-04-27 20:22:16,559 - mmaction - INFO - Epoch [3][20/25]	lr: 9.919e-01, eta: 0:34:22, time: 0.602, data_time: 0.538, memory: 861, top1_acc: 0.7375, top5_acc: 0.9938, loss_cls: 10.0285, loss: 10.0285, grad_norm: 2.5032
2022-04-27 20:22:19,902 - mmaction - INFO - Epoch [3][25/25]	lr: 9.906e-01, eta: 0:32:46, time: 0.670, data_time: 0.606, memory: 861, top1_acc: 0.7500, top5_acc: 0.9625, loss_cls: 9.6926, loss: 9.6926, grad_norm: 2.4784
2022-04-27 20:22:52,040 - mmaction - INFO - Evaluating top_k_accuracy ...
2022-04-27 20:22:52,041 - mmaction - INFO - 
top1_acc	0.5667
top5_acc	0.9833
2022-04-27 20:22:52,041 - mmaction - INFO - Evaluating mean_class_accuracy ...
2022-04-27 20:22:52,041 - mmaction - INFO - 
mean_acc	0.5667
2022-04-27 20:22:52,042 - mmaction - INFO - Epoch(val) [3][6]	top1_acc: 0.5667, top5_acc: 0.9833, mean_class_accuracy: 0.5667
2022-04-27 20:23:22,897 - mmaction - INFO - Epoch [4][5/25]	lr: 9.893e-01, eta: 0:37:47, time: 6.169, data_time: 6.048, memory: 861, top1_acc: 0.7625, top5_acc: 0.9750, loss_cls: 8.8728, loss: 8.8728, grad_norm: 2.2339
2022-04-27 20:23:25,985 - mmaction - INFO - Epoch [4][10/25]	lr: 9.880e-01, eta: 0:36:05, time: 0.618, data_time: 0.412, memory: 861, top1_acc: 0.7937, top5_acc: 1.0000, loss_cls: 6.7183, loss: 6.7183, grad_norm: 1.8121
2022-04-27 20:23:28,823 - mmaction - INFO - Epoch [4][15/25]	lr: 9.865e-01, eta: 0:34:30, time: 0.569, data_time: 0.348, memory: 861, top1_acc: 0.7625, top5_acc: 1.0000, loss_cls: 6.5540, loss: 6.5540, grad_norm: 2.2186
2022-04-27 20:23:31,496 - mmaction - INFO - Epoch [4][20/25]	lr: 9.849e-01, eta: 0:33:03, time: 0.535, data_time: 0.265, memory: 861, top1_acc: 0.7625, top5_acc: 0.9938, loss_cls: 7.0793, loss: 7.0793, grad_norm: 2.1626
2022-04-27 20:23:35,241 - mmaction - INFO - Epoch [4][25/25]	lr: 9.833e-01, eta: 0:31:57, time: 0.749, data_time: 0.568, memory: 861, top1_acc: 0.8000, top5_acc: 0.9938, loss_cls: 5.0913, loss: 5.0913, grad_norm: 1.7967
2022-04-27 20:24:08,330 - mmaction - INFO - Evaluating top_k_accuracy ...
2022-04-27 20:24:08,331 - mmaction - INFO - 
top1_acc	0.7389
top5_acc	0.9722
2022-04-27 20:24:08,331 - mmaction - INFO - Evaluating mean_class_accuracy ...
2022-04-27 20:24:08,331 - mmaction - INFO - 
mean_acc	0.7389
2022-04-27 20:24:08,332 - mmaction - INFO - The previous best checkpoint /home/yl/myposec3d/model_pth/exp6/NSNR-linear5-T9A2-limb/best_top1_acc_epoch_2.pth was removed
2022-04-27 20:24:08,361 - mmaction - INFO - Now best checkpoint is saved as best_top1_acc_epoch_4.pth.
2022-04-27 20:24:08,361 - mmaction - INFO - Best top1_acc is 0.7389 at 4 epoch.
2022-04-27 20:24:08,362 - mmaction - INFO - Epoch(val) [4][6]	top1_acc: 0.7389, top5_acc: 0.9722, mean_class_accuracy: 0.7389
2022-04-27 20:24:39,267 - mmaction - INFO - Epoch [5][5/25]	lr: 9.816e-01, eta: 0:35:40, time: 6.180, data_time: 5.800, memory: 861, top1_acc: 0.7875, top5_acc: 0.9938, loss_cls: 4.1552, loss: 4.1552, grad_norm: 2.0330
2022-04-27 20:24:41,823 - mmaction - INFO - Epoch [5][10/25]	lr: 9.798e-01, eta: 0:34:18, time: 0.511, data_time: 0.118, memory: 861, top1_acc: 0.8562, top5_acc: 1.0000, loss_cls: 2.5228, loss: 2.5228, grad_norm: 1.4248
2022-04-27 20:24:44,202 - mmaction - INFO - Epoch [5][15/25]	lr: 9.779e-01, eta: 0:33:02, time: 0.476, data_time: 0.008, memory: 861, top1_acc: 0.8750, top5_acc: 0.9938, loss_cls: 3.9412, loss: 3.9412, grad_norm: 1.2215
2022-04-27 20:24:48,043 - mmaction - INFO - Epoch [5][20/25]	lr: 9.759e-01, eta: 0:32:05, time: 0.767, data_time: 0.010, memory: 861, top1_acc: 0.8375, top5_acc: 1.0000, loss_cls: 4.0840, loss: 4.0840, grad_norm: 1.7052
2022-04-27 20:24:52,074 - mmaction - INFO - Epoch [5][25/25]	lr: 9.739e-01, eta: 0:31:14, time: 0.806, data_time: 0.005, memory: 861, top1_acc: 0.8187, top5_acc: 0.9938, loss_cls: 4.1115, loss: 4.1115, grad_norm: 1.7488
2022-04-27 20:25:24,591 - mmaction - INFO - Evaluating top_k_accuracy ...
2022-04-27 20:25:24,591 - mmaction - INFO - 
top1_acc	0.6889
top5_acc	0.9333
2022-04-27 20:25:24,592 - mmaction - INFO - Evaluating mean_class_accuracy ...
2022-04-27 20:25:24,592 - mmaction - INFO - 
mean_acc	0.6889
2022-04-27 20:25:24,592 - mmaction - INFO - Epoch(val) [5][6]	top1_acc: 0.6889, top5_acc: 0.9333, mean_class_accuracy: 0.6889
2022-04-27 20:25:55,475 - mmaction - INFO - Epoch [6][5/25]	lr: 9.718e-01, eta: 0:34:08, time: 6.175, data_time: 5.895, memory: 861, top1_acc: 0.8313, top5_acc: 0.9875, loss_cls: 4.8814, loss: 4.8814, grad_norm: 1.7758
2022-04-27 20:25:58,093 - mmaction - INFO - Epoch [6][10/25]	lr: 9.695e-01, eta: 0:33:04, time: 0.524, data_time: 0.298, memory: 861, top1_acc: 0.8625, top5_acc: 0.9938, loss_cls: 3.9619, loss: 3.9619, grad_norm: 1.2876
2022-04-27 20:26:00,589 - mmaction - INFO - Epoch [6][15/25]	lr: 9.673e-01, eta: 0:32:03, time: 0.499, data_time: 0.296, memory: 861, top1_acc: 0.8938, top5_acc: 1.0000, loss_cls: 1.5933, loss: 1.5933, grad_norm: 0.9611
2022-04-27 20:26:02,952 - mmaction - INFO - Epoch [6][20/25]	lr: 9.649e-01, eta: 0:31:05, time: 0.472, data_time: 0.268, memory: 861, top1_acc: 0.8875, top5_acc: 0.9938, loss_cls: 2.1297, loss: 2.1297, grad_norm: 1.1757
2022-04-27 20:26:07,391 - mmaction - INFO - Epoch [6][25/25]	lr: 9.624e-01, eta: 0:30:25, time: 0.888, data_time: 0.444, memory: 861, top1_acc: 0.8812, top5_acc: 1.0000, loss_cls: 3.5042, loss: 3.5042, grad_norm: 1.3190
2022-04-27 20:26:39,810 - mmaction - INFO - Evaluating top_k_accuracy ...
2022-04-27 20:26:39,810 - mmaction - INFO - 
top1_acc	0.7000
top5_acc	0.9944
2022-04-27 20:26:39,810 - mmaction - INFO - Evaluating mean_class_accuracy ...
2022-04-27 20:26:39,811 - mmaction - INFO - 
mean_acc	0.7000
2022-04-27 20:26:39,811 - mmaction - INFO - Epoch(val) [6][6]	top1_acc: 0.7000, top5_acc: 0.9944, mean_class_accuracy: 0.7000
2022-04-27 20:27:11,976 - mmaction - INFO - Epoch [7][5/25]	lr: 9.599e-01, eta: 0:32:55, time: 6.431, data_time: 5.970, memory: 861, top1_acc: 0.7812, top5_acc: 1.0000, loss_cls: 3.5238, loss: 3.5238, grad_norm: 1.6147
2022-04-27 20:27:14,459 - mmaction - INFO - Epoch [7][10/25]	lr: 9.573e-01, eta: 0:32:00, time: 0.497, data_time: 0.310, memory: 861, top1_acc: 0.8938, top5_acc: 1.0000, loss_cls: 2.1228, loss: 2.1228, grad_norm: 1.2336
2022-04-27 20:27:17,254 - mmaction - INFO - Epoch [7][15/25]	lr: 9.546e-01, eta: 0:31:10, time: 0.560, data_time: 0.267, memory: 861, top1_acc: 0.8500, top5_acc: 0.9938, loss_cls: 3.9367, loss: 3.9367, grad_norm: 1.6281
2022-04-27 20:27:19,710 - mmaction - INFO - Epoch [7][20/25]	lr: 9.519e-01, eta: 0:30:21, time: 0.491, data_time: 0.320, memory: 861, top1_acc: 0.8812, top5_acc: 0.9938, loss_cls: 4.0899, loss: 4.0899, grad_norm: 1.2957
2022-04-27 20:27:23,905 - mmaction - INFO - Epoch [7][25/25]	lr: 9.490e-01, eta: 0:29:45, time: 0.838, data_time: 0.619, memory: 861, top1_acc: 0.8562, top5_acc: 1.0000, loss_cls: 2.4977, loss: 2.4977, grad_norm: 1.2477
2022-04-27 20:27:56,572 - mmaction - INFO - Evaluating top_k_accuracy ...
2022-04-27 20:27:56,573 - mmaction - INFO - 
top1_acc	0.8389
top5_acc	0.9944
2022-04-27 20:27:56,573 - mmaction - INFO - Evaluating mean_class_accuracy ...
2022-04-27 20:27:56,573 - mmaction - INFO - 
mean_acc	0.8389
2022-04-27 20:27:56,575 - mmaction - INFO - The previous best checkpoint /home/yl/myposec3d/model_pth/exp6/NSNR-linear5-T9A2-limb/best_top1_acc_epoch_4.pth was removed
2022-04-27 20:27:56,612 - mmaction - INFO - Now best checkpoint is saved as best_top1_acc_epoch_7.pth.
2022-04-27 20:27:56,612 - mmaction - INFO - Best top1_acc is 0.8389 at 7 epoch.
2022-04-27 20:27:56,612 - mmaction - INFO - Epoch(val) [7][6]	top1_acc: 0.8389, top5_acc: 0.9944, mean_class_accuracy: 0.8389
2022-04-27 20:28:27,339 - mmaction - INFO - Epoch [8][5/25]	lr: 9.461e-01, eta: 0:31:41, time: 6.144, data_time: 6.049, memory: 861, top1_acc: 0.8625, top5_acc: 1.0000, loss_cls: 1.5645, loss: 1.5645, grad_norm: 1.2731
2022-04-27 20:28:29,951 - mmaction - INFO - Epoch [8][10/25]	lr: 9.431e-01, eta: 0:30:55, time: 0.523, data_time: 0.370, memory: 861, top1_acc: 0.8125, top5_acc: 1.0000, loss_cls: 4.6267, loss: 4.6267, grad_norm: 1.9408
2022-04-27 20:28:32,621 - mmaction - INFO - Epoch [8][15/25]	lr: 9.400e-01, eta: 0:30:12, time: 0.534, data_time: 0.394, memory: 861, top1_acc: 0.8750, top5_acc: 0.9938, loss_cls: 3.3119, loss: 3.3119, grad_norm: 1.4424
2022-04-27 20:28:35,171 - mmaction - INFO - Epoch [8][20/25]	lr: 9.369e-01, eta: 0:29:30, time: 0.509, data_time: 0.401, memory: 861, top1_acc: 0.7937, top5_acc: 0.9875, loss_cls: 4.9666, loss: 4.9666, grad_norm: 1.9937
2022-04-27 20:28:39,768 - mmaction - INFO - Epoch [8][25/25]	lr: 9.337e-01, eta: 0:29:00, time: 0.920, data_time: 0.805, memory: 861, top1_acc: 0.8750, top5_acc: 1.0000, loss_cls: 2.9077, loss: 2.9077, grad_norm: 1.5368
2022-04-27 20:29:12,655 - mmaction - INFO - Evaluating top_k_accuracy ...
2022-04-27 20:29:12,655 - mmaction - INFO - 
top1_acc	0.7389
top5_acc	0.9833
2022-04-27 20:29:12,655 - mmaction - INFO - Evaluating mean_class_accuracy ...
2022-04-27 20:29:12,656 - mmaction - INFO - 
mean_acc	0.7389
2022-04-27 20:29:12,656 - mmaction - INFO - Epoch(val) [8][6]	top1_acc: 0.7389, top5_acc: 0.9833, mean_class_accuracy: 0.7389
2022-04-27 20:29:44,073 - mmaction - INFO - Epoch [9][5/25]	lr: 9.304e-01, eta: 0:30:41, time: 6.281, data_time: 6.177, memory: 861, top1_acc: 0.8500, top5_acc: 1.0000, loss_cls: 4.9675, loss: 4.9675, grad_norm: 1.6955
2022-04-27 20:29:46,866 - mmaction - INFO - Epoch [9][10/25]	lr: 9.270e-01, eta: 0:30:02, time: 0.560, data_time: 0.367, memory: 861, top1_acc: 0.7312, top5_acc: 0.9938, loss_cls: 7.6096, loss: 7.6096, grad_norm: 2.6653
2022-04-27 20:29:49,971 - mmaction - INFO - Epoch [9][15/25]	lr: 9.236e-01, eta: 0:29:25, time: 0.620, data_time: 0.325, memory: 861, top1_acc: 0.8750, top5_acc: 1.0000, loss_cls: 3.2604, loss: 3.2604, grad_norm: 1.3348
2022-04-27 20:29:53,237 - mmaction - INFO - Epoch [9][20/25]	lr: 9.200e-01, eta: 0:28:51, time: 0.654, data_time: 0.266, memory: 861, top1_acc: 0.8187, top5_acc: 1.0000, loss_cls: 5.1320, loss: 5.1320, grad_norm: 1.8083
2022-04-27 20:29:57,455 - mmaction - INFO - Epoch [9][25/25]	lr: 9.165e-01, eta: 0:28:22, time: 0.843, data_time: 0.235, memory: 861, top1_acc: 0.8438, top5_acc: 1.0000, loss_cls: 2.8660, loss: 2.8660, grad_norm: 1.5026
2022-04-27 20:30:31,084 - mmaction - INFO - Evaluating top_k_accuracy ...
2022-04-27 20:30:31,085 - mmaction - INFO - 
top1_acc	0.6667
top5_acc	0.9556
2022-04-27 20:30:31,085 - mmaction - INFO - Evaluating mean_class_accuracy ...
2022-04-27 20:30:31,085 - mmaction - INFO - 
mean_acc	0.6667
2022-04-27 20:30:31,086 - mmaction - INFO - Epoch(val) [9][6]	top1_acc: 0.6667, top5_acc: 0.9556, mean_class_accuracy: 0.6667
2022-04-27 20:31:02,835 - mmaction - INFO - Epoch [10][5/25]	lr: 9.128e-01, eta: 0:29:50, time: 6.349, data_time: 5.584, memory: 861, top1_acc: 0.8000, top5_acc: 1.0000, loss_cls: 4.8983, loss: 4.8983, grad_norm: 1.8544
2022-04-27 20:31:06,079 - mmaction - INFO - Epoch [10][10/25]	lr: 9.091e-01, eta: 0:29:16, time: 0.649, data_time: 0.110, memory: 861, top1_acc: 0.8313, top5_acc: 1.0000, loss_cls: 3.7987, loss: 3.7987, grad_norm: 1.6947
2022-04-27 20:31:08,679 - mmaction - INFO - Epoch [10][15/25]	lr: 9.053e-01, eta: 0:28:41, time: 0.520, data_time: 0.145, memory: 861, top1_acc: 0.8938, top5_acc: 0.9938, loss_cls: 3.2494, loss: 3.2494, grad_norm: 1.3792
2022-04-27 20:31:11,876 - mmaction - INFO - Epoch [10][20/25]	lr: 9.014e-01, eta: 0:28:10, time: 0.639, data_time: 0.128, memory: 861, top1_acc: 0.8250, top5_acc: 0.9938, loss_cls: 5.3412, loss: 5.3412, grad_norm: 1.6844
2022-04-27 20:31:15,401 - mmaction - INFO - Epoch [10][25/25]	lr: 8.975e-01, eta: 0:27:41, time: 0.704, data_time: 0.251, memory: 861, top1_acc: 0.8750, top5_acc: 1.0000, loss_cls: 2.6799, loss: 2.6799, grad_norm: 1.4535
2022-04-27 20:31:49,025 - mmaction - INFO - Evaluating top_k_accuracy ...
2022-04-27 20:31:49,026 - mmaction - INFO - 
top1_acc	0.7444
top5_acc	0.9444
2022-04-27 20:31:49,026 - mmaction - INFO - Evaluating mean_class_accuracy ...
2022-04-27 20:31:49,027 - mmaction - INFO - 
mean_acc	0.7444
2022-04-27 20:31:49,027 - mmaction - INFO - Epoch(val) [10][6]	top1_acc: 0.7444, top5_acc: 0.9444, mean_class_accuracy: 0.7444
2022-04-27 20:32:21,531 - mmaction - INFO - Epoch [11][5/25]	lr: 8.935e-01, eta: 0:29:00, time: 6.500, data_time: 6.081, memory: 861, top1_acc: 0.8313, top5_acc: 0.9938, loss_cls: 3.9167, loss: 3.9167, grad_norm: 1.5201
2022-04-27 20:32:25,541 - mmaction - INFO - Epoch [11][10/25]	lr: 8.894e-01, eta: 0:28:32, time: 0.802, data_time: 0.425, memory: 861, top1_acc: 0.8812, top5_acc: 0.9938, loss_cls: 2.7012, loss: 2.7012, grad_norm: 1.1667
2022-04-27 20:32:28,892 - mmaction - INFO - Epoch [11][15/25]	lr: 8.853e-01, eta: 0:28:03, time: 0.670, data_time: 0.360, memory: 861, top1_acc: 0.7812, top5_acc: 1.0000, loss_cls: 5.3521, loss: 5.3521, grad_norm: 2.0033
2022-04-27 20:32:32,917 - mmaction - INFO - Epoch [11][20/25]	lr: 8.811e-01, eta: 0:27:36, time: 0.805, data_time: 0.340, memory: 861, top1_acc: 0.8250, top5_acc: 1.0000, loss_cls: 2.6708, loss: 2.6708, grad_norm: 1.5056
2022-04-27 20:32:35,235 - mmaction - INFO - Epoch [11][25/25]	lr: 8.768e-01, eta: 0:27:05, time: 0.464, data_time: 0.126, memory: 861, top1_acc: 0.8187, top5_acc: 0.9938, loss_cls: 4.5148, loss: 4.5148, grad_norm: 1.6733
2022-04-27 20:33:07,888 - mmaction - INFO - Evaluating top_k_accuracy ...
2022-04-27 20:33:07,889 - mmaction - INFO - 
top1_acc	0.7111
top5_acc	0.9389
2022-04-27 20:33:07,889 - mmaction - INFO - Evaluating mean_class_accuracy ...
2022-04-27 20:33:07,889 - mmaction - INFO - 
mean_acc	0.7111
2022-04-27 20:33:07,890 - mmaction - INFO - Epoch(val) [11][6]	top1_acc: 0.7111, top5_acc: 0.9389, mean_class_accuracy: 0.7111
2022-04-27 20:33:38,425 - mmaction - INFO - Epoch [12][5/25]	lr: 8.724e-01, eta: 0:28:08, time: 6.104, data_time: 6.056, memory: 861, top1_acc: 0.7625, top5_acc: 1.0000, loss_cls: 4.6566, loss: 4.6566, grad_norm: 2.2932
2022-04-27 20:33:41,492 - mmaction - INFO - Epoch [12][10/25]	lr: 8.680e-01, eta: 0:27:39, time: 0.615, data_time: 0.562, memory: 861, top1_acc: 0.8000, top5_acc: 0.9938, loss_cls: 3.5959, loss: 3.5959, grad_norm: 1.7119
2022-04-27 20:33:44,340 - mmaction - INFO - Epoch [12][15/25]	lr: 8.636e-01, eta: 0:27:11, time: 0.569, data_time: 0.493, memory: 861, top1_acc: 0.8750, top5_acc: 0.9938, loss_cls: 2.7783, loss: 2.7783, grad_norm: 1.2680
2022-04-27 20:33:46,795 - mmaction - INFO - Epoch [12][20/25]	lr: 8.591e-01, eta: 0:26:42, time: 0.492, data_time: 0.328, memory: 861, top1_acc: 0.8688, top5_acc: 0.9938, loss_cls: 3.2073, loss: 3.2073, grad_norm: 1.3097
2022-04-27 20:33:50,847 - mmaction - INFO - Epoch [12][25/25]	lr: 8.545e-01, eta: 0:26:18, time: 0.810, data_time: 0.299, memory: 861, top1_acc: 0.8875, top5_acc: 0.9938, loss_cls: 1.7389, loss: 1.7389, grad_norm: 1.3010
2022-04-27 20:34:23,560 - mmaction - INFO - Evaluating top_k_accuracy ...
2022-04-27 20:34:23,561 - mmaction - INFO - 
top1_acc	0.5944
top5_acc	0.9889
2022-04-27 20:34:23,561 - mmaction - INFO - Evaluating mean_class_accuracy ...
2022-04-27 20:34:23,562 - mmaction - INFO - 
mean_acc	0.5944
2022-04-27 20:34:23,563 - mmaction - INFO - Epoch(val) [12][6]	top1_acc: 0.5944, top5_acc: 0.9889, mean_class_accuracy: 0.5944
2022-04-27 20:34:54,293 - mmaction - INFO - Epoch [13][5/25]	lr: 8.498e-01, eta: 0:27:14, time: 6.145, data_time: 6.096, memory: 861, top1_acc: 0.8187, top5_acc: 1.0000, loss_cls: 2.9709, loss: 2.9709, grad_norm: 1.6936
2022-04-27 20:34:56,541 - mmaction - INFO - Epoch [13][10/25]	lr: 8.451e-01, eta: 0:26:45, time: 0.450, data_time: 0.376, memory: 861, top1_acc: 0.8812, top5_acc: 1.0000, loss_cls: 2.4323, loss: 2.4323, grad_norm: 1.3952
2022-04-27 20:34:58,854 - mmaction - INFO - Epoch [13][15/25]	lr: 8.404e-01, eta: 0:26:17, time: 0.463, data_time: 0.416, memory: 861, top1_acc: 0.8500, top5_acc: 1.0000, loss_cls: 2.5436, loss: 2.5436, grad_norm: 1.6261
2022-04-27 20:35:01,155 - mmaction - INFO - Epoch [13][20/25]	lr: 8.355e-01, eta: 0:25:50, time: 0.460, data_time: 0.411, memory: 861, top1_acc: 0.8313, top5_acc: 0.9938, loss_cls: 4.2047, loss: 4.2047, grad_norm: 1.5708
2022-04-27 20:35:05,134 - mmaction - INFO - Epoch [13][25/25]	lr: 8.307e-01, eta: 0:25:28, time: 0.796, data_time: 0.749, memory: 861, top1_acc: 0.8688, top5_acc: 1.0000, loss_cls: 1.6377, loss: 1.6377, grad_norm: 1.2105
2022-04-27 20:35:37,487 - mmaction - INFO - Evaluating top_k_accuracy ...
2022-04-27 20:35:37,487 - mmaction - INFO - 
top1_acc	0.6833
top5_acc	0.9500
2022-04-27 20:35:37,487 - mmaction - INFO - Evaluating mean_class_accuracy ...
2022-04-27 20:35:37,488 - mmaction - INFO - 
mean_acc	0.6833
2022-04-27 20:35:37,488 - mmaction - INFO - Epoch(val) [13][6]	top1_acc: 0.6833, top5_acc: 0.9500, mean_class_accuracy: 0.6833
2022-04-27 20:36:08,811 - mmaction - INFO - Epoch [14][5/25]	lr: 8.257e-01, eta: 0:26:19, time: 6.262, data_time: 5.735, memory: 861, top1_acc: 0.8812, top5_acc: 1.0000, loss_cls: 1.9270, loss: 1.9270, grad_norm: 1.2359
2022-04-27 20:36:11,894 - mmaction - INFO - Epoch [14][10/25]	lr: 8.207e-01, eta: 0:25:55, time: 0.619, data_time: 0.238, memory: 861, top1_acc: 0.7937, top5_acc: 1.0000, loss_cls: 4.1907, loss: 4.1907, grad_norm: 1.8929
2022-04-27 20:36:14,967 - mmaction - INFO - Epoch [14][15/25]	lr: 8.157e-01, eta: 0:25:31, time: 0.615, data_time: 0.004, memory: 861, top1_acc: 0.8375, top5_acc: 1.0000, loss_cls: 2.9312, loss: 2.9312, grad_norm: 1.5070
2022-04-27 20:36:19,296 - mmaction - INFO - Epoch [14][20/25]	lr: 8.106e-01, eta: 0:25:10, time: 0.866, data_time: 0.003, memory: 861, top1_acc: 0.8438, top5_acc: 1.0000, loss_cls: 2.9958, loss: 2.9958, grad_norm: 1.6116
2022-04-27 20:36:22,156 - mmaction - INFO - Epoch [14][25/25]	lr: 8.054e-01, eta: 0:24:47, time: 0.571, data_time: 0.045, memory: 861, top1_acc: 0.7750, top5_acc: 1.0000, loss_cls: 3.9579, loss: 3.9579, grad_norm: 2.0048
2022-04-27 20:36:55,139 - mmaction - INFO - Evaluating top_k_accuracy ...
2022-04-27 20:36:55,140 - mmaction - INFO - 
top1_acc	0.8000
top5_acc	0.9889
2022-04-27 20:36:55,140 - mmaction - INFO - Evaluating mean_class_accuracy ...
2022-04-27 20:36:55,140 - mmaction - INFO - 
mean_acc	0.8000
2022-04-27 20:36:55,140 - mmaction - INFO - Epoch(val) [14][6]	top1_acc: 0.8000, top5_acc: 0.9889, mean_class_accuracy: 0.8000
2022-04-27 20:37:25,879 - mmaction - INFO - Epoch [15][5/25]	lr: 8.002e-01, eta: 0:25:31, time: 6.146, data_time: 6.081, memory: 861, top1_acc: 0.8938, top5_acc: 1.0000, loss_cls: 1.9010, loss: 1.9010, grad_norm: 1.3065
2022-04-27 20:37:28,984 - mmaction - INFO - Epoch [15][10/25]	lr: 7.950e-01, eta: 0:25:08, time: 0.622, data_time: 0.575, memory: 861, top1_acc: 0.9125, top5_acc: 1.0000, loss_cls: 1.0287, loss: 1.0287, grad_norm: 1.0555
2022-04-27 20:37:31,490 - mmaction - INFO - Epoch [15][15/25]	lr: 7.896e-01, eta: 0:24:44, time: 0.501, data_time: 0.454, memory: 861, top1_acc: 0.8500, top5_acc: 0.9938, loss_cls: 3.1101, loss: 3.1101, grad_norm: 1.5049
2022-04-27 20:37:34,038 - mmaction - INFO - Epoch [15][20/25]	lr: 7.843e-01, eta: 0:24:21, time: 0.510, data_time: 0.431, memory: 861, top1_acc: 0.8688, top5_acc: 1.0000, loss_cls: 1.6268, loss: 1.6268, grad_norm: 1.2373
2022-04-27 20:37:38,097 - mmaction - INFO - Epoch [15][25/25]	lr: 7.789e-01, eta: 0:24:02, time: 0.812, data_time: 0.747, memory: 861, top1_acc: 0.9500, top5_acc: 1.0000, loss_cls: 0.7435, loss: 0.7435, grad_norm: 0.7252
2022-04-27 20:38:08,805 - mmaction - INFO - Evaluating top_k_accuracy ...
2022-04-27 20:38:08,806 - mmaction - INFO - 
top1_acc	0.7111
top5_acc	0.9444
2022-04-27 20:38:08,806 - mmaction - INFO - Evaluating mean_class_accuracy ...
2022-04-27 20:38:08,806 - mmaction - INFO - 
mean_acc	0.7111
2022-04-27 20:38:08,807 - mmaction - INFO - Epoch(val) [15][6]	top1_acc: 0.7111, top5_acc: 0.9444, mean_class_accuracy: 0.7111
2022-04-27 20:38:40,845 - mmaction - INFO - Epoch [16][5/25]	lr: 7.734e-01, eta: 0:24:43, time: 6.406, data_time: 6.237, memory: 861, top1_acc: 0.8812, top5_acc: 1.0000, loss_cls: 1.3894, loss: 1.3894, grad_norm: 1.3471
2022-04-27 20:38:43,577 - mmaction - INFO - Epoch [16][10/25]	lr: 7.679e-01, eta: 0:24:21, time: 0.546, data_time: 0.377, memory: 861, top1_acc: 0.9187, top5_acc: 1.0000, loss_cls: 1.7380, loss: 1.7380, grad_norm: 0.9437
2022-04-27 20:38:46,530 - mmaction - INFO - Epoch [16][15/25]	lr: 7.624e-01, eta: 0:23:59, time: 0.591, data_time: 0.373, memory: 861, top1_acc: 0.9313, top5_acc: 1.0000, loss_cls: 0.8324, loss: 0.8324, grad_norm: 0.8734
2022-04-27 20:38:50,439 - mmaction - INFO - Epoch [16][20/25]	lr: 7.568e-01, eta: 0:23:40, time: 0.782, data_time: 0.309, memory: 861, top1_acc: 0.8875, top5_acc: 1.0000, loss_cls: 1.5653, loss: 1.5653, grad_norm: 1.0847
2022-04-27 20:38:53,627 - mmaction - INFO - Epoch [16][25/25]	lr: 7.511e-01, eta: 0:23:20, time: 0.638, data_time: 0.032, memory: 861, top1_acc: 0.9062, top5_acc: 1.0000, loss_cls: 1.3193, loss: 1.3193, grad_norm: 0.9769
2022-04-27 20:39:29,007 - mmaction - INFO - Evaluating top_k_accuracy ...
2022-04-27 20:39:29,008 - mmaction - INFO - 
top1_acc	0.7333
top5_acc	0.9833
2022-04-27 20:39:29,008 - mmaction - INFO - Evaluating mean_class_accuracy ...
2022-04-27 20:39:29,009 - mmaction - INFO - 
mean_acc	0.7333
2022-04-27 20:39:29,009 - mmaction - INFO - Epoch(val) [16][6]	top1_acc: 0.7333, top5_acc: 0.9833, mean_class_accuracy: 0.7333
2022-04-27 20:40:02,270 - mmaction - INFO - Epoch [17][5/25]	lr: 7.455e-01, eta: 0:23:59, time: 6.651, data_time: 6.567, memory: 861, top1_acc: 0.8688, top5_acc: 1.0000, loss_cls: 2.1648, loss: 2.1648, grad_norm: 1.3945
2022-04-27 20:40:05,850 - mmaction - INFO - Epoch [17][10/25]	lr: 7.397e-01, eta: 0:23:40, time: 0.716, data_time: 0.640, memory: 861, top1_acc: 0.8875, top5_acc: 1.0000, loss_cls: 1.8165, loss: 1.8165, grad_norm: 1.2393
2022-04-27 20:40:08,911 - mmaction - INFO - Epoch [17][15/25]	lr: 7.340e-01, eta: 0:23:20, time: 0.613, data_time: 0.558, memory: 861, top1_acc: 0.8750, top5_acc: 1.0000, loss_cls: 2.1814, loss: 2.1814, grad_norm: 1.4361
2022-04-27 20:40:12,013 - mmaction - INFO - Epoch [17][20/25]	lr: 7.282e-01, eta: 0:23:00, time: 0.620, data_time: 0.570, memory: 861, top1_acc: 0.8938, top5_acc: 1.0000, loss_cls: 2.1235, loss: 2.1235, grad_norm: 1.1293
2022-04-27 20:40:16,659 - mmaction - INFO - Epoch [17][25/25]	lr: 7.223e-01, eta: 0:22:43, time: 0.929, data_time: 0.881, memory: 861, top1_acc: 0.8375, top5_acc: 1.0000, loss_cls: 3.2766, loss: 3.2766, grad_norm: 1.6044
2022-04-27 20:40:50,311 - mmaction - INFO - Evaluating top_k_accuracy ...
2022-04-27 20:40:50,311 - mmaction - INFO - 
top1_acc	0.7667
top5_acc	0.9833
2022-04-27 20:40:50,311 - mmaction - INFO - Evaluating mean_class_accuracy ...
2022-04-27 20:40:50,312 - mmaction - INFO - 
mean_acc	0.7667
2022-04-27 20:40:50,312 - mmaction - INFO - Epoch(val) [17][6]	top1_acc: 0.7667, top5_acc: 0.9833, mean_class_accuracy: 0.7667
2022-04-27 20:41:22,436 - mmaction - INFO - Epoch [18][5/25]	lr: 7.164e-01, eta: 0:23:16, time: 6.423, data_time: 6.374, memory: 861, top1_acc: 0.8375, top5_acc: 0.9938, loss_cls: 4.0112, loss: 4.0112, grad_norm: 1.6237
2022-04-27 20:41:26,341 - mmaction - INFO - Epoch [18][10/25]	lr: 7.105e-01, eta: 0:22:58, time: 0.782, data_time: 0.418, memory: 861, top1_acc: 0.8562, top5_acc: 1.0000, loss_cls: 1.9600, loss: 1.9600, grad_norm: 1.3381
2022-04-27 20:41:29,255 - mmaction - INFO - Epoch [18][15/25]	lr: 7.046e-01, eta: 0:22:39, time: 0.583, data_time: 0.165, memory: 861, top1_acc: 0.8438, top5_acc: 0.9875, loss_cls: 4.6844, loss: 4.6844, grad_norm: 1.6044
2022-04-27 20:41:31,693 - mmaction - INFO - Epoch [18][20/25]	lr: 6.986e-01, eta: 0:22:19, time: 0.487, data_time: 0.181, memory: 861, top1_acc: 0.8625, top5_acc: 0.9938, loss_cls: 2.3021, loss: 2.3021, grad_norm: 1.4884
2022-04-27 20:41:35,491 - mmaction - INFO - Epoch [18][25/25]	lr: 6.926e-01, eta: 0:22:01, time: 0.760, data_time: 0.625, memory: 861, top1_acc: 0.8750, top5_acc: 0.9938, loss_cls: 2.5896, loss: 2.5896, grad_norm: 1.4407
2022-04-27 20:42:09,207 - mmaction - INFO - Evaluating top_k_accuracy ...
2022-04-27 20:42:09,208 - mmaction - INFO - 
top1_acc	0.7556
top5_acc	0.9722
2022-04-27 20:42:09,208 - mmaction - INFO - Evaluating mean_class_accuracy ...
2022-04-27 20:42:09,209 - mmaction - INFO - 
mean_acc	0.7556
2022-04-27 20:42:09,209 - mmaction - INFO - Epoch(val) [18][6]	top1_acc: 0.7556, top5_acc: 0.9722, mean_class_accuracy: 0.7556
2022-04-27 20:42:39,900 - mmaction - INFO - Epoch [19][5/25]	lr: 6.865e-01, eta: 0:22:28, time: 6.137, data_time: 5.655, memory: 861, top1_acc: 0.8812, top5_acc: 1.0000, loss_cls: 2.8913, loss: 2.8913, grad_norm: 1.3779
2022-04-27 20:42:43,800 - mmaction - INFO - Epoch [19][10/25]	lr: 6.804e-01, eta: 0:22:11, time: 0.780, data_time: 0.134, memory: 861, top1_acc: 0.8000, top5_acc: 0.9938, loss_cls: 4.5742, loss: 4.5742, grad_norm: 1.9533
2022-04-27 20:42:46,301 - mmaction - INFO - Epoch [19][15/25]	lr: 6.743e-01, eta: 0:21:52, time: 0.501, data_time: 0.084, memory: 861, top1_acc: 0.8250, top5_acc: 0.9938, loss_cls: 2.5261, loss: 2.5261, grad_norm: 2.0329
2022-04-27 20:42:50,187 - mmaction - INFO - Epoch [19][20/25]	lr: 6.681e-01, eta: 0:21:35, time: 0.777, data_time: 0.077, memory: 861, top1_acc: 0.8000, top5_acc: 0.9812, loss_cls: 5.1299, loss: 5.1299, grad_norm: 1.8728
2022-04-27 20:42:52,730 - mmaction - INFO - Epoch [19][25/25]	lr: 6.620e-01, eta: 0:21:16, time: 0.510, data_time: 0.001, memory: 861, top1_acc: 0.8875, top5_acc: 1.0000, loss_cls: 1.4666, loss: 1.4666, grad_norm: 1.1860
2022-04-27 20:43:25,702 - mmaction - INFO - Evaluating top_k_accuracy ...
2022-04-27 20:43:25,703 - mmaction - INFO - 
top1_acc	0.7000
top5_acc	0.9833
2022-04-27 20:43:25,703 - mmaction - INFO - Evaluating mean_class_accuracy ...
2022-04-27 20:43:25,704 - mmaction - INFO - 
mean_acc	0.7000
2022-04-27 20:43:25,704 - mmaction - INFO - Epoch(val) [19][6]	top1_acc: 0.7000, top5_acc: 0.9833, mean_class_accuracy: 0.7000
2022-04-27 20:43:57,529 - mmaction - INFO - Epoch [20][5/25]	lr: 6.558e-01, eta: 0:21:42, time: 6.364, data_time: 6.286, memory: 861, top1_acc: 0.9250, top5_acc: 1.0000, loss_cls: 1.1770, loss: 1.1770, grad_norm: 0.8547
2022-04-27 20:44:00,084 - mmaction - INFO - Epoch [20][10/25]	lr: 6.495e-01, eta: 0:21:24, time: 0.511, data_time: 0.311, memory: 861, top1_acc: 0.8875, top5_acc: 0.9938, loss_cls: 2.0667, loss: 2.0667, grad_norm: 1.3811
2022-04-27 20:44:02,540 - mmaction - INFO - Epoch [20][15/25]	lr: 6.433e-01, eta: 0:21:05, time: 0.491, data_time: 0.287, memory: 861, top1_acc: 0.9187, top5_acc: 0.9938, loss_cls: 1.8675, loss: 1.8675, grad_norm: 1.1130
2022-04-27 20:44:05,844 - mmaction - INFO - Epoch [20][20/25]	lr: 6.370e-01, eta: 0:20:48, time: 0.660, data_time: 0.326, memory: 861, top1_acc: 0.8938, top5_acc: 1.0000, loss_cls: 1.1309, loss: 1.1309, grad_norm: 1.0605
2022-04-27 20:44:10,354 - mmaction - INFO - Epoch [20][25/25]	lr: 6.307e-01, eta: 0:20:33, time: 0.902, data_time: 0.834, memory: 861, top1_acc: 0.9250, top5_acc: 1.0000, loss_cls: 1.1697, loss: 1.1697, grad_norm: 1.0055
2022-04-27 20:44:43,252 - mmaction - INFO - Evaluating top_k_accuracy ...
2022-04-27 20:44:43,253 - mmaction - INFO - 
top1_acc	0.7667
top5_acc	0.9722
2022-04-27 20:44:43,253 - mmaction - INFO - Evaluating mean_class_accuracy ...
2022-04-27 20:44:43,253 - mmaction - INFO - 
mean_acc	0.7667
2022-04-27 20:44:43,254 - mmaction - INFO - Epoch(val) [20][6]	top1_acc: 0.7667, top5_acc: 0.9722, mean_class_accuracy: 0.7667
2022-04-27 20:45:14,664 - mmaction - INFO - Epoch [21][5/25]	lr: 6.243e-01, eta: 0:20:56, time: 6.281, data_time: 5.701, memory: 861, top1_acc: 0.9062, top5_acc: 1.0000, loss_cls: 1.2695, loss: 1.2695, grad_norm: 1.1253
2022-04-27 20:45:18,997 - mmaction - INFO - Epoch [21][10/25]	lr: 6.180e-01, eta: 0:20:40, time: 0.866, data_time: 0.331, memory: 861, top1_acc: 0.9062, top5_acc: 1.0000, loss_cls: 1.0581, loss: 1.0581, grad_norm: 0.9691
2022-04-27 20:45:21,750 - mmaction - INFO - Epoch [21][15/25]	lr: 6.116e-01, eta: 0:20:23, time: 0.550, data_time: 0.159, memory: 861, top1_acc: 0.9125, top5_acc: 1.0000, loss_cls: 0.7782, loss: 0.7782, grad_norm: 0.8344
2022-04-27 20:45:24,430 - mmaction - INFO - Epoch [21][20/25]	lr: 6.052e-01, eta: 0:20:06, time: 0.537, data_time: 0.167, memory: 861, top1_acc: 0.9000, top5_acc: 1.0000, loss_cls: 2.3816, loss: 2.3816, grad_norm: 0.8873
2022-04-27 20:45:27,381 - mmaction - INFO - Epoch [21][25/25]	lr: 5.988e-01, eta: 0:19:49, time: 0.590, data_time: 0.325, memory: 861, top1_acc: 0.9313, top5_acc: 1.0000, loss_cls: 1.2986, loss: 1.2986, grad_norm: 0.8666
2022-04-27 20:46:00,915 - mmaction - INFO - Evaluating top_k_accuracy ...
2022-04-27 20:46:00,916 - mmaction - INFO - 
top1_acc	0.8111
top5_acc	0.9722
2022-04-27 20:46:00,916 - mmaction - INFO - Evaluating mean_class_accuracy ...
2022-04-27 20:46:00,916 - mmaction - INFO - 
mean_acc	0.8111
2022-04-27 20:46:00,916 - mmaction - INFO - Epoch(val) [21][6]	top1_acc: 0.8111, top5_acc: 0.9722, mean_class_accuracy: 0.8111
2022-04-27 20:46:31,822 - mmaction - INFO - Epoch [22][5/25]	lr: 5.924e-01, eta: 0:20:08, time: 6.179, data_time: 6.075, memory: 861, top1_acc: 0.8938, top5_acc: 0.9938, loss_cls: 2.0249, loss: 2.0249, grad_norm: 1.3062
2022-04-27 20:46:35,098 - mmaction - INFO - Epoch [22][10/25]	lr: 5.860e-01, eta: 0:19:52, time: 0.656, data_time: 0.226, memory: 861, top1_acc: 0.8938, top5_acc: 1.0000, loss_cls: 1.5838, loss: 1.5838, grad_norm: 1.2246
2022-04-27 20:46:37,622 - mmaction - INFO - Epoch [22][15/25]	lr: 5.795e-01, eta: 0:19:35, time: 0.505, data_time: 0.216, memory: 861, top1_acc: 0.9000, top5_acc: 1.0000, loss_cls: 1.6319, loss: 1.6319, grad_norm: 1.2970
2022-04-27 20:46:39,923 - mmaction - INFO - Epoch [22][20/25]	lr: 5.730e-01, eta: 0:19:19, time: 0.460, data_time: 0.165, memory: 861, top1_acc: 0.8750, top5_acc: 1.0000, loss_cls: 1.8205, loss: 1.8205, grad_norm: 1.4141
2022-04-27 20:46:43,256 - mmaction - INFO - Epoch [22][25/25]	lr: 5.666e-01, eta: 0:19:03, time: 0.666, data_time: 0.256, memory: 861, top1_acc: 0.9250, top5_acc: 1.0000, loss_cls: 1.0023, loss: 1.0023, grad_norm: 1.0158
2022-04-27 20:47:16,371 - mmaction - INFO - Evaluating top_k_accuracy ...
2022-04-27 20:47:16,371 - mmaction - INFO - 
top1_acc	0.7444
top5_acc	0.9778
2022-04-27 20:47:16,371 - mmaction - INFO - Evaluating mean_class_accuracy ...
2022-04-27 20:47:16,372 - mmaction - INFO - 
mean_acc	0.7444
2022-04-27 20:47:16,372 - mmaction - INFO - Epoch(val) [22][6]	top1_acc: 0.7444, top5_acc: 0.9778, mean_class_accuracy: 0.7444
2022-04-27 20:47:47,388 - mmaction - INFO - Epoch [23][5/25]	lr: 5.601e-01, eta: 0:19:20, time: 6.202, data_time: 6.041, memory: 861, top1_acc: 0.9125, top5_acc: 1.0000, loss_cls: 1.2711, loss: 1.2711, grad_norm: 1.0352
2022-04-27 20:47:50,377 - mmaction - INFO - Epoch [23][10/25]	lr: 5.536e-01, eta: 0:19:04, time: 0.598, data_time: 0.074, memory: 861, top1_acc: 0.9062, top5_acc: 1.0000, loss_cls: 2.2731, loss: 2.2731, grad_norm: 1.0806
2022-04-27 20:47:52,931 - mmaction - INFO - Epoch [23][15/25]	lr: 5.471e-01, eta: 0:18:48, time: 0.511, data_time: 0.068, memory: 861, top1_acc: 0.8750, top5_acc: 1.0000, loss_cls: 1.7944, loss: 1.7944, grad_norm: 1.4393
2022-04-27 20:47:56,150 - mmaction - INFO - Epoch [23][20/25]	lr: 5.405e-01, eta: 0:18:33, time: 0.643, data_time: 0.041, memory: 861, top1_acc: 0.9125, top5_acc: 1.0000, loss_cls: 1.5879, loss: 1.5879, grad_norm: 1.0978
2022-04-27 20:47:59,809 - mmaction - INFO - Epoch [23][25/25]	lr: 5.340e-01, eta: 0:18:19, time: 0.732, data_time: 0.016, memory: 861, top1_acc: 0.9375, top5_acc: 1.0000, loss_cls: 1.0260, loss: 1.0260, grad_norm: 0.7899
2022-04-27 20:48:32,397 - mmaction - INFO - Evaluating top_k_accuracy ...
2022-04-27 20:48:32,398 - mmaction - INFO - 
top1_acc	0.8500
top5_acc	0.9889
2022-04-27 20:48:32,398 - mmaction - INFO - Evaluating mean_class_accuracy ...
2022-04-27 20:48:32,398 - mmaction - INFO - 
mean_acc	0.8500
2022-04-27 20:48:32,400 - mmaction - INFO - The previous best checkpoint /home/yl/myposec3d/model_pth/exp6/NSNR-linear5-T9A2-limb/best_top1_acc_epoch_7.pth was removed
2022-04-27 20:48:32,430 - mmaction - INFO - Now best checkpoint is saved as best_top1_acc_epoch_23.pth.
2022-04-27 20:48:32,430 - mmaction - INFO - Best top1_acc is 0.8500 at 23 epoch.
2022-04-27 20:48:32,431 - mmaction - INFO - Epoch(val) [23][6]	top1_acc: 0.8500, top5_acc: 0.9889, mean_class_accuracy: 0.8500
2022-04-27 20:49:05,066 - mmaction - INFO - Epoch [24][5/25]	lr: 5.275e-01, eta: 0:18:35, time: 6.526, data_time: 6.413, memory: 861, top1_acc: 0.9187, top5_acc: 1.0000, loss_cls: 1.2328, loss: 1.2328, grad_norm: 0.9013
2022-04-27 20:49:08,786 - mmaction - INFO - Epoch [24][10/25]	lr: 5.209e-01, eta: 0:18:21, time: 0.744, data_time: 0.626, memory: 861, top1_acc: 0.9125, top5_acc: 1.0000, loss_cls: 1.2475, loss: 1.2475, grad_norm: 1.1958
2022-04-27 20:49:12,203 - mmaction - INFO - Epoch [24][15/25]	lr: 5.144e-01, eta: 0:18:06, time: 0.683, data_time: 0.553, memory: 861, top1_acc: 0.8812, top5_acc: 0.9938, loss_cls: 1.7869, loss: 1.7869, grad_norm: 1.3410
2022-04-27 20:49:14,487 - mmaction - INFO - Epoch [24][20/25]	lr: 5.079e-01, eta: 0:17:50, time: 0.457, data_time: 0.357, memory: 861, top1_acc: 0.9125, top5_acc: 1.0000, loss_cls: 0.9323, loss: 0.9323, grad_norm: 0.9518
2022-04-27 20:49:18,856 - mmaction - INFO - Epoch [24][25/25]	lr: 5.013e-01, eta: 0:17:37, time: 0.874, data_time: 0.729, memory: 861, top1_acc: 0.8562, top5_acc: 1.0000, loss_cls: 1.8438, loss: 1.8438, grad_norm: 1.6167
2022-04-27 20:49:52,642 - mmaction - INFO - Evaluating top_k_accuracy ...
2022-04-27 20:49:52,643 - mmaction - INFO - 
top1_acc	0.7611
top5_acc	0.9889
2022-04-27 20:49:52,643 - mmaction - INFO - Evaluating mean_class_accuracy ...
2022-04-27 20:49:52,643 - mmaction - INFO - 
mean_acc	0.7611
2022-04-27 20:49:52,644 - mmaction - INFO - Epoch(val) [24][6]	top1_acc: 0.7611, top5_acc: 0.9889, mean_class_accuracy: 0.7611
2022-04-27 20:50:25,237 - mmaction - INFO - Epoch [25][5/25]	lr: 4.948e-01, eta: 0:17:52, time: 6.517, data_time: 6.181, memory: 861, top1_acc: 0.9187, top5_acc: 1.0000, loss_cls: 0.5691, loss: 0.5691, grad_norm: 0.8659
2022-04-27 20:50:28,986 - mmaction - INFO - Epoch [25][10/25]	lr: 4.882e-01, eta: 0:17:38, time: 0.750, data_time: 0.678, memory: 861, top1_acc: 0.9187, top5_acc: 1.0000, loss_cls: 0.7802, loss: 0.7802, grad_norm: 1.0252
2022-04-27 20:50:31,594 - mmaction - INFO - Epoch [25][15/25]	lr: 4.817e-01, eta: 0:17:23, time: 0.522, data_time: 0.467, memory: 861, top1_acc: 0.9062, top5_acc: 1.0000, loss_cls: 1.1246, loss: 1.1246, grad_norm: 1.0105
2022-04-27 20:50:34,212 - mmaction - INFO - Epoch [25][20/25]	lr: 4.751e-01, eta: 0:17:08, time: 0.524, data_time: 0.442, memory: 861, top1_acc: 0.8875, top5_acc: 1.0000, loss_cls: 1.5006, loss: 1.5006, grad_norm: 1.3936
2022-04-27 20:50:38,593 - mmaction - INFO - Epoch [25][25/25]	lr: 4.686e-01, eta: 0:16:55, time: 0.876, data_time: 0.828, memory: 861, top1_acc: 0.8875, top5_acc: 1.0000, loss_cls: 1.6271, loss: 1.6271, grad_norm: 1.2508
2022-04-27 20:51:11,684 - mmaction - INFO - Evaluating top_k_accuracy ...
2022-04-27 20:51:11,685 - mmaction - INFO - 
top1_acc	0.8056
top5_acc	0.9722
2022-04-27 20:51:11,685 - mmaction - INFO - Evaluating mean_class_accuracy ...
2022-04-27 20:51:11,685 - mmaction - INFO - 
mean_acc	0.8056
2022-04-27 20:51:11,686 - mmaction - INFO - Epoch(val) [25][6]	top1_acc: 0.8056, top5_acc: 0.9722, mean_class_accuracy: 0.8056
2022-04-27 20:51:44,468 - mmaction - INFO - Epoch [26][5/25]	lr: 4.621e-01, eta: 0:17:08, time: 6.555, data_time: 5.938, memory: 861, top1_acc: 0.8562, top5_acc: 1.0000, loss_cls: 1.9707, loss: 1.9707, grad_norm: 1.5839
2022-04-27 20:51:48,350 - mmaction - INFO - Epoch [26][10/25]	lr: 4.556e-01, eta: 0:16:54, time: 0.777, data_time: 0.001, memory: 861, top1_acc: 0.9250, top5_acc: 1.0000, loss_cls: 1.1916, loss: 1.1916, grad_norm: 0.9816
2022-04-27 20:51:51,056 - mmaction - INFO - Epoch [26][15/25]	lr: 4.490e-01, eta: 0:16:40, time: 0.541, data_time: 0.001, memory: 861, top1_acc: 0.9125, top5_acc: 1.0000, loss_cls: 1.2937, loss: 1.2937, grad_norm: 0.9028
2022-04-27 20:51:53,633 - mmaction - INFO - Epoch [26][20/25]	lr: 4.425e-01, eta: 0:16:25, time: 0.516, data_time: 0.001, memory: 861, top1_acc: 0.8875, top5_acc: 1.0000, loss_cls: 1.0252, loss: 1.0252, grad_norm: 1.1560
2022-04-27 20:51:58,067 - mmaction - INFO - Epoch [26][25/25]	lr: 4.360e-01, eta: 0:16:13, time: 0.887, data_time: 0.000, memory: 861, top1_acc: 0.9375, top5_acc: 1.0000, loss_cls: 0.6256, loss: 0.6256, grad_norm: 0.7730
2022-04-27 20:52:31,811 - mmaction - INFO - Evaluating top_k_accuracy ...
2022-04-27 20:52:31,812 - mmaction - INFO - 
top1_acc	0.8278
top5_acc	0.9944
2022-04-27 20:52:31,812 - mmaction - INFO - Evaluating mean_class_accuracy ...
2022-04-27 20:52:31,812 - mmaction - INFO - 
mean_acc	0.8278
2022-04-27 20:52:31,812 - mmaction - INFO - Epoch(val) [26][6]	top1_acc: 0.8278, top5_acc: 0.9944, mean_class_accuracy: 0.8278
2022-04-27 20:53:04,030 - mmaction - INFO - Epoch [27][5/25]	lr: 4.295e-01, eta: 0:16:23, time: 6.442, data_time: 6.359, memory: 861, top1_acc: 0.9500, top5_acc: 1.0000, loss_cls: 0.4299, loss: 0.4299, grad_norm: 0.7343
2022-04-27 20:53:09,338 - mmaction - INFO - Epoch [27][10/25]	lr: 4.231e-01, eta: 0:16:11, time: 1.061, data_time: 0.796, memory: 861, top1_acc: 0.9250, top5_acc: 1.0000, loss_cls: 0.7959, loss: 0.7959, grad_norm: 0.8426
2022-04-27 20:53:12,792 - mmaction - INFO - Epoch [27][15/25]	lr: 4.166e-01, eta: 0:15:58, time: 0.690, data_time: 0.378, memory: 861, top1_acc: 0.9625, top5_acc: 1.0000, loss_cls: 0.5000, loss: 0.5000, grad_norm: 0.6766
2022-04-27 20:53:15,378 - mmaction - INFO - Epoch [27][20/25]	lr: 4.102e-01, eta: 0:15:44, time: 0.519, data_time: 0.320, memory: 861, top1_acc: 0.9500, top5_acc: 1.0000, loss_cls: 1.1835, loss: 1.1835, grad_norm: 0.6725
2022-04-27 20:53:18,281 - mmaction - INFO - Epoch [27][25/25]	lr: 4.037e-01, eta: 0:15:30, time: 0.581, data_time: 0.353, memory: 861, top1_acc: 0.9187, top5_acc: 1.0000, loss_cls: 1.3446, loss: 1.3446, grad_norm: 1.0379
2022-04-27 20:53:52,992 - mmaction - INFO - Evaluating top_k_accuracy ...
2022-04-27 20:53:52,992 - mmaction - INFO - 
top1_acc	0.7722
top5_acc	0.9944
2022-04-27 20:53:52,992 - mmaction - INFO - Evaluating mean_class_accuracy ...
2022-04-27 20:53:52,993 - mmaction - INFO - 
mean_acc	0.7722
2022-04-27 20:53:52,993 - mmaction - INFO - Epoch(val) [27][6]	top1_acc: 0.7722, top5_acc: 0.9944, mean_class_accuracy: 0.7722
2022-04-27 20:54:24,606 - mmaction - INFO - Epoch [28][5/25]	lr: 3.973e-01, eta: 0:15:39, time: 6.321, data_time: 6.105, memory: 861, top1_acc: 0.9437, top5_acc: 1.0000, loss_cls: 0.8509, loss: 0.8509, grad_norm: 0.8467
2022-04-27 20:54:27,260 - mmaction - INFO - Epoch [28][10/25]	lr: 3.909e-01, eta: 0:15:25, time: 0.532, data_time: 0.271, memory: 861, top1_acc: 0.9250, top5_acc: 1.0000, loss_cls: 0.6871, loss: 0.6871, grad_norm: 0.9474
2022-04-27 20:54:30,198 - mmaction - INFO - Epoch [28][15/25]	lr: 3.846e-01, eta: 0:15:11, time: 0.588, data_time: 0.082, memory: 861, top1_acc: 0.9313, top5_acc: 1.0000, loss_cls: 0.5655, loss: 0.5655, grad_norm: 0.6833
2022-04-27 20:54:33,971 - mmaction - INFO - Epoch [28][20/25]	lr: 3.782e-01, eta: 0:14:59, time: 0.755, data_time: 0.001, memory: 861, top1_acc: 0.9125, top5_acc: 1.0000, loss_cls: 0.6904, loss: 0.6904, grad_norm: 0.9560
2022-04-27 20:54:36,495 - mmaction - INFO - Epoch [28][25/25]	lr: 3.719e-01, eta: 0:14:45, time: 0.505, data_time: 0.001, memory: 861, top1_acc: 0.9313, top5_acc: 1.0000, loss_cls: 0.5151, loss: 0.5151, grad_norm: 0.9606
2022-04-27 20:55:09,782 - mmaction - INFO - Evaluating top_k_accuracy ...
2022-04-27 20:55:09,782 - mmaction - INFO - 
top1_acc	0.7556
top5_acc	0.9500
2022-04-27 20:55:09,782 - mmaction - INFO - Evaluating mean_class_accuracy ...
2022-04-27 20:55:09,783 - mmaction - INFO - 
mean_acc	0.7556
2022-04-27 20:55:09,783 - mmaction - INFO - Epoch(val) [28][6]	top1_acc: 0.7556, top5_acc: 0.9500, mean_class_accuracy: 0.7556
2022-04-27 20:55:42,491 - mmaction - INFO - Epoch [29][5/25]	lr: 3.655e-01, eta: 0:14:53, time: 6.540, data_time: 5.906, memory: 861, top1_acc: 0.9187, top5_acc: 1.0000, loss_cls: 0.9792, loss: 0.9792, grad_norm: 1.0236
2022-04-27 20:55:45,345 - mmaction - INFO - Epoch [29][10/25]	lr: 3.592e-01, eta: 0:14:40, time: 0.571, data_time: 0.034, memory: 861, top1_acc: 0.9125, top5_acc: 1.0000, loss_cls: 1.3822, loss: 1.3822, grad_norm: 1.0903
2022-04-27 20:55:49,267 - mmaction - INFO - Epoch [29][15/25]	lr: 3.530e-01, eta: 0:14:27, time: 0.784, data_time: 0.017, memory: 861, top1_acc: 0.9375, top5_acc: 1.0000, loss_cls: 0.5864, loss: 0.5864, grad_norm: 0.8711
2022-04-27 20:55:52,215 - mmaction - INFO - Epoch [29][20/25]	lr: 3.467e-01, eta: 0:14:14, time: 0.590, data_time: 0.005, memory: 861, top1_acc: 0.9062, top5_acc: 1.0000, loss_cls: 0.8453, loss: 0.8453, grad_norm: 0.9453
2022-04-27 20:55:54,802 - mmaction - INFO - Epoch [29][25/25]	lr: 3.405e-01, eta: 0:14:01, time: 0.517, data_time: 0.000, memory: 861, top1_acc: 0.9250, top5_acc: 1.0000, loss_cls: 0.7213, loss: 0.7213, grad_norm: 0.9004
2022-04-27 20:56:28,482 - mmaction - INFO - Evaluating top_k_accuracy ...
2022-04-27 20:56:28,482 - mmaction - INFO - 
top1_acc	0.7333
top5_acc	0.9556
2022-04-27 20:56:28,482 - mmaction - INFO - Evaluating mean_class_accuracy ...
2022-04-27 20:56:28,483 - mmaction - INFO - 
mean_acc	0.7333
2022-04-27 20:56:28,483 - mmaction - INFO - Epoch(val) [29][6]	top1_acc: 0.7333, top5_acc: 0.9556, mean_class_accuracy: 0.7333
2022-04-27 20:57:00,492 - mmaction - INFO - Epoch [30][5/25]	lr: 3.343e-01, eta: 0:14:07, time: 6.400, data_time: 6.202, memory: 861, top1_acc: 0.9062, top5_acc: 1.0000, loss_cls: 1.0446, loss: 1.0446, grad_norm: 1.1270
2022-04-27 20:57:05,175 - mmaction - INFO - Epoch [30][10/25]	lr: 3.282e-01, eta: 0:13:56, time: 0.937, data_time: 0.127, memory: 861, top1_acc: 0.9250, top5_acc: 1.0000, loss_cls: 0.6150, loss: 0.6150, grad_norm: 0.8527
2022-04-27 20:57:08,392 - mmaction - INFO - Epoch [30][15/25]	lr: 3.220e-01, eta: 0:13:43, time: 0.643, data_time: 0.004, memory: 861, top1_acc: 0.9000, top5_acc: 1.0000, loss_cls: 0.7107, loss: 0.7107, grad_norm: 1.1531
2022-04-27 20:57:12,324 - mmaction - INFO - Epoch [30][20/25]	lr: 3.159e-01, eta: 0:13:31, time: 0.788, data_time: 0.027, memory: 861, top1_acc: 0.9313, top5_acc: 1.0000, loss_cls: 0.6475, loss: 0.6475, grad_norm: 0.7103
2022-04-27 20:57:15,567 - mmaction - INFO - Epoch [30][25/25]	lr: 3.099e-01, eta: 0:13:19, time: 0.648, data_time: 0.002, memory: 861, top1_acc: 0.9125, top5_acc: 1.0000, loss_cls: 0.6774, loss: 0.6774, grad_norm: 1.0548
2022-04-27 20:57:50,166 - mmaction - INFO - Evaluating top_k_accuracy ...
2022-04-27 20:57:50,167 - mmaction - INFO - 
top1_acc	0.7944
top5_acc	0.9889
2022-04-27 20:57:50,167 - mmaction - INFO - Evaluating mean_class_accuracy ...
2022-04-27 20:57:50,167 - mmaction - INFO - 
mean_acc	0.7944
2022-04-27 20:57:50,168 - mmaction - INFO - Epoch(val) [30][6]	top1_acc: 0.7944, top5_acc: 0.9889, mean_class_accuracy: 0.7944
2022-04-27 20:58:22,749 - mmaction - INFO - Epoch [31][5/25]	lr: 3.038e-01, eta: 0:13:24, time: 6.515, data_time: 6.037, memory: 861, top1_acc: 0.9313, top5_acc: 1.0000, loss_cls: 0.5228, loss: 0.5228, grad_norm: 0.7495
2022-04-27 20:58:25,959 - mmaction - INFO - Epoch [31][10/25]	lr: 2.978e-01, eta: 0:13:11, time: 0.642, data_time: 0.532, memory: 861, top1_acc: 0.9313, top5_acc: 1.0000, loss_cls: 0.9218, loss: 0.9218, grad_norm: 0.8111
2022-04-27 20:58:30,101 - mmaction - INFO - Epoch [31][15/25]	lr: 2.919e-01, eta: 0:13:00, time: 0.827, data_time: 0.711, memory: 861, top1_acc: 0.9625, top5_acc: 1.0000, loss_cls: 0.4698, loss: 0.4698, grad_norm: 0.5796
2022-04-27 20:58:33,350 - mmaction - INFO - Epoch [31][20/25]	lr: 2.859e-01, eta: 0:12:47, time: 0.650, data_time: 0.582, memory: 861, top1_acc: 0.9250, top5_acc: 1.0000, loss_cls: 1.1390, loss: 1.1390, grad_norm: 0.9339
2022-04-27 20:58:36,365 - mmaction - INFO - Epoch [31][25/25]	lr: 2.800e-01, eta: 0:12:35, time: 0.604, data_time: 0.517, memory: 861, top1_acc: 0.9500, top5_acc: 1.0000, loss_cls: 0.2545, loss: 0.2545, grad_norm: 0.6611
2022-04-27 20:59:10,647 - mmaction - INFO - Evaluating top_k_accuracy ...
2022-04-27 20:59:10,647 - mmaction - INFO - 
top1_acc	0.8056
top5_acc	0.9944
2022-04-27 20:59:10,647 - mmaction - INFO - Evaluating mean_class_accuracy ...
2022-04-27 20:59:10,648 - mmaction - INFO - 
mean_acc	0.8056
2022-04-27 20:59:10,649 - mmaction - INFO - Epoch(val) [31][6]	top1_acc: 0.8056, top5_acc: 0.9944, mean_class_accuracy: 0.8056
2022-04-27 20:59:43,993 - mmaction - INFO - Epoch [32][5/25]	lr: 2.742e-01, eta: 0:12:40, time: 6.667, data_time: 6.600, memory: 861, top1_acc: 0.9500, top5_acc: 1.0000, loss_cls: 0.3706, loss: 0.3706, grad_norm: 0.6695
2022-04-27 20:59:47,888 - mmaction - INFO - Epoch [32][10/25]	lr: 2.684e-01, eta: 0:12:28, time: 0.780, data_time: 0.416, memory: 861, top1_acc: 0.9437, top5_acc: 1.0000, loss_cls: 0.3978, loss: 0.3978, grad_norm: 0.6996
2022-04-27 20:59:50,273 - mmaction - INFO - Epoch [32][15/25]	lr: 2.626e-01, eta: 0:12:15, time: 0.478, data_time: 0.155, memory: 861, top1_acc: 0.9375, top5_acc: 1.0000, loss_cls: 0.5902, loss: 0.5902, grad_norm: 0.9290
2022-04-27 20:59:53,406 - mmaction - INFO - Epoch [32][20/25]	lr: 2.568e-01, eta: 0:12:03, time: 0.627, data_time: 0.186, memory: 861, top1_acc: 0.9375, top5_acc: 1.0000, loss_cls: 0.6169, loss: 0.6169, grad_norm: 0.8024
2022-04-27 20:59:58,065 - mmaction - INFO - Epoch [32][25/25]	lr: 2.511e-01, eta: 0:11:52, time: 0.931, data_time: 0.088, memory: 861, top1_acc: 0.9313, top5_acc: 1.0000, loss_cls: 0.9573, loss: 0.9573, grad_norm: 0.8424
2022-04-27 21:00:32,623 - mmaction - INFO - Evaluating top_k_accuracy ...
2022-04-27 21:00:32,624 - mmaction - INFO - 
top1_acc	0.7611
top5_acc	0.9611
2022-04-27 21:00:32,624 - mmaction - INFO - Evaluating mean_class_accuracy ...
2022-04-27 21:00:32,624 - mmaction - INFO - 
mean_acc	0.7611
2022-04-27 21:00:32,625 - mmaction - INFO - Epoch(val) [32][6]	top1_acc: 0.7611, top5_acc: 0.9611, mean_class_accuracy: 0.7611
2022-04-27 21:01:06,509 - mmaction - INFO - Epoch [33][5/25]	lr: 2.455e-01, eta: 0:11:56, time: 6.776, data_time: 6.175, memory: 861, top1_acc: 0.9750, top5_acc: 1.0000, loss_cls: 0.3113, loss: 0.3113, grad_norm: 0.3071
2022-04-27 21:01:09,190 - mmaction - INFO - Epoch [33][10/25]	lr: 2.399e-01, eta: 0:11:43, time: 0.536, data_time: 0.303, memory: 861, top1_acc: 0.9500, top5_acc: 1.0000, loss_cls: 0.3620, loss: 0.3620, grad_norm: 0.6688
2022-04-27 21:01:14,549 - mmaction - INFO - Epoch [33][15/25]	lr: 2.343e-01, eta: 0:11:33, time: 1.071, data_time: 0.875, memory: 861, top1_acc: 0.9625, top5_acc: 1.0000, loss_cls: 0.2463, loss: 0.2463, grad_norm: 0.5410
2022-04-27 21:01:17,285 - mmaction - INFO - Epoch [33][20/25]	lr: 2.288e-01, eta: 0:11:21, time: 0.549, data_time: 0.493, memory: 861, top1_acc: 0.9250, top5_acc: 1.0000, loss_cls: 1.0969, loss: 1.0969, grad_norm: 0.8903
2022-04-27 21:01:19,586 - mmaction - INFO - Epoch [33][25/25]	lr: 2.233e-01, eta: 0:11:09, time: 0.460, data_time: 0.410, memory: 861, top1_acc: 0.9750, top5_acc: 1.0000, loss_cls: 0.1454, loss: 0.1454, grad_norm: 0.3523
2022-04-27 21:01:54,026 - mmaction - INFO - Evaluating top_k_accuracy ...
2022-04-27 21:01:54,027 - mmaction - INFO - 
top1_acc	0.8444
top5_acc	1.0000
2022-04-27 21:01:54,027 - mmaction - INFO - Evaluating mean_class_accuracy ...
2022-04-27 21:01:54,029 - mmaction - INFO - 
mean_acc	0.8444
2022-04-27 21:01:54,029 - mmaction - INFO - Epoch(val) [33][6]	top1_acc: 0.8444, top5_acc: 1.0000, mean_class_accuracy: 0.8444
2022-04-27 21:02:26,696 - mmaction - INFO - Epoch [34][5/25]	lr: 2.179e-01, eta: 0:11:10, time: 6.531, data_time: 6.463, memory: 861, top1_acc: 0.9563, top5_acc: 1.0000, loss_cls: 0.6487, loss: 0.6487, grad_norm: 0.7351
2022-04-27 21:02:30,119 - mmaction - INFO - Epoch [34][10/25]	lr: 2.125e-01, eta: 0:10:59, time: 0.685, data_time: 0.636, memory: 861, top1_acc: 0.9437, top5_acc: 1.0000, loss_cls: 0.3752, loss: 0.3752, grad_norm: 0.7372
2022-04-27 21:02:32,943 - mmaction - INFO - Epoch [34][15/25]	lr: 2.072e-01, eta: 0:10:47, time: 0.565, data_time: 0.515, memory: 861, top1_acc: 0.9375, top5_acc: 1.0000, loss_cls: 0.4910, loss: 0.4910, grad_norm: 0.7154
2022-04-27 21:02:37,081 - mmaction - INFO - Epoch [34][20/25]	lr: 2.019e-01, eta: 0:10:36, time: 0.826, data_time: 0.713, memory: 861, top1_acc: 0.9563, top5_acc: 1.0000, loss_cls: 0.2912, loss: 0.2912, grad_norm: 0.6247
2022-04-27 21:02:39,668 - mmaction - INFO - Epoch [34][25/25]	lr: 1.967e-01, eta: 0:10:25, time: 0.518, data_time: 0.340, memory: 861, top1_acc: 0.9500, top5_acc: 1.0000, loss_cls: 0.2194, loss: 0.2194, grad_norm: 0.5564
2022-04-27 21:03:12,721 - mmaction - INFO - Evaluating top_k_accuracy ...
2022-04-27 21:03:12,722 - mmaction - INFO - 
top1_acc	0.7722
top5_acc	0.9722
2022-04-27 21:03:12,722 - mmaction - INFO - Evaluating mean_class_accuracy ...
2022-04-27 21:03:12,723 - mmaction - INFO - 
mean_acc	0.7722
2022-04-27 21:03:12,723 - mmaction - INFO - Epoch(val) [34][6]	top1_acc: 0.7722, top5_acc: 0.9722, mean_class_accuracy: 0.7722
2022-04-27 21:03:44,381 - mmaction - INFO - Epoch [35][5/25]	lr: 1.915e-01, eta: 0:10:25, time: 6.330, data_time: 6.269, memory: 861, top1_acc: 0.9375, top5_acc: 1.0000, loss_cls: 0.3739, loss: 0.3739, grad_norm: 0.7882
2022-04-27 21:03:46,929 - mmaction - INFO - Epoch [35][10/25]	lr: 1.864e-01, eta: 0:10:13, time: 0.510, data_time: 0.458, memory: 861, top1_acc: 0.9187, top5_acc: 1.0000, loss_cls: 0.8620, loss: 0.8620, grad_norm: 1.0433
2022-04-27 21:03:49,402 - mmaction - INFO - Epoch [35][15/25]	lr: 1.813e-01, eta: 0:10:02, time: 0.494, data_time: 0.444, memory: 861, top1_acc: 0.9688, top5_acc: 1.0000, loss_cls: 0.2275, loss: 0.2275, grad_norm: 0.6273
2022-04-27 21:03:52,089 - mmaction - INFO - Epoch [35][20/25]	lr: 1.763e-01, eta: 0:09:50, time: 0.538, data_time: 0.457, memory: 861, top1_acc: 0.9187, top5_acc: 1.0000, loss_cls: 0.6263, loss: 0.6263, grad_norm: 1.0126
2022-04-27 21:03:56,921 - mmaction - INFO - Epoch [35][25/25]	lr: 1.713e-01, eta: 0:09:40, time: 0.966, data_time: 0.904, memory: 861, top1_acc: 0.9750, top5_acc: 1.0000, loss_cls: 0.1588, loss: 0.1588, grad_norm: 0.4003
2022-04-27 21:04:30,477 - mmaction - INFO - Evaluating top_k_accuracy ...
2022-04-27 21:04:30,478 - mmaction - INFO - 
top1_acc	0.7667
top5_acc	0.9944
2022-04-27 21:04:30,478 - mmaction - INFO - Evaluating mean_class_accuracy ...
2022-04-27 21:04:30,478 - mmaction - INFO - 
mean_acc	0.7667
2022-04-27 21:04:30,479 - mmaction - INFO - Epoch(val) [35][6]	top1_acc: 0.7667, top5_acc: 0.9944, mean_class_accuracy: 0.7667
2022-04-27 21:05:01,291 - mmaction - INFO - Epoch [36][5/25]	lr: 1.664e-01, eta: 0:09:39, time: 6.161, data_time: 5.879, memory: 861, top1_acc: 0.9437, top5_acc: 1.0000, loss_cls: 0.6152, loss: 0.6152, grad_norm: 0.6876
2022-04-27 21:05:03,698 - mmaction - INFO - Epoch [36][10/25]	lr: 1.616e-01, eta: 0:09:27, time: 0.482, data_time: 0.317, memory: 861, top1_acc: 0.9313, top5_acc: 1.0000, loss_cls: 0.3108, loss: 0.3108, grad_norm: 0.8004
2022-04-27 21:05:06,085 - mmaction - INFO - Epoch [36][15/25]	lr: 1.568e-01, eta: 0:09:16, time: 0.477, data_time: 0.335, memory: 861, top1_acc: 0.9563, top5_acc: 1.0000, loss_cls: 0.6749, loss: 0.6749, grad_norm: 0.5940
2022-04-27 21:05:08,677 - mmaction - INFO - Epoch [36][20/25]	lr: 1.520e-01, eta: 0:09:05, time: 0.518, data_time: 0.335, memory: 861, top1_acc: 0.9313, top5_acc: 1.0000, loss_cls: 0.7183, loss: 0.7183, grad_norm: 0.9317
2022-04-27 21:05:12,972 - mmaction - INFO - Epoch [36][25/25]	lr: 1.474e-01, eta: 0:08:54, time: 0.859, data_time: 0.579, memory: 861, top1_acc: 0.9250, top5_acc: 1.0000, loss_cls: 0.8102, loss: 0.8102, grad_norm: 1.0003
2022-04-27 21:05:46,239 - mmaction - INFO - Evaluating top_k_accuracy ...
2022-04-27 21:05:46,240 - mmaction - INFO - 
top1_acc	0.8667
top5_acc	0.9889
2022-04-27 21:05:46,240 - mmaction - INFO - Evaluating mean_class_accuracy ...
2022-04-27 21:05:46,240 - mmaction - INFO - 
mean_acc	0.8667
2022-04-27 21:05:46,242 - mmaction - INFO - The previous best checkpoint /home/yl/myposec3d/model_pth/exp6/NSNR-linear5-T9A2-limb/best_top1_acc_epoch_23.pth was removed
2022-04-27 21:05:46,275 - mmaction - INFO - Now best checkpoint is saved as best_top1_acc_epoch_36.pth.
2022-04-27 21:05:46,276 - mmaction - INFO - Best top1_acc is 0.8667 at 36 epoch.
2022-04-27 21:05:46,276 - mmaction - INFO - Epoch(val) [36][6]	top1_acc: 0.8667, top5_acc: 0.9889, mean_class_accuracy: 0.8667
2022-04-27 21:06:17,773 - mmaction - INFO - Epoch [37][5/25]	lr: 1.428e-01, eta: 0:08:53, time: 6.297, data_time: 6.171, memory: 861, top1_acc: 0.9625, top5_acc: 1.0000, loss_cls: 0.2203, loss: 0.2203, grad_norm: 0.5711
2022-04-27 21:06:20,285 - mmaction - INFO - Epoch [37][10/25]	lr: 1.382e-01, eta: 0:08:42, time: 0.505, data_time: 0.408, memory: 861, top1_acc: 0.9875, top5_acc: 1.0000, loss_cls: 0.0926, loss: 0.0926, grad_norm: 0.1951
2022-04-27 21:06:25,294 - mmaction - INFO - Epoch [37][15/25]	lr: 1.337e-01, eta: 0:08:32, time: 0.999, data_time: 0.944, memory: 861, top1_acc: 0.9750, top5_acc: 1.0000, loss_cls: 0.2527, loss: 0.2527, grad_norm: 0.3775
2022-04-27 21:06:27,829 - mmaction - INFO - Epoch [37][20/25]	lr: 1.293e-01, eta: 0:08:21, time: 0.510, data_time: 0.394, memory: 861, top1_acc: 0.9313, top5_acc: 1.0000, loss_cls: 0.4540, loss: 0.4540, grad_norm: 0.8201
2022-04-27 21:06:30,441 - mmaction - INFO - Epoch [37][25/25]	lr: 1.249e-01, eta: 0:08:10, time: 0.522, data_time: 0.296, memory: 861, top1_acc: 0.9500, top5_acc: 1.0000, loss_cls: 0.3363, loss: 0.3363, grad_norm: 0.5971
2022-04-27 21:07:03,663 - mmaction - INFO - Evaluating top_k_accuracy ...
2022-04-27 21:07:03,663 - mmaction - INFO - 
top1_acc	0.7722
top5_acc	0.9944
2022-04-27 21:07:03,663 - mmaction - INFO - Evaluating mean_class_accuracy ...
2022-04-27 21:07:03,664 - mmaction - INFO - 
mean_acc	0.7722
2022-04-27 21:07:03,664 - mmaction - INFO - Epoch(val) [37][6]	top1_acc: 0.7722, top5_acc: 0.9944, mean_class_accuracy: 0.7722
2022-04-27 21:07:35,387 - mmaction - INFO - Epoch [38][5/25]	lr: 1.206e-01, eta: 0:08:07, time: 6.344, data_time: 5.819, memory: 861, top1_acc: 0.9500, top5_acc: 1.0000, loss_cls: 0.1829, loss: 0.1829, grad_norm: 0.6266
2022-04-27 21:07:37,803 - mmaction - INFO - Epoch [38][10/25]	lr: 1.164e-01, eta: 0:07:57, time: 0.483, data_time: 0.127, memory: 861, top1_acc: 0.9500, top5_acc: 1.0000, loss_cls: 0.2113, loss: 0.2113, grad_norm: 0.5948
2022-04-27 21:07:40,265 - mmaction - INFO - Epoch [38][15/25]	lr: 1.123e-01, eta: 0:07:46, time: 0.492, data_time: 0.134, memory: 861, top1_acc: 0.9563, top5_acc: 1.0000, loss_cls: 0.3348, loss: 0.3348, grad_norm: 0.7380
2022-04-27 21:07:42,741 - mmaction - INFO - Epoch [38][20/25]	lr: 1.082e-01, eta: 0:07:35, time: 0.495, data_time: 0.104, memory: 861, top1_acc: 0.9688, top5_acc: 1.0000, loss_cls: 0.1200, loss: 0.1200, grad_norm: 0.3916
2022-04-27 21:07:46,923 - mmaction - INFO - Epoch [38][25/25]	lr: 1.041e-01, eta: 0:07:25, time: 0.837, data_time: 0.117, memory: 861, top1_acc: 0.9500, top5_acc: 1.0000, loss_cls: 0.1931, loss: 0.1931, grad_norm: 0.7113
2022-04-27 21:08:19,544 - mmaction - INFO - Evaluating top_k_accuracy ...
2022-04-27 21:08:19,544 - mmaction - INFO - 
top1_acc	0.8111
top5_acc	1.0000
2022-04-27 21:08:19,544 - mmaction - INFO - Evaluating mean_class_accuracy ...
2022-04-27 21:08:19,545 - mmaction - INFO - 
mean_acc	0.8111
2022-04-27 21:08:19,545 - mmaction - INFO - Epoch(val) [38][6]	top1_acc: 0.8111, top5_acc: 1.0000, mean_class_accuracy: 0.8111
2022-04-27 21:08:51,151 - mmaction - INFO - Epoch [39][5/25]	lr: 1.002e-01, eta: 0:07:22, time: 6.320, data_time: 5.812, memory: 861, top1_acc: 0.9313, top5_acc: 0.9938, loss_cls: 0.3740, loss: 0.3740, grad_norm: 0.8633
2022-04-27 21:08:53,467 - mmaction - INFO - Epoch [39][10/25]	lr: 9.626e-02, eta: 0:07:11, time: 0.464, data_time: 0.120, memory: 861, top1_acc: 0.9938, top5_acc: 1.0000, loss_cls: 0.0099, loss: 0.0099, grad_norm: 0.1455
2022-04-27 21:08:56,603 - mmaction - INFO - Epoch [39][15/25]	lr: 9.244e-02, eta: 0:07:01, time: 0.627, data_time: 0.294, memory: 861, top1_acc: 0.9313, top5_acc: 1.0000, loss_cls: 0.3476, loss: 0.3476, grad_norm: 0.7289
2022-04-27 21:08:59,037 - mmaction - INFO - Epoch [39][20/25]	lr: 8.868e-02, eta: 0:06:50, time: 0.487, data_time: 0.300, memory: 861, top1_acc: 0.9625, top5_acc: 1.0000, loss_cls: 0.1999, loss: 0.1999, grad_norm: 0.5062
2022-04-27 21:09:02,848 - mmaction - INFO - Epoch [39][25/25]	lr: 8.499e-02, eta: 0:06:40, time: 0.762, data_time: 0.601, memory: 861, top1_acc: 0.9750, top5_acc: 1.0000, loss_cls: 0.1555, loss: 0.1555, grad_norm: 0.3965
2022-04-27 21:09:35,638 - mmaction - INFO - Evaluating top_k_accuracy ...
2022-04-27 21:09:35,639 - mmaction - INFO - 
top1_acc	0.8000
top5_acc	0.9611
2022-04-27 21:09:35,639 - mmaction - INFO - Evaluating mean_class_accuracy ...
2022-04-27 21:09:35,640 - mmaction - INFO - 
mean_acc	0.8000
2022-04-27 21:09:35,641 - mmaction - INFO - Epoch(val) [39][6]	top1_acc: 0.8000, top5_acc: 0.9611, mean_class_accuracy: 0.8000
2022-04-27 21:10:07,062 - mmaction - INFO - Epoch [40][5/25]	lr: 8.138e-02, eta: 0:06:36, time: 6.284, data_time: 5.835, memory: 861, top1_acc: 0.9688, top5_acc: 1.0000, loss_cls: 0.1800, loss: 0.1800, grad_norm: 0.4831
2022-04-27 21:10:09,483 - mmaction - INFO - Epoch [40][10/25]	lr: 7.784e-02, eta: 0:06:26, time: 0.484, data_time: 0.170, memory: 861, top1_acc: 0.9625, top5_acc: 1.0000, loss_cls: 0.1237, loss: 0.1237, grad_norm: 0.5316
2022-04-27 21:10:12,500 - mmaction - INFO - Epoch [40][15/25]	lr: 7.437e-02, eta: 0:06:15, time: 0.603, data_time: 0.281, memory: 861, top1_acc: 0.9563, top5_acc: 1.0000, loss_cls: 0.4583, loss: 0.4583, grad_norm: 0.6316
2022-04-27 21:10:15,378 - mmaction - INFO - Epoch [40][20/25]	lr: 7.097e-02, eta: 0:06:05, time: 0.576, data_time: 0.361, memory: 861, top1_acc: 0.9688, top5_acc: 1.0000, loss_cls: 0.0555, loss: 0.0555, grad_norm: 0.4043
2022-04-27 21:10:18,520 - mmaction - INFO - Epoch [40][25/25]	lr: 6.764e-02, eta: 0:05:55, time: 0.629, data_time: 0.395, memory: 861, top1_acc: 0.9750, top5_acc: 1.0000, loss_cls: 0.5004, loss: 0.5004, grad_norm: 0.4258
2022-04-27 21:10:51,859 - mmaction - INFO - Evaluating top_k_accuracy ...
2022-04-27 21:10:51,859 - mmaction - INFO - 
top1_acc	0.8056
top5_acc	0.9611
2022-04-27 21:10:51,859 - mmaction - INFO - Evaluating mean_class_accuracy ...
2022-04-27 21:10:51,859 - mmaction - INFO - 
mean_acc	0.8056
2022-04-27 21:10:51,860 - mmaction - INFO - Epoch(val) [40][6]	top1_acc: 0.8056, top5_acc: 0.9611, mean_class_accuracy: 0.8056
2022-04-27 21:11:22,731 - mmaction - INFO - Epoch [41][5/25]	lr: 6.439e-02, eta: 0:05:51, time: 6.173, data_time: 5.761, memory: 861, top1_acc: 0.9688, top5_acc: 1.0000, loss_cls: 0.3395, loss: 0.3395, grad_norm: 0.4532
2022-04-27 21:11:25,403 - mmaction - INFO - Epoch [41][10/25]	lr: 6.122e-02, eta: 0:05:40, time: 0.535, data_time: 0.198, memory: 861, top1_acc: 0.9812, top5_acc: 1.0000, loss_cls: 0.0408, loss: 0.0408, grad_norm: 0.2702
2022-04-27 21:11:28,172 - mmaction - INFO - Epoch [41][15/25]	lr: 5.812e-02, eta: 0:05:30, time: 0.553, data_time: 0.172, memory: 861, top1_acc: 0.9625, top5_acc: 1.0000, loss_cls: 0.4186, loss: 0.4186, grad_norm: 0.5692
2022-04-27 21:11:30,843 - mmaction - INFO - Epoch [41][20/25]	lr: 5.509e-02, eta: 0:05:20, time: 0.535, data_time: 0.184, memory: 861, top1_acc: 0.9437, top5_acc: 1.0000, loss_cls: 0.4894, loss: 0.4894, grad_norm: 0.7118
2022-04-27 21:11:34,479 - mmaction - INFO - Epoch [41][25/25]	lr: 5.214e-02, eta: 0:05:10, time: 0.727, data_time: 0.304, memory: 861, top1_acc: 0.9500, top5_acc: 1.0000, loss_cls: 0.3490, loss: 0.3490, grad_norm: 0.6190
2022-04-27 21:12:07,130 - mmaction - INFO - Evaluating top_k_accuracy ...
2022-04-27 21:12:07,130 - mmaction - INFO - 
top1_acc	0.8111
top5_acc	0.9556
2022-04-27 21:12:07,130 - mmaction - INFO - Evaluating mean_class_accuracy ...
2022-04-27 21:12:07,131 - mmaction - INFO - 
mean_acc	0.8111
2022-04-27 21:12:07,131 - mmaction - INFO - Epoch(val) [41][6]	top1_acc: 0.8111, top5_acc: 0.9556, mean_class_accuracy: 0.8111
2022-04-27 21:12:37,910 - mmaction - INFO - Epoch [42][5/25]	lr: 4.927e-02, eta: 0:05:05, time: 6.154, data_time: 5.802, memory: 861, top1_acc: 0.9688, top5_acc: 1.0000, loss_cls: 0.1643, loss: 0.1643, grad_norm: 0.4881
2022-04-27 21:12:41,680 - mmaction - INFO - Epoch [42][10/25]	lr: 4.648e-02, eta: 0:04:55, time: 0.755, data_time: 0.243, memory: 861, top1_acc: 0.9750, top5_acc: 1.0000, loss_cls: 0.1838, loss: 0.1838, grad_norm: 0.4306
2022-04-27 21:12:44,131 - mmaction - INFO - Epoch [42][15/25]	lr: 4.376e-02, eta: 0:04:45, time: 0.490, data_time: 0.170, memory: 861, top1_acc: 0.9375, top5_acc: 1.0000, loss_cls: 0.4940, loss: 0.4940, grad_norm: 0.7553
2022-04-27 21:12:46,970 - mmaction - INFO - Epoch [42][20/25]	lr: 4.112e-02, eta: 0:04:36, time: 0.568, data_time: 0.208, memory: 861, top1_acc: 0.9500, top5_acc: 1.0000, loss_cls: 0.2783, loss: 0.2783, grad_norm: 0.6815
2022-04-27 21:12:49,953 - mmaction - INFO - Epoch [42][25/25]	lr: 3.856e-02, eta: 0:04:26, time: 0.597, data_time: 0.253, memory: 861, top1_acc: 0.9750, top5_acc: 1.0000, loss_cls: 0.4531, loss: 0.4531, grad_norm: 0.4377
2022-04-27 21:13:22,491 - mmaction - INFO - Evaluating top_k_accuracy ...
2022-04-27 21:13:22,491 - mmaction - INFO - 
top1_acc	0.8278
top5_acc	0.9833
2022-04-27 21:13:22,492 - mmaction - INFO - Evaluating mean_class_accuracy ...
2022-04-27 21:13:22,492 - mmaction - INFO - 
mean_acc	0.8278
2022-04-27 21:13:22,492 - mmaction - INFO - Epoch(val) [42][6]	top1_acc: 0.8278, top5_acc: 0.9833, mean_class_accuracy: 0.8278
2022-04-27 21:13:54,110 - mmaction - INFO - Epoch [43][5/25]	lr: 3.608e-02, eta: 0:04:20, time: 6.323, data_time: 6.270, memory: 861, top1_acc: 0.9875, top5_acc: 1.0000, loss_cls: 0.1038, loss: 0.1038, grad_norm: 0.3137
2022-04-27 21:13:56,534 - mmaction - INFO - Epoch [43][10/25]	lr: 3.368e-02, eta: 0:04:10, time: 0.485, data_time: 0.432, memory: 861, top1_acc: 0.9437, top5_acc: 1.0000, loss_cls: 0.4285, loss: 0.4285, grad_norm: 0.7710
2022-04-27 21:13:59,120 - mmaction - INFO - Epoch [43][15/25]	lr: 3.136e-02, eta: 0:04:00, time: 0.517, data_time: 0.467, memory: 861, top1_acc: 0.9500, top5_acc: 1.0000, loss_cls: 0.5191, loss: 0.5191, grad_norm: 0.5254
2022-04-27 21:14:02,144 - mmaction - INFO - Epoch [43][20/25]	lr: 2.912e-02, eta: 0:03:51, time: 0.604, data_time: 0.535, memory: 861, top1_acc: 0.9812, top5_acc: 1.0000, loss_cls: 0.1646, loss: 0.1646, grad_norm: 0.4206
2022-04-27 21:14:05,935 - mmaction - INFO - Epoch [43][25/25]	lr: 2.696e-02, eta: 0:03:41, time: 0.759, data_time: 0.701, memory: 861, top1_acc: 0.9750, top5_acc: 1.0000, loss_cls: 0.1565, loss: 0.1565, grad_norm: 0.4473
2022-04-27 21:14:38,641 - mmaction - INFO - Evaluating top_k_accuracy ...
2022-04-27 21:14:38,641 - mmaction - INFO - 
top1_acc	0.8056
top5_acc	1.0000
2022-04-27 21:14:38,641 - mmaction - INFO - Evaluating mean_class_accuracy ...
2022-04-27 21:14:38,642 - mmaction - INFO - 
mean_acc	0.8056
2022-04-27 21:14:38,642 - mmaction - INFO - Epoch(val) [43][6]	top1_acc: 0.8056, top5_acc: 1.0000, mean_class_accuracy: 0.8056
2022-04-27 21:15:10,104 - mmaction - INFO - Epoch [44][5/25]	lr: 2.488e-02, eta: 0:03:35, time: 6.291, data_time: 5.961, memory: 861, top1_acc: 0.9875, top5_acc: 1.0000, loss_cls: 0.1431, loss: 0.1431, grad_norm: 0.2388
2022-04-27 21:15:13,455 - mmaction - INFO - Epoch [44][10/25]	lr: 2.288e-02, eta: 0:03:25, time: 0.671, data_time: 0.616, memory: 861, top1_acc: 0.9625, top5_acc: 1.0000, loss_cls: 0.3121, loss: 0.3121, grad_norm: 0.5469
2022-04-27 21:15:17,445 - mmaction - INFO - Epoch [44][15/25]	lr: 2.096e-02, eta: 0:03:16, time: 0.799, data_time: 0.711, memory: 861, top1_acc: 0.9812, top5_acc: 1.0000, loss_cls: 0.0506, loss: 0.0506, grad_norm: 0.4122
2022-04-27 21:15:20,323 - mmaction - INFO - Epoch [44][20/25]	lr: 1.913e-02, eta: 0:03:06, time: 0.576, data_time: 0.510, memory: 861, top1_acc: 0.9688, top5_acc: 1.0000, loss_cls: 0.1194, loss: 0.1194, grad_norm: 0.4238
2022-04-27 21:15:24,576 - mmaction - INFO - Epoch [44][25/25]	lr: 1.738e-02, eta: 0:02:57, time: 0.850, data_time: 0.795, memory: 861, top1_acc: 0.9812, top5_acc: 1.0000, loss_cls: 0.0863, loss: 0.0863, grad_norm: 0.4157
2022-04-27 21:15:57,288 - mmaction - INFO - Evaluating top_k_accuracy ...
2022-04-27 21:15:57,288 - mmaction - INFO - 
top1_acc	0.7944
top5_acc	1.0000
2022-04-27 21:15:57,288 - mmaction - INFO - Evaluating mean_class_accuracy ...
2022-04-27 21:15:57,289 - mmaction - INFO - 
mean_acc	0.7944
2022-04-27 21:15:57,289 - mmaction - INFO - Epoch(val) [44][6]	top1_acc: 0.7944, top5_acc: 1.0000, mean_class_accuracy: 0.7944
2022-04-27 21:16:27,951 - mmaction - INFO - Epoch [45][5/25]	lr: 1.571e-02, eta: 0:02:50, time: 6.130, data_time: 5.838, memory: 861, top1_acc: 0.9750, top5_acc: 1.0000, loss_cls: 0.2034, loss: 0.2034, grad_norm: 0.3515
2022-04-27 21:16:30,235 - mmaction - INFO - Epoch [45][10/25]	lr: 1.412e-02, eta: 0:02:41, time: 0.458, data_time: 0.263, memory: 861, top1_acc: 0.9437, top5_acc: 1.0000, loss_cls: 0.2125, loss: 0.2125, grad_norm: 0.7308
2022-04-27 21:16:32,549 - mmaction - INFO - Epoch [45][15/25]	lr: 1.262e-02, eta: 0:02:31, time: 0.463, data_time: 0.229, memory: 861, top1_acc: 0.9625, top5_acc: 1.0000, loss_cls: 0.5101, loss: 0.5101, grad_norm: 0.5908
2022-04-27 21:16:35,196 - mmaction - INFO - Epoch [45][20/25]	lr: 1.120e-02, eta: 0:02:22, time: 0.529, data_time: 0.259, memory: 861, top1_acc: 0.9688, top5_acc: 1.0000, loss_cls: 0.2592, loss: 0.2592, grad_norm: 0.4953
2022-04-27 21:16:38,964 - mmaction - INFO - Epoch [45][25/25]	lr: 9.864e-03, eta: 0:02:12, time: 0.753, data_time: 0.477, memory: 861, top1_acc: 0.9625, top5_acc: 1.0000, loss_cls: 0.1940, loss: 0.1940, grad_norm: 0.4661
2022-04-27 21:17:12,399 - mmaction - INFO - Evaluating top_k_accuracy ...
2022-04-27 21:17:12,400 - mmaction - INFO - 
top1_acc	0.8056
top5_acc	1.0000
2022-04-27 21:17:12,400 - mmaction - INFO - Evaluating mean_class_accuracy ...
2022-04-27 21:17:12,401 - mmaction - INFO - 
mean_acc	0.8056
2022-04-27 21:17:12,401 - mmaction - INFO - Epoch(val) [45][6]	top1_acc: 0.8056, top5_acc: 1.0000, mean_class_accuracy: 0.8056
2022-04-27 21:17:43,664 - mmaction - INFO - Epoch [46][5/25]	lr: 8.613e-03, eta: 0:02:05, time: 6.251, data_time: 6.199, memory: 861, top1_acc: 0.9375, top5_acc: 1.0000, loss_cls: 0.5781, loss: 0.5781, grad_norm: 0.6662
2022-04-27 21:17:47,318 - mmaction - INFO - Epoch [46][10/25]	lr: 7.445e-03, eta: 0:01:56, time: 0.731, data_time: 0.431, memory: 861, top1_acc: 0.9625, top5_acc: 1.0000, loss_cls: 0.5871, loss: 0.5871, grad_norm: 0.5954
2022-04-27 21:17:50,630 - mmaction - INFO - Epoch [46][15/25]	lr: 6.362e-03, eta: 0:01:47, time: 0.664, data_time: 0.368, memory: 861, top1_acc: 0.9563, top5_acc: 1.0000, loss_cls: 0.2195, loss: 0.2195, grad_norm: 0.5821
2022-04-27 21:17:54,432 - mmaction - INFO - Epoch [46][20/25]	lr: 5.364e-03, eta: 0:01:37, time: 0.760, data_time: 0.106, memory: 861, top1_acc: 0.9812, top5_acc: 1.0000, loss_cls: 0.1134, loss: 0.1134, grad_norm: 0.3574
2022-04-27 21:17:58,474 - mmaction - INFO - Epoch [46][25/25]	lr: 4.450e-03, eta: 0:01:28, time: 0.809, data_time: 0.041, memory: 861, top1_acc: 0.9563, top5_acc: 1.0000, loss_cls: 0.1979, loss: 0.1979, grad_norm: 0.6011
2022-04-27 21:18:31,482 - mmaction - INFO - Evaluating top_k_accuracy ...
2022-04-27 21:18:31,482 - mmaction - INFO - 
top1_acc	0.8167
top5_acc	1.0000
2022-04-27 21:18:31,482 - mmaction - INFO - Evaluating mean_class_accuracy ...
2022-04-27 21:18:31,482 - mmaction - INFO - 
mean_acc	0.8167
2022-04-27 21:18:31,483 - mmaction - INFO - Epoch(val) [46][6]	top1_acc: 0.8167, top5_acc: 1.0000, mean_class_accuracy: 0.8167
2022-04-27 21:19:03,786 - mmaction - INFO - Epoch [47][5/25]	lr: 3.621e-03, eta: 0:01:20, time: 6.460, data_time: 6.014, memory: 861, top1_acc: 0.9750, top5_acc: 1.0000, loss_cls: 0.1288, loss: 0.1288, grad_norm: 0.3362
2022-04-27 21:19:06,784 - mmaction - INFO - Epoch [47][10/25]	lr: 2.878e-03, eta: 0:01:11, time: 0.600, data_time: 0.400, memory: 861, top1_acc: 0.9625, top5_acc: 1.0000, loss_cls: 0.3027, loss: 0.3027, grad_norm: 0.5614
2022-04-27 21:19:10,135 - mmaction - INFO - Epoch [47][15/25]	lr: 2.219e-03, eta: 0:01:02, time: 0.670, data_time: 0.231, memory: 861, top1_acc: 0.9812, top5_acc: 1.0000, loss_cls: 0.0743, loss: 0.0743, grad_norm: 0.3849
2022-04-27 21:19:13,095 - mmaction - INFO - Epoch [47][20/25]	lr: 1.646e-03, eta: 0:00:53, time: 0.592, data_time: 0.033, memory: 861, top1_acc: 0.9500, top5_acc: 1.0000, loss_cls: 0.5702, loss: 0.5702, grad_norm: 0.6969
2022-04-27 21:19:17,202 - mmaction - INFO - Epoch [47][25/25]	lr: 1.158e-03, eta: 0:00:44, time: 0.821, data_time: 0.000, memory: 861, top1_acc: 0.9625, top5_acc: 1.0000, loss_cls: 0.4193, loss: 0.4193, grad_norm: 0.5907
2022-04-27 21:19:50,066 - mmaction - INFO - Evaluating top_k_accuracy ...
2022-04-27 21:19:50,066 - mmaction - INFO - 
top1_acc	0.8056
top5_acc	1.0000
2022-04-27 21:19:50,066 - mmaction - INFO - Evaluating mean_class_accuracy ...
2022-04-27 21:19:50,067 - mmaction - INFO - 
mean_acc	0.8056
2022-04-27 21:19:50,067 - mmaction - INFO - Epoch(val) [47][6]	top1_acc: 0.8056, top5_acc: 1.0000, mean_class_accuracy: 0.8056
2022-04-27 21:20:20,964 - mmaction - INFO - Epoch [48][5/25]	lr: 7.555e-04, eta: 0:00:35, time: 6.178, data_time: 5.979, memory: 861, top1_acc: 0.9812, top5_acc: 1.0000, loss_cls: 0.1108, loss: 0.1108, grad_norm: 0.2695
2022-04-27 21:20:24,744 - mmaction - INFO - Epoch [48][10/25]	lr: 4.386e-04, eta: 0:00:26, time: 0.757, data_time: 0.386, memory: 861, top1_acc: 0.9625, top5_acc: 1.0000, loss_cls: 0.3173, loss: 0.3173, grad_norm: 0.5963
2022-04-27 21:20:27,377 - mmaction - INFO - Epoch [48][15/25]	lr: 2.073e-04, eta: 0:00:17, time: 0.526, data_time: 0.327, memory: 861, top1_acc: 0.9187, top5_acc: 1.0000, loss_cls: 0.6064, loss: 0.6064, grad_norm: 1.0909
2022-04-27 21:20:29,782 - mmaction - INFO - Epoch [48][20/25]	lr: 6.168e-05, eta: 0:00:08, time: 0.482, data_time: 0.314, memory: 861, top1_acc: 0.9625, top5_acc: 1.0000, loss_cls: 0.3631, loss: 0.3631, grad_norm: 0.6462
2022-04-27 21:20:33,207 - mmaction - INFO - Epoch [48][25/25]	lr: 1.713e-06, eta: 0:00:00, time: 0.684, data_time: 0.507, memory: 861, top1_acc: 0.9688, top5_acc: 1.0000, loss_cls: 0.5371, loss: 0.5371, grad_norm: 0.5209
2022-04-27 21:20:33,766 - mmaction - INFO - Saving checkpoint at 48 epochs
2022-04-27 21:21:06,163 - mmaction - INFO - Evaluating top_k_accuracy ...
2022-04-27 21:21:06,164 - mmaction - INFO - 
top1_acc	0.8056
top5_acc	1.0000
2022-04-27 21:21:06,164 - mmaction - INFO - Evaluating mean_class_accuracy ...
2022-04-27 21:21:06,165 - mmaction - INFO - 
mean_acc	0.8056
2022-04-27 21:21:06,165 - mmaction - INFO - Epoch(val) [48][6]	top1_acc: 0.8056, top5_acc: 1.0000, mean_class_accuracy: 0.8056
