2022-04-28 22:42:38,651 - mmaction - INFO - Environment info:
------------------------------------------------------------
sys.platform: linux
Python: 3.8.12 | packaged by conda-forge | (default, Oct 12 2021, 21:57:06) [GCC 9.4.0]
CUDA available: True
GPU 0,1,2,3: NVIDIA GeForce RTX 3090
CUDA_HOME: /usr/local/cuda
NVCC: Build cuda_11.1.TC455_06.29190527_0
GCC: gcc (Ubuntu 9.4.0-1ubuntu1~20.04.1) 9.4.0
PyTorch: 1.9.1+cu111
PyTorch compiling details: PyTorch built with:
  - GCC 7.3
  - C++ Version: 201402
  - Intel(R) Math Kernel Library Version 2020.0.0 Product Build 20191122 for Intel(R) 64 architecture applications
  - Intel(R) MKL-DNN v2.1.2 (Git Hash 98be7e8afa711dc9b66c8ff3504129cb82013cdb)
  - OpenMP 201511 (a.k.a. OpenMP 4.5)
  - NNPACK is enabled
  - CPU capability usage: AVX2
  - CUDA Runtime 11.1
  - NVCC architecture flags: -gencode;arch=compute_37,code=sm_37;-gencode;arch=compute_50,code=sm_50;-gencode;arch=compute_60,code=sm_60;-gencode;arch=compute_70,code=sm_70;-gencode;arch=compute_75,code=sm_75;-gencode;arch=compute_80,code=sm_80;-gencode;arch=compute_86,code=sm_86
  - CuDNN 8.0.5
  - Magma 2.5.2
  - Build settings: BLAS_INFO=mkl, BUILD_TYPE=Release, CUDA_VERSION=11.1, CUDNN_VERSION=8.0.5, CXX_COMPILER=/opt/rh/devtoolset-7/root/usr/bin/c++, CXX_FLAGS= -Wno-deprecated -fvisibility-inlines-hidden -DUSE_PTHREADPOOL -fopenmp -DNDEBUG -DUSE_KINETO -DUSE_FBGEMM -DUSE_QNNPACK -DUSE_PYTORCH_QNNPACK -DUSE_XNNPACK -DSYMBOLICATE_MOBILE_DEBUG_HANDLE -O2 -fPIC -Wno-narrowing -Wall -Wextra -Werror=return-type -Wno-missing-field-initializers -Wno-type-limits -Wno-array-bounds -Wno-unknown-pragmas -Wno-sign-compare -Wno-unused-parameter -Wno-unused-variable -Wno-unused-function -Wno-unused-result -Wno-unused-local-typedefs -Wno-strict-overflow -Wno-strict-aliasing -Wno-error=deprecated-declarations -Wno-stringop-overflow -Wno-psabi -Wno-error=pedantic -Wno-error=redundant-decls -Wno-error=old-style-cast -fdiagnostics-color=always -faligned-new -Wno-unused-but-set-variable -Wno-maybe-uninitialized -fno-math-errno -fno-trapping-math -Werror=format -Wno-stringop-overflow, LAPACK_INFO=mkl, PERF_WITH_AVX=1, PERF_WITH_AVX2=1, PERF_WITH_AVX512=1, TORCH_VERSION=1.9.1, USE_CUDA=ON, USE_CUDNN=ON, USE_EXCEPTION_PTR=1, USE_GFLAGS=OFF, USE_GLOG=OFF, USE_MKL=ON, USE_MKLDNN=ON, USE_MPI=OFF, USE_NCCL=ON, USE_NNPACK=ON, USE_OPENMP=ON, 

TorchVision: 0.10.1+cu111
OpenCV: 4.5.5
MMCV: 1.4.2
MMCV Compiler: GCC 7.3
MMCV CUDA Compiler: 11.1
MMAction2: 0.20.0+1c4333f
------------------------------------------------------------

2022-04-28 22:42:38,651 - mmaction - INFO - Distributed training: True
2022-04-28 22:42:40,341 - mmaction - INFO - Config: model = dict(
    type='Recognizer3D',
    backbone=dict(
        type='ResNet3dSlowOnly',
        depth=50,
        pretrained=None,
        in_channels=10,
        base_channels=32,
        num_stages=3,
        out_indices=(2, ),
        stage_blocks=(4, 6, 3),
        conv1_stride_s=1,
        pool1_stride_s=1,
        inflate=(0, 1, 1),
        spatial_strides=(2, 2, 2),
        temporal_strides=(1, 1, 2),
        dilations=(1, 1, 1),
        frozen_stages=3),
    cls_head=dict(
        type='I3DHead',
        in_channels=512,
        num_classes=10,
        spatial_type='avg',
        dropout_ratio=0.5),
    train_cfg=dict(),
    test_cfg=dict(average_clips='prob'))
dataset_type = 'PoseDataset'
ann_file_train = 'data/ds_taichi/TEST9AUG2/NSNR/train_data.pkl'
ann_file_val = 'data/ds_taichi/TEST9AUG2/NSNR/test_data.pkl'
left = [
    5, 6, 7, 8, 44, 45, 46, 47, 48, 49, 50, 51, 52, 53, 54, 55, 56, 57, 58, 59,
    60, 61, 62, 63, 64, 65, 66, 67, 68, 69, 70, 71
]
right = [
    1, 2, 3, 4, 16, 17, 18, 19, 20, 21, 22, 23, 24, 25, 26, 27, 28, 29, 30, 31,
    32, 33, 34, 35, 36, 37, 38, 39, 40, 41, 42, 43
]
train_pipeline = [
    dict(type='UniformSampleFrames', clip_len=48),
    dict(type='PoseDecode'),
    dict(type='PoseCompact', hw_ratio=1.0, allow_imgpad=True),
    dict(type='Resize', scale=(-1, 64)),
    dict(type='RandomResizedCrop', area_range=(0.56, 1.0)),
    dict(type='Resize', scale=(56, 56), keep_ratio=False),
    dict(
        type='Flip',
        flip_ratio=0.5,
        left_kp=[
            5, 6, 7, 8, 44, 45, 46, 47, 48, 49, 50, 51, 52, 53, 54, 55, 56, 57,
            58, 59, 60, 61, 62, 63, 64, 65, 66, 67, 68, 69, 70, 71
        ],
        right_kp=[
            1, 2, 3, 4, 16, 17, 18, 19, 20, 21, 22, 23, 24, 25, 26, 27, 28, 29,
            30, 31, 32, 33, 34, 35, 36, 37, 38, 39, 40, 41, 42, 43
        ]),
    dict(
        type='GenerateTaiChiPoseTarget',
        sigma=0.6,
        use_score=True,
        with_kp=True,
        with_limb=True),
    dict(type='FormatShape', input_format='NCTHW'),
    dict(type='Collect', keys=['imgs', 'label'], meta_keys=[]),
    dict(type='ToTensor', keys=['imgs', 'label'])
]
val_pipeline = [
    dict(type='UniformSampleFrames', clip_len=48, num_clips=1, test_mode=True),
    dict(type='PoseDecode'),
    dict(type='PoseCompact', hw_ratio=1.0, allow_imgpad=True),
    dict(type='Resize', scale=(-1, 64)),
    dict(type='CenterCrop', crop_size=64),
    dict(
        type='GenerateTaiChiPoseTarget',
        sigma=0.6,
        use_score=True,
        with_kp=True,
        with_limb=True),
    dict(type='FormatShape', input_format='NCTHW'),
    dict(type='Collect', keys=['imgs', 'label'], meta_keys=[]),
    dict(type='ToTensor', keys=['imgs'])
]
test_pipeline = [
    dict(
        type='UniformSampleFrames', clip_len=48, num_clips=10, test_mode=True),
    dict(type='PoseDecode'),
    dict(type='PoseCompact', hw_ratio=1.0, allow_imgpad=True),
    dict(type='Resize', scale=(-1, 64)),
    dict(type='CenterCrop', crop_size=64),
    dict(
        type='GenerateTaiChiPoseTarget',
        sigma=0.6,
        use_score=True,
        with_kp=True,
        with_limb=True,
        double=True,
        left_kp=[
            5, 6, 7, 8, 44, 45, 46, 47, 48, 49, 50, 51, 52, 53, 54, 55, 56, 57,
            58, 59, 60, 61, 62, 63, 64, 65, 66, 67, 68, 69, 70, 71
        ],
        right_kp=[
            1, 2, 3, 4, 16, 17, 18, 19, 20, 21, 22, 23, 24, 25, 26, 27, 28, 29,
            30, 31, 32, 33, 34, 35, 36, 37, 38, 39, 40, 41, 42, 43
        ]),
    dict(type='FormatShape', input_format='NCTHW'),
    dict(type='Collect', keys=['imgs', 'label'], meta_keys=[]),
    dict(type='ToTensor', keys=['imgs'])
]
data = dict(
    videos_per_gpu=8,
    workers_per_gpu=4,
    test_dataloader=dict(videos_per_gpu=4),
    train=dict(
        type='RepeatDataset',
        times=20,
        dataset=dict(
            type='PoseDataset',
            ann_file='data/ds_taichi/TEST9AUG2/NSNR/train_data.pkl',
            data_prefix='',
            pipeline=[
                dict(type='UniformSampleFrames', clip_len=48),
                dict(type='PoseDecode'),
                dict(type='PoseCompact', hw_ratio=1.0, allow_imgpad=True),
                dict(type='Resize', scale=(-1, 64)),
                dict(type='RandomResizedCrop', area_range=(0.56, 1.0)),
                dict(type='Resize', scale=(56, 56), keep_ratio=False),
                dict(
                    type='Flip',
                    flip_ratio=0.5,
                    left_kp=[
                        5, 6, 7, 8, 44, 45, 46, 47, 48, 49, 50, 51, 52, 53, 54,
                        55, 56, 57, 58, 59, 60, 61, 62, 63, 64, 65, 66, 67, 68,
                        69, 70, 71
                    ],
                    right_kp=[
                        1, 2, 3, 4, 16, 17, 18, 19, 20, 21, 22, 23, 24, 25, 26,
                        27, 28, 29, 30, 31, 32, 33, 34, 35, 36, 37, 38, 39, 40,
                        41, 42, 43
                    ]),
                dict(
                    type='GenerateTaiChiPoseTarget',
                    sigma=0.6,
                    use_score=True,
                    with_kp=True,
                    with_limb=True),
                dict(type='FormatShape', input_format='NCTHW'),
                dict(type='Collect', keys=['imgs', 'label'], meta_keys=[]),
                dict(type='ToTensor', keys=['imgs', 'label'])
            ])),
    val=dict(
        type='PoseDataset',
        ann_file='data/ds_taichi/TEST9AUG2/NSNR/test_data.pkl',
        data_prefix='',
        pipeline=[
            dict(
                type='UniformSampleFrames',
                clip_len=48,
                num_clips=1,
                test_mode=True),
            dict(type='PoseDecode'),
            dict(type='PoseCompact', hw_ratio=1.0, allow_imgpad=True),
            dict(type='Resize', scale=(-1, 64)),
            dict(type='CenterCrop', crop_size=64),
            dict(
                type='GenerateTaiChiPoseTarget',
                sigma=0.6,
                use_score=True,
                with_kp=True,
                with_limb=True),
            dict(type='FormatShape', input_format='NCTHW'),
            dict(type='Collect', keys=['imgs', 'label'], meta_keys=[]),
            dict(type='ToTensor', keys=['imgs'])
        ]),
    test=dict(
        type='PoseDataset',
        ann_file='data/ds_taichi/TEST9AUG2/NSNR/test_data.pkl',
        data_prefix='',
        pipeline=[
            dict(
                type='UniformSampleFrames',
                clip_len=48,
                num_clips=10,
                test_mode=True),
            dict(type='PoseDecode'),
            dict(type='PoseCompact', hw_ratio=1.0, allow_imgpad=True),
            dict(type='Resize', scale=(-1, 64)),
            dict(type='CenterCrop', crop_size=64),
            dict(
                type='GenerateTaiChiPoseTarget',
                sigma=0.6,
                use_score=True,
                with_kp=True,
                with_limb=True,
                double=True,
                left_kp=[
                    5, 6, 7, 8, 44, 45, 46, 47, 48, 49, 50, 51, 52, 53, 54, 55,
                    56, 57, 58, 59, 60, 61, 62, 63, 64, 65, 66, 67, 68, 69, 70,
                    71
                ],
                right_kp=[
                    1, 2, 3, 4, 16, 17, 18, 19, 20, 21, 22, 23, 24, 25, 26, 27,
                    28, 29, 30, 31, 32, 33, 34, 35, 36, 37, 38, 39, 40, 41, 42,
                    43
                ]),
            dict(type='FormatShape', input_format='NCTHW'),
            dict(type='Collect', keys=['imgs', 'label'], meta_keys=[]),
            dict(type='ToTensor', keys=['imgs'])
        ]))
optimizer = dict(type='SGD', lr=0.6, momentum=0.9, weight_decay=0.0003)
optimizer_config = dict(grad_clip=dict(max_norm=40, norm_type=2))
lr_config = dict(policy='CosineAnnealing', by_epoch=False, min_lr=0)
total_epochs = 48
checkpoint_config = dict()
workflow = [('train', 1)]
evaluation = dict(
    interval=1, metrics=['top_k_accuracy', 'mean_class_accuracy'], topk=(1, 5))
log_config = dict(interval=5, hooks=[dict(type='TextLoggerHook')])
output_config = dict(
    out='./model_pth/exp8/linear10-T9A2/test_result/results.pkl')
eval_config = dict(
    metric_out='./model_pth/exp8/linear10-T9A2/test_result',
    eval=[
        'top_k_accuracy', 'mean_class_accuracy', 'confusion_matrix',
        't_sne_vis'
    ])
dist_params = dict(backend='nccl')
log_level = 'INFO'
work_dir = './model_pth/exp8/linear10-T9A2'
load_from = './model_pth/10part_ntu60_xsub_kp+limb/best_top1_acc_epoch_24.pth'
resume_from = None
find_unused_parameters = True
gpu_ids = range(0, 4)
omnisource = False
module_hooks = []

2022-04-28 22:42:40,341 - mmaction - INFO - Set random seed to 42, deterministic: True
2022-04-28 22:42:40,398 - mmaction - INFO - 40 videos remain after valid thresholding
2022-04-28 22:42:46,414 - mmaction - INFO - 180 videos remain after valid thresholding
2022-04-28 22:42:46,415 - mmaction - INFO - load checkpoint from local path: ./model_pth/10part_ntu60_xsub_kp+limb/best_top1_acc_epoch_24.pth
2022-04-28 22:42:46,438 - mmaction - WARNING - The model and loaded state dict do not match exactly

size mismatch for cls_head.fc_cls.weight: copying a param with shape torch.Size([60, 512]) from checkpoint, the shape in current model is torch.Size([10, 512]).
size mismatch for cls_head.fc_cls.bias: copying a param with shape torch.Size([60]) from checkpoint, the shape in current model is torch.Size([10]).
2022-04-28 22:42:46,438 - mmaction - INFO - Start running, host: yl@83090-jin, work_dir: /home/yl/myposec3d/model_pth/exp8/linear10-T9A2
2022-04-28 22:42:46,439 - mmaction - INFO - Hooks will be executed in the following order:
before_run:
(VERY_HIGH   ) CosineAnnealingLrUpdaterHook       
(NORMAL      ) CheckpointHook                     
(NORMAL      ) DistEvalHook                       
(VERY_LOW    ) TextLoggerHook                     
 -------------------- 
before_train_epoch:
(VERY_HIGH   ) CosineAnnealingLrUpdaterHook       
(NORMAL      ) DistSamplerSeedHook                
(NORMAL      ) DistEvalHook                       
(LOW         ) IterTimerHook                      
(VERY_LOW    ) TextLoggerHook                     
 -------------------- 
before_train_iter:
(VERY_HIGH   ) CosineAnnealingLrUpdaterHook       
(NORMAL      ) DistEvalHook                       
(LOW         ) IterTimerHook                      
 -------------------- 
after_train_iter:
(ABOVE_NORMAL) OptimizerHook                      
(NORMAL      ) CheckpointHook                     
(NORMAL      ) DistEvalHook                       
(LOW         ) IterTimerHook                      
(VERY_LOW    ) TextLoggerHook                     
 -------------------- 
after_train_epoch:
(NORMAL      ) CheckpointHook                     
(NORMAL      ) DistEvalHook                       
(VERY_LOW    ) TextLoggerHook                     
 -------------------- 
before_val_epoch:
(NORMAL      ) DistSamplerSeedHook                
(LOW         ) IterTimerHook                      
(VERY_LOW    ) TextLoggerHook                     
 -------------------- 
before_val_iter:
(LOW         ) IterTimerHook                      
 -------------------- 
after_val_iter:
(LOW         ) IterTimerHook                      
 -------------------- 
after_val_epoch:
(VERY_LOW    ) TextLoggerHook                     
 -------------------- 
after_run:
(VERY_LOW    ) TextLoggerHook                     
 -------------------- 
2022-04-28 22:42:46,439 - mmaction - INFO - workflow: [('train', 1)], max: 48 epochs
2022-04-28 22:42:46,439 - mmaction - INFO - Checkpoints will be saved to /home/yl/myposec3d/model_pth/exp8/linear10-T9A2 by HardDiskBackend.
2022-04-28 22:43:17,085 - mmaction - INFO - Epoch [1][5/25]	lr: 6.000e-01, eta: 2:02:01, time: 6.127, data_time: 5.940, memory: 689, top1_acc: 0.0750, top5_acc: 0.5000, loss_cls: 13.9130, loss: 13.9130, grad_norm: 8.1318
2022-04-28 22:43:20,213 - mmaction - INFO - Epoch [1][10/25]	lr: 5.999e-01, eta: 1:06:58, time: 0.628, data_time: 0.505, memory: 689, top1_acc: 0.1750, top5_acc: 0.5000, loss_cls: 66.8296, loss: 66.8296, grad_norm: 7.5892
2022-04-28 22:43:23,123 - mmaction - INFO - Epoch [1][15/25]	lr: 5.998e-01, eta: 0:48:17, time: 0.582, data_time: 0.457, memory: 689, top1_acc: 0.1125, top5_acc: 0.5125, loss_cls: 64.7807, loss: 64.7807, grad_norm: 9.5261
2022-04-28 22:43:26,062 - mmaction - INFO - Epoch [1][20/25]	lr: 5.996e-01, eta: 0:38:57, time: 0.588, data_time: 0.479, memory: 689, top1_acc: 0.1187, top5_acc: 0.5312, loss_cls: 56.7566, loss: 56.7566, grad_norm: 7.6953
2022-04-28 22:43:31,563 - mmaction - INFO - Epoch [1][25/25]	lr: 5.994e-01, eta: 0:35:20, time: 1.100, data_time: 0.907, memory: 689, top1_acc: 0.1875, top5_acc: 0.6375, loss_cls: 43.5552, loss: 43.5552, grad_norm: 6.1631
2022-04-28 22:44:04,373 - mmaction - INFO - Evaluating top_k_accuracy ...
2022-04-28 22:44:04,374 - mmaction - INFO - 
top1_acc	0.1222
top5_acc	0.5278
2022-04-28 22:44:04,374 - mmaction - INFO - Evaluating mean_class_accuracy ...
2022-04-28 22:44:04,374 - mmaction - INFO - 
mean_acc	0.1222
2022-04-28 22:44:04,405 - mmaction - INFO - Now best checkpoint is saved as best_top1_acc_epoch_1.pth.
2022-04-28 22:44:04,406 - mmaction - INFO - Best top1_acc is 0.1222 at 1 epoch.
2022-04-28 22:44:04,406 - mmaction - INFO - Epoch(val) [1][6]	top1_acc: 0.1222, top5_acc: 0.5278, mean_class_accuracy: 0.1222
2022-04-28 22:44:34,604 - mmaction - INFO - Epoch [2][5/25]	lr: 5.991e-01, eta: 0:48:57, time: 6.039, data_time: 5.943, memory: 891, top1_acc: 0.1750, top5_acc: 0.6250, loss_cls: 51.1091, loss: 51.1091, grad_norm: 7.3828
2022-04-28 22:44:37,700 - mmaction - INFO - Epoch [2][10/25]	lr: 5.988e-01, eta: 0:43:30, time: 0.619, data_time: 0.504, memory: 891, top1_acc: 0.1437, top5_acc: 0.6438, loss_cls: 54.6196, loss: 54.6196, grad_norm: 7.4182
2022-04-28 22:44:40,811 - mmaction - INFO - Epoch [2][15/25]	lr: 5.984e-01, eta: 0:39:24, time: 0.622, data_time: 0.423, memory: 891, top1_acc: 0.2500, top5_acc: 0.6813, loss_cls: 52.0499, loss: 52.0499, grad_norm: 5.7575
2022-04-28 22:44:43,856 - mmaction - INFO - Epoch [2][20/25]	lr: 5.980e-01, eta: 0:36:10, time: 0.609, data_time: 0.405, memory: 891, top1_acc: 0.1750, top5_acc: 0.6625, loss_cls: 53.0644, loss: 53.0644, grad_norm: 6.6456
2022-04-28 22:44:49,205 - mmaction - INFO - Epoch [2][25/25]	lr: 5.975e-01, eta: 0:34:28, time: 1.070, data_time: 0.655, memory: 891, top1_acc: 0.3063, top5_acc: 0.6750, loss_cls: 49.7700, loss: 49.7700, grad_norm: 4.9828
2022-04-28 22:45:21,358 - mmaction - INFO - Evaluating top_k_accuracy ...
2022-04-28 22:45:21,358 - mmaction - INFO - 
top1_acc	0.3278
top5_acc	0.7167
2022-04-28 22:45:21,358 - mmaction - INFO - Evaluating mean_class_accuracy ...
2022-04-28 22:45:21,358 - mmaction - INFO - 
mean_acc	0.3278
2022-04-28 22:45:21,360 - mmaction - INFO - The previous best checkpoint /home/yl/myposec3d/model_pth/exp8/linear10-T9A2/best_top1_acc_epoch_1.pth was removed
2022-04-28 22:45:21,388 - mmaction - INFO - Now best checkpoint is saved as best_top1_acc_epoch_2.pth.
2022-04-28 22:45:21,388 - mmaction - INFO - Best top1_acc is 0.3278 at 2 epoch.
2022-04-28 22:45:21,388 - mmaction - INFO - Epoch(val) [2][6]	top1_acc: 0.3278, top5_acc: 0.7167, mean_class_accuracy: 0.3278
2022-04-28 22:45:52,046 - mmaction - INFO - Epoch [3][5/25]	lr: 5.970e-01, eta: 0:41:49, time: 6.127, data_time: 5.857, memory: 891, top1_acc: 0.2750, top5_acc: 0.7250, loss_cls: 43.6950, loss: 43.6950, grad_norm: 5.0617
2022-04-28 22:45:55,071 - mmaction - INFO - Epoch [3][10/25]	lr: 5.964e-01, eta: 0:39:08, time: 0.609, data_time: 0.509, memory: 891, top1_acc: 0.3375, top5_acc: 0.7562, loss_cls: 32.3731, loss: 32.3731, grad_norm: 4.8658
2022-04-28 22:45:58,106 - mmaction - INFO - Epoch [3][15/25]	lr: 5.958e-01, eta: 0:36:51, time: 0.607, data_time: 0.493, memory: 891, top1_acc: 0.3063, top5_acc: 0.7625, loss_cls: 34.8232, loss: 34.8232, grad_norm: 5.3660
2022-04-28 22:46:01,224 - mmaction - INFO - Epoch [3][20/25]	lr: 5.951e-01, eta: 0:34:54, time: 0.624, data_time: 0.544, memory: 891, top1_acc: 0.2875, top5_acc: 0.7500, loss_cls: 34.1350, loss: 34.1350, grad_norm: 5.8086
2022-04-28 22:46:06,836 - mmaction - INFO - Epoch [3][25/25]	lr: 5.944e-01, eta: 0:33:50, time: 1.122, data_time: 1.062, memory: 891, top1_acc: 0.3000, top5_acc: 0.7875, loss_cls: 35.1024, loss: 35.1024, grad_norm: 5.7930
2022-04-28 22:46:39,240 - mmaction - INFO - Evaluating top_k_accuracy ...
2022-04-28 22:46:39,241 - mmaction - INFO - 
top1_acc	0.3111
top5_acc	0.7111
2022-04-28 22:46:39,241 - mmaction - INFO - Evaluating mean_class_accuracy ...
2022-04-28 22:46:39,241 - mmaction - INFO - 
mean_acc	0.3111
2022-04-28 22:46:39,241 - mmaction - INFO - Epoch(val) [3][6]	top1_acc: 0.3111, top5_acc: 0.7111, mean_class_accuracy: 0.3111
2022-04-28 22:47:09,417 - mmaction - INFO - Epoch [4][5/25]	lr: 5.936e-01, eta: 0:38:37, time: 6.034, data_time: 5.834, memory: 891, top1_acc: 0.2938, top5_acc: 0.7375, loss_cls: 41.7777, loss: 41.7777, grad_norm: 5.5231
2022-04-28 22:47:12,717 - mmaction - INFO - Epoch [4][10/25]	lr: 5.928e-01, eta: 0:36:54, time: 0.660, data_time: 0.455, memory: 891, top1_acc: 0.3250, top5_acc: 0.7625, loss_cls: 35.9707, loss: 35.9707, grad_norm: 5.4166
2022-04-28 22:47:15,961 - mmaction - INFO - Epoch [4][15/25]	lr: 5.919e-01, eta: 0:35:22, time: 0.649, data_time: 0.405, memory: 891, top1_acc: 0.3375, top5_acc: 0.7937, loss_cls: 27.2198, loss: 27.2198, grad_norm: 4.5770
2022-04-28 22:47:19,035 - mmaction - INFO - Epoch [4][20/25]	lr: 5.910e-01, eta: 0:33:57, time: 0.615, data_time: 0.400, memory: 891, top1_acc: 0.2812, top5_acc: 0.8000, loss_cls: 42.8583, loss: 42.8583, grad_norm: 6.0287
2022-04-28 22:47:24,378 - mmaction - INFO - Epoch [4][25/25]	lr: 5.900e-01, eta: 0:33:05, time: 1.069, data_time: 0.730, memory: 891, top1_acc: 0.3063, top5_acc: 0.8313, loss_cls: 36.1193, loss: 36.1193, grad_norm: 5.9760
2022-04-28 22:47:57,073 - mmaction - INFO - Evaluating top_k_accuracy ...
2022-04-28 22:47:57,073 - mmaction - INFO - 
top1_acc	0.4111
top5_acc	0.9167
2022-04-28 22:47:57,073 - mmaction - INFO - Evaluating mean_class_accuracy ...
2022-04-28 22:47:57,074 - mmaction - INFO - 
mean_acc	0.4111
2022-04-28 22:47:57,075 - mmaction - INFO - The previous best checkpoint /home/yl/myposec3d/model_pth/exp8/linear10-T9A2/best_top1_acc_epoch_2.pth was removed
2022-04-28 22:47:57,110 - mmaction - INFO - Now best checkpoint is saved as best_top1_acc_epoch_4.pth.
2022-04-28 22:47:57,110 - mmaction - INFO - Best top1_acc is 0.4111 at 4 epoch.
2022-04-28 22:47:57,111 - mmaction - INFO - Epoch(val) [4][6]	top1_acc: 0.4111, top5_acc: 0.9167, mean_class_accuracy: 0.4111
2022-04-28 22:48:28,109 - mmaction - INFO - Epoch [5][5/25]	lr: 5.889e-01, eta: 0:36:45, time: 6.199, data_time: 5.978, memory: 891, top1_acc: 0.3500, top5_acc: 0.8438, loss_cls: 29.6094, loss: 29.6094, grad_norm: 4.7691
2022-04-28 22:48:31,275 - mmaction - INFO - Epoch [5][10/25]	lr: 5.879e-01, eta: 0:35:27, time: 0.633, data_time: 0.445, memory: 891, top1_acc: 0.2875, top5_acc: 0.8000, loss_cls: 33.2708, loss: 33.2708, grad_norm: 4.8461
2022-04-28 22:48:34,461 - mmaction - INFO - Epoch [5][15/25]	lr: 5.867e-01, eta: 0:34:15, time: 0.637, data_time: 0.420, memory: 891, top1_acc: 0.2812, top5_acc: 0.8000, loss_cls: 29.9582, loss: 29.9582, grad_norm: 5.3237
2022-04-28 22:48:37,418 - mmaction - INFO - Epoch [5][20/25]	lr: 5.856e-01, eta: 0:33:07, time: 0.591, data_time: 0.388, memory: 891, top1_acc: 0.3563, top5_acc: 0.8063, loss_cls: 29.0480, loss: 29.0480, grad_norm: 4.6634
2022-04-28 22:48:42,988 - mmaction - INFO - Epoch [5][25/25]	lr: 5.843e-01, eta: 0:32:26, time: 1.114, data_time: 0.762, memory: 891, top1_acc: 0.2750, top5_acc: 0.8375, loss_cls: 31.4177, loss: 31.4177, grad_norm: 5.2249
2022-04-28 22:49:15,454 - mmaction - INFO - Evaluating top_k_accuracy ...
2022-04-28 22:49:15,455 - mmaction - INFO - 
top1_acc	0.3556
top5_acc	0.8833
2022-04-28 22:49:15,455 - mmaction - INFO - Evaluating mean_class_accuracy ...
2022-04-28 22:49:15,456 - mmaction - INFO - 
mean_acc	0.3556
2022-04-28 22:49:15,456 - mmaction - INFO - Epoch(val) [5][6]	top1_acc: 0.3556, top5_acc: 0.8833, mean_class_accuracy: 0.3556
2022-04-28 22:49:46,217 - mmaction - INFO - Epoch [6][5/25]	lr: 5.831e-01, eta: 0:35:16, time: 6.149, data_time: 6.094, memory: 891, top1_acc: 0.4437, top5_acc: 0.8250, loss_cls: 24.3251, loss: 24.3251, grad_norm: 4.1877
2022-04-28 22:49:49,201 - mmaction - INFO - Epoch [6][10/25]	lr: 5.817e-01, eta: 0:34:11, time: 0.599, data_time: 0.515, memory: 891, top1_acc: 0.2750, top5_acc: 0.7937, loss_cls: 32.5537, loss: 32.5537, grad_norm: 5.2453
2022-04-28 22:49:52,328 - mmaction - INFO - Epoch [6][15/25]	lr: 5.804e-01, eta: 0:33:13, time: 0.625, data_time: 0.507, memory: 891, top1_acc: 0.3688, top5_acc: 0.8562, loss_cls: 26.1516, loss: 26.1516, grad_norm: 4.8606
2022-04-28 22:49:55,557 - mmaction - INFO - Epoch [6][20/25]	lr: 5.789e-01, eta: 0:32:18, time: 0.645, data_time: 0.493, memory: 891, top1_acc: 0.4062, top5_acc: 0.8562, loss_cls: 27.6108, loss: 27.6108, grad_norm: 4.9553
2022-04-28 22:50:01,135 - mmaction - INFO - Epoch [6][25/25]	lr: 5.775e-01, eta: 0:31:44, time: 1.116, data_time: 0.782, memory: 891, top1_acc: 0.3875, top5_acc: 0.8187, loss_cls: 27.0914, loss: 27.0914, grad_norm: 4.6525
2022-04-28 22:50:33,527 - mmaction - INFO - Evaluating top_k_accuracy ...
2022-04-28 22:50:33,528 - mmaction - INFO - 
top1_acc	0.3389
top5_acc	0.9389
2022-04-28 22:50:33,528 - mmaction - INFO - Evaluating mean_class_accuracy ...
2022-04-28 22:50:33,529 - mmaction - INFO - 
mean_acc	0.3389
2022-04-28 22:50:33,529 - mmaction - INFO - Epoch(val) [6][6]	top1_acc: 0.3389, top5_acc: 0.9389, mean_class_accuracy: 0.3389
2022-04-28 22:51:04,181 - mmaction - INFO - Epoch [7][5/25]	lr: 5.759e-01, eta: 0:34:00, time: 6.130, data_time: 5.983, memory: 891, top1_acc: 0.4188, top5_acc: 0.8625, loss_cls: 24.1221, loss: 24.1221, grad_norm: 4.3756
2022-04-28 22:51:07,286 - mmaction - INFO - Epoch [7][10/25]	lr: 5.744e-01, eta: 0:33:07, time: 0.621, data_time: 0.518, memory: 891, top1_acc: 0.3375, top5_acc: 0.8063, loss_cls: 26.1109, loss: 26.1109, grad_norm: 4.4277
2022-04-28 22:51:10,486 - mmaction - INFO - Epoch [7][15/25]	lr: 5.728e-01, eta: 0:32:18, time: 0.640, data_time: 0.524, memory: 891, top1_acc: 0.4000, top5_acc: 0.9125, loss_cls: 21.7295, loss: 21.7295, grad_norm: 4.3276
2022-04-28 22:51:13,560 - mmaction - INFO - Epoch [7][20/25]	lr: 5.711e-01, eta: 0:31:30, time: 0.615, data_time: 0.507, memory: 891, top1_acc: 0.4125, top5_acc: 0.8688, loss_cls: 17.3147, loss: 17.3147, grad_norm: 3.8618
2022-04-28 22:51:18,994 - mmaction - INFO - Epoch [7][25/25]	lr: 5.694e-01, eta: 0:30:59, time: 1.086, data_time: 1.008, memory: 891, top1_acc: 0.4062, top5_acc: 0.9000, loss_cls: 19.6698, loss: 19.6698, grad_norm: 4.0749
2022-04-28 22:51:51,980 - mmaction - INFO - Evaluating top_k_accuracy ...
2022-04-28 22:51:51,980 - mmaction - INFO - 
top1_acc	0.4778
top5_acc	1.0000
2022-04-28 22:51:51,980 - mmaction - INFO - Evaluating mean_class_accuracy ...
2022-04-28 22:51:51,981 - mmaction - INFO - 
mean_acc	0.4778
2022-04-28 22:51:51,982 - mmaction - INFO - The previous best checkpoint /home/yl/myposec3d/model_pth/exp8/linear10-T9A2/best_top1_acc_epoch_4.pth was removed
2022-04-28 22:51:52,006 - mmaction - INFO - Now best checkpoint is saved as best_top1_acc_epoch_7.pth.
2022-04-28 22:51:52,006 - mmaction - INFO - Best top1_acc is 0.4778 at 7 epoch.
2022-04-28 22:51:52,007 - mmaction - INFO - Epoch(val) [7][6]	top1_acc: 0.4778, top5_acc: 1.0000, mean_class_accuracy: 0.4778
2022-04-28 22:52:23,250 - mmaction - INFO - Epoch [8][5/25]	lr: 5.677e-01, eta: 0:32:56, time: 6.248, data_time: 6.192, memory: 891, top1_acc: 0.3812, top5_acc: 0.8875, loss_cls: 20.5536, loss: 20.5536, grad_norm: 4.4573
2022-04-28 22:52:26,667 - mmaction - INFO - Epoch [8][10/25]	lr: 5.659e-01, eta: 0:32:12, time: 0.684, data_time: 0.632, memory: 891, top1_acc: 0.3937, top5_acc: 0.8875, loss_cls: 19.2088, loss: 19.2088, grad_norm: 4.3881
2022-04-28 22:52:29,990 - mmaction - INFO - Epoch [8][15/25]	lr: 5.640e-01, eta: 0:31:29, time: 0.665, data_time: 0.614, memory: 891, top1_acc: 0.3500, top5_acc: 0.8313, loss_cls: 27.9933, loss: 27.9933, grad_norm: 4.7756
2022-04-28 22:52:33,248 - mmaction - INFO - Epoch [8][20/25]	lr: 5.621e-01, eta: 0:30:48, time: 0.651, data_time: 0.600, memory: 891, top1_acc: 0.4062, top5_acc: 0.8625, loss_cls: 19.8757, loss: 19.8757, grad_norm: 4.2823
2022-04-28 22:52:38,366 - mmaction - INFO - Epoch [8][25/25]	lr: 5.602e-01, eta: 0:30:19, time: 1.024, data_time: 0.973, memory: 891, top1_acc: 0.3937, top5_acc: 0.9125, loss_cls: 19.6794, loss: 19.6794, grad_norm: 4.1946
2022-04-28 22:53:10,570 - mmaction - INFO - Evaluating top_k_accuracy ...
2022-04-28 22:53:10,570 - mmaction - INFO - 
top1_acc	0.4722
top5_acc	0.7889
2022-04-28 22:53:10,570 - mmaction - INFO - Evaluating mean_class_accuracy ...
2022-04-28 22:53:10,571 - mmaction - INFO - 
mean_acc	0.4722
2022-04-28 22:53:10,571 - mmaction - INFO - Epoch(val) [8][6]	top1_acc: 0.4722, top5_acc: 0.7889, mean_class_accuracy: 0.4722
2022-04-28 22:53:41,852 - mmaction - INFO - Epoch [9][5/25]	lr: 5.582e-01, eta: 0:31:57, time: 6.256, data_time: 5.950, memory: 891, top1_acc: 0.3500, top5_acc: 0.8000, loss_cls: 28.1431, loss: 28.1431, grad_norm: 4.7130
2022-04-28 22:53:45,365 - mmaction - INFO - Epoch [9][10/25]	lr: 5.562e-01, eta: 0:31:19, time: 0.703, data_time: 0.426, memory: 891, top1_acc: 0.3500, top5_acc: 0.8688, loss_cls: 28.8979, loss: 28.8979, grad_norm: 4.9272
2022-04-28 22:53:48,342 - mmaction - INFO - Epoch [9][15/25]	lr: 5.541e-01, eta: 0:30:40, time: 0.595, data_time: 0.355, memory: 891, top1_acc: 0.3563, top5_acc: 0.8688, loss_cls: 26.6738, loss: 26.6738, grad_norm: 4.9775
2022-04-28 22:53:51,323 - mmaction - INFO - Epoch [9][20/25]	lr: 5.520e-01, eta: 0:30:02, time: 0.596, data_time: 0.369, memory: 891, top1_acc: 0.4375, top5_acc: 0.8938, loss_cls: 20.2808, loss: 20.2808, grad_norm: 4.2037
2022-04-28 22:53:56,611 - mmaction - INFO - Epoch [9][25/25]	lr: 5.499e-01, eta: 0:29:36, time: 1.058, data_time: 0.659, memory: 891, top1_acc: 0.3063, top5_acc: 0.8500, loss_cls: 27.6695, loss: 27.6695, grad_norm: 5.0190
2022-04-28 22:54:28,860 - mmaction - INFO - Evaluating top_k_accuracy ...
2022-04-28 22:54:28,860 - mmaction - INFO - 
top1_acc	0.5389
top5_acc	0.8833
2022-04-28 22:54:28,860 - mmaction - INFO - Evaluating mean_class_accuracy ...
2022-04-28 22:54:28,861 - mmaction - INFO - 
mean_acc	0.5389
2022-04-28 22:54:28,862 - mmaction - INFO - The previous best checkpoint /home/yl/myposec3d/model_pth/exp8/linear10-T9A2/best_top1_acc_epoch_7.pth was removed
2022-04-28 22:54:28,887 - mmaction - INFO - Now best checkpoint is saved as best_top1_acc_epoch_9.pth.
2022-04-28 22:54:28,887 - mmaction - INFO - Best top1_acc is 0.5389 at 9 epoch.
2022-04-28 22:54:28,887 - mmaction - INFO - Epoch(val) [9][6]	top1_acc: 0.5389, top5_acc: 0.8833, mean_class_accuracy: 0.5389
2022-04-28 22:54:59,672 - mmaction - INFO - Epoch [10][5/25]	lr: 5.477e-01, eta: 0:30:58, time: 6.156, data_time: 6.101, memory: 891, top1_acc: 0.3438, top5_acc: 0.8313, loss_cls: 34.6243, loss: 34.6243, grad_norm: 5.0490
2022-04-28 22:55:02,661 - mmaction - INFO - Epoch [10][10/25]	lr: 5.454e-01, eta: 0:30:21, time: 0.598, data_time: 0.547, memory: 891, top1_acc: 0.3438, top5_acc: 0.7562, loss_cls: 34.1796, loss: 34.1796, grad_norm: 4.6506
2022-04-28 22:55:05,782 - mmaction - INFO - Epoch [10][15/25]	lr: 5.432e-01, eta: 0:29:47, time: 0.624, data_time: 0.564, memory: 891, top1_acc: 0.3563, top5_acc: 0.9000, loss_cls: 25.4220, loss: 25.4220, grad_norm: 5.1843
2022-04-28 22:55:08,672 - mmaction - INFO - Epoch [10][20/25]	lr: 5.408e-01, eta: 0:29:12, time: 0.578, data_time: 0.529, memory: 891, top1_acc: 0.4750, top5_acc: 0.8375, loss_cls: 30.6664, loss: 30.6664, grad_norm: 4.2387
2022-04-28 22:55:14,162 - mmaction - INFO - Epoch [10][25/25]	lr: 5.385e-01, eta: 0:28:49, time: 1.098, data_time: 1.048, memory: 891, top1_acc: 0.4875, top5_acc: 0.8000, loss_cls: 27.7646, loss: 27.7646, grad_norm: 3.9908
2022-04-28 22:55:46,783 - mmaction - INFO - Evaluating top_k_accuracy ...
2022-04-28 22:55:46,783 - mmaction - INFO - 
top1_acc	0.3000
top5_acc	0.8722
2022-04-28 22:55:46,783 - mmaction - INFO - Evaluating mean_class_accuracy ...
2022-04-28 22:55:46,783 - mmaction - INFO - 
mean_acc	0.3000
2022-04-28 22:55:46,784 - mmaction - INFO - Epoch(val) [10][6]	top1_acc: 0.3000, top5_acc: 0.8722, mean_class_accuracy: 0.3000
2022-04-28 22:56:17,111 - mmaction - INFO - Epoch [11][5/25]	lr: 5.361e-01, eta: 0:29:59, time: 6.065, data_time: 5.959, memory: 891, top1_acc: 0.3625, top5_acc: 0.8750, loss_cls: 28.7475, loss: 28.7475, grad_norm: 4.8436
2022-04-28 22:56:20,259 - mmaction - INFO - Epoch [11][10/25]	lr: 5.336e-01, eta: 0:29:26, time: 0.630, data_time: 0.452, memory: 891, top1_acc: 0.3500, top5_acc: 0.9000, loss_cls: 22.3053, loss: 22.3053, grad_norm: 5.1231
2022-04-28 22:56:23,362 - mmaction - INFO - Epoch [11][15/25]	lr: 5.312e-01, eta: 0:28:55, time: 0.621, data_time: 0.434, memory: 891, top1_acc: 0.4062, top5_acc: 0.8812, loss_cls: 24.4129, loss: 24.4129, grad_norm: 4.1523
2022-04-28 22:56:26,374 - mmaction - INFO - Epoch [11][20/25]	lr: 5.286e-01, eta: 0:28:24, time: 0.602, data_time: 0.453, memory: 891, top1_acc: 0.3875, top5_acc: 0.9313, loss_cls: 22.9640, loss: 22.9640, grad_norm: 4.2040
2022-04-28 22:56:31,864 - mmaction - INFO - Epoch [11][25/25]	lr: 5.261e-01, eta: 0:28:02, time: 1.099, data_time: 0.843, memory: 891, top1_acc: 0.3375, top5_acc: 0.8750, loss_cls: 25.7289, loss: 25.7289, grad_norm: 4.6803
2022-04-28 22:57:04,092 - mmaction - INFO - Evaluating top_k_accuracy ...
2022-04-28 22:57:04,093 - mmaction - INFO - 
top1_acc	0.4000
top5_acc	0.8611
2022-04-28 22:57:04,093 - mmaction - INFO - Evaluating mean_class_accuracy ...
2022-04-28 22:57:04,093 - mmaction - INFO - 
mean_acc	0.4000
2022-04-28 22:57:04,093 - mmaction - INFO - Epoch(val) [11][6]	top1_acc: 0.4000, top5_acc: 0.8611, mean_class_accuracy: 0.4000
2022-04-28 22:57:34,756 - mmaction - INFO - Epoch [12][5/25]	lr: 5.235e-01, eta: 0:29:04, time: 6.132, data_time: 5.898, memory: 891, top1_acc: 0.4938, top5_acc: 0.9125, loss_cls: 19.6844, loss: 19.6844, grad_norm: 4.3826
2022-04-28 22:57:37,808 - mmaction - INFO - Epoch [12][10/25]	lr: 5.208e-01, eta: 0:28:34, time: 0.611, data_time: 0.453, memory: 891, top1_acc: 0.3750, top5_acc: 0.8938, loss_cls: 23.5219, loss: 23.5219, grad_norm: 4.7074
2022-04-28 22:57:40,818 - mmaction - INFO - Epoch [12][15/25]	lr: 5.182e-01, eta: 0:28:04, time: 0.602, data_time: 0.431, memory: 891, top1_acc: 0.3875, top5_acc: 0.8375, loss_cls: 28.1477, loss: 28.1477, grad_norm: 4.8060
2022-04-28 22:57:43,854 - mmaction - INFO - Epoch [12][20/25]	lr: 5.154e-01, eta: 0:27:36, time: 0.607, data_time: 0.415, memory: 891, top1_acc: 0.3563, top5_acc: 0.8562, loss_cls: 27.7467, loss: 27.7467, grad_norm: 4.8643
2022-04-28 22:57:49,005 - mmaction - INFO - Epoch [12][25/25]	lr: 5.127e-01, eta: 0:27:15, time: 1.030, data_time: 0.764, memory: 891, top1_acc: 0.4062, top5_acc: 0.8375, loss_cls: 28.9897, loss: 28.9897, grad_norm: 5.4468
2022-04-28 22:58:21,481 - mmaction - INFO - Evaluating top_k_accuracy ...
2022-04-28 22:58:21,481 - mmaction - INFO - 
top1_acc	0.4222
top5_acc	0.9889
2022-04-28 22:58:21,481 - mmaction - INFO - Evaluating mean_class_accuracy ...
2022-04-28 22:58:21,482 - mmaction - INFO - 
mean_acc	0.4222
2022-04-28 22:58:21,482 - mmaction - INFO - Epoch(val) [12][6]	top1_acc: 0.4222, top5_acc: 0.9889, mean_class_accuracy: 0.4222
2022-04-28 22:58:52,128 - mmaction - INFO - Epoch [13][5/25]	lr: 5.099e-01, eta: 0:28:09, time: 6.129, data_time: 5.856, memory: 891, top1_acc: 0.3688, top5_acc: 0.9250, loss_cls: 21.8936, loss: 21.8936, grad_norm: 4.5285
2022-04-28 22:58:55,218 - mmaction - INFO - Epoch [13][10/25]	lr: 5.071e-01, eta: 0:27:41, time: 0.618, data_time: 0.406, memory: 891, top1_acc: 0.5000, top5_acc: 0.9062, loss_cls: 18.3431, loss: 18.3431, grad_norm: 4.0018
2022-04-28 22:58:58,192 - mmaction - INFO - Epoch [13][15/25]	lr: 5.042e-01, eta: 0:27:14, time: 0.595, data_time: 0.415, memory: 891, top1_acc: 0.4688, top5_acc: 0.8812, loss_cls: 20.8641, loss: 20.8641, grad_norm: 3.7506
2022-04-28 22:59:01,308 - mmaction - INFO - Epoch [13][20/25]	lr: 5.013e-01, eta: 0:26:48, time: 0.623, data_time: 0.450, memory: 891, top1_acc: 0.4688, top5_acc: 0.9437, loss_cls: 14.2457, loss: 14.2457, grad_norm: 3.4580
2022-04-28 22:59:06,772 - mmaction - INFO - Epoch [13][25/25]	lr: 4.984e-01, eta: 0:26:29, time: 1.093, data_time: 0.739, memory: 891, top1_acc: 0.4562, top5_acc: 0.9125, loss_cls: 20.0719, loss: 20.0719, grad_norm: 4.1759
2022-04-28 22:59:39,417 - mmaction - INFO - Evaluating top_k_accuracy ...
2022-04-28 22:59:39,418 - mmaction - INFO - 
top1_acc	0.5389
top5_acc	0.8722
2022-04-28 22:59:39,418 - mmaction - INFO - Evaluating mean_class_accuracy ...
2022-04-28 22:59:39,418 - mmaction - INFO - 
mean_acc	0.5389
2022-04-28 22:59:39,418 - mmaction - INFO - Epoch(val) [13][6]	top1_acc: 0.5389, top5_acc: 0.8722, mean_class_accuracy: 0.5389
2022-04-28 23:00:10,294 - mmaction - INFO - Epoch [14][5/25]	lr: 4.954e-01, eta: 0:27:18, time: 6.175, data_time: 5.773, memory: 891, top1_acc: 0.4562, top5_acc: 0.8875, loss_cls: 20.4047, loss: 20.4047, grad_norm: 3.9562
2022-04-28 23:00:13,433 - mmaction - INFO - Epoch [14][10/25]	lr: 4.924e-01, eta: 0:26:52, time: 0.628, data_time: 0.357, memory: 891, top1_acc: 0.4000, top5_acc: 0.8938, loss_cls: 20.9936, loss: 20.9936, grad_norm: 4.6437
2022-04-28 23:00:16,355 - mmaction - INFO - Epoch [14][15/25]	lr: 4.894e-01, eta: 0:26:26, time: 0.584, data_time: 0.333, memory: 891, top1_acc: 0.4000, top5_acc: 0.9250, loss_cls: 18.3540, loss: 18.3540, grad_norm: 4.1724
2022-04-28 23:00:19,304 - mmaction - INFO - Epoch [14][20/25]	lr: 4.863e-01, eta: 0:26:02, time: 0.590, data_time: 0.318, memory: 891, top1_acc: 0.4500, top5_acc: 0.9000, loss_cls: 18.5558, loss: 18.5558, grad_norm: 4.3585
2022-04-28 23:00:24,959 - mmaction - INFO - Epoch [14][25/25]	lr: 4.833e-01, eta: 0:25:44, time: 1.131, data_time: 0.629, memory: 891, top1_acc: 0.4250, top5_acc: 0.8562, loss_cls: 26.1405, loss: 26.1405, grad_norm: 4.5106
2022-04-28 23:00:57,781 - mmaction - INFO - Evaluating top_k_accuracy ...
2022-04-28 23:00:57,782 - mmaction - INFO - 
top1_acc	0.5389
top5_acc	0.9278
2022-04-28 23:00:57,782 - mmaction - INFO - Evaluating mean_class_accuracy ...
2022-04-28 23:00:57,783 - mmaction - INFO - 
mean_acc	0.5389
2022-04-28 23:00:57,783 - mmaction - INFO - Epoch(val) [14][6]	top1_acc: 0.5389, top5_acc: 0.9278, mean_class_accuracy: 0.5389
2022-04-28 23:01:28,218 - mmaction - INFO - Epoch [15][5/25]	lr: 4.801e-01, eta: 0:26:26, time: 6.086, data_time: 5.953, memory: 891, top1_acc: 0.4313, top5_acc: 0.9000, loss_cls: 22.2891, loss: 22.2891, grad_norm: 4.5502
2022-04-28 23:01:31,198 - mmaction - INFO - Epoch [15][10/25]	lr: 4.770e-01, eta: 0:26:01, time: 0.596, data_time: 0.498, memory: 891, top1_acc: 0.5062, top5_acc: 0.9125, loss_cls: 17.1894, loss: 17.1894, grad_norm: 3.7008
2022-04-28 23:01:34,305 - mmaction - INFO - Epoch [15][15/25]	lr: 4.738e-01, eta: 0:25:38, time: 0.621, data_time: 0.486, memory: 891, top1_acc: 0.5375, top5_acc: 0.9500, loss_cls: 12.9620, loss: 12.9620, grad_norm: 3.5286
2022-04-28 23:01:37,386 - mmaction - INFO - Epoch [15][20/25]	lr: 4.706e-01, eta: 0:25:15, time: 0.616, data_time: 0.531, memory: 891, top1_acc: 0.4750, top5_acc: 0.9250, loss_cls: 17.6866, loss: 17.6866, grad_norm: 3.9579
2022-04-28 23:01:42,618 - mmaction - INFO - Epoch [15][25/25]	lr: 4.673e-01, eta: 0:24:57, time: 1.047, data_time: 0.920, memory: 891, top1_acc: 0.4688, top5_acc: 0.8812, loss_cls: 20.7207, loss: 20.7207, grad_norm: 4.2394
2022-04-28 23:02:14,771 - mmaction - INFO - Evaluating top_k_accuracy ...
2022-04-28 23:02:14,774 - mmaction - INFO - 
top1_acc	0.4556
top5_acc	0.9389
2022-04-28 23:02:14,774 - mmaction - INFO - Evaluating mean_class_accuracy ...
2022-04-28 23:02:14,774 - mmaction - INFO - 
mean_acc	0.4556
2022-04-28 23:02:14,774 - mmaction - INFO - Epoch(val) [15][6]	top1_acc: 0.4556, top5_acc: 0.9389, mean_class_accuracy: 0.4556
2022-04-28 23:02:45,744 - mmaction - INFO - Epoch [16][5/25]	lr: 4.640e-01, eta: 0:25:35, time: 6.193, data_time: 6.008, memory: 891, top1_acc: 0.2812, top5_acc: 0.9375, loss_cls: 25.1643, loss: 25.1643, grad_norm: 5.6717
2022-04-28 23:02:48,985 - mmaction - INFO - Epoch [16][10/25]	lr: 4.607e-01, eta: 0:25:13, time: 0.648, data_time: 0.434, memory: 891, top1_acc: 0.4562, top5_acc: 0.8313, loss_cls: 26.8172, loss: 26.8172, grad_norm: 4.3396
2022-04-28 23:02:52,241 - mmaction - INFO - Epoch [16][15/25]	lr: 4.574e-01, eta: 0:24:51, time: 0.651, data_time: 0.432, memory: 891, top1_acc: 0.4000, top5_acc: 0.8313, loss_cls: 26.3823, loss: 26.3823, grad_norm: 4.4928
2022-04-28 23:02:55,476 - mmaction - INFO - Epoch [16][20/25]	lr: 4.541e-01, eta: 0:24:30, time: 0.647, data_time: 0.409, memory: 891, top1_acc: 0.4000, top5_acc: 0.8438, loss_cls: 25.8371, loss: 25.8371, grad_norm: 4.7625
2022-04-28 23:03:00,223 - mmaction - INFO - Epoch [16][25/25]	lr: 4.507e-01, eta: 0:24:12, time: 0.949, data_time: 0.702, memory: 891, top1_acc: 0.4750, top5_acc: 0.9313, loss_cls: 18.0486, loss: 18.0486, grad_norm: 3.9305
2022-04-28 23:03:32,803 - mmaction - INFO - Evaluating top_k_accuracy ...
2022-04-28 23:03:32,804 - mmaction - INFO - 
top1_acc	0.6389
top5_acc	0.9556
2022-04-28 23:03:32,804 - mmaction - INFO - Evaluating mean_class_accuracy ...
2022-04-28 23:03:32,804 - mmaction - INFO - 
mean_acc	0.6389
2022-04-28 23:03:32,805 - mmaction - INFO - The previous best checkpoint /home/yl/myposec3d/model_pth/exp8/linear10-T9A2/best_top1_acc_epoch_9.pth was removed
2022-04-28 23:03:32,835 - mmaction - INFO - Now best checkpoint is saved as best_top1_acc_epoch_16.pth.
2022-04-28 23:03:32,835 - mmaction - INFO - Best top1_acc is 0.6389 at 16 epoch.
2022-04-28 23:03:32,835 - mmaction - INFO - Epoch(val) [16][6]	top1_acc: 0.6389, top5_acc: 0.9556, mean_class_accuracy: 0.6389
2022-04-28 23:04:03,216 - mmaction - INFO - Epoch [17][5/25]	lr: 4.473e-01, eta: 0:24:45, time: 6.075, data_time: 5.948, memory: 891, top1_acc: 0.4750, top5_acc: 0.8625, loss_cls: 19.8042, loss: 19.8042, grad_norm: 4.2621
2022-04-28 23:04:06,271 - mmaction - INFO - Epoch [17][10/25]	lr: 4.438e-01, eta: 0:24:23, time: 0.611, data_time: 0.517, memory: 891, top1_acc: 0.5250, top5_acc: 0.8750, loss_cls: 17.4728, loss: 17.4728, grad_norm: 3.7937
2022-04-28 23:04:09,231 - mmaction - INFO - Epoch [17][15/25]	lr: 4.404e-01, eta: 0:24:02, time: 0.592, data_time: 0.506, memory: 891, top1_acc: 0.5188, top5_acc: 0.9125, loss_cls: 15.2657, loss: 15.2657, grad_norm: 4.2792
2022-04-28 23:04:12,235 - mmaction - INFO - Epoch [17][20/25]	lr: 4.369e-01, eta: 0:23:41, time: 0.601, data_time: 0.517, memory: 891, top1_acc: 0.4625, top5_acc: 0.8938, loss_cls: 20.4277, loss: 20.4277, grad_norm: 3.6103
2022-04-28 23:04:17,812 - mmaction - INFO - Epoch [17][25/25]	lr: 4.334e-01, eta: 0:23:26, time: 1.115, data_time: 1.036, memory: 891, top1_acc: 0.4188, top5_acc: 0.8938, loss_cls: 21.3078, loss: 21.3078, grad_norm: 4.2747
2022-04-28 23:04:50,165 - mmaction - INFO - Evaluating top_k_accuracy ...
2022-04-28 23:04:50,165 - mmaction - INFO - 
top1_acc	0.5778
top5_acc	0.9389
2022-04-28 23:04:50,165 - mmaction - INFO - Evaluating mean_class_accuracy ...
2022-04-28 23:04:50,165 - mmaction - INFO - 
mean_acc	0.5778
2022-04-28 23:04:50,166 - mmaction - INFO - Epoch(val) [17][6]	top1_acc: 0.5778, top5_acc: 0.9389, mean_class_accuracy: 0.5778
2022-04-28 23:05:20,604 - mmaction - INFO - Epoch [18][5/25]	lr: 4.299e-01, eta: 0:23:55, time: 6.087, data_time: 5.993, memory: 891, top1_acc: 0.4125, top5_acc: 0.8938, loss_cls: 16.4387, loss: 16.4387, grad_norm: 4.3014
2022-04-28 23:05:23,674 - mmaction - INFO - Epoch [18][10/25]	lr: 4.263e-01, eta: 0:23:35, time: 0.614, data_time: 0.527, memory: 891, top1_acc: 0.4125, top5_acc: 0.8812, loss_cls: 18.7180, loss: 18.7180, grad_norm: 4.0099
2022-04-28 23:05:26,650 - mmaction - INFO - Epoch [18][15/25]	lr: 4.227e-01, eta: 0:23:15, time: 0.595, data_time: 0.541, memory: 891, top1_acc: 0.5375, top5_acc: 0.9187, loss_cls: 13.6361, loss: 13.6361, grad_norm: 3.7018
2022-04-28 23:05:29,872 - mmaction - INFO - Epoch [18][20/25]	lr: 4.191e-01, eta: 0:22:55, time: 0.645, data_time: 0.594, memory: 891, top1_acc: 0.4375, top5_acc: 0.9125, loss_cls: 17.1083, loss: 17.1083, grad_norm: 4.2558
2022-04-28 23:05:35,424 - mmaction - INFO - Epoch [18][25/25]	lr: 4.155e-01, eta: 0:22:40, time: 1.110, data_time: 1.057, memory: 891, top1_acc: 0.5062, top5_acc: 0.8562, loss_cls: 19.3851, loss: 19.3851, grad_norm: 3.8631
2022-04-28 23:06:07,695 - mmaction - INFO - Evaluating top_k_accuracy ...
2022-04-28 23:06:07,695 - mmaction - INFO - 
top1_acc	0.5556
top5_acc	0.9444
2022-04-28 23:06:07,695 - mmaction - INFO - Evaluating mean_class_accuracy ...
2022-04-28 23:06:07,696 - mmaction - INFO - 
mean_acc	0.5556
2022-04-28 23:06:07,696 - mmaction - INFO - Epoch(val) [18][6]	top1_acc: 0.5556, top5_acc: 0.9444, mean_class_accuracy: 0.5556
2022-04-28 23:06:38,224 - mmaction - INFO - Epoch [19][5/25]	lr: 4.119e-01, eta: 0:23:06, time: 6.105, data_time: 6.029, memory: 891, top1_acc: 0.4500, top5_acc: 0.9250, loss_cls: 14.0632, loss: 14.0632, grad_norm: 4.2518
2022-04-28 23:06:41,291 - mmaction - INFO - Epoch [19][10/25]	lr: 4.082e-01, eta: 0:22:47, time: 0.613, data_time: 0.546, memory: 891, top1_acc: 0.5500, top5_acc: 0.9250, loss_cls: 15.6657, loss: 15.6657, grad_norm: 3.8207
2022-04-28 23:06:44,406 - mmaction - INFO - Epoch [19][15/25]	lr: 4.046e-01, eta: 0:22:28, time: 0.623, data_time: 0.567, memory: 891, top1_acc: 0.5062, top5_acc: 0.9437, loss_cls: 10.0714, loss: 10.0714, grad_norm: 3.4449
2022-04-28 23:06:47,423 - mmaction - INFO - Epoch [19][20/25]	lr: 4.009e-01, eta: 0:22:09, time: 0.604, data_time: 0.543, memory: 891, top1_acc: 0.5188, top5_acc: 0.9000, loss_cls: 13.9343, loss: 13.9343, grad_norm: 3.3319
2022-04-28 23:06:52,877 - mmaction - INFO - Epoch [19][25/25]	lr: 3.972e-01, eta: 0:21:55, time: 1.091, data_time: 1.032, memory: 891, top1_acc: 0.4938, top5_acc: 0.9187, loss_cls: 15.4091, loss: 15.4091, grad_norm: 3.8558
2022-04-28 23:07:25,198 - mmaction - INFO - Evaluating top_k_accuracy ...
2022-04-28 23:07:25,198 - mmaction - INFO - 
top1_acc	0.6500
top5_acc	0.9889
2022-04-28 23:07:25,198 - mmaction - INFO - Evaluating mean_class_accuracy ...
2022-04-28 23:07:25,199 - mmaction - INFO - 
mean_acc	0.6500
2022-04-28 23:07:25,200 - mmaction - INFO - The previous best checkpoint /home/yl/myposec3d/model_pth/exp8/linear10-T9A2/best_top1_acc_epoch_16.pth was removed
2022-04-28 23:07:25,224 - mmaction - INFO - Now best checkpoint is saved as best_top1_acc_epoch_19.pth.
2022-04-28 23:07:25,225 - mmaction - INFO - Best top1_acc is 0.6500 at 19 epoch.
2022-04-28 23:07:25,225 - mmaction - INFO - Epoch(val) [19][6]	top1_acc: 0.6500, top5_acc: 0.9889, mean_class_accuracy: 0.6500
2022-04-28 23:07:55,697 - mmaction - INFO - Epoch [20][5/25]	lr: 3.935e-01, eta: 0:22:18, time: 6.094, data_time: 5.958, memory: 891, top1_acc: 0.5062, top5_acc: 0.9750, loss_cls: 10.4886, loss: 10.4886, grad_norm: 3.2140
2022-04-28 23:07:58,768 - mmaction - INFO - Epoch [20][10/25]	lr: 3.897e-01, eta: 0:21:59, time: 0.614, data_time: 0.511, memory: 891, top1_acc: 0.4375, top5_acc: 0.9563, loss_cls: 13.9524, loss: 13.9524, grad_norm: 4.2478
2022-04-28 23:08:01,865 - mmaction - INFO - Epoch [20][15/25]	lr: 3.860e-01, eta: 0:21:41, time: 0.620, data_time: 0.549, memory: 891, top1_acc: 0.5813, top5_acc: 0.9437, loss_cls: 11.3605, loss: 11.3605, grad_norm: 3.2952
2022-04-28 23:08:04,963 - mmaction - INFO - Epoch [20][20/25]	lr: 3.822e-01, eta: 0:21:23, time: 0.620, data_time: 0.561, memory: 891, top1_acc: 0.4813, top5_acc: 0.9437, loss_cls: 14.4283, loss: 14.4283, grad_norm: 3.6831
2022-04-28 23:08:10,487 - mmaction - INFO - Epoch [20][25/25]	lr: 3.784e-01, eta: 0:21:09, time: 1.105, data_time: 1.046, memory: 891, top1_acc: 0.5437, top5_acc: 0.9313, loss_cls: 12.4183, loss: 12.4183, grad_norm: 3.4619
2022-04-28 23:08:42,819 - mmaction - INFO - Evaluating top_k_accuracy ...
2022-04-28 23:08:42,819 - mmaction - INFO - 
top1_acc	0.4667
top5_acc	0.9278
2022-04-28 23:08:42,819 - mmaction - INFO - Evaluating mean_class_accuracy ...
2022-04-28 23:08:42,820 - mmaction - INFO - 
mean_acc	0.4667
2022-04-28 23:08:42,820 - mmaction - INFO - Epoch(val) [20][6]	top1_acc: 0.4667, top5_acc: 0.9278, mean_class_accuracy: 0.4667
2022-04-28 23:09:13,507 - mmaction - INFO - Epoch [21][5/25]	lr: 3.746e-01, eta: 0:21:30, time: 6.136, data_time: 5.856, memory: 891, top1_acc: 0.4500, top5_acc: 0.8562, loss_cls: 19.5964, loss: 19.5964, grad_norm: 4.6368
2022-04-28 23:09:16,740 - mmaction - INFO - Epoch [21][10/25]	lr: 3.708e-01, eta: 0:21:12, time: 0.647, data_time: 0.426, memory: 891, top1_acc: 0.5000, top5_acc: 0.9125, loss_cls: 15.9623, loss: 15.9623, grad_norm: 4.1611
2022-04-28 23:09:19,656 - mmaction - INFO - Epoch [21][15/25]	lr: 3.670e-01, eta: 0:20:55, time: 0.583, data_time: 0.392, memory: 891, top1_acc: 0.4625, top5_acc: 0.9375, loss_cls: 13.8177, loss: 13.8177, grad_norm: 3.8153
2022-04-28 23:09:22,742 - mmaction - INFO - Epoch [21][20/25]	lr: 3.631e-01, eta: 0:20:38, time: 0.617, data_time: 0.416, memory: 891, top1_acc: 0.3875, top5_acc: 0.8750, loss_cls: 19.8561, loss: 19.8561, grad_norm: 4.5974
2022-04-28 23:09:28,250 - mmaction - INFO - Epoch [21][25/25]	lr: 3.593e-01, eta: 0:20:24, time: 1.102, data_time: 0.758, memory: 891, top1_acc: 0.4375, top5_acc: 0.9125, loss_cls: 16.9681, loss: 16.9681, grad_norm: 4.1845
2022-04-28 23:10:00,361 - mmaction - INFO - Evaluating top_k_accuracy ...
2022-04-28 23:10:00,362 - mmaction - INFO - 
top1_acc	0.5056
top5_acc	0.8778
2022-04-28 23:10:00,362 - mmaction - INFO - Evaluating mean_class_accuracy ...
2022-04-28 23:10:00,362 - mmaction - INFO - 
mean_acc	0.5056
2022-04-28 23:10:00,362 - mmaction - INFO - Epoch(val) [21][6]	top1_acc: 0.5056, top5_acc: 0.8778, mean_class_accuracy: 0.5056
2022-04-28 23:10:31,082 - mmaction - INFO - Epoch [22][5/25]	lr: 3.554e-01, eta: 0:20:42, time: 6.143, data_time: 5.857, memory: 891, top1_acc: 0.4562, top5_acc: 0.9125, loss_cls: 16.3873, loss: 16.3873, grad_norm: 4.4637
2022-04-28 23:10:34,188 - mmaction - INFO - Epoch [22][10/25]	lr: 3.516e-01, eta: 0:20:25, time: 0.622, data_time: 0.420, memory: 891, top1_acc: 0.4313, top5_acc: 0.8812, loss_cls: 18.4440, loss: 18.4440, grad_norm: 4.5855
2022-04-28 23:10:37,418 - mmaction - INFO - Epoch [22][15/25]	lr: 3.477e-01, eta: 0:20:09, time: 0.646, data_time: 0.429, memory: 891, top1_acc: 0.4625, top5_acc: 0.9187, loss_cls: 14.8523, loss: 14.8523, grad_norm: 4.0444
2022-04-28 23:10:40,511 - mmaction - INFO - Epoch [22][20/25]	lr: 3.438e-01, eta: 0:19:52, time: 0.619, data_time: 0.476, memory: 891, top1_acc: 0.5000, top5_acc: 0.9187, loss_cls: 13.1175, loss: 13.1175, grad_norm: 4.3234
2022-04-28 23:10:45,633 - mmaction - INFO - Epoch [22][25/25]	lr: 3.399e-01, eta: 0:19:39, time: 1.024, data_time: 0.886, memory: 891, top1_acc: 0.5375, top5_acc: 0.9313, loss_cls: 12.1035, loss: 12.1035, grad_norm: 3.5455
2022-04-28 23:11:18,138 - mmaction - INFO - Evaluating top_k_accuracy ...
2022-04-28 23:11:18,139 - mmaction - INFO - 
top1_acc	0.6333
top5_acc	0.9111
2022-04-28 23:11:18,139 - mmaction - INFO - Evaluating mean_class_accuracy ...
2022-04-28 23:11:18,139 - mmaction - INFO - 
mean_acc	0.6333
2022-04-28 23:11:18,139 - mmaction - INFO - Epoch(val) [22][6]	top1_acc: 0.6333, top5_acc: 0.9111, mean_class_accuracy: 0.6333
2022-04-28 23:11:49,088 - mmaction - INFO - Epoch [23][5/25]	lr: 3.360e-01, eta: 0:19:55, time: 6.189, data_time: 6.130, memory: 891, top1_acc: 0.4500, top5_acc: 0.9062, loss_cls: 14.7999, loss: 14.7999, grad_norm: 4.1168
2022-04-28 23:11:52,082 - mmaction - INFO - Epoch [23][10/25]	lr: 3.321e-01, eta: 0:19:38, time: 0.599, data_time: 0.537, memory: 891, top1_acc: 0.4813, top5_acc: 0.9313, loss_cls: 14.7358, loss: 14.7358, grad_norm: 3.8106
2022-04-28 23:11:55,151 - mmaction - INFO - Epoch [23][15/25]	lr: 3.282e-01, eta: 0:19:22, time: 0.614, data_time: 0.562, memory: 891, top1_acc: 0.5125, top5_acc: 0.9187, loss_cls: 13.2924, loss: 13.2924, grad_norm: 3.8603
2022-04-28 23:11:58,151 - mmaction - INFO - Epoch [23][20/25]	lr: 3.243e-01, eta: 0:19:06, time: 0.600, data_time: 0.545, memory: 891, top1_acc: 0.5312, top5_acc: 0.9313, loss_cls: 15.5714, loss: 15.5714, grad_norm: 3.5729
2022-04-28 23:12:03,500 - mmaction - INFO - Epoch [23][25/25]	lr: 3.204e-01, eta: 0:18:53, time: 1.070, data_time: 1.008, memory: 891, top1_acc: 0.4875, top5_acc: 0.9187, loss_cls: 15.5132, loss: 15.5132, grad_norm: 3.8008
2022-04-28 23:12:36,058 - mmaction - INFO - Evaluating top_k_accuracy ...
2022-04-28 23:12:36,059 - mmaction - INFO - 
top1_acc	0.6444
top5_acc	0.9444
2022-04-28 23:12:36,059 - mmaction - INFO - Evaluating mean_class_accuracy ...
2022-04-28 23:12:36,060 - mmaction - INFO - 
mean_acc	0.6444
2022-04-28 23:12:36,060 - mmaction - INFO - Epoch(val) [23][6]	top1_acc: 0.6444, top5_acc: 0.9444, mean_class_accuracy: 0.6444
2022-04-28 23:13:08,002 - mmaction - INFO - Epoch [24][5/25]	lr: 3.165e-01, eta: 0:19:09, time: 6.387, data_time: 5.672, memory: 891, top1_acc: 0.4375, top5_acc: 0.9187, loss_cls: 17.2521, loss: 17.2521, grad_norm: 4.4983
2022-04-28 23:13:11,035 - mmaction - INFO - Epoch [24][10/25]	lr: 3.126e-01, eta: 0:18:53, time: 0.607, data_time: 0.195, memory: 891, top1_acc: 0.5125, top5_acc: 0.9437, loss_cls: 12.3639, loss: 12.3639, grad_norm: 4.0264
2022-04-28 23:13:14,016 - mmaction - INFO - Epoch [24][15/25]	lr: 3.086e-01, eta: 0:18:37, time: 0.596, data_time: 0.163, memory: 891, top1_acc: 0.4875, top5_acc: 0.9313, loss_cls: 13.3756, loss: 13.3756, grad_norm: 4.0690
2022-04-28 23:13:17,040 - mmaction - INFO - Epoch [24][20/25]	lr: 3.047e-01, eta: 0:18:22, time: 0.605, data_time: 0.170, memory: 891, top1_acc: 0.5687, top5_acc: 0.9500, loss_cls: 9.6493, loss: 9.6493, grad_norm: 3.1639
2022-04-28 23:13:22,484 - mmaction - INFO - Epoch [24][25/25]	lr: 3.008e-01, eta: 0:18:09, time: 1.089, data_time: 0.266, memory: 891, top1_acc: 0.5000, top5_acc: 0.9062, loss_cls: 15.7504, loss: 15.7504, grad_norm: 3.6146
2022-04-28 23:13:55,183 - mmaction - INFO - Evaluating top_k_accuracy ...
2022-04-28 23:13:55,184 - mmaction - INFO - 
top1_acc	0.6278
top5_acc	0.9944
2022-04-28 23:13:55,184 - mmaction - INFO - Evaluating mean_class_accuracy ...
2022-04-28 23:13:55,184 - mmaction - INFO - 
mean_acc	0.6278
2022-04-28 23:13:55,185 - mmaction - INFO - Epoch(val) [24][6]	top1_acc: 0.6278, top5_acc: 0.9944, mean_class_accuracy: 0.6278
2022-04-28 23:14:25,797 - mmaction - INFO - Epoch [25][5/25]	lr: 2.969e-01, eta: 0:18:21, time: 6.119, data_time: 6.063, memory: 891, top1_acc: 0.5375, top5_acc: 0.9500, loss_cls: 13.6935, loss: 13.6935, grad_norm: 3.9959
2022-04-28 23:14:28,818 - mmaction - INFO - Epoch [25][10/25]	lr: 2.929e-01, eta: 0:18:06, time: 0.607, data_time: 0.552, memory: 891, top1_acc: 0.4875, top5_acc: 0.9750, loss_cls: 9.8428, loss: 9.8428, grad_norm: 3.7292
2022-04-28 23:14:31,854 - mmaction - INFO - Epoch [25][15/25]	lr: 2.890e-01, eta: 0:17:51, time: 0.607, data_time: 0.558, memory: 891, top1_acc: 0.5000, top5_acc: 0.9250, loss_cls: 13.1998, loss: 13.1998, grad_norm: 3.9995
2022-04-28 23:14:34,898 - mmaction - INFO - Epoch [25][20/25]	lr: 2.851e-01, eta: 0:17:36, time: 0.609, data_time: 0.560, memory: 891, top1_acc: 0.4750, top5_acc: 0.9187, loss_cls: 13.8053, loss: 13.8053, grad_norm: 3.8310
2022-04-28 23:14:40,459 - mmaction - INFO - Epoch [25][25/25]	lr: 2.812e-01, eta: 0:17:23, time: 1.112, data_time: 1.062, memory: 891, top1_acc: 0.4813, top5_acc: 0.9062, loss_cls: 14.2251, loss: 14.2251, grad_norm: 3.6093
2022-04-28 23:15:12,370 - mmaction - INFO - Evaluating top_k_accuracy ...
2022-04-28 23:15:12,370 - mmaction - INFO - 
top1_acc	0.5500
top5_acc	0.9222
2022-04-28 23:15:12,370 - mmaction - INFO - Evaluating mean_class_accuracy ...
2022-04-28 23:15:12,371 - mmaction - INFO - 
mean_acc	0.5500
2022-04-28 23:15:12,371 - mmaction - INFO - Epoch(val) [25][6]	top1_acc: 0.5500, top5_acc: 0.9222, mean_class_accuracy: 0.5500
2022-04-28 23:15:43,778 - mmaction - INFO - Epoch [26][5/25]	lr: 2.772e-01, eta: 0:17:35, time: 6.281, data_time: 6.227, memory: 891, top1_acc: 0.4813, top5_acc: 0.9000, loss_cls: 17.1800, loss: 17.1800, grad_norm: 4.1781
2022-04-28 23:15:46,763 - mmaction - INFO - Epoch [26][10/25]	lr: 2.733e-01, eta: 0:17:20, time: 0.597, data_time: 0.523, memory: 891, top1_acc: 0.4313, top5_acc: 0.8750, loss_cls: 17.8828, loss: 17.8828, grad_norm: 4.6702
2022-04-28 23:15:49,752 - mmaction - INFO - Epoch [26][15/25]	lr: 2.694e-01, eta: 0:17:05, time: 0.598, data_time: 0.534, memory: 891, top1_acc: 0.5437, top5_acc: 0.9375, loss_cls: 12.0018, loss: 12.0018, grad_norm: 3.7149
2022-04-28 23:15:52,674 - mmaction - INFO - Epoch [26][20/25]	lr: 2.655e-01, eta: 0:16:51, time: 0.584, data_time: 0.522, memory: 891, top1_acc: 0.4375, top5_acc: 0.9062, loss_cls: 12.8356, loss: 12.8356, grad_norm: 4.2372
2022-04-28 23:15:58,231 - mmaction - INFO - Epoch [26][25/25]	lr: 2.616e-01, eta: 0:16:38, time: 1.111, data_time: 1.061, memory: 891, top1_acc: 0.5563, top5_acc: 0.9625, loss_cls: 9.7868, loss: 9.7868, grad_norm: 3.3182
2022-04-28 23:16:31,314 - mmaction - INFO - Evaluating top_k_accuracy ...
2022-04-28 23:16:31,315 - mmaction - INFO - 
top1_acc	0.7389
top5_acc	0.9611
2022-04-28 23:16:31,315 - mmaction - INFO - Evaluating mean_class_accuracy ...
2022-04-28 23:16:31,316 - mmaction - INFO - 
mean_acc	0.7389
2022-04-28 23:16:31,318 - mmaction - INFO - The previous best checkpoint /home/yl/myposec3d/model_pth/exp8/linear10-T9A2/best_top1_acc_epoch_19.pth was removed
2022-04-28 23:16:31,347 - mmaction - INFO - Now best checkpoint is saved as best_top1_acc_epoch_26.pth.
2022-04-28 23:16:31,347 - mmaction - INFO - Best top1_acc is 0.7389 at 26 epoch.
2022-04-28 23:16:31,348 - mmaction - INFO - Epoch(val) [26][6]	top1_acc: 0.7389, top5_acc: 0.9611, mean_class_accuracy: 0.7389
2022-04-28 23:17:01,977 - mmaction - INFO - Epoch [27][5/25]	lr: 2.577e-01, eta: 0:16:47, time: 6.125, data_time: 5.857, memory: 891, top1_acc: 0.5312, top5_acc: 0.9750, loss_cls: 9.3960, loss: 9.3960, grad_norm: 3.3762
2022-04-28 23:17:05,104 - mmaction - INFO - Epoch [27][10/25]	lr: 2.538e-01, eta: 0:16:33, time: 0.625, data_time: 0.409, memory: 891, top1_acc: 0.6375, top5_acc: 0.9750, loss_cls: 8.1257, loss: 8.1257, grad_norm: 2.9483
2022-04-28 23:17:08,142 - mmaction - INFO - Epoch [27][15/25]	lr: 2.500e-01, eta: 0:16:19, time: 0.608, data_time: 0.407, memory: 891, top1_acc: 0.4750, top5_acc: 0.9125, loss_cls: 11.2509, loss: 11.2509, grad_norm: 3.5474
2022-04-28 23:17:11,131 - mmaction - INFO - Epoch [27][20/25]	lr: 2.461e-01, eta: 0:16:05, time: 0.598, data_time: 0.396, memory: 891, top1_acc: 0.5250, top5_acc: 0.9500, loss_cls: 9.7991, loss: 9.7991, grad_norm: 3.2777
2022-04-28 23:17:16,563 - mmaction - INFO - Epoch [27][25/25]	lr: 2.422e-01, eta: 0:15:53, time: 1.087, data_time: 0.680, memory: 891, top1_acc: 0.6813, top5_acc: 0.9812, loss_cls: 6.2208, loss: 6.2208, grad_norm: 2.5970
2022-04-28 23:17:49,061 - mmaction - INFO - Evaluating top_k_accuracy ...
2022-04-28 23:17:49,062 - mmaction - INFO - 
top1_acc	0.5722
top5_acc	0.9444
2022-04-28 23:17:49,062 - mmaction - INFO - Evaluating mean_class_accuracy ...
2022-04-28 23:17:49,062 - mmaction - INFO - 
mean_acc	0.5722
2022-04-28 23:17:49,062 - mmaction - INFO - Epoch(val) [27][6]	top1_acc: 0.5722, top5_acc: 0.9444, mean_class_accuracy: 0.5722
2022-04-28 23:18:19,248 - mmaction - INFO - Epoch [28][5/25]	lr: 2.384e-01, eta: 0:16:00, time: 6.037, data_time: 5.982, memory: 891, top1_acc: 0.5188, top5_acc: 0.9625, loss_cls: 10.2569, loss: 10.2569, grad_norm: 3.8409
2022-04-28 23:18:22,319 - mmaction - INFO - Epoch [28][10/25]	lr: 2.346e-01, eta: 0:15:46, time: 0.614, data_time: 0.562, memory: 891, top1_acc: 0.5938, top5_acc: 0.9563, loss_cls: 8.8659, loss: 8.8659, grad_norm: 3.6774
2022-04-28 23:18:25,357 - mmaction - INFO - Epoch [28][15/25]	lr: 2.307e-01, eta: 0:15:32, time: 0.607, data_time: 0.548, memory: 891, top1_acc: 0.6125, top5_acc: 0.9625, loss_cls: 9.7969, loss: 9.7969, grad_norm: 3.2551
2022-04-28 23:18:28,626 - mmaction - INFO - Epoch [28][20/25]	lr: 2.269e-01, eta: 0:15:19, time: 0.654, data_time: 0.601, memory: 891, top1_acc: 0.5188, top5_acc: 0.9625, loss_cls: 8.8150, loss: 8.8150, grad_norm: 3.6139
2022-04-28 23:18:33,620 - mmaction - INFO - Epoch [28][25/25]	lr: 2.231e-01, eta: 0:15:07, time: 0.999, data_time: 0.949, memory: 891, top1_acc: 0.5437, top5_acc: 0.9688, loss_cls: 9.8042, loss: 9.8042, grad_norm: 4.2208
2022-04-28 23:19:05,904 - mmaction - INFO - Evaluating top_k_accuracy ...
2022-04-28 23:19:05,904 - mmaction - INFO - 
top1_acc	0.5556
top5_acc	0.9722
2022-04-28 23:19:05,904 - mmaction - INFO - Evaluating mean_class_accuracy ...
2022-04-28 23:19:05,905 - mmaction - INFO - 
mean_acc	0.5556
2022-04-28 23:19:05,905 - mmaction - INFO - Epoch(val) [28][6]	top1_acc: 0.5556, top5_acc: 0.9722, mean_class_accuracy: 0.5556
2022-04-28 23:19:36,318 - mmaction - INFO - Epoch [29][5/25]	lr: 2.193e-01, eta: 0:15:13, time: 6.081, data_time: 5.749, memory: 891, top1_acc: 0.5125, top5_acc: 0.9500, loss_cls: 10.1771, loss: 10.1771, grad_norm: 3.5550
2022-04-28 23:19:39,296 - mmaction - INFO - Epoch [29][10/25]	lr: 2.155e-01, eta: 0:14:59, time: 0.597, data_time: 0.381, memory: 891, top1_acc: 0.5312, top5_acc: 0.9437, loss_cls: 13.5751, loss: 13.5751, grad_norm: 3.8939
2022-04-28 23:19:42,371 - mmaction - INFO - Epoch [29][15/25]	lr: 2.118e-01, eta: 0:14:46, time: 0.615, data_time: 0.336, memory: 891, top1_acc: 0.5687, top5_acc: 0.9500, loss_cls: 8.3828, loss: 8.3828, grad_norm: 3.6635
2022-04-28 23:19:45,391 - mmaction - INFO - Epoch [29][20/25]	lr: 2.080e-01, eta: 0:14:33, time: 0.604, data_time: 0.303, memory: 891, top1_acc: 0.5312, top5_acc: 0.9688, loss_cls: 8.4474, loss: 8.4474, grad_norm: 3.4752
2022-04-28 23:19:50,768 - mmaction - INFO - Epoch [29][25/25]	lr: 2.043e-01, eta: 0:14:21, time: 1.075, data_time: 0.535, memory: 891, top1_acc: 0.5375, top5_acc: 0.9563, loss_cls: 11.6748, loss: 11.6748, grad_norm: 3.6727
2022-04-28 23:20:23,105 - mmaction - INFO - Evaluating top_k_accuracy ...
2022-04-28 23:20:23,106 - mmaction - INFO - 
top1_acc	0.6222
top5_acc	0.9444
2022-04-28 23:20:23,106 - mmaction - INFO - Evaluating mean_class_accuracy ...
2022-04-28 23:20:23,106 - mmaction - INFO - 
mean_acc	0.6222
2022-04-28 23:20:23,106 - mmaction - INFO - Epoch(val) [29][6]	top1_acc: 0.6222, top5_acc: 0.9444, mean_class_accuracy: 0.6222
2022-04-28 23:20:53,770 - mmaction - INFO - Epoch [30][5/25]	lr: 2.006e-01, eta: 0:14:26, time: 6.132, data_time: 6.077, memory: 891, top1_acc: 0.5813, top5_acc: 0.9812, loss_cls: 9.2013, loss: 9.2013, grad_norm: 3.3384
2022-04-28 23:20:56,912 - mmaction - INFO - Epoch [30][10/25]	lr: 1.969e-01, eta: 0:14:13, time: 0.628, data_time: 0.554, memory: 891, top1_acc: 0.5687, top5_acc: 0.9500, loss_cls: 8.5318, loss: 8.5318, grad_norm: 3.3212
2022-04-28 23:21:00,473 - mmaction - INFO - Epoch [30][15/25]	lr: 1.932e-01, eta: 0:14:00, time: 0.712, data_time: 0.649, memory: 891, top1_acc: 0.4562, top5_acc: 0.9875, loss_cls: 8.7434, loss: 8.7434, grad_norm: 3.3524
2022-04-28 23:21:03,624 - mmaction - INFO - Epoch [30][20/25]	lr: 1.896e-01, eta: 0:13:47, time: 0.630, data_time: 0.569, memory: 891, top1_acc: 0.5437, top5_acc: 0.9563, loss_cls: 9.3192, loss: 9.3192, grad_norm: 3.2117
2022-04-28 23:21:09,352 - mmaction - INFO - Epoch [30][25/25]	lr: 1.859e-01, eta: 0:13:36, time: 1.146, data_time: 1.086, memory: 891, top1_acc: 0.6188, top5_acc: 0.9187, loss_cls: 8.6501, loss: 8.6501, grad_norm: 2.8855
2022-04-28 23:21:41,642 - mmaction - INFO - Evaluating top_k_accuracy ...
2022-04-28 23:21:41,642 - mmaction - INFO - 
top1_acc	0.5722
top5_acc	1.0000
2022-04-28 23:21:41,642 - mmaction - INFO - Evaluating mean_class_accuracy ...
2022-04-28 23:21:41,643 - mmaction - INFO - 
mean_acc	0.5722
2022-04-28 23:21:41,643 - mmaction - INFO - Epoch(val) [30][6]	top1_acc: 0.5722, top5_acc: 1.0000, mean_class_accuracy: 0.5722
2022-04-28 23:22:11,966 - mmaction - INFO - Epoch [31][5/25]	lr: 1.823e-01, eta: 0:13:40, time: 6.064, data_time: 5.851, memory: 891, top1_acc: 0.6000, top5_acc: 0.9563, loss_cls: 9.0701, loss: 9.0701, grad_norm: 3.1041
2022-04-28 23:22:14,856 - mmaction - INFO - Epoch [31][10/25]	lr: 1.787e-01, eta: 0:13:27, time: 0.578, data_time: 0.443, memory: 891, top1_acc: 0.6250, top5_acc: 0.9750, loss_cls: 6.4431, loss: 6.4431, grad_norm: 2.9962
2022-04-28 23:22:17,820 - mmaction - INFO - Epoch [31][15/25]	lr: 1.751e-01, eta: 0:13:14, time: 0.593, data_time: 0.447, memory: 891, top1_acc: 0.6062, top5_acc: 0.9688, loss_cls: 7.6196, loss: 7.6196, grad_norm: 2.9769
2022-04-28 23:22:20,777 - mmaction - INFO - Epoch [31][20/25]	lr: 1.716e-01, eta: 0:13:02, time: 0.591, data_time: 0.432, memory: 891, top1_acc: 0.6000, top5_acc: 0.9625, loss_cls: 6.7048, loss: 6.7048, grad_norm: 3.1709
2022-04-28 23:22:26,140 - mmaction - INFO - Epoch [31][25/25]	lr: 1.680e-01, eta: 0:12:50, time: 1.073, data_time: 0.803, memory: 891, top1_acc: 0.5312, top5_acc: 0.9625, loss_cls: 7.4014, loss: 7.4014, grad_norm: 3.4927
2022-04-28 23:22:58,408 - mmaction - INFO - Evaluating top_k_accuracy ...
2022-04-28 23:22:58,408 - mmaction - INFO - 
top1_acc	0.7056
top5_acc	0.9611
2022-04-28 23:22:58,408 - mmaction - INFO - Evaluating mean_class_accuracy ...
2022-04-28 23:22:58,409 - mmaction - INFO - 
mean_acc	0.7056
2022-04-28 23:22:58,409 - mmaction - INFO - Epoch(val) [31][6]	top1_acc: 0.7056, top5_acc: 0.9611, mean_class_accuracy: 0.7056
2022-04-28 23:23:29,007 - mmaction - INFO - Epoch [32][5/25]	lr: 1.645e-01, eta: 0:12:53, time: 6.119, data_time: 5.859, memory: 891, top1_acc: 0.6500, top5_acc: 0.9125, loss_cls: 7.4006, loss: 7.4006, grad_norm: 2.8306
2022-04-28 23:23:32,003 - mmaction - INFO - Epoch [32][10/25]	lr: 1.610e-01, eta: 0:12:40, time: 0.599, data_time: 0.408, memory: 891, top1_acc: 0.5813, top5_acc: 0.9437, loss_cls: 7.4098, loss: 7.4098, grad_norm: 3.3406
2022-04-28 23:23:35,115 - mmaction - INFO - Epoch [32][15/25]	lr: 1.575e-01, eta: 0:12:28, time: 0.622, data_time: 0.392, memory: 891, top1_acc: 0.6312, top5_acc: 0.9812, loss_cls: 6.2539, loss: 6.2539, grad_norm: 2.9559
2022-04-28 23:23:38,127 - mmaction - INFO - Epoch [32][20/25]	lr: 1.541e-01, eta: 0:12:16, time: 0.602, data_time: 0.390, memory: 891, top1_acc: 0.6375, top5_acc: 0.9875, loss_cls: 6.4955, loss: 6.4955, grad_norm: 3.2382
2022-04-28 23:23:43,473 - mmaction - INFO - Epoch [32][25/25]	lr: 1.507e-01, eta: 0:12:05, time: 1.069, data_time: 0.728, memory: 891, top1_acc: 0.6062, top5_acc: 0.9625, loss_cls: 7.4703, loss: 7.4703, grad_norm: 2.9621
2022-04-28 23:24:15,823 - mmaction - INFO - Evaluating top_k_accuracy ...
2022-04-28 23:24:15,824 - mmaction - INFO - 
top1_acc	0.6444
top5_acc	1.0000
2022-04-28 23:24:15,824 - mmaction - INFO - Evaluating mean_class_accuracy ...
2022-04-28 23:24:15,824 - mmaction - INFO - 
mean_acc	0.6444
2022-04-28 23:24:15,824 - mmaction - INFO - Epoch(val) [32][6]	top1_acc: 0.6444, top5_acc: 1.0000, mean_class_accuracy: 0.6444
2022-04-28 23:24:47,003 - mmaction - INFO - Epoch [33][5/25]	lr: 1.473e-01, eta: 0:12:07, time: 6.235, data_time: 5.919, memory: 891, top1_acc: 0.5687, top5_acc: 0.9750, loss_cls: 5.9078, loss: 5.9078, grad_norm: 3.0881
2022-04-28 23:24:49,967 - mmaction - INFO - Epoch [33][10/25]	lr: 1.439e-01, eta: 0:11:55, time: 0.593, data_time: 0.375, memory: 891, top1_acc: 0.6000, top5_acc: 0.9437, loss_cls: 6.7998, loss: 6.7998, grad_norm: 3.2192
2022-04-28 23:24:52,837 - mmaction - INFO - Epoch [33][15/25]	lr: 1.406e-01, eta: 0:11:42, time: 0.574, data_time: 0.402, memory: 891, top1_acc: 0.6125, top5_acc: 0.9625, loss_cls: 6.1397, loss: 6.1397, grad_norm: 2.7629
2022-04-28 23:24:55,911 - mmaction - INFO - Epoch [33][20/25]	lr: 1.373e-01, eta: 0:11:30, time: 0.615, data_time: 0.419, memory: 891, top1_acc: 0.5312, top5_acc: 0.9812, loss_cls: 8.2488, loss: 8.2488, grad_norm: 3.4535
2022-04-28 23:25:01,135 - mmaction - INFO - Epoch [33][25/25]	lr: 1.340e-01, eta: 0:11:20, time: 1.045, data_time: 0.755, memory: 891, top1_acc: 0.6250, top5_acc: 0.9563, loss_cls: 7.2848, loss: 7.2848, grad_norm: 3.0410
2022-04-28 23:25:33,692 - mmaction - INFO - Evaluating top_k_accuracy ...
2022-04-28 23:25:33,693 - mmaction - INFO - 
top1_acc	0.7500
top5_acc	0.9444
2022-04-28 23:25:33,693 - mmaction - INFO - Evaluating mean_class_accuracy ...
2022-04-28 23:25:33,694 - mmaction - INFO - 
mean_acc	0.7500
2022-04-28 23:25:33,695 - mmaction - INFO - The previous best checkpoint /home/yl/myposec3d/model_pth/exp8/linear10-T9A2/best_top1_acc_epoch_26.pth was removed
2022-04-28 23:25:33,724 - mmaction - INFO - Now best checkpoint is saved as best_top1_acc_epoch_33.pth.
2022-04-28 23:25:33,724 - mmaction - INFO - Best top1_acc is 0.7500 at 33 epoch.
2022-04-28 23:25:33,724 - mmaction - INFO - Epoch(val) [33][6]	top1_acc: 0.7500, top5_acc: 0.9444, mean_class_accuracy: 0.7500
2022-04-28 23:26:04,090 - mmaction - INFO - Epoch [34][5/25]	lr: 1.307e-01, eta: 0:11:20, time: 6.073, data_time: 5.940, memory: 891, top1_acc: 0.6188, top5_acc: 0.9625, loss_cls: 6.5908, loss: 6.5908, grad_norm: 3.3564
2022-04-28 23:26:07,105 - mmaction - INFO - Epoch [34][10/25]	lr: 1.275e-01, eta: 0:11:08, time: 0.603, data_time: 0.459, memory: 891, top1_acc: 0.6687, top5_acc: 0.9688, loss_cls: 4.5635, loss: 4.5635, grad_norm: 2.6454
2022-04-28 23:26:10,227 - mmaction - INFO - Epoch [34][15/25]	lr: 1.243e-01, eta: 0:10:56, time: 0.624, data_time: 0.466, memory: 891, top1_acc: 0.5813, top5_acc: 0.9500, loss_cls: 6.9419, loss: 6.9419, grad_norm: 3.2007
2022-04-28 23:26:13,217 - mmaction - INFO - Epoch [34][20/25]	lr: 1.211e-01, eta: 0:10:45, time: 0.598, data_time: 0.453, memory: 891, top1_acc: 0.5750, top5_acc: 0.9625, loss_cls: 6.8513, loss: 6.8513, grad_norm: 2.8540
2022-04-28 23:26:18,639 - mmaction - INFO - Epoch [34][25/25]	lr: 1.180e-01, eta: 0:10:34, time: 1.084, data_time: 0.838, memory: 891, top1_acc: 0.6500, top5_acc: 0.9750, loss_cls: 4.3350, loss: 4.3350, grad_norm: 2.4201
2022-04-28 23:26:50,922 - mmaction - INFO - Evaluating top_k_accuracy ...
2022-04-28 23:26:50,923 - mmaction - INFO - 
top1_acc	0.7167
top5_acc	0.9667
2022-04-28 23:26:50,923 - mmaction - INFO - Evaluating mean_class_accuracy ...
2022-04-28 23:26:50,923 - mmaction - INFO - 
mean_acc	0.7167
2022-04-28 23:26:50,924 - mmaction - INFO - Epoch(val) [34][6]	top1_acc: 0.7167, top5_acc: 0.9667, mean_class_accuracy: 0.7167
2022-04-28 23:27:21,460 - mmaction - INFO - Epoch [35][5/25]	lr: 1.149e-01, eta: 0:10:34, time: 6.106, data_time: 5.959, memory: 891, top1_acc: 0.6562, top5_acc: 0.9563, loss_cls: 5.7472, loss: 5.7472, grad_norm: 2.9813
2022-04-28 23:27:24,467 - mmaction - INFO - Epoch [35][10/25]	lr: 1.118e-01, eta: 0:10:22, time: 0.602, data_time: 0.489, memory: 891, top1_acc: 0.5500, top5_acc: 0.9875, loss_cls: 5.0886, loss: 5.0886, grad_norm: 3.2287
2022-04-28 23:27:27,779 - mmaction - INFO - Epoch [35][15/25]	lr: 1.088e-01, eta: 0:10:11, time: 0.663, data_time: 0.438, memory: 891, top1_acc: 0.6625, top5_acc: 0.9625, loss_cls: 5.7871, loss: 5.7871, grad_norm: 2.6671
2022-04-28 23:27:30,928 - mmaction - INFO - Epoch [35][20/25]	lr: 1.058e-01, eta: 0:09:59, time: 0.630, data_time: 0.429, memory: 891, top1_acc: 0.5938, top5_acc: 0.9812, loss_cls: 6.4450, loss: 6.4450, grad_norm: 2.9942
2022-04-28 23:27:36,097 - mmaction - INFO - Epoch [35][25/25]	lr: 1.028e-01, eta: 0:09:49, time: 1.034, data_time: 0.790, memory: 891, top1_acc: 0.5875, top5_acc: 0.9875, loss_cls: 5.5053, loss: 5.5053, grad_norm: 2.8956
2022-04-28 23:28:08,752 - mmaction - INFO - Evaluating top_k_accuracy ...
2022-04-28 23:28:08,753 - mmaction - INFO - 
top1_acc	0.6667
top5_acc	0.9278
2022-04-28 23:28:08,753 - mmaction - INFO - Evaluating mean_class_accuracy ...
2022-04-28 23:28:08,753 - mmaction - INFO - 
mean_acc	0.6667
2022-04-28 23:28:08,753 - mmaction - INFO - Epoch(val) [35][6]	top1_acc: 0.6667, top5_acc: 0.9278, mean_class_accuracy: 0.6667
2022-04-28 23:28:39,445 - mmaction - INFO - Epoch [36][5/25]	lr: 9.985e-02, eta: 0:09:48, time: 6.136, data_time: 5.854, memory: 891, top1_acc: 0.6312, top5_acc: 0.9750, loss_cls: 5.3547, loss: 5.3547, grad_norm: 2.5123
2022-04-28 23:28:42,473 - mmaction - INFO - Epoch [36][10/25]	lr: 9.694e-02, eta: 0:09:36, time: 0.607, data_time: 0.459, memory: 891, top1_acc: 0.6250, top5_acc: 0.9437, loss_cls: 5.5511, loss: 5.5511, grad_norm: 2.6577
2022-04-28 23:28:45,777 - mmaction - INFO - Epoch [36][15/25]	lr: 9.406e-02, eta: 0:09:25, time: 0.661, data_time: 0.463, memory: 891, top1_acc: 0.6687, top5_acc: 0.9875, loss_cls: 5.0993, loss: 5.0993, grad_norm: 3.0333
2022-04-28 23:28:48,787 - mmaction - INFO - Epoch [36][20/25]	lr: 9.123e-02, eta: 0:09:14, time: 0.602, data_time: 0.399, memory: 891, top1_acc: 0.5375, top5_acc: 0.9875, loss_cls: 6.5670, loss: 6.5670, grad_norm: 3.5643
2022-04-28 23:28:54,180 - mmaction - INFO - Epoch [36][25/25]	lr: 8.842e-02, eta: 0:09:03, time: 1.078, data_time: 0.686, memory: 891, top1_acc: 0.6438, top5_acc: 0.9938, loss_cls: 4.9624, loss: 4.9624, grad_norm: 3.2205
2022-04-28 23:29:26,639 - mmaction - INFO - Evaluating top_k_accuracy ...
2022-04-28 23:29:26,639 - mmaction - INFO - 
top1_acc	0.6500
top5_acc	0.9556
2022-04-28 23:29:26,639 - mmaction - INFO - Evaluating mean_class_accuracy ...
2022-04-28 23:29:26,640 - mmaction - INFO - 
mean_acc	0.6500
2022-04-28 23:29:26,640 - mmaction - INFO - Epoch(val) [36][6]	top1_acc: 0.6500, top5_acc: 0.9556, mean_class_accuracy: 0.6500
2022-04-28 23:29:57,236 - mmaction - INFO - Epoch [37][5/25]	lr: 8.566e-02, eta: 0:09:01, time: 6.119, data_time: 5.914, memory: 891, top1_acc: 0.6500, top5_acc: 0.9875, loss_cls: 5.5901, loss: 5.5901, grad_norm: 2.6415
2022-04-28 23:30:00,455 - mmaction - INFO - Epoch [37][10/25]	lr: 8.293e-02, eta: 0:08:50, time: 0.644, data_time: 0.461, memory: 891, top1_acc: 0.6813, top5_acc: 0.9625, loss_cls: 4.9937, loss: 4.9937, grad_norm: 2.7639
2022-04-28 23:30:03,666 - mmaction - INFO - Epoch [37][15/25]	lr: 8.024e-02, eta: 0:08:39, time: 0.642, data_time: 0.520, memory: 891, top1_acc: 0.6375, top5_acc: 0.9812, loss_cls: 6.3050, loss: 6.3050, grad_norm: 2.9524
2022-04-28 23:30:06,820 - mmaction - INFO - Epoch [37][20/25]	lr: 7.758e-02, eta: 0:08:28, time: 0.631, data_time: 0.526, memory: 891, top1_acc: 0.6125, top5_acc: 0.9938, loss_cls: 4.0663, loss: 4.0663, grad_norm: 2.4830
2022-04-28 23:30:12,112 - mmaction - INFO - Epoch [37][25/25]	lr: 7.497e-02, eta: 0:08:18, time: 1.058, data_time: 0.931, memory: 891, top1_acc: 0.5563, top5_acc: 0.9875, loss_cls: 6.2666, loss: 6.2666, grad_norm: 2.7606
2022-04-28 23:30:44,412 - mmaction - INFO - Evaluating top_k_accuracy ...
2022-04-28 23:30:44,412 - mmaction - INFO - 
top1_acc	0.7444
top5_acc	0.9667
2022-04-28 23:30:44,412 - mmaction - INFO - Evaluating mean_class_accuracy ...
2022-04-28 23:30:44,413 - mmaction - INFO - 
mean_acc	0.7444
2022-04-28 23:30:44,413 - mmaction - INFO - Epoch(val) [37][6]	top1_acc: 0.7444, top5_acc: 0.9667, mean_class_accuracy: 0.7444
2022-04-28 23:31:14,944 - mmaction - INFO - Epoch [38][5/25]	lr: 7.239e-02, eta: 0:08:15, time: 6.106, data_time: 5.974, memory: 891, top1_acc: 0.5875, top5_acc: 0.9625, loss_cls: 5.6251, loss: 5.6251, grad_norm: 2.6652
2022-04-28 23:31:17,897 - mmaction - INFO - Epoch [38][10/25]	lr: 6.985e-02, eta: 0:08:04, time: 0.590, data_time: 0.518, memory: 891, top1_acc: 0.6250, top5_acc: 0.9875, loss_cls: 4.7559, loss: 4.7559, grad_norm: 2.5855
2022-04-28 23:31:20,918 - mmaction - INFO - Epoch [38][15/25]	lr: 6.735e-02, eta: 0:07:54, time: 0.604, data_time: 0.547, memory: 891, top1_acc: 0.6125, top5_acc: 0.9500, loss_cls: 5.3123, loss: 5.3123, grad_norm: 2.5897
2022-04-28 23:31:24,151 - mmaction - INFO - Epoch [38][20/25]	lr: 6.489e-02, eta: 0:07:43, time: 0.647, data_time: 0.583, memory: 891, top1_acc: 0.6312, top5_acc: 0.9750, loss_cls: 4.8836, loss: 4.8836, grad_norm: 2.7542
2022-04-28 23:31:29,577 - mmaction - INFO - Epoch [38][25/25]	lr: 6.247e-02, eta: 0:07:33, time: 1.085, data_time: 1.025, memory: 891, top1_acc: 0.7562, top5_acc: 0.9875, loss_cls: 2.7207, loss: 2.7207, grad_norm: 1.7531
2022-04-28 23:32:02,190 - mmaction - INFO - Evaluating top_k_accuracy ...
2022-04-28 23:32:02,191 - mmaction - INFO - 
top1_acc	0.6833
top5_acc	0.9889
2022-04-28 23:32:02,191 - mmaction - INFO - Evaluating mean_class_accuracy ...
2022-04-28 23:32:02,192 - mmaction - INFO - 
mean_acc	0.6833
2022-04-28 23:32:02,192 - mmaction - INFO - Epoch(val) [38][6]	top1_acc: 0.6833, top5_acc: 0.9889, mean_class_accuracy: 0.6833
2022-04-28 23:32:32,967 - mmaction - INFO - Epoch [39][5/25]	lr: 6.009e-02, eta: 0:07:29, time: 6.154, data_time: 6.097, memory: 891, top1_acc: 0.6062, top5_acc: 0.9938, loss_cls: 5.4356, loss: 5.4356, grad_norm: 2.9961
2022-04-28 23:32:36,183 - mmaction - INFO - Epoch [39][10/25]	lr: 5.776e-02, eta: 0:07:19, time: 0.644, data_time: 0.569, memory: 891, top1_acc: 0.6125, top5_acc: 0.9875, loss_cls: 4.4187, loss: 4.4187, grad_norm: 2.8760
2022-04-28 23:32:39,394 - mmaction - INFO - Epoch [39][15/25]	lr: 5.546e-02, eta: 0:07:08, time: 0.642, data_time: 0.588, memory: 891, top1_acc: 0.6562, top5_acc: 0.9938, loss_cls: 4.9012, loss: 4.9012, grad_norm: 2.5465
2022-04-28 23:32:42,569 - mmaction - INFO - Epoch [39][20/25]	lr: 5.321e-02, eta: 0:06:57, time: 0.635, data_time: 0.573, memory: 891, top1_acc: 0.5687, top5_acc: 0.9688, loss_cls: 5.1285, loss: 5.1285, grad_norm: 3.0175
2022-04-28 23:32:48,061 - mmaction - INFO - Epoch [39][25/25]	lr: 5.100e-02, eta: 0:06:48, time: 1.098, data_time: 1.041, memory: 891, top1_acc: 0.6687, top5_acc: 0.9875, loss_cls: 6.1778, loss: 6.1778, grad_norm: 2.8829
2022-04-28 23:33:20,235 - mmaction - INFO - Evaluating top_k_accuracy ...
2022-04-28 23:33:20,235 - mmaction - INFO - 
top1_acc	0.7500
top5_acc	0.9667
2022-04-28 23:33:20,235 - mmaction - INFO - Evaluating mean_class_accuracy ...
2022-04-28 23:33:20,236 - mmaction - INFO - 
mean_acc	0.7500
2022-04-28 23:33:20,236 - mmaction - INFO - Epoch(val) [39][6]	top1_acc: 0.7500, top5_acc: 0.9667, mean_class_accuracy: 0.7500
2022-04-28 23:33:51,052 - mmaction - INFO - Epoch [40][5/25]	lr: 4.883e-02, eta: 0:06:43, time: 6.163, data_time: 5.796, memory: 891, top1_acc: 0.6625, top5_acc: 0.9625, loss_cls: 5.1297, loss: 5.1297, grad_norm: 2.3371
2022-04-28 23:33:54,049 - mmaction - INFO - Epoch [40][10/25]	lr: 4.670e-02, eta: 0:06:33, time: 0.600, data_time: 0.347, memory: 891, top1_acc: 0.5938, top5_acc: 0.9750, loss_cls: 5.9214, loss: 5.9214, grad_norm: 3.1032
2022-04-28 23:33:57,031 - mmaction - INFO - Epoch [40][15/25]	lr: 4.462e-02, eta: 0:06:22, time: 0.596, data_time: 0.320, memory: 891, top1_acc: 0.6000, top5_acc: 0.9750, loss_cls: 5.6025, loss: 5.6025, grad_norm: 3.0307
2022-04-28 23:33:59,886 - mmaction - INFO - Epoch [40][20/25]	lr: 4.258e-02, eta: 0:06:12, time: 0.571, data_time: 0.307, memory: 891, top1_acc: 0.6438, top5_acc: 0.9688, loss_cls: 4.7894, loss: 4.7894, grad_norm: 2.6415
2022-04-28 23:34:05,145 - mmaction - INFO - Epoch [40][25/25]	lr: 4.059e-02, eta: 0:06:02, time: 1.052, data_time: 0.577, memory: 891, top1_acc: 0.6750, top5_acc: 0.9812, loss_cls: 3.9855, loss: 3.9855, grad_norm: 2.4786
2022-04-28 23:34:38,763 - mmaction - INFO - Evaluating top_k_accuracy ...
2022-04-28 23:34:38,764 - mmaction - INFO - 
top1_acc	0.6944
top5_acc	0.9722
2022-04-28 23:34:38,764 - mmaction - INFO - Evaluating mean_class_accuracy ...
2022-04-28 23:34:38,764 - mmaction - INFO - 
mean_acc	0.6944
2022-04-28 23:34:38,764 - mmaction - INFO - Epoch(val) [40][6]	top1_acc: 0.6944, top5_acc: 0.9722, mean_class_accuracy: 0.6944
2022-04-28 23:35:09,439 - mmaction - INFO - Epoch [41][5/25]	lr: 3.864e-02, eta: 0:05:57, time: 6.134, data_time: 5.867, memory: 891, top1_acc: 0.6188, top5_acc: 0.9750, loss_cls: 6.1670, loss: 6.1670, grad_norm: 2.6370
2022-04-28 23:35:12,476 - mmaction - INFO - Epoch [41][10/25]	lr: 3.673e-02, eta: 0:05:47, time: 0.607, data_time: 0.449, memory: 891, top1_acc: 0.7000, top5_acc: 0.9812, loss_cls: 3.5710, loss: 3.5710, grad_norm: 2.2916
2022-04-28 23:35:15,442 - mmaction - INFO - Epoch [41][15/25]	lr: 3.487e-02, eta: 0:05:37, time: 0.593, data_time: 0.452, memory: 891, top1_acc: 0.6312, top5_acc: 0.9688, loss_cls: 5.0983, loss: 5.0983, grad_norm: 2.6313
2022-04-28 23:35:18,426 - mmaction - INFO - Epoch [41][20/25]	lr: 3.306e-02, eta: 0:05:26, time: 0.597, data_time: 0.467, memory: 891, top1_acc: 0.6125, top5_acc: 0.9812, loss_cls: 4.8045, loss: 4.8045, grad_norm: 2.8499
2022-04-28 23:35:23,810 - mmaction - INFO - Epoch [41][25/25]	lr: 3.129e-02, eta: 0:05:17, time: 1.077, data_time: 0.854, memory: 891, top1_acc: 0.6750, top5_acc: 0.9812, loss_cls: 4.0369, loss: 4.0369, grad_norm: 2.7881
2022-04-28 23:35:56,106 - mmaction - INFO - Evaluating top_k_accuracy ...
2022-04-28 23:35:56,106 - mmaction - INFO - 
top1_acc	0.7556
top5_acc	0.9611
2022-04-28 23:35:56,106 - mmaction - INFO - Evaluating mean_class_accuracy ...
2022-04-28 23:35:56,106 - mmaction - INFO - 
mean_acc	0.7556
2022-04-28 23:35:56,108 - mmaction - INFO - The previous best checkpoint /home/yl/myposec3d/model_pth/exp8/linear10-T9A2/best_top1_acc_epoch_33.pth was removed
2022-04-28 23:35:56,135 - mmaction - INFO - Now best checkpoint is saved as best_top1_acc_epoch_41.pth.
2022-04-28 23:35:56,135 - mmaction - INFO - Best top1_acc is 0.7556 at 41 epoch.
2022-04-28 23:35:56,135 - mmaction - INFO - Epoch(val) [41][6]	top1_acc: 0.7556, top5_acc: 0.9611, mean_class_accuracy: 0.7556
2022-04-28 23:36:26,585 - mmaction - INFO - Epoch [42][5/25]	lr: 2.956e-02, eta: 0:05:11, time: 6.089, data_time: 6.015, memory: 891, top1_acc: 0.6312, top5_acc: 1.0000, loss_cls: 3.1953, loss: 3.1953, grad_norm: 2.6192
2022-04-28 23:36:29,871 - mmaction - INFO - Epoch [42][10/25]	lr: 2.789e-02, eta: 0:05:01, time: 0.656, data_time: 0.567, memory: 891, top1_acc: 0.6687, top5_acc: 0.9938, loss_cls: 3.4006, loss: 3.4006, grad_norm: 2.6589
2022-04-28 23:36:33,075 - mmaction - INFO - Epoch [42][15/25]	lr: 2.626e-02, eta: 0:04:51, time: 0.642, data_time: 0.567, memory: 891, top1_acc: 0.6188, top5_acc: 0.9688, loss_cls: 4.0121, loss: 4.0121, grad_norm: 2.7733
2022-04-28 23:36:36,089 - mmaction - INFO - Epoch [42][20/25]	lr: 2.467e-02, eta: 0:04:41, time: 0.603, data_time: 0.542, memory: 891, top1_acc: 0.6312, top5_acc: 0.9875, loss_cls: 3.7432, loss: 3.7432, grad_norm: 2.4411
2022-04-28 23:36:41,612 - mmaction - INFO - Epoch [42][25/25]	lr: 2.314e-02, eta: 0:04:31, time: 1.105, data_time: 1.045, memory: 891, top1_acc: 0.7188, top5_acc: 0.9688, loss_cls: 4.1756, loss: 4.1756, grad_norm: 2.4121
2022-04-28 23:37:14,133 - mmaction - INFO - Evaluating top_k_accuracy ...
2022-04-28 23:37:14,133 - mmaction - INFO - 
top1_acc	0.7056
top5_acc	0.9722
2022-04-28 23:37:14,133 - mmaction - INFO - Evaluating mean_class_accuracy ...
2022-04-28 23:37:14,134 - mmaction - INFO - 
mean_acc	0.7056
2022-04-28 23:37:14,134 - mmaction - INFO - Epoch(val) [42][6]	top1_acc: 0.7056, top5_acc: 0.9722, mean_class_accuracy: 0.7056
2022-04-28 23:37:45,077 - mmaction - INFO - Epoch [43][5/25]	lr: 2.165e-02, eta: 0:04:25, time: 6.188, data_time: 5.968, memory: 891, top1_acc: 0.7063, top5_acc: 0.9875, loss_cls: 3.9307, loss: 3.9307, grad_norm: 2.4369
2022-04-28 23:37:48,041 - mmaction - INFO - Epoch [43][10/25]	lr: 2.021e-02, eta: 0:04:15, time: 0.593, data_time: 0.466, memory: 891, top1_acc: 0.7312, top5_acc: 0.9938, loss_cls: 2.8912, loss: 2.8912, grad_norm: 2.2497
2022-04-28 23:37:51,100 - mmaction - INFO - Epoch [43][15/25]	lr: 1.882e-02, eta: 0:04:05, time: 0.612, data_time: 0.430, memory: 891, top1_acc: 0.6375, top5_acc: 0.9625, loss_cls: 5.3240, loss: 5.3240, grad_norm: 2.4649
2022-04-28 23:37:54,115 - mmaction - INFO - Epoch [43][20/25]	lr: 1.747e-02, eta: 0:03:56, time: 0.603, data_time: 0.413, memory: 891, top1_acc: 0.6438, top5_acc: 0.9812, loss_cls: 4.6818, loss: 4.6818, grad_norm: 2.4310
2022-04-28 23:37:59,832 - mmaction - INFO - Epoch [43][25/25]	lr: 1.617e-02, eta: 0:03:46, time: 1.143, data_time: 0.802, memory: 891, top1_acc: 0.6813, top5_acc: 0.9938, loss_cls: 3.6408, loss: 3.6408, grad_norm: 2.3726
2022-04-28 23:38:32,259 - mmaction - INFO - Evaluating top_k_accuracy ...
2022-04-28 23:38:32,260 - mmaction - INFO - 
top1_acc	0.7389
top5_acc	0.9444
2022-04-28 23:38:32,260 - mmaction - INFO - Evaluating mean_class_accuracy ...
2022-04-28 23:38:32,260 - mmaction - INFO - 
mean_acc	0.7389
2022-04-28 23:38:32,260 - mmaction - INFO - Epoch(val) [43][6]	top1_acc: 0.7389, top5_acc: 0.9444, mean_class_accuracy: 0.7389
2022-04-28 23:39:02,922 - mmaction - INFO - Epoch [44][5/25]	lr: 1.493e-02, eta: 0:03:40, time: 6.132, data_time: 5.878, memory: 891, top1_acc: 0.6188, top5_acc: 0.9625, loss_cls: 4.2972, loss: 4.2972, grad_norm: 2.5986
2022-04-28 23:39:06,106 - mmaction - INFO - Epoch [44][10/25]	lr: 1.373e-02, eta: 0:03:30, time: 0.637, data_time: 0.444, memory: 891, top1_acc: 0.6875, top5_acc: 0.9875, loss_cls: 3.1434, loss: 3.1434, grad_norm: 2.1312
2022-04-28 23:39:09,185 - mmaction - INFO - Epoch [44][15/25]	lr: 1.258e-02, eta: 0:03:20, time: 0.616, data_time: 0.407, memory: 891, top1_acc: 0.6813, top5_acc: 1.0000, loss_cls: 3.4448, loss: 3.4448, grad_norm: 2.0973
2022-04-28 23:39:12,304 - mmaction - INFO - Epoch [44][20/25]	lr: 1.148e-02, eta: 0:03:10, time: 0.624, data_time: 0.431, memory: 891, top1_acc: 0.7312, top5_acc: 0.9750, loss_cls: 3.2400, loss: 3.2400, grad_norm: 2.1846
2022-04-28 23:39:17,506 - mmaction - INFO - Epoch [44][25/25]	lr: 1.043e-02, eta: 0:03:01, time: 1.040, data_time: 0.798, memory: 891, top1_acc: 0.6438, top5_acc: 0.9812, loss_cls: 4.6047, loss: 4.6047, grad_norm: 2.6863
2022-04-28 23:39:50,226 - mmaction - INFO - Evaluating top_k_accuracy ...
2022-04-28 23:39:50,226 - mmaction - INFO - 
top1_acc	0.7444
top5_acc	0.9611
2022-04-28 23:39:50,227 - mmaction - INFO - Evaluating mean_class_accuracy ...
2022-04-28 23:39:50,227 - mmaction - INFO - 
mean_acc	0.7444
2022-04-28 23:39:50,227 - mmaction - INFO - Epoch(val) [44][6]	top1_acc: 0.7444, top5_acc: 0.9611, mean_class_accuracy: 0.7444
2022-04-28 23:40:20,791 - mmaction - INFO - Epoch [45][5/25]	lr: 9.425e-03, eta: 0:02:54, time: 6.112, data_time: 5.989, memory: 891, top1_acc: 0.6188, top5_acc: 0.9750, loss_cls: 4.0067, loss: 4.0067, grad_norm: 2.6165
2022-04-28 23:40:23,896 - mmaction - INFO - Epoch [45][10/25]	lr: 8.473e-03, eta: 0:02:44, time: 0.621, data_time: 0.525, memory: 891, top1_acc: 0.5938, top5_acc: 0.9750, loss_cls: 5.3245, loss: 5.3245, grad_norm: 2.7633
2022-04-28 23:40:26,976 - mmaction - INFO - Epoch [45][15/25]	lr: 7.572e-03, eta: 0:02:34, time: 0.616, data_time: 0.497, memory: 891, top1_acc: 0.6375, top5_acc: 0.9875, loss_cls: 4.9237, loss: 4.9237, grad_norm: 2.3921
2022-04-28 23:40:29,981 - mmaction - INFO - Epoch [45][20/25]	lr: 6.720e-03, eta: 0:02:25, time: 0.601, data_time: 0.493, memory: 891, top1_acc: 0.7000, top5_acc: 0.9625, loss_cls: 3.7857, loss: 3.7857, grad_norm: 2.1757
2022-04-28 23:40:35,472 - mmaction - INFO - Epoch [45][25/25]	lr: 5.919e-03, eta: 0:02:15, time: 1.098, data_time: 0.911, memory: 891, top1_acc: 0.6438, top5_acc: 0.9688, loss_cls: 5.3604, loss: 5.3604, grad_norm: 2.7934
2022-04-28 23:41:07,747 - mmaction - INFO - Evaluating top_k_accuracy ...
2022-04-28 23:41:07,747 - mmaction - INFO - 
top1_acc	0.7000
top5_acc	0.9667
2022-04-28 23:41:07,747 - mmaction - INFO - Evaluating mean_class_accuracy ...
2022-04-28 23:41:07,747 - mmaction - INFO - 
mean_acc	0.7000
2022-04-28 23:41:07,748 - mmaction - INFO - Epoch(val) [45][6]	top1_acc: 0.7000, top5_acc: 0.9667, mean_class_accuracy: 0.7000
2022-04-28 23:41:38,606 - mmaction - INFO - Epoch [46][5/25]	lr: 5.168e-03, eta: 0:02:08, time: 6.171, data_time: 6.117, memory: 891, top1_acc: 0.6250, top5_acc: 0.9812, loss_cls: 4.6365, loss: 4.6365, grad_norm: 2.6532
2022-04-28 23:41:41,569 - mmaction - INFO - Epoch [46][10/25]	lr: 4.467e-03, eta: 0:01:58, time: 0.593, data_time: 0.535, memory: 891, top1_acc: 0.6562, top5_acc: 0.9938, loss_cls: 4.1668, loss: 4.1668, grad_norm: 2.3263
2022-04-28 23:41:44,871 - mmaction - INFO - Epoch [46][15/25]	lr: 3.817e-03, eta: 0:01:49, time: 0.660, data_time: 0.607, memory: 891, top1_acc: 0.6000, top5_acc: 0.9812, loss_cls: 5.1339, loss: 5.1339, grad_norm: 2.8542
2022-04-28 23:41:47,960 - mmaction - INFO - Epoch [46][20/25]	lr: 3.218e-03, eta: 0:01:39, time: 0.618, data_time: 0.554, memory: 891, top1_acc: 0.6625, top5_acc: 0.9812, loss_cls: 3.1709, loss: 3.1709, grad_norm: 2.4360
2022-04-28 23:41:53,393 - mmaction - INFO - Epoch [46][25/25]	lr: 2.670e-03, eta: 0:01:30, time: 1.087, data_time: 1.037, memory: 891, top1_acc: 0.6813, top5_acc: 0.9875, loss_cls: 3.5429, loss: 3.5429, grad_norm: 2.6800
2022-04-28 23:42:25,844 - mmaction - INFO - Evaluating top_k_accuracy ...
2022-04-28 23:42:25,845 - mmaction - INFO - 
top1_acc	0.7222
top5_acc	0.9611
2022-04-28 23:42:25,845 - mmaction - INFO - Evaluating mean_class_accuracy ...
2022-04-28 23:42:25,845 - mmaction - INFO - 
mean_acc	0.7222
2022-04-28 23:42:25,845 - mmaction - INFO - Epoch(val) [46][6]	top1_acc: 0.7222, top5_acc: 0.9611, mean_class_accuracy: 0.7222
2022-04-28 23:42:56,541 - mmaction - INFO - Epoch [47][5/25]	lr: 2.173e-03, eta: 0:01:22, time: 6.139, data_time: 5.745, memory: 891, top1_acc: 0.6937, top5_acc: 1.0000, loss_cls: 2.6070, loss: 2.6070, grad_norm: 2.2350
2022-04-28 23:42:59,708 - mmaction - INFO - Epoch [47][10/25]	lr: 1.727e-03, eta: 0:01:13, time: 0.633, data_time: 0.373, memory: 891, top1_acc: 0.6875, top5_acc: 0.9875, loss_cls: 3.4845, loss: 3.4845, grad_norm: 2.2095
2022-04-28 23:43:02,772 - mmaction - INFO - Epoch [47][15/25]	lr: 1.331e-03, eta: 0:01:03, time: 0.613, data_time: 0.402, memory: 891, top1_acc: 0.6687, top5_acc: 0.9750, loss_cls: 3.7183, loss: 3.7183, grad_norm: 2.3637
2022-04-28 23:43:05,615 - mmaction - INFO - Epoch [47][20/25]	lr: 9.874e-04, eta: 0:00:54, time: 0.568, data_time: 0.375, memory: 891, top1_acc: 0.7312, top5_acc: 0.9688, loss_cls: 3.1305, loss: 3.1305, grad_norm: 1.8236
2022-04-28 23:43:11,192 - mmaction - INFO - Epoch [47][25/25]	lr: 6.947e-04, eta: 0:00:45, time: 1.115, data_time: 0.758, memory: 891, top1_acc: 0.6875, top5_acc: 0.9875, loss_cls: 3.7649, loss: 3.7649, grad_norm: 2.2331
2022-04-28 23:43:43,926 - mmaction - INFO - Evaluating top_k_accuracy ...
2022-04-28 23:43:43,927 - mmaction - INFO - 
top1_acc	0.7333
top5_acc	0.9611
2022-04-28 23:43:43,927 - mmaction - INFO - Evaluating mean_class_accuracy ...
2022-04-28 23:43:43,927 - mmaction - INFO - 
mean_acc	0.7333
2022-04-28 23:43:43,927 - mmaction - INFO - Epoch(val) [47][6]	top1_acc: 0.7333, top5_acc: 0.9611, mean_class_accuracy: 0.7333
2022-04-28 23:44:15,090 - mmaction - INFO - Epoch [48][5/25]	lr: 4.533e-04, eta: 0:00:36, time: 6.232, data_time: 6.100, memory: 891, top1_acc: 0.7000, top5_acc: 0.9938, loss_cls: 2.9063, loss: 2.9063, grad_norm: 2.2539
2022-04-28 23:44:18,251 - mmaction - INFO - Epoch [48][10/25]	lr: 2.632e-04, eta: 0:00:27, time: 0.632, data_time: 0.472, memory: 891, top1_acc: 0.7063, top5_acc: 0.9563, loss_cls: 4.7896, loss: 4.7896, grad_norm: 2.4899
2022-04-28 23:44:21,316 - mmaction - INFO - Epoch [48][15/25]	lr: 1.244e-04, eta: 0:00:18, time: 0.613, data_time: 0.480, memory: 891, top1_acc: 0.6562, top5_acc: 0.9750, loss_cls: 3.6774, loss: 3.6774, grad_norm: 2.4553
2022-04-28 23:44:24,340 - mmaction - INFO - Epoch [48][20/25]	lr: 3.701e-05, eta: 0:00:09, time: 0.605, data_time: 0.457, memory: 891, top1_acc: 0.7375, top5_acc: 0.9938, loss_cls: 2.5939, loss: 2.5939, grad_norm: 1.9258
2022-04-28 23:44:29,843 - mmaction - INFO - Epoch [48][25/25]	lr: 1.028e-06, eta: 0:00:00, time: 1.101, data_time: 0.848, memory: 891, top1_acc: 0.6813, top5_acc: 0.9688, loss_cls: 4.4795, loss: 4.4795, grad_norm: 2.6369
2022-04-28 23:44:30,384 - mmaction - INFO - Saving checkpoint at 48 epochs
2022-04-28 23:45:02,401 - mmaction - INFO - Evaluating top_k_accuracy ...
2022-04-28 23:45:02,402 - mmaction - INFO - 
top1_acc	0.7333
top5_acc	0.9611
2022-04-28 23:45:02,402 - mmaction - INFO - Evaluating mean_class_accuracy ...
2022-04-28 23:45:02,403 - mmaction - INFO - 
mean_acc	0.7333
2022-04-28 23:45:02,403 - mmaction - INFO - Epoch(val) [48][6]	top1_acc: 0.7333, top5_acc: 0.9611, mean_class_accuracy: 0.7333
