2022-04-23 15:21:55,609 - mmaction - INFO - Environment info:
------------------------------------------------------------
sys.platform: linux
Python: 3.8.12 | packaged by conda-forge | (default, Oct 12 2021, 21:57:06) [GCC 9.4.0]
CUDA available: True
GPU 0,1,2,3: NVIDIA GeForce RTX 3090
CUDA_HOME: /usr/local/cuda
NVCC: Build cuda_11.1.TC455_06.29190527_0
GCC: gcc (Ubuntu 9.4.0-1ubuntu1~20.04.1) 9.4.0
PyTorch: 1.9.1+cu111
PyTorch compiling details: PyTorch built with:
  - GCC 7.3
  - C++ Version: 201402
  - Intel(R) Math Kernel Library Version 2020.0.0 Product Build 20191122 for Intel(R) 64 architecture applications
  - Intel(R) MKL-DNN v2.1.2 (Git Hash 98be7e8afa711dc9b66c8ff3504129cb82013cdb)
  - OpenMP 201511 (a.k.a. OpenMP 4.5)
  - NNPACK is enabled
  - CPU capability usage: AVX2
  - CUDA Runtime 11.1
  - NVCC architecture flags: -gencode;arch=compute_37,code=sm_37;-gencode;arch=compute_50,code=sm_50;-gencode;arch=compute_60,code=sm_60;-gencode;arch=compute_70,code=sm_70;-gencode;arch=compute_75,code=sm_75;-gencode;arch=compute_80,code=sm_80;-gencode;arch=compute_86,code=sm_86
  - CuDNN 8.0.5
  - Magma 2.5.2
  - Build settings: BLAS_INFO=mkl, BUILD_TYPE=Release, CUDA_VERSION=11.1, CUDNN_VERSION=8.0.5, CXX_COMPILER=/opt/rh/devtoolset-7/root/usr/bin/c++, CXX_FLAGS= -Wno-deprecated -fvisibility-inlines-hidden -DUSE_PTHREADPOOL -fopenmp -DNDEBUG -DUSE_KINETO -DUSE_FBGEMM -DUSE_QNNPACK -DUSE_PYTORCH_QNNPACK -DUSE_XNNPACK -DSYMBOLICATE_MOBILE_DEBUG_HANDLE -O2 -fPIC -Wno-narrowing -Wall -Wextra -Werror=return-type -Wno-missing-field-initializers -Wno-type-limits -Wno-array-bounds -Wno-unknown-pragmas -Wno-sign-compare -Wno-unused-parameter -Wno-unused-variable -Wno-unused-function -Wno-unused-result -Wno-unused-local-typedefs -Wno-strict-overflow -Wno-strict-aliasing -Wno-error=deprecated-declarations -Wno-stringop-overflow -Wno-psabi -Wno-error=pedantic -Wno-error=redundant-decls -Wno-error=old-style-cast -fdiagnostics-color=always -faligned-new -Wno-unused-but-set-variable -Wno-maybe-uninitialized -fno-math-errno -fno-trapping-math -Werror=format -Wno-stringop-overflow, LAPACK_INFO=mkl, PERF_WITH_AVX=1, PERF_WITH_AVX2=1, PERF_WITH_AVX512=1, TORCH_VERSION=1.9.1, USE_CUDA=ON, USE_CUDNN=ON, USE_EXCEPTION_PTR=1, USE_GFLAGS=OFF, USE_GLOG=OFF, USE_MKL=ON, USE_MKLDNN=ON, USE_MPI=OFF, USE_NCCL=ON, USE_NNPACK=ON, USE_OPENMP=ON, 

TorchVision: 0.10.1+cu111
OpenCV: 4.5.5
MMCV: 1.4.2
MMCV Compiler: GCC 7.3
MMCV CUDA Compiler: 11.1
MMAction2: 0.20.0+26392eb
------------------------------------------------------------

2022-04-23 15:21:55,610 - mmaction - INFO - Distributed training: True
2022-04-23 15:21:57,239 - mmaction - INFO - Config: model = dict(
    type='Recognizer3D',
    backbone=dict(
        type='ResNet3dSlowOnly',
        depth=50,
        pretrained=None,
        in_channels=5,
        base_channels=32,
        num_stages=3,
        out_indices=(2, ),
        stage_blocks=(4, 6, 3),
        conv1_stride_s=1,
        pool1_stride_s=1,
        inflate=(0, 1, 1),
        spatial_strides=(2, 2, 2),
        temporal_strides=(1, 1, 2),
        dilations=(1, 1, 1),
        frozen_stages=3),
    cls_head=dict(
        type='I3DHead',
        in_channels=512,
        num_classes=10,
        spatial_type='avg',
        dropout_ratio=0.5),
    train_cfg=dict(),
    test_cfg=dict(average_clips='prob'))
dataset_type = 'PoseDataset'
ann_file_train = 'data/ds_taichi/TEST7AUG4/NSNR/train_data.pkl'
ann_file_val = 'data/ds_taichi/TEST7AUG4/NSNR/test_data.pkl'
left = [
    5, 6, 7, 8, 44, 45, 46, 47, 48, 49, 50, 51, 52, 53, 54, 55, 56, 57, 58, 59,
    60, 61, 62, 63, 64, 65, 66, 67, 68, 69, 70, 71
]
right = [
    1, 2, 3, 4, 16, 17, 18, 19, 20, 21, 22, 23, 24, 25, 26, 27, 28, 29, 30, 31,
    32, 33, 34, 35, 36, 37, 38, 39, 40, 41, 42, 43
]
train_pipeline = [
    dict(type='UniformSampleFrames', clip_len=48),
    dict(type='PoseDecode'),
    dict(type='PoseCompact', hw_ratio=1.0, allow_imgpad=True),
    dict(type='Resize', scale=(-1, 64)),
    dict(type='RandomResizedCrop', area_range=(0.56, 1.0)),
    dict(type='Resize', scale=(56, 56), keep_ratio=False),
    dict(
        type='Flip',
        flip_ratio=0.5,
        left_kp=[
            5, 6, 7, 8, 44, 45, 46, 47, 48, 49, 50, 51, 52, 53, 54, 55, 56, 57,
            58, 59, 60, 61, 62, 63, 64, 65, 66, 67, 68, 69, 70, 71
        ],
        right_kp=[
            1, 2, 3, 4, 16, 17, 18, 19, 20, 21, 22, 23, 24, 25, 26, 27, 28, 29,
            30, 31, 32, 33, 34, 35, 36, 37, 38, 39, 40, 41, 42, 43
        ]),
    dict(
        type='GenerateTaiChiPoseTarget',
        sigma=0.6,
        use_score=True,
        with_kp=True,
        with_limb=False),
    dict(type='FormatShape', input_format='NCTHW'),
    dict(type='Collect', keys=['imgs', 'label'], meta_keys=[]),
    dict(type='ToTensor', keys=['imgs', 'label'])
]
val_pipeline = [
    dict(type='UniformSampleFrames', clip_len=48, num_clips=1, test_mode=True),
    dict(type='PoseDecode'),
    dict(type='PoseCompact', hw_ratio=1.0, allow_imgpad=True),
    dict(type='Resize', scale=(-1, 64)),
    dict(type='CenterCrop', crop_size=64),
    dict(
        type='GenerateTaiChiPoseTarget',
        sigma=0.6,
        use_score=True,
        with_kp=True,
        with_limb=False),
    dict(type='FormatShape', input_format='NCTHW'),
    dict(type='Collect', keys=['imgs', 'label'], meta_keys=[]),
    dict(type='ToTensor', keys=['imgs'])
]
test_pipeline = [
    dict(
        type='UniformSampleFrames', clip_len=48, num_clips=10, test_mode=True),
    dict(type='PoseDecode'),
    dict(type='PoseCompact', hw_ratio=1.0, allow_imgpad=True),
    dict(type='Resize', scale=(-1, 64)),
    dict(type='CenterCrop', crop_size=64),
    dict(
        type='GenerateTaiChiPoseTarget',
        sigma=0.6,
        use_score=True,
        with_kp=True,
        with_limb=False,
        double=True,
        left_kp=[
            5, 6, 7, 8, 44, 45, 46, 47, 48, 49, 50, 51, 52, 53, 54, 55, 56, 57,
            58, 59, 60, 61, 62, 63, 64, 65, 66, 67, 68, 69, 70, 71
        ],
        right_kp=[
            1, 2, 3, 4, 16, 17, 18, 19, 20, 21, 22, 23, 24, 25, 26, 27, 28, 29,
            30, 31, 32, 33, 34, 35, 36, 37, 38, 39, 40, 41, 42, 43
        ]),
    dict(type='FormatShape', input_format='NCTHW'),
    dict(type='Collect', keys=['imgs', 'label'], meta_keys=[]),
    dict(type='ToTensor', keys=['imgs'])
]
data = dict(
    videos_per_gpu=8,
    workers_per_gpu=4,
    test_dataloader=dict(videos_per_gpu=4),
    train=dict(
        type='RepeatDataset',
        times=15,
        dataset=dict(
            type='PoseDataset',
            ann_file='data/ds_taichi/TEST7AUG4/NSNR/train_data.pkl',
            data_prefix='',
            pipeline=[
                dict(type='UniformSampleFrames', clip_len=48),
                dict(type='PoseDecode'),
                dict(type='PoseCompact', hw_ratio=1.0, allow_imgpad=True),
                dict(type='Resize', scale=(-1, 64)),
                dict(type='RandomResizedCrop', area_range=(0.56, 1.0)),
                dict(type='Resize', scale=(56, 56), keep_ratio=False),
                dict(
                    type='Flip',
                    flip_ratio=0.5,
                    left_kp=[
                        5, 6, 7, 8, 44, 45, 46, 47, 48, 49, 50, 51, 52, 53, 54,
                        55, 56, 57, 58, 59, 60, 61, 62, 63, 64, 65, 66, 67, 68,
                        69, 70, 71
                    ],
                    right_kp=[
                        1, 2, 3, 4, 16, 17, 18, 19, 20, 21, 22, 23, 24, 25, 26,
                        27, 28, 29, 30, 31, 32, 33, 34, 35, 36, 37, 38, 39, 40,
                        41, 42, 43
                    ]),
                dict(
                    type='GenerateTaiChiPoseTarget',
                    sigma=0.6,
                    use_score=True,
                    with_kp=True,
                    with_limb=False),
                dict(type='FormatShape', input_format='NCTHW'),
                dict(type='Collect', keys=['imgs', 'label'], meta_keys=[]),
                dict(type='ToTensor', keys=['imgs', 'label'])
            ])),
    val=dict(
        type='PoseDataset',
        ann_file='data/ds_taichi/TEST7AUG4/NSNR/test_data.pkl',
        data_prefix='',
        pipeline=[
            dict(
                type='UniformSampleFrames',
                clip_len=48,
                num_clips=1,
                test_mode=True),
            dict(type='PoseDecode'),
            dict(type='PoseCompact', hw_ratio=1.0, allow_imgpad=True),
            dict(type='Resize', scale=(-1, 64)),
            dict(type='CenterCrop', crop_size=64),
            dict(
                type='GenerateTaiChiPoseTarget',
                sigma=0.6,
                use_score=True,
                with_kp=True,
                with_limb=False),
            dict(type='FormatShape', input_format='NCTHW'),
            dict(type='Collect', keys=['imgs', 'label'], meta_keys=[]),
            dict(type='ToTensor', keys=['imgs'])
        ]),
    test=dict(
        type='PoseDataset',
        ann_file='data/ds_taichi/TEST7AUG4/NSNR/test_data.pkl',
        data_prefix='',
        pipeline=[
            dict(
                type='UniformSampleFrames',
                clip_len=48,
                num_clips=10,
                test_mode=True),
            dict(type='PoseDecode'),
            dict(type='PoseCompact', hw_ratio=1.0, allow_imgpad=True),
            dict(type='Resize', scale=(-1, 64)),
            dict(type='CenterCrop', crop_size=64),
            dict(
                type='GenerateTaiChiPoseTarget',
                sigma=0.6,
                use_score=True,
                with_kp=True,
                with_limb=False,
                double=True,
                left_kp=[
                    5, 6, 7, 8, 44, 45, 46, 47, 48, 49, 50, 51, 52, 53, 54, 55,
                    56, 57, 58, 59, 60, 61, 62, 63, 64, 65, 66, 67, 68, 69, 70,
                    71
                ],
                right_kp=[
                    1, 2, 3, 4, 16, 17, 18, 19, 20, 21, 22, 23, 24, 25, 26, 27,
                    28, 29, 30, 31, 32, 33, 34, 35, 36, 37, 38, 39, 40, 41, 42,
                    43
                ]),
            dict(type='FormatShape', input_format='NCTHW'),
            dict(type='Collect', keys=['imgs', 'label'], meta_keys=[]),
            dict(type='ToTensor', keys=['imgs'])
        ]))
optimizer = dict(type='SGD', lr=1, momentum=0.9, weight_decay=0.0003)
optimizer_config = dict(grad_clip=dict(max_norm=40, norm_type=2))
lr_config = dict(policy='CosineAnnealing', by_epoch=False, min_lr=0)
total_epochs = 24
checkpoint_config = dict(interval=1)
workflow = [('train', 1)]
evaluation = dict(
    interval=1, metrics=['top_k_accuracy', 'mean_class_accuracy'], topk=(1, 5))
log_config = dict(interval=40, hooks=[dict(type='TextLoggerHook')])
output_config = dict(
    out='./model_pth/exp0/NSNR-linear5-lr1/test_result/results.pkl')
eval_config = dict(
    metric_out='./model_pth/exp0/NSNR-linear5-lr1/test_result',
    eval=[
        'top_k_accuracy', 'mean_class_accuracy', 'confusion_matrix',
        't_sne_vis'
    ])
dist_params = dict(backend='nccl')
log_level = 'INFO'
work_dir = './model_pth/exp0/NSNR-linear5-lr1'
load_from = './model_pth/5part_ntu60_xsub_kp_0331/epoch_24.pth'
resume_from = None
find_unused_parameters = True
gpu_ids = range(0, 4)
omnisource = False
module_hooks = []

2022-04-23 15:21:57,239 - mmaction - INFO - Set random seed to 42, deterministic: True
2022-04-23 15:21:57,348 - mmaction - INFO - 240 videos remain after valid thresholding
2022-04-23 15:22:02,930 - mmaction - INFO - 140 videos remain after valid thresholding
2022-04-23 15:22:02,932 - mmaction - INFO - load checkpoint from local path: ./model_pth/5part_ntu60_xsub_kp_0331/epoch_24.pth
2022-04-23 15:22:02,953 - mmaction - WARNING - The model and loaded state dict do not match exactly

size mismatch for cls_head.fc_cls.weight: copying a param with shape torch.Size([60, 512]) from checkpoint, the shape in current model is torch.Size([10, 512]).
size mismatch for cls_head.fc_cls.bias: copying a param with shape torch.Size([60]) from checkpoint, the shape in current model is torch.Size([10]).
2022-04-23 15:22:02,953 - mmaction - INFO - Start running, host: yl@83090-jin, work_dir: /home/yl/myposec3d/model_pth/exp0/NSNR-linear5-lr1
2022-04-23 15:22:02,953 - mmaction - INFO - Hooks will be executed in the following order:
before_run:
(VERY_HIGH   ) CosineAnnealingLrUpdaterHook       
(NORMAL      ) CheckpointHook                     
(NORMAL      ) DistEvalHook                       
(VERY_LOW    ) TextLoggerHook                     
 -------------------- 
before_train_epoch:
(VERY_HIGH   ) CosineAnnealingLrUpdaterHook       
(NORMAL      ) DistSamplerSeedHook                
(NORMAL      ) DistEvalHook                       
(LOW         ) IterTimerHook                      
(VERY_LOW    ) TextLoggerHook                     
 -------------------- 
before_train_iter:
(VERY_HIGH   ) CosineAnnealingLrUpdaterHook       
(NORMAL      ) DistEvalHook                       
(LOW         ) IterTimerHook                      
 -------------------- 
after_train_iter:
(ABOVE_NORMAL) OptimizerHook                      
(NORMAL      ) CheckpointHook                     
(NORMAL      ) DistEvalHook                       
(LOW         ) IterTimerHook                      
(VERY_LOW    ) TextLoggerHook                     
 -------------------- 
after_train_epoch:
(NORMAL      ) CheckpointHook                     
(NORMAL      ) DistEvalHook                       
(VERY_LOW    ) TextLoggerHook                     
 -------------------- 
before_val_epoch:
(NORMAL      ) DistSamplerSeedHook                
(LOW         ) IterTimerHook                      
(VERY_LOW    ) TextLoggerHook                     
 -------------------- 
before_val_iter:
(LOW         ) IterTimerHook                      
 -------------------- 
after_val_iter:
(LOW         ) IterTimerHook                      
 -------------------- 
after_val_epoch:
(VERY_LOW    ) TextLoggerHook                     
 -------------------- 
after_run:
(VERY_LOW    ) TextLoggerHook                     
 -------------------- 
2022-04-23 15:22:02,954 - mmaction - INFO - workflow: [('train', 1)], max: 24 epochs
2022-04-23 15:22:02,954 - mmaction - INFO - Checkpoints will be saved to /home/yl/myposec3d/model_pth/exp0/NSNR-linear5-lr1 by HardDiskBackend.
2022-04-23 15:22:33,674 - mmaction - INFO - Epoch [1][40/113]	lr: 9.995e-01, eta: 0:34:11, time: 0.768, data_time: 0.706, memory: 665, top1_acc: 0.2625, top5_acc: 0.6562, loss_cls: 38.2355, loss: 38.2355, grad_norm: 5.4737
2022-04-23 15:22:40,148 - mmaction - INFO - Epoch [1][80/113]	lr: 9.979e-01, eta: 0:20:23, time: 0.162, data_time: 0.066, memory: 665, top1_acc: 0.4141, top5_acc: 0.8367, loss_cls: 27.9665, loss: 27.9665, grad_norm: 3.7831
2022-04-23 15:22:45,835 - mmaction - INFO - Saving checkpoint at 1 epochs
2022-04-23 15:23:11,901 - mmaction - INFO - Evaluating top_k_accuracy ...
2022-04-23 15:23:11,901 - mmaction - INFO - 
top1_acc	0.6714
top5_acc	0.9000
2022-04-23 15:23:11,901 - mmaction - INFO - Evaluating mean_class_accuracy ...
2022-04-23 15:23:11,902 - mmaction - INFO - 
mean_acc	0.6714
2022-04-23 15:23:11,926 - mmaction - INFO - Now best checkpoint is saved as best_top1_acc_epoch_1.pth.
2022-04-23 15:23:11,927 - mmaction - INFO - Best top1_acc is 0.6714 at 1 epoch.
2022-04-23 15:23:11,927 - mmaction - INFO - Epoch(val) [1][5]	top1_acc: 0.6714, top5_acc: 0.9000, mean_class_accuracy: 0.6714
2022-04-23 15:23:42,694 - mmaction - INFO - Epoch [2][40/113]	lr: 9.923e-01, eta: 0:18:56, time: 0.769, data_time: 0.612, memory: 861, top1_acc: 0.5602, top5_acc: 0.9305, loss_cls: 17.6021, loss: 17.6021, grad_norm: 3.0276
2022-04-23 15:23:49,046 - mmaction - INFO - Epoch [2][80/113]	lr: 9.877e-01, eta: 0:16:09, time: 0.159, data_time: 0.001, memory: 861, top1_acc: 0.5570, top5_acc: 0.9328, loss_cls: 18.1190, loss: 18.1190, grad_norm: 2.9514
2022-04-23 15:23:54,635 - mmaction - INFO - Saving checkpoint at 2 epochs
2022-04-23 15:24:20,750 - mmaction - INFO - Evaluating top_k_accuracy ...
2022-04-23 15:24:20,751 - mmaction - INFO - 
top1_acc	0.7071
top5_acc	0.9571
2022-04-23 15:24:20,751 - mmaction - INFO - Evaluating mean_class_accuracy ...
2022-04-23 15:24:20,752 - mmaction - INFO - 
mean_acc	0.7071
2022-04-23 15:24:20,753 - mmaction - INFO - The previous best checkpoint /home/yl/myposec3d/model_pth/exp0/NSNR-linear5-lr1/best_top1_acc_epoch_1.pth was removed
2022-04-23 15:24:20,784 - mmaction - INFO - Now best checkpoint is saved as best_top1_acc_epoch_2.pth.
2022-04-23 15:24:20,784 - mmaction - INFO - Best top1_acc is 0.7071 at 2 epoch.
2022-04-23 15:24:20,784 - mmaction - INFO - Epoch(val) [2][5]	top1_acc: 0.7071, top5_acc: 0.9571, mean_class_accuracy: 0.7071
2022-04-23 15:24:51,966 - mmaction - INFO - Epoch [3][40/113]	lr: 9.766e-01, eta: 0:16:09, time: 0.779, data_time: 0.713, memory: 861, top1_acc: 0.5867, top5_acc: 0.9266, loss_cls: 17.4999, loss: 17.4999, grad_norm: 2.9422
2022-04-23 15:24:58,433 - mmaction - INFO - Epoch [3][80/113]	lr: 9.691e-01, eta: 0:14:40, time: 0.162, data_time: 0.066, memory: 861, top1_acc: 0.5523, top5_acc: 0.9430, loss_cls: 15.4693, loss: 15.4693, grad_norm: 2.8900
2022-04-23 15:25:04,134 - mmaction - INFO - Saving checkpoint at 3 epochs
2022-04-23 15:25:30,380 - mmaction - INFO - Evaluating top_k_accuracy ...
2022-04-23 15:25:30,380 - mmaction - INFO - 
top1_acc	0.7643
top5_acc	0.9929
2022-04-23 15:25:30,380 - mmaction - INFO - Evaluating mean_class_accuracy ...
2022-04-23 15:25:30,381 - mmaction - INFO - 
mean_acc	0.7643
2022-04-23 15:25:30,382 - mmaction - INFO - The previous best checkpoint /home/yl/myposec3d/model_pth/exp0/NSNR-linear5-lr1/best_top1_acc_epoch_2.pth was removed
2022-04-23 15:25:30,407 - mmaction - INFO - Now best checkpoint is saved as best_top1_acc_epoch_3.pth.
2022-04-23 15:25:30,407 - mmaction - INFO - Best top1_acc is 0.7643 at 3 epoch.
2022-04-23 15:25:30,407 - mmaction - INFO - Epoch(val) [3][5]	top1_acc: 0.7643, top5_acc: 0.9929, mean_class_accuracy: 0.7643
2022-04-23 15:26:01,075 - mmaction - INFO - Epoch [4][40/113]	lr: 9.528e-01, eta: 0:14:37, time: 0.767, data_time: 0.631, memory: 861, top1_acc: 0.6109, top5_acc: 0.9508, loss_cls: 12.4775, loss: 12.4775, grad_norm: 2.6394
2022-04-23 15:26:07,473 - mmaction - INFO - Epoch [4][80/113]	lr: 9.425e-01, eta: 0:13:35, time: 0.160, data_time: 0.016, memory: 861, top1_acc: 0.5898, top5_acc: 0.9328, loss_cls: 15.7149, loss: 15.7149, grad_norm: 2.9326
2022-04-23 15:26:13,256 - mmaction - INFO - Saving checkpoint at 4 epochs
2022-04-23 15:26:39,302 - mmaction - INFO - Evaluating top_k_accuracy ...
2022-04-23 15:26:39,303 - mmaction - INFO - 
top1_acc	0.7500
top5_acc	1.0000
2022-04-23 15:26:39,303 - mmaction - INFO - Evaluating mean_class_accuracy ...
2022-04-23 15:26:39,304 - mmaction - INFO - 
mean_acc	0.7500
2022-04-23 15:26:39,304 - mmaction - INFO - Epoch(val) [4][5]	top1_acc: 0.7500, top5_acc: 1.0000, mean_class_accuracy: 0.7500
2022-04-23 15:27:09,957 - mmaction - INFO - Epoch [5][40/113]	lr: 9.213e-01, eta: 0:13:30, time: 0.766, data_time: 0.646, memory: 861, top1_acc: 0.5516, top5_acc: 0.9422, loss_cls: 15.1850, loss: 15.1850, grad_norm: 2.9959
2022-04-23 15:27:16,385 - mmaction - INFO - Epoch [5][80/113]	lr: 9.084e-01, eta: 0:12:42, time: 0.161, data_time: 0.026, memory: 861, top1_acc: 0.6305, top5_acc: 0.9414, loss_cls: 13.2238, loss: 13.2238, grad_norm: 2.4834
2022-04-23 15:27:21,969 - mmaction - INFO - Saving checkpoint at 5 epochs
2022-04-23 15:27:48,059 - mmaction - INFO - Evaluating top_k_accuracy ...
2022-04-23 15:27:48,059 - mmaction - INFO - 
top1_acc	0.7071
top5_acc	0.9357
2022-04-23 15:27:48,059 - mmaction - INFO - Evaluating mean_class_accuracy ...
2022-04-23 15:27:48,060 - mmaction - INFO - 
mean_acc	0.7071
2022-04-23 15:27:48,061 - mmaction - INFO - Epoch(val) [5][5]	top1_acc: 0.7071, top5_acc: 0.9357, mean_class_accuracy: 0.7071
2022-04-23 15:28:18,885 - mmaction - INFO - Epoch [6][40/113]	lr: 8.825e-01, eta: 0:12:35, time: 0.770, data_time: 0.719, memory: 861, top1_acc: 0.6039, top5_acc: 0.9414, loss_cls: 13.6325, loss: 13.6325, grad_norm: 2.7270
2022-04-23 15:28:25,219 - mmaction - INFO - Epoch [6][80/113]	lr: 8.672e-01, eta: 0:11:55, time: 0.158, data_time: 0.109, memory: 861, top1_acc: 0.5945, top5_acc: 0.9547, loss_cls: 11.8887, loss: 11.8887, grad_norm: 2.7590
2022-04-23 15:28:30,857 - mmaction - INFO - Saving checkpoint at 6 epochs
2022-04-23 15:28:56,938 - mmaction - INFO - Evaluating top_k_accuracy ...
2022-04-23 15:28:56,939 - mmaction - INFO - 
top1_acc	0.5000
top5_acc	0.9071
2022-04-23 15:28:56,939 - mmaction - INFO - Evaluating mean_class_accuracy ...
2022-04-23 15:28:56,939 - mmaction - INFO - 
mean_acc	0.5000
2022-04-23 15:28:56,939 - mmaction - INFO - Epoch(val) [6][5]	top1_acc: 0.5000, top5_acc: 0.9071, mean_class_accuracy: 0.5000
2022-04-23 15:29:27,873 - mmaction - INFO - Epoch [7][40/113]	lr: 8.372e-01, eta: 0:11:45, time: 0.773, data_time: 0.723, memory: 861, top1_acc: 0.5617, top5_acc: 0.9375, loss_cls: 14.5337, loss: 14.5337, grad_norm: 2.9346
2022-04-23 15:29:34,215 - mmaction - INFO - Epoch [7][80/113]	lr: 8.198e-01, eta: 0:11:11, time: 0.159, data_time: 0.110, memory: 861, top1_acc: 0.5977, top5_acc: 0.9523, loss_cls: 12.4616, loss: 12.4616, grad_norm: 2.7884
2022-04-23 15:29:39,820 - mmaction - INFO - Saving checkpoint at 7 epochs
2022-04-23 15:30:05,893 - mmaction - INFO - Evaluating top_k_accuracy ...
2022-04-23 15:30:05,894 - mmaction - INFO - 
top1_acc	0.6643
top5_acc	0.9929
2022-04-23 15:30:05,894 - mmaction - INFO - Evaluating mean_class_accuracy ...
2022-04-23 15:30:05,894 - mmaction - INFO - 
mean_acc	0.6643
2022-04-23 15:30:05,894 - mmaction - INFO - Epoch(val) [7][5]	top1_acc: 0.6643, top5_acc: 0.9929, mean_class_accuracy: 0.6643
2022-04-23 15:30:36,931 - mmaction - INFO - Epoch [8][40/113]	lr: 7.862e-01, eta: 0:10:59, time: 0.776, data_time: 0.727, memory: 861, top1_acc: 0.6273, top5_acc: 0.9375, loss_cls: 12.5648, loss: 12.5648, grad_norm: 2.6282
2022-04-23 15:30:43,381 - mmaction - INFO - Epoch [8][80/113]	lr: 7.669e-01, eta: 0:10:29, time: 0.161, data_time: 0.111, memory: 861, top1_acc: 0.6398, top5_acc: 0.9477, loss_cls: 10.5131, loss: 10.5131, grad_norm: 2.5226
2022-04-23 15:30:49,041 - mmaction - INFO - Saving checkpoint at 8 epochs
2022-04-23 15:31:15,055 - mmaction - INFO - Evaluating top_k_accuracy ...
2022-04-23 15:31:15,056 - mmaction - INFO - 
top1_acc	0.8143
top5_acc	1.0000
2022-04-23 15:31:15,056 - mmaction - INFO - Evaluating mean_class_accuracy ...
2022-04-23 15:31:15,057 - mmaction - INFO - 
mean_acc	0.8143
2022-04-23 15:31:15,060 - mmaction - INFO - The previous best checkpoint /home/yl/myposec3d/model_pth/exp0/NSNR-linear5-lr1/best_top1_acc_epoch_3.pth was removed
2022-04-23 15:31:15,093 - mmaction - INFO - Now best checkpoint is saved as best_top1_acc_epoch_8.pth.
2022-04-23 15:31:15,093 - mmaction - INFO - Best top1_acc is 0.8143 at 8 epoch.
2022-04-23 15:31:15,093 - mmaction - INFO - Epoch(val) [8][5]	top1_acc: 0.8143, top5_acc: 1.0000, mean_class_accuracy: 0.8143
2022-04-23 15:31:46,208 - mmaction - INFO - Epoch [9][40/113]	lr: 7.302e-01, eta: 0:10:16, time: 0.778, data_time: 0.729, memory: 861, top1_acc: 0.6398, top5_acc: 0.9602, loss_cls: 9.7064, loss: 9.7064, grad_norm: 2.5237
2022-04-23 15:31:52,744 - mmaction - INFO - Epoch [9][80/113]	lr: 7.094e-01, eta: 0:09:49, time: 0.163, data_time: 0.114, memory: 861, top1_acc: 0.6289, top5_acc: 0.9563, loss_cls: 9.6886, loss: 9.6886, grad_norm: 2.4666
2022-04-23 15:31:58,425 - mmaction - INFO - Saving checkpoint at 9 epochs
2022-04-23 15:32:24,785 - mmaction - INFO - Evaluating top_k_accuracy ...
2022-04-23 15:32:24,786 - mmaction - INFO - 
top1_acc	0.6571
top5_acc	0.9929
2022-04-23 15:32:24,786 - mmaction - INFO - Evaluating mean_class_accuracy ...
2022-04-23 15:32:24,786 - mmaction - INFO - 
mean_acc	0.6571
2022-04-23 15:32:24,786 - mmaction - INFO - Epoch(val) [9][5]	top1_acc: 0.6571, top5_acc: 0.9929, mean_class_accuracy: 0.6571
2022-04-23 15:32:55,692 - mmaction - INFO - Epoch [10][40/113]	lr: 6.703e-01, eta: 0:09:33, time: 0.772, data_time: 0.723, memory: 861, top1_acc: 0.6414, top5_acc: 0.9625, loss_cls: 8.2279, loss: 8.2279, grad_norm: 2.4015
2022-04-23 15:33:02,098 - mmaction - INFO - Epoch [10][80/113]	lr: 6.483e-01, eta: 0:09:09, time: 0.160, data_time: 0.104, memory: 861, top1_acc: 0.6211, top5_acc: 0.9531, loss_cls: 9.3687, loss: 9.3687, grad_norm: 2.6109
2022-04-23 15:33:07,685 - mmaction - INFO - Saving checkpoint at 10 epochs
2022-04-23 15:33:33,666 - mmaction - INFO - Evaluating top_k_accuracy ...
2022-04-23 15:33:33,667 - mmaction - INFO - 
top1_acc	0.7929
top5_acc	0.9714
2022-04-23 15:33:33,667 - mmaction - INFO - Evaluating mean_class_accuracy ...
2022-04-23 15:33:33,667 - mmaction - INFO - 
mean_acc	0.7929
2022-04-23 15:33:33,667 - mmaction - INFO - Epoch(val) [10][5]	top1_acc: 0.7929, top5_acc: 0.9714, mean_class_accuracy: 0.7929
2022-04-23 15:34:04,713 - mmaction - INFO - Epoch [11][40/113]	lr: 6.075e-01, eta: 0:08:52, time: 0.776, data_time: 0.725, memory: 861, top1_acc: 0.6352, top5_acc: 0.9688, loss_cls: 7.7612, loss: 7.7612, grad_norm: 2.4143
2022-04-23 15:34:11,081 - mmaction - INFO - Epoch [11][80/113]	lr: 5.847e-01, eta: 0:08:29, time: 0.159, data_time: 0.104, memory: 861, top1_acc: 0.6508, top5_acc: 0.9625, loss_cls: 7.8493, loss: 7.8493, grad_norm: 2.3856
2022-04-23 15:34:16,701 - mmaction - INFO - Saving checkpoint at 11 epochs
2022-04-23 15:34:42,838 - mmaction - INFO - Evaluating top_k_accuracy ...
2022-04-23 15:34:42,839 - mmaction - INFO - 
top1_acc	0.7643
top5_acc	0.9357
2022-04-23 15:34:42,839 - mmaction - INFO - Evaluating mean_class_accuracy ...
2022-04-23 15:34:42,840 - mmaction - INFO - 
mean_acc	0.7643
2022-04-23 15:34:42,840 - mmaction - INFO - Epoch(val) [11][5]	top1_acc: 0.7643, top5_acc: 0.9357, mean_class_accuracy: 0.7643
2022-04-23 15:35:13,786 - mmaction - INFO - Epoch [12][40/113]	lr: 5.428e-01, eta: 0:08:11, time: 0.774, data_time: 0.721, memory: 861, top1_acc: 0.6547, top5_acc: 0.9641, loss_cls: 7.6722, loss: 7.6722, grad_norm: 2.4477
2022-04-23 15:35:20,247 - mmaction - INFO - Epoch [12][80/113]	lr: 5.197e-01, eta: 0:07:50, time: 0.161, data_time: 0.083, memory: 861, top1_acc: 0.6445, top5_acc: 0.9578, loss_cls: 8.2169, loss: 8.2169, grad_norm: 2.5357
2022-04-23 15:35:25,847 - mmaction - INFO - Saving checkpoint at 12 epochs
2022-04-23 15:35:52,037 - mmaction - INFO - Evaluating top_k_accuracy ...
2022-04-23 15:35:52,038 - mmaction - INFO - 
top1_acc	0.6429
top5_acc	1.0000
2022-04-23 15:35:52,038 - mmaction - INFO - Evaluating mean_class_accuracy ...
2022-04-23 15:35:52,038 - mmaction - INFO - 
mean_acc	0.6429
2022-04-23 15:35:52,039 - mmaction - INFO - Epoch(val) [12][5]	top1_acc: 0.6429, top5_acc: 1.0000, mean_class_accuracy: 0.6429
2022-04-23 15:36:23,076 - mmaction - INFO - Epoch [13][40/113]	lr: 4.774e-01, eta: 0:07:31, time: 0.776, data_time: 0.727, memory: 861, top1_acc: 0.6500, top5_acc: 0.9703, loss_cls: 6.7766, loss: 6.7766, grad_norm: 2.3418
2022-04-23 15:36:29,444 - mmaction - INFO - Epoch [13][80/113]	lr: 4.543e-01, eta: 0:07:11, time: 0.159, data_time: 0.110, memory: 861, top1_acc: 0.7359, top5_acc: 0.9727, loss_cls: 4.7302, loss: 4.7302, grad_norm: 2.0079
2022-04-23 15:36:35,034 - mmaction - INFO - Saving checkpoint at 13 epochs
2022-04-23 15:37:01,135 - mmaction - INFO - Evaluating top_k_accuracy ...
2022-04-23 15:37:01,136 - mmaction - INFO - 
top1_acc	0.8214
top5_acc	0.9357
2022-04-23 15:37:01,136 - mmaction - INFO - Evaluating mean_class_accuracy ...
2022-04-23 15:37:01,136 - mmaction - INFO - 
mean_acc	0.8214
2022-04-23 15:37:01,138 - mmaction - INFO - The previous best checkpoint /home/yl/myposec3d/model_pth/exp0/NSNR-linear5-lr1/best_top1_acc_epoch_8.pth was removed
2022-04-23 15:37:01,163 - mmaction - INFO - Now best checkpoint is saved as best_top1_acc_epoch_13.pth.
2022-04-23 15:37:01,163 - mmaction - INFO - Best top1_acc is 0.8214 at 13 epoch.
2022-04-23 15:37:01,163 - mmaction - INFO - Epoch(val) [13][5]	top1_acc: 0.8214, top5_acc: 0.9357, mean_class_accuracy: 0.8214
2022-04-23 15:37:32,160 - mmaction - INFO - Epoch [14][40/113]	lr: 4.124e-01, eta: 0:06:51, time: 0.775, data_time: 0.696, memory: 861, top1_acc: 0.7016, top5_acc: 0.9695, loss_cls: 5.0968, loss: 5.0968, grad_norm: 2.1665
2022-04-23 15:37:38,589 - mmaction - INFO - Epoch [14][80/113]	lr: 3.897e-01, eta: 0:06:32, time: 0.161, data_time: 0.038, memory: 861, top1_acc: 0.7000, top5_acc: 0.9750, loss_cls: 4.5681, loss: 4.5681, grad_norm: 2.0474
2022-04-23 15:37:44,271 - mmaction - INFO - Saving checkpoint at 14 epochs
2022-04-23 15:38:10,406 - mmaction - INFO - Evaluating top_k_accuracy ...
2022-04-23 15:38:10,407 - mmaction - INFO - 
top1_acc	0.8714
top5_acc	1.0000
2022-04-23 15:38:10,407 - mmaction - INFO - Evaluating mean_class_accuracy ...
2022-04-23 15:38:10,407 - mmaction - INFO - 
mean_acc	0.8714
2022-04-23 15:38:10,409 - mmaction - INFO - The previous best checkpoint /home/yl/myposec3d/model_pth/exp0/NSNR-linear5-lr1/best_top1_acc_epoch_13.pth was removed
2022-04-23 15:38:10,436 - mmaction - INFO - Now best checkpoint is saved as best_top1_acc_epoch_14.pth.
2022-04-23 15:38:10,436 - mmaction - INFO - Best top1_acc is 0.8714 at 14 epoch.
2022-04-23 15:38:10,437 - mmaction - INFO - Epoch(val) [14][5]	top1_acc: 0.8714, top5_acc: 1.0000, mean_class_accuracy: 0.8714
2022-04-23 15:38:41,363 - mmaction - INFO - Epoch [15][40/113]	lr: 3.489e-01, eta: 0:06:11, time: 0.773, data_time: 0.719, memory: 861, top1_acc: 0.7000, top5_acc: 0.9695, loss_cls: 4.4716, loss: 4.4716, grad_norm: 2.0974
2022-04-23 15:38:47,817 - mmaction - INFO - Epoch [15][80/113]	lr: 3.270e-01, eta: 0:05:53, time: 0.161, data_time: 0.109, memory: 861, top1_acc: 0.7227, top5_acc: 0.9812, loss_cls: 3.5532, loss: 3.5532, grad_norm: 1.8646
2022-04-23 15:38:53,411 - mmaction - INFO - Saving checkpoint at 15 epochs
2022-04-23 15:39:19,547 - mmaction - INFO - Evaluating top_k_accuracy ...
2022-04-23 15:39:19,548 - mmaction - INFO - 
top1_acc	0.8786
top5_acc	1.0000
2022-04-23 15:39:19,548 - mmaction - INFO - Evaluating mean_class_accuracy ...
2022-04-23 15:39:19,549 - mmaction - INFO - 
mean_acc	0.8786
2022-04-23 15:39:19,551 - mmaction - INFO - The previous best checkpoint /home/yl/myposec3d/model_pth/exp0/NSNR-linear5-lr1/best_top1_acc_epoch_14.pth was removed
2022-04-23 15:39:19,578 - mmaction - INFO - Now best checkpoint is saved as best_top1_acc_epoch_15.pth.
2022-04-23 15:39:19,578 - mmaction - INFO - Best top1_acc is 0.8786 at 15 epoch.
2022-04-23 15:39:19,578 - mmaction - INFO - Epoch(val) [15][5]	top1_acc: 0.8786, top5_acc: 1.0000, mean_class_accuracy: 0.8786
2022-04-23 15:39:50,567 - mmaction - INFO - Epoch [16][40/113]	lr: 2.880e-01, eta: 0:05:32, time: 0.775, data_time: 0.725, memory: 861, top1_acc: 0.7172, top5_acc: 0.9836, loss_cls: 3.8113, loss: 3.8113, grad_norm: 2.0836
2022-04-23 15:39:56,955 - mmaction - INFO - Epoch [16][80/113]	lr: 2.672e-01, eta: 0:05:15, time: 0.160, data_time: 0.111, memory: 861, top1_acc: 0.7055, top5_acc: 0.9781, loss_cls: 3.8470, loss: 3.8470, grad_norm: 2.0027
2022-04-23 15:40:02,528 - mmaction - INFO - Saving checkpoint at 16 epochs
2022-04-23 15:40:28,748 - mmaction - INFO - Evaluating top_k_accuracy ...
2022-04-23 15:40:28,749 - mmaction - INFO - 
top1_acc	0.7929
top5_acc	1.0000
2022-04-23 15:40:28,749 - mmaction - INFO - Evaluating mean_class_accuracy ...
2022-04-23 15:40:28,749 - mmaction - INFO - 
mean_acc	0.7929
2022-04-23 15:40:28,749 - mmaction - INFO - Epoch(val) [16][5]	top1_acc: 0.7929, top5_acc: 1.0000, mean_class_accuracy: 0.7929
2022-04-23 15:40:59,330 - mmaction - INFO - Epoch [17][40/113]	lr: 2.307e-01, eta: 0:04:53, time: 0.764, data_time: 0.716, memory: 861, top1_acc: 0.7367, top5_acc: 0.9875, loss_cls: 2.7074, loss: 2.7074, grad_norm: 1.7500
2022-04-23 15:41:05,665 - mmaction - INFO - Epoch [17][80/113]	lr: 2.115e-01, eta: 0:04:36, time: 0.158, data_time: 0.110, memory: 861, top1_acc: 0.7250, top5_acc: 0.9930, loss_cls: 2.7985, loss: 2.7985, grad_norm: 1.8789
2022-04-23 15:41:11,339 - mmaction - INFO - Saving checkpoint at 17 epochs
2022-04-23 15:41:37,424 - mmaction - INFO - Evaluating top_k_accuracy ...
2022-04-23 15:41:37,425 - mmaction - INFO - 
top1_acc	0.8143
top5_acc	0.9643
2022-04-23 15:41:37,425 - mmaction - INFO - Evaluating mean_class_accuracy ...
2022-04-23 15:41:37,426 - mmaction - INFO - 
mean_acc	0.8143
2022-04-23 15:41:37,426 - mmaction - INFO - Epoch(val) [17][5]	top1_acc: 0.8143, top5_acc: 0.9643, mean_class_accuracy: 0.8143
2022-04-23 15:42:08,071 - mmaction - INFO - Epoch [18][40/113]	lr: 1.780e-01, eta: 0:04:14, time: 0.766, data_time: 0.718, memory: 861, top1_acc: 0.7461, top5_acc: 0.9828, loss_cls: 2.6782, loss: 2.6782, grad_norm: 1.8119
2022-04-23 15:42:14,374 - mmaction - INFO - Epoch [18][80/113]	lr: 1.606e-01, eta: 0:03:58, time: 0.157, data_time: 0.111, memory: 861, top1_acc: 0.7484, top5_acc: 0.9891, loss_cls: 2.1567, loss: 2.1567, grad_norm: 1.6956
2022-04-23 15:42:19,889 - mmaction - INFO - Saving checkpoint at 18 epochs
2022-04-23 15:42:46,286 - mmaction - INFO - Evaluating top_k_accuracy ...
2022-04-23 15:42:46,287 - mmaction - INFO - 
top1_acc	0.9357
top5_acc	1.0000
2022-04-23 15:42:46,287 - mmaction - INFO - Evaluating mean_class_accuracy ...
2022-04-23 15:42:46,288 - mmaction - INFO - 
mean_acc	0.9357
2022-04-23 15:42:46,290 - mmaction - INFO - The previous best checkpoint /home/yl/myposec3d/model_pth/exp0/NSNR-linear5-lr1/best_top1_acc_epoch_15.pth was removed
2022-04-23 15:42:46,318 - mmaction - INFO - Now best checkpoint is saved as best_top1_acc_epoch_18.pth.
2022-04-23 15:42:46,318 - mmaction - INFO - Best top1_acc is 0.9357 at 18 epoch.
2022-04-23 15:42:46,318 - mmaction - INFO - Epoch(val) [18][5]	top1_acc: 0.9357, top5_acc: 1.0000, mean_class_accuracy: 0.9357
2022-04-23 15:43:17,270 - mmaction - INFO - Epoch [19][40/113]	lr: 1.308e-01, eta: 0:03:35, time: 0.774, data_time: 0.718, memory: 861, top1_acc: 0.7477, top5_acc: 0.9883, loss_cls: 2.4138, loss: 2.4138, grad_norm: 1.7729
2022-04-23 15:43:23,722 - mmaction - INFO - Epoch [19][80/113]	lr: 1.156e-01, eta: 0:03:20, time: 0.161, data_time: 0.075, memory: 861, top1_acc: 0.7789, top5_acc: 0.9844, loss_cls: 2.0064, loss: 2.0064, grad_norm: 1.5438
2022-04-23 15:43:29,491 - mmaction - INFO - Saving checkpoint at 19 epochs
2022-04-23 15:43:55,396 - mmaction - INFO - Evaluating top_k_accuracy ...
2022-04-23 15:43:55,397 - mmaction - INFO - 
top1_acc	0.9714
top5_acc	1.0000
2022-04-23 15:43:55,397 - mmaction - INFO - Evaluating mean_class_accuracy ...
2022-04-23 15:43:55,398 - mmaction - INFO - 
mean_acc	0.9714
2022-04-23 15:43:55,399 - mmaction - INFO - The previous best checkpoint /home/yl/myposec3d/model_pth/exp0/NSNR-linear5-lr1/best_top1_acc_epoch_18.pth was removed
2022-04-23 15:43:55,429 - mmaction - INFO - Now best checkpoint is saved as best_top1_acc_epoch_19.pth.
2022-04-23 15:43:55,429 - mmaction - INFO - Best top1_acc is 0.9714 at 19 epoch.
2022-04-23 15:43:55,429 - mmaction - INFO - Epoch(val) [19][5]	top1_acc: 0.9714, top5_acc: 1.0000, mean_class_accuracy: 0.9714
2022-04-23 15:44:26,398 - mmaction - INFO - Epoch [20][40/113]	lr: 8.998e-02, eta: 0:02:57, time: 0.774, data_time: 0.705, memory: 861, top1_acc: 0.7922, top5_acc: 0.9875, loss_cls: 1.5121, loss: 1.5121, grad_norm: 1.5733
2022-04-23 15:44:32,933 - mmaction - INFO - Epoch [20][80/113]	lr: 7.717e-02, eta: 0:02:42, time: 0.163, data_time: 0.023, memory: 861, top1_acc: 0.7820, top5_acc: 0.9922, loss_cls: 1.5956, loss: 1.5956, grad_norm: 1.5279
2022-04-23 15:44:38,534 - mmaction - INFO - Saving checkpoint at 20 epochs
2022-04-23 15:45:04,496 - mmaction - INFO - Evaluating top_k_accuracy ...
2022-04-23 15:45:04,497 - mmaction - INFO - 
top1_acc	0.9857
top5_acc	1.0000
2022-04-23 15:45:04,497 - mmaction - INFO - Evaluating mean_class_accuracy ...
2022-04-23 15:45:04,497 - mmaction - INFO - 
mean_acc	0.9857
2022-04-23 15:45:04,500 - mmaction - INFO - The previous best checkpoint /home/yl/myposec3d/model_pth/exp0/NSNR-linear5-lr1/best_top1_acc_epoch_19.pth was removed
2022-04-23 15:45:04,529 - mmaction - INFO - Now best checkpoint is saved as best_top1_acc_epoch_20.pth.
2022-04-23 15:45:04,529 - mmaction - INFO - Best top1_acc is 0.9857 at 20 epoch.
2022-04-23 15:45:04,530 - mmaction - INFO - Epoch(val) [20][5]	top1_acc: 0.9857, top5_acc: 1.0000, mean_class_accuracy: 0.9857
2022-04-23 15:45:35,293 - mmaction - INFO - Epoch [21][40/113]	lr: 5.614e-02, eta: 0:02:19, time: 0.769, data_time: 0.715, memory: 861, top1_acc: 0.7906, top5_acc: 0.9922, loss_cls: 1.4523, loss: 1.4523, grad_norm: 1.4379
2022-04-23 15:45:41,713 - mmaction - INFO - Epoch [21][80/113]	lr: 4.595e-02, eta: 0:02:04, time: 0.160, data_time: 0.097, memory: 861, top1_acc: 0.7937, top5_acc: 0.9961, loss_cls: 1.4886, loss: 1.4886, grad_norm: 1.4858
2022-04-23 15:45:47,255 - mmaction - INFO - Saving checkpoint at 21 epochs
2022-04-23 15:46:13,660 - mmaction - INFO - Evaluating top_k_accuracy ...
2022-04-23 15:46:13,661 - mmaction - INFO - 
top1_acc	0.9643
top5_acc	1.0000
2022-04-23 15:46:13,661 - mmaction - INFO - Evaluating mean_class_accuracy ...
2022-04-23 15:46:13,661 - mmaction - INFO - 
mean_acc	0.9643
2022-04-23 15:46:13,662 - mmaction - INFO - Epoch(val) [21][5]	top1_acc: 0.9643, top5_acc: 1.0000, mean_class_accuracy: 0.9643
2022-04-23 15:46:44,523 - mmaction - INFO - Epoch [22][40/113]	lr: 2.989e-02, eta: 0:01:40, time: 0.771, data_time: 0.653, memory: 861, top1_acc: 0.8172, top5_acc: 0.9930, loss_cls: 1.2415, loss: 1.2415, grad_norm: 1.3421
2022-04-23 15:46:51,026 - mmaction - INFO - Epoch [22][80/113]	lr: 2.251e-02, eta: 0:01:26, time: 0.163, data_time: 0.010, memory: 861, top1_acc: 0.8180, top5_acc: 0.9961, loss_cls: 1.1249, loss: 1.1249, grad_norm: 1.3846
2022-04-23 15:46:56,781 - mmaction - INFO - Saving checkpoint at 22 epochs
2022-04-23 15:47:22,572 - mmaction - INFO - Evaluating top_k_accuracy ...
2022-04-23 15:47:22,573 - mmaction - INFO - 
top1_acc	0.9571
top5_acc	1.0000
2022-04-23 15:47:22,573 - mmaction - INFO - Evaluating mean_class_accuracy ...
2022-04-23 15:47:22,573 - mmaction - INFO - 
mean_acc	0.9571
2022-04-23 15:47:22,573 - mmaction - INFO - Epoch(val) [22][5]	top1_acc: 0.9571, top5_acc: 1.0000, mean_class_accuracy: 0.9571
2022-04-23 15:47:53,300 - mmaction - INFO - Epoch [23][40/113]	lr: 1.169e-02, eta: 0:01:02, time: 0.768, data_time: 0.647, memory: 861, top1_acc: 0.8086, top5_acc: 0.9922, loss_cls: 1.2543, loss: 1.2543, grad_norm: 1.4474
2022-04-23 15:47:59,709 - mmaction - INFO - Epoch [23][80/113]	lr: 7.232e-03, eta: 0:00:48, time: 0.160, data_time: 0.102, memory: 861, top1_acc: 0.8289, top5_acc: 0.9930, loss_cls: 0.9920, loss: 0.9920, grad_norm: 1.2275
2022-04-23 15:48:05,618 - mmaction - INFO - Saving checkpoint at 23 epochs
2022-04-23 15:48:31,709 - mmaction - INFO - Evaluating top_k_accuracy ...
2022-04-23 15:48:31,710 - mmaction - INFO - 
top1_acc	0.9714
top5_acc	1.0000
2022-04-23 15:48:31,710 - mmaction - INFO - Evaluating mean_class_accuracy ...
2022-04-23 15:48:31,711 - mmaction - INFO - 
mean_acc	0.9714
2022-04-23 15:48:31,711 - mmaction - INFO - Epoch(val) [23][5]	top1_acc: 0.9714, top5_acc: 1.0000, mean_class_accuracy: 0.9714
2022-04-23 15:49:02,404 - mmaction - INFO - Epoch [24][40/113]	lr: 1.836e-03, eta: 0:00:24, time: 0.767, data_time: 0.717, memory: 861, top1_acc: 0.8117, top5_acc: 0.9922, loss_cls: 1.2582, loss: 1.2582, grad_norm: 1.3959
2022-04-23 15:49:08,749 - mmaction - INFO - Epoch [24][80/113]	lr: 3.878e-04, eta: 0:00:11, time: 0.159, data_time: 0.110, memory: 861, top1_acc: 0.8180, top5_acc: 0.9945, loss_cls: 1.1311, loss: 1.1311, grad_norm: 1.3868
2022-04-23 15:49:14,270 - mmaction - INFO - Saving checkpoint at 24 epochs
2022-04-23 15:49:40,647 - mmaction - INFO - Evaluating top_k_accuracy ...
2022-04-23 15:49:40,648 - mmaction - INFO - 
top1_acc	0.9714
top5_acc	1.0000
2022-04-23 15:49:40,648 - mmaction - INFO - Evaluating mean_class_accuracy ...
2022-04-23 15:49:40,648 - mmaction - INFO - 
mean_acc	0.9714
2022-04-23 15:49:40,648 - mmaction - INFO - Epoch(val) [24][5]	top1_acc: 0.9714, top5_acc: 1.0000, mean_class_accuracy: 0.9714
