2022-04-23 14:53:58,061 - mmaction - INFO - Environment info:
------------------------------------------------------------
sys.platform: linux
Python: 3.8.12 | packaged by conda-forge | (default, Oct 12 2021, 21:57:06) [GCC 9.4.0]
CUDA available: True
GPU 0,1,2,3: NVIDIA GeForce RTX 3090
CUDA_HOME: /usr/local/cuda
NVCC: Build cuda_11.1.TC455_06.29190527_0
GCC: gcc (Ubuntu 9.4.0-1ubuntu1~20.04.1) 9.4.0
PyTorch: 1.9.1+cu111
PyTorch compiling details: PyTorch built with:
  - GCC 7.3
  - C++ Version: 201402
  - Intel(R) Math Kernel Library Version 2020.0.0 Product Build 20191122 for Intel(R) 64 architecture applications
  - Intel(R) MKL-DNN v2.1.2 (Git Hash 98be7e8afa711dc9b66c8ff3504129cb82013cdb)
  - OpenMP 201511 (a.k.a. OpenMP 4.5)
  - NNPACK is enabled
  - CPU capability usage: AVX2
  - CUDA Runtime 11.1
  - NVCC architecture flags: -gencode;arch=compute_37,code=sm_37;-gencode;arch=compute_50,code=sm_50;-gencode;arch=compute_60,code=sm_60;-gencode;arch=compute_70,code=sm_70;-gencode;arch=compute_75,code=sm_75;-gencode;arch=compute_80,code=sm_80;-gencode;arch=compute_86,code=sm_86
  - CuDNN 8.0.5
  - Magma 2.5.2
  - Build settings: BLAS_INFO=mkl, BUILD_TYPE=Release, CUDA_VERSION=11.1, CUDNN_VERSION=8.0.5, CXX_COMPILER=/opt/rh/devtoolset-7/root/usr/bin/c++, CXX_FLAGS= -Wno-deprecated -fvisibility-inlines-hidden -DUSE_PTHREADPOOL -fopenmp -DNDEBUG -DUSE_KINETO -DUSE_FBGEMM -DUSE_QNNPACK -DUSE_PYTORCH_QNNPACK -DUSE_XNNPACK -DSYMBOLICATE_MOBILE_DEBUG_HANDLE -O2 -fPIC -Wno-narrowing -Wall -Wextra -Werror=return-type -Wno-missing-field-initializers -Wno-type-limits -Wno-array-bounds -Wno-unknown-pragmas -Wno-sign-compare -Wno-unused-parameter -Wno-unused-variable -Wno-unused-function -Wno-unused-result -Wno-unused-local-typedefs -Wno-strict-overflow -Wno-strict-aliasing -Wno-error=deprecated-declarations -Wno-stringop-overflow -Wno-psabi -Wno-error=pedantic -Wno-error=redundant-decls -Wno-error=old-style-cast -fdiagnostics-color=always -faligned-new -Wno-unused-but-set-variable -Wno-maybe-uninitialized -fno-math-errno -fno-trapping-math -Werror=format -Wno-stringop-overflow, LAPACK_INFO=mkl, PERF_WITH_AVX=1, PERF_WITH_AVX2=1, PERF_WITH_AVX512=1, TORCH_VERSION=1.9.1, USE_CUDA=ON, USE_CUDNN=ON, USE_EXCEPTION_PTR=1, USE_GFLAGS=OFF, USE_GLOG=OFF, USE_MKL=ON, USE_MKLDNN=ON, USE_MPI=OFF, USE_NCCL=ON, USE_NNPACK=ON, USE_OPENMP=ON, 

TorchVision: 0.10.1+cu111
OpenCV: 4.5.5
MMCV: 1.4.2
MMCV Compiler: GCC 7.3
MMCV CUDA Compiler: 11.1
MMAction2: 0.20.0+26392eb
------------------------------------------------------------

2022-04-23 14:53:58,061 - mmaction - INFO - Distributed training: True
2022-04-23 14:53:59,701 - mmaction - INFO - Config: model = dict(
    type='Recognizer3D',
    backbone=dict(
        type='ResNet3dSlowOnly',
        depth=50,
        pretrained=None,
        in_channels=5,
        base_channels=32,
        num_stages=3,
        out_indices=(2, ),
        stage_blocks=(4, 6, 3),
        conv1_stride_s=1,
        pool1_stride_s=1,
        inflate=(0, 1, 1),
        spatial_strides=(2, 2, 2),
        temporal_strides=(1, 1, 2),
        dilations=(1, 1, 1),
        frozen_stages=3),
    cls_head=dict(
        type='I3DHead',
        in_channels=512,
        num_classes=10,
        spatial_type='avg',
        dropout_ratio=0.5),
    train_cfg=dict(),
    test_cfg=dict(average_clips='prob'))
dataset_type = 'PoseDataset'
ann_file_train = 'data/ds_taichi/TEST7AUG4/NSNR/train_data.pkl'
ann_file_val = 'data/ds_taichi/TEST7AUG4/NSNR/test_data.pkl'
left = [
    5, 6, 7, 8, 44, 45, 46, 47, 48, 49, 50, 51, 52, 53, 54, 55, 56, 57, 58, 59,
    60, 61, 62, 63, 64, 65, 66, 67, 68, 69, 70, 71
]
right = [
    1, 2, 3, 4, 16, 17, 18, 19, 20, 21, 22, 23, 24, 25, 26, 27, 28, 29, 30, 31,
    32, 33, 34, 35, 36, 37, 38, 39, 40, 41, 42, 43
]
train_pipeline = [
    dict(type='UniformSampleFrames', clip_len=48),
    dict(type='PoseDecode'),
    dict(type='PoseCompact', hw_ratio=1.0, allow_imgpad=True),
    dict(type='Resize', scale=(-1, 64)),
    dict(type='RandomResizedCrop', area_range=(0.56, 1.0)),
    dict(type='Resize', scale=(56, 56), keep_ratio=False),
    dict(
        type='Flip',
        flip_ratio=0.5,
        left_kp=[
            5, 6, 7, 8, 44, 45, 46, 47, 48, 49, 50, 51, 52, 53, 54, 55, 56, 57,
            58, 59, 60, 61, 62, 63, 64, 65, 66, 67, 68, 69, 70, 71
        ],
        right_kp=[
            1, 2, 3, 4, 16, 17, 18, 19, 20, 21, 22, 23, 24, 25, 26, 27, 28, 29,
            30, 31, 32, 33, 34, 35, 36, 37, 38, 39, 40, 41, 42, 43
        ]),
    dict(
        type='GenerateTaiChiPoseTarget',
        sigma=0.6,
        use_score=True,
        with_kp=True,
        with_limb=False),
    dict(type='FormatShape', input_format='NCTHW'),
    dict(type='Collect', keys=['imgs', 'label'], meta_keys=[]),
    dict(type='ToTensor', keys=['imgs', 'label'])
]
val_pipeline = [
    dict(type='UniformSampleFrames', clip_len=48, num_clips=1, test_mode=True),
    dict(type='PoseDecode'),
    dict(type='PoseCompact', hw_ratio=1.0, allow_imgpad=True),
    dict(type='Resize', scale=(-1, 64)),
    dict(type='CenterCrop', crop_size=64),
    dict(
        type='GenerateTaiChiPoseTarget',
        sigma=0.6,
        use_score=True,
        with_kp=True,
        with_limb=False),
    dict(type='FormatShape', input_format='NCTHW'),
    dict(type='Collect', keys=['imgs', 'label'], meta_keys=[]),
    dict(type='ToTensor', keys=['imgs'])
]
test_pipeline = [
    dict(
        type='UniformSampleFrames', clip_len=48, num_clips=10, test_mode=True),
    dict(type='PoseDecode'),
    dict(type='PoseCompact', hw_ratio=1.0, allow_imgpad=True),
    dict(type='Resize', scale=(-1, 64)),
    dict(type='CenterCrop', crop_size=64),
    dict(
        type='GenerateTaiChiPoseTarget',
        sigma=0.6,
        use_score=True,
        with_kp=True,
        with_limb=False,
        double=True,
        left_kp=[
            5, 6, 7, 8, 44, 45, 46, 47, 48, 49, 50, 51, 52, 53, 54, 55, 56, 57,
            58, 59, 60, 61, 62, 63, 64, 65, 66, 67, 68, 69, 70, 71
        ],
        right_kp=[
            1, 2, 3, 4, 16, 17, 18, 19, 20, 21, 22, 23, 24, 25, 26, 27, 28, 29,
            30, 31, 32, 33, 34, 35, 36, 37, 38, 39, 40, 41, 42, 43
        ]),
    dict(type='FormatShape', input_format='NCTHW'),
    dict(type='Collect', keys=['imgs', 'label'], meta_keys=[]),
    dict(type='ToTensor', keys=['imgs'])
]
data = dict(
    videos_per_gpu=8,
    workers_per_gpu=4,
    test_dataloader=dict(videos_per_gpu=4),
    train=dict(
        type='RepeatDataset',
        times=15,
        dataset=dict(
            type='PoseDataset',
            ann_file='data/ds_taichi/TEST7AUG4/NSNR/train_data.pkl',
            data_prefix='',
            pipeline=[
                dict(type='UniformSampleFrames', clip_len=48),
                dict(type='PoseDecode'),
                dict(type='PoseCompact', hw_ratio=1.0, allow_imgpad=True),
                dict(type='Resize', scale=(-1, 64)),
                dict(type='RandomResizedCrop', area_range=(0.56, 1.0)),
                dict(type='Resize', scale=(56, 56), keep_ratio=False),
                dict(
                    type='Flip',
                    flip_ratio=0.5,
                    left_kp=[
                        5, 6, 7, 8, 44, 45, 46, 47, 48, 49, 50, 51, 52, 53, 54,
                        55, 56, 57, 58, 59, 60, 61, 62, 63, 64, 65, 66, 67, 68,
                        69, 70, 71
                    ],
                    right_kp=[
                        1, 2, 3, 4, 16, 17, 18, 19, 20, 21, 22, 23, 24, 25, 26,
                        27, 28, 29, 30, 31, 32, 33, 34, 35, 36, 37, 38, 39, 40,
                        41, 42, 43
                    ]),
                dict(
                    type='GenerateTaiChiPoseTarget',
                    sigma=0.6,
                    use_score=True,
                    with_kp=True,
                    with_limb=False),
                dict(type='FormatShape', input_format='NCTHW'),
                dict(type='Collect', keys=['imgs', 'label'], meta_keys=[]),
                dict(type='ToTensor', keys=['imgs', 'label'])
            ])),
    val=dict(
        type='PoseDataset',
        ann_file='data/ds_taichi/TEST7AUG4/NSNR/test_data.pkl',
        data_prefix='',
        pipeline=[
            dict(
                type='UniformSampleFrames',
                clip_len=48,
                num_clips=1,
                test_mode=True),
            dict(type='PoseDecode'),
            dict(type='PoseCompact', hw_ratio=1.0, allow_imgpad=True),
            dict(type='Resize', scale=(-1, 64)),
            dict(type='CenterCrop', crop_size=64),
            dict(
                type='GenerateTaiChiPoseTarget',
                sigma=0.6,
                use_score=True,
                with_kp=True,
                with_limb=False),
            dict(type='FormatShape', input_format='NCTHW'),
            dict(type='Collect', keys=['imgs', 'label'], meta_keys=[]),
            dict(type='ToTensor', keys=['imgs'])
        ]),
    test=dict(
        type='PoseDataset',
        ann_file='data/ds_taichi/TEST7AUG4/NSNR/test_data.pkl',
        data_prefix='',
        pipeline=[
            dict(
                type='UniformSampleFrames',
                clip_len=48,
                num_clips=10,
                test_mode=True),
            dict(type='PoseDecode'),
            dict(type='PoseCompact', hw_ratio=1.0, allow_imgpad=True),
            dict(type='Resize', scale=(-1, 64)),
            dict(type='CenterCrop', crop_size=64),
            dict(
                type='GenerateTaiChiPoseTarget',
                sigma=0.6,
                use_score=True,
                with_kp=True,
                with_limb=False,
                double=True,
                left_kp=[
                    5, 6, 7, 8, 44, 45, 46, 47, 48, 49, 50, 51, 52, 53, 54, 55,
                    56, 57, 58, 59, 60, 61, 62, 63, 64, 65, 66, 67, 68, 69, 70,
                    71
                ],
                right_kp=[
                    1, 2, 3, 4, 16, 17, 18, 19, 20, 21, 22, 23, 24, 25, 26, 27,
                    28, 29, 30, 31, 32, 33, 34, 35, 36, 37, 38, 39, 40, 41, 42,
                    43
                ]),
            dict(type='FormatShape', input_format='NCTHW'),
            dict(type='Collect', keys=['imgs', 'label'], meta_keys=[]),
            dict(type='ToTensor', keys=['imgs'])
        ]))
optimizer = dict(type='SGD', lr=3, momentum=0.9, weight_decay=0.0003)
optimizer_config = dict(grad_clip=dict(max_norm=40, norm_type=2))
lr_config = dict(policy='CosineAnnealing', by_epoch=False, min_lr=0)
total_epochs = 24
checkpoint_config = dict(interval=1)
workflow = [('train', 1)]
evaluation = dict(
    interval=1, metrics=['top_k_accuracy', 'mean_class_accuracy'], topk=(1, 5))
log_config = dict(interval=40, hooks=[dict(type='TextLoggerHook')])
output_config = dict(
    out='./model_pth/exp0/NSNR-linear5-lr3/test_result/results.pkl')
eval_config = dict(
    metric_out='./model_pth/exp0/NSNR-linear5-lr3/test_result',
    eval=[
        'top_k_accuracy', 'mean_class_accuracy', 'confusion_matrix',
        't_sne_vis'
    ])
dist_params = dict(backend='nccl')
log_level = 'INFO'
work_dir = './model_pth/exp0/NSNR-linear5-lr3'
load_from = './model_pth/5part_ntu60_xsub_kp_0331/epoch_24.pth'
resume_from = None
find_unused_parameters = True
gpu_ids = range(0, 4)
omnisource = False
module_hooks = []

2022-04-23 14:53:59,701 - mmaction - INFO - Set random seed to 42, deterministic: True
2022-04-23 14:53:59,809 - mmaction - INFO - 240 videos remain after valid thresholding
2022-04-23 14:54:05,399 - mmaction - INFO - 140 videos remain after valid thresholding
2022-04-23 14:54:05,400 - mmaction - INFO - load checkpoint from local path: ./model_pth/5part_ntu60_xsub_kp_0331/epoch_24.pth
2022-04-23 14:54:05,421 - mmaction - WARNING - The model and loaded state dict do not match exactly

size mismatch for cls_head.fc_cls.weight: copying a param with shape torch.Size([60, 512]) from checkpoint, the shape in current model is torch.Size([10, 512]).
size mismatch for cls_head.fc_cls.bias: copying a param with shape torch.Size([60]) from checkpoint, the shape in current model is torch.Size([10]).
2022-04-23 14:54:05,421 - mmaction - INFO - Start running, host: yl@83090-jin, work_dir: /home/yl/myposec3d/model_pth/exp0/NSNR-linear5-lr3
2022-04-23 14:54:05,422 - mmaction - INFO - Hooks will be executed in the following order:
before_run:
(VERY_HIGH   ) CosineAnnealingLrUpdaterHook       
(NORMAL      ) CheckpointHook                     
(NORMAL      ) DistEvalHook                       
(VERY_LOW    ) TextLoggerHook                     
 -------------------- 
before_train_epoch:
(VERY_HIGH   ) CosineAnnealingLrUpdaterHook       
(NORMAL      ) DistSamplerSeedHook                
(NORMAL      ) DistEvalHook                       
(LOW         ) IterTimerHook                      
(VERY_LOW    ) TextLoggerHook                     
 -------------------- 
before_train_iter:
(VERY_HIGH   ) CosineAnnealingLrUpdaterHook       
(NORMAL      ) DistEvalHook                       
(LOW         ) IterTimerHook                      
 -------------------- 
after_train_iter:
(ABOVE_NORMAL) OptimizerHook                      
(NORMAL      ) CheckpointHook                     
(NORMAL      ) DistEvalHook                       
(LOW         ) IterTimerHook                      
(VERY_LOW    ) TextLoggerHook                     
 -------------------- 
after_train_epoch:
(NORMAL      ) CheckpointHook                     
(NORMAL      ) DistEvalHook                       
(VERY_LOW    ) TextLoggerHook                     
 -------------------- 
before_val_epoch:
(NORMAL      ) DistSamplerSeedHook                
(LOW         ) IterTimerHook                      
(VERY_LOW    ) TextLoggerHook                     
 -------------------- 
before_val_iter:
(LOW         ) IterTimerHook                      
 -------------------- 
after_val_iter:
(LOW         ) IterTimerHook                      
 -------------------- 
after_val_epoch:
(VERY_LOW    ) TextLoggerHook                     
 -------------------- 
after_run:
(VERY_LOW    ) TextLoggerHook                     
 -------------------- 
2022-04-23 14:54:05,422 - mmaction - INFO - workflow: [('train', 1)], max: 24 epochs
2022-04-23 14:54:05,422 - mmaction - INFO - Checkpoints will be saved to /home/yl/myposec3d/model_pth/exp0/NSNR-linear5-lr3 by HardDiskBackend.
2022-04-23 14:54:36,097 - mmaction - INFO - Epoch [1][40/113]	lr: 2.998e+00, eta: 0:34:08, time: 0.767, data_time: 0.678, memory: 665, top1_acc: 0.2469, top5_acc: 0.6547, loss_cls: 135.9623, loss: 135.9623, grad_norm: 5.5097
2022-04-23 14:54:42,567 - mmaction - INFO - Epoch [1][80/113]	lr: 2.994e+00, eta: 0:20:21, time: 0.162, data_time: 0.021, memory: 665, top1_acc: 0.4133, top5_acc: 0.8414, loss_cls: 83.8596, loss: 83.8596, grad_norm: 3.9407
2022-04-23 14:54:48,188 - mmaction - INFO - Saving checkpoint at 1 epochs
2022-04-23 14:55:14,188 - mmaction - INFO - Evaluating top_k_accuracy ...
2022-04-23 14:55:14,188 - mmaction - INFO - 
top1_acc	0.6000
top5_acc	0.8286
2022-04-23 14:55:14,188 - mmaction - INFO - Evaluating mean_class_accuracy ...
2022-04-23 14:55:14,189 - mmaction - INFO - 
mean_acc	0.6000
2022-04-23 14:55:14,222 - mmaction - INFO - Now best checkpoint is saved as best_top1_acc_epoch_1.pth.
2022-04-23 14:55:14,222 - mmaction - INFO - Best top1_acc is 0.6000 at 1 epoch.
2022-04-23 14:55:14,223 - mmaction - INFO - Epoch(val) [1][5]	top1_acc: 0.6000, top5_acc: 0.8286, mean_class_accuracy: 0.6000
2022-04-23 14:55:44,756 - mmaction - INFO - Epoch [2][40/113]	lr: 2.977e+00, eta: 0:18:51, time: 0.763, data_time: 0.702, memory: 861, top1_acc: 0.4852, top5_acc: 0.8984, loss_cls: 53.6779, loss: 53.6779, grad_norm: 3.4070
2022-04-23 14:55:51,183 - mmaction - INFO - Epoch [2][80/113]	lr: 2.963e+00, eta: 0:16:07, time: 0.161, data_time: 0.062, memory: 861, top1_acc: 0.4984, top5_acc: 0.8977, loss_cls: 49.7969, loss: 49.7969, grad_norm: 3.3325
2022-04-23 14:55:56,957 - mmaction - INFO - Saving checkpoint at 2 epochs
2022-04-23 14:56:23,279 - mmaction - INFO - Evaluating top_k_accuracy ...
2022-04-23 14:56:23,280 - mmaction - INFO - 
top1_acc	0.5786
top5_acc	0.9000
2022-04-23 14:56:23,280 - mmaction - INFO - Evaluating mean_class_accuracy ...
2022-04-23 14:56:23,281 - mmaction - INFO - 
mean_acc	0.5786
2022-04-23 14:56:23,281 - mmaction - INFO - Epoch(val) [2][5]	top1_acc: 0.5786, top5_acc: 0.9000, mean_class_accuracy: 0.5786
2022-04-23 14:56:54,153 - mmaction - INFO - Epoch [3][40/113]	lr: 2.930e+00, eta: 0:16:05, time: 0.771, data_time: 0.717, memory: 861, top1_acc: 0.5156, top5_acc: 0.9000, loss_cls: 42.3659, loss: 42.3659, grad_norm: 3.1286
2022-04-23 14:57:00,594 - mmaction - INFO - Epoch [3][80/113]	lr: 2.907e+00, eta: 0:14:35, time: 0.161, data_time: 0.076, memory: 861, top1_acc: 0.5148, top5_acc: 0.9008, loss_cls: 43.0351, loss: 43.0351, grad_norm: 3.1836
2022-04-23 14:57:06,221 - mmaction - INFO - Saving checkpoint at 3 epochs
2022-04-23 14:57:32,319 - mmaction - INFO - Evaluating top_k_accuracy ...
2022-04-23 14:57:32,320 - mmaction - INFO - 
top1_acc	0.5571
top5_acc	0.9000
2022-04-23 14:57:32,320 - mmaction - INFO - Evaluating mean_class_accuracy ...
2022-04-23 14:57:32,321 - mmaction - INFO - 
mean_acc	0.5571
2022-04-23 14:57:32,321 - mmaction - INFO - Epoch(val) [3][5]	top1_acc: 0.5571, top5_acc: 0.9000, mean_class_accuracy: 0.5571
2022-04-23 14:58:03,004 - mmaction - INFO - Epoch [4][40/113]	lr: 2.858e+00, eta: 0:14:34, time: 0.767, data_time: 0.717, memory: 861, top1_acc: 0.4211, top5_acc: 0.8680, loss_cls: 64.8358, loss: 64.8358, grad_norm: 4.0198
2022-04-23 14:58:09,320 - mmaction - INFO - Epoch [4][80/113]	lr: 2.828e+00, eta: 0:13:32, time: 0.158, data_time: 0.101, memory: 861, top1_acc: 0.4938, top5_acc: 0.9109, loss_cls: 54.4347, loss: 54.4347, grad_norm: 3.4237
2022-04-23 14:58:14,858 - mmaction - INFO - Saving checkpoint at 4 epochs
2022-04-23 14:58:41,494 - mmaction - INFO - Evaluating top_k_accuracy ...
2022-04-23 14:58:41,494 - mmaction - INFO - 
top1_acc	0.3571
top5_acc	0.8571
2022-04-23 14:58:41,494 - mmaction - INFO - Evaluating mean_class_accuracy ...
2022-04-23 14:58:41,494 - mmaction - INFO - 
mean_acc	0.3571
2022-04-23 14:58:41,495 - mmaction - INFO - Epoch(val) [4][5]	top1_acc: 0.3571, top5_acc: 0.8571, mean_class_accuracy: 0.3571
2022-04-23 14:59:12,168 - mmaction - INFO - Epoch [5][40/113]	lr: 2.764e+00, eta: 0:13:27, time: 0.767, data_time: 0.717, memory: 861, top1_acc: 0.4836, top5_acc: 0.8633, loss_cls: 63.2354, loss: 63.2354, grad_norm: 3.6968
2022-04-23 14:59:18,528 - mmaction - INFO - Epoch [5][80/113]	lr: 2.725e+00, eta: 0:12:39, time: 0.159, data_time: 0.110, memory: 861, top1_acc: 0.5078, top5_acc: 0.8758, loss_cls: 57.9709, loss: 57.9709, grad_norm: 3.3963
2022-04-23 14:59:24,202 - mmaction - INFO - Saving checkpoint at 5 epochs
2022-04-23 14:59:50,020 - mmaction - INFO - Evaluating top_k_accuracy ...
2022-04-23 14:59:50,020 - mmaction - INFO - 
top1_acc	0.6214
top5_acc	0.9857
2022-04-23 14:59:50,020 - mmaction - INFO - Evaluating mean_class_accuracy ...
2022-04-23 14:59:50,020 - mmaction - INFO - 
mean_acc	0.6214
2022-04-23 14:59:50,022 - mmaction - INFO - The previous best checkpoint /home/yl/myposec3d/model_pth/exp0/NSNR-linear5-lr3/best_top1_acc_epoch_1.pth was removed
2022-04-23 14:59:50,050 - mmaction - INFO - Now best checkpoint is saved as best_top1_acc_epoch_5.pth.
2022-04-23 14:59:50,050 - mmaction - INFO - Best top1_acc is 0.6214 at 5 epoch.
2022-04-23 14:59:50,051 - mmaction - INFO - Epoch(val) [5][5]	top1_acc: 0.6214, top5_acc: 0.9857, mean_class_accuracy: 0.6214
2022-04-23 15:00:20,723 - mmaction - INFO - Epoch [6][40/113]	lr: 2.648e+00, eta: 0:12:32, time: 0.767, data_time: 0.718, memory: 861, top1_acc: 0.5172, top5_acc: 0.9070, loss_cls: 42.1893, loss: 42.1893, grad_norm: 3.2527
2022-04-23 15:00:27,125 - mmaction - INFO - Epoch [6][80/113]	lr: 2.602e+00, eta: 0:11:52, time: 0.160, data_time: 0.111, memory: 861, top1_acc: 0.4859, top5_acc: 0.8922, loss_cls: 47.3028, loss: 47.3028, grad_norm: 3.4830
2022-04-23 15:00:32,862 - mmaction - INFO - Saving checkpoint at 6 epochs
2022-04-23 15:00:58,896 - mmaction - INFO - Evaluating top_k_accuracy ...
2022-04-23 15:00:58,896 - mmaction - INFO - 
top1_acc	0.4786
top5_acc	0.8857
2022-04-23 15:00:58,897 - mmaction - INFO - Evaluating mean_class_accuracy ...
2022-04-23 15:00:58,897 - mmaction - INFO - 
mean_acc	0.4786
2022-04-23 15:00:58,897 - mmaction - INFO - Epoch(val) [6][5]	top1_acc: 0.4786, top5_acc: 0.8857, mean_class_accuracy: 0.4786
2022-04-23 15:01:29,638 - mmaction - INFO - Epoch [7][40/113]	lr: 2.512e+00, eta: 0:11:43, time: 0.768, data_time: 0.652, memory: 861, top1_acc: 0.4945, top5_acc: 0.8984, loss_cls: 42.3253, loss: 42.3253, grad_norm: 3.2017
2022-04-23 15:01:35,962 - mmaction - INFO - Epoch [7][80/113]	lr: 2.459e+00, eta: 0:11:09, time: 0.158, data_time: 0.012, memory: 861, top1_acc: 0.4891, top5_acc: 0.8875, loss_cls: 46.1186, loss: 46.1186, grad_norm: 3.4779
2022-04-23 15:01:41,581 - mmaction - INFO - Saving checkpoint at 7 epochs
2022-04-23 15:02:07,822 - mmaction - INFO - Evaluating top_k_accuracy ...
2022-04-23 15:02:07,823 - mmaction - INFO - 
top1_acc	0.6714
top5_acc	0.9643
2022-04-23 15:02:07,823 - mmaction - INFO - Evaluating mean_class_accuracy ...
2022-04-23 15:02:07,824 - mmaction - INFO - 
mean_acc	0.6714
2022-04-23 15:02:07,826 - mmaction - INFO - The previous best checkpoint /home/yl/myposec3d/model_pth/exp0/NSNR-linear5-lr3/best_top1_acc_epoch_5.pth was removed
2022-04-23 15:02:07,852 - mmaction - INFO - Now best checkpoint is saved as best_top1_acc_epoch_7.pth.
2022-04-23 15:02:07,852 - mmaction - INFO - Best top1_acc is 0.6714 at 7 epoch.
2022-04-23 15:02:07,853 - mmaction - INFO - Epoch(val) [7][5]	top1_acc: 0.6714, top5_acc: 0.9643, mean_class_accuracy: 0.6714
2022-04-23 15:02:38,614 - mmaction - INFO - Epoch [8][40/113]	lr: 2.358e+00, eta: 0:10:57, time: 0.769, data_time: 0.720, memory: 861, top1_acc: 0.5094, top5_acc: 0.9117, loss_cls: 42.3744, loss: 42.3744, grad_norm: 3.3919
2022-04-23 15:02:45,122 - mmaction - INFO - Epoch [8][80/113]	lr: 2.301e+00, eta: 0:10:27, time: 0.163, data_time: 0.113, memory: 861, top1_acc: 0.5109, top5_acc: 0.9125, loss_cls: 41.2785, loss: 41.2785, grad_norm: 3.2664
2022-04-23 15:02:50,744 - mmaction - INFO - Saving checkpoint at 8 epochs
2022-04-23 15:03:16,859 - mmaction - INFO - Evaluating top_k_accuracy ...
2022-04-23 15:03:16,860 - mmaction - INFO - 
top1_acc	0.7857
top5_acc	0.9214
2022-04-23 15:03:16,860 - mmaction - INFO - Evaluating mean_class_accuracy ...
2022-04-23 15:03:16,861 - mmaction - INFO - 
mean_acc	0.7857
2022-04-23 15:03:16,863 - mmaction - INFO - The previous best checkpoint /home/yl/myposec3d/model_pth/exp0/NSNR-linear5-lr3/best_top1_acc_epoch_7.pth was removed
2022-04-23 15:03:16,892 - mmaction - INFO - Now best checkpoint is saved as best_top1_acc_epoch_8.pth.
2022-04-23 15:03:16,893 - mmaction - INFO - Best top1_acc is 0.7857 at 8 epoch.
2022-04-23 15:03:16,893 - mmaction - INFO - Epoch(val) [8][5]	top1_acc: 0.7857, top5_acc: 0.9214, mean_class_accuracy: 0.7857
2022-04-23 15:03:47,797 - mmaction - INFO - Epoch [9][40/113]	lr: 2.191e+00, eta: 0:10:13, time: 0.773, data_time: 0.712, memory: 861, top1_acc: 0.5391, top5_acc: 0.9195, loss_cls: 34.9083, loss: 34.9083, grad_norm: 3.1344
2022-04-23 15:03:54,237 - mmaction - INFO - Epoch [9][80/113]	lr: 2.128e+00, eta: 0:09:46, time: 0.161, data_time: 0.060, memory: 861, top1_acc: 0.4930, top5_acc: 0.9055, loss_cls: 38.0866, loss: 38.0866, grad_norm: 3.3824
2022-04-23 15:03:59,944 - mmaction - INFO - Saving checkpoint at 9 epochs
2022-04-23 15:04:25,975 - mmaction - INFO - Evaluating top_k_accuracy ...
2022-04-23 15:04:25,976 - mmaction - INFO - 
top1_acc	0.6929
top5_acc	0.9571
2022-04-23 15:04:25,976 - mmaction - INFO - Evaluating mean_class_accuracy ...
2022-04-23 15:04:25,976 - mmaction - INFO - 
mean_acc	0.6929
2022-04-23 15:04:25,976 - mmaction - INFO - Epoch(val) [9][5]	top1_acc: 0.6929, top5_acc: 0.9571, mean_class_accuracy: 0.6929
2022-04-23 15:04:56,652 - mmaction - INFO - Epoch [10][40/113]	lr: 2.011e+00, eta: 0:09:31, time: 0.767, data_time: 0.656, memory: 861, top1_acc: 0.5398, top5_acc: 0.9156, loss_cls: 30.5054, loss: 30.5054, grad_norm: 3.0684
2022-04-23 15:05:02,958 - mmaction - INFO - Epoch [10][80/113]	lr: 1.945e+00, eta: 0:09:06, time: 0.158, data_time: 0.043, memory: 861, top1_acc: 0.5539, top5_acc: 0.9313, loss_cls: 27.2552, loss: 27.2552, grad_norm: 2.8025
2022-04-23 15:05:08,492 - mmaction - INFO - Saving checkpoint at 10 epochs
2022-04-23 15:05:34,429 - mmaction - INFO - Evaluating top_k_accuracy ...
2022-04-23 15:05:34,430 - mmaction - INFO - 
top1_acc	0.4786
top5_acc	0.9214
2022-04-23 15:05:34,430 - mmaction - INFO - Evaluating mean_class_accuracy ...
2022-04-23 15:05:34,430 - mmaction - INFO - 
mean_acc	0.4786
2022-04-23 15:05:34,430 - mmaction - INFO - Epoch(val) [10][5]	top1_acc: 0.4786, top5_acc: 0.9214, mean_class_accuracy: 0.4786
2022-04-23 15:06:05,057 - mmaction - INFO - Epoch [11][40/113]	lr: 1.822e+00, eta: 0:08:49, time: 0.765, data_time: 0.716, memory: 861, top1_acc: 0.5164, top5_acc: 0.9133, loss_cls: 31.3741, loss: 31.3741, grad_norm: 3.2469
2022-04-23 15:06:11,317 - mmaction - INFO - Epoch [11][80/113]	lr: 1.754e+00, eta: 0:08:26, time: 0.157, data_time: 0.108, memory: 861, top1_acc: 0.5563, top5_acc: 0.9297, loss_cls: 27.8724, loss: 27.8724, grad_norm: 2.9881
2022-04-23 15:06:16,877 - mmaction - INFO - Saving checkpoint at 11 epochs
2022-04-23 15:06:43,037 - mmaction - INFO - Evaluating top_k_accuracy ...
2022-04-23 15:06:43,038 - mmaction - INFO - 
top1_acc	0.7143
top5_acc	0.9357
2022-04-23 15:06:43,038 - mmaction - INFO - Evaluating mean_class_accuracy ...
2022-04-23 15:06:43,038 - mmaction - INFO - 
mean_acc	0.7143
2022-04-23 15:06:43,038 - mmaction - INFO - Epoch(val) [11][5]	top1_acc: 0.7143, top5_acc: 0.9357, mean_class_accuracy: 0.7143
2022-04-23 15:07:13,682 - mmaction - INFO - Epoch [12][40/113]	lr: 1.628e+00, eta: 0:08:08, time: 0.766, data_time: 0.706, memory: 861, top1_acc: 0.5383, top5_acc: 0.9266, loss_cls: 28.2304, loss: 28.2304, grad_norm: 3.1349
2022-04-23 15:07:19,962 - mmaction - INFO - Epoch [12][80/113]	lr: 1.559e+00, eta: 0:07:47, time: 0.157, data_time: 0.108, memory: 861, top1_acc: 0.5773, top5_acc: 0.9523, loss_cls: 21.8105, loss: 21.8105, grad_norm: 2.7726
2022-04-23 15:07:25,620 - mmaction - INFO - Saving checkpoint at 12 epochs
2022-04-23 15:07:51,595 - mmaction - INFO - Evaluating top_k_accuracy ...
2022-04-23 15:07:51,596 - mmaction - INFO - 
top1_acc	0.4929
top5_acc	0.9571
2022-04-23 15:07:51,596 - mmaction - INFO - Evaluating mean_class_accuracy ...
2022-04-23 15:07:51,597 - mmaction - INFO - 
mean_acc	0.4929
2022-04-23 15:07:51,597 - mmaction - INFO - Epoch(val) [12][5]	top1_acc: 0.4929, top5_acc: 0.9571, mean_class_accuracy: 0.4929
2022-04-23 15:08:22,372 - mmaction - INFO - Epoch [13][40/113]	lr: 1.432e+00, eta: 0:07:28, time: 0.769, data_time: 0.696, memory: 861, top1_acc: 0.5336, top5_acc: 0.9344, loss_cls: 25.4738, loss: 25.4738, grad_norm: 3.0949
2022-04-23 15:08:28,707 - mmaction - INFO - Epoch [13][80/113]	lr: 1.363e+00, eta: 0:07:08, time: 0.158, data_time: 0.057, memory: 861, top1_acc: 0.6070, top5_acc: 0.9563, loss_cls: 17.8163, loss: 17.8163, grad_norm: 2.6777
2022-04-23 15:08:34,228 - mmaction - INFO - Saving checkpoint at 13 epochs
2022-04-23 15:09:00,676 - mmaction - INFO - Evaluating top_k_accuracy ...
2022-04-23 15:09:00,677 - mmaction - INFO - 
top1_acc	0.7214
top5_acc	0.9357
2022-04-23 15:09:00,677 - mmaction - INFO - Evaluating mean_class_accuracy ...
2022-04-23 15:09:00,677 - mmaction - INFO - 
mean_acc	0.7214
2022-04-23 15:09:00,678 - mmaction - INFO - Epoch(val) [13][5]	top1_acc: 0.7214, top5_acc: 0.9357, mean_class_accuracy: 0.7214
2022-04-23 15:09:31,460 - mmaction - INFO - Epoch [14][40/113]	lr: 1.237e+00, eta: 0:06:48, time: 0.769, data_time: 0.644, memory: 861, top1_acc: 0.6031, top5_acc: 0.9484, loss_cls: 16.0758, loss: 16.0758, grad_norm: 2.6703
2022-04-23 15:09:37,865 - mmaction - INFO - Epoch [14][80/113]	lr: 1.169e+00, eta: 0:06:29, time: 0.160, data_time: 0.008, memory: 861, top1_acc: 0.5750, top5_acc: 0.9383, loss_cls: 18.4658, loss: 18.4658, grad_norm: 2.8686
2022-04-23 15:09:43,544 - mmaction - INFO - Saving checkpoint at 14 epochs
2022-04-23 15:10:09,810 - mmaction - INFO - Evaluating top_k_accuracy ...
2022-04-23 15:10:09,811 - mmaction - INFO - 
top1_acc	0.6071
top5_acc	0.8714
2022-04-23 15:10:09,811 - mmaction - INFO - Evaluating mean_class_accuracy ...
2022-04-23 15:10:09,812 - mmaction - INFO - 
mean_acc	0.6071
2022-04-23 15:10:09,812 - mmaction - INFO - Epoch(val) [14][5]	top1_acc: 0.6071, top5_acc: 0.8714, mean_class_accuracy: 0.6071
2022-04-23 15:10:40,862 - mmaction - INFO - Epoch [15][40/113]	lr: 1.047e+00, eta: 0:06:09, time: 0.776, data_time: 0.709, memory: 861, top1_acc: 0.6023, top5_acc: 0.9492, loss_cls: 14.1424, loss: 14.1424, grad_norm: 2.6473
2022-04-23 15:10:47,283 - mmaction - INFO - Epoch [15][80/113]	lr: 9.810e-01, eta: 0:05:51, time: 0.161, data_time: 0.080, memory: 861, top1_acc: 0.6312, top5_acc: 0.9461, loss_cls: 14.3748, loss: 14.3748, grad_norm: 2.4691
2022-04-23 15:10:53,034 - mmaction - INFO - Saving checkpoint at 15 epochs
2022-04-23 15:11:19,355 - mmaction - INFO - Evaluating top_k_accuracy ...
2022-04-23 15:11:19,356 - mmaction - INFO - 
top1_acc	0.4643
top5_acc	0.9643
2022-04-23 15:11:19,356 - mmaction - INFO - Evaluating mean_class_accuracy ...
2022-04-23 15:11:19,356 - mmaction - INFO - 
mean_acc	0.4643
2022-04-23 15:11:19,357 - mmaction - INFO - Epoch(val) [15][5]	top1_acc: 0.4643, top5_acc: 0.9643, mean_class_accuracy: 0.4643
2022-04-23 15:11:50,292 - mmaction - INFO - Epoch [16][40/113]	lr: 8.640e-01, eta: 0:05:30, time: 0.773, data_time: 0.721, memory: 861, top1_acc: 0.6031, top5_acc: 0.9469, loss_cls: 14.7486, loss: 14.7486, grad_norm: 2.9076
2022-04-23 15:11:56,725 - mmaction - INFO - Epoch [16][80/113]	lr: 8.017e-01, eta: 0:05:13, time: 0.161, data_time: 0.106, memory: 861, top1_acc: 0.6164, top5_acc: 0.9523, loss_cls: 12.2611, loss: 12.2611, grad_norm: 2.5139
2022-04-23 15:12:02,281 - mmaction - INFO - Saving checkpoint at 16 epochs
2022-04-23 15:12:28,422 - mmaction - INFO - Evaluating top_k_accuracy ...
2022-04-23 15:12:28,423 - mmaction - INFO - 
top1_acc	0.7214
top5_acc	0.9929
2022-04-23 15:12:28,423 - mmaction - INFO - Evaluating mean_class_accuracy ...
2022-04-23 15:12:28,423 - mmaction - INFO - 
mean_acc	0.7214
2022-04-23 15:12:28,424 - mmaction - INFO - Epoch(val) [16][5]	top1_acc: 0.7214, top5_acc: 0.9929, mean_class_accuracy: 0.7214
2022-04-23 15:12:59,288 - mmaction - INFO - Epoch [17][40/113]	lr: 6.921e-01, eta: 0:04:52, time: 0.772, data_time: 0.722, memory: 861, top1_acc: 0.6844, top5_acc: 0.9711, loss_cls: 7.9503, loss: 7.9503, grad_norm: 2.1636
2022-04-23 15:13:05,736 - mmaction - INFO - Epoch [17][80/113]	lr: 6.344e-01, eta: 0:04:35, time: 0.161, data_time: 0.113, memory: 861, top1_acc: 0.6562, top5_acc: 0.9711, loss_cls: 8.1333, loss: 8.1333, grad_norm: 2.2995
2022-04-23 15:13:11,428 - mmaction - INFO - Saving checkpoint at 17 epochs
2022-04-23 15:13:37,651 - mmaction - INFO - Evaluating top_k_accuracy ...
2022-04-23 15:13:37,652 - mmaction - INFO - 
top1_acc	0.7500
top5_acc	0.9500
2022-04-23 15:13:37,652 - mmaction - INFO - Evaluating mean_class_accuracy ...
2022-04-23 15:13:37,652 - mmaction - INFO - 
mean_acc	0.7500
2022-04-23 15:13:37,652 - mmaction - INFO - Epoch(val) [17][5]	top1_acc: 0.7500, top5_acc: 0.9500, mean_class_accuracy: 0.7500
2022-04-23 15:14:08,514 - mmaction - INFO - Epoch [18][40/113]	lr: 5.340e-01, eta: 0:04:13, time: 0.771, data_time: 0.722, memory: 861, top1_acc: 0.6531, top5_acc: 0.9758, loss_cls: 7.8147, loss: 7.8147, grad_norm: 2.3397
2022-04-23 15:14:14,941 - mmaction - INFO - Epoch [18][80/113]	lr: 4.819e-01, eta: 0:03:57, time: 0.161, data_time: 0.113, memory: 861, top1_acc: 0.6586, top5_acc: 0.9695, loss_cls: 6.6817, loss: 6.6817, grad_norm: 2.2977
2022-04-23 15:14:20,486 - mmaction - INFO - Saving checkpoint at 18 epochs
2022-04-23 15:14:46,870 - mmaction - INFO - Evaluating top_k_accuracy ...
2022-04-23 15:14:46,871 - mmaction - INFO - 
top1_acc	0.6643
top5_acc	0.9929
2022-04-23 15:14:46,871 - mmaction - INFO - Evaluating mean_class_accuracy ...
2022-04-23 15:14:46,872 - mmaction - INFO - 
mean_acc	0.6643
2022-04-23 15:14:46,872 - mmaction - INFO - Epoch(val) [18][5]	top1_acc: 0.6643, top5_acc: 0.9929, mean_class_accuracy: 0.6643
2022-04-23 15:15:17,826 - mmaction - INFO - Epoch [19][40/113]	lr: 3.925e-01, eta: 0:03:35, time: 0.774, data_time: 0.659, memory: 861, top1_acc: 0.6539, top5_acc: 0.9727, loss_cls: 7.1879, loss: 7.1879, grad_norm: 2.3402
2022-04-23 15:15:24,284 - mmaction - INFO - Epoch [19][80/113]	lr: 3.468e-01, eta: 0:03:19, time: 0.161, data_time: 0.020, memory: 861, top1_acc: 0.7148, top5_acc: 0.9797, loss_cls: 5.1616, loss: 5.1616, grad_norm: 1.9542
2022-04-23 15:15:30,010 - mmaction - INFO - Saving checkpoint at 19 epochs
2022-04-23 15:15:55,995 - mmaction - INFO - Evaluating top_k_accuracy ...
2022-04-23 15:15:55,996 - mmaction - INFO - 
top1_acc	0.8286
top5_acc	1.0000
2022-04-23 15:15:55,996 - mmaction - INFO - Evaluating mean_class_accuracy ...
2022-04-23 15:15:55,997 - mmaction - INFO - 
mean_acc	0.8286
2022-04-23 15:15:55,999 - mmaction - INFO - The previous best checkpoint /home/yl/myposec3d/model_pth/exp0/NSNR-linear5-lr3/best_top1_acc_epoch_8.pth was removed
2022-04-23 15:15:56,025 - mmaction - INFO - Now best checkpoint is saved as best_top1_acc_epoch_19.pth.
2022-04-23 15:15:56,025 - mmaction - INFO - Best top1_acc is 0.8286 at 19 epoch.
2022-04-23 15:15:56,025 - mmaction - INFO - Epoch(val) [19][5]	top1_acc: 0.8286, top5_acc: 1.0000, mean_class_accuracy: 0.8286
2022-04-23 15:16:26,752 - mmaction - INFO - Epoch [20][40/113]	lr: 2.699e-01, eta: 0:02:56, time: 0.768, data_time: 0.719, memory: 861, top1_acc: 0.7195, top5_acc: 0.9820, loss_cls: 4.0751, loss: 4.0751, grad_norm: 1.9483
2022-04-23 15:16:33,082 - mmaction - INFO - Epoch [20][80/113]	lr: 2.315e-01, eta: 0:02:41, time: 0.158, data_time: 0.110, memory: 861, top1_acc: 0.7297, top5_acc: 0.9867, loss_cls: 4.3160, loss: 4.3160, grad_norm: 1.9106
2022-04-23 15:16:38,670 - mmaction - INFO - Saving checkpoint at 20 epochs
2022-04-23 15:17:04,922 - mmaction - INFO - Evaluating top_k_accuracy ...
2022-04-23 15:17:04,923 - mmaction - INFO - 
top1_acc	0.9429
top5_acc	1.0000
2022-04-23 15:17:04,923 - mmaction - INFO - Evaluating mean_class_accuracy ...
2022-04-23 15:17:04,924 - mmaction - INFO - 
mean_acc	0.9429
2022-04-23 15:17:04,926 - mmaction - INFO - The previous best checkpoint /home/yl/myposec3d/model_pth/exp0/NSNR-linear5-lr3/best_top1_acc_epoch_19.pth was removed
2022-04-23 15:17:04,953 - mmaction - INFO - Now best checkpoint is saved as best_top1_acc_epoch_20.pth.
2022-04-23 15:17:04,953 - mmaction - INFO - Best top1_acc is 0.9429 at 20 epoch.
2022-04-23 15:17:04,953 - mmaction - INFO - Epoch(val) [20][5]	top1_acc: 0.9429, top5_acc: 1.0000, mean_class_accuracy: 0.9429
2022-04-23 15:17:35,769 - mmaction - INFO - Epoch [21][40/113]	lr: 1.684e-01, eta: 0:02:18, time: 0.770, data_time: 0.684, memory: 861, top1_acc: 0.7422, top5_acc: 0.9883, loss_cls: 3.2031, loss: 3.2031, grad_norm: 1.8626
2022-04-23 15:17:42,176 - mmaction - INFO - Epoch [21][80/113]	lr: 1.379e-01, eta: 0:02:04, time: 0.160, data_time: 0.053, memory: 861, top1_acc: 0.7422, top5_acc: 0.9891, loss_cls: 3.2483, loss: 3.2483, grad_norm: 1.8272
2022-04-23 15:17:47,786 - mmaction - INFO - Saving checkpoint at 21 epochs
2022-04-23 15:18:14,143 - mmaction - INFO - Evaluating top_k_accuracy ...
2022-04-23 15:18:14,144 - mmaction - INFO - 
top1_acc	0.9500
top5_acc	1.0000
2022-04-23 15:18:14,144 - mmaction - INFO - Evaluating mean_class_accuracy ...
2022-04-23 15:18:14,144 - mmaction - INFO - 
mean_acc	0.9500
2022-04-23 15:18:14,145 - mmaction - INFO - The previous best checkpoint /home/yl/myposec3d/model_pth/exp0/NSNR-linear5-lr3/best_top1_acc_epoch_20.pth was removed
2022-04-23 15:18:14,170 - mmaction - INFO - Now best checkpoint is saved as best_top1_acc_epoch_21.pth.
2022-04-23 15:18:14,170 - mmaction - INFO - Best top1_acc is 0.9500 at 21 epoch.
2022-04-23 15:18:14,171 - mmaction - INFO - Epoch(val) [21][5]	top1_acc: 0.9500, top5_acc: 1.0000, mean_class_accuracy: 0.9500
2022-04-23 15:18:45,106 - mmaction - INFO - Epoch [22][40/113]	lr: 8.967e-02, eta: 0:01:40, time: 0.773, data_time: 0.725, memory: 861, top1_acc: 0.7641, top5_acc: 0.9875, loss_cls: 2.6487, loss: 2.6487, grad_norm: 1.6442
2022-04-23 15:18:51,579 - mmaction - INFO - Epoch [22][80/113]	lr: 6.752e-02, eta: 0:01:26, time: 0.162, data_time: 0.115, memory: 861, top1_acc: 0.7937, top5_acc: 0.9953, loss_cls: 2.0233, loss: 2.0233, grad_norm: 1.5178
2022-04-23 15:18:57,212 - mmaction - INFO - Saving checkpoint at 22 epochs
2022-04-23 15:19:23,331 - mmaction - INFO - Evaluating top_k_accuracy ...
2022-04-23 15:19:23,332 - mmaction - INFO - 
top1_acc	0.9643
top5_acc	1.0000
2022-04-23 15:19:23,332 - mmaction - INFO - Evaluating mean_class_accuracy ...
2022-04-23 15:19:23,332 - mmaction - INFO - 
mean_acc	0.9643
2022-04-23 15:19:23,334 - mmaction - INFO - The previous best checkpoint /home/yl/myposec3d/model_pth/exp0/NSNR-linear5-lr3/best_top1_acc_epoch_21.pth was removed
2022-04-23 15:19:23,359 - mmaction - INFO - Now best checkpoint is saved as best_top1_acc_epoch_22.pth.
2022-04-23 15:19:23,359 - mmaction - INFO - Best top1_acc is 0.9643 at 22 epoch.
2022-04-23 15:19:23,359 - mmaction - INFO - Epoch(val) [22][5]	top1_acc: 0.9643, top5_acc: 1.0000, mean_class_accuracy: 0.9643
2022-04-23 15:19:54,059 - mmaction - INFO - Epoch [23][40/113]	lr: 3.506e-02, eta: 0:01:02, time: 0.767, data_time: 0.718, memory: 861, top1_acc: 0.7867, top5_acc: 0.9891, loss_cls: 2.2001, loss: 2.2001, grad_norm: 1.5075
2022-04-23 15:20:00,296 - mmaction - INFO - Epoch [23][80/113]	lr: 2.170e-02, eta: 0:00:48, time: 0.156, data_time: 0.107, memory: 861, top1_acc: 0.8148, top5_acc: 0.9875, loss_cls: 1.8045, loss: 1.8045, grad_norm: 1.3567
2022-04-23 15:20:05,840 - mmaction - INFO - Saving checkpoint at 23 epochs
2022-04-23 15:20:32,162 - mmaction - INFO - Evaluating top_k_accuracy ...
2022-04-23 15:20:32,163 - mmaction - INFO - 
top1_acc	0.9714
top5_acc	1.0000
2022-04-23 15:20:32,163 - mmaction - INFO - Evaluating mean_class_accuracy ...
2022-04-23 15:20:32,164 - mmaction - INFO - 
mean_acc	0.9714
2022-04-23 15:20:32,166 - mmaction - INFO - The previous best checkpoint /home/yl/myposec3d/model_pth/exp0/NSNR-linear5-lr3/best_top1_acc_epoch_22.pth was removed
2022-04-23 15:20:32,193 - mmaction - INFO - Now best checkpoint is saved as best_top1_acc_epoch_23.pth.
2022-04-23 15:20:32,193 - mmaction - INFO - Best top1_acc is 0.9714 at 23 epoch.
2022-04-23 15:20:32,194 - mmaction - INFO - Epoch(val) [23][5]	top1_acc: 0.9714, top5_acc: 1.0000, mean_class_accuracy: 0.9714
2022-04-23 15:21:02,972 - mmaction - INFO - Epoch [24][40/113]	lr: 5.508e-03, eta: 0:00:24, time: 0.769, data_time: 0.707, memory: 861, top1_acc: 0.7836, top5_acc: 0.9922, loss_cls: 1.9833, loss: 1.9833, grad_norm: 1.4827
2022-04-23 15:21:09,544 - mmaction - INFO - Epoch [24][80/113]	lr: 1.163e-03, eta: 0:00:10, time: 0.164, data_time: 0.025, memory: 861, top1_acc: 0.7734, top5_acc: 0.9914, loss_cls: 2.0514, loss: 2.0514, grad_norm: 1.5058
2022-04-23 15:21:15,250 - mmaction - INFO - Saving checkpoint at 24 epochs
2022-04-23 15:21:41,244 - mmaction - INFO - Evaluating top_k_accuracy ...
2022-04-23 15:21:41,245 - mmaction - INFO - 
top1_acc	0.9714
top5_acc	1.0000
2022-04-23 15:21:41,245 - mmaction - INFO - Evaluating mean_class_accuracy ...
2022-04-23 15:21:41,246 - mmaction - INFO - 
mean_acc	0.9714
2022-04-23 15:21:41,246 - mmaction - INFO - Epoch(val) [24][5]	top1_acc: 0.9714, top5_acc: 1.0000, mean_class_accuracy: 0.9714
