2022-04-27 11:21:06,045 - mmaction - INFO - Environment info:
------------------------------------------------------------
sys.platform: linux
Python: 3.8.12 | packaged by conda-forge | (default, Oct 12 2021, 21:57:06) [GCC 9.4.0]
CUDA available: True
GPU 0,1,2,3: NVIDIA GeForce RTX 3090
CUDA_HOME: /usr/local/cuda
NVCC: Build cuda_11.1.TC455_06.29190527_0
GCC: gcc (Ubuntu 9.4.0-1ubuntu1~20.04.1) 9.4.0
PyTorch: 1.9.1+cu111
PyTorch compiling details: PyTorch built with:
  - GCC 7.3
  - C++ Version: 201402
  - Intel(R) Math Kernel Library Version 2020.0.0 Product Build 20191122 for Intel(R) 64 architecture applications
  - Intel(R) MKL-DNN v2.1.2 (Git Hash 98be7e8afa711dc9b66c8ff3504129cb82013cdb)
  - OpenMP 201511 (a.k.a. OpenMP 4.5)
  - NNPACK is enabled
  - CPU capability usage: AVX2
  - CUDA Runtime 11.1
  - NVCC architecture flags: -gencode;arch=compute_37,code=sm_37;-gencode;arch=compute_50,code=sm_50;-gencode;arch=compute_60,code=sm_60;-gencode;arch=compute_70,code=sm_70;-gencode;arch=compute_75,code=sm_75;-gencode;arch=compute_80,code=sm_80;-gencode;arch=compute_86,code=sm_86
  - CuDNN 8.0.5
  - Magma 2.5.2
  - Build settings: BLAS_INFO=mkl, BUILD_TYPE=Release, CUDA_VERSION=11.1, CUDNN_VERSION=8.0.5, CXX_COMPILER=/opt/rh/devtoolset-7/root/usr/bin/c++, CXX_FLAGS= -Wno-deprecated -fvisibility-inlines-hidden -DUSE_PTHREADPOOL -fopenmp -DNDEBUG -DUSE_KINETO -DUSE_FBGEMM -DUSE_QNNPACK -DUSE_PYTORCH_QNNPACK -DUSE_XNNPACK -DSYMBOLICATE_MOBILE_DEBUG_HANDLE -O2 -fPIC -Wno-narrowing -Wall -Wextra -Werror=return-type -Wno-missing-field-initializers -Wno-type-limits -Wno-array-bounds -Wno-unknown-pragmas -Wno-sign-compare -Wno-unused-parameter -Wno-unused-variable -Wno-unused-function -Wno-unused-result -Wno-unused-local-typedefs -Wno-strict-overflow -Wno-strict-aliasing -Wno-error=deprecated-declarations -Wno-stringop-overflow -Wno-psabi -Wno-error=pedantic -Wno-error=redundant-decls -Wno-error=old-style-cast -fdiagnostics-color=always -faligned-new -Wno-unused-but-set-variable -Wno-maybe-uninitialized -fno-math-errno -fno-trapping-math -Werror=format -Wno-stringop-overflow, LAPACK_INFO=mkl, PERF_WITH_AVX=1, PERF_WITH_AVX2=1, PERF_WITH_AVX512=1, TORCH_VERSION=1.9.1, USE_CUDA=ON, USE_CUDNN=ON, USE_EXCEPTION_PTR=1, USE_GFLAGS=OFF, USE_GLOG=OFF, USE_MKL=ON, USE_MKLDNN=ON, USE_MPI=OFF, USE_NCCL=ON, USE_NNPACK=ON, USE_OPENMP=ON, 

TorchVision: 0.10.1+cu111
OpenCV: 4.5.5
MMCV: 1.4.2
MMCV Compiler: GCC 7.3
MMCV CUDA Compiler: 11.1
MMAction2: 0.20.0+26392eb
------------------------------------------------------------

2022-04-27 11:21:06,045 - mmaction - INFO - Distributed training: True
2022-04-27 11:21:07,763 - mmaction - INFO - Config: model = dict(
    type='Recognizer3D',
    backbone=dict(
        type='ResNet3dSlowOnly',
        depth=50,
        pretrained=None,
        in_channels=5,
        base_channels=32,
        num_stages=3,
        out_indices=(2, ),
        stage_blocks=(4, 6, 3),
        conv1_stride_s=1,
        pool1_stride_s=1,
        inflate=(0, 1, 1),
        spatial_strides=(2, 2, 2),
        temporal_strides=(1, 1, 2),
        dilations=(1, 1, 1)),
    cls_head=dict(
        type='I3DHead',
        in_channels=512,
        num_classes=10,
        spatial_type='avg',
        dropout_ratio=0.5),
    train_cfg=dict(),
    test_cfg=dict(average_clips='prob'))
dataset_type = 'PoseDataset'
ann_file_train = 'data/ds_taichi/TEST9AUG4/NSNR/train_data.pkl'
ann_file_val = 'data/ds_taichi/TEST9AUG4/NSNR/test_data.pkl'
left = [
    5, 6, 7, 8, 44, 45, 46, 47, 48, 49, 50, 51, 52, 53, 54, 55, 56, 57, 58, 59,
    60, 61, 62, 63, 64, 65, 66, 67, 68, 69, 70, 71
]
right = [
    1, 2, 3, 4, 16, 17, 18, 19, 20, 21, 22, 23, 24, 25, 26, 27, 28, 29, 30, 31,
    32, 33, 34, 35, 36, 37, 38, 39, 40, 41, 42, 43
]
train_pipeline = [
    dict(type='UniformSampleFrames', clip_len=48),
    dict(type='PoseDecode'),
    dict(type='PoseCompact', hw_ratio=1.0, allow_imgpad=True),
    dict(type='Resize', scale=(-1, 64)),
    dict(type='RandomResizedCrop', area_range=(0.56, 1.0)),
    dict(type='Resize', scale=(56, 56), keep_ratio=False),
    dict(
        type='Flip',
        flip_ratio=0.5,
        left_kp=[
            5, 6, 7, 8, 44, 45, 46, 47, 48, 49, 50, 51, 52, 53, 54, 55, 56, 57,
            58, 59, 60, 61, 62, 63, 64, 65, 66, 67, 68, 69, 70, 71
        ],
        right_kp=[
            1, 2, 3, 4, 16, 17, 18, 19, 20, 21, 22, 23, 24, 25, 26, 27, 28, 29,
            30, 31, 32, 33, 34, 35, 36, 37, 38, 39, 40, 41, 42, 43
        ]),
    dict(
        type='GenerateTaiChiPoseTarget',
        sigma=0.6,
        use_score=True,
        with_kp=True,
        with_limb=False),
    dict(type='FormatShape', input_format='NCTHW'),
    dict(type='Collect', keys=['imgs', 'label'], meta_keys=[]),
    dict(type='ToTensor', keys=['imgs', 'label'])
]
val_pipeline = [
    dict(type='UniformSampleFrames', clip_len=48, num_clips=1, test_mode=True),
    dict(type='PoseDecode'),
    dict(type='PoseCompact', hw_ratio=1.0, allow_imgpad=True),
    dict(type='Resize', scale=(-1, 64)),
    dict(type='CenterCrop', crop_size=64),
    dict(
        type='GenerateTaiChiPoseTarget',
        sigma=0.6,
        use_score=True,
        with_kp=True,
        with_limb=False),
    dict(type='FormatShape', input_format='NCTHW'),
    dict(type='Collect', keys=['imgs', 'label'], meta_keys=[]),
    dict(type='ToTensor', keys=['imgs'])
]
test_pipeline = [
    dict(
        type='UniformSampleFrames', clip_len=48, num_clips=10, test_mode=True),
    dict(type='PoseDecode'),
    dict(type='PoseCompact', hw_ratio=1.0, allow_imgpad=True),
    dict(type='Resize', scale=(-1, 64)),
    dict(type='CenterCrop', crop_size=64),
    dict(
        type='GenerateTaiChiPoseTarget',
        sigma=0.6,
        use_score=True,
        with_kp=True,
        with_limb=False,
        double=True,
        left_kp=[
            5, 6, 7, 8, 44, 45, 46, 47, 48, 49, 50, 51, 52, 53, 54, 55, 56, 57,
            58, 59, 60, 61, 62, 63, 64, 65, 66, 67, 68, 69, 70, 71
        ],
        right_kp=[
            1, 2, 3, 4, 16, 17, 18, 19, 20, 21, 22, 23, 24, 25, 26, 27, 28, 29,
            30, 31, 32, 33, 34, 35, 36, 37, 38, 39, 40, 41, 42, 43
        ]),
    dict(type='FormatShape', input_format='NCTHW'),
    dict(type='Collect', keys=['imgs', 'label'], meta_keys=[]),
    dict(type='ToTensor', keys=['imgs'])
]
data = dict(
    videos_per_gpu=8,
    workers_per_gpu=4,
    test_dataloader=dict(videos_per_gpu=4),
    train=dict(
        type='RepeatDataset',
        times=20,
        dataset=dict(
            type='PoseDataset',
            ann_file='data/ds_taichi/TEST9AUG4/NSNR/train_data.pkl',
            data_prefix='',
            pipeline=[
                dict(type='UniformSampleFrames', clip_len=48),
                dict(type='PoseDecode'),
                dict(type='PoseCompact', hw_ratio=1.0, allow_imgpad=True),
                dict(type='Resize', scale=(-1, 64)),
                dict(type='RandomResizedCrop', area_range=(0.56, 1.0)),
                dict(type='Resize', scale=(56, 56), keep_ratio=False),
                dict(
                    type='Flip',
                    flip_ratio=0.5,
                    left_kp=[
                        5, 6, 7, 8, 44, 45, 46, 47, 48, 49, 50, 51, 52, 53, 54,
                        55, 56, 57, 58, 59, 60, 61, 62, 63, 64, 65, 66, 67, 68,
                        69, 70, 71
                    ],
                    right_kp=[
                        1, 2, 3, 4, 16, 17, 18, 19, 20, 21, 22, 23, 24, 25, 26,
                        27, 28, 29, 30, 31, 32, 33, 34, 35, 36, 37, 38, 39, 40,
                        41, 42, 43
                    ]),
                dict(
                    type='GenerateTaiChiPoseTarget',
                    sigma=0.6,
                    use_score=True,
                    with_kp=True,
                    with_limb=False),
                dict(type='FormatShape', input_format='NCTHW'),
                dict(type='Collect', keys=['imgs', 'label'], meta_keys=[]),
                dict(type='ToTensor', keys=['imgs', 'label'])
            ])),
    val=dict(
        type='PoseDataset',
        ann_file='data/ds_taichi/TEST9AUG4/NSNR/test_data.pkl',
        data_prefix='',
        pipeline=[
            dict(
                type='UniformSampleFrames',
                clip_len=48,
                num_clips=1,
                test_mode=True),
            dict(type='PoseDecode'),
            dict(type='PoseCompact', hw_ratio=1.0, allow_imgpad=True),
            dict(type='Resize', scale=(-1, 64)),
            dict(type='CenterCrop', crop_size=64),
            dict(
                type='GenerateTaiChiPoseTarget',
                sigma=0.6,
                use_score=True,
                with_kp=True,
                with_limb=False),
            dict(type='FormatShape', input_format='NCTHW'),
            dict(type='Collect', keys=['imgs', 'label'], meta_keys=[]),
            dict(type='ToTensor', keys=['imgs'])
        ]),
    test=dict(
        type='PoseDataset',
        ann_file='data/ds_taichi/TEST9AUG4/NSNR/test_data.pkl',
        data_prefix='',
        pipeline=[
            dict(
                type='UniformSampleFrames',
                clip_len=48,
                num_clips=10,
                test_mode=True),
            dict(type='PoseDecode'),
            dict(type='PoseCompact', hw_ratio=1.0, allow_imgpad=True),
            dict(type='Resize', scale=(-1, 64)),
            dict(type='CenterCrop', crop_size=64),
            dict(
                type='GenerateTaiChiPoseTarget',
                sigma=0.6,
                use_score=True,
                with_kp=True,
                with_limb=False,
                double=True,
                left_kp=[
                    5, 6, 7, 8, 44, 45, 46, 47, 48, 49, 50, 51, 52, 53, 54, 55,
                    56, 57, 58, 59, 60, 61, 62, 63, 64, 65, 66, 67, 68, 69, 70,
                    71
                ],
                right_kp=[
                    1, 2, 3, 4, 16, 17, 18, 19, 20, 21, 22, 23, 24, 25, 26, 27,
                    28, 29, 30, 31, 32, 33, 34, 35, 36, 37, 38, 39, 40, 41, 42,
                    43
                ]),
            dict(type='FormatShape', input_format='NCTHW'),
            dict(type='Collect', keys=['imgs', 'label'], meta_keys=[]),
            dict(type='ToTensor', keys=['imgs'])
        ]))
optimizer = dict(type='SGD', lr=1, momentum=0.9, weight_decay=0.0003)
optimizer_config = dict(grad_clip=dict(max_norm=40, norm_type=2))
lr_config = dict(policy='CosineAnnealing', by_epoch=False, min_lr=0)
total_epochs = 48
checkpoint_config = dict()
workflow = [('train', 1)]
evaluation = dict(
    interval=1, metrics=['top_k_accuracy', 'mean_class_accuracy'], topk=(1, 5))
log_config = dict(interval=40, hooks=[dict(type='TextLoggerHook')])
output_config = dict(
    out='./model_pth/exp5/fintune-with-pre/test_result/results.pkl')
eval_config = dict(
    metric_out='./model_pth/exp5/fintune-with-pre/test_result',
    eval=[
        'top_k_accuracy', 'mean_class_accuracy', 'confusion_matrix',
        't_sne_vis'
    ])
dist_params = dict(backend='nccl')
log_level = 'INFO'
work_dir = './model_pth/exp5/fintune-with-pre'
load_from = './model_pth/5part_ntu60_xsub_kp_0331/epoch_24.pth'
resume_from = None
find_unused_parameters = False
gpu_ids = range(0, 4)
omnisource = False
module_hooks = []

2022-04-27 11:21:07,763 - mmaction - INFO - Set random seed to 42, deterministic: True
2022-04-27 11:21:07,842 - mmaction - INFO - 80 videos remain after valid thresholding
2022-04-27 11:21:13,801 - mmaction - INFO - 180 videos remain after valid thresholding
2022-04-27 11:21:13,802 - mmaction - INFO - load checkpoint from local path: ./model_pth/5part_ntu60_xsub_kp_0331/epoch_24.pth
2022-04-27 11:21:13,824 - mmaction - WARNING - The model and loaded state dict do not match exactly

size mismatch for cls_head.fc_cls.weight: copying a param with shape torch.Size([60, 512]) from checkpoint, the shape in current model is torch.Size([10, 512]).
size mismatch for cls_head.fc_cls.bias: copying a param with shape torch.Size([60]) from checkpoint, the shape in current model is torch.Size([10]).
2022-04-27 11:21:13,825 - mmaction - INFO - Start running, host: yl@83090-jin, work_dir: /home/yl/myposec3d/model_pth/exp5/fintune-with-pre
2022-04-27 11:21:13,825 - mmaction - INFO - Hooks will be executed in the following order:
before_run:
(VERY_HIGH   ) CosineAnnealingLrUpdaterHook       
(NORMAL      ) CheckpointHook                     
(NORMAL      ) DistEvalHook                       
(VERY_LOW    ) TextLoggerHook                     
 -------------------- 
before_train_epoch:
(VERY_HIGH   ) CosineAnnealingLrUpdaterHook       
(NORMAL      ) DistSamplerSeedHook                
(NORMAL      ) DistEvalHook                       
(LOW         ) IterTimerHook                      
(VERY_LOW    ) TextLoggerHook                     
 -------------------- 
before_train_iter:
(VERY_HIGH   ) CosineAnnealingLrUpdaterHook       
(NORMAL      ) DistEvalHook                       
(LOW         ) IterTimerHook                      
 -------------------- 
after_train_iter:
(ABOVE_NORMAL) OptimizerHook                      
(NORMAL      ) CheckpointHook                     
(NORMAL      ) DistEvalHook                       
(LOW         ) IterTimerHook                      
(VERY_LOW    ) TextLoggerHook                     
 -------------------- 
after_train_epoch:
(NORMAL      ) CheckpointHook                     
(NORMAL      ) DistEvalHook                       
(VERY_LOW    ) TextLoggerHook                     
 -------------------- 
before_val_epoch:
(NORMAL      ) DistSamplerSeedHook                
(LOW         ) IterTimerHook                      
(VERY_LOW    ) TextLoggerHook                     
 -------------------- 
before_val_iter:
(LOW         ) IterTimerHook                      
 -------------------- 
after_val_iter:
(LOW         ) IterTimerHook                      
 -------------------- 
after_val_epoch:
(VERY_LOW    ) TextLoggerHook                     
 -------------------- 
after_run:
(VERY_LOW    ) TextLoggerHook                     
 -------------------- 
2022-04-27 11:21:13,825 - mmaction - INFO - workflow: [('train', 1)], max: 48 epochs
2022-04-27 11:21:13,825 - mmaction - INFO - Checkpoints will be saved to /home/yl/myposec3d/model_pth/exp5/fintune-with-pre by HardDiskBackend.
2022-04-27 11:21:46,017 - mmaction - INFO - Epoch [1][40/50]	lr: 9.993e-01, eta: 0:31:38, time: 0.805, data_time: 0.632, memory: 4754, top1_acc: 0.1477, top5_acc: 0.6039, loss_cls: 3.4530, loss: 3.4530, grad_norm: 3.8247
2022-04-27 11:22:15,069 - mmaction - INFO - Evaluating top_k_accuracy ...
2022-04-27 11:22:15,069 - mmaction - INFO - 
top1_acc	0.1722
top5_acc	0.5278
2022-04-27 11:22:15,069 - mmaction - INFO - Evaluating mean_class_accuracy ...
2022-04-27 11:22:15,070 - mmaction - INFO - 
mean_acc	0.1722
2022-04-27 11:22:15,116 - mmaction - INFO - Now best checkpoint is saved as best_top1_acc_epoch_1.pth.
2022-04-27 11:22:15,116 - mmaction - INFO - Best top1_acc is 0.1722 at 1 epoch.
2022-04-27 11:22:15,116 - mmaction - INFO - Epoch(val) [1][6]	top1_acc: 0.1722, top5_acc: 0.5278, mean_class_accuracy: 0.1722
2022-04-27 11:22:47,302 - mmaction - INFO - Epoch [2][40/50]	lr: 9.966e-01, eta: 0:27:32, time: 0.805, data_time: 0.627, memory: 4754, top1_acc: 0.2352, top5_acc: 0.8203, loss_cls: 1.9552, loss: 1.9552, grad_norm: 0.4114
2022-04-27 11:23:16,714 - mmaction - INFO - Evaluating top_k_accuracy ...
2022-04-27 11:23:16,715 - mmaction - INFO - 
top1_acc	0.1000
top5_acc	0.5278
2022-04-27 11:23:16,715 - mmaction - INFO - Evaluating mean_class_accuracy ...
2022-04-27 11:23:16,715 - mmaction - INFO - 
mean_acc	0.1000
2022-04-27 11:23:16,716 - mmaction - INFO - Epoch(val) [2][6]	top1_acc: 0.1000, top5_acc: 0.5278, mean_class_accuracy: 0.1000
2022-04-27 11:23:48,517 - mmaction - INFO - Epoch [3][40/50]	lr: 9.917e-01, eta: 0:25:52, time: 0.795, data_time: 0.628, memory: 4754, top1_acc: 0.3391, top5_acc: 0.9344, loss_cls: 1.7043, loss: 1.7043, grad_norm: 0.5608
2022-04-27 11:24:18,018 - mmaction - INFO - Evaluating top_k_accuracy ...
2022-04-27 11:24:18,019 - mmaction - INFO - 
top1_acc	0.1111
top5_acc	0.6056
2022-04-27 11:24:18,019 - mmaction - INFO - Evaluating mean_class_accuracy ...
2022-04-27 11:24:18,020 - mmaction - INFO - 
mean_acc	0.1111
2022-04-27 11:24:18,020 - mmaction - INFO - Epoch(val) [3][6]	top1_acc: 0.1111, top5_acc: 0.6056, mean_class_accuracy: 0.1111
2022-04-27 11:24:49,813 - mmaction - INFO - Epoch [4][40/50]	lr: 9.848e-01, eta: 0:24:48, time: 0.795, data_time: 0.618, memory: 4754, top1_acc: 0.4398, top5_acc: 0.9680, loss_cls: 1.4334, loss: 1.4334, grad_norm: 0.4648
2022-04-27 11:25:19,146 - mmaction - INFO - Evaluating top_k_accuracy ...
2022-04-27 11:25:19,146 - mmaction - INFO - 
top1_acc	0.2667
top5_acc	0.8000
2022-04-27 11:25:19,146 - mmaction - INFO - Evaluating mean_class_accuracy ...
2022-04-27 11:25:19,147 - mmaction - INFO - 
mean_acc	0.2667
2022-04-27 11:25:19,150 - mmaction - INFO - The previous best checkpoint /home/yl/myposec3d/model_pth/exp5/fintune-with-pre/best_top1_acc_epoch_1.pth was removed
2022-04-27 11:25:19,199 - mmaction - INFO - Now best checkpoint is saved as best_top1_acc_epoch_4.pth.
2022-04-27 11:25:19,199 - mmaction - INFO - Best top1_acc is 0.2667 at 4 epoch.
2022-04-27 11:25:19,200 - mmaction - INFO - Epoch(val) [4][6]	top1_acc: 0.2667, top5_acc: 0.8000, mean_class_accuracy: 0.2667
2022-04-27 11:25:51,280 - mmaction - INFO - Epoch [5][40/50]	lr: 9.757e-01, eta: 0:24:00, time: 0.802, data_time: 0.634, memory: 4754, top1_acc: 0.4820, top5_acc: 0.9750, loss_cls: 1.3482, loss: 1.3482, grad_norm: 0.5788
2022-04-27 11:26:20,917 - mmaction - INFO - Evaluating top_k_accuracy ...
2022-04-27 11:26:20,918 - mmaction - INFO - 
top1_acc	0.1000
top5_acc	0.6444
2022-04-27 11:26:20,919 - mmaction - INFO - Evaluating mean_class_accuracy ...
2022-04-27 11:26:20,920 - mmaction - INFO - 
mean_acc	0.1000
2022-04-27 11:26:20,920 - mmaction - INFO - Epoch(val) [5][6]	top1_acc: 0.1000, top5_acc: 0.6444, mean_class_accuracy: 0.1000
2022-04-27 11:26:52,829 - mmaction - INFO - Epoch [6][40/50]	lr: 9.646e-01, eta: 0:23:16, time: 0.798, data_time: 0.623, memory: 4754, top1_acc: 0.6039, top5_acc: 0.9859, loss_cls: 1.0864, loss: 1.0864, grad_norm: 0.6040
2022-04-27 11:27:22,288 - mmaction - INFO - Evaluating top_k_accuracy ...
2022-04-27 11:27:22,288 - mmaction - INFO - 
top1_acc	0.1000
top5_acc	0.6000
2022-04-27 11:27:22,288 - mmaction - INFO - Evaluating mean_class_accuracy ...
2022-04-27 11:27:22,289 - mmaction - INFO - 
mean_acc	0.1000
2022-04-27 11:27:22,289 - mmaction - INFO - Epoch(val) [6][6]	top1_acc: 0.1000, top5_acc: 0.6000, mean_class_accuracy: 0.1000
2022-04-27 11:27:54,671 - mmaction - INFO - Epoch [7][40/50]	lr: 9.516e-01, eta: 0:22:39, time: 0.810, data_time: 0.640, memory: 4754, top1_acc: 0.6164, top5_acc: 0.9812, loss_cls: 1.0710, loss: 1.0710, grad_norm: 0.6649
2022-04-27 11:28:23,816 - mmaction - INFO - Evaluating top_k_accuracy ...
2022-04-27 11:28:23,817 - mmaction - INFO - 
top1_acc	0.1389
top5_acc	0.6667
2022-04-27 11:28:23,817 - mmaction - INFO - Evaluating mean_class_accuracy ...
2022-04-27 11:28:23,817 - mmaction - INFO - 
mean_acc	0.1389
2022-04-27 11:28:23,818 - mmaction - INFO - Epoch(val) [7][6]	top1_acc: 0.1389, top5_acc: 0.6667, mean_class_accuracy: 0.1389
2022-04-27 11:28:56,353 - mmaction - INFO - Epoch [8][40/50]	lr: 9.366e-01, eta: 0:22:03, time: 0.813, data_time: 0.658, memory: 4754, top1_acc: 0.7242, top5_acc: 0.9898, loss_cls: 0.9004, loss: 0.9004, grad_norm: 0.7558
2022-04-27 11:29:26,289 - mmaction - INFO - Evaluating top_k_accuracy ...
2022-04-27 11:29:26,290 - mmaction - INFO - 
top1_acc	0.1611
top5_acc	0.7611
2022-04-27 11:29:26,290 - mmaction - INFO - Evaluating mean_class_accuracy ...
2022-04-27 11:29:26,290 - mmaction - INFO - 
mean_acc	0.1611
2022-04-27 11:29:26,290 - mmaction - INFO - Epoch(val) [8][6]	top1_acc: 0.1611, top5_acc: 0.7611, mean_class_accuracy: 0.1611
2022-04-27 11:29:58,756 - mmaction - INFO - Epoch [9][40/50]	lr: 9.197e-01, eta: 0:21:28, time: 0.812, data_time: 0.628, memory: 4754, top1_acc: 0.7758, top5_acc: 0.9969, loss_cls: 0.6647, loss: 0.6647, grad_norm: 0.6382
2022-04-27 11:30:27,954 - mmaction - INFO - Evaluating top_k_accuracy ...
2022-04-27 11:30:27,955 - mmaction - INFO - 
top1_acc	0.2000
top5_acc	0.7556
2022-04-27 11:30:27,955 - mmaction - INFO - Evaluating mean_class_accuracy ...
2022-04-27 11:30:27,956 - mmaction - INFO - 
mean_acc	0.2000
2022-04-27 11:30:27,956 - mmaction - INFO - Epoch(val) [9][6]	top1_acc: 0.2000, top5_acc: 0.7556, mean_class_accuracy: 0.2000
2022-04-27 11:31:00,115 - mmaction - INFO - Epoch [10][40/50]	lr: 9.010e-01, eta: 0:20:53, time: 0.804, data_time: 0.648, memory: 4754, top1_acc: 0.8586, top5_acc: 0.9977, loss_cls: 0.4225, loss: 0.4225, grad_norm: 0.6137
2022-04-27 11:31:29,202 - mmaction - INFO - Evaluating top_k_accuracy ...
2022-04-27 11:31:29,203 - mmaction - INFO - 
top1_acc	0.1889
top5_acc	0.7222
2022-04-27 11:31:29,203 - mmaction - INFO - Evaluating mean_class_accuracy ...
2022-04-27 11:31:29,203 - mmaction - INFO - 
mean_acc	0.1889
2022-04-27 11:31:29,204 - mmaction - INFO - Epoch(val) [10][6]	top1_acc: 0.1889, top5_acc: 0.7222, mean_class_accuracy: 0.1889
2022-04-27 11:32:01,195 - mmaction - INFO - Epoch [11][40/50]	lr: 8.806e-01, eta: 0:20:17, time: 0.800, data_time: 0.633, memory: 4754, top1_acc: 0.8664, top5_acc: 0.9984, loss_cls: 0.4343, loss: 0.4343, grad_norm: 0.5172
2022-04-27 11:32:30,588 - mmaction - INFO - Evaluating top_k_accuracy ...
2022-04-27 11:32:30,589 - mmaction - INFO - 
top1_acc	0.1944
top5_acc	0.7000
2022-04-27 11:32:30,589 - mmaction - INFO - Evaluating mean_class_accuracy ...
2022-04-27 11:32:30,589 - mmaction - INFO - 
mean_acc	0.1944
2022-04-27 11:32:30,589 - mmaction - INFO - Epoch(val) [11][6]	top1_acc: 0.1944, top5_acc: 0.7000, mean_class_accuracy: 0.1944
2022-04-27 11:33:02,585 - mmaction - INFO - Epoch [12][40/50]	lr: 8.586e-01, eta: 0:19:42, time: 0.800, data_time: 0.628, memory: 4754, top1_acc: 0.9398, top5_acc: 1.0000, loss_cls: 0.2136, loss: 0.2136, grad_norm: 0.3500
2022-04-27 11:33:32,129 - mmaction - INFO - Evaluating top_k_accuracy ...
2022-04-27 11:33:32,129 - mmaction - INFO - 
top1_acc	0.1722
top5_acc	0.6778
2022-04-27 11:33:32,129 - mmaction - INFO - Evaluating mean_class_accuracy ...
2022-04-27 11:33:32,130 - mmaction - INFO - 
mean_acc	0.1722
2022-04-27 11:33:32,130 - mmaction - INFO - Epoch(val) [12][6]	top1_acc: 0.1722, top5_acc: 0.6778, mean_class_accuracy: 0.1722
2022-04-27 11:34:04,305 - mmaction - INFO - Epoch [13][40/50]	lr: 8.351e-01, eta: 0:19:08, time: 0.804, data_time: 0.630, memory: 4754, top1_acc: 0.8430, top5_acc: 0.9953, loss_cls: 0.5428, loss: 0.5428, grad_norm: 0.7640
2022-04-27 11:34:33,736 - mmaction - INFO - Evaluating top_k_accuracy ...
2022-04-27 11:34:33,737 - mmaction - INFO - 
top1_acc	0.1667
top5_acc	0.6667
2022-04-27 11:34:33,737 - mmaction - INFO - Evaluating mean_class_accuracy ...
2022-04-27 11:34:33,737 - mmaction - INFO - 
mean_acc	0.1667
2022-04-27 11:34:33,738 - mmaction - INFO - Epoch(val) [13][6]	top1_acc: 0.1667, top5_acc: 0.6667, mean_class_accuracy: 0.1667
2022-04-27 11:35:05,940 - mmaction - INFO - Epoch [14][40/50]	lr: 8.101e-01, eta: 0:18:34, time: 0.805, data_time: 0.648, memory: 4754, top1_acc: 0.8602, top5_acc: 0.9992, loss_cls: 0.4580, loss: 0.4580, grad_norm: 0.5596
2022-04-27 11:35:35,581 - mmaction - INFO - Evaluating top_k_accuracy ...
2022-04-27 11:35:35,582 - mmaction - INFO - 
top1_acc	0.2667
top5_acc	0.7556
2022-04-27 11:35:35,582 - mmaction - INFO - Evaluating mean_class_accuracy ...
2022-04-27 11:35:35,582 - mmaction - INFO - 
mean_acc	0.2667
2022-04-27 11:35:35,582 - mmaction - INFO - Epoch(val) [14][6]	top1_acc: 0.2667, top5_acc: 0.7556, mean_class_accuracy: 0.2667
2022-04-27 11:36:07,394 - mmaction - INFO - Epoch [15][40/50]	lr: 7.837e-01, eta: 0:18:00, time: 0.795, data_time: 0.628, memory: 4754, top1_acc: 0.8969, top5_acc: 0.9984, loss_cls: 0.3261, loss: 0.3261, grad_norm: 0.5630
2022-04-27 11:36:36,691 - mmaction - INFO - Evaluating top_k_accuracy ...
2022-04-27 11:36:36,692 - mmaction - INFO - 
top1_acc	0.2556
top5_acc	0.8111
2022-04-27 11:36:36,692 - mmaction - INFO - Evaluating mean_class_accuracy ...
2022-04-27 11:36:36,693 - mmaction - INFO - 
mean_acc	0.2556
2022-04-27 11:36:36,693 - mmaction - INFO - Epoch(val) [15][6]	top1_acc: 0.2556, top5_acc: 0.8111, mean_class_accuracy: 0.2556
2022-04-27 11:37:09,031 - mmaction - INFO - Epoch [16][40/50]	lr: 7.562e-01, eta: 0:17:27, time: 0.808, data_time: 0.636, memory: 4754, top1_acc: 0.8484, top5_acc: 0.9969, loss_cls: 0.4813, loss: 0.4813, grad_norm: 0.6688
2022-04-27 11:37:38,515 - mmaction - INFO - Evaluating top_k_accuracy ...
2022-04-27 11:37:38,516 - mmaction - INFO - 
top1_acc	0.3556
top5_acc	0.8833
2022-04-27 11:37:38,516 - mmaction - INFO - Evaluating mean_class_accuracy ...
2022-04-27 11:37:38,516 - mmaction - INFO - 
mean_acc	0.3556
2022-04-27 11:37:38,518 - mmaction - INFO - The previous best checkpoint /home/yl/myposec3d/model_pth/exp5/fintune-with-pre/best_top1_acc_epoch_4.pth was removed
2022-04-27 11:37:38,559 - mmaction - INFO - Now best checkpoint is saved as best_top1_acc_epoch_16.pth.
2022-04-27 11:37:38,560 - mmaction - INFO - Best top1_acc is 0.3556 at 16 epoch.
2022-04-27 11:37:38,560 - mmaction - INFO - Epoch(val) [16][6]	top1_acc: 0.3556, top5_acc: 0.8833, mean_class_accuracy: 0.3556
2022-04-27 11:38:10,483 - mmaction - INFO - Epoch [17][40/50]	lr: 7.276e-01, eta: 0:16:53, time: 0.798, data_time: 0.619, memory: 4754, top1_acc: 0.9180, top5_acc: 0.9984, loss_cls: 0.2951, loss: 0.2951, grad_norm: 0.3992
2022-04-27 11:38:40,028 - mmaction - INFO - Evaluating top_k_accuracy ...
2022-04-27 11:38:40,029 - mmaction - INFO - 
top1_acc	0.1333
top5_acc	0.7500
2022-04-27 11:38:40,029 - mmaction - INFO - Evaluating mean_class_accuracy ...
2022-04-27 11:38:40,029 - mmaction - INFO - 
mean_acc	0.1333
2022-04-27 11:38:40,030 - mmaction - INFO - Epoch(val) [17][6]	top1_acc: 0.1333, top5_acc: 0.7500, mean_class_accuracy: 0.1333
2022-04-27 11:39:11,978 - mmaction - INFO - Epoch [18][40/50]	lr: 6.980e-01, eta: 0:16:20, time: 0.799, data_time: 0.644, memory: 4754, top1_acc: 0.9414, top5_acc: 1.0000, loss_cls: 0.2050, loss: 0.2050, grad_norm: 0.4346
2022-04-27 11:39:42,025 - mmaction - INFO - Evaluating top_k_accuracy ...
2022-04-27 11:39:42,026 - mmaction - INFO - 
top1_acc	0.4333
top5_acc	0.8889
2022-04-27 11:39:42,026 - mmaction - INFO - Evaluating mean_class_accuracy ...
2022-04-27 11:39:42,027 - mmaction - INFO - 
mean_acc	0.4333
2022-04-27 11:39:42,029 - mmaction - INFO - The previous best checkpoint /home/yl/myposec3d/model_pth/exp5/fintune-with-pre/best_top1_acc_epoch_16.pth was removed
2022-04-27 11:39:42,073 - mmaction - INFO - Now best checkpoint is saved as best_top1_acc_epoch_18.pth.
2022-04-27 11:39:42,073 - mmaction - INFO - Best top1_acc is 0.4333 at 18 epoch.
2022-04-27 11:39:42,074 - mmaction - INFO - Epoch(val) [18][6]	top1_acc: 0.4333, top5_acc: 0.8889, mean_class_accuracy: 0.4333
2022-04-27 11:40:14,215 - mmaction - INFO - Epoch [19][40/50]	lr: 6.675e-01, eta: 0:15:47, time: 0.803, data_time: 0.625, memory: 4754, top1_acc: 0.9094, top5_acc: 0.9992, loss_cls: 0.2880, loss: 0.2880, grad_norm: 0.4964
2022-04-27 11:40:43,623 - mmaction - INFO - Evaluating top_k_accuracy ...
2022-04-27 11:40:43,624 - mmaction - INFO - 
top1_acc	0.4056
top5_acc	0.8333
2022-04-27 11:40:43,624 - mmaction - INFO - Evaluating mean_class_accuracy ...
2022-04-27 11:40:43,624 - mmaction - INFO - 
mean_acc	0.4056
2022-04-27 11:40:43,625 - mmaction - INFO - Epoch(val) [19][6]	top1_acc: 0.4056, top5_acc: 0.8333, mean_class_accuracy: 0.4056
2022-04-27 11:41:15,583 - mmaction - INFO - Epoch [20][40/50]	lr: 6.364e-01, eta: 0:15:14, time: 0.799, data_time: 0.626, memory: 4754, top1_acc: 0.9258, top5_acc: 1.0000, loss_cls: 0.2494, loss: 0.2494, grad_norm: 0.4666
2022-04-27 11:41:45,178 - mmaction - INFO - Evaluating top_k_accuracy ...
2022-04-27 11:41:45,179 - mmaction - INFO - 
top1_acc	0.3444
top5_acc	0.8000
2022-04-27 11:41:45,179 - mmaction - INFO - Evaluating mean_class_accuracy ...
2022-04-27 11:41:45,179 - mmaction - INFO - 
mean_acc	0.3444
2022-04-27 11:41:45,179 - mmaction - INFO - Epoch(val) [20][6]	top1_acc: 0.3444, top5_acc: 0.8000, mean_class_accuracy: 0.3444
2022-04-27 11:42:17,769 - mmaction - INFO - Epoch [21][40/50]	lr: 6.046e-01, eta: 0:14:42, time: 0.815, data_time: 0.652, memory: 4754, top1_acc: 0.9313, top5_acc: 0.9984, loss_cls: 0.2459, loss: 0.2459, grad_norm: 0.4645
2022-04-27 11:42:46,909 - mmaction - INFO - Evaluating top_k_accuracy ...
2022-04-27 11:42:46,909 - mmaction - INFO - 
top1_acc	0.4444
top5_acc	0.9500
2022-04-27 11:42:46,909 - mmaction - INFO - Evaluating mean_class_accuracy ...
2022-04-27 11:42:46,909 - mmaction - INFO - 
mean_acc	0.4444
2022-04-27 11:42:46,912 - mmaction - INFO - The previous best checkpoint /home/yl/myposec3d/model_pth/exp5/fintune-with-pre/best_top1_acc_epoch_18.pth was removed
2022-04-27 11:42:46,960 - mmaction - INFO - Now best checkpoint is saved as best_top1_acc_epoch_21.pth.
2022-04-27 11:42:46,961 - mmaction - INFO - Best top1_acc is 0.4444 at 21 epoch.
2022-04-27 11:42:46,961 - mmaction - INFO - Epoch(val) [21][6]	top1_acc: 0.4444, top5_acc: 0.9500, mean_class_accuracy: 0.4444
2022-04-27 11:43:18,590 - mmaction - INFO - Epoch [22][40/50]	lr: 5.724e-01, eta: 0:14:08, time: 0.791, data_time: 0.637, memory: 4754, top1_acc: 0.9664, top5_acc: 1.0000, loss_cls: 0.1290, loss: 0.1290, grad_norm: 0.2863
2022-04-27 11:43:48,133 - mmaction - INFO - Evaluating top_k_accuracy ...
2022-04-27 11:43:48,133 - mmaction - INFO - 
top1_acc	0.2667
top5_acc	0.8389
2022-04-27 11:43:48,133 - mmaction - INFO - Evaluating mean_class_accuracy ...
2022-04-27 11:43:48,134 - mmaction - INFO - 
mean_acc	0.2667
2022-04-27 11:43:48,134 - mmaction - INFO - Epoch(val) [22][6]	top1_acc: 0.2667, top5_acc: 0.8389, mean_class_accuracy: 0.2667
2022-04-27 11:44:19,961 - mmaction - INFO - Epoch [23][40/50]	lr: 5.399e-01, eta: 0:13:35, time: 0.796, data_time: 0.637, memory: 4754, top1_acc: 0.9719, top5_acc: 1.0000, loss_cls: 0.0973, loss: 0.0973, grad_norm: 0.2555
2022-04-27 11:44:49,398 - mmaction - INFO - Evaluating top_k_accuracy ...
2022-04-27 11:44:49,398 - mmaction - INFO - 
top1_acc	0.5222
top5_acc	0.9667
2022-04-27 11:44:49,398 - mmaction - INFO - Evaluating mean_class_accuracy ...
2022-04-27 11:44:49,399 - mmaction - INFO - 
mean_acc	0.5222
2022-04-27 11:44:49,401 - mmaction - INFO - The previous best checkpoint /home/yl/myposec3d/model_pth/exp5/fintune-with-pre/best_top1_acc_epoch_21.pth was removed
2022-04-27 11:44:49,443 - mmaction - INFO - Now best checkpoint is saved as best_top1_acc_epoch_23.pth.
2022-04-27 11:44:49,443 - mmaction - INFO - Best top1_acc is 0.5222 at 23 epoch.
2022-04-27 11:44:49,444 - mmaction - INFO - Epoch(val) [23][6]	top1_acc: 0.5222, top5_acc: 0.9667, mean_class_accuracy: 0.5222
2022-04-27 11:45:21,947 - mmaction - INFO - Epoch [24][40/50]	lr: 5.072e-01, eta: 0:13:03, time: 0.812, data_time: 0.630, memory: 4754, top1_acc: 0.9703, top5_acc: 1.0000, loss_cls: 0.1033, loss: 0.1033, grad_norm: 0.3097
2022-04-27 11:45:50,982 - mmaction - INFO - Evaluating top_k_accuracy ...
2022-04-27 11:45:50,982 - mmaction - INFO - 
top1_acc	0.4333
top5_acc	0.7389
2022-04-27 11:45:50,982 - mmaction - INFO - Evaluating mean_class_accuracy ...
2022-04-27 11:45:50,982 - mmaction - INFO - 
mean_acc	0.4333
2022-04-27 11:45:50,983 - mmaction - INFO - Epoch(val) [24][6]	top1_acc: 0.4333, top5_acc: 0.7389, mean_class_accuracy: 0.4333
2022-04-27 11:46:22,985 - mmaction - INFO - Epoch [25][40/50]	lr: 4.745e-01, eta: 0:12:30, time: 0.800, data_time: 0.627, memory: 4754, top1_acc: 0.9734, top5_acc: 1.0000, loss_cls: 0.0936, loss: 0.0936, grad_norm: 0.3259
2022-04-27 11:46:52,288 - mmaction - INFO - Evaluating top_k_accuracy ...
2022-04-27 11:46:52,288 - mmaction - INFO - 
top1_acc	0.4111
top5_acc	0.9333
2022-04-27 11:46:52,288 - mmaction - INFO - Evaluating mean_class_accuracy ...
2022-04-27 11:46:52,289 - mmaction - INFO - 
mean_acc	0.4111
2022-04-27 11:46:52,289 - mmaction - INFO - Epoch(val) [25][6]	top1_acc: 0.4111, top5_acc: 0.9333, mean_class_accuracy: 0.4111
2022-04-27 11:47:24,709 - mmaction - INFO - Epoch [26][40/50]	lr: 4.419e-01, eta: 0:11:58, time: 0.810, data_time: 0.651, memory: 4754, top1_acc: 0.9453, top5_acc: 0.9992, loss_cls: 0.1569, loss: 0.1569, grad_norm: 0.4467
2022-04-27 11:47:55,283 - mmaction - INFO - Evaluating top_k_accuracy ...
2022-04-27 11:47:55,284 - mmaction - INFO - 
top1_acc	0.3278
top5_acc	0.7444
2022-04-27 11:47:55,284 - mmaction - INFO - Evaluating mean_class_accuracy ...
2022-04-27 11:47:55,285 - mmaction - INFO - 
mean_acc	0.3278
2022-04-27 11:47:55,286 - mmaction - INFO - Epoch(val) [26][6]	top1_acc: 0.3278, top5_acc: 0.7444, mean_class_accuracy: 0.3278
2022-04-27 11:48:28,496 - mmaction - INFO - Epoch [27][40/50]	lr: 4.095e-01, eta: 0:11:26, time: 0.830, data_time: 0.663, memory: 4754, top1_acc: 0.9758, top5_acc: 1.0000, loss_cls: 0.0961, loss: 0.0961, grad_norm: 0.3058
2022-04-27 11:48:58,932 - mmaction - INFO - Evaluating top_k_accuracy ...
2022-04-27 11:48:58,933 - mmaction - INFO - 
top1_acc	0.6889
top5_acc	0.9611
2022-04-27 11:48:58,933 - mmaction - INFO - Evaluating mean_class_accuracy ...
2022-04-27 11:48:58,933 - mmaction - INFO - 
mean_acc	0.6889
2022-04-27 11:48:58,935 - mmaction - INFO - The previous best checkpoint /home/yl/myposec3d/model_pth/exp5/fintune-with-pre/best_top1_acc_epoch_23.pth was removed
2022-04-27 11:48:58,976 - mmaction - INFO - Now best checkpoint is saved as best_top1_acc_epoch_27.pth.
2022-04-27 11:48:58,976 - mmaction - INFO - Best top1_acc is 0.6889 at 27 epoch.
2022-04-27 11:48:58,977 - mmaction - INFO - Epoch(val) [27][6]	top1_acc: 0.6889, top5_acc: 0.9611, mean_class_accuracy: 0.6889
2022-04-27 11:49:31,562 - mmaction - INFO - Epoch [28][40/50]	lr: 3.776e-01, eta: 0:10:54, time: 0.814, data_time: 0.630, memory: 4754, top1_acc: 0.9789, top5_acc: 1.0000, loss_cls: 0.0899, loss: 0.0899, grad_norm: 0.3720
2022-04-27 11:50:02,013 - mmaction - INFO - Evaluating top_k_accuracy ...
2022-04-27 11:50:02,014 - mmaction - INFO - 
top1_acc	0.3111
top5_acc	0.8278
2022-04-27 11:50:02,014 - mmaction - INFO - Evaluating mean_class_accuracy ...
2022-04-27 11:50:02,014 - mmaction - INFO - 
mean_acc	0.3111
2022-04-27 11:50:02,015 - mmaction - INFO - Epoch(val) [28][6]	top1_acc: 0.3111, top5_acc: 0.8278, mean_class_accuracy: 0.3111
2022-04-27 11:50:35,153 - mmaction - INFO - Epoch [29][40/50]	lr: 3.461e-01, eta: 0:10:22, time: 0.828, data_time: 0.656, memory: 4754, top1_acc: 0.9594, top5_acc: 0.9992, loss_cls: 0.1388, loss: 0.1388, grad_norm: 0.4532
2022-04-27 11:51:06,208 - mmaction - INFO - Evaluating top_k_accuracy ...
2022-04-27 11:51:06,208 - mmaction - INFO - 
top1_acc	0.5556
top5_acc	0.8944
2022-04-27 11:51:06,208 - mmaction - INFO - Evaluating mean_class_accuracy ...
2022-04-27 11:51:06,209 - mmaction - INFO - 
mean_acc	0.5556
2022-04-27 11:51:06,209 - mmaction - INFO - Epoch(val) [29][6]	top1_acc: 0.5556, top5_acc: 0.8944, mean_class_accuracy: 0.5556
2022-04-27 11:51:39,471 - mmaction - INFO - Epoch [30][40/50]	lr: 3.153e-01, eta: 0:09:50, time: 0.831, data_time: 0.674, memory: 4754, top1_acc: 0.9828, top5_acc: 1.0000, loss_cls: 0.0693, loss: 0.0693, grad_norm: 0.2542
2022-04-27 11:52:09,930 - mmaction - INFO - Evaluating top_k_accuracy ...
2022-04-27 11:52:09,931 - mmaction - INFO - 
top1_acc	0.2389
top5_acc	0.8444
2022-04-27 11:52:09,931 - mmaction - INFO - Evaluating mean_class_accuracy ...
2022-04-27 11:52:09,931 - mmaction - INFO - 
mean_acc	0.2389
2022-04-27 11:52:09,932 - mmaction - INFO - Epoch(val) [30][6]	top1_acc: 0.2389, top5_acc: 0.8444, mean_class_accuracy: 0.2389
2022-04-27 11:52:43,214 - mmaction - INFO - Epoch [31][40/50]	lr: 2.853e-01, eta: 0:09:18, time: 0.832, data_time: 0.671, memory: 4754, top1_acc: 0.9867, top5_acc: 1.0000, loss_cls: 0.0658, loss: 0.0658, grad_norm: 0.2613
2022-04-27 11:53:13,507 - mmaction - INFO - Evaluating top_k_accuracy ...
2022-04-27 11:53:13,508 - mmaction - INFO - 
top1_acc	0.3889
top5_acc	0.9000
2022-04-27 11:53:13,508 - mmaction - INFO - Evaluating mean_class_accuracy ...
2022-04-27 11:53:13,509 - mmaction - INFO - 
mean_acc	0.3889
2022-04-27 11:53:13,509 - mmaction - INFO - Epoch(val) [31][6]	top1_acc: 0.3889, top5_acc: 0.9000, mean_class_accuracy: 0.3889
2022-04-27 11:53:47,083 - mmaction - INFO - Epoch [32][40/50]	lr: 2.563e-01, eta: 0:08:46, time: 0.839, data_time: 0.682, memory: 4754, top1_acc: 0.9805, top5_acc: 1.0000, loss_cls: 0.0844, loss: 0.0844, grad_norm: 0.3769
2022-04-27 11:54:17,353 - mmaction - INFO - Evaluating top_k_accuracy ...
2022-04-27 11:54:17,353 - mmaction - INFO - 
top1_acc	0.4611
top5_acc	0.8333
2022-04-27 11:54:17,353 - mmaction - INFO - Evaluating mean_class_accuracy ...
2022-04-27 11:54:17,354 - mmaction - INFO - 
mean_acc	0.4611
2022-04-27 11:54:17,354 - mmaction - INFO - Epoch(val) [32][6]	top1_acc: 0.4611, top5_acc: 0.8333, mean_class_accuracy: 0.4611
2022-04-27 11:54:50,439 - mmaction - INFO - Epoch [33][40/50]	lr: 2.282e-01, eta: 0:08:14, time: 0.827, data_time: 0.655, memory: 4754, top1_acc: 0.9883, top5_acc: 1.0000, loss_cls: 0.0640, loss: 0.0640, grad_norm: 0.2284
2022-04-27 11:55:20,930 - mmaction - INFO - Evaluating top_k_accuracy ...
2022-04-27 11:55:20,931 - mmaction - INFO - 
top1_acc	0.7056
top5_acc	0.9722
2022-04-27 11:55:20,931 - mmaction - INFO - Evaluating mean_class_accuracy ...
2022-04-27 11:55:20,931 - mmaction - INFO - 
mean_acc	0.7056
2022-04-27 11:55:20,933 - mmaction - INFO - The previous best checkpoint /home/yl/myposec3d/model_pth/exp5/fintune-with-pre/best_top1_acc_epoch_27.pth was removed
2022-04-27 11:55:20,977 - mmaction - INFO - Now best checkpoint is saved as best_top1_acc_epoch_33.pth.
2022-04-27 11:55:20,977 - mmaction - INFO - Best top1_acc is 0.7056 at 33 epoch.
2022-04-27 11:55:20,977 - mmaction - INFO - Epoch(val) [33][6]	top1_acc: 0.7056, top5_acc: 0.9722, mean_class_accuracy: 0.7056
2022-04-27 11:55:54,572 - mmaction - INFO - Epoch [34][40/50]	lr: 2.014e-01, eta: 0:07:42, time: 0.840, data_time: 0.683, memory: 4754, top1_acc: 0.9852, top5_acc: 0.9992, loss_cls: 0.0664, loss: 0.0664, grad_norm: 0.2399
2022-04-27 11:56:25,145 - mmaction - INFO - Evaluating top_k_accuracy ...
2022-04-27 11:56:25,146 - mmaction - INFO - 
top1_acc	0.5278
top5_acc	0.8667
2022-04-27 11:56:25,146 - mmaction - INFO - Evaluating mean_class_accuracy ...
2022-04-27 11:56:25,146 - mmaction - INFO - 
mean_acc	0.5278
2022-04-27 11:56:25,147 - mmaction - INFO - Epoch(val) [34][6]	top1_acc: 0.5278, top5_acc: 0.8667, mean_class_accuracy: 0.5278
2022-04-27 11:56:58,027 - mmaction - INFO - Epoch [35][40/50]	lr: 1.758e-01, eta: 0:07:09, time: 0.822, data_time: 0.664, memory: 4754, top1_acc: 0.9914, top5_acc: 1.0000, loss_cls: 0.0493, loss: 0.0493, grad_norm: 0.2347
2022-04-27 11:57:28,439 - mmaction - INFO - Evaluating top_k_accuracy ...
2022-04-27 11:57:28,440 - mmaction - INFO - 
top1_acc	0.7722
top5_acc	0.9778
2022-04-27 11:57:28,440 - mmaction - INFO - Evaluating mean_class_accuracy ...
2022-04-27 11:57:28,441 - mmaction - INFO - 
mean_acc	0.7722
2022-04-27 11:57:28,446 - mmaction - INFO - The previous best checkpoint /home/yl/myposec3d/model_pth/exp5/fintune-with-pre/best_top1_acc_epoch_33.pth was removed
2022-04-27 11:57:28,545 - mmaction - INFO - Now best checkpoint is saved as best_top1_acc_epoch_35.pth.
2022-04-27 11:57:28,546 - mmaction - INFO - Best top1_acc is 0.7722 at 35 epoch.
2022-04-27 11:57:28,546 - mmaction - INFO - Epoch(val) [35][6]	top1_acc: 0.7722, top5_acc: 0.9778, mean_class_accuracy: 0.7722
2022-04-27 11:58:01,663 - mmaction - INFO - Epoch [36][40/50]	lr: 1.516e-01, eta: 0:06:37, time: 0.828, data_time: 0.645, memory: 4754, top1_acc: 0.9969, top5_acc: 1.0000, loss_cls: 0.0222, loss: 0.0222, grad_norm: 0.1077
2022-04-27 11:58:32,339 - mmaction - INFO - Evaluating top_k_accuracy ...
2022-04-27 11:58:32,339 - mmaction - INFO - 
top1_acc	0.6667
top5_acc	0.9500
2022-04-27 11:58:32,339 - mmaction - INFO - Evaluating mean_class_accuracy ...
2022-04-27 11:58:32,340 - mmaction - INFO - 
mean_acc	0.6667
2022-04-27 11:58:32,340 - mmaction - INFO - Epoch(val) [36][6]	top1_acc: 0.6667, top5_acc: 0.9500, mean_class_accuracy: 0.6667
2022-04-27 11:59:05,434 - mmaction - INFO - Epoch [37][40/50]	lr: 1.289e-01, eta: 0:06:05, time: 0.827, data_time: 0.650, memory: 4754, top1_acc: 0.9914, top5_acc: 1.0000, loss_cls: 0.0341, loss: 0.0341, grad_norm: 0.1883
2022-04-27 11:59:35,885 - mmaction - INFO - Evaluating top_k_accuracy ...
2022-04-27 11:59:35,886 - mmaction - INFO - 
top1_acc	0.8389
top5_acc	0.9944
2022-04-27 11:59:35,886 - mmaction - INFO - Evaluating mean_class_accuracy ...
2022-04-27 11:59:35,886 - mmaction - INFO - 
mean_acc	0.8389
2022-04-27 11:59:35,889 - mmaction - INFO - The previous best checkpoint /home/yl/myposec3d/model_pth/exp5/fintune-with-pre/best_top1_acc_epoch_35.pth was removed
2022-04-27 11:59:35,930 - mmaction - INFO - Now best checkpoint is saved as best_top1_acc_epoch_37.pth.
2022-04-27 11:59:35,930 - mmaction - INFO - Best top1_acc is 0.8389 at 37 epoch.
2022-04-27 11:59:35,931 - mmaction - INFO - Epoch(val) [37][6]	top1_acc: 0.8389, top5_acc: 0.9944, mean_class_accuracy: 0.8389
2022-04-27 12:00:09,459 - mmaction - INFO - Epoch [38][40/50]	lr: 1.077e-01, eta: 0:05:32, time: 0.838, data_time: 0.666, memory: 4754, top1_acc: 0.9969, top5_acc: 1.0000, loss_cls: 0.0240, loss: 0.0240, grad_norm: 0.1148
2022-04-27 12:00:39,670 - mmaction - INFO - Evaluating top_k_accuracy ...
2022-04-27 12:00:39,671 - mmaction - INFO - 
top1_acc	0.8611
top5_acc	0.9833
2022-04-27 12:00:39,671 - mmaction - INFO - Evaluating mean_class_accuracy ...
2022-04-27 12:00:39,671 - mmaction - INFO - 
mean_acc	0.8611
2022-04-27 12:00:39,673 - mmaction - INFO - The previous best checkpoint /home/yl/myposec3d/model_pth/exp5/fintune-with-pre/best_top1_acc_epoch_37.pth was removed
2022-04-27 12:00:39,715 - mmaction - INFO - Now best checkpoint is saved as best_top1_acc_epoch_38.pth.
2022-04-27 12:00:39,715 - mmaction - INFO - Best top1_acc is 0.8611 at 38 epoch.
2022-04-27 12:00:39,716 - mmaction - INFO - Epoch(val) [38][6]	top1_acc: 0.8611, top5_acc: 0.9833, mean_class_accuracy: 0.8611
2022-04-27 12:01:12,618 - mmaction - INFO - Epoch [39][40/50]	lr: 8.831e-02, eta: 0:05:00, time: 0.822, data_time: 0.644, memory: 4754, top1_acc: 0.9953, top5_acc: 1.0000, loss_cls: 0.0224, loss: 0.0224, grad_norm: 0.1177
2022-04-27 12:01:43,134 - mmaction - INFO - Evaluating top_k_accuracy ...
2022-04-27 12:01:43,135 - mmaction - INFO - 
top1_acc	0.9000
top5_acc	0.9778
2022-04-27 12:01:43,135 - mmaction - INFO - Evaluating mean_class_accuracy ...
2022-04-27 12:01:43,135 - mmaction - INFO - 
mean_acc	0.9000
2022-04-27 12:01:43,140 - mmaction - INFO - The previous best checkpoint /home/yl/myposec3d/model_pth/exp5/fintune-with-pre/best_top1_acc_epoch_38.pth was removed
2022-04-27 12:01:43,186 - mmaction - INFO - Now best checkpoint is saved as best_top1_acc_epoch_39.pth.
2022-04-27 12:01:43,186 - mmaction - INFO - Best top1_acc is 0.9000 at 39 epoch.
2022-04-27 12:01:43,186 - mmaction - INFO - Epoch(val) [39][6]	top1_acc: 0.9000, top5_acc: 0.9778, mean_class_accuracy: 0.9000
2022-04-27 12:02:16,432 - mmaction - INFO - Epoch [40][40/50]	lr: 7.063e-02, eta: 0:04:27, time: 0.831, data_time: 0.674, memory: 4754, top1_acc: 0.9945, top5_acc: 0.9984, loss_cls: 0.0525, loss: 0.0525, grad_norm: 0.1849
2022-04-27 12:02:46,812 - mmaction - INFO - Evaluating top_k_accuracy ...
2022-04-27 12:02:46,813 - mmaction - INFO - 
top1_acc	0.8000
top5_acc	0.9778
2022-04-27 12:02:46,813 - mmaction - INFO - Evaluating mean_class_accuracy ...
2022-04-27 12:02:46,813 - mmaction - INFO - 
mean_acc	0.8000
2022-04-27 12:02:46,813 - mmaction - INFO - Epoch(val) [40][6]	top1_acc: 0.8000, top5_acc: 0.9778, mean_class_accuracy: 0.8000
2022-04-27 12:03:20,122 - mmaction - INFO - Epoch [41][40/50]	lr: 5.479e-02, eta: 0:03:55, time: 0.833, data_time: 0.660, memory: 4754, top1_acc: 0.9984, top5_acc: 1.0000, loss_cls: 0.0174, loss: 0.0174, grad_norm: 0.0900
2022-04-27 12:03:50,593 - mmaction - INFO - Evaluating top_k_accuracy ...
2022-04-27 12:03:50,594 - mmaction - INFO - 
top1_acc	0.8444
top5_acc	0.9889
2022-04-27 12:03:50,594 - mmaction - INFO - Evaluating mean_class_accuracy ...
2022-04-27 12:03:50,594 - mmaction - INFO - 
mean_acc	0.8444
2022-04-27 12:03:50,595 - mmaction - INFO - Epoch(val) [41][6]	top1_acc: 0.8444, top5_acc: 0.9889, mean_class_accuracy: 0.8444
2022-04-27 12:04:23,807 - mmaction - INFO - Epoch [42][40/50]	lr: 4.086e-02, eta: 0:03:22, time: 0.830, data_time: 0.650, memory: 4754, top1_acc: 0.9992, top5_acc: 1.0000, loss_cls: 0.0161, loss: 0.0161, grad_norm: 0.0670
2022-04-27 12:04:54,439 - mmaction - INFO - Evaluating top_k_accuracy ...
2022-04-27 12:04:54,440 - mmaction - INFO - 
top1_acc	0.8944
top5_acc	0.9889
2022-04-27 12:04:54,440 - mmaction - INFO - Evaluating mean_class_accuracy ...
2022-04-27 12:04:54,441 - mmaction - INFO - 
mean_acc	0.8944
2022-04-27 12:04:54,441 - mmaction - INFO - Epoch(val) [42][6]	top1_acc: 0.8944, top5_acc: 0.9889, mean_class_accuracy: 0.8944
2022-04-27 12:05:27,603 - mmaction - INFO - Epoch [43][40/50]	lr: 2.890e-02, eta: 0:02:49, time: 0.829, data_time: 0.651, memory: 4754, top1_acc: 0.9984, top5_acc: 1.0000, loss_cls: 0.0136, loss: 0.0136, grad_norm: 0.0819
2022-04-27 12:05:57,993 - mmaction - INFO - Evaluating top_k_accuracy ...
2022-04-27 12:05:57,994 - mmaction - INFO - 
top1_acc	0.9056
top5_acc	0.9833
2022-04-27 12:05:57,994 - mmaction - INFO - Evaluating mean_class_accuracy ...
2022-04-27 12:05:57,994 - mmaction - INFO - 
mean_acc	0.9056
2022-04-27 12:05:57,997 - mmaction - INFO - The previous best checkpoint /home/yl/myposec3d/model_pth/exp5/fintune-with-pre/best_top1_acc_epoch_39.pth was removed
2022-04-27 12:05:58,043 - mmaction - INFO - Now best checkpoint is saved as best_top1_acc_epoch_43.pth.
2022-04-27 12:05:58,043 - mmaction - INFO - Best top1_acc is 0.9056 at 43 epoch.
2022-04-27 12:05:58,043 - mmaction - INFO - Epoch(val) [43][6]	top1_acc: 0.9056, top5_acc: 0.9833, mean_class_accuracy: 0.9056
2022-04-27 12:06:30,893 - mmaction - INFO - Epoch [44][40/50]	lr: 1.895e-02, eta: 0:02:17, time: 0.821, data_time: 0.639, memory: 4754, top1_acc: 0.9945, top5_acc: 1.0000, loss_cls: 0.0256, loss: 0.0256, grad_norm: 0.1490
2022-04-27 12:07:01,446 - mmaction - INFO - Evaluating top_k_accuracy ...
2022-04-27 12:07:01,447 - mmaction - INFO - 
top1_acc	0.8778
top5_acc	0.9833
2022-04-27 12:07:01,447 - mmaction - INFO - Evaluating mean_class_accuracy ...
2022-04-27 12:07:01,448 - mmaction - INFO - 
mean_acc	0.8778
2022-04-27 12:07:01,448 - mmaction - INFO - Epoch(val) [44][6]	top1_acc: 0.8778, top5_acc: 0.9833, mean_class_accuracy: 0.8778
2022-04-27 12:07:34,869 - mmaction - INFO - Epoch [45][40/50]	lr: 1.106e-02, eta: 0:01:44, time: 0.835, data_time: 0.651, memory: 4754, top1_acc: 0.9977, top5_acc: 1.0000, loss_cls: 0.0194, loss: 0.0194, grad_norm: 0.1260
2022-04-27 12:08:05,309 - mmaction - INFO - Evaluating top_k_accuracy ...
2022-04-27 12:08:05,310 - mmaction - INFO - 
top1_acc	0.8611
top5_acc	0.9833
2022-04-27 12:08:05,310 - mmaction - INFO - Evaluating mean_class_accuracy ...
2022-04-27 12:08:05,310 - mmaction - INFO - 
mean_acc	0.8611
2022-04-27 12:08:05,311 - mmaction - INFO - Epoch(val) [45][6]	top1_acc: 0.8611, top5_acc: 0.9833, mean_class_accuracy: 0.8611
2022-04-27 12:08:38,237 - mmaction - INFO - Epoch [46][40/50]	lr: 5.269e-03, eta: 0:01:11, time: 0.823, data_time: 0.662, memory: 4754, top1_acc: 0.9961, top5_acc: 1.0000, loss_cls: 0.0237, loss: 0.0237, grad_norm: 0.1240
2022-04-27 12:09:08,658 - mmaction - INFO - Evaluating top_k_accuracy ...
2022-04-27 12:09:08,658 - mmaction - INFO - 
top1_acc	0.8778
top5_acc	0.9889
2022-04-27 12:09:08,658 - mmaction - INFO - Evaluating mean_class_accuracy ...
2022-04-27 12:09:08,659 - mmaction - INFO - 
mean_acc	0.8778
2022-04-27 12:09:08,659 - mmaction - INFO - Epoch(val) [46][6]	top1_acc: 0.8778, top5_acc: 0.9889, mean_class_accuracy: 0.8778
2022-04-27 12:09:41,731 - mmaction - INFO - Epoch [47][40/50]	lr: 1.593e-03, eta: 0:00:39, time: 0.827, data_time: 0.638, memory: 4754, top1_acc: 0.9961, top5_acc: 1.0000, loss_cls: 0.0155, loss: 0.0155, grad_norm: 0.0945
2022-04-27 12:10:12,517 - mmaction - INFO - Evaluating top_k_accuracy ...
2022-04-27 12:10:12,517 - mmaction - INFO - 
top1_acc	0.8778
top5_acc	0.9889
2022-04-27 12:10:12,517 - mmaction - INFO - Evaluating mean_class_accuracy ...
2022-04-27 12:10:12,518 - mmaction - INFO - 
mean_acc	0.8778
2022-04-27 12:10:12,518 - mmaction - INFO - Epoch(val) [47][6]	top1_acc: 0.8778, top5_acc: 0.9889, mean_class_accuracy: 0.8778
2022-04-27 12:10:45,724 - mmaction - INFO - Epoch [48][40/50]	lr: 5.183e-05, eta: 0:00:06, time: 0.830, data_time: 0.639, memory: 4754, top1_acc: 0.9992, top5_acc: 1.0000, loss_cls: 0.0139, loss: 0.0139, grad_norm: 0.0732
2022-04-27 12:10:47,884 - mmaction - INFO - Saving checkpoint at 48 epochs
2022-04-27 12:11:16,311 - mmaction - INFO - Evaluating top_k_accuracy ...
2022-04-27 12:11:16,312 - mmaction - INFO - 
top1_acc	0.8778
top5_acc	0.9833
2022-04-27 12:11:16,312 - mmaction - INFO - Evaluating mean_class_accuracy ...
2022-04-27 12:11:16,312 - mmaction - INFO - 
mean_acc	0.8778
2022-04-27 12:11:16,313 - mmaction - INFO - Epoch(val) [48][6]	top1_acc: 0.8778, top5_acc: 0.9833, mean_class_accuracy: 0.8778
