2022-04-26 01:39:07,258 - mmaction - INFO - Environment info:
------------------------------------------------------------
sys.platform: linux
Python: 3.8.12 | packaged by conda-forge | (default, Oct 12 2021, 21:57:06) [GCC 9.4.0]
CUDA available: True
GPU 0,1,2,3: NVIDIA GeForce RTX 3090
CUDA_HOME: /usr/local/cuda
NVCC: Build cuda_11.1.TC455_06.29190527_0
GCC: gcc (Ubuntu 9.4.0-1ubuntu1~20.04.1) 9.4.0
PyTorch: 1.9.1+cu111
PyTorch compiling details: PyTorch built with:
  - GCC 7.3
  - C++ Version: 201402
  - Intel(R) Math Kernel Library Version 2020.0.0 Product Build 20191122 for Intel(R) 64 architecture applications
  - Intel(R) MKL-DNN v2.1.2 (Git Hash 98be7e8afa711dc9b66c8ff3504129cb82013cdb)
  - OpenMP 201511 (a.k.a. OpenMP 4.5)
  - NNPACK is enabled
  - CPU capability usage: AVX2
  - CUDA Runtime 11.1
  - NVCC architecture flags: -gencode;arch=compute_37,code=sm_37;-gencode;arch=compute_50,code=sm_50;-gencode;arch=compute_60,code=sm_60;-gencode;arch=compute_70,code=sm_70;-gencode;arch=compute_75,code=sm_75;-gencode;arch=compute_80,code=sm_80;-gencode;arch=compute_86,code=sm_86
  - CuDNN 8.0.5
  - Magma 2.5.2
  - Build settings: BLAS_INFO=mkl, BUILD_TYPE=Release, CUDA_VERSION=11.1, CUDNN_VERSION=8.0.5, CXX_COMPILER=/opt/rh/devtoolset-7/root/usr/bin/c++, CXX_FLAGS= -Wno-deprecated -fvisibility-inlines-hidden -DUSE_PTHREADPOOL -fopenmp -DNDEBUG -DUSE_KINETO -DUSE_FBGEMM -DUSE_QNNPACK -DUSE_PYTORCH_QNNPACK -DUSE_XNNPACK -DSYMBOLICATE_MOBILE_DEBUG_HANDLE -O2 -fPIC -Wno-narrowing -Wall -Wextra -Werror=return-type -Wno-missing-field-initializers -Wno-type-limits -Wno-array-bounds -Wno-unknown-pragmas -Wno-sign-compare -Wno-unused-parameter -Wno-unused-variable -Wno-unused-function -Wno-unused-result -Wno-unused-local-typedefs -Wno-strict-overflow -Wno-strict-aliasing -Wno-error=deprecated-declarations -Wno-stringop-overflow -Wno-psabi -Wno-error=pedantic -Wno-error=redundant-decls -Wno-error=old-style-cast -fdiagnostics-color=always -faligned-new -Wno-unused-but-set-variable -Wno-maybe-uninitialized -fno-math-errno -fno-trapping-math -Werror=format -Wno-stringop-overflow, LAPACK_INFO=mkl, PERF_WITH_AVX=1, PERF_WITH_AVX2=1, PERF_WITH_AVX512=1, TORCH_VERSION=1.9.1, USE_CUDA=ON, USE_CUDNN=ON, USE_EXCEPTION_PTR=1, USE_GFLAGS=OFF, USE_GLOG=OFF, USE_MKL=ON, USE_MKLDNN=ON, USE_MPI=OFF, USE_NCCL=ON, USE_NNPACK=ON, USE_OPENMP=ON, 

TorchVision: 0.10.1+cu111
OpenCV: 4.5.5
MMCV: 1.4.2
MMCV Compiler: GCC 7.3
MMCV CUDA Compiler: 11.1
MMAction2: 0.20.0+26392eb
------------------------------------------------------------

2022-04-26 01:39:07,259 - mmaction - INFO - Distributed training: True
2022-04-26 01:39:08,900 - mmaction - INFO - Config: model = dict(
    type='Recognizer3D',
    backbone=dict(
        type='ResNet3dSlowOnly',
        depth=50,
        pretrained=None,
        in_channels=5,
        base_channels=32,
        num_stages=3,
        out_indices=(2, ),
        stage_blocks=(4, 6, 3),
        conv1_stride_s=1,
        pool1_stride_s=1,
        inflate=(0, 1, 1),
        spatial_strides=(2, 2, 2),
        temporal_strides=(1, 1, 2),
        dilations=(1, 1, 1),
        frozen_stages=3),
    cls_head=dict(
        type='I3DHead',
        in_channels=512,
        num_classes=10,
        spatial_type='avg',
        dropout_ratio=0.5),
    train_cfg=dict(),
    test_cfg=dict(average_clips='prob'))
dataset_type = 'PoseDataset'
ann_file_train = 'data/ds_taichi/TEST7AUG2/NSNR/train_data.pkl'
ann_file_val = 'data/ds_taichi/TEST7AUG2/NSNR/test_data.pkl'
left = [
    5, 6, 7, 8, 44, 45, 46, 47, 48, 49, 50, 51, 52, 53, 54, 55, 56, 57, 58, 59,
    60, 61, 62, 63, 64, 65, 66, 67, 68, 69, 70, 71
]
right = [
    1, 2, 3, 4, 16, 17, 18, 19, 20, 21, 22, 23, 24, 25, 26, 27, 28, 29, 30, 31,
    32, 33, 34, 35, 36, 37, 38, 39, 40, 41, 42, 43
]
train_pipeline = [
    dict(type='UniformSampleFrames', clip_len=48),
    dict(type='PoseDecode'),
    dict(type='PoseCompact', hw_ratio=1.0, allow_imgpad=True),
    dict(type='Resize', scale=(-1, 64)),
    dict(type='RandomResizedCrop', area_range=(0.56, 1.0)),
    dict(type='Resize', scale=(56, 56), keep_ratio=False),
    dict(
        type='Flip',
        flip_ratio=0.5,
        left_kp=[
            5, 6, 7, 8, 44, 45, 46, 47, 48, 49, 50, 51, 52, 53, 54, 55, 56, 57,
            58, 59, 60, 61, 62, 63, 64, 65, 66, 67, 68, 69, 70, 71
        ],
        right_kp=[
            1, 2, 3, 4, 16, 17, 18, 19, 20, 21, 22, 23, 24, 25, 26, 27, 28, 29,
            30, 31, 32, 33, 34, 35, 36, 37, 38, 39, 40, 41, 42, 43
        ]),
    dict(
        type='GenerateTaiChiPoseTarget',
        sigma=0.6,
        use_score=True,
        with_kp=True,
        with_limb=False),
    dict(type='FormatShape', input_format='NCTHW'),
    dict(type='Collect', keys=['imgs', 'label'], meta_keys=[]),
    dict(type='ToTensor', keys=['imgs', 'label'])
]
val_pipeline = [
    dict(type='UniformSampleFrames', clip_len=48, num_clips=1, test_mode=True),
    dict(type='PoseDecode'),
    dict(type='PoseCompact', hw_ratio=1.0, allow_imgpad=True),
    dict(type='Resize', scale=(-1, 64)),
    dict(type='CenterCrop', crop_size=64),
    dict(
        type='GenerateTaiChiPoseTarget',
        sigma=0.6,
        use_score=True,
        with_kp=True,
        with_limb=False),
    dict(type='FormatShape', input_format='NCTHW'),
    dict(type='Collect', keys=['imgs', 'label'], meta_keys=[]),
    dict(type='ToTensor', keys=['imgs'])
]
test_pipeline = [
    dict(
        type='UniformSampleFrames', clip_len=48, num_clips=10, test_mode=True),
    dict(type='PoseDecode'),
    dict(type='PoseCompact', hw_ratio=1.0, allow_imgpad=True),
    dict(type='Resize', scale=(-1, 64)),
    dict(type='CenterCrop', crop_size=64),
    dict(
        type='GenerateTaiChiPoseTarget',
        sigma=0.6,
        use_score=True,
        with_kp=True,
        with_limb=False,
        double=True,
        left_kp=[
            5, 6, 7, 8, 44, 45, 46, 47, 48, 49, 50, 51, 52, 53, 54, 55, 56, 57,
            58, 59, 60, 61, 62, 63, 64, 65, 66, 67, 68, 69, 70, 71
        ],
        right_kp=[
            1, 2, 3, 4, 16, 17, 18, 19, 20, 21, 22, 23, 24, 25, 26, 27, 28, 29,
            30, 31, 32, 33, 34, 35, 36, 37, 38, 39, 40, 41, 42, 43
        ]),
    dict(type='FormatShape', input_format='NCTHW'),
    dict(type='Collect', keys=['imgs', 'label'], meta_keys=[]),
    dict(type='ToTensor', keys=['imgs'])
]
data = dict(
    videos_per_gpu=8,
    workers_per_gpu=4,
    test_dataloader=dict(videos_per_gpu=4),
    train=dict(
        type='RepeatDataset',
        times=15,
        dataset=dict(
            type='PoseDataset',
            ann_file='data/ds_taichi/TEST7AUG2/NSNR/train_data.pkl',
            data_prefix='',
            pipeline=[
                dict(type='UniformSampleFrames', clip_len=48),
                dict(type='PoseDecode'),
                dict(type='PoseCompact', hw_ratio=1.0, allow_imgpad=True),
                dict(type='Resize', scale=(-1, 64)),
                dict(type='RandomResizedCrop', area_range=(0.56, 1.0)),
                dict(type='Resize', scale=(56, 56), keep_ratio=False),
                dict(
                    type='Flip',
                    flip_ratio=0.5,
                    left_kp=[
                        5, 6, 7, 8, 44, 45, 46, 47, 48, 49, 50, 51, 52, 53, 54,
                        55, 56, 57, 58, 59, 60, 61, 62, 63, 64, 65, 66, 67, 68,
                        69, 70, 71
                    ],
                    right_kp=[
                        1, 2, 3, 4, 16, 17, 18, 19, 20, 21, 22, 23, 24, 25, 26,
                        27, 28, 29, 30, 31, 32, 33, 34, 35, 36, 37, 38, 39, 40,
                        41, 42, 43
                    ]),
                dict(
                    type='GenerateTaiChiPoseTarget',
                    sigma=0.6,
                    use_score=True,
                    with_kp=True,
                    with_limb=False),
                dict(type='FormatShape', input_format='NCTHW'),
                dict(type='Collect', keys=['imgs', 'label'], meta_keys=[]),
                dict(type='ToTensor', keys=['imgs', 'label'])
            ])),
    val=dict(
        type='PoseDataset',
        ann_file='data/ds_taichi/TEST7AUG2/NSNR/test_data.pkl',
        data_prefix='',
        pipeline=[
            dict(
                type='UniformSampleFrames',
                clip_len=48,
                num_clips=1,
                test_mode=True),
            dict(type='PoseDecode'),
            dict(type='PoseCompact', hw_ratio=1.0, allow_imgpad=True),
            dict(type='Resize', scale=(-1, 64)),
            dict(type='CenterCrop', crop_size=64),
            dict(
                type='GenerateTaiChiPoseTarget',
                sigma=0.6,
                use_score=True,
                with_kp=True,
                with_limb=False),
            dict(type='FormatShape', input_format='NCTHW'),
            dict(type='Collect', keys=['imgs', 'label'], meta_keys=[]),
            dict(type='ToTensor', keys=['imgs'])
        ]),
    test=dict(
        type='PoseDataset',
        ann_file='data/ds_taichi/TEST7AUG2/NSNR/test_data.pkl',
        data_prefix='',
        pipeline=[
            dict(
                type='UniformSampleFrames',
                clip_len=48,
                num_clips=10,
                test_mode=True),
            dict(type='PoseDecode'),
            dict(type='PoseCompact', hw_ratio=1.0, allow_imgpad=True),
            dict(type='Resize', scale=(-1, 64)),
            dict(type='CenterCrop', crop_size=64),
            dict(
                type='GenerateTaiChiPoseTarget',
                sigma=0.6,
                use_score=True,
                with_kp=True,
                with_limb=False,
                double=True,
                left_kp=[
                    5, 6, 7, 8, 44, 45, 46, 47, 48, 49, 50, 51, 52, 53, 54, 55,
                    56, 57, 58, 59, 60, 61, 62, 63, 64, 65, 66, 67, 68, 69, 70,
                    71
                ],
                right_kp=[
                    1, 2, 3, 4, 16, 17, 18, 19, 20, 21, 22, 23, 24, 25, 26, 27,
                    28, 29, 30, 31, 32, 33, 34, 35, 36, 37, 38, 39, 40, 41, 42,
                    43
                ]),
            dict(type='FormatShape', input_format='NCTHW'),
            dict(type='Collect', keys=['imgs', 'label'], meta_keys=[]),
            dict(type='ToTensor', keys=['imgs'])
        ]))
optimizer = dict(type='SGD', lr=0.4, momentum=0.9, weight_decay=0.0003)
optimizer_config = dict(grad_clip=dict(max_norm=40, norm_type=2))
lr_config = dict(policy='CosineAnnealing', by_epoch=False, min_lr=0)
total_epochs = 24
checkpoint_config = dict()
workflow = [('train', 1)]
evaluation = dict(
    interval=1, metrics=['top_k_accuracy', 'mean_class_accuracy'], topk=(1, 5))
log_config = dict(interval=5, hooks=[dict(type='TextLoggerHook')])
output_config = dict(
    out='./model_pth/exp3/NSNR-linear5-T7A2/test_result/results.pkl')
eval_config = dict(
    metric_out='./model_pth/exp3/NSNR-linear5-T7A2/test_result',
    eval=[
        'top_k_accuracy', 'mean_class_accuracy', 'confusion_matrix',
        't_sne_vis'
    ])
dist_params = dict(backend='nccl')
log_level = 'INFO'
work_dir = './model_pth/exp3/NSNR-linear5-T7A2'
load_from = './model_pth/5part_ntu60_xsub_kp_0331/epoch_24.pth'
resume_from = None
find_unused_parameters = True
gpu_ids = range(0, 4)
omnisource = False
module_hooks = []

2022-04-26 01:39:08,900 - mmaction - INFO - Set random seed to 42, deterministic: True
2022-04-26 01:39:08,976 - mmaction - INFO - 120 videos remain after valid thresholding
2022-04-26 01:39:14,599 - mmaction - INFO - 140 videos remain after valid thresholding
2022-04-26 01:39:14,600 - mmaction - INFO - load checkpoint from local path: ./model_pth/5part_ntu60_xsub_kp_0331/epoch_24.pth
2022-04-26 01:39:14,622 - mmaction - WARNING - The model and loaded state dict do not match exactly

size mismatch for cls_head.fc_cls.weight: copying a param with shape torch.Size([60, 512]) from checkpoint, the shape in current model is torch.Size([10, 512]).
size mismatch for cls_head.fc_cls.bias: copying a param with shape torch.Size([60]) from checkpoint, the shape in current model is torch.Size([10]).
2022-04-26 01:39:14,622 - mmaction - INFO - Start running, host: yl@83090-jin, work_dir: /home/yl/myposec3d/model_pth/exp3/NSNR-linear5-T7A2
2022-04-26 01:39:14,622 - mmaction - INFO - Hooks will be executed in the following order:
before_run:
(VERY_HIGH   ) CosineAnnealingLrUpdaterHook       
(NORMAL      ) CheckpointHook                     
(NORMAL      ) DistEvalHook                       
(VERY_LOW    ) TextLoggerHook                     
 -------------------- 
before_train_epoch:
(VERY_HIGH   ) CosineAnnealingLrUpdaterHook       
(NORMAL      ) DistSamplerSeedHook                
(NORMAL      ) DistEvalHook                       
(LOW         ) IterTimerHook                      
(VERY_LOW    ) TextLoggerHook                     
 -------------------- 
before_train_iter:
(VERY_HIGH   ) CosineAnnealingLrUpdaterHook       
(NORMAL      ) DistEvalHook                       
(LOW         ) IterTimerHook                      
 -------------------- 
after_train_iter:
(ABOVE_NORMAL) OptimizerHook                      
(NORMAL      ) CheckpointHook                     
(NORMAL      ) DistEvalHook                       
(LOW         ) IterTimerHook                      
(VERY_LOW    ) TextLoggerHook                     
 -------------------- 
after_train_epoch:
(NORMAL      ) CheckpointHook                     
(NORMAL      ) DistEvalHook                       
(VERY_LOW    ) TextLoggerHook                     
 -------------------- 
before_val_epoch:
(NORMAL      ) DistSamplerSeedHook                
(LOW         ) IterTimerHook                      
(VERY_LOW    ) TextLoggerHook                     
 -------------------- 
before_val_iter:
(LOW         ) IterTimerHook                      
 -------------------- 
after_val_iter:
(LOW         ) IterTimerHook                      
 -------------------- 
after_val_epoch:
(VERY_LOW    ) TextLoggerHook                     
 -------------------- 
after_run:
(VERY_LOW    ) TextLoggerHook                     
 -------------------- 
2022-04-26 01:39:14,623 - mmaction - INFO - workflow: [('train', 1)], max: 24 epochs
2022-04-26 01:39:14,623 - mmaction - INFO - Checkpoints will be saved to /home/yl/myposec3d/model_pth/exp3/NSNR-linear5-T7A2 by HardDiskBackend.
2022-04-26 01:39:40,037 - mmaction - INFO - Epoch [1][5/57]	lr: 4.000e-01, eta: 1:55:27, time: 5.082, data_time: 4.897, memory: 665, top1_acc: 0.1187, top5_acc: 0.5687, loss_cls: 5.4405, loss: 5.4405, grad_norm: 4.8125
2022-04-26 01:39:40,730 - mmaction - INFO - Epoch [1][10/57]	lr: 4.000e-01, eta: 0:59:05, time: 0.139, data_time: 0.022, memory: 665, top1_acc: 0.1250, top5_acc: 0.5750, loss_cls: 18.1699, loss: 18.1699, grad_norm: 7.4659
2022-04-26 01:39:41,422 - mmaction - INFO - Epoch [1][15/57]	lr: 3.999e-01, eta: 0:40:17, time: 0.138, data_time: 0.020, memory: 665, top1_acc: 0.1875, top5_acc: 0.5750, loss_cls: 25.7683, loss: 25.7683, grad_norm: 6.6277
2022-04-26 01:39:42,108 - mmaction - INFO - Epoch [1][20/57]	lr: 3.998e-01, eta: 0:30:52, time: 0.137, data_time: 0.018, memory: 665, top1_acc: 0.2500, top5_acc: 0.6062, loss_cls: 21.8458, loss: 21.8458, grad_norm: 5.8777
2022-04-26 01:39:43,294 - mmaction - INFO - Epoch [1][25/57]	lr: 3.997e-01, eta: 0:25:40, time: 0.237, data_time: 0.032, memory: 665, top1_acc: 0.1688, top5_acc: 0.7312, loss_cls: 21.3597, loss: 21.3597, grad_norm: 5.8502
2022-04-26 01:39:44,038 - mmaction - INFO - Epoch [1][30/57]	lr: 3.996e-01, eta: 0:21:51, time: 0.149, data_time: 0.010, memory: 665, top1_acc: 0.3688, top5_acc: 0.7438, loss_cls: 13.4003, loss: 13.4003, grad_norm: 4.3377
2022-04-26 01:39:44,714 - mmaction - INFO - Epoch [1][35/57]	lr: 3.994e-01, eta: 0:19:05, time: 0.135, data_time: 0.000, memory: 665, top1_acc: 0.3250, top5_acc: 0.7812, loss_cls: 16.0541, loss: 16.0541, grad_norm: 4.6050
2022-04-26 01:39:45,421 - mmaction - INFO - Epoch [1][40/57]	lr: 3.992e-01, eta: 0:17:02, time: 0.141, data_time: 0.004, memory: 665, top1_acc: 0.4375, top5_acc: 0.7937, loss_cls: 11.4908, loss: 11.4908, grad_norm: 3.3291
2022-04-26 01:39:46,609 - mmaction - INFO - Epoch [1][45/57]	lr: 3.990e-01, eta: 0:15:40, time: 0.238, data_time: 0.003, memory: 665, top1_acc: 0.4375, top5_acc: 0.8750, loss_cls: 10.1496, loss: 10.1496, grad_norm: 3.7088
2022-04-26 01:39:47,311 - mmaction - INFO - Epoch [1][50/57]	lr: 3.987e-01, eta: 0:14:21, time: 0.140, data_time: 0.000, memory: 665, top1_acc: 0.4250, top5_acc: 0.8438, loss_cls: 10.5004, loss: 10.5004, grad_norm: 3.4950
2022-04-26 01:39:48,040 - mmaction - INFO - Epoch [1][55/57]	lr: 3.985e-01, eta: 0:13:17, time: 0.146, data_time: 0.000, memory: 665, top1_acc: 0.3625, top5_acc: 0.8562, loss_cls: 11.7268, loss: 11.7268, grad_norm: 4.3013
2022-04-26 01:40:14,414 - mmaction - INFO - Evaluating top_k_accuracy ...
2022-04-26 01:40:14,414 - mmaction - INFO - 
top1_acc	0.4500
top5_acc	0.8000
2022-04-26 01:40:14,414 - mmaction - INFO - Evaluating mean_class_accuracy ...
2022-04-26 01:40:14,415 - mmaction - INFO - 
mean_acc	0.4500
2022-04-26 01:40:14,438 - mmaction - INFO - Now best checkpoint is saved as best_top1_acc_epoch_1.pth.
2022-04-26 01:40:14,439 - mmaction - INFO - Best top1_acc is 0.4500 at 1 epoch.
2022-04-26 01:40:14,439 - mmaction - INFO - Epoch(val) [1][5]	top1_acc: 0.4500, top5_acc: 0.8000, mean_class_accuracy: 0.4500
2022-04-26 01:40:39,696 - mmaction - INFO - Epoch [2][5/57]	lr: 3.980e-01, eta: 0:20:35, time: 5.051, data_time: 4.984, memory: 861, top1_acc: 0.3750, top5_acc: 0.8688, loss_cls: 13.3677, loss: 13.3677, grad_norm: 3.8635
2022-04-26 01:40:40,457 - mmaction - INFO - Epoch [2][10/57]	lr: 3.977e-01, eta: 0:19:14, time: 0.152, data_time: 0.095, memory: 861, top1_acc: 0.3750, top5_acc: 0.8313, loss_cls: 12.1303, loss: 12.1303, grad_norm: 4.0093
2022-04-26 01:40:41,148 - mmaction - INFO - Epoch [2][15/57]	lr: 3.973e-01, eta: 0:18:02, time: 0.138, data_time: 0.090, memory: 861, top1_acc: 0.4188, top5_acc: 0.8562, loss_cls: 11.6933, loss: 11.6933, grad_norm: 3.7712
2022-04-26 01:40:41,883 - mmaction - INFO - Epoch [2][20/57]	lr: 3.970e-01, eta: 0:17:00, time: 0.146, data_time: 0.091, memory: 861, top1_acc: 0.4938, top5_acc: 0.9250, loss_cls: 7.2400, loss: 7.2400, grad_norm: 3.1822
2022-04-26 01:40:43,060 - mmaction - INFO - Epoch [2][25/57]	lr: 3.965e-01, eta: 0:16:12, time: 0.235, data_time: 0.189, memory: 861, top1_acc: 0.4000, top5_acc: 0.9187, loss_cls: 10.4655, loss: 10.4655, grad_norm: 3.5686
2022-04-26 01:40:43,787 - mmaction - INFO - Epoch [2][30/57]	lr: 3.961e-01, eta: 0:15:24, time: 0.147, data_time: 0.098, memory: 861, top1_acc: 0.4813, top5_acc: 0.8938, loss_cls: 9.7045, loss: 9.7045, grad_norm: 3.2181
2022-04-26 01:40:44,508 - mmaction - INFO - Epoch [2][35/57]	lr: 3.956e-01, eta: 0:14:40, time: 0.144, data_time: 0.097, memory: 861, top1_acc: 0.6000, top5_acc: 0.9500, loss_cls: 7.0277, loss: 7.0277, grad_norm: 2.6082
2022-04-26 01:40:45,242 - mmaction - INFO - Epoch [2][40/57]	lr: 3.952e-01, eta: 0:14:01, time: 0.147, data_time: 0.101, memory: 861, top1_acc: 0.5000, top5_acc: 0.9125, loss_cls: 7.8850, loss: 7.8850, grad_norm: 2.9164
2022-04-26 01:40:46,401 - mmaction - INFO - Epoch [2][45/57]	lr: 3.946e-01, eta: 0:13:31, time: 0.232, data_time: 0.184, memory: 861, top1_acc: 0.5000, top5_acc: 0.9375, loss_cls: 6.6904, loss: 6.6904, grad_norm: 3.2151
2022-04-26 01:40:47,104 - mmaction - INFO - Epoch [2][50/57]	lr: 3.941e-01, eta: 0:12:58, time: 0.140, data_time: 0.092, memory: 861, top1_acc: 0.5312, top5_acc: 0.9313, loss_cls: 8.4277, loss: 8.4277, grad_norm: 3.3480
2022-04-26 01:40:47,792 - mmaction - INFO - Epoch [2][55/57]	lr: 3.935e-01, eta: 0:12:28, time: 0.138, data_time: 0.093, memory: 861, top1_acc: 0.5750, top5_acc: 0.8375, loss_cls: 9.7376, loss: 9.7376, grad_norm: 2.7593
2022-04-26 01:41:14,395 - mmaction - INFO - Evaluating top_k_accuracy ...
2022-04-26 01:41:14,395 - mmaction - INFO - 
top1_acc	0.5000
top5_acc	0.9429
2022-04-26 01:41:14,395 - mmaction - INFO - Evaluating mean_class_accuracy ...
2022-04-26 01:41:14,396 - mmaction - INFO - 
mean_acc	0.5000
2022-04-26 01:41:14,397 - mmaction - INFO - The previous best checkpoint /home/yl/myposec3d/model_pth/exp3/NSNR-linear5-T7A2/best_top1_acc_epoch_1.pth was removed
2022-04-26 01:41:14,421 - mmaction - INFO - Now best checkpoint is saved as best_top1_acc_epoch_2.pth.
2022-04-26 01:41:14,421 - mmaction - INFO - Best top1_acc is 0.5000 at 2 epoch.
2022-04-26 01:41:14,421 - mmaction - INFO - Epoch(val) [2][5]	top1_acc: 0.5000, top5_acc: 0.9429, mean_class_accuracy: 0.5000
2022-04-26 01:41:39,747 - mmaction - INFO - Epoch [3][5/57]	lr: 3.927e-01, eta: 0:16:06, time: 5.065, data_time: 4.918, memory: 861, top1_acc: 0.4562, top5_acc: 0.9000, loss_cls: 10.2130, loss: 10.2130, grad_norm: 3.7086
2022-04-26 01:41:40,491 - mmaction - INFO - Epoch [3][10/57]	lr: 3.921e-01, eta: 0:15:31, time: 0.149, data_time: 0.045, memory: 861, top1_acc: 0.5125, top5_acc: 0.9187, loss_cls: 9.4403, loss: 9.4403, grad_norm: 3.6108
2022-04-26 01:41:41,145 - mmaction - INFO - Epoch [3][15/57]	lr: 3.914e-01, eta: 0:14:57, time: 0.131, data_time: 0.033, memory: 861, top1_acc: 0.5125, top5_acc: 0.9000, loss_cls: 9.7291, loss: 9.7291, grad_norm: 2.9924
2022-04-26 01:41:41,801 - mmaction - INFO - Epoch [3][20/57]	lr: 3.907e-01, eta: 0:14:26, time: 0.131, data_time: 0.041, memory: 861, top1_acc: 0.4875, top5_acc: 0.9750, loss_cls: 8.5498, loss: 8.5498, grad_norm: 3.4705
2022-04-26 01:41:42,948 - mmaction - INFO - Epoch [3][25/57]	lr: 3.900e-01, eta: 0:14:02, time: 0.229, data_time: 0.094, memory: 861, top1_acc: 0.5250, top5_acc: 0.9437, loss_cls: 7.2829, loss: 7.2829, grad_norm: 2.9044
2022-04-26 01:41:43,703 - mmaction - INFO - Epoch [3][30/57]	lr: 3.893e-01, eta: 0:13:36, time: 0.151, data_time: 0.045, memory: 861, top1_acc: 0.5813, top5_acc: 0.8625, loss_cls: 10.1348, loss: 10.1348, grad_norm: 2.8070
2022-04-26 01:41:44,378 - mmaction - INFO - Epoch [3][35/57]	lr: 3.886e-01, eta: 0:13:11, time: 0.135, data_time: 0.032, memory: 861, top1_acc: 0.5062, top5_acc: 0.9375, loss_cls: 10.0920, loss: 10.0920, grad_norm: 3.4669
2022-04-26 01:41:45,070 - mmaction - INFO - Epoch [3][40/57]	lr: 3.878e-01, eta: 0:12:47, time: 0.138, data_time: 0.036, memory: 861, top1_acc: 0.5750, top5_acc: 0.9125, loss_cls: 7.4038, loss: 7.4038, grad_norm: 2.9637
2022-04-26 01:41:46,236 - mmaction - INFO - Epoch [3][45/57]	lr: 3.870e-01, eta: 0:12:29, time: 0.233, data_time: 0.059, memory: 861, top1_acc: 0.5875, top5_acc: 0.9313, loss_cls: 8.4250, loss: 8.4250, grad_norm: 2.8145
2022-04-26 01:41:46,956 - mmaction - INFO - Epoch [3][50/57]	lr: 3.862e-01, eta: 0:12:08, time: 0.144, data_time: 0.018, memory: 861, top1_acc: 0.5312, top5_acc: 0.9187, loss_cls: 8.7792, loss: 8.7792, grad_norm: 3.4612
2022-04-26 01:41:47,630 - mmaction - INFO - Epoch [3][55/57]	lr: 3.853e-01, eta: 0:11:49, time: 0.135, data_time: 0.025, memory: 861, top1_acc: 0.6937, top5_acc: 0.9187, loss_cls: 6.0955, loss: 6.0955, grad_norm: 2.2420
2022-04-26 01:42:14,422 - mmaction - INFO - Evaluating top_k_accuracy ...
2022-04-26 01:42:14,423 - mmaction - INFO - 
top1_acc	0.6143
top5_acc	0.9714
2022-04-26 01:42:14,423 - mmaction - INFO - Evaluating mean_class_accuracy ...
2022-04-26 01:42:14,423 - mmaction - INFO - 
mean_acc	0.6143
2022-04-26 01:42:14,425 - mmaction - INFO - The previous best checkpoint /home/yl/myposec3d/model_pth/exp3/NSNR-linear5-T7A2/best_top1_acc_epoch_2.pth was removed
2022-04-26 01:42:14,449 - mmaction - INFO - Now best checkpoint is saved as best_top1_acc_epoch_3.pth.
2022-04-26 01:42:14,449 - mmaction - INFO - Best top1_acc is 0.6143 at 3 epoch.
2022-04-26 01:42:14,449 - mmaction - INFO - Epoch(val) [3][5]	top1_acc: 0.6143, top5_acc: 0.9714, mean_class_accuracy: 0.6143
2022-04-26 01:42:39,792 - mmaction - INFO - Epoch [4][5/57]	lr: 3.841e-01, eta: 0:14:08, time: 5.068, data_time: 4.998, memory: 861, top1_acc: 0.5875, top5_acc: 0.9500, loss_cls: 7.9914, loss: 7.9914, grad_norm: 2.9050
2022-04-26 01:42:40,517 - mmaction - INFO - Epoch [4][10/57]	lr: 3.832e-01, eta: 0:13:46, time: 0.145, data_time: 0.094, memory: 861, top1_acc: 0.5687, top5_acc: 0.9250, loss_cls: 7.3303, loss: 7.3303, grad_norm: 2.6022
2022-04-26 01:42:41,226 - mmaction - INFO - Epoch [4][15/57]	lr: 3.822e-01, eta: 0:13:25, time: 0.142, data_time: 0.089, memory: 861, top1_acc: 0.6250, top5_acc: 0.9688, loss_cls: 6.1259, loss: 6.1259, grad_norm: 2.4524
2022-04-26 01:42:41,915 - mmaction - INFO - Epoch [4][20/57]	lr: 3.813e-01, eta: 0:13:05, time: 0.138, data_time: 0.089, memory: 861, top1_acc: 0.5437, top5_acc: 0.9688, loss_cls: 6.5417, loss: 6.5417, grad_norm: 3.0041
2022-04-26 01:42:43,091 - mmaction - INFO - Epoch [4][25/57]	lr: 3.803e-01, eta: 0:12:48, time: 0.234, data_time: 0.187, memory: 861, top1_acc: 0.6375, top5_acc: 0.9250, loss_cls: 6.5242, loss: 6.5242, grad_norm: 2.3659
2022-04-26 01:42:43,783 - mmaction - INFO - Epoch [4][30/57]	lr: 3.793e-01, eta: 0:12:30, time: 0.140, data_time: 0.092, memory: 861, top1_acc: 0.6500, top5_acc: 0.9437, loss_cls: 5.2420, loss: 5.2420, grad_norm: 2.1931
2022-04-26 01:42:44,542 - mmaction - INFO - Epoch [4][35/57]	lr: 3.782e-01, eta: 0:12:13, time: 0.151, data_time: 0.103, memory: 861, top1_acc: 0.6438, top5_acc: 0.9437, loss_cls: 4.9700, loss: 4.9700, grad_norm: 2.3566
2022-04-26 01:42:45,260 - mmaction - INFO - Epoch [4][40/57]	lr: 3.772e-01, eta: 0:11:57, time: 0.144, data_time: 0.097, memory: 861, top1_acc: 0.6500, top5_acc: 0.9375, loss_cls: 5.9473, loss: 5.9473, grad_norm: 2.3880
2022-04-26 01:42:46,339 - mmaction - INFO - Epoch [4][45/57]	lr: 3.761e-01, eta: 0:11:43, time: 0.216, data_time: 0.167, memory: 861, top1_acc: 0.6250, top5_acc: 0.9437, loss_cls: 6.8629, loss: 6.8629, grad_norm: 2.6479
2022-04-26 01:42:47,004 - mmaction - INFO - Epoch [4][50/57]	lr: 3.750e-01, eta: 0:11:27, time: 0.133, data_time: 0.086, memory: 861, top1_acc: 0.6625, top5_acc: 0.9313, loss_cls: 5.9833, loss: 5.9833, grad_norm: 2.2766
2022-04-26 01:42:47,785 - mmaction - INFO - Epoch [4][55/57]	lr: 3.739e-01, eta: 0:11:13, time: 0.156, data_time: 0.110, memory: 861, top1_acc: 0.5687, top5_acc: 0.9500, loss_cls: 6.1369, loss: 6.1369, grad_norm: 3.0437
2022-04-26 01:43:14,759 - mmaction - INFO - Evaluating top_k_accuracy ...
2022-04-26 01:43:14,759 - mmaction - INFO - 
top1_acc	0.7429
top5_acc	0.9857
2022-04-26 01:43:14,760 - mmaction - INFO - Evaluating mean_class_accuracy ...
2022-04-26 01:43:14,760 - mmaction - INFO - 
mean_acc	0.7429
2022-04-26 01:43:14,762 - mmaction - INFO - The previous best checkpoint /home/yl/myposec3d/model_pth/exp3/NSNR-linear5-T7A2/best_top1_acc_epoch_3.pth was removed
2022-04-26 01:43:14,787 - mmaction - INFO - Now best checkpoint is saved as best_top1_acc_epoch_4.pth.
2022-04-26 01:43:14,788 - mmaction - INFO - Best top1_acc is 0.7429 at 4 epoch.
2022-04-26 01:43:14,788 - mmaction - INFO - Epoch(val) [4][5]	top1_acc: 0.7429, top5_acc: 0.9857, mean_class_accuracy: 0.7429
2022-04-26 01:43:40,114 - mmaction - INFO - Epoch [5][5/57]	lr: 3.723e-01, eta: 0:12:52, time: 5.065, data_time: 4.968, memory: 861, top1_acc: 0.5750, top5_acc: 0.9500, loss_cls: 6.6037, loss: 6.6037, grad_norm: 2.4758
2022-04-26 01:43:40,866 - mmaction - INFO - Epoch [5][10/57]	lr: 3.711e-01, eta: 0:12:36, time: 0.150, data_time: 0.084, memory: 861, top1_acc: 0.5437, top5_acc: 0.9563, loss_cls: 5.4805, loss: 5.4805, grad_norm: 2.6603
2022-04-26 01:43:41,561 - mmaction - INFO - Epoch [5][15/57]	lr: 3.699e-01, eta: 0:12:21, time: 0.140, data_time: 0.077, memory: 861, top1_acc: 0.5437, top5_acc: 0.9437, loss_cls: 7.6789, loss: 7.6789, grad_norm: 2.8302
2022-04-26 01:43:42,267 - mmaction - INFO - Epoch [5][20/57]	lr: 3.687e-01, eta: 0:12:06, time: 0.140, data_time: 0.077, memory: 861, top1_acc: 0.5500, top5_acc: 0.9812, loss_cls: 6.0117, loss: 6.0117, grad_norm: 2.5230
2022-04-26 01:43:43,410 - mmaction - INFO - Epoch [5][25/57]	lr: 3.674e-01, eta: 0:11:53, time: 0.229, data_time: 0.150, memory: 861, top1_acc: 0.6687, top5_acc: 0.9563, loss_cls: 4.9660, loss: 4.9660, grad_norm: 2.1619
2022-04-26 01:43:44,145 - mmaction - INFO - Epoch [5][30/57]	lr: 3.662e-01, eta: 0:11:39, time: 0.146, data_time: 0.073, memory: 861, top1_acc: 0.6125, top5_acc: 0.9625, loss_cls: 5.4423, loss: 5.4423, grad_norm: 2.2525
2022-04-26 01:43:44,847 - mmaction - INFO - Epoch [5][35/57]	lr: 3.649e-01, eta: 0:11:26, time: 0.141, data_time: 0.081, memory: 861, top1_acc: 0.5938, top5_acc: 0.9313, loss_cls: 7.3724, loss: 7.3724, grad_norm: 2.8045
2022-04-26 01:43:45,553 - mmaction - INFO - Epoch [5][40/57]	lr: 3.636e-01, eta: 0:11:13, time: 0.141, data_time: 0.076, memory: 861, top1_acc: 0.6438, top5_acc: 0.9437, loss_cls: 5.4381, loss: 5.4381, grad_norm: 2.4767
2022-04-26 01:43:46,722 - mmaction - INFO - Epoch [5][45/57]	lr: 3.622e-01, eta: 0:11:02, time: 0.232, data_time: 0.171, memory: 861, top1_acc: 0.6375, top5_acc: 0.9313, loss_cls: 6.8887, loss: 6.8887, grad_norm: 2.9965
2022-04-26 01:43:47,441 - mmaction - INFO - Epoch [5][50/57]	lr: 3.609e-01, eta: 0:10:50, time: 0.144, data_time: 0.087, memory: 861, top1_acc: 0.5938, top5_acc: 0.9062, loss_cls: 8.4851, loss: 8.4851, grad_norm: 2.7021
2022-04-26 01:43:48,159 - mmaction - INFO - Epoch [5][55/57]	lr: 3.595e-01, eta: 0:10:39, time: 0.145, data_time: 0.092, memory: 861, top1_acc: 0.6188, top5_acc: 0.9187, loss_cls: 7.0642, loss: 7.0642, grad_norm: 2.8370
2022-04-26 01:44:14,875 - mmaction - INFO - Evaluating top_k_accuracy ...
2022-04-26 01:44:14,875 - mmaction - INFO - 
top1_acc	0.3857
top5_acc	0.9714
2022-04-26 01:44:14,876 - mmaction - INFO - Evaluating mean_class_accuracy ...
2022-04-26 01:44:14,876 - mmaction - INFO - 
mean_acc	0.3857
2022-04-26 01:44:14,876 - mmaction - INFO - Epoch(val) [5][5]	top1_acc: 0.3857, top5_acc: 0.9714, mean_class_accuracy: 0.3857
2022-04-26 01:44:40,169 - mmaction - INFO - Epoch [6][5/57]	lr: 3.575e-01, eta: 0:11:53, time: 5.058, data_time: 4.964, memory: 861, top1_acc: 0.6000, top5_acc: 0.9563, loss_cls: 5.8177, loss: 5.8177, grad_norm: 2.7994
2022-04-26 01:44:40,859 - mmaction - INFO - Epoch [6][10/57]	lr: 3.561e-01, eta: 0:11:40, time: 0.138, data_time: 0.061, memory: 861, top1_acc: 0.6250, top5_acc: 0.9500, loss_cls: 6.3183, loss: 6.3183, grad_norm: 2.6819
2022-04-26 01:44:41,585 - mmaction - INFO - Epoch [6][15/57]	lr: 3.547e-01, eta: 0:11:28, time: 0.145, data_time: 0.061, memory: 861, top1_acc: 0.6062, top5_acc: 0.9125, loss_cls: 7.0659, loss: 7.0659, grad_norm: 2.6021
2022-04-26 01:44:42,293 - mmaction - INFO - Epoch [6][20/57]	lr: 3.532e-01, eta: 0:11:16, time: 0.142, data_time: 0.055, memory: 861, top1_acc: 0.5625, top5_acc: 0.8625, loss_cls: 9.5663, loss: 9.5663, grad_norm: 2.8317
2022-04-26 01:44:43,436 - mmaction - INFO - Epoch [6][25/57]	lr: 3.517e-01, eta: 0:11:06, time: 0.228, data_time: 0.081, memory: 861, top1_acc: 0.6438, top5_acc: 0.9625, loss_cls: 6.1534, loss: 6.1534, grad_norm: 2.3600
2022-04-26 01:44:44,197 - mmaction - INFO - Epoch [6][30/57]	lr: 3.502e-01, eta: 0:10:55, time: 0.151, data_time: 0.043, memory: 861, top1_acc: 0.6375, top5_acc: 0.9563, loss_cls: 6.1357, loss: 6.1357, grad_norm: 2.4864
2022-04-26 01:44:44,913 - mmaction - INFO - Epoch [6][35/57]	lr: 3.487e-01, eta: 0:10:44, time: 0.144, data_time: 0.028, memory: 861, top1_acc: 0.6125, top5_acc: 0.9750, loss_cls: 6.6982, loss: 6.6982, grad_norm: 2.9910
2022-04-26 01:44:45,638 - mmaction - INFO - Epoch [6][40/57]	lr: 3.471e-01, eta: 0:10:33, time: 0.145, data_time: 0.023, memory: 861, top1_acc: 0.6438, top5_acc: 0.9250, loss_cls: 6.0782, loss: 6.0782, grad_norm: 2.3941
2022-04-26 01:44:46,829 - mmaction - INFO - Epoch [6][45/57]	lr: 3.456e-01, eta: 0:10:24, time: 0.238, data_time: 0.012, memory: 861, top1_acc: 0.6562, top5_acc: 0.9812, loss_cls: 5.2695, loss: 5.2695, grad_norm: 2.5962
2022-04-26 01:44:47,582 - mmaction - INFO - Epoch [6][50/57]	lr: 3.440e-01, eta: 0:10:14, time: 0.151, data_time: 0.006, memory: 861, top1_acc: 0.5875, top5_acc: 0.9563, loss_cls: 5.5808, loss: 5.5808, grad_norm: 2.7825
2022-04-26 01:44:48,258 - mmaction - INFO - Epoch [6][55/57]	lr: 3.424e-01, eta: 0:10:04, time: 0.135, data_time: 0.000, memory: 861, top1_acc: 0.5750, top5_acc: 0.9437, loss_cls: 5.3728, loss: 5.3728, grad_norm: 2.7226
2022-04-26 01:45:14,617 - mmaction - INFO - Evaluating top_k_accuracy ...
2022-04-26 01:45:14,617 - mmaction - INFO - 
top1_acc	0.8643
top5_acc	1.0000
2022-04-26 01:45:14,617 - mmaction - INFO - Evaluating mean_class_accuracy ...
2022-04-26 01:45:14,617 - mmaction - INFO - 
mean_acc	0.8643
2022-04-26 01:45:14,619 - mmaction - INFO - The previous best checkpoint /home/yl/myposec3d/model_pth/exp3/NSNR-linear5-T7A2/best_top1_acc_epoch_4.pth was removed
2022-04-26 01:45:14,642 - mmaction - INFO - Now best checkpoint is saved as best_top1_acc_epoch_6.pth.
2022-04-26 01:45:14,642 - mmaction - INFO - Best top1_acc is 0.8643 at 6 epoch.
2022-04-26 01:45:14,643 - mmaction - INFO - Epoch(val) [6][5]	top1_acc: 0.8643, top5_acc: 1.0000, mean_class_accuracy: 0.8643
2022-04-26 01:45:40,081 - mmaction - INFO - Epoch [7][5/57]	lr: 3.401e-01, eta: 0:11:03, time: 5.086, data_time: 4.986, memory: 861, top1_acc: 0.6813, top5_acc: 0.9563, loss_cls: 5.1044, loss: 5.1044, grad_norm: 2.0073
2022-04-26 01:45:40,808 - mmaction - INFO - Epoch [7][10/57]	lr: 3.385e-01, eta: 0:10:52, time: 0.145, data_time: 0.065, memory: 861, top1_acc: 0.6312, top5_acc: 0.9812, loss_cls: 4.1185, loss: 4.1185, grad_norm: 2.1674
2022-04-26 01:45:41,548 - mmaction - INFO - Epoch [7][15/57]	lr: 3.368e-01, eta: 0:10:42, time: 0.149, data_time: 0.065, memory: 861, top1_acc: 0.6250, top5_acc: 0.9563, loss_cls: 4.8879, loss: 4.8879, grad_norm: 2.2842
2022-04-26 01:45:42,266 - mmaction - INFO - Epoch [7][20/57]	lr: 3.351e-01, eta: 0:10:32, time: 0.144, data_time: 0.059, memory: 861, top1_acc: 0.6375, top5_acc: 0.9750, loss_cls: 5.6114, loss: 5.6114, grad_norm: 2.2843
2022-04-26 01:45:43,386 - mmaction - INFO - Epoch [7][25/57]	lr: 3.334e-01, eta: 0:10:24, time: 0.223, data_time: 0.095, memory: 861, top1_acc: 0.7000, top5_acc: 0.9625, loss_cls: 4.2148, loss: 4.2148, grad_norm: 2.2290
2022-04-26 01:45:44,074 - mmaction - INFO - Epoch [7][30/57]	lr: 3.317e-01, eta: 0:10:14, time: 0.139, data_time: 0.052, memory: 861, top1_acc: 0.6250, top5_acc: 0.9500, loss_cls: 5.5240, loss: 5.5240, grad_norm: 2.5427
2022-04-26 01:45:44,752 - mmaction - INFO - Epoch [7][35/57]	lr: 3.300e-01, eta: 0:10:05, time: 0.135, data_time: 0.048, memory: 861, top1_acc: 0.6375, top5_acc: 0.9313, loss_cls: 6.5696, loss: 6.5696, grad_norm: 2.6092
2022-04-26 01:45:45,444 - mmaction - INFO - Epoch [7][40/57]	lr: 3.282e-01, eta: 0:09:55, time: 0.139, data_time: 0.051, memory: 861, top1_acc: 0.6125, top5_acc: 0.9812, loss_cls: 5.4755, loss: 5.4755, grad_norm: 2.3539
2022-04-26 01:45:46,604 - mmaction - INFO - Epoch [7][45/57]	lr: 3.264e-01, eta: 0:09:48, time: 0.232, data_time: 0.104, memory: 861, top1_acc: 0.6687, top5_acc: 0.9688, loss_cls: 3.6200, loss: 3.6200, grad_norm: 2.1446
2022-04-26 01:45:47,378 - mmaction - INFO - Epoch [7][50/57]	lr: 3.246e-01, eta: 0:09:39, time: 0.154, data_time: 0.044, memory: 861, top1_acc: 0.6375, top5_acc: 1.0000, loss_cls: 4.4477, loss: 4.4477, grad_norm: 2.5704
2022-04-26 01:45:48,050 - mmaction - INFO - Epoch [7][55/57]	lr: 3.228e-01, eta: 0:09:30, time: 0.135, data_time: 0.037, memory: 861, top1_acc: 0.6438, top5_acc: 0.9625, loss_cls: 5.9652, loss: 5.9652, grad_norm: 2.4282
2022-04-26 01:46:14,430 - mmaction - INFO - Evaluating top_k_accuracy ...
2022-04-26 01:46:14,431 - mmaction - INFO - 
top1_acc	0.7143
top5_acc	0.9357
2022-04-26 01:46:14,431 - mmaction - INFO - Evaluating mean_class_accuracy ...
2022-04-26 01:46:14,431 - mmaction - INFO - 
mean_acc	0.7143
2022-04-26 01:46:14,431 - mmaction - INFO - Epoch(val) [7][5]	top1_acc: 0.7143, top5_acc: 0.9357, mean_class_accuracy: 0.7143
2022-04-26 01:46:39,869 - mmaction - INFO - Epoch [8][5/57]	lr: 3.203e-01, eta: 0:10:17, time: 5.086, data_time: 5.034, memory: 861, top1_acc: 0.6687, top5_acc: 0.9375, loss_cls: 6.0378, loss: 6.0378, grad_norm: 2.4160
2022-04-26 01:46:40,618 - mmaction - INFO - Epoch [8][10/57]	lr: 3.184e-01, eta: 0:10:08, time: 0.151, data_time: 0.105, memory: 861, top1_acc: 0.6000, top5_acc: 0.9625, loss_cls: 5.5089, loss: 5.5089, grad_norm: 2.6035
2022-04-26 01:46:41,336 - mmaction - INFO - Epoch [8][15/57]	lr: 3.166e-01, eta: 0:09:59, time: 0.144, data_time: 0.097, memory: 861, top1_acc: 0.7125, top5_acc: 0.9688, loss_cls: 4.9786, loss: 4.9786, grad_norm: 2.2186
2022-04-26 01:46:42,028 - mmaction - INFO - Epoch [8][20/57]	lr: 3.147e-01, eta: 0:09:51, time: 0.138, data_time: 0.092, memory: 861, top1_acc: 0.6312, top5_acc: 0.9812, loss_cls: 4.0308, loss: 4.0308, grad_norm: 2.3926
2022-04-26 01:46:43,256 - mmaction - INFO - Epoch [8][25/57]	lr: 3.128e-01, eta: 0:09:43, time: 0.245, data_time: 0.197, memory: 861, top1_acc: 0.6188, top5_acc: 0.9688, loss_cls: 5.3610, loss: 5.3610, grad_norm: 2.1559
2022-04-26 01:46:44,033 - mmaction - INFO - Epoch [8][30/57]	lr: 3.109e-01, eta: 0:09:35, time: 0.155, data_time: 0.109, memory: 861, top1_acc: 0.7125, top5_acc: 0.9812, loss_cls: 3.8342, loss: 3.8342, grad_norm: 2.0637
2022-04-26 01:46:44,803 - mmaction - INFO - Epoch [8][35/57]	lr: 3.090e-01, eta: 0:09:27, time: 0.155, data_time: 0.102, memory: 861, top1_acc: 0.7000, top5_acc: 0.9500, loss_cls: 3.8649, loss: 3.8649, grad_norm: 2.2566
2022-04-26 01:46:45,566 - mmaction - INFO - Epoch [8][40/57]	lr: 3.071e-01, eta: 0:09:19, time: 0.152, data_time: 0.100, memory: 861, top1_acc: 0.6813, top5_acc: 0.8938, loss_cls: 6.7237, loss: 6.7237, grad_norm: 2.2043
2022-04-26 01:46:46,799 - mmaction - INFO - Epoch [8][45/57]	lr: 3.051e-01, eta: 0:09:13, time: 0.246, data_time: 0.199, memory: 861, top1_acc: 0.6875, top5_acc: 0.9750, loss_cls: 4.6799, loss: 4.6799, grad_norm: 2.5846
2022-04-26 01:46:47,486 - mmaction - INFO - Epoch [8][50/57]	lr: 3.032e-01, eta: 0:09:05, time: 0.138, data_time: 0.089, memory: 861, top1_acc: 0.6687, top5_acc: 0.9812, loss_cls: 4.0953, loss: 4.0953, grad_norm: 1.9493
2022-04-26 01:46:48,194 - mmaction - INFO - Epoch [8][55/57]	lr: 3.012e-01, eta: 0:08:57, time: 0.142, data_time: 0.091, memory: 861, top1_acc: 0.7125, top5_acc: 0.9437, loss_cls: 4.3820, loss: 4.3820, grad_norm: 1.9728
2022-04-26 01:47:14,949 - mmaction - INFO - Evaluating top_k_accuracy ...
2022-04-26 01:47:14,950 - mmaction - INFO - 
top1_acc	0.7500
top5_acc	0.9929
2022-04-26 01:47:14,950 - mmaction - INFO - Evaluating mean_class_accuracy ...
2022-04-26 01:47:14,951 - mmaction - INFO - 
mean_acc	0.7500
2022-04-26 01:47:14,951 - mmaction - INFO - Epoch(val) [8][5]	top1_acc: 0.7500, top5_acc: 0.9929, mean_class_accuracy: 0.7500
2022-04-26 01:47:40,473 - mmaction - INFO - Epoch [9][5/57]	lr: 2.984e-01, eta: 0:09:35, time: 5.104, data_time: 4.983, memory: 861, top1_acc: 0.6813, top5_acc: 0.9437, loss_cls: 4.8966, loss: 4.8966, grad_norm: 2.4369
2022-04-26 01:47:41,215 - mmaction - INFO - Epoch [9][10/57]	lr: 2.964e-01, eta: 0:09:28, time: 0.147, data_time: 0.068, memory: 861, top1_acc: 0.7125, top5_acc: 0.9750, loss_cls: 3.8861, loss: 3.8861, grad_norm: 1.9527
2022-04-26 01:47:41,878 - mmaction - INFO - Epoch [9][15/57]	lr: 2.944e-01, eta: 0:09:20, time: 0.132, data_time: 0.061, memory: 861, top1_acc: 0.7125, top5_acc: 0.9688, loss_cls: 4.4395, loss: 4.4395, grad_norm: 1.9523
2022-04-26 01:47:42,530 - mmaction - INFO - Epoch [9][20/57]	lr: 2.923e-01, eta: 0:09:12, time: 0.132, data_time: 0.064, memory: 861, top1_acc: 0.7688, top5_acc: 0.9688, loss_cls: 3.5743, loss: 3.5743, grad_norm: 1.6240
2022-04-26 01:47:43,697 - mmaction - INFO - Epoch [9][25/57]	lr: 2.903e-01, eta: 0:09:05, time: 0.234, data_time: 0.129, memory: 861, top1_acc: 0.6625, top5_acc: 0.9750, loss_cls: 4.6090, loss: 4.6090, grad_norm: 2.2584
2022-04-26 01:47:44,410 - mmaction - INFO - Epoch [9][30/57]	lr: 2.883e-01, eta: 0:08:58, time: 0.142, data_time: 0.062, memory: 861, top1_acc: 0.7188, top5_acc: 0.9750, loss_cls: 3.3474, loss: 3.3474, grad_norm: 1.9070
2022-04-26 01:47:45,147 - mmaction - INFO - Epoch [9][35/57]	lr: 2.862e-01, eta: 0:08:51, time: 0.147, data_time: 0.062, memory: 861, top1_acc: 0.6312, top5_acc: 0.9563, loss_cls: 5.0567, loss: 5.0567, grad_norm: 2.3295
2022-04-26 01:47:45,854 - mmaction - INFO - Epoch [9][40/57]	lr: 2.841e-01, eta: 0:08:44, time: 0.143, data_time: 0.066, memory: 861, top1_acc: 0.6750, top5_acc: 0.9875, loss_cls: 3.3306, loss: 3.3306, grad_norm: 2.1318
2022-04-26 01:47:46,923 - mmaction - INFO - Epoch [9][45/57]	lr: 2.820e-01, eta: 0:08:37, time: 0.213, data_time: 0.129, memory: 861, top1_acc: 0.6438, top5_acc: 0.9750, loss_cls: 3.8664, loss: 3.8664, grad_norm: 2.4876
2022-04-26 01:47:47,650 - mmaction - INFO - Epoch [9][50/57]	lr: 2.799e-01, eta: 0:08:30, time: 0.146, data_time: 0.067, memory: 861, top1_acc: 0.7562, top5_acc: 1.0000, loss_cls: 2.6866, loss: 2.6866, grad_norm: 1.7429
2022-04-26 01:47:48,444 - mmaction - INFO - Epoch [9][55/57]	lr: 2.778e-01, eta: 0:08:24, time: 0.159, data_time: 0.071, memory: 861, top1_acc: 0.6562, top5_acc: 0.9750, loss_cls: 3.8750, loss: 3.8750, grad_norm: 2.1963
2022-04-26 01:48:15,416 - mmaction - INFO - Evaluating top_k_accuracy ...
2022-04-26 01:48:15,417 - mmaction - INFO - 
top1_acc	0.6571
top5_acc	1.0000
2022-04-26 01:48:15,417 - mmaction - INFO - Evaluating mean_class_accuracy ...
2022-04-26 01:48:15,417 - mmaction - INFO - 
mean_acc	0.6571
2022-04-26 01:48:15,417 - mmaction - INFO - Epoch(val) [9][5]	top1_acc: 0.6571, top5_acc: 1.0000, mean_class_accuracy: 0.6571
2022-04-26 01:48:40,858 - mmaction - INFO - Epoch [10][5/57]	lr: 2.748e-01, eta: 0:08:55, time: 5.086, data_time: 5.027, memory: 861, top1_acc: 0.5750, top5_acc: 0.9875, loss_cls: 5.3972, loss: 5.3972, grad_norm: 2.8935
2022-04-26 01:48:41,606 - mmaction - INFO - Epoch [10][10/57]	lr: 2.727e-01, eta: 0:08:48, time: 0.151, data_time: 0.104, memory: 861, top1_acc: 0.6500, top5_acc: 0.9812, loss_cls: 4.5536, loss: 4.5536, grad_norm: 2.1976
2022-04-26 01:48:42,300 - mmaction - INFO - Epoch [10][15/57]	lr: 2.706e-01, eta: 0:08:41, time: 0.139, data_time: 0.093, memory: 861, top1_acc: 0.6188, top5_acc: 0.9437, loss_cls: 5.7523, loss: 5.7523, grad_norm: 2.4198
2022-04-26 01:48:43,010 - mmaction - INFO - Epoch [10][20/57]	lr: 2.684e-01, eta: 0:08:34, time: 0.142, data_time: 0.092, memory: 861, top1_acc: 0.6750, top5_acc: 0.9625, loss_cls: 4.6967, loss: 4.6967, grad_norm: 2.5348
2022-04-26 01:48:44,179 - mmaction - INFO - Epoch [10][25/57]	lr: 2.662e-01, eta: 0:08:28, time: 0.233, data_time: 0.179, memory: 861, top1_acc: 0.7188, top5_acc: 0.9812, loss_cls: 3.4199, loss: 3.4199, grad_norm: 2.2083
2022-04-26 01:48:44,944 - mmaction - INFO - Epoch [10][30/57]	lr: 2.641e-01, eta: 0:08:21, time: 0.154, data_time: 0.089, memory: 861, top1_acc: 0.5813, top5_acc: 0.9375, loss_cls: 5.8591, loss: 5.8591, grad_norm: 2.8754
2022-04-26 01:48:45,671 - mmaction - INFO - Epoch [10][35/57]	lr: 2.619e-01, eta: 0:08:15, time: 0.145, data_time: 0.080, memory: 861, top1_acc: 0.6562, top5_acc: 0.9688, loss_cls: 3.9516, loss: 3.9516, grad_norm: 2.1474
2022-04-26 01:48:46,401 - mmaction - INFO - Epoch [10][40/57]	lr: 2.597e-01, eta: 0:08:08, time: 0.145, data_time: 0.079, memory: 861, top1_acc: 0.6687, top5_acc: 0.9563, loss_cls: 4.7037, loss: 4.7037, grad_norm: 2.2911
2022-04-26 01:48:47,613 - mmaction - INFO - Epoch [10][45/57]	lr: 2.575e-01, eta: 0:08:03, time: 0.242, data_time: 0.137, memory: 861, top1_acc: 0.7000, top5_acc: 0.9625, loss_cls: 3.2563, loss: 3.2563, grad_norm: 2.0546
2022-04-26 01:48:48,366 - mmaction - INFO - Epoch [10][50/57]	lr: 2.553e-01, eta: 0:07:57, time: 0.151, data_time: 0.058, memory: 861, top1_acc: 0.6312, top5_acc: 0.9750, loss_cls: 4.9718, loss: 4.9718, grad_norm: 2.3368
2022-04-26 01:48:49,076 - mmaction - INFO - Epoch [10][55/57]	lr: 2.531e-01, eta: 0:07:50, time: 0.142, data_time: 0.057, memory: 861, top1_acc: 0.5938, top5_acc: 0.9812, loss_cls: 5.6125, loss: 5.6125, grad_norm: 2.8739
2022-04-26 01:49:15,956 - mmaction - INFO - Evaluating top_k_accuracy ...
2022-04-26 01:49:15,956 - mmaction - INFO - 
top1_acc	0.8357
top5_acc	1.0000
2022-04-26 01:49:15,957 - mmaction - INFO - Evaluating mean_class_accuracy ...
2022-04-26 01:49:15,957 - mmaction - INFO - 
mean_acc	0.8357
2022-04-26 01:49:15,957 - mmaction - INFO - Epoch(val) [10][5]	top1_acc: 0.8357, top5_acc: 1.0000, mean_class_accuracy: 0.8357
2022-04-26 01:49:41,443 - mmaction - INFO - Epoch [11][5/57]	lr: 2.500e-01, eta: 0:08:16, time: 5.097, data_time: 5.046, memory: 861, top1_acc: 0.6125, top5_acc: 0.9750, loss_cls: 4.4268, loss: 4.4268, grad_norm: 2.5901
2022-04-26 01:49:42,162 - mmaction - INFO - Epoch [11][10/57]	lr: 2.478e-01, eta: 0:08:09, time: 0.144, data_time: 0.094, memory: 861, top1_acc: 0.7937, top5_acc: 0.9812, loss_cls: 2.8482, loss: 2.8482, grad_norm: 1.6336
2022-04-26 01:49:42,848 - mmaction - INFO - Epoch [11][15/57]	lr: 2.455e-01, eta: 0:08:03, time: 0.137, data_time: 0.091, memory: 861, top1_acc: 0.6375, top5_acc: 0.9688, loss_cls: 4.3927, loss: 4.3927, grad_norm: 2.4921
2022-04-26 01:49:43,558 - mmaction - INFO - Epoch [11][20/57]	lr: 2.433e-01, eta: 0:07:57, time: 0.142, data_time: 0.096, memory: 861, top1_acc: 0.7188, top5_acc: 0.9938, loss_cls: 3.6289, loss: 3.6289, grad_norm: 2.0347
2022-04-26 01:49:44,704 - mmaction - INFO - Epoch [11][25/57]	lr: 2.410e-01, eta: 0:07:51, time: 0.228, data_time: 0.177, memory: 861, top1_acc: 0.7312, top5_acc: 0.9563, loss_cls: 2.8880, loss: 2.8880, grad_norm: 1.9091
2022-04-26 01:49:45,403 - mmaction - INFO - Epoch [11][30/57]	lr: 2.388e-01, eta: 0:07:45, time: 0.141, data_time: 0.081, memory: 861, top1_acc: 0.6250, top5_acc: 0.9750, loss_cls: 3.8034, loss: 3.8034, grad_norm: 2.4486
2022-04-26 01:49:46,234 - mmaction - INFO - Epoch [11][35/57]	lr: 2.365e-01, eta: 0:07:39, time: 0.166, data_time: 0.073, memory: 861, top1_acc: 0.7000, top5_acc: 0.9625, loss_cls: 3.9929, loss: 3.9929, grad_norm: 2.3124
2022-04-26 01:49:46,969 - mmaction - INFO - Epoch [11][40/57]	lr: 2.343e-01, eta: 0:07:34, time: 0.146, data_time: 0.071, memory: 861, top1_acc: 0.7000, top5_acc: 0.9750, loss_cls: 3.1630, loss: 3.1630, grad_norm: 1.7566
2022-04-26 01:49:48,084 - mmaction - INFO - Epoch [11][45/57]	lr: 2.320e-01, eta: 0:07:28, time: 0.223, data_time: 0.110, memory: 861, top1_acc: 0.7625, top5_acc: 0.9750, loss_cls: 2.7603, loss: 2.7603, grad_norm: 1.8929
2022-04-26 01:49:48,785 - mmaction - INFO - Epoch [11][50/57]	lr: 2.297e-01, eta: 0:07:22, time: 0.141, data_time: 0.040, memory: 861, top1_acc: 0.7625, top5_acc: 0.9812, loss_cls: 2.6574, loss: 2.6574, grad_norm: 1.6362
2022-04-26 01:49:49,611 - mmaction - INFO - Epoch [11][55/57]	lr: 2.275e-01, eta: 0:07:17, time: 0.165, data_time: 0.028, memory: 861, top1_acc: 0.6625, top5_acc: 0.9750, loss_cls: 3.7765, loss: 3.7765, grad_norm: 2.1091
2022-04-26 01:50:16,333 - mmaction - INFO - Evaluating top_k_accuracy ...
2022-04-26 01:50:16,334 - mmaction - INFO - 
top1_acc	0.8929
top5_acc	1.0000
2022-04-26 01:50:16,334 - mmaction - INFO - Evaluating mean_class_accuracy ...
2022-04-26 01:50:16,334 - mmaction - INFO - 
mean_acc	0.8929
2022-04-26 01:50:16,337 - mmaction - INFO - The previous best checkpoint /home/yl/myposec3d/model_pth/exp3/NSNR-linear5-T7A2/best_top1_acc_epoch_6.pth was removed
2022-04-26 01:50:16,362 - mmaction - INFO - Now best checkpoint is saved as best_top1_acc_epoch_11.pth.
2022-04-26 01:50:16,363 - mmaction - INFO - Best top1_acc is 0.8929 at 11 epoch.
2022-04-26 01:50:16,363 - mmaction - INFO - Epoch(val) [11][5]	top1_acc: 0.8929, top5_acc: 1.0000, mean_class_accuracy: 0.8929
2022-04-26 01:50:42,008 - mmaction - INFO - Epoch [12][5/57]	lr: 2.243e-01, eta: 0:07:38, time: 5.127, data_time: 5.065, memory: 861, top1_acc: 0.7562, top5_acc: 0.9750, loss_cls: 2.8922, loss: 2.8922, grad_norm: 2.0812
2022-04-26 01:50:42,702 - mmaction - INFO - Epoch [12][10/57]	lr: 2.220e-01, eta: 0:07:32, time: 0.140, data_time: 0.080, memory: 861, top1_acc: 0.6875, top5_acc: 0.9688, loss_cls: 4.5062, loss: 4.5062, grad_norm: 2.3274
2022-04-26 01:50:43,365 - mmaction - INFO - Epoch [12][15/57]	lr: 2.197e-01, eta: 0:07:26, time: 0.132, data_time: 0.077, memory: 861, top1_acc: 0.6875, top5_acc: 0.9938, loss_cls: 2.8706, loss: 2.8706, grad_norm: 2.0717
2022-04-26 01:50:44,077 - mmaction - INFO - Epoch [12][20/57]	lr: 2.174e-01, eta: 0:07:20, time: 0.143, data_time: 0.077, memory: 861, top1_acc: 0.6562, top5_acc: 0.9500, loss_cls: 3.7637, loss: 3.7637, grad_norm: 2.3846
2022-04-26 01:50:45,216 - mmaction - INFO - Epoch [12][25/57]	lr: 2.151e-01, eta: 0:07:15, time: 0.227, data_time: 0.121, memory: 861, top1_acc: 0.7438, top5_acc: 0.9750, loss_cls: 2.7215, loss: 2.7215, grad_norm: 1.6979
2022-04-26 01:50:45,911 - mmaction - INFO - Epoch [12][30/57]	lr: 2.129e-01, eta: 0:07:10, time: 0.140, data_time: 0.053, memory: 861, top1_acc: 0.6750, top5_acc: 1.0000, loss_cls: 2.9012, loss: 2.9012, grad_norm: 1.9028
2022-04-26 01:50:46,644 - mmaction - INFO - Epoch [12][35/57]	lr: 2.106e-01, eta: 0:07:04, time: 0.147, data_time: 0.053, memory: 861, top1_acc: 0.7438, top5_acc: 0.9875, loss_cls: 2.4695, loss: 2.4695, grad_norm: 1.8593
2022-04-26 01:50:47,474 - mmaction - INFO - Epoch [12][40/57]	lr: 2.083e-01, eta: 0:06:59, time: 0.166, data_time: 0.041, memory: 861, top1_acc: 0.7125, top5_acc: 0.9750, loss_cls: 2.8019, loss: 2.8019, grad_norm: 2.0239
2022-04-26 01:50:48,574 - mmaction - INFO - Epoch [12][45/57]	lr: 2.060e-01, eta: 0:06:54, time: 0.220, data_time: 0.039, memory: 861, top1_acc: 0.7250, top5_acc: 0.9812, loss_cls: 2.3952, loss: 2.3952, grad_norm: 1.7778
2022-04-26 01:50:49,293 - mmaction - INFO - Epoch [12][50/57]	lr: 2.037e-01, eta: 0:06:49, time: 0.144, data_time: 0.016, memory: 861, top1_acc: 0.6937, top5_acc: 0.9812, loss_cls: 2.5426, loss: 2.5426, grad_norm: 1.9126
2022-04-26 01:50:49,986 - mmaction - INFO - Epoch [12][55/57]	lr: 2.014e-01, eta: 0:06:43, time: 0.139, data_time: 0.009, memory: 861, top1_acc: 0.7500, top5_acc: 0.9875, loss_cls: 1.7338, loss: 1.7338, grad_norm: 1.7227
2022-04-26 01:51:16,794 - mmaction - INFO - Evaluating top_k_accuracy ...
2022-04-26 01:51:16,795 - mmaction - INFO - 
top1_acc	0.8286
top5_acc	1.0000
2022-04-26 01:51:16,795 - mmaction - INFO - Evaluating mean_class_accuracy ...
2022-04-26 01:51:16,795 - mmaction - INFO - 
mean_acc	0.8286
2022-04-26 01:51:16,796 - mmaction - INFO - Epoch(val) [12][5]	top1_acc: 0.8286, top5_acc: 1.0000, mean_class_accuracy: 0.8286
2022-04-26 01:51:42,292 - mmaction - INFO - Epoch [13][5/57]	lr: 1.982e-01, eta: 0:07:00, time: 5.099, data_time: 5.024, memory: 861, top1_acc: 0.6937, top5_acc: 0.9563, loss_cls: 3.4400, loss: 3.4400, grad_norm: 1.9364
2022-04-26 01:51:42,989 - mmaction - INFO - Epoch [13][10/57]	lr: 1.959e-01, eta: 0:06:55, time: 0.139, data_time: 0.074, memory: 861, top1_acc: 0.6750, top5_acc: 0.9750, loss_cls: 2.8746, loss: 2.8746, grad_norm: 2.0638
2022-04-26 01:51:43,704 - mmaction - INFO - Epoch [13][15/57]	lr: 1.936e-01, eta: 0:06:50, time: 0.142, data_time: 0.076, memory: 861, top1_acc: 0.6375, top5_acc: 0.9812, loss_cls: 3.6675, loss: 3.6675, grad_norm: 2.2674
2022-04-26 01:51:44,396 - mmaction - INFO - Epoch [13][20/57]	lr: 1.913e-01, eta: 0:06:44, time: 0.139, data_time: 0.074, memory: 861, top1_acc: 0.6062, top5_acc: 0.9875, loss_cls: 3.6939, loss: 3.6939, grad_norm: 2.2551
2022-04-26 01:51:45,642 - mmaction - INFO - Epoch [13][25/57]	lr: 1.890e-01, eta: 0:06:40, time: 0.249, data_time: 0.130, memory: 861, top1_acc: 0.6625, top5_acc: 0.9812, loss_cls: 3.5339, loss: 3.5339, grad_norm: 2.1744
2022-04-26 01:51:46,360 - mmaction - INFO - Epoch [13][30/57]	lr: 1.867e-01, eta: 0:06:34, time: 0.144, data_time: 0.051, memory: 861, top1_acc: 0.7063, top5_acc: 0.9750, loss_cls: 3.2612, loss: 3.2612, grad_norm: 2.0537
2022-04-26 01:51:47,067 - mmaction - INFO - Epoch [13][35/57]	lr: 1.844e-01, eta: 0:06:29, time: 0.141, data_time: 0.045, memory: 861, top1_acc: 0.7812, top5_acc: 0.9875, loss_cls: 1.9244, loss: 1.9244, grad_norm: 1.5892
2022-04-26 01:51:47,774 - mmaction - INFO - Epoch [13][40/57]	lr: 1.821e-01, eta: 0:06:24, time: 0.141, data_time: 0.041, memory: 861, top1_acc: 0.7250, top5_acc: 0.9938, loss_cls: 2.6414, loss: 2.6414, grad_norm: 1.7238
2022-04-26 01:51:48,904 - mmaction - INFO - Epoch [13][45/57]	lr: 1.798e-01, eta: 0:06:20, time: 0.226, data_time: 0.073, memory: 861, top1_acc: 0.7188, top5_acc: 0.9812, loss_cls: 2.3913, loss: 2.3913, grad_norm: 1.8732
2022-04-26 01:51:49,652 - mmaction - INFO - Epoch [13][50/57]	lr: 1.775e-01, eta: 0:06:15, time: 0.148, data_time: 0.029, memory: 861, top1_acc: 0.8125, top5_acc: 0.9812, loss_cls: 1.9531, loss: 1.9531, grad_norm: 1.4566
2022-04-26 01:51:50,438 - mmaction - INFO - Epoch [13][55/57]	lr: 1.753e-01, eta: 0:06:10, time: 0.159, data_time: 0.031, memory: 861, top1_acc: 0.7375, top5_acc: 0.9875, loss_cls: 2.4954, loss: 2.4954, grad_norm: 1.8402
2022-04-26 01:52:16,985 - mmaction - INFO - Evaluating top_k_accuracy ...
2022-04-26 01:52:16,986 - mmaction - INFO - 
top1_acc	0.9429
top5_acc	1.0000
2022-04-26 01:52:16,986 - mmaction - INFO - Evaluating mean_class_accuracy ...
2022-04-26 01:52:16,986 - mmaction - INFO - 
mean_acc	0.9429
2022-04-26 01:52:16,988 - mmaction - INFO - The previous best checkpoint /home/yl/myposec3d/model_pth/exp3/NSNR-linear5-T7A2/best_top1_acc_epoch_11.pth was removed
2022-04-26 01:52:17,019 - mmaction - INFO - Now best checkpoint is saved as best_top1_acc_epoch_13.pth.
2022-04-26 01:52:17,019 - mmaction - INFO - Best top1_acc is 0.9429 at 13 epoch.
2022-04-26 01:52:17,019 - mmaction - INFO - Epoch(val) [13][5]	top1_acc: 0.9429, top5_acc: 1.0000, mean_class_accuracy: 0.9429
2022-04-26 01:52:42,496 - mmaction - INFO - Epoch [14][5/57]	lr: 1.721e-01, eta: 0:06:24, time: 5.095, data_time: 5.036, memory: 861, top1_acc: 0.7500, top5_acc: 0.9750, loss_cls: 2.6000, loss: 2.6000, grad_norm: 1.8716
2022-04-26 01:52:43,207 - mmaction - INFO - Epoch [14][10/57]	lr: 1.698e-01, eta: 0:06:19, time: 0.142, data_time: 0.094, memory: 861, top1_acc: 0.7688, top5_acc: 0.9812, loss_cls: 2.1951, loss: 2.1951, grad_norm: 1.7995
2022-04-26 01:52:43,944 - mmaction - INFO - Epoch [14][15/57]	lr: 1.675e-01, eta: 0:06:14, time: 0.148, data_time: 0.100, memory: 861, top1_acc: 0.7000, top5_acc: 0.9938, loss_cls: 3.0746, loss: 3.0746, grad_norm: 2.1178
2022-04-26 01:52:44,672 - mmaction - INFO - Epoch [14][20/57]	lr: 1.653e-01, eta: 0:06:09, time: 0.145, data_time: 0.097, memory: 861, top1_acc: 0.7438, top5_acc: 0.9688, loss_cls: 2.4882, loss: 2.4882, grad_norm: 1.8638
2022-04-26 01:52:45,893 - mmaction - INFO - Epoch [14][25/57]	lr: 1.630e-01, eta: 0:06:04, time: 0.244, data_time: 0.196, memory: 861, top1_acc: 0.7688, top5_acc: 0.9875, loss_cls: 2.3350, loss: 2.3350, grad_norm: 1.7993
2022-04-26 01:52:46,623 - mmaction - INFO - Epoch [14][30/57]	lr: 1.608e-01, eta: 0:05:59, time: 0.146, data_time: 0.100, memory: 861, top1_acc: 0.7438, top5_acc: 0.9875, loss_cls: 2.3571, loss: 2.3571, grad_norm: 1.7018
2022-04-26 01:52:47,364 - mmaction - INFO - Epoch [14][35/57]	lr: 1.585e-01, eta: 0:05:55, time: 0.147, data_time: 0.100, memory: 861, top1_acc: 0.7438, top5_acc: 0.9938, loss_cls: 2.0318, loss: 2.0318, grad_norm: 1.7195
2022-04-26 01:52:48,088 - mmaction - INFO - Epoch [14][40/57]	lr: 1.563e-01, eta: 0:05:50, time: 0.146, data_time: 0.099, memory: 861, top1_acc: 0.7188, top5_acc: 0.9812, loss_cls: 2.6168, loss: 2.6168, grad_norm: 1.7962
2022-04-26 01:52:49,252 - mmaction - INFO - Epoch [14][45/57]	lr: 1.540e-01, eta: 0:05:46, time: 0.231, data_time: 0.183, memory: 861, top1_acc: 0.7375, top5_acc: 0.9938, loss_cls: 1.9133, loss: 1.9133, grad_norm: 1.8015
2022-04-26 01:52:49,961 - mmaction - INFO - Epoch [14][50/57]	lr: 1.518e-01, eta: 0:05:41, time: 0.143, data_time: 0.096, memory: 861, top1_acc: 0.6937, top5_acc: 0.9688, loss_cls: 3.2035, loss: 3.2035, grad_norm: 1.7736
2022-04-26 01:52:50,742 - mmaction - INFO - Epoch [14][55/57]	lr: 1.496e-01, eta: 0:05:37, time: 0.157, data_time: 0.111, memory: 861, top1_acc: 0.7937, top5_acc: 0.9875, loss_cls: 1.3209, loss: 1.3209, grad_norm: 1.6124
2022-04-26 01:53:17,183 - mmaction - INFO - Evaluating top_k_accuracy ...
2022-04-26 01:53:17,183 - mmaction - INFO - 
top1_acc	0.8500
top5_acc	0.9857
2022-04-26 01:53:17,183 - mmaction - INFO - Evaluating mean_class_accuracy ...
2022-04-26 01:53:17,184 - mmaction - INFO - 
mean_acc	0.8500
2022-04-26 01:53:17,184 - mmaction - INFO - Epoch(val) [14][5]	top1_acc: 0.8500, top5_acc: 0.9857, mean_class_accuracy: 0.8500
2022-04-26 01:53:42,957 - mmaction - INFO - Epoch [15][5/57]	lr: 1.465e-01, eta: 0:05:48, time: 5.154, data_time: 5.103, memory: 861, top1_acc: 0.7500, top5_acc: 0.9375, loss_cls: 3.0754, loss: 3.0754, grad_norm: 1.8400
2022-04-26 01:53:43,652 - mmaction - INFO - Epoch [15][10/57]	lr: 1.443e-01, eta: 0:05:43, time: 0.139, data_time: 0.091, memory: 861, top1_acc: 0.7312, top5_acc: 0.9625, loss_cls: 2.8967, loss: 2.8967, grad_norm: 2.2676
2022-04-26 01:53:44,384 - mmaction - INFO - Epoch [15][15/57]	lr: 1.421e-01, eta: 0:05:38, time: 0.146, data_time: 0.091, memory: 861, top1_acc: 0.7438, top5_acc: 0.9938, loss_cls: 1.6240, loss: 1.6240, grad_norm: 1.6964
2022-04-26 01:53:45,108 - mmaction - INFO - Epoch [15][20/57]	lr: 1.399e-01, eta: 0:05:34, time: 0.145, data_time: 0.095, memory: 861, top1_acc: 0.6937, top5_acc: 0.9812, loss_cls: 2.8934, loss: 2.8934, grad_norm: 1.9342
2022-04-26 01:53:46,312 - mmaction - INFO - Epoch [15][25/57]	lr: 1.377e-01, eta: 0:05:29, time: 0.239, data_time: 0.169, memory: 861, top1_acc: 0.7812, top5_acc: 0.9938, loss_cls: 1.7810, loss: 1.7810, grad_norm: 1.7925
2022-04-26 01:53:46,991 - mmaction - INFO - Epoch [15][30/57]	lr: 1.355e-01, eta: 0:05:25, time: 0.137, data_time: 0.090, memory: 861, top1_acc: 0.7688, top5_acc: 0.9812, loss_cls: 2.0111, loss: 2.0111, grad_norm: 1.7622
2022-04-26 01:53:47,704 - mmaction - INFO - Epoch [15][35/57]	lr: 1.333e-01, eta: 0:05:20, time: 0.143, data_time: 0.098, memory: 861, top1_acc: 0.7438, top5_acc: 0.9812, loss_cls: 2.5295, loss: 2.5295, grad_norm: 1.9053
2022-04-26 01:53:48,454 - mmaction - INFO - Epoch [15][40/57]	lr: 1.312e-01, eta: 0:05:16, time: 0.150, data_time: 0.104, memory: 861, top1_acc: 0.7688, top5_acc: 1.0000, loss_cls: 1.6840, loss: 1.6840, grad_norm: 1.6366
2022-04-26 01:53:49,709 - mmaction - INFO - Epoch [15][45/57]	lr: 1.290e-01, eta: 0:05:12, time: 0.250, data_time: 0.198, memory: 861, top1_acc: 0.7375, top5_acc: 0.9812, loss_cls: 2.6067, loss: 2.6067, grad_norm: 1.8823
2022-04-26 01:53:50,408 - mmaction - INFO - Epoch [15][50/57]	lr: 1.269e-01, eta: 0:05:07, time: 0.141, data_time: 0.092, memory: 861, top1_acc: 0.7000, top5_acc: 0.9750, loss_cls: 2.9419, loss: 2.9419, grad_norm: 1.9585
2022-04-26 01:53:51,102 - mmaction - INFO - Epoch [15][55/57]	lr: 1.247e-01, eta: 0:05:03, time: 0.139, data_time: 0.092, memory: 861, top1_acc: 0.8000, top5_acc: 0.9875, loss_cls: 1.5394, loss: 1.5394, grad_norm: 1.5291
2022-04-26 01:54:17,479 - mmaction - INFO - Evaluating top_k_accuracy ...
2022-04-26 01:54:17,479 - mmaction - INFO - 
top1_acc	0.9857
top5_acc	1.0000
2022-04-26 01:54:17,479 - mmaction - INFO - Evaluating mean_class_accuracy ...
2022-04-26 01:54:17,479 - mmaction - INFO - 
mean_acc	0.9857
2022-04-26 01:54:17,481 - mmaction - INFO - The previous best checkpoint /home/yl/myposec3d/model_pth/exp3/NSNR-linear5-T7A2/best_top1_acc_epoch_13.pth was removed
2022-04-26 01:54:17,506 - mmaction - INFO - Now best checkpoint is saved as best_top1_acc_epoch_15.pth.
2022-04-26 01:54:17,506 - mmaction - INFO - Best top1_acc is 0.9857 at 15 epoch.
2022-04-26 01:54:17,506 - mmaction - INFO - Epoch(val) [15][5]	top1_acc: 0.9857, top5_acc: 1.0000, mean_class_accuracy: 0.9857
2022-04-26 01:54:42,876 - mmaction - INFO - Epoch [16][5/57]	lr: 1.218e-01, eta: 0:05:12, time: 5.073, data_time: 4.954, memory: 861, top1_acc: 0.7375, top5_acc: 1.0000, loss_cls: 2.0745, loss: 2.0745, grad_norm: 1.6917
2022-04-26 01:54:43,610 - mmaction - INFO - Epoch [16][10/57]	lr: 1.197e-01, eta: 0:05:07, time: 0.147, data_time: 0.070, memory: 861, top1_acc: 0.7250, top5_acc: 1.0000, loss_cls: 2.0547, loss: 2.0547, grad_norm: 1.9190
2022-04-26 01:54:44,350 - mmaction - INFO - Epoch [16][15/57]	lr: 1.176e-01, eta: 0:05:03, time: 0.148, data_time: 0.067, memory: 861, top1_acc: 0.6750, top5_acc: 0.9625, loss_cls: 2.5453, loss: 2.5453, grad_norm: 2.1593
2022-04-26 01:54:45,085 - mmaction - INFO - Epoch [16][20/57]	lr: 1.155e-01, eta: 0:04:58, time: 0.147, data_time: 0.063, memory: 861, top1_acc: 0.7188, top5_acc: 0.9938, loss_cls: 1.8814, loss: 1.8814, grad_norm: 1.8410
2022-04-26 01:54:46,269 - mmaction - INFO - Epoch [16][25/57]	lr: 1.134e-01, eta: 0:04:54, time: 0.237, data_time: 0.130, memory: 861, top1_acc: 0.7562, top5_acc: 0.9938, loss_cls: 1.8300, loss: 1.8300, grad_norm: 1.6462
2022-04-26 01:54:46,977 - mmaction - INFO - Epoch [16][30/57]	lr: 1.113e-01, eta: 0:04:50, time: 0.142, data_time: 0.067, memory: 861, top1_acc: 0.7375, top5_acc: 0.9812, loss_cls: 1.9376, loss: 1.9376, grad_norm: 1.7483
2022-04-26 01:54:47,731 - mmaction - INFO - Epoch [16][35/57]	lr: 1.093e-01, eta: 0:04:46, time: 0.151, data_time: 0.073, memory: 861, top1_acc: 0.7125, top5_acc: 0.9875, loss_cls: 1.8748, loss: 1.8748, grad_norm: 1.8817
2022-04-26 01:54:48,419 - mmaction - INFO - Epoch [16][40/57]	lr: 1.072e-01, eta: 0:04:42, time: 0.137, data_time: 0.067, memory: 861, top1_acc: 0.7063, top5_acc: 0.9812, loss_cls: 2.7790, loss: 2.7790, grad_norm: 1.8235
2022-04-26 01:54:49,598 - mmaction - INFO - Epoch [16][45/57]	lr: 1.052e-01, eta: 0:04:38, time: 0.236, data_time: 0.137, memory: 861, top1_acc: 0.7562, top5_acc: 0.9938, loss_cls: 2.0882, loss: 2.0882, grad_norm: 1.8183
2022-04-26 01:54:50,347 - mmaction - INFO - Epoch [16][50/57]	lr: 1.032e-01, eta: 0:04:34, time: 0.150, data_time: 0.060, memory: 861, top1_acc: 0.7375, top5_acc: 0.9938, loss_cls: 2.3111, loss: 2.3111, grad_norm: 1.9142
2022-04-26 01:54:51,050 - mmaction - INFO - Epoch [16][55/57]	lr: 1.012e-01, eta: 0:04:29, time: 0.141, data_time: 0.050, memory: 861, top1_acc: 0.7625, top5_acc: 0.9938, loss_cls: 1.7046, loss: 1.7046, grad_norm: 1.9028
2022-04-26 01:55:17,770 - mmaction - INFO - Evaluating top_k_accuracy ...
2022-04-26 01:55:17,770 - mmaction - INFO - 
top1_acc	0.8286
top5_acc	1.0000
2022-04-26 01:55:17,771 - mmaction - INFO - Evaluating mean_class_accuracy ...
2022-04-26 01:55:17,771 - mmaction - INFO - 
mean_acc	0.8286
2022-04-26 01:55:17,771 - mmaction - INFO - Epoch(val) [16][5]	top1_acc: 0.8286, top5_acc: 1.0000, mean_class_accuracy: 0.8286
2022-04-26 01:55:43,180 - mmaction - INFO - Epoch [17][5/57]	lr: 9.841e-02, eta: 0:04:36, time: 5.081, data_time: 4.973, memory: 861, top1_acc: 0.7438, top5_acc: 0.9688, loss_cls: 2.6027, loss: 2.6027, grad_norm: 1.8480
2022-04-26 01:55:43,859 - mmaction - INFO - Epoch [17][10/57]	lr: 9.644e-02, eta: 0:04:32, time: 0.135, data_time: 0.071, memory: 861, top1_acc: 0.7312, top5_acc: 0.9938, loss_cls: 1.6942, loss: 1.6942, grad_norm: 1.6952
2022-04-26 01:55:44,540 - mmaction - INFO - Epoch [17][15/57]	lr: 9.448e-02, eta: 0:04:27, time: 0.137, data_time: 0.077, memory: 861, top1_acc: 0.7625, top5_acc: 0.9875, loss_cls: 2.0031, loss: 2.0031, grad_norm: 1.6872
2022-04-26 01:55:45,294 - mmaction - INFO - Epoch [17][20/57]	lr: 9.254e-02, eta: 0:04:23, time: 0.151, data_time: 0.086, memory: 861, top1_acc: 0.7750, top5_acc: 1.0000, loss_cls: 1.3696, loss: 1.3696, grad_norm: 1.4028
2022-04-26 01:55:46,376 - mmaction - INFO - Epoch [17][25/57]	lr: 9.061e-02, eta: 0:04:19, time: 0.216, data_time: 0.145, memory: 861, top1_acc: 0.7937, top5_acc: 0.9812, loss_cls: 1.5194, loss: 1.5194, grad_norm: 1.6106
2022-04-26 01:55:47,072 - mmaction - INFO - Epoch [17][30/57]	lr: 8.870e-02, eta: 0:04:15, time: 0.139, data_time: 0.061, memory: 861, top1_acc: 0.7750, top5_acc: 0.9688, loss_cls: 1.4578, loss: 1.4578, grad_norm: 1.5141
2022-04-26 01:55:47,971 - mmaction - INFO - Epoch [17][35/57]	lr: 8.679e-02, eta: 0:04:11, time: 0.179, data_time: 0.056, memory: 861, top1_acc: 0.7812, top5_acc: 0.9938, loss_cls: 1.5013, loss: 1.5013, grad_norm: 1.4339
2022-04-26 01:55:48,690 - mmaction - INFO - Epoch [17][40/57]	lr: 8.491e-02, eta: 0:04:07, time: 0.144, data_time: 0.057, memory: 861, top1_acc: 0.7625, top5_acc: 1.0000, loss_cls: 1.7245, loss: 1.7245, grad_norm: 1.7630
2022-04-26 01:55:49,685 - mmaction - INFO - Epoch [17][45/57]	lr: 8.304e-02, eta: 0:04:04, time: 0.198, data_time: 0.113, memory: 861, top1_acc: 0.8125, top5_acc: 1.0000, loss_cls: 1.0676, loss: 1.0676, grad_norm: 1.2536
2022-04-26 01:55:50,434 - mmaction - INFO - Epoch [17][50/57]	lr: 8.118e-02, eta: 0:04:00, time: 0.151, data_time: 0.060, memory: 861, top1_acc: 0.7250, top5_acc: 0.9875, loss_cls: 1.6457, loss: 1.6457, grad_norm: 1.9189
2022-04-26 01:55:51,286 - mmaction - INFO - Epoch [17][55/57]	lr: 7.934e-02, eta: 0:03:56, time: 0.170, data_time: 0.053, memory: 861, top1_acc: 0.8000, top5_acc: 1.0000, loss_cls: 1.6011, loss: 1.6011, grad_norm: 1.8321
2022-04-26 01:56:17,660 - mmaction - INFO - Evaluating top_k_accuracy ...
2022-04-26 01:56:17,660 - mmaction - INFO - 
top1_acc	0.9643
top5_acc	1.0000
2022-04-26 01:56:17,660 - mmaction - INFO - Evaluating mean_class_accuracy ...
2022-04-26 01:56:17,660 - mmaction - INFO - 
mean_acc	0.9643
2022-04-26 01:56:17,661 - mmaction - INFO - Epoch(val) [17][5]	top1_acc: 0.9643, top5_acc: 1.0000, mean_class_accuracy: 0.9643
2022-04-26 01:56:43,212 - mmaction - INFO - Epoch [18][5/57]	lr: 7.680e-02, eta: 0:04:00, time: 5.108, data_time: 5.024, memory: 861, top1_acc: 0.7812, top5_acc: 0.9875, loss_cls: 1.2574, loss: 1.2574, grad_norm: 1.4849
2022-04-26 01:56:43,918 - mmaction - INFO - Epoch [18][10/57]	lr: 7.499e-02, eta: 0:03:56, time: 0.142, data_time: 0.081, memory: 861, top1_acc: 0.8500, top5_acc: 0.9812, loss_cls: 1.1759, loss: 1.1759, grad_norm: 1.1784
2022-04-26 01:56:44,612 - mmaction - INFO - Epoch [18][15/57]	lr: 7.321e-02, eta: 0:03:52, time: 0.139, data_time: 0.078, memory: 861, top1_acc: 0.8000, top5_acc: 0.9875, loss_cls: 1.7256, loss: 1.7256, grad_norm: 1.4207
2022-04-26 01:56:45,317 - mmaction - INFO - Epoch [18][20/57]	lr: 7.144e-02, eta: 0:03:49, time: 0.141, data_time: 0.080, memory: 861, top1_acc: 0.7063, top5_acc: 0.9812, loss_cls: 2.0265, loss: 2.0265, grad_norm: 1.9005
2022-04-26 01:56:46,485 - mmaction - INFO - Epoch [18][25/57]	lr: 6.969e-02, eta: 0:03:45, time: 0.232, data_time: 0.163, memory: 861, top1_acc: 0.7625, top5_acc: 0.9875, loss_cls: 2.0075, loss: 2.0075, grad_norm: 1.5907
2022-04-26 01:56:47,199 - mmaction - INFO - Epoch [18][30/57]	lr: 6.796e-02, eta: 0:03:41, time: 0.144, data_time: 0.083, memory: 861, top1_acc: 0.8063, top5_acc: 0.9938, loss_cls: 1.1383, loss: 1.1383, grad_norm: 1.4197
2022-04-26 01:56:47,940 - mmaction - INFO - Epoch [18][35/57]	lr: 6.624e-02, eta: 0:03:37, time: 0.148, data_time: 0.086, memory: 861, top1_acc: 0.7812, top5_acc: 0.9938, loss_cls: 1.3974, loss: 1.3974, grad_norm: 1.6909
2022-04-26 01:56:48,654 - mmaction - INFO - Epoch [18][40/57]	lr: 6.454e-02, eta: 0:03:33, time: 0.143, data_time: 0.082, memory: 861, top1_acc: 0.6937, top5_acc: 0.9875, loss_cls: 2.1490, loss: 2.1490, grad_norm: 1.9728
2022-04-26 01:56:49,877 - mmaction - INFO - Epoch [18][45/57]	lr: 6.286e-02, eta: 0:03:30, time: 0.244, data_time: 0.150, memory: 861, top1_acc: 0.7875, top5_acc: 0.9938, loss_cls: 1.5148, loss: 1.5148, grad_norm: 1.3450
2022-04-26 01:56:50,584 - mmaction - INFO - Epoch [18][50/57]	lr: 6.120e-02, eta: 0:03:26, time: 0.142, data_time: 0.062, memory: 861, top1_acc: 0.7312, top5_acc: 0.9938, loss_cls: 2.1873, loss: 2.1873, grad_norm: 1.8285
2022-04-26 01:56:51,270 - mmaction - INFO - Epoch [18][55/57]	lr: 5.956e-02, eta: 0:03:22, time: 0.137, data_time: 0.060, memory: 861, top1_acc: 0.7625, top5_acc: 1.0000, loss_cls: 1.4851, loss: 1.4851, grad_norm: 1.6207
2022-04-26 01:57:17,737 - mmaction - INFO - Evaluating top_k_accuracy ...
2022-04-26 01:57:17,738 - mmaction - INFO - 
top1_acc	0.9643
top5_acc	1.0000
2022-04-26 01:57:17,738 - mmaction - INFO - Evaluating mean_class_accuracy ...
2022-04-26 01:57:17,738 - mmaction - INFO - 
mean_acc	0.9643
2022-04-26 01:57:17,738 - mmaction - INFO - Epoch(val) [18][5]	top1_acc: 0.9643, top5_acc: 1.0000, mean_class_accuracy: 0.9643
2022-04-26 01:57:43,248 - mmaction - INFO - Epoch [19][5/57]	lr: 5.729e-02, eta: 0:03:25, time: 5.100, data_time: 4.908, memory: 861, top1_acc: 0.8562, top5_acc: 0.9938, loss_cls: 1.0077, loss: 1.0077, grad_norm: 1.2377
2022-04-26 01:57:43,993 - mmaction - INFO - Epoch [19][10/57]	lr: 5.569e-02, eta: 0:03:21, time: 0.150, data_time: 0.013, memory: 861, top1_acc: 0.8187, top5_acc: 1.0000, loss_cls: 1.3757, loss: 1.3757, grad_norm: 1.5625
2022-04-26 01:57:44,728 - mmaction - INFO - Epoch [19][15/57]	lr: 5.411e-02, eta: 0:03:18, time: 0.147, data_time: 0.006, memory: 861, top1_acc: 0.7750, top5_acc: 1.0000, loss_cls: 1.0423, loss: 1.0423, grad_norm: 1.3064
2022-04-26 01:57:45,454 - mmaction - INFO - Epoch [19][20/57]	lr: 5.254e-02, eta: 0:03:14, time: 0.145, data_time: 0.000, memory: 861, top1_acc: 0.7188, top5_acc: 0.9875, loss_cls: 2.2893, loss: 2.2893, grad_norm: 1.7512
2022-04-26 01:57:46,671 - mmaction - INFO - Epoch [19][25/57]	lr: 5.100e-02, eta: 0:03:10, time: 0.243, data_time: 0.001, memory: 861, top1_acc: 0.7562, top5_acc: 0.9875, loss_cls: 1.5133, loss: 1.5133, grad_norm: 1.5513
2022-04-26 01:57:47,419 - mmaction - INFO - Epoch [19][30/57]	lr: 4.948e-02, eta: 0:03:07, time: 0.150, data_time: 0.001, memory: 861, top1_acc: 0.7688, top5_acc: 1.0000, loss_cls: 1.1680, loss: 1.1680, grad_norm: 1.4571
2022-04-26 01:57:48,131 - mmaction - INFO - Epoch [19][35/57]	lr: 4.798e-02, eta: 0:03:03, time: 0.142, data_time: 0.001, memory: 861, top1_acc: 0.7438, top5_acc: 0.9938, loss_cls: 1.7205, loss: 1.7205, grad_norm: 1.7533
2022-04-26 01:57:48,850 - mmaction - INFO - Epoch [19][40/57]	lr: 4.650e-02, eta: 0:02:59, time: 0.142, data_time: 0.000, memory: 861, top1_acc: 0.6937, top5_acc: 0.9750, loss_cls: 2.5239, loss: 2.5239, grad_norm: 1.9737
2022-04-26 01:57:50,042 - mmaction - INFO - Epoch [19][45/57]	lr: 4.503e-02, eta: 0:02:56, time: 0.238, data_time: 0.002, memory: 861, top1_acc: 0.7750, top5_acc: 1.0000, loss_cls: 1.3973, loss: 1.3973, grad_norm: 1.4989
2022-04-26 01:57:50,761 - mmaction - INFO - Epoch [19][50/57]	lr: 4.359e-02, eta: 0:02:52, time: 0.145, data_time: 0.002, memory: 861, top1_acc: 0.7500, top5_acc: 0.9938, loss_cls: 1.4228, loss: 1.4228, grad_norm: 1.6742
2022-04-26 01:57:51,468 - mmaction - INFO - Epoch [19][55/57]	lr: 4.217e-02, eta: 0:02:49, time: 0.141, data_time: 0.000, memory: 861, top1_acc: 0.7937, top5_acc: 0.9938, loss_cls: 1.3304, loss: 1.3304, grad_norm: 1.4386
2022-04-26 01:58:17,792 - mmaction - INFO - Evaluating top_k_accuracy ...
2022-04-26 01:58:17,793 - mmaction - INFO - 
top1_acc	0.9786
top5_acc	1.0000
2022-04-26 01:58:17,793 - mmaction - INFO - Evaluating mean_class_accuracy ...
2022-04-26 01:58:17,793 - mmaction - INFO - 
mean_acc	0.9786
2022-04-26 01:58:17,793 - mmaction - INFO - Epoch(val) [19][5]	top1_acc: 0.9786, top5_acc: 1.0000, mean_class_accuracy: 0.9786
2022-04-26 01:58:42,944 - mmaction - INFO - Epoch [20][5/57]	lr: 4.022e-02, eta: 0:02:50, time: 5.029, data_time: 4.939, memory: 861, top1_acc: 0.7188, top5_acc: 0.9938, loss_cls: 1.8560, loss: 1.8560, grad_norm: 1.6490
2022-04-26 01:58:43,673 - mmaction - INFO - Epoch [20][10/57]	lr: 3.885e-02, eta: 0:02:46, time: 0.146, data_time: 0.078, memory: 861, top1_acc: 0.7688, top5_acc: 0.9938, loss_cls: 1.4809, loss: 1.4809, grad_norm: 1.6017
2022-04-26 01:58:44,369 - mmaction - INFO - Epoch [20][15/57]	lr: 3.750e-02, eta: 0:02:43, time: 0.139, data_time: 0.070, memory: 861, top1_acc: 0.7625, top5_acc: 1.0000, loss_cls: 1.5958, loss: 1.5958, grad_norm: 1.5003
2022-04-26 01:58:45,042 - mmaction - INFO - Epoch [20][20/57]	lr: 3.617e-02, eta: 0:02:39, time: 0.135, data_time: 0.066, memory: 861, top1_acc: 0.7937, top5_acc: 0.9938, loss_cls: 1.6833, loss: 1.6833, grad_norm: 1.4263
2022-04-26 01:58:46,179 - mmaction - INFO - Epoch [20][25/57]	lr: 3.486e-02, eta: 0:02:36, time: 0.227, data_time: 0.129, memory: 861, top1_acc: 0.7688, top5_acc: 0.9875, loss_cls: 1.5813, loss: 1.5813, grad_norm: 1.5191
2022-04-26 01:58:46,977 - mmaction - INFO - Epoch [20][30/57]	lr: 3.358e-02, eta: 0:02:32, time: 0.160, data_time: 0.061, memory: 861, top1_acc: 0.8000, top5_acc: 0.9812, loss_cls: 1.5229, loss: 1.5229, grad_norm: 1.3483
2022-04-26 01:58:47,704 - mmaction - INFO - Epoch [20][35/57]	lr: 3.232e-02, eta: 0:02:29, time: 0.145, data_time: 0.049, memory: 861, top1_acc: 0.8625, top5_acc: 0.9938, loss_cls: 1.5591, loss: 1.5591, grad_norm: 1.2696
2022-04-26 01:58:48,443 - mmaction - INFO - Epoch [20][40/57]	lr: 3.108e-02, eta: 0:02:25, time: 0.148, data_time: 0.042, memory: 861, top1_acc: 0.7750, top5_acc: 0.9938, loss_cls: 1.2061, loss: 1.2061, grad_norm: 1.6413
2022-04-26 01:58:49,483 - mmaction - INFO - Epoch [20][45/57]	lr: 2.986e-02, eta: 0:02:22, time: 0.207, data_time: 0.042, memory: 861, top1_acc: 0.7937, top5_acc: 0.9938, loss_cls: 1.2898, loss: 1.2898, grad_norm: 1.3775
2022-04-26 01:58:50,313 - mmaction - INFO - Epoch [20][50/57]	lr: 2.866e-02, eta: 0:02:18, time: 0.167, data_time: 0.025, memory: 861, top1_acc: 0.8375, top5_acc: 0.9875, loss_cls: 1.0510, loss: 1.0510, grad_norm: 1.3708
2022-04-26 01:58:50,995 - mmaction - INFO - Epoch [20][55/57]	lr: 2.749e-02, eta: 0:02:15, time: 0.137, data_time: 0.013, memory: 861, top1_acc: 0.7375, top5_acc: 0.9938, loss_cls: 1.7979, loss: 1.7979, grad_norm: 1.5369
2022-04-26 01:59:17,911 - mmaction - INFO - Evaluating top_k_accuracy ...
2022-04-26 01:59:17,911 - mmaction - INFO - 
top1_acc	0.9714
top5_acc	1.0000
2022-04-26 01:59:17,911 - mmaction - INFO - Evaluating mean_class_accuracy ...
2022-04-26 01:59:17,912 - mmaction - INFO - 
mean_acc	0.9714
2022-04-26 01:59:17,912 - mmaction - INFO - Epoch(val) [20][5]	top1_acc: 0.9714, top5_acc: 1.0000, mean_class_accuracy: 0.9714
2022-04-26 01:59:43,945 - mmaction - INFO - Epoch [21][5/57]	lr: 2.588e-02, eta: 0:02:15, time: 5.206, data_time: 4.902, memory: 861, top1_acc: 0.7812, top5_acc: 1.0000, loss_cls: 1.3739, loss: 1.3739, grad_norm: 1.5004
2022-04-26 01:59:44,616 - mmaction - INFO - Epoch [21][10/57]	lr: 2.477e-02, eta: 0:02:12, time: 0.134, data_time: 0.001, memory: 861, top1_acc: 0.8000, top5_acc: 1.0000, loss_cls: 1.1292, loss: 1.1292, grad_norm: 1.4091
2022-04-26 01:59:45,389 - mmaction - INFO - Epoch [21][15/57]	lr: 2.367e-02, eta: 0:02:08, time: 0.153, data_time: 0.000, memory: 861, top1_acc: 0.7625, top5_acc: 1.0000, loss_cls: 1.7540, loss: 1.7540, grad_norm: 1.5486
2022-04-26 01:59:46,108 - mmaction - INFO - Epoch [21][20/57]	lr: 2.260e-02, eta: 0:02:05, time: 0.145, data_time: 0.002, memory: 861, top1_acc: 0.7937, top5_acc: 0.9812, loss_cls: 1.6379, loss: 1.6379, grad_norm: 1.3661
2022-04-26 01:59:47,106 - mmaction - INFO - Epoch [21][25/57]	lr: 2.155e-02, eta: 0:02:01, time: 0.200, data_time: 0.000, memory: 861, top1_acc: 0.7812, top5_acc: 0.9938, loss_cls: 1.2217, loss: 1.2217, grad_norm: 1.4224
2022-04-26 01:59:47,826 - mmaction - INFO - Epoch [21][30/57]	lr: 2.052e-02, eta: 0:01:58, time: 0.144, data_time: 0.000, memory: 861, top1_acc: 0.7562, top5_acc: 1.0000, loss_cls: 1.3614, loss: 1.3614, grad_norm: 1.7141
2022-04-26 01:59:48,723 - mmaction - INFO - Epoch [21][35/57]	lr: 1.952e-02, eta: 0:01:55, time: 0.180, data_time: 0.000, memory: 861, top1_acc: 0.8063, top5_acc: 0.9875, loss_cls: 1.1392, loss: 1.1392, grad_norm: 1.4317
2022-04-26 01:59:49,430 - mmaction - INFO - Epoch [21][40/57]	lr: 1.854e-02, eta: 0:01:51, time: 0.141, data_time: 0.000, memory: 861, top1_acc: 0.7812, top5_acc: 0.9938, loss_cls: 1.1620, loss: 1.1620, grad_norm: 1.7490
2022-04-26 01:59:50,514 - mmaction - INFO - Epoch [21][45/57]	lr: 1.759e-02, eta: 0:01:48, time: 0.217, data_time: 0.001, memory: 861, top1_acc: 0.7750, top5_acc: 0.9938, loss_cls: 1.3321, loss: 1.3321, grad_norm: 1.3526
2022-04-26 01:59:51,216 - mmaction - INFO - Epoch [21][50/57]	lr: 1.666e-02, eta: 0:01:45, time: 0.141, data_time: 0.000, memory: 861, top1_acc: 0.8500, top5_acc: 0.9875, loss_cls: 1.2166, loss: 1.2166, grad_norm: 1.1265
2022-04-26 01:59:51,991 - mmaction - INFO - Epoch [21][55/57]	lr: 1.576e-02, eta: 0:01:42, time: 0.155, data_time: 0.000, memory: 861, top1_acc: 0.8250, top5_acc: 1.0000, loss_cls: 0.9746, loss: 0.9746, grad_norm: 1.1192
2022-04-26 02:00:18,657 - mmaction - INFO - Evaluating top_k_accuracy ...
2022-04-26 02:00:18,657 - mmaction - INFO - 
top1_acc	0.9643
top5_acc	1.0000
2022-04-26 02:00:18,657 - mmaction - INFO - Evaluating mean_class_accuracy ...
2022-04-26 02:00:18,657 - mmaction - INFO - 
mean_acc	0.9643
2022-04-26 02:00:18,658 - mmaction - INFO - Epoch(val) [21][5]	top1_acc: 0.9643, top5_acc: 1.0000, mean_class_accuracy: 0.9643
2022-04-26 02:00:44,175 - mmaction - INFO - Epoch [22][5/57]	lr: 1.453e-02, eta: 0:01:40, time: 5.101, data_time: 4.875, memory: 861, top1_acc: 0.8125, top5_acc: 0.9938, loss_cls: 1.1188, loss: 1.1188, grad_norm: 1.3174
2022-04-26 02:00:44,914 - mmaction - INFO - Epoch [22][10/57]	lr: 1.368e-02, eta: 0:01:37, time: 0.149, data_time: 0.002, memory: 861, top1_acc: 0.8000, top5_acc: 1.0000, loss_cls: 0.9408, loss: 0.9408, grad_norm: 1.2144
2022-04-26 02:00:45,608 - mmaction - INFO - Epoch [22][15/57]	lr: 1.286e-02, eta: 0:01:34, time: 0.139, data_time: 0.000, memory: 861, top1_acc: 0.7688, top5_acc: 0.9938, loss_cls: 1.7754, loss: 1.7754, grad_norm: 1.5601
2022-04-26 02:00:46,343 - mmaction - INFO - Epoch [22][20/57]	lr: 1.206e-02, eta: 0:01:30, time: 0.147, data_time: 0.000, memory: 861, top1_acc: 0.7688, top5_acc: 0.9938, loss_cls: 1.3587, loss: 1.3587, grad_norm: 1.5472
2022-04-26 02:00:47,474 - mmaction - INFO - Epoch [22][25/57]	lr: 1.129e-02, eta: 0:01:27, time: 0.225, data_time: 0.000, memory: 861, top1_acc: 0.8000, top5_acc: 0.9875, loss_cls: 1.2328, loss: 1.2328, grad_norm: 1.3121
2022-04-26 02:00:48,222 - mmaction - INFO - Epoch [22][30/57]	lr: 1.054e-02, eta: 0:01:24, time: 0.151, data_time: 0.001, memory: 861, top1_acc: 0.8063, top5_acc: 1.0000, loss_cls: 1.3946, loss: 1.3946, grad_norm: 1.3219
2022-04-26 02:00:49,055 - mmaction - INFO - Epoch [22][35/57]	lr: 9.817e-03, eta: 0:01:21, time: 0.166, data_time: 0.001, memory: 861, top1_acc: 0.8438, top5_acc: 0.9938, loss_cls: 1.0386, loss: 1.0386, grad_norm: 1.1761
2022-04-26 02:00:49,765 - mmaction - INFO - Epoch [22][40/57]	lr: 9.119e-03, eta: 0:01:17, time: 0.143, data_time: 0.001, memory: 861, top1_acc: 0.7875, top5_acc: 0.9875, loss_cls: 1.6475, loss: 1.6475, grad_norm: 1.4494
2022-04-26 02:00:50,739 - mmaction - INFO - Epoch [22][45/57]	lr: 8.446e-03, eta: 0:01:14, time: 0.193, data_time: 0.000, memory: 861, top1_acc: 0.7562, top5_acc: 0.9875, loss_cls: 1.5366, loss: 1.5366, grad_norm: 1.4017
2022-04-26 02:00:51,610 - mmaction - INFO - Epoch [22][50/57]	lr: 7.798e-03, eta: 0:01:11, time: 0.176, data_time: 0.002, memory: 861, top1_acc: 0.8187, top5_acc: 0.9938, loss_cls: 0.7022, loss: 0.7022, grad_norm: 1.2387
2022-04-26 02:00:52,385 - mmaction - INFO - Epoch [22][55/57]	lr: 7.176e-03, eta: 0:01:08, time: 0.155, data_time: 0.000, memory: 861, top1_acc: 0.7625, top5_acc: 0.9938, loss_cls: 1.2658, loss: 1.2658, grad_norm: 1.7859
2022-04-26 02:01:18,709 - mmaction - INFO - Evaluating top_k_accuracy ...
2022-04-26 02:01:18,709 - mmaction - INFO - 
top1_acc	0.9714
top5_acc	1.0000
2022-04-26 02:01:18,710 - mmaction - INFO - Evaluating mean_class_accuracy ...
2022-04-26 02:01:18,710 - mmaction - INFO - 
mean_acc	0.9714
2022-04-26 02:01:18,710 - mmaction - INFO - Epoch(val) [22][5]	top1_acc: 0.9714, top5_acc: 1.0000, mean_class_accuracy: 0.9714
2022-04-26 02:01:44,515 - mmaction - INFO - Epoch [23][5/57]	lr: 6.347e-03, eta: 0:01:06, time: 5.159, data_time: 4.995, memory: 861, top1_acc: 0.7875, top5_acc: 0.9938, loss_cls: 1.4376, loss: 1.4376, grad_norm: 1.5212
2022-04-26 02:01:45,257 - mmaction - INFO - Epoch [23][10/57]	lr: 5.786e-03, eta: 0:01:02, time: 0.149, data_time: 0.023, memory: 861, top1_acc: 0.8187, top5_acc: 0.9812, loss_cls: 1.1179, loss: 1.1179, grad_norm: 1.3001
2022-04-26 02:01:46,017 - mmaction - INFO - Epoch [23][15/57]	lr: 5.251e-03, eta: 0:00:59, time: 0.153, data_time: 0.022, memory: 861, top1_acc: 0.7875, top5_acc: 1.0000, loss_cls: 1.2192, loss: 1.2192, grad_norm: 1.3108
2022-04-26 02:01:46,747 - mmaction - INFO - Epoch [23][20/57]	lr: 4.741e-03, eta: 0:00:56, time: 0.145, data_time: 0.016, memory: 861, top1_acc: 0.8187, top5_acc: 1.0000, loss_cls: 1.1333, loss: 1.1333, grad_norm: 1.2424
2022-04-26 02:01:47,852 - mmaction - INFO - Epoch [23][25/57]	lr: 4.257e-03, eta: 0:00:53, time: 0.222, data_time: 0.006, memory: 861, top1_acc: 0.8250, top5_acc: 0.9938, loss_cls: 1.0836, loss: 1.0836, grad_norm: 1.3987
2022-04-26 02:01:48,691 - mmaction - INFO - Epoch [23][30/57]	lr: 3.798e-03, eta: 0:00:50, time: 0.168, data_time: 0.001, memory: 861, top1_acc: 0.8000, top5_acc: 0.9812, loss_cls: 1.6083, loss: 1.6083, grad_norm: 1.6017
2022-04-26 02:01:49,448 - mmaction - INFO - Epoch [23][35/57]	lr: 3.366e-03, eta: 0:00:47, time: 0.150, data_time: 0.000, memory: 861, top1_acc: 0.7750, top5_acc: 0.9875, loss_cls: 1.2263, loss: 1.2263, grad_norm: 1.5146
2022-04-26 02:01:50,189 - mmaction - INFO - Epoch [23][40/57]	lr: 2.959e-03, eta: 0:00:44, time: 0.149, data_time: 0.002, memory: 861, top1_acc: 0.8438, top5_acc: 0.9938, loss_cls: 1.1241, loss: 1.1241, grad_norm: 1.1954
2022-04-26 02:01:51,116 - mmaction - INFO - Epoch [23][45/57]	lr: 2.579e-03, eta: 0:00:40, time: 0.187, data_time: 0.002, memory: 861, top1_acc: 0.7875, top5_acc: 1.0000, loss_cls: 1.1900, loss: 1.1900, grad_norm: 1.3893
2022-04-26 02:01:52,123 - mmaction - INFO - Epoch [23][50/57]	lr: 2.224e-03, eta: 0:00:37, time: 0.201, data_time: 0.000, memory: 861, top1_acc: 0.7875, top5_acc: 1.0000, loss_cls: 1.0413, loss: 1.0413, grad_norm: 1.3984
2022-04-26 02:01:52,839 - mmaction - INFO - Epoch [23][55/57]	lr: 1.896e-03, eta: 0:00:34, time: 0.144, data_time: 0.001, memory: 861, top1_acc: 0.8187, top5_acc: 0.9938, loss_cls: 1.1734, loss: 1.1734, grad_norm: 1.2989
2022-04-26 02:02:19,603 - mmaction - INFO - Evaluating top_k_accuracy ...
2022-04-26 02:02:19,604 - mmaction - INFO - 
top1_acc	0.9714
top5_acc	1.0000
2022-04-26 02:02:19,604 - mmaction - INFO - Evaluating mean_class_accuracy ...
2022-04-26 02:02:19,604 - mmaction - INFO - 
mean_acc	0.9714
2022-04-26 02:02:19,605 - mmaction - INFO - Epoch(val) [23][5]	top1_acc: 0.9714, top5_acc: 1.0000, mean_class_accuracy: 0.9714
2022-04-26 02:02:45,391 - mmaction - INFO - Epoch [24][5/57]	lr: 1.480e-03, eta: 0:00:31, time: 5.156, data_time: 5.101, memory: 861, top1_acc: 0.8125, top5_acc: 0.9875, loss_cls: 1.1200, loss: 1.1200, grad_norm: 1.3862
2022-04-26 02:02:46,122 - mmaction - INFO - Epoch [24][10/57]	lr: 1.214e-03, eta: 0:00:28, time: 0.146, data_time: 0.097, memory: 861, top1_acc: 0.8562, top5_acc: 0.9875, loss_cls: 1.0566, loss: 1.0566, grad_norm: 1.3615
2022-04-26 02:02:46,836 - mmaction - INFO - Epoch [24][15/57]	lr: 9.743e-04, eta: 0:00:25, time: 0.142, data_time: 0.094, memory: 861, top1_acc: 0.8125, top5_acc: 0.9938, loss_cls: 1.1109, loss: 1.1109, grad_norm: 1.2797
2022-04-26 02:02:47,605 - mmaction - INFO - Epoch [24][20/57]	lr: 7.611e-04, eta: 0:00:22, time: 0.154, data_time: 0.105, memory: 861, top1_acc: 0.7625, top5_acc: 1.0000, loss_cls: 1.5755, loss: 1.5755, grad_norm: 1.3839
2022-04-26 02:02:48,840 - mmaction - INFO - Epoch [24][25/57]	lr: 5.740e-04, eta: 0:00:19, time: 0.247, data_time: 0.198, memory: 861, top1_acc: 0.8125, top5_acc: 0.9812, loss_cls: 1.0327, loss: 1.0327, grad_norm: 1.4638
2022-04-26 02:02:49,516 - mmaction - INFO - Epoch [24][30/57]	lr: 4.133e-04, eta: 0:00:16, time: 0.136, data_time: 0.088, memory: 861, top1_acc: 0.7750, top5_acc: 0.9938, loss_cls: 1.2469, loss: 1.2469, grad_norm: 1.4629
2022-04-26 02:02:50,220 - mmaction - INFO - Epoch [24][35/57]	lr: 2.789e-04, eta: 0:00:13, time: 0.141, data_time: 0.091, memory: 861, top1_acc: 0.8187, top5_acc: 0.9938, loss_cls: 0.9228, loss: 0.9228, grad_norm: 1.2621
2022-04-26 02:02:50,915 - mmaction - INFO - Epoch [24][40/57]	lr: 1.708e-04, eta: 0:00:10, time: 0.139, data_time: 0.089, memory: 861, top1_acc: 0.8125, top5_acc: 0.9875, loss_cls: 1.1722, loss: 1.1722, grad_norm: 1.5054
2022-04-26 02:02:52,105 - mmaction - INFO - Epoch [24][45/57]	lr: 8.912e-05, eta: 0:00:07, time: 0.236, data_time: 0.188, memory: 861, top1_acc: 0.7688, top5_acc: 0.9812, loss_cls: 1.4205, loss: 1.4205, grad_norm: 1.4981
2022-04-26 02:02:52,790 - mmaction - INFO - Epoch [24][50/57]	lr: 3.375e-05, eta: 0:00:04, time: 0.138, data_time: 0.092, memory: 861, top1_acc: 0.7000, top5_acc: 0.9875, loss_cls: 2.0340, loss: 2.0340, grad_norm: 1.7746
2022-04-26 02:02:53,455 - mmaction - INFO - Epoch [24][55/57]	lr: 4.746e-06, eta: 0:00:01, time: 0.134, data_time: 0.089, memory: 861, top1_acc: 0.7937, top5_acc: 1.0000, loss_cls: 1.0702, loss: 1.0702, grad_norm: 1.3837
2022-04-26 02:02:54,097 - mmaction - INFO - Saving checkpoint at 24 epochs
2022-04-26 02:03:19,891 - mmaction - INFO - Evaluating top_k_accuracy ...
2022-04-26 02:03:19,892 - mmaction - INFO - 
top1_acc	0.9786
top5_acc	1.0000
2022-04-26 02:03:19,892 - mmaction - INFO - Evaluating mean_class_accuracy ...
2022-04-26 02:03:19,893 - mmaction - INFO - 
mean_acc	0.9786
2022-04-26 02:03:19,893 - mmaction - INFO - Epoch(val) [24][5]	top1_acc: 0.9786, top5_acc: 1.0000, mean_class_accuracy: 0.9786
