2022-04-24 23:26:00,227 - mmaction - INFO - Environment info:
------------------------------------------------------------
sys.platform: linux
Python: 3.8.12 | packaged by conda-forge | (default, Oct 12 2021, 21:57:06) [GCC 9.4.0]
CUDA available: True
GPU 0,1,2,3: NVIDIA GeForce RTX 3090
CUDA_HOME: /usr/local/cuda
NVCC: Build cuda_11.1.TC455_06.29190527_0
GCC: gcc (Ubuntu 9.4.0-1ubuntu1~20.04.1) 9.4.0
PyTorch: 1.9.1+cu111
PyTorch compiling details: PyTorch built with:
  - GCC 7.3
  - C++ Version: 201402
  - Intel(R) Math Kernel Library Version 2020.0.0 Product Build 20191122 for Intel(R) 64 architecture applications
  - Intel(R) MKL-DNN v2.1.2 (Git Hash 98be7e8afa711dc9b66c8ff3504129cb82013cdb)
  - OpenMP 201511 (a.k.a. OpenMP 4.5)
  - NNPACK is enabled
  - CPU capability usage: AVX2
  - CUDA Runtime 11.1
  - NVCC architecture flags: -gencode;arch=compute_37,code=sm_37;-gencode;arch=compute_50,code=sm_50;-gencode;arch=compute_60,code=sm_60;-gencode;arch=compute_70,code=sm_70;-gencode;arch=compute_75,code=sm_75;-gencode;arch=compute_80,code=sm_80;-gencode;arch=compute_86,code=sm_86
  - CuDNN 8.0.5
  - Magma 2.5.2
  - Build settings: BLAS_INFO=mkl, BUILD_TYPE=Release, CUDA_VERSION=11.1, CUDNN_VERSION=8.0.5, CXX_COMPILER=/opt/rh/devtoolset-7/root/usr/bin/c++, CXX_FLAGS= -Wno-deprecated -fvisibility-inlines-hidden -DUSE_PTHREADPOOL -fopenmp -DNDEBUG -DUSE_KINETO -DUSE_FBGEMM -DUSE_QNNPACK -DUSE_PYTORCH_QNNPACK -DUSE_XNNPACK -DSYMBOLICATE_MOBILE_DEBUG_HANDLE -O2 -fPIC -Wno-narrowing -Wall -Wextra -Werror=return-type -Wno-missing-field-initializers -Wno-type-limits -Wno-array-bounds -Wno-unknown-pragmas -Wno-sign-compare -Wno-unused-parameter -Wno-unused-variable -Wno-unused-function -Wno-unused-result -Wno-unused-local-typedefs -Wno-strict-overflow -Wno-strict-aliasing -Wno-error=deprecated-declarations -Wno-stringop-overflow -Wno-psabi -Wno-error=pedantic -Wno-error=redundant-decls -Wno-error=old-style-cast -fdiagnostics-color=always -faligned-new -Wno-unused-but-set-variable -Wno-maybe-uninitialized -fno-math-errno -fno-trapping-math -Werror=format -Wno-stringop-overflow, LAPACK_INFO=mkl, PERF_WITH_AVX=1, PERF_WITH_AVX2=1, PERF_WITH_AVX512=1, TORCH_VERSION=1.9.1, USE_CUDA=ON, USE_CUDNN=ON, USE_EXCEPTION_PTR=1, USE_GFLAGS=OFF, USE_GLOG=OFF, USE_MKL=ON, USE_MKLDNN=ON, USE_MPI=OFF, USE_NCCL=ON, USE_NNPACK=ON, USE_OPENMP=ON, 

TorchVision: 0.10.1+cu111
OpenCV: 4.5.5
MMCV: 1.4.2
MMCV Compiler: GCC 7.3
MMCV CUDA Compiler: 11.1
MMAction2: 0.20.0+26392eb
------------------------------------------------------------

2022-04-24 23:26:00,227 - mmaction - INFO - Distributed training: True
2022-04-24 23:26:01,849 - mmaction - INFO - Config: model = dict(
    type='Recognizer3D',
    backbone=dict(
        type='ResNet3dSlowOnly',
        depth=50,
        pretrained=None,
        in_channels=5,
        base_channels=32,
        num_stages=3,
        out_indices=(2, ),
        stage_blocks=(4, 6, 3),
        conv1_stride_s=1,
        pool1_stride_s=1,
        inflate=(0, 1, 1),
        spatial_strides=(2, 2, 2),
        temporal_strides=(1, 1, 2),
        dilations=(1, 1, 1),
        frozen_stages=3),
    cls_head=dict(
        type='I3DHead',
        in_channels=512,
        num_classes=10,
        spatial_type='avg',
        dropout_ratio=0.5),
    train_cfg=dict(),
    test_cfg=dict(average_clips='prob'))
dataset_type = 'PoseDataset'
ann_file_train = 'data/ds_taichi/TEST9AUG2/NSNR/train_data.pkl'
ann_file_val = 'data/ds_taichi/TEST9AUG2/NSNR/test_data.pkl'
left = [
    5, 6, 7, 8, 44, 45, 46, 47, 48, 49, 50, 51, 52, 53, 54, 55, 56, 57, 58, 59,
    60, 61, 62, 63, 64, 65, 66, 67, 68, 69, 70, 71
]
right = [
    1, 2, 3, 4, 16, 17, 18, 19, 20, 21, 22, 23, 24, 25, 26, 27, 28, 29, 30, 31,
    32, 33, 34, 35, 36, 37, 38, 39, 40, 41, 42, 43
]
train_pipeline = [
    dict(type='UniformSampleFrames', clip_len=48),
    dict(type='PoseDecode'),
    dict(type='PoseCompact', hw_ratio=1.0, allow_imgpad=True),
    dict(type='Resize', scale=(-1, 64)),
    dict(type='RandomResizedCrop', area_range=(0.56, 1.0)),
    dict(type='Resize', scale=(56, 56), keep_ratio=False),
    dict(
        type='Flip',
        flip_ratio=0.5,
        left_kp=[
            5, 6, 7, 8, 44, 45, 46, 47, 48, 49, 50, 51, 52, 53, 54, 55, 56, 57,
            58, 59, 60, 61, 62, 63, 64, 65, 66, 67, 68, 69, 70, 71
        ],
        right_kp=[
            1, 2, 3, 4, 16, 17, 18, 19, 20, 21, 22, 23, 24, 25, 26, 27, 28, 29,
            30, 31, 32, 33, 34, 35, 36, 37, 38, 39, 40, 41, 42, 43
        ]),
    dict(
        type='GenerateTaiChiPoseTarget',
        sigma=0.6,
        use_score=True,
        with_kp=True,
        with_limb=False),
    dict(type='FormatShape', input_format='NCTHW'),
    dict(type='Collect', keys=['imgs', 'label'], meta_keys=[]),
    dict(type='ToTensor', keys=['imgs', 'label'])
]
val_pipeline = [
    dict(type='UniformSampleFrames', clip_len=48, num_clips=1, test_mode=True),
    dict(type='PoseDecode'),
    dict(type='PoseCompact', hw_ratio=1.0, allow_imgpad=True),
    dict(type='Resize', scale=(-1, 64)),
    dict(type='CenterCrop', crop_size=64),
    dict(
        type='GenerateTaiChiPoseTarget',
        sigma=0.6,
        use_score=True,
        with_kp=True,
        with_limb=False),
    dict(type='FormatShape', input_format='NCTHW'),
    dict(type='Collect', keys=['imgs', 'label'], meta_keys=[]),
    dict(type='ToTensor', keys=['imgs'])
]
test_pipeline = [
    dict(
        type='UniformSampleFrames', clip_len=48, num_clips=10, test_mode=True),
    dict(type='PoseDecode'),
    dict(type='PoseCompact', hw_ratio=1.0, allow_imgpad=True),
    dict(type='Resize', scale=(-1, 64)),
    dict(type='CenterCrop', crop_size=64),
    dict(
        type='GenerateTaiChiPoseTarget',
        sigma=0.6,
        use_score=True,
        with_kp=True,
        with_limb=False,
        double=True,
        left_kp=[
            5, 6, 7, 8, 44, 45, 46, 47, 48, 49, 50, 51, 52, 53, 54, 55, 56, 57,
            58, 59, 60, 61, 62, 63, 64, 65, 66, 67, 68, 69, 70, 71
        ],
        right_kp=[
            1, 2, 3, 4, 16, 17, 18, 19, 20, 21, 22, 23, 24, 25, 26, 27, 28, 29,
            30, 31, 32, 33, 34, 35, 36, 37, 38, 39, 40, 41, 42, 43
        ]),
    dict(type='FormatShape', input_format='NCTHW'),
    dict(type='Collect', keys=['imgs', 'label'], meta_keys=[]),
    dict(type='ToTensor', keys=['imgs'])
]
data = dict(
    videos_per_gpu=8,
    workers_per_gpu=4,
    test_dataloader=dict(videos_per_gpu=4),
    train=dict(
        type='RepeatDataset',
        times=20,
        dataset=dict(
            type='PoseDataset',
            ann_file='data/ds_taichi/TEST9AUG2/NSNR/train_data.pkl',
            data_prefix='',
            pipeline=[
                dict(type='UniformSampleFrames', clip_len=48),
                dict(type='PoseDecode'),
                dict(type='PoseCompact', hw_ratio=1.0, allow_imgpad=True),
                dict(type='Resize', scale=(-1, 64)),
                dict(type='RandomResizedCrop', area_range=(0.56, 1.0)),
                dict(type='Resize', scale=(56, 56), keep_ratio=False),
                dict(
                    type='Flip',
                    flip_ratio=0.5,
                    left_kp=[
                        5, 6, 7, 8, 44, 45, 46, 47, 48, 49, 50, 51, 52, 53, 54,
                        55, 56, 57, 58, 59, 60, 61, 62, 63, 64, 65, 66, 67, 68,
                        69, 70, 71
                    ],
                    right_kp=[
                        1, 2, 3, 4, 16, 17, 18, 19, 20, 21, 22, 23, 24, 25, 26,
                        27, 28, 29, 30, 31, 32, 33, 34, 35, 36, 37, 38, 39, 40,
                        41, 42, 43
                    ]),
                dict(
                    type='GenerateTaiChiPoseTarget',
                    sigma=0.6,
                    use_score=True,
                    with_kp=True,
                    with_limb=False),
                dict(type='FormatShape', input_format='NCTHW'),
                dict(type='Collect', keys=['imgs', 'label'], meta_keys=[]),
                dict(type='ToTensor', keys=['imgs', 'label'])
            ])),
    val=dict(
        type='PoseDataset',
        ann_file='data/ds_taichi/TEST9AUG2/NSNR/test_data.pkl',
        data_prefix='',
        pipeline=[
            dict(
                type='UniformSampleFrames',
                clip_len=48,
                num_clips=1,
                test_mode=True),
            dict(type='PoseDecode'),
            dict(type='PoseCompact', hw_ratio=1.0, allow_imgpad=True),
            dict(type='Resize', scale=(-1, 64)),
            dict(type='CenterCrop', crop_size=64),
            dict(
                type='GenerateTaiChiPoseTarget',
                sigma=0.6,
                use_score=True,
                with_kp=True,
                with_limb=False),
            dict(type='FormatShape', input_format='NCTHW'),
            dict(type='Collect', keys=['imgs', 'label'], meta_keys=[]),
            dict(type='ToTensor', keys=['imgs'])
        ]),
    test=dict(
        type='PoseDataset',
        ann_file='data/ds_taichi/TEST9AUG2/NSNR/test_data.pkl',
        data_prefix='',
        pipeline=[
            dict(
                type='UniformSampleFrames',
                clip_len=48,
                num_clips=10,
                test_mode=True),
            dict(type='PoseDecode'),
            dict(type='PoseCompact', hw_ratio=1.0, allow_imgpad=True),
            dict(type='Resize', scale=(-1, 64)),
            dict(type='CenterCrop', crop_size=64),
            dict(
                type='GenerateTaiChiPoseTarget',
                sigma=0.6,
                use_score=True,
                with_kp=True,
                with_limb=False,
                double=True,
                left_kp=[
                    5, 6, 7, 8, 44, 45, 46, 47, 48, 49, 50, 51, 52, 53, 54, 55,
                    56, 57, 58, 59, 60, 61, 62, 63, 64, 65, 66, 67, 68, 69, 70,
                    71
                ],
                right_kp=[
                    1, 2, 3, 4, 16, 17, 18, 19, 20, 21, 22, 23, 24, 25, 26, 27,
                    28, 29, 30, 31, 32, 33, 34, 35, 36, 37, 38, 39, 40, 41, 42,
                    43
                ]),
            dict(type='FormatShape', input_format='NCTHW'),
            dict(type='Collect', keys=['imgs', 'label'], meta_keys=[]),
            dict(type='ToTensor', keys=['imgs'])
        ]))
optimizer = dict(type='SGD', lr=1, momentum=0.9, weight_decay=0.0003)
optimizer_config = dict(grad_clip=dict(max_norm=40, norm_type=2))
lr_config = dict(policy='CosineAnnealing', by_epoch=False, min_lr=0)
total_epochs = 48
checkpoint_config = dict(interval=1)
workflow = [('train', 1)]
evaluation = dict(
    interval=1, metrics=['top_k_accuracy', 'mean_class_accuracy'], topk=(1, 5))
log_config = dict(interval=5, hooks=[dict(type='TextLoggerHook')])
output_config = dict(
    out='./model_pth/exp3/NSNR-linear5-T9A2/test_result/results.pkl')
eval_config = dict(
    metric_out='./model_pth/exp3/NSNR-linear5-T9A2/test_result',
    eval=[
        'top_k_accuracy', 'mean_class_accuracy', 'confusion_matrix',
        't_sne_vis'
    ])
dist_params = dict(backend='nccl')
log_level = 'INFO'
work_dir = './model_pth/exp3/NSNR-linear5-T9A2'
load_from = './model_pth/5part_ntu60_xsub_kp_0331/epoch_24.pth'
resume_from = None
find_unused_parameters = True
gpu_ids = range(0, 4)
omnisource = False
module_hooks = []

2022-04-24 23:26:01,850 - mmaction - INFO - Set random seed to 42, deterministic: True
2022-04-24 23:26:01,907 - mmaction - INFO - 40 videos remain after valid thresholding
2022-04-24 23:26:07,658 - mmaction - INFO - 180 videos remain after valid thresholding
2022-04-24 23:26:07,659 - mmaction - INFO - load checkpoint from local path: ./model_pth/5part_ntu60_xsub_kp_0331/epoch_24.pth
2022-04-24 23:26:07,680 - mmaction - WARNING - The model and loaded state dict do not match exactly

size mismatch for cls_head.fc_cls.weight: copying a param with shape torch.Size([60, 512]) from checkpoint, the shape in current model is torch.Size([10, 512]).
size mismatch for cls_head.fc_cls.bias: copying a param with shape torch.Size([60]) from checkpoint, the shape in current model is torch.Size([10]).
2022-04-24 23:26:07,681 - mmaction - INFO - Start running, host: yl@83090-jin, work_dir: /home/yl/myposec3d/model_pth/exp3/NSNR-linear5-T9A2
2022-04-24 23:26:07,681 - mmaction - INFO - Hooks will be executed in the following order:
before_run:
(VERY_HIGH   ) CosineAnnealingLrUpdaterHook       
(NORMAL      ) CheckpointHook                     
(NORMAL      ) DistEvalHook                       
(VERY_LOW    ) TextLoggerHook                     
 -------------------- 
before_train_epoch:
(VERY_HIGH   ) CosineAnnealingLrUpdaterHook       
(NORMAL      ) DistSamplerSeedHook                
(NORMAL      ) DistEvalHook                       
(LOW         ) IterTimerHook                      
(VERY_LOW    ) TextLoggerHook                     
 -------------------- 
before_train_iter:
(VERY_HIGH   ) CosineAnnealingLrUpdaterHook       
(NORMAL      ) DistEvalHook                       
(LOW         ) IterTimerHook                      
 -------------------- 
after_train_iter:
(ABOVE_NORMAL) OptimizerHook                      
(NORMAL      ) CheckpointHook                     
(NORMAL      ) DistEvalHook                       
(LOW         ) IterTimerHook                      
(VERY_LOW    ) TextLoggerHook                     
 -------------------- 
after_train_epoch:
(NORMAL      ) CheckpointHook                     
(NORMAL      ) DistEvalHook                       
(VERY_LOW    ) TextLoggerHook                     
 -------------------- 
before_val_epoch:
(NORMAL      ) DistSamplerSeedHook                
(LOW         ) IterTimerHook                      
(VERY_LOW    ) TextLoggerHook                     
 -------------------- 
before_val_iter:
(LOW         ) IterTimerHook                      
 -------------------- 
after_val_iter:
(LOW         ) IterTimerHook                      
 -------------------- 
after_val_epoch:
(VERY_LOW    ) TextLoggerHook                     
 -------------------- 
after_run:
(VERY_LOW    ) TextLoggerHook                     
 -------------------- 
2022-04-24 23:26:07,681 - mmaction - INFO - workflow: [('train', 1)], max: 48 epochs
2022-04-24 23:26:07,681 - mmaction - INFO - Checkpoints will be saved to /home/yl/myposec3d/model_pth/exp3/NSNR-linear5-T9A2 by HardDiskBackend.
2022-04-24 23:26:34,811 - mmaction - INFO - Epoch [1][5/25]	lr: 1.000e+00, eta: 1:48:01, time: 5.424, data_time: 5.216, memory: 665, top1_acc: 0.1375, top5_acc: 0.5062, loss_cls: 13.5766, loss: 13.5766, grad_norm: 6.5770
2022-04-24 23:26:35,502 - mmaction - INFO - Epoch [1][10/25]	lr: 9.999e-01, eta: 0:55:10, time: 0.139, data_time: 0.016, memory: 665, top1_acc: 0.1562, top5_acc: 0.5000, loss_cls: 88.1115, loss: 88.1115, grad_norm: 7.8855
2022-04-24 23:26:36,190 - mmaction - INFO - Epoch [1][15/25]	lr: 9.997e-01, eta: 0:37:31, time: 0.138, data_time: 0.013, memory: 665, top1_acc: 0.1313, top5_acc: 0.5500, loss_cls: 76.8833, loss: 76.8833, grad_norm: 7.4060
2022-04-24 23:26:36,880 - mmaction - INFO - Epoch [1][20/25]	lr: 9.994e-01, eta: 0:28:42, time: 0.138, data_time: 0.007, memory: 665, top1_acc: 0.2062, top5_acc: 0.6750, loss_cls: 57.8127, loss: 57.8127, grad_norm: 6.8303
2022-04-24 23:26:38,016 - mmaction - INFO - Epoch [1][25/25]	lr: 9.990e-01, eta: 0:23:45, time: 0.227, data_time: 0.007, memory: 665, top1_acc: 0.3438, top5_acc: 0.8000, loss_cls: 30.8447, loss: 30.8447, grad_norm: 4.5222
2022-04-24 23:26:38,547 - mmaction - INFO - Saving checkpoint at 1 epochs
2022-04-24 23:27:04,939 - mmaction - INFO - Evaluating top_k_accuracy ...
2022-04-24 23:27:04,939 - mmaction - INFO - 
top1_acc	0.3444
top5_acc	0.7222
2022-04-24 23:27:04,939 - mmaction - INFO - Evaluating mean_class_accuracy ...
2022-04-24 23:27:04,939 - mmaction - INFO - 
mean_acc	0.3444
2022-04-24 23:27:04,964 - mmaction - INFO - Now best checkpoint is saved as best_top1_acc_epoch_1.pth.
2022-04-24 23:27:04,964 - mmaction - INFO - Best top1_acc is 0.3444 at 1 epoch.
2022-04-24 23:27:04,964 - mmaction - INFO - Epoch(val) [1][6]	top1_acc: 0.3444, top5_acc: 0.7222, mean_class_accuracy: 0.3444
2022-04-24 23:27:30,378 - mmaction - INFO - Epoch [2][5/25]	lr: 9.986e-01, eta: 0:36:14, time: 5.082, data_time: 4.785, memory: 861, top1_acc: 0.3375, top5_acc: 0.7438, loss_cls: 38.0984, loss: 38.0984, grad_norm: 4.7729
2022-04-24 23:27:31,094 - mmaction - INFO - Epoch [2][10/25]	lr: 9.980e-01, eta: 0:31:19, time: 0.143, data_time: 0.001, memory: 861, top1_acc: 0.3750, top5_acc: 0.8750, loss_cls: 22.9095, loss: 22.9095, grad_norm: 4.2925
2022-04-24 23:27:31,731 - mmaction - INFO - Epoch [2][15/25]	lr: 9.974e-01, eta: 0:27:35, time: 0.127, data_time: 0.000, memory: 861, top1_acc: 0.4750, top5_acc: 0.9062, loss_cls: 18.6338, loss: 18.6338, grad_norm: 3.2695
2022-04-24 23:27:32,446 - mmaction - INFO - Epoch [2][20/25]	lr: 9.967e-01, eta: 0:24:43, time: 0.143, data_time: 0.001, memory: 861, top1_acc: 0.5437, top5_acc: 0.9125, loss_cls: 17.8180, loss: 17.8180, grad_norm: 3.1716
2022-04-24 23:27:33,500 - mmaction - INFO - Epoch [2][25/25]	lr: 9.959e-01, eta: 0:22:33, time: 0.211, data_time: 0.000, memory: 861, top1_acc: 0.5875, top5_acc: 0.9437, loss_cls: 14.3112, loss: 14.3112, grad_norm: 2.4901
2022-04-24 23:27:33,900 - mmaction - INFO - Saving checkpoint at 2 epochs
2022-04-24 23:28:02,441 - mmaction - INFO - Evaluating top_k_accuracy ...
2022-04-24 23:28:02,441 - mmaction - INFO - 
top1_acc	0.5000
top5_acc	0.8444
2022-04-24 23:28:02,441 - mmaction - INFO - Evaluating mean_class_accuracy ...
2022-04-24 23:28:02,442 - mmaction - INFO - 
mean_acc	0.5000
2022-04-24 23:28:02,444 - mmaction - INFO - The previous best checkpoint /home/yl/myposec3d/model_pth/exp3/NSNR-linear5-T9A2/best_top1_acc_epoch_1.pth was removed
2022-04-24 23:28:02,479 - mmaction - INFO - Now best checkpoint is saved as best_top1_acc_epoch_2.pth.
2022-04-24 23:28:02,479 - mmaction - INFO - Best top1_acc is 0.5000 at 2 epoch.
2022-04-24 23:28:02,479 - mmaction - INFO - Epoch(val) [2][6]	top1_acc: 0.5000, top5_acc: 0.8444, mean_class_accuracy: 0.5000
2022-04-24 23:28:27,855 - mmaction - INFO - Epoch [3][5/25]	lr: 9.950e-01, eta: 0:29:13, time: 5.074, data_time: 5.004, memory: 861, top1_acc: 0.4437, top5_acc: 0.9000, loss_cls: 25.5391, loss: 25.5391, grad_norm: 3.9161
2022-04-24 23:28:28,555 - mmaction - INFO - Epoch [3][10/25]	lr: 9.940e-01, eta: 0:26:53, time: 0.139, data_time: 0.087, memory: 861, top1_acc: 0.5312, top5_acc: 0.8625, loss_cls: 23.2034, loss: 23.2034, grad_norm: 3.2079
2022-04-24 23:28:29,244 - mmaction - INFO - Epoch [3][15/25]	lr: 9.930e-01, eta: 0:24:55, time: 0.139, data_time: 0.085, memory: 861, top1_acc: 0.5250, top5_acc: 0.8938, loss_cls: 20.4730, loss: 20.4730, grad_norm: 3.3574
2022-04-24 23:28:29,920 - mmaction - INFO - Epoch [3][20/25]	lr: 9.919e-01, eta: 0:23:13, time: 0.136, data_time: 0.088, memory: 861, top1_acc: 0.5188, top5_acc: 0.9437, loss_cls: 15.7505, loss: 15.7505, grad_norm: 3.0672
2022-04-24 23:28:31,077 - mmaction - INFO - Epoch [3][25/25]	lr: 9.906e-01, eta: 0:21:51, time: 0.231, data_time: 0.186, memory: 861, top1_acc: 0.6188, top5_acc: 0.9375, loss_cls: 14.6295, loss: 14.6295, grad_norm: 2.3767
2022-04-24 23:28:31,644 - mmaction - INFO - Saving checkpoint at 3 epochs
2022-04-24 23:28:58,466 - mmaction - INFO - Evaluating top_k_accuracy ...
2022-04-24 23:28:58,467 - mmaction - INFO - 
top1_acc	0.6444
top5_acc	0.8500
2022-04-24 23:28:58,467 - mmaction - INFO - Evaluating mean_class_accuracy ...
2022-04-24 23:28:58,468 - mmaction - INFO - 
mean_acc	0.6444
2022-04-24 23:28:58,470 - mmaction - INFO - The previous best checkpoint /home/yl/myposec3d/model_pth/exp3/NSNR-linear5-T9A2/best_top1_acc_epoch_2.pth was removed
2022-04-24 23:28:58,499 - mmaction - INFO - Now best checkpoint is saved as best_top1_acc_epoch_3.pth.
2022-04-24 23:28:58,499 - mmaction - INFO - Best top1_acc is 0.6444 at 3 epoch.
2022-04-24 23:28:58,500 - mmaction - INFO - Epoch(val) [3][6]	top1_acc: 0.6444, top5_acc: 0.8500, mean_class_accuracy: 0.6444
2022-04-24 23:29:24,762 - mmaction - INFO - Epoch [4][5/25]	lr: 9.893e-01, eta: 0:26:31, time: 5.251, data_time: 5.188, memory: 861, top1_acc: 0.6438, top5_acc: 0.9125, loss_cls: 16.0079, loss: 16.0079, grad_norm: 2.6581
2022-04-24 23:29:25,478 - mmaction - INFO - Epoch [4][10/25]	lr: 9.880e-01, eta: 0:25:01, time: 0.144, data_time: 0.095, memory: 861, top1_acc: 0.5312, top5_acc: 0.9187, loss_cls: 19.1589, loss: 19.1589, grad_norm: 2.9212
2022-04-24 23:29:26,156 - mmaction - INFO - Epoch [4][15/25]	lr: 9.865e-01, eta: 0:23:39, time: 0.136, data_time: 0.087, memory: 861, top1_acc: 0.6062, top5_acc: 0.9688, loss_cls: 13.3596, loss: 13.3596, grad_norm: 2.7804
2022-04-24 23:29:26,854 - mmaction - INFO - Epoch [4][20/25]	lr: 9.849e-01, eta: 0:22:27, time: 0.140, data_time: 0.094, memory: 861, top1_acc: 0.5000, top5_acc: 0.9437, loss_cls: 15.4634, loss: 15.4634, grad_norm: 3.4580
2022-04-24 23:29:27,871 - mmaction - INFO - Epoch [4][25/25]	lr: 9.833e-01, eta: 0:21:25, time: 0.203, data_time: 0.156, memory: 861, top1_acc: 0.5312, top5_acc: 0.9437, loss_cls: 18.0364, loss: 18.0364, grad_norm: 3.1817
2022-04-24 23:29:28,426 - mmaction - INFO - Saving checkpoint at 4 epochs
2022-04-24 23:29:55,174 - mmaction - INFO - Evaluating top_k_accuracy ...
2022-04-24 23:29:55,175 - mmaction - INFO - 
top1_acc	0.5889
top5_acc	0.9667
2022-04-24 23:29:55,175 - mmaction - INFO - Evaluating mean_class_accuracy ...
2022-04-24 23:29:55,175 - mmaction - INFO - 
mean_acc	0.5889
2022-04-24 23:29:55,175 - mmaction - INFO - Epoch(val) [4][6]	top1_acc: 0.5889, top5_acc: 0.9667, mean_class_accuracy: 0.5889
2022-04-24 23:30:20,793 - mmaction - INFO - Epoch [5][5/25]	lr: 9.816e-01, eta: 0:24:45, time: 5.123, data_time: 5.065, memory: 861, top1_acc: 0.6250, top5_acc: 0.9500, loss_cls: 14.0343, loss: 14.0343, grad_norm: 2.5310
2022-04-24 23:30:21,486 - mmaction - INFO - Epoch [5][10/25]	lr: 9.798e-01, eta: 0:23:38, time: 0.138, data_time: 0.090, memory: 861, top1_acc: 0.7188, top5_acc: 0.9750, loss_cls: 9.1496, loss: 9.1496, grad_norm: 2.1362
2022-04-24 23:30:22,167 - mmaction - INFO - Epoch [5][15/25]	lr: 9.779e-01, eta: 0:22:36, time: 0.137, data_time: 0.090, memory: 861, top1_acc: 0.6500, top5_acc: 0.9750, loss_cls: 11.6661, loss: 11.6661, grad_norm: 2.4406
2022-04-24 23:30:22,854 - mmaction - INFO - Epoch [5][20/25]	lr: 9.759e-01, eta: 0:21:40, time: 0.137, data_time: 0.090, memory: 861, top1_acc: 0.6000, top5_acc: 0.9437, loss_cls: 14.9342, loss: 14.9342, grad_norm: 2.7931
2022-04-24 23:30:23,973 - mmaction - INFO - Epoch [5][25/25]	lr: 9.739e-01, eta: 0:20:52, time: 0.224, data_time: 0.178, memory: 861, top1_acc: 0.6000, top5_acc: 0.9313, loss_cls: 14.5641, loss: 14.5641, grad_norm: 2.7118
2022-04-24 23:30:24,419 - mmaction - INFO - Saving checkpoint at 5 epochs
2022-04-24 23:30:52,333 - mmaction - INFO - Evaluating top_k_accuracy ...
2022-04-24 23:30:52,334 - mmaction - INFO - 
top1_acc	0.5833
top5_acc	0.9333
2022-04-24 23:30:52,334 - mmaction - INFO - Evaluating mean_class_accuracy ...
2022-04-24 23:30:52,334 - mmaction - INFO - 
mean_acc	0.5833
2022-04-24 23:30:52,335 - mmaction - INFO - Epoch(val) [5][6]	top1_acc: 0.5833, top5_acc: 0.9333, mean_class_accuracy: 0.5833
2022-04-24 23:31:18,062 - mmaction - INFO - Epoch [6][5/25]	lr: 9.718e-01, eta: 0:23:30, time: 5.144, data_time: 5.088, memory: 861, top1_acc: 0.6813, top5_acc: 0.9563, loss_cls: 10.3937, loss: 10.3937, grad_norm: 2.6253
2022-04-24 23:31:18,733 - mmaction - INFO - Epoch [6][10/25]	lr: 9.695e-01, eta: 0:22:37, time: 0.136, data_time: 0.088, memory: 861, top1_acc: 0.7000, top5_acc: 0.9938, loss_cls: 7.4692, loss: 7.4692, grad_norm: 2.1414
2022-04-24 23:31:19,412 - mmaction - INFO - Epoch [6][15/25]	lr: 9.673e-01, eta: 0:21:47, time: 0.136, data_time: 0.087, memory: 861, top1_acc: 0.6875, top5_acc: 0.9875, loss_cls: 8.1577, loss: 8.1577, grad_norm: 2.1828
2022-04-24 23:31:20,093 - mmaction - INFO - Epoch [6][20/25]	lr: 9.649e-01, eta: 0:21:01, time: 0.136, data_time: 0.090, memory: 861, top1_acc: 0.6312, top5_acc: 0.9875, loss_cls: 9.1666, loss: 9.1666, grad_norm: 2.4525
2022-04-24 23:31:21,215 - mmaction - INFO - Epoch [6][25/25]	lr: 9.624e-01, eta: 0:20:21, time: 0.224, data_time: 0.179, memory: 861, top1_acc: 0.5625, top5_acc: 0.9437, loss_cls: 14.8905, loss: 14.8905, grad_norm: 3.2582
2022-04-24 23:31:21,674 - mmaction - INFO - Saving checkpoint at 6 epochs
2022-04-24 23:31:48,382 - mmaction - INFO - Evaluating top_k_accuracy ...
2022-04-24 23:31:48,383 - mmaction - INFO - 
top1_acc	0.6167
top5_acc	0.9000
2022-04-24 23:31:48,383 - mmaction - INFO - Evaluating mean_class_accuracy ...
2022-04-24 23:31:48,383 - mmaction - INFO - 
mean_acc	0.6167
2022-04-24 23:31:48,383 - mmaction - INFO - Epoch(val) [6][6]	top1_acc: 0.6167, top5_acc: 0.9000, mean_class_accuracy: 0.6167
2022-04-24 23:32:14,385 - mmaction - INFO - Epoch [7][5/25]	lr: 9.599e-01, eta: 0:22:31, time: 5.199, data_time: 5.149, memory: 861, top1_acc: 0.6687, top5_acc: 0.9375, loss_cls: 12.4637, loss: 12.4637, grad_norm: 2.5913
2022-04-24 23:32:15,100 - mmaction - INFO - Epoch [7][10/25]	lr: 9.573e-01, eta: 0:21:47, time: 0.144, data_time: 0.097, memory: 861, top1_acc: 0.6250, top5_acc: 0.9563, loss_cls: 12.3847, loss: 12.3847, grad_norm: 2.9421
2022-04-24 23:32:16,037 - mmaction - INFO - Epoch [7][15/25]	lr: 9.546e-01, eta: 0:21:07, time: 0.187, data_time: 0.135, memory: 861, top1_acc: 0.5938, top5_acc: 0.9750, loss_cls: 13.7696, loss: 13.7696, grad_norm: 3.0934
2022-04-24 23:32:16,936 - mmaction - INFO - Epoch [7][20/25]	lr: 9.519e-01, eta: 0:20:30, time: 0.181, data_time: 0.129, memory: 861, top1_acc: 0.6000, top5_acc: 0.8875, loss_cls: 19.6405, loss: 19.6405, grad_norm: 2.9349
2022-04-24 23:32:18,086 - mmaction - INFO - Epoch [7][25/25]	lr: 9.490e-01, eta: 0:19:56, time: 0.230, data_time: 0.185, memory: 861, top1_acc: 0.6125, top5_acc: 0.9812, loss_cls: 9.4979, loss: 9.4979, grad_norm: 2.8814
2022-04-24 23:32:18,576 - mmaction - INFO - Saving checkpoint at 7 epochs
2022-04-24 23:32:46,853 - mmaction - INFO - Evaluating top_k_accuracy ...
2022-04-24 23:32:46,853 - mmaction - INFO - 
top1_acc	0.6389
top5_acc	0.9611
2022-04-24 23:32:46,853 - mmaction - INFO - Evaluating mean_class_accuracy ...
2022-04-24 23:32:46,854 - mmaction - INFO - 
mean_acc	0.6389
2022-04-24 23:32:46,854 - mmaction - INFO - Epoch(val) [7][6]	top1_acc: 0.6389, top5_acc: 0.9611, mean_class_accuracy: 0.6389
2022-04-24 23:33:12,361 - mmaction - INFO - Epoch [8][5/25]	lr: 9.461e-01, eta: 0:21:41, time: 5.101, data_time: 4.948, memory: 861, top1_acc: 0.7375, top5_acc: 0.9812, loss_cls: 7.1868, loss: 7.1868, grad_norm: 1.8298
2022-04-24 23:33:13,043 - mmaction - INFO - Epoch [8][10/25]	lr: 9.431e-01, eta: 0:21:03, time: 0.135, data_time: 0.039, memory: 861, top1_acc: 0.7250, top5_acc: 0.9750, loss_cls: 7.5164, loss: 7.5164, grad_norm: 2.1520
2022-04-24 23:33:13,708 - mmaction - INFO - Epoch [8][15/25]	lr: 9.400e-01, eta: 0:20:28, time: 0.133, data_time: 0.041, memory: 861, top1_acc: 0.5938, top5_acc: 0.9812, loss_cls: 10.3971, loss: 10.3971, grad_norm: 2.6939
2022-04-24 23:33:14,382 - mmaction - INFO - Epoch [8][20/25]	lr: 9.369e-01, eta: 0:19:54, time: 0.135, data_time: 0.046, memory: 861, top1_acc: 0.6438, top5_acc: 0.9688, loss_cls: 10.4724, loss: 10.4724, grad_norm: 2.5499
2022-04-24 23:33:15,478 - mmaction - INFO - Epoch [8][25/25]	lr: 9.337e-01, eta: 0:19:24, time: 0.220, data_time: 0.089, memory: 861, top1_acc: 0.7125, top5_acc: 0.9938, loss_cls: 7.1339, loss: 7.1339, grad_norm: 2.2571
2022-04-24 23:33:15,905 - mmaction - INFO - Saving checkpoint at 8 epochs
2022-04-24 23:33:42,598 - mmaction - INFO - Evaluating top_k_accuracy ...
2022-04-24 23:33:42,598 - mmaction - INFO - 
top1_acc	0.6833
top5_acc	0.9333
2022-04-24 23:33:42,598 - mmaction - INFO - Evaluating mean_class_accuracy ...
2022-04-24 23:33:42,599 - mmaction - INFO - 
mean_acc	0.6833
2022-04-24 23:33:42,601 - mmaction - INFO - The previous best checkpoint /home/yl/myposec3d/model_pth/exp3/NSNR-linear5-T9A2/best_top1_acc_epoch_3.pth was removed
2022-04-24 23:33:42,628 - mmaction - INFO - Now best checkpoint is saved as best_top1_acc_epoch_8.pth.
2022-04-24 23:33:42,628 - mmaction - INFO - Best top1_acc is 0.6833 at 8 epoch.
2022-04-24 23:33:42,628 - mmaction - INFO - Epoch(val) [8][6]	top1_acc: 0.6833, top5_acc: 0.9333, mean_class_accuracy: 0.6833
2022-04-24 23:34:09,483 - mmaction - INFO - Epoch [9][5/25]	lr: 9.304e-01, eta: 0:21:00, time: 5.370, data_time: 5.317, memory: 861, top1_acc: 0.6750, top5_acc: 0.9750, loss_cls: 8.3096, loss: 8.3096, grad_norm: 2.3322
2022-04-24 23:34:10,223 - mmaction - INFO - Epoch [9][10/25]	lr: 9.270e-01, eta: 0:20:27, time: 0.149, data_time: 0.097, memory: 861, top1_acc: 0.6625, top5_acc: 0.9750, loss_cls: 9.0118, loss: 9.0118, grad_norm: 2.2435
2022-04-24 23:34:10,989 - mmaction - INFO - Epoch [9][15/25]	lr: 9.236e-01, eta: 0:19:56, time: 0.153, data_time: 0.104, memory: 861, top1_acc: 0.6625, top5_acc: 0.9875, loss_cls: 11.1353, loss: 11.1353, grad_norm: 2.5560
2022-04-24 23:34:11,761 - mmaction - INFO - Epoch [9][20/25]	lr: 9.200e-01, eta: 0:19:26, time: 0.154, data_time: 0.107, memory: 861, top1_acc: 0.6813, top5_acc: 0.9750, loss_cls: 6.8687, loss: 6.8687, grad_norm: 2.0903
2022-04-24 23:34:12,884 - mmaction - INFO - Epoch [9][25/25]	lr: 9.165e-01, eta: 0:18:59, time: 0.226, data_time: 0.180, memory: 861, top1_acc: 0.6687, top5_acc: 0.9563, loss_cls: 11.6089, loss: 11.6089, grad_norm: 2.5489
2022-04-24 23:34:13,328 - mmaction - INFO - Saving checkpoint at 9 epochs
2022-04-24 23:34:40,211 - mmaction - INFO - Evaluating top_k_accuracy ...
2022-04-24 23:34:40,211 - mmaction - INFO - 
top1_acc	0.6944
top5_acc	0.9778
2022-04-24 23:34:40,211 - mmaction - INFO - Evaluating mean_class_accuracy ...
2022-04-24 23:34:40,212 - mmaction - INFO - 
mean_acc	0.6944
2022-04-24 23:34:40,213 - mmaction - INFO - The previous best checkpoint /home/yl/myposec3d/model_pth/exp3/NSNR-linear5-T9A2/best_top1_acc_epoch_8.pth was removed
2022-04-24 23:34:40,239 - mmaction - INFO - Now best checkpoint is saved as best_top1_acc_epoch_9.pth.
2022-04-24 23:34:40,240 - mmaction - INFO - Best top1_acc is 0.6944 at 9 epoch.
2022-04-24 23:34:40,240 - mmaction - INFO - Epoch(val) [9][6]	top1_acc: 0.6944, top5_acc: 0.9778, mean_class_accuracy: 0.6944
2022-04-24 23:35:05,671 - mmaction - INFO - Epoch [10][5/25]	lr: 9.128e-01, eta: 0:20:16, time: 5.084, data_time: 5.033, memory: 861, top1_acc: 0.7250, top5_acc: 0.9688, loss_cls: 6.7664, loss: 6.7664, grad_norm: 2.0167
2022-04-24 23:35:06,369 - mmaction - INFO - Epoch [10][10/25]	lr: 9.091e-01, eta: 0:19:47, time: 0.141, data_time: 0.096, memory: 861, top1_acc: 0.7125, top5_acc: 0.9688, loss_cls: 8.0884, loss: 8.0884, grad_norm: 2.2358
2022-04-24 23:35:07,073 - mmaction - INFO - Epoch [10][15/25]	lr: 9.053e-01, eta: 0:19:19, time: 0.141, data_time: 0.095, memory: 861, top1_acc: 0.6250, top5_acc: 0.9875, loss_cls: 9.8845, loss: 9.8845, grad_norm: 2.6340
2022-04-24 23:35:07,766 - mmaction - INFO - Epoch [10][20/25]	lr: 9.014e-01, eta: 0:18:52, time: 0.137, data_time: 0.092, memory: 861, top1_acc: 0.6375, top5_acc: 0.9625, loss_cls: 12.8014, loss: 12.8014, grad_norm: 2.6366
2022-04-24 23:35:08,836 - mmaction - INFO - Epoch [10][25/25]	lr: 8.975e-01, eta: 0:18:28, time: 0.215, data_time: 0.171, memory: 861, top1_acc: 0.6438, top5_acc: 0.9688, loss_cls: 14.7665, loss: 14.7665, grad_norm: 2.6827
2022-04-24 23:35:09,255 - mmaction - INFO - Saving checkpoint at 10 epochs
2022-04-24 23:35:36,147 - mmaction - INFO - Evaluating top_k_accuracy ...
2022-04-24 23:35:36,148 - mmaction - INFO - 
top1_acc	0.6222
top5_acc	0.9167
2022-04-24 23:35:36,148 - mmaction - INFO - Evaluating mean_class_accuracy ...
2022-04-24 23:35:36,148 - mmaction - INFO - 
mean_acc	0.6222
2022-04-24 23:35:36,149 - mmaction - INFO - Epoch(val) [10][6]	top1_acc: 0.6222, top5_acc: 0.9167, mean_class_accuracy: 0.6222
2022-04-24 23:36:03,294 - mmaction - INFO - Epoch [11][5/25]	lr: 8.935e-01, eta: 0:19:41, time: 5.428, data_time: 5.132, memory: 861, top1_acc: 0.6687, top5_acc: 0.9750, loss_cls: 10.1207, loss: 10.1207, grad_norm: 2.7141
2022-04-24 23:36:04,051 - mmaction - INFO - Epoch [11][10/25]	lr: 8.894e-01, eta: 0:19:15, time: 0.151, data_time: 0.001, memory: 861, top1_acc: 0.6813, top5_acc: 0.9875, loss_cls: 7.4081, loss: 7.4081, grad_norm: 2.2088
2022-04-24 23:36:04,795 - mmaction - INFO - Epoch [11][15/25]	lr: 8.853e-01, eta: 0:18:50, time: 0.150, data_time: 0.001, memory: 861, top1_acc: 0.6438, top5_acc: 0.9688, loss_cls: 10.9092, loss: 10.9092, grad_norm: 2.3621
2022-04-24 23:36:05,459 - mmaction - INFO - Epoch [11][20/25]	lr: 8.811e-01, eta: 0:18:25, time: 0.132, data_time: 0.000, memory: 861, top1_acc: 0.6625, top5_acc: 1.0000, loss_cls: 7.5716, loss: 7.5716, grad_norm: 2.5462
2022-04-24 23:36:06,478 - mmaction - INFO - Epoch [11][25/25]	lr: 8.768e-01, eta: 0:18:03, time: 0.204, data_time: 0.001, memory: 861, top1_acc: 0.6750, top5_acc: 0.9750, loss_cls: 9.5493, loss: 9.5493, grad_norm: 2.6825
2022-04-24 23:36:06,877 - mmaction - INFO - Saving checkpoint at 11 epochs
2022-04-24 23:36:33,733 - mmaction - INFO - Evaluating top_k_accuracy ...
2022-04-24 23:36:33,733 - mmaction - INFO - 
top1_acc	0.5944
top5_acc	0.9722
2022-04-24 23:36:33,734 - mmaction - INFO - Evaluating mean_class_accuracy ...
2022-04-24 23:36:33,734 - mmaction - INFO - 
mean_acc	0.5944
2022-04-24 23:36:33,734 - mmaction - INFO - Epoch(val) [11][6]	top1_acc: 0.5944, top5_acc: 0.9722, mean_class_accuracy: 0.5944
2022-04-24 23:36:59,283 - mmaction - INFO - Epoch [12][5/25]	lr: 8.724e-01, eta: 0:19:01, time: 5.108, data_time: 5.039, memory: 861, top1_acc: 0.7000, top5_acc: 0.9938, loss_cls: 6.9857, loss: 6.9857, grad_norm: 2.2770
2022-04-24 23:37:00,017 - mmaction - INFO - Epoch [12][10/25]	lr: 8.680e-01, eta: 0:18:38, time: 0.148, data_time: 0.068, memory: 861, top1_acc: 0.7000, top5_acc: 0.9875, loss_cls: 6.1515, loss: 6.1515, grad_norm: 2.3156
2022-04-24 23:37:00,700 - mmaction - INFO - Epoch [12][15/25]	lr: 8.636e-01, eta: 0:18:14, time: 0.137, data_time: 0.065, memory: 861, top1_acc: 0.7063, top5_acc: 0.9688, loss_cls: 8.9263, loss: 8.9263, grad_norm: 2.1715
2022-04-24 23:37:01,345 - mmaction - INFO - Epoch [12][20/25]	lr: 8.591e-01, eta: 0:17:52, time: 0.129, data_time: 0.067, memory: 861, top1_acc: 0.7375, top5_acc: 0.9812, loss_cls: 7.0577, loss: 7.0577, grad_norm: 2.0831
2022-04-24 23:37:02,404 - mmaction - INFO - Epoch [12][25/25]	lr: 8.545e-01, eta: 0:17:31, time: 0.212, data_time: 0.139, memory: 861, top1_acc: 0.6687, top5_acc: 0.9812, loss_cls: 7.8531, loss: 7.8531, grad_norm: 2.1370
2022-04-24 23:37:02,919 - mmaction - INFO - Saving checkpoint at 12 epochs
2022-04-24 23:37:29,811 - mmaction - INFO - Evaluating top_k_accuracy ...
2022-04-24 23:37:29,812 - mmaction - INFO - 
top1_acc	0.6778
top5_acc	0.9667
2022-04-24 23:37:29,812 - mmaction - INFO - Evaluating mean_class_accuracy ...
2022-04-24 23:37:29,813 - mmaction - INFO - 
mean_acc	0.6778
2022-04-24 23:37:29,813 - mmaction - INFO - Epoch(val) [12][6]	top1_acc: 0.6778, top5_acc: 0.9667, mean_class_accuracy: 0.6778
2022-04-24 23:37:57,223 - mmaction - INFO - Epoch [13][5/25]	lr: 8.498e-01, eta: 0:18:29, time: 5.480, data_time: 5.430, memory: 861, top1_acc: 0.6750, top5_acc: 1.0000, loss_cls: 7.1237, loss: 7.1237, grad_norm: 2.3013
2022-04-24 23:37:57,887 - mmaction - INFO - Epoch [13][10/25]	lr: 8.451e-01, eta: 0:18:07, time: 0.134, data_time: 0.088, memory: 861, top1_acc: 0.7500, top5_acc: 0.9812, loss_cls: 6.7460, loss: 6.7460, grad_norm: 2.0812
2022-04-24 23:37:58,578 - mmaction - INFO - Epoch [13][15/25]	lr: 8.404e-01, eta: 0:17:45, time: 0.138, data_time: 0.093, memory: 861, top1_acc: 0.7188, top5_acc: 0.9875, loss_cls: 6.3900, loss: 6.3900, grad_norm: 1.9330
2022-04-24 23:37:59,268 - mmaction - INFO - Epoch [13][20/25]	lr: 8.355e-01, eta: 0:17:25, time: 0.138, data_time: 0.092, memory: 861, top1_acc: 0.7125, top5_acc: 0.9688, loss_cls: 6.4156, loss: 6.4156, grad_norm: 2.0683
2022-04-24 23:38:00,399 - mmaction - INFO - Epoch [13][25/25]	lr: 8.307e-01, eta: 0:17:06, time: 0.226, data_time: 0.180, memory: 861, top1_acc: 0.6937, top5_acc: 0.9750, loss_cls: 8.5870, loss: 8.5870, grad_norm: 2.2124
2022-04-24 23:38:00,810 - mmaction - INFO - Saving checkpoint at 13 epochs
2022-04-24 23:38:27,512 - mmaction - INFO - Evaluating top_k_accuracy ...
2022-04-24 23:38:27,513 - mmaction - INFO - 
top1_acc	0.7000
top5_acc	0.9500
2022-04-24 23:38:27,513 - mmaction - INFO - Evaluating mean_class_accuracy ...
2022-04-24 23:38:27,513 - mmaction - INFO - 
mean_acc	0.7000
2022-04-24 23:38:27,514 - mmaction - INFO - The previous best checkpoint /home/yl/myposec3d/model_pth/exp3/NSNR-linear5-T9A2/best_top1_acc_epoch_9.pth was removed
2022-04-24 23:38:27,544 - mmaction - INFO - Now best checkpoint is saved as best_top1_acc_epoch_13.pth.
2022-04-24 23:38:27,545 - mmaction - INFO - Best top1_acc is 0.7000 at 13 epoch.
2022-04-24 23:38:27,545 - mmaction - INFO - Epoch(val) [13][6]	top1_acc: 0.7000, top5_acc: 0.9500, mean_class_accuracy: 0.7000
2022-04-24 23:38:52,980 - mmaction - INFO - Epoch [14][5/25]	lr: 8.257e-01, eta: 0:17:52, time: 5.086, data_time: 5.033, memory: 861, top1_acc: 0.8625, top5_acc: 0.9812, loss_cls: 3.3477, loss: 3.3477, grad_norm: 1.1828
2022-04-24 23:38:53,658 - mmaction - INFO - Epoch [14][10/25]	lr: 8.207e-01, eta: 0:17:31, time: 0.136, data_time: 0.088, memory: 861, top1_acc: 0.8063, top5_acc: 1.0000, loss_cls: 4.2347, loss: 4.2347, grad_norm: 1.4514
2022-04-24 23:38:54,336 - mmaction - INFO - Epoch [14][15/25]	lr: 8.157e-01, eta: 0:17:12, time: 0.136, data_time: 0.087, memory: 861, top1_acc: 0.7312, top5_acc: 0.9812, loss_cls: 6.8435, loss: 6.8435, grad_norm: 1.9942
2022-04-24 23:38:55,050 - mmaction - INFO - Epoch [14][20/25]	lr: 8.106e-01, eta: 0:16:52, time: 0.143, data_time: 0.095, memory: 861, top1_acc: 0.7875, top5_acc: 0.9875, loss_cls: 3.2261, loss: 3.2261, grad_norm: 1.6677
2022-04-24 23:38:56,130 - mmaction - INFO - Epoch [14][25/25]	lr: 8.054e-01, eta: 0:16:35, time: 0.216, data_time: 0.169, memory: 861, top1_acc: 0.7500, top5_acc: 0.9938, loss_cls: 5.2213, loss: 5.2213, grad_norm: 1.9788
2022-04-24 23:38:56,528 - mmaction - INFO - Saving checkpoint at 14 epochs
2022-04-24 23:39:23,483 - mmaction - INFO - Evaluating top_k_accuracy ...
2022-04-24 23:39:23,483 - mmaction - INFO - 
top1_acc	0.7500
top5_acc	0.9444
2022-04-24 23:39:23,483 - mmaction - INFO - Evaluating mean_class_accuracy ...
2022-04-24 23:39:23,484 - mmaction - INFO - 
mean_acc	0.7500
2022-04-24 23:39:23,485 - mmaction - INFO - The previous best checkpoint /home/yl/myposec3d/model_pth/exp3/NSNR-linear5-T9A2/best_top1_acc_epoch_13.pth was removed
2022-04-24 23:39:23,513 - mmaction - INFO - Now best checkpoint is saved as best_top1_acc_epoch_14.pth.
2022-04-24 23:39:23,513 - mmaction - INFO - Best top1_acc is 0.7500 at 14 epoch.
2022-04-24 23:39:23,513 - mmaction - INFO - Epoch(val) [14][6]	top1_acc: 0.7500, top5_acc: 0.9444, mean_class_accuracy: 0.7500
2022-04-24 23:39:49,000 - mmaction - INFO - Epoch [15][5/25]	lr: 8.002e-01, eta: 0:17:16, time: 5.096, data_time: 4.983, memory: 861, top1_acc: 0.7438, top5_acc: 0.9688, loss_cls: 7.4115, loss: 7.4115, grad_norm: 2.0482
2022-04-24 23:39:49,690 - mmaction - INFO - Epoch [15][10/25]	lr: 7.950e-01, eta: 0:16:57, time: 0.138, data_time: 0.056, memory: 861, top1_acc: 0.7500, top5_acc: 0.9938, loss_cls: 5.2073, loss: 5.2073, grad_norm: 1.9870
2022-04-24 23:39:50,376 - mmaction - INFO - Epoch [15][15/25]	lr: 7.896e-01, eta: 0:16:38, time: 0.138, data_time: 0.056, memory: 861, top1_acc: 0.6687, top5_acc: 0.9688, loss_cls: 9.3592, loss: 9.3592, grad_norm: 2.6349
2022-04-24 23:39:51,050 - mmaction - INFO - Epoch [15][20/25]	lr: 7.843e-01, eta: 0:16:21, time: 0.135, data_time: 0.055, memory: 861, top1_acc: 0.7063, top5_acc: 1.0000, loss_cls: 6.8849, loss: 6.8849, grad_norm: 2.3119
2022-04-24 23:39:52,154 - mmaction - INFO - Epoch [15][25/25]	lr: 7.789e-01, eta: 0:16:04, time: 0.221, data_time: 0.115, memory: 861, top1_acc: 0.6937, top5_acc: 0.9938, loss_cls: 5.6737, loss: 5.6737, grad_norm: 2.4944
2022-04-24 23:39:52,593 - mmaction - INFO - Saving checkpoint at 15 epochs
2022-04-24 23:40:19,306 - mmaction - INFO - Evaluating top_k_accuracy ...
2022-04-24 23:40:19,307 - mmaction - INFO - 
top1_acc	0.6167
top5_acc	1.0000
2022-04-24 23:40:19,307 - mmaction - INFO - Evaluating mean_class_accuracy ...
2022-04-24 23:40:19,307 - mmaction - INFO - 
mean_acc	0.6167
2022-04-24 23:40:19,307 - mmaction - INFO - Epoch(val) [15][6]	top1_acc: 0.6167, top5_acc: 1.0000, mean_class_accuracy: 0.6167
2022-04-24 23:40:44,676 - mmaction - INFO - Epoch [16][5/25]	lr: 7.734e-01, eta: 0:16:40, time: 5.073, data_time: 5.020, memory: 861, top1_acc: 0.6813, top5_acc: 0.9688, loss_cls: 7.9044, loss: 7.9044, grad_norm: 2.0740
2022-04-24 23:40:45,396 - mmaction - INFO - Epoch [16][10/25]	lr: 7.679e-01, eta: 0:16:23, time: 0.144, data_time: 0.093, memory: 861, top1_acc: 0.7125, top5_acc: 0.9875, loss_cls: 6.5481, loss: 6.5481, grad_norm: 2.1205
2022-04-24 23:40:46,095 - mmaction - INFO - Epoch [16][15/25]	lr: 7.624e-01, eta: 0:16:06, time: 0.140, data_time: 0.090, memory: 861, top1_acc: 0.7312, top5_acc: 0.9812, loss_cls: 6.7945, loss: 6.7945, grad_norm: 2.0164
2022-04-24 23:40:46,772 - mmaction - INFO - Epoch [16][20/25]	lr: 7.568e-01, eta: 0:15:49, time: 0.135, data_time: 0.082, memory: 861, top1_acc: 0.7312, top5_acc: 0.9875, loss_cls: 5.3349, loss: 5.3349, grad_norm: 2.0374
2022-04-24 23:40:47,815 - mmaction - INFO - Epoch [16][25/25]	lr: 7.511e-01, eta: 0:15:33, time: 0.208, data_time: 0.143, memory: 861, top1_acc: 0.7625, top5_acc: 0.9750, loss_cls: 4.9734, loss: 4.9734, grad_norm: 1.7298
2022-04-24 23:40:48,280 - mmaction - INFO - Saving checkpoint at 16 epochs
2022-04-24 23:41:14,949 - mmaction - INFO - Evaluating top_k_accuracy ...
2022-04-24 23:41:14,950 - mmaction - INFO - 
top1_acc	0.5833
top5_acc	0.9500
2022-04-24 23:41:14,950 - mmaction - INFO - Evaluating mean_class_accuracy ...
2022-04-24 23:41:14,951 - mmaction - INFO - 
mean_acc	0.5833
2022-04-24 23:41:14,951 - mmaction - INFO - Epoch(val) [16][6]	top1_acc: 0.5833, top5_acc: 0.9500, mean_class_accuracy: 0.5833
2022-04-24 23:41:40,588 - mmaction - INFO - Epoch [17][5/25]	lr: 7.455e-01, eta: 0:16:06, time: 5.125, data_time: 5.075, memory: 861, top1_acc: 0.7500, top5_acc: 0.9875, loss_cls: 6.0191, loss: 6.0191, grad_norm: 2.1121
2022-04-24 23:41:41,261 - mmaction - INFO - Epoch [17][10/25]	lr: 7.397e-01, eta: 0:15:50, time: 0.135, data_time: 0.087, memory: 861, top1_acc: 0.7500, top5_acc: 0.9938, loss_cls: 4.9176, loss: 4.9176, grad_norm: 1.8863
2022-04-24 23:41:41,927 - mmaction - INFO - Epoch [17][15/25]	lr: 7.340e-01, eta: 0:15:34, time: 0.134, data_time: 0.087, memory: 861, top1_acc: 0.7875, top5_acc: 0.9938, loss_cls: 3.9902, loss: 3.9902, grad_norm: 1.7005
2022-04-24 23:41:42,615 - mmaction - INFO - Epoch [17][20/25]	lr: 7.282e-01, eta: 0:15:18, time: 0.137, data_time: 0.090, memory: 861, top1_acc: 0.7438, top5_acc: 1.0000, loss_cls: 4.2021, loss: 4.2021, grad_norm: 1.8100
2022-04-24 23:41:43,757 - mmaction - INFO - Epoch [17][25/25]	lr: 7.223e-01, eta: 0:15:04, time: 0.229, data_time: 0.169, memory: 861, top1_acc: 0.6937, top5_acc: 0.9938, loss_cls: 6.1123, loss: 6.1123, grad_norm: 2.3361
2022-04-24 23:41:44,162 - mmaction - INFO - Saving checkpoint at 17 epochs
2022-04-24 23:42:10,748 - mmaction - INFO - Evaluating top_k_accuracy ...
2022-04-24 23:42:10,749 - mmaction - INFO - 
top1_acc	0.7056
top5_acc	0.9778
2022-04-24 23:42:10,749 - mmaction - INFO - Evaluating mean_class_accuracy ...
2022-04-24 23:42:10,749 - mmaction - INFO - 
mean_acc	0.7056
2022-04-24 23:42:10,750 - mmaction - INFO - Epoch(val) [17][6]	top1_acc: 0.7056, top5_acc: 0.9778, mean_class_accuracy: 0.7056
2022-04-24 23:42:36,163 - mmaction - INFO - Epoch [18][5/25]	lr: 7.164e-01, eta: 0:15:33, time: 5.081, data_time: 5.008, memory: 861, top1_acc: 0.7625, top5_acc: 0.9938, loss_cls: 5.0746, loss: 5.0746, grad_norm: 1.9470
2022-04-24 23:42:36,830 - mmaction - INFO - Epoch [18][10/25]	lr: 7.105e-01, eta: 0:15:17, time: 0.134, data_time: 0.072, memory: 861, top1_acc: 0.7063, top5_acc: 0.9812, loss_cls: 6.7139, loss: 6.7139, grad_norm: 2.0038
2022-04-24 23:42:37,496 - mmaction - INFO - Epoch [18][15/25]	lr: 7.046e-01, eta: 0:15:02, time: 0.132, data_time: 0.073, memory: 861, top1_acc: 0.7937, top5_acc: 0.9875, loss_cls: 4.2394, loss: 4.2394, grad_norm: 1.9161
2022-04-24 23:42:38,133 - mmaction - INFO - Epoch [18][20/25]	lr: 6.986e-01, eta: 0:14:47, time: 0.129, data_time: 0.074, memory: 861, top1_acc: 0.7688, top5_acc: 0.9875, loss_cls: 5.1699, loss: 5.1699, grad_norm: 1.9476
2022-04-24 23:42:39,213 - mmaction - INFO - Epoch [18][25/25]	lr: 6.926e-01, eta: 0:14:33, time: 0.216, data_time: 0.159, memory: 861, top1_acc: 0.7250, top5_acc: 0.9437, loss_cls: 6.0218, loss: 6.0218, grad_norm: 2.1070
2022-04-24 23:42:39,679 - mmaction - INFO - Saving checkpoint at 18 epochs
2022-04-24 23:43:06,218 - mmaction - INFO - Evaluating top_k_accuracy ...
2022-04-24 23:43:06,219 - mmaction - INFO - 
top1_acc	0.6833
top5_acc	1.0000
2022-04-24 23:43:06,219 - mmaction - INFO - Evaluating mean_class_accuracy ...
2022-04-24 23:43:06,221 - mmaction - INFO - 
mean_acc	0.6833
2022-04-24 23:43:06,222 - mmaction - INFO - Epoch(val) [18][6]	top1_acc: 0.6833, top5_acc: 1.0000, mean_class_accuracy: 0.6833
2022-04-24 23:43:31,633 - mmaction - INFO - Epoch [19][5/25]	lr: 6.865e-01, eta: 0:14:59, time: 5.080, data_time: 4.988, memory: 861, top1_acc: 0.6937, top5_acc: 0.9938, loss_cls: 6.3075, loss: 6.3075, grad_norm: 2.5118
2022-04-24 23:43:32,306 - mmaction - INFO - Epoch [19][10/25]	lr: 6.804e-01, eta: 0:14:45, time: 0.136, data_time: 0.068, memory: 861, top1_acc: 0.6562, top5_acc: 0.9750, loss_cls: 7.0700, loss: 7.0700, grad_norm: 2.6634
2022-04-24 23:43:32,974 - mmaction - INFO - Epoch [19][15/25]	lr: 6.743e-01, eta: 0:14:30, time: 0.132, data_time: 0.070, memory: 861, top1_acc: 0.7375, top5_acc: 0.9875, loss_cls: 6.6486, loss: 6.6486, grad_norm: 1.9417
2022-04-24 23:43:33,666 - mmaction - INFO - Epoch [19][20/25]	lr: 6.681e-01, eta: 0:14:16, time: 0.138, data_time: 0.072, memory: 861, top1_acc: 0.6562, top5_acc: 0.9875, loss_cls: 8.4814, loss: 8.4814, grad_norm: 2.7693
2022-04-24 23:43:34,775 - mmaction - INFO - Epoch [19][25/25]	lr: 6.620e-01, eta: 0:14:03, time: 0.223, data_time: 0.131, memory: 861, top1_acc: 0.6500, top5_acc: 0.9688, loss_cls: 7.6853, loss: 7.6853, grad_norm: 2.6008
2022-04-24 23:43:35,228 - mmaction - INFO - Saving checkpoint at 19 epochs
2022-04-24 23:44:01,993 - mmaction - INFO - Evaluating top_k_accuracy ...
2022-04-24 23:44:01,993 - mmaction - INFO - 
top1_acc	0.6111
top5_acc	0.9056
2022-04-24 23:44:01,993 - mmaction - INFO - Evaluating mean_class_accuracy ...
2022-04-24 23:44:01,994 - mmaction - INFO - 
mean_acc	0.6111
2022-04-24 23:44:01,994 - mmaction - INFO - Epoch(val) [19][6]	top1_acc: 0.6111, top5_acc: 0.9056, mean_class_accuracy: 0.6111
2022-04-24 23:44:27,512 - mmaction - INFO - Epoch [20][5/25]	lr: 6.558e-01, eta: 0:14:27, time: 5.102, data_time: 4.960, memory: 861, top1_acc: 0.6625, top5_acc: 0.9500, loss_cls: 8.5789, loss: 8.5789, grad_norm: 2.4649
2022-04-24 23:44:28,188 - mmaction - INFO - Epoch [20][10/25]	lr: 6.495e-01, eta: 0:14:13, time: 0.136, data_time: 0.049, memory: 861, top1_acc: 0.7250, top5_acc: 1.0000, loss_cls: 4.9125, loss: 4.9125, grad_norm: 2.1521
2022-04-24 23:44:28,864 - mmaction - INFO - Epoch [20][15/25]	lr: 6.433e-01, eta: 0:13:59, time: 0.135, data_time: 0.051, memory: 861, top1_acc: 0.7500, top5_acc: 0.9812, loss_cls: 4.6957, loss: 4.6957, grad_norm: 1.8876
2022-04-24 23:44:29,545 - mmaction - INFO - Epoch [20][20/25]	lr: 6.370e-01, eta: 0:13:46, time: 0.138, data_time: 0.051, memory: 861, top1_acc: 0.7625, top5_acc: 0.9750, loss_cls: 5.3539, loss: 5.3539, grad_norm: 1.8054
2022-04-24 23:44:30,637 - mmaction - INFO - Epoch [20][25/25]	lr: 6.307e-01, eta: 0:13:33, time: 0.218, data_time: 0.105, memory: 861, top1_acc: 0.7500, top5_acc: 0.9938, loss_cls: 4.7580, loss: 4.7580, grad_norm: 2.0099
2022-04-24 23:44:31,096 - mmaction - INFO - Saving checkpoint at 20 epochs
2022-04-24 23:44:57,788 - mmaction - INFO - Evaluating top_k_accuracy ...
2022-04-24 23:44:57,789 - mmaction - INFO - 
top1_acc	0.7111
top5_acc	0.9833
2022-04-24 23:44:57,789 - mmaction - INFO - Evaluating mean_class_accuracy ...
2022-04-24 23:44:57,790 - mmaction - INFO - 
mean_acc	0.7111
2022-04-24 23:44:57,790 - mmaction - INFO - Epoch(val) [20][6]	top1_acc: 0.7111, top5_acc: 0.9833, mean_class_accuracy: 0.7111
2022-04-24 23:45:23,243 - mmaction - INFO - Epoch [21][5/25]	lr: 6.243e-01, eta: 0:13:55, time: 5.089, data_time: 4.932, memory: 861, top1_acc: 0.7188, top5_acc: 0.9812, loss_cls: 6.2478, loss: 6.2478, grad_norm: 2.2528
2022-04-24 23:45:23,905 - mmaction - INFO - Epoch [21][10/25]	lr: 6.180e-01, eta: 0:13:41, time: 0.134, data_time: 0.033, memory: 861, top1_acc: 0.7688, top5_acc: 0.9563, loss_cls: 7.1264, loss: 7.1264, grad_norm: 1.8445
2022-04-24 23:45:24,566 - mmaction - INFO - Epoch [21][15/25]	lr: 6.116e-01, eta: 0:13:28, time: 0.132, data_time: 0.037, memory: 861, top1_acc: 0.7500, top5_acc: 1.0000, loss_cls: 3.3121, loss: 3.3121, grad_norm: 1.7683
2022-04-24 23:45:25,231 - mmaction - INFO - Epoch [21][20/25]	lr: 6.052e-01, eta: 0:13:16, time: 0.133, data_time: 0.041, memory: 861, top1_acc: 0.7438, top5_acc: 1.0000, loss_cls: 4.3070, loss: 4.3070, grad_norm: 1.8741
2022-04-24 23:45:26,318 - mmaction - INFO - Epoch [21][25/25]	lr: 5.988e-01, eta: 0:13:04, time: 0.217, data_time: 0.087, memory: 861, top1_acc: 0.7000, top5_acc: 0.9812, loss_cls: 4.7178, loss: 4.7178, grad_norm: 2.1863
2022-04-24 23:45:26,775 - mmaction - INFO - Saving checkpoint at 21 epochs
2022-04-24 23:45:53,581 - mmaction - INFO - Evaluating top_k_accuracy ...
2022-04-24 23:45:53,582 - mmaction - INFO - 
top1_acc	0.7778
top5_acc	0.9444
2022-04-24 23:45:53,582 - mmaction - INFO - Evaluating mean_class_accuracy ...
2022-04-24 23:45:53,582 - mmaction - INFO - 
mean_acc	0.7778
2022-04-24 23:45:53,583 - mmaction - INFO - The previous best checkpoint /home/yl/myposec3d/model_pth/exp3/NSNR-linear5-T9A2/best_top1_acc_epoch_14.pth was removed
2022-04-24 23:45:53,608 - mmaction - INFO - Now best checkpoint is saved as best_top1_acc_epoch_21.pth.
2022-04-24 23:45:53,608 - mmaction - INFO - Best top1_acc is 0.7778 at 21 epoch.
2022-04-24 23:45:53,609 - mmaction - INFO - Epoch(val) [21][6]	top1_acc: 0.7778, top5_acc: 0.9444, mean_class_accuracy: 0.7778
2022-04-24 23:46:19,144 - mmaction - INFO - Epoch [22][5/25]	lr: 5.924e-01, eta: 0:13:23, time: 5.105, data_time: 5.038, memory: 861, top1_acc: 0.8000, top5_acc: 0.9750, loss_cls: 3.3977, loss: 3.3977, grad_norm: 1.5319
2022-04-24 23:46:19,809 - mmaction - INFO - Epoch [22][10/25]	lr: 5.860e-01, eta: 0:13:10, time: 0.134, data_time: 0.081, memory: 861, top1_acc: 0.7688, top5_acc: 1.0000, loss_cls: 3.6552, loss: 3.6552, grad_norm: 1.6083
2022-04-24 23:46:20,471 - mmaction - INFO - Epoch [22][15/25]	lr: 5.795e-01, eta: 0:12:58, time: 0.133, data_time: 0.081, memory: 861, top1_acc: 0.8000, top5_acc: 0.9938, loss_cls: 3.3866, loss: 3.3866, grad_norm: 1.7822
2022-04-24 23:46:21,156 - mmaction - INFO - Epoch [22][20/25]	lr: 5.730e-01, eta: 0:12:46, time: 0.137, data_time: 0.085, memory: 861, top1_acc: 0.7375, top5_acc: 1.0000, loss_cls: 4.8897, loss: 4.8897, grad_norm: 1.9221
2022-04-24 23:46:22,273 - mmaction - INFO - Epoch [22][25/25]	lr: 5.666e-01, eta: 0:12:34, time: 0.223, data_time: 0.164, memory: 861, top1_acc: 0.7000, top5_acc: 0.9875, loss_cls: 5.7653, loss: 5.7653, grad_norm: 2.2752
2022-04-24 23:46:22,647 - mmaction - INFO - Saving checkpoint at 22 epochs
2022-04-24 23:46:49,536 - mmaction - INFO - Evaluating top_k_accuracy ...
2022-04-24 23:46:49,536 - mmaction - INFO - 
top1_acc	0.6111
top5_acc	0.9444
2022-04-24 23:46:49,537 - mmaction - INFO - Evaluating mean_class_accuracy ...
2022-04-24 23:46:49,537 - mmaction - INFO - 
mean_acc	0.6111
2022-04-24 23:46:49,537 - mmaction - INFO - Epoch(val) [22][6]	top1_acc: 0.6111, top5_acc: 0.9444, mean_class_accuracy: 0.6111
2022-04-24 23:47:14,887 - mmaction - INFO - Epoch [23][5/25]	lr: 5.601e-01, eta: 0:12:51, time: 5.068, data_time: 4.950, memory: 861, top1_acc: 0.7312, top5_acc: 0.9875, loss_cls: 5.9399, loss: 5.9399, grad_norm: 1.9754
2022-04-24 23:47:15,578 - mmaction - INFO - Epoch [23][10/25]	lr: 5.536e-01, eta: 0:12:39, time: 0.138, data_time: 0.052, memory: 861, top1_acc: 0.6875, top5_acc: 1.0000, loss_cls: 5.0254, loss: 5.0254, grad_norm: 2.5115
2022-04-24 23:47:16,244 - mmaction - INFO - Epoch [23][15/25]	lr: 5.471e-01, eta: 0:12:27, time: 0.135, data_time: 0.059, memory: 861, top1_acc: 0.7063, top5_acc: 0.9062, loss_cls: 9.6920, loss: 9.6920, grad_norm: 2.4149
2022-04-24 23:47:16,912 - mmaction - INFO - Epoch [23][20/25]	lr: 5.405e-01, eta: 0:12:16, time: 0.132, data_time: 0.060, memory: 861, top1_acc: 0.7438, top5_acc: 0.9625, loss_cls: 5.7151, loss: 5.7151, grad_norm: 2.2300
2022-04-24 23:47:18,000 - mmaction - INFO - Epoch [23][25/25]	lr: 5.340e-01, eta: 0:12:05, time: 0.219, data_time: 0.127, memory: 861, top1_acc: 0.6813, top5_acc: 0.9812, loss_cls: 6.8279, loss: 6.8279, grad_norm: 2.2343
2022-04-24 23:47:18,412 - mmaction - INFO - Saving checkpoint at 23 epochs
2022-04-24 23:47:44,985 - mmaction - INFO - Evaluating top_k_accuracy ...
2022-04-24 23:47:44,986 - mmaction - INFO - 
top1_acc	0.7778
top5_acc	0.9444
2022-04-24 23:47:44,986 - mmaction - INFO - Evaluating mean_class_accuracy ...
2022-04-24 23:47:44,986 - mmaction - INFO - 
mean_acc	0.7778
2022-04-24 23:47:44,986 - mmaction - INFO - Epoch(val) [23][6]	top1_acc: 0.7778, top5_acc: 0.9444, mean_class_accuracy: 0.7778
2022-04-24 23:48:10,497 - mmaction - INFO - Epoch [24][5/25]	lr: 5.275e-01, eta: 0:12:20, time: 5.100, data_time: 5.018, memory: 861, top1_acc: 0.7812, top5_acc: 1.0000, loss_cls: 2.9995, loss: 2.9995, grad_norm: 1.7021
2022-04-24 23:48:11,164 - mmaction - INFO - Epoch [24][10/25]	lr: 5.209e-01, eta: 0:12:08, time: 0.134, data_time: 0.065, memory: 861, top1_acc: 0.8000, top5_acc: 0.9750, loss_cls: 3.9113, loss: 3.9113, grad_norm: 1.7982
2022-04-24 23:48:11,848 - mmaction - INFO - Epoch [24][15/25]	lr: 5.144e-01, eta: 0:11:57, time: 0.137, data_time: 0.066, memory: 861, top1_acc: 0.7250, top5_acc: 0.9938, loss_cls: 5.9781, loss: 5.9781, grad_norm: 2.2681
2022-04-24 23:48:12,517 - mmaction - INFO - Epoch [24][20/25]	lr: 5.079e-01, eta: 0:11:46, time: 0.134, data_time: 0.063, memory: 861, top1_acc: 0.7750, top5_acc: 0.9875, loss_cls: 3.5175, loss: 3.5175, grad_norm: 1.6711
2022-04-24 23:48:13,623 - mmaction - INFO - Epoch [24][25/25]	lr: 5.013e-01, eta: 0:11:35, time: 0.222, data_time: 0.126, memory: 861, top1_acc: 0.7312, top5_acc: 0.9938, loss_cls: 4.4560, loss: 4.4560, grad_norm: 2.1268
2022-04-24 23:48:14,062 - mmaction - INFO - Saving checkpoint at 24 epochs
2022-04-24 23:48:40,732 - mmaction - INFO - Evaluating top_k_accuracy ...
2022-04-24 23:48:40,732 - mmaction - INFO - 
top1_acc	0.7333
top5_acc	0.9556
2022-04-24 23:48:40,732 - mmaction - INFO - Evaluating mean_class_accuracy ...
2022-04-24 23:48:40,733 - mmaction - INFO - 
mean_acc	0.7333
2022-04-24 23:48:40,733 - mmaction - INFO - Epoch(val) [24][6]	top1_acc: 0.7333, top5_acc: 0.9556, mean_class_accuracy: 0.7333
2022-04-24 23:49:06,197 - mmaction - INFO - Epoch [25][5/25]	lr: 4.948e-01, eta: 0:11:49, time: 5.091, data_time: 5.033, memory: 861, top1_acc: 0.7188, top5_acc: 0.9688, loss_cls: 6.2628, loss: 6.2628, grad_norm: 2.1161
2022-04-24 23:49:06,874 - mmaction - INFO - Epoch [25][10/25]	lr: 4.882e-01, eta: 0:11:38, time: 0.136, data_time: 0.090, memory: 861, top1_acc: 0.7375, top5_acc: 0.9875, loss_cls: 5.2151, loss: 5.2151, grad_norm: 2.0413
2022-04-24 23:49:07,532 - mmaction - INFO - Epoch [25][15/25]	lr: 4.817e-01, eta: 0:11:27, time: 0.132, data_time: 0.083, memory: 861, top1_acc: 0.5813, top5_acc: 0.9875, loss_cls: 9.5562, loss: 9.5562, grad_norm: 2.9377
2022-04-24 23:49:08,217 - mmaction - INFO - Epoch [25][20/25]	lr: 4.751e-01, eta: 0:11:16, time: 0.137, data_time: 0.088, memory: 861, top1_acc: 0.6438, top5_acc: 0.9625, loss_cls: 9.3502, loss: 9.3502, grad_norm: 2.9185
2022-04-24 23:49:09,311 - mmaction - INFO - Epoch [25][25/25]	lr: 4.686e-01, eta: 0:11:06, time: 0.219, data_time: 0.173, memory: 861, top1_acc: 0.7250, top5_acc: 0.9375, loss_cls: 8.1827, loss: 8.1827, grad_norm: 2.0529
2022-04-24 23:49:09,758 - mmaction - INFO - Saving checkpoint at 25 epochs
2022-04-24 23:49:36,490 - mmaction - INFO - Evaluating top_k_accuracy ...
2022-04-24 23:49:36,491 - mmaction - INFO - 
top1_acc	0.5889
top5_acc	0.8944
2022-04-24 23:49:36,491 - mmaction - INFO - Evaluating mean_class_accuracy ...
2022-04-24 23:49:36,491 - mmaction - INFO - 
mean_acc	0.5889
2022-04-24 23:49:36,492 - mmaction - INFO - Epoch(val) [25][6]	top1_acc: 0.5889, top5_acc: 0.8944, mean_class_accuracy: 0.5889
2022-04-24 23:50:02,173 - mmaction - INFO - Epoch [26][5/25]	lr: 4.621e-01, eta: 0:11:18, time: 5.134, data_time: 5.083, memory: 861, top1_acc: 0.7688, top5_acc: 0.9437, loss_cls: 6.5707, loss: 6.5707, grad_norm: 2.1232
2022-04-24 23:50:02,856 - mmaction - INFO - Epoch [26][10/25]	lr: 4.556e-01, eta: 0:11:07, time: 0.138, data_time: 0.089, memory: 861, top1_acc: 0.7375, top5_acc: 0.9938, loss_cls: 4.8143, loss: 4.8143, grad_norm: 2.2404
2022-04-24 23:50:03,543 - mmaction - INFO - Epoch [26][15/25]	lr: 4.490e-01, eta: 0:10:57, time: 0.136, data_time: 0.086, memory: 861, top1_acc: 0.7625, top5_acc: 0.9812, loss_cls: 5.0044, loss: 5.0044, grad_norm: 1.9665
2022-04-24 23:50:04,206 - mmaction - INFO - Epoch [26][20/25]	lr: 4.425e-01, eta: 0:10:47, time: 0.134, data_time: 0.087, memory: 861, top1_acc: 0.7937, top5_acc: 1.0000, loss_cls: 4.9052, loss: 4.9052, grad_norm: 1.9447
2022-04-24 23:50:05,326 - mmaction - INFO - Epoch [26][25/25]	lr: 4.360e-01, eta: 0:10:37, time: 0.224, data_time: 0.166, memory: 861, top1_acc: 0.7875, top5_acc: 1.0000, loss_cls: 2.5902, loss: 2.5902, grad_norm: 1.5528
2022-04-24 23:50:05,767 - mmaction - INFO - Saving checkpoint at 26 epochs
2022-04-24 23:50:32,523 - mmaction - INFO - Evaluating top_k_accuracy ...
2022-04-24 23:50:32,524 - mmaction - INFO - 
top1_acc	0.7833
top5_acc	0.9667
2022-04-24 23:50:32,524 - mmaction - INFO - Evaluating mean_class_accuracy ...
2022-04-24 23:50:32,524 - mmaction - INFO - 
mean_acc	0.7833
2022-04-24 23:50:32,526 - mmaction - INFO - The previous best checkpoint /home/yl/myposec3d/model_pth/exp3/NSNR-linear5-T9A2/best_top1_acc_epoch_21.pth was removed
2022-04-24 23:50:32,552 - mmaction - INFO - Now best checkpoint is saved as best_top1_acc_epoch_26.pth.
2022-04-24 23:50:32,552 - mmaction - INFO - Best top1_acc is 0.7833 at 26 epoch.
2022-04-24 23:50:32,552 - mmaction - INFO - Epoch(val) [26][6]	top1_acc: 0.7833, top5_acc: 0.9667, mean_class_accuracy: 0.7833
2022-04-24 23:50:58,044 - mmaction - INFO - Epoch [27][5/25]	lr: 4.295e-01, eta: 0:10:47, time: 5.096, data_time: 5.046, memory: 861, top1_acc: 0.8438, top5_acc: 0.9938, loss_cls: 2.2378, loss: 2.2378, grad_norm: 1.4467
2022-04-24 23:50:58,740 - mmaction - INFO - Epoch [27][10/25]	lr: 4.231e-01, eta: 0:10:37, time: 0.139, data_time: 0.091, memory: 861, top1_acc: 0.8313, top5_acc: 0.9938, loss_cls: 2.2534, loss: 2.2534, grad_norm: 1.3775
2022-04-24 23:50:59,435 - mmaction - INFO - Epoch [27][15/25]	lr: 4.166e-01, eta: 0:10:27, time: 0.139, data_time: 0.092, memory: 861, top1_acc: 0.8125, top5_acc: 0.9938, loss_cls: 3.0336, loss: 3.0336, grad_norm: 1.6176
2022-04-24 23:51:00,119 - mmaction - INFO - Epoch [27][20/25]	lr: 4.102e-01, eta: 0:10:17, time: 0.138, data_time: 0.090, memory: 861, top1_acc: 0.7937, top5_acc: 0.9812, loss_cls: 2.5151, loss: 2.5151, grad_norm: 1.6514
2022-04-24 23:51:01,236 - mmaction - INFO - Epoch [27][25/25]	lr: 4.037e-01, eta: 0:10:08, time: 0.223, data_time: 0.177, memory: 861, top1_acc: 0.8063, top5_acc: 0.9938, loss_cls: 3.2178, loss: 3.2178, grad_norm: 1.6763
2022-04-24 23:51:01,763 - mmaction - INFO - Saving checkpoint at 27 epochs
2022-04-24 23:51:28,144 - mmaction - INFO - Evaluating top_k_accuracy ...
2022-04-24 23:51:28,145 - mmaction - INFO - 
top1_acc	0.8000
top5_acc	0.9833
2022-04-24 23:51:28,145 - mmaction - INFO - Evaluating mean_class_accuracy ...
2022-04-24 23:51:28,145 - mmaction - INFO - 
mean_acc	0.8000
2022-04-24 23:51:28,147 - mmaction - INFO - The previous best checkpoint /home/yl/myposec3d/model_pth/exp3/NSNR-linear5-T9A2/best_top1_acc_epoch_26.pth was removed
2022-04-24 23:51:28,174 - mmaction - INFO - Now best checkpoint is saved as best_top1_acc_epoch_27.pth.
2022-04-24 23:51:28,175 - mmaction - INFO - Best top1_acc is 0.8000 at 27 epoch.
2022-04-24 23:51:28,175 - mmaction - INFO - Epoch(val) [27][6]	top1_acc: 0.8000, top5_acc: 0.9833, mean_class_accuracy: 0.8000
2022-04-24 23:51:53,638 - mmaction - INFO - Epoch [28][5/25]	lr: 3.973e-01, eta: 0:10:17, time: 5.091, data_time: 5.040, memory: 861, top1_acc: 0.8625, top5_acc: 1.0000, loss_cls: 1.9320, loss: 1.9320, grad_norm: 1.0455
2022-04-24 23:51:54,313 - mmaction - INFO - Epoch [28][10/25]	lr: 3.909e-01, eta: 0:10:07, time: 0.136, data_time: 0.087, memory: 861, top1_acc: 0.8000, top5_acc: 1.0000, loss_cls: 2.4695, loss: 2.4695, grad_norm: 1.8946
2022-04-24 23:51:55,003 - mmaction - INFO - Epoch [28][15/25]	lr: 3.846e-01, eta: 0:09:57, time: 0.137, data_time: 0.090, memory: 861, top1_acc: 0.8000, top5_acc: 0.9938, loss_cls: 2.5204, loss: 2.5204, grad_norm: 1.6380
2022-04-24 23:51:55,681 - mmaction - INFO - Epoch [28][20/25]	lr: 3.782e-01, eta: 0:09:48, time: 0.136, data_time: 0.088, memory: 861, top1_acc: 0.7812, top5_acc: 0.9938, loss_cls: 3.1551, loss: 3.1551, grad_norm: 1.6735
2022-04-24 23:51:56,746 - mmaction - INFO - Epoch [28][25/25]	lr: 3.719e-01, eta: 0:09:38, time: 0.214, data_time: 0.168, memory: 861, top1_acc: 0.6625, top5_acc: 0.9875, loss_cls: 5.6051, loss: 5.6051, grad_norm: 2.4561
2022-04-24 23:51:57,137 - mmaction - INFO - Saving checkpoint at 28 epochs
2022-04-24 23:52:23,834 - mmaction - INFO - Evaluating top_k_accuracy ...
2022-04-24 23:52:23,834 - mmaction - INFO - 
top1_acc	0.7222
top5_acc	0.9667
2022-04-24 23:52:23,834 - mmaction - INFO - Evaluating mean_class_accuracy ...
2022-04-24 23:52:23,835 - mmaction - INFO - 
mean_acc	0.7222
2022-04-24 23:52:23,835 - mmaction - INFO - Epoch(val) [28][6]	top1_acc: 0.7222, top5_acc: 0.9667, mean_class_accuracy: 0.7222
2022-04-24 23:52:49,440 - mmaction - INFO - Epoch [29][5/25]	lr: 3.655e-01, eta: 0:09:46, time: 5.120, data_time: 5.070, memory: 861, top1_acc: 0.7250, top5_acc: 0.9875, loss_cls: 3.1037, loss: 3.1037, grad_norm: 1.7866
2022-04-24 23:52:50,120 - mmaction - INFO - Epoch [29][10/25]	lr: 3.592e-01, eta: 0:09:37, time: 0.136, data_time: 0.091, memory: 861, top1_acc: 0.7688, top5_acc: 1.0000, loss_cls: 3.5501, loss: 3.5501, grad_norm: 1.8160
2022-04-24 23:52:50,769 - mmaction - INFO - Epoch [29][15/25]	lr: 3.530e-01, eta: 0:09:27, time: 0.130, data_time: 0.084, memory: 861, top1_acc: 0.8000, top5_acc: 0.9938, loss_cls: 3.3913, loss: 3.3913, grad_norm: 1.8728
2022-04-24 23:52:51,447 - mmaction - INFO - Epoch [29][20/25]	lr: 3.467e-01, eta: 0:09:18, time: 0.136, data_time: 0.091, memory: 861, top1_acc: 0.8250, top5_acc: 0.9812, loss_cls: 2.6702, loss: 2.6702, grad_norm: 1.4660
2022-04-24 23:52:52,589 - mmaction - INFO - Epoch [29][25/25]	lr: 3.405e-01, eta: 0:09:09, time: 0.228, data_time: 0.184, memory: 861, top1_acc: 0.7812, top5_acc: 0.9938, loss_cls: 3.6501, loss: 3.6501, grad_norm: 1.7434
2022-04-24 23:52:52,988 - mmaction - INFO - Saving checkpoint at 29 epochs
2022-04-24 23:53:19,652 - mmaction - INFO - Evaluating top_k_accuracy ...
2022-04-24 23:53:19,653 - mmaction - INFO - 
top1_acc	0.6889
top5_acc	0.9889
2022-04-24 23:53:19,653 - mmaction - INFO - Evaluating mean_class_accuracy ...
2022-04-24 23:53:19,654 - mmaction - INFO - 
mean_acc	0.6889
2022-04-24 23:53:19,654 - mmaction - INFO - Epoch(val) [29][6]	top1_acc: 0.6889, top5_acc: 0.9889, mean_class_accuracy: 0.6889
2022-04-24 23:53:45,129 - mmaction - INFO - Epoch [30][5/25]	lr: 3.343e-01, eta: 0:09:16, time: 5.093, data_time: 5.014, memory: 861, top1_acc: 0.7688, top5_acc: 0.9875, loss_cls: 4.3281, loss: 4.3281, grad_norm: 2.0411
2022-04-24 23:53:45,815 - mmaction - INFO - Epoch [30][10/25]	lr: 3.282e-01, eta: 0:09:07, time: 0.137, data_time: 0.074, memory: 861, top1_acc: 0.8875, top5_acc: 1.0000, loss_cls: 1.4952, loss: 1.4952, grad_norm: 1.1342
2022-04-24 23:53:46,473 - mmaction - INFO - Epoch [30][15/25]	lr: 3.220e-01, eta: 0:08:58, time: 0.132, data_time: 0.076, memory: 861, top1_acc: 0.8313, top5_acc: 1.0000, loss_cls: 2.0590, loss: 2.0590, grad_norm: 1.3435
2022-04-24 23:53:47,143 - mmaction - INFO - Epoch [30][20/25]	lr: 3.159e-01, eta: 0:08:49, time: 0.135, data_time: 0.087, memory: 861, top1_acc: 0.7937, top5_acc: 0.9750, loss_cls: 3.2707, loss: 3.2707, grad_norm: 1.6708
2022-04-24 23:53:48,258 - mmaction - INFO - Epoch [30][25/25]	lr: 3.099e-01, eta: 0:08:40, time: 0.223, data_time: 0.178, memory: 861, top1_acc: 0.7750, top5_acc: 0.9625, loss_cls: 3.8833, loss: 3.8833, grad_norm: 1.7631
2022-04-24 23:53:48,660 - mmaction - INFO - Saving checkpoint at 30 epochs
2022-04-24 23:54:15,332 - mmaction - INFO - Evaluating top_k_accuracy ...
2022-04-24 23:54:15,333 - mmaction - INFO - 
top1_acc	0.8000
top5_acc	0.9389
2022-04-24 23:54:15,333 - mmaction - INFO - Evaluating mean_class_accuracy ...
2022-04-24 23:54:15,333 - mmaction - INFO - 
mean_acc	0.8000
2022-04-24 23:54:15,333 - mmaction - INFO - Epoch(val) [30][6]	top1_acc: 0.8000, top5_acc: 0.9389, mean_class_accuracy: 0.8000
2022-04-24 23:54:40,934 - mmaction - INFO - Epoch [31][5/25]	lr: 3.038e-01, eta: 0:08:46, time: 5.119, data_time: 5.057, memory: 861, top1_acc: 0.8063, top5_acc: 0.9875, loss_cls: 2.4498, loss: 2.4498, grad_norm: 1.5014
2022-04-24 23:54:41,644 - mmaction - INFO - Epoch [31][10/25]	lr: 2.978e-01, eta: 0:08:37, time: 0.142, data_time: 0.085, memory: 861, top1_acc: 0.8187, top5_acc: 1.0000, loss_cls: 2.2390, loss: 2.2390, grad_norm: 1.3716
2022-04-24 23:54:42,310 - mmaction - INFO - Epoch [31][15/25]	lr: 2.919e-01, eta: 0:08:28, time: 0.133, data_time: 0.082, memory: 861, top1_acc: 0.8375, top5_acc: 1.0000, loss_cls: 2.0580, loss: 2.0580, grad_norm: 1.3893
2022-04-24 23:54:42,994 - mmaction - INFO - Epoch [31][20/25]	lr: 2.859e-01, eta: 0:08:20, time: 0.137, data_time: 0.088, memory: 861, top1_acc: 0.8313, top5_acc: 0.9875, loss_cls: 2.0217, loss: 2.0217, grad_norm: 1.4404
2022-04-24 23:54:44,096 - mmaction - INFO - Epoch [31][25/25]	lr: 2.800e-01, eta: 0:08:11, time: 0.221, data_time: 0.172, memory: 861, top1_acc: 0.8125, top5_acc: 1.0000, loss_cls: 2.5400, loss: 2.5400, grad_norm: 1.5061
2022-04-24 23:54:44,474 - mmaction - INFO - Saving checkpoint at 31 epochs
2022-04-24 23:55:11,411 - mmaction - INFO - Evaluating top_k_accuracy ...
2022-04-24 23:55:11,412 - mmaction - INFO - 
top1_acc	0.7556
top5_acc	0.9333
2022-04-24 23:55:11,412 - mmaction - INFO - Evaluating mean_class_accuracy ...
2022-04-24 23:55:11,413 - mmaction - INFO - 
mean_acc	0.7556
2022-04-24 23:55:11,413 - mmaction - INFO - Epoch(val) [31][6]	top1_acc: 0.7556, top5_acc: 0.9333, mean_class_accuracy: 0.7556
2022-04-24 23:55:36,871 - mmaction - INFO - Epoch [32][5/25]	lr: 2.742e-01, eta: 0:08:16, time: 5.090, data_time: 5.038, memory: 861, top1_acc: 0.8187, top5_acc: 0.9938, loss_cls: 2.4862, loss: 2.4862, grad_norm: 1.4820
2022-04-24 23:55:37,548 - mmaction - INFO - Epoch [32][10/25]	lr: 2.684e-01, eta: 0:08:07, time: 0.137, data_time: 0.089, memory: 861, top1_acc: 0.8125, top5_acc: 0.9875, loss_cls: 2.7738, loss: 2.7738, grad_norm: 1.5486
2022-04-24 23:55:38,228 - mmaction - INFO - Epoch [32][15/25]	lr: 2.626e-01, eta: 0:07:59, time: 0.136, data_time: 0.087, memory: 861, top1_acc: 0.8000, top5_acc: 0.9938, loss_cls: 3.4828, loss: 3.4828, grad_norm: 1.7569
2022-04-24 23:55:38,898 - mmaction - INFO - Epoch [32][20/25]	lr: 2.568e-01, eta: 0:07:50, time: 0.133, data_time: 0.087, memory: 861, top1_acc: 0.8625, top5_acc: 0.9938, loss_cls: 1.6231, loss: 1.6231, grad_norm: 1.2427
2022-04-24 23:55:40,008 - mmaction - INFO - Epoch [32][25/25]	lr: 2.511e-01, eta: 0:07:42, time: 0.223, data_time: 0.178, memory: 861, top1_acc: 0.8438, top5_acc: 1.0000, loss_cls: 1.1186, loss: 1.1186, grad_norm: 1.3062
2022-04-24 23:55:40,410 - mmaction - INFO - Saving checkpoint at 32 epochs
2022-04-24 23:56:07,243 - mmaction - INFO - Evaluating top_k_accuracy ...
2022-04-24 23:56:07,244 - mmaction - INFO - 
top1_acc	0.8056
top5_acc	0.9556
2022-04-24 23:56:07,244 - mmaction - INFO - Evaluating mean_class_accuracy ...
2022-04-24 23:56:07,245 - mmaction - INFO - 
mean_acc	0.8056
2022-04-24 23:56:07,247 - mmaction - INFO - The previous best checkpoint /home/yl/myposec3d/model_pth/exp3/NSNR-linear5-T9A2/best_top1_acc_epoch_27.pth was removed
2022-04-24 23:56:07,278 - mmaction - INFO - Now best checkpoint is saved as best_top1_acc_epoch_32.pth.
2022-04-24 23:56:07,278 - mmaction - INFO - Best top1_acc is 0.8056 at 32 epoch.
2022-04-24 23:56:07,278 - mmaction - INFO - Epoch(val) [32][6]	top1_acc: 0.8056, top5_acc: 0.9556, mean_class_accuracy: 0.8056
2022-04-24 23:56:32,512 - mmaction - INFO - Epoch [33][5/25]	lr: 2.455e-01, eta: 0:07:46, time: 5.046, data_time: 4.894, memory: 861, top1_acc: 0.8000, top5_acc: 1.0000, loss_cls: 2.1567, loss: 2.1567, grad_norm: 1.4906
2022-04-24 23:56:33,233 - mmaction - INFO - Epoch [33][10/25]	lr: 2.399e-01, eta: 0:07:37, time: 0.143, data_time: 0.038, memory: 861, top1_acc: 0.8187, top5_acc: 1.0000, loss_cls: 2.2602, loss: 2.2602, grad_norm: 1.7474
2022-04-24 23:56:33,855 - mmaction - INFO - Epoch [33][15/25]	lr: 2.343e-01, eta: 0:07:29, time: 0.126, data_time: 0.030, memory: 861, top1_acc: 0.8688, top5_acc: 1.0000, loss_cls: 1.5563, loss: 1.5563, grad_norm: 1.1070
2022-04-24 23:56:34,539 - mmaction - INFO - Epoch [33][20/25]	lr: 2.288e-01, eta: 0:07:21, time: 0.136, data_time: 0.042, memory: 861, top1_acc: 0.8625, top5_acc: 0.9938, loss_cls: 1.5368, loss: 1.5368, grad_norm: 1.3647
2022-04-24 23:56:35,602 - mmaction - INFO - Epoch [33][25/25]	lr: 2.233e-01, eta: 0:07:13, time: 0.213, data_time: 0.088, memory: 861, top1_acc: 0.8750, top5_acc: 1.0000, loss_cls: 1.6234, loss: 1.6234, grad_norm: 1.1800
2022-04-24 23:56:36,111 - mmaction - INFO - Saving checkpoint at 33 epochs
2022-04-24 23:57:02,789 - mmaction - INFO - Evaluating top_k_accuracy ...
2022-04-24 23:57:02,790 - mmaction - INFO - 
top1_acc	0.8222
top5_acc	0.9667
2022-04-24 23:57:02,790 - mmaction - INFO - Evaluating mean_class_accuracy ...
2022-04-24 23:57:02,791 - mmaction - INFO - 
mean_acc	0.8222
2022-04-24 23:57:02,793 - mmaction - INFO - The previous best checkpoint /home/yl/myposec3d/model_pth/exp3/NSNR-linear5-T9A2/best_top1_acc_epoch_32.pth was removed
2022-04-24 23:57:02,824 - mmaction - INFO - Now best checkpoint is saved as best_top1_acc_epoch_33.pth.
2022-04-24 23:57:02,824 - mmaction - INFO - Best top1_acc is 0.8222 at 33 epoch.
2022-04-24 23:57:02,825 - mmaction - INFO - Epoch(val) [33][6]	top1_acc: 0.8222, top5_acc: 0.9667, mean_class_accuracy: 0.8222
2022-04-24 23:57:28,286 - mmaction - INFO - Epoch [34][5/25]	lr: 2.179e-01, eta: 0:07:16, time: 5.092, data_time: 5.038, memory: 861, top1_acc: 0.8438, top5_acc: 1.0000, loss_cls: 1.8616, loss: 1.8616, grad_norm: 1.4147
2022-04-24 23:57:29,005 - mmaction - INFO - Epoch [34][10/25]	lr: 2.125e-01, eta: 0:07:08, time: 0.143, data_time: 0.095, memory: 861, top1_acc: 0.8938, top5_acc: 1.0000, loss_cls: 0.8945, loss: 0.8945, grad_norm: 1.0603
2022-04-24 23:57:29,668 - mmaction - INFO - Epoch [34][15/25]	lr: 2.072e-01, eta: 0:07:00, time: 0.134, data_time: 0.087, memory: 861, top1_acc: 0.8812, top5_acc: 0.9938, loss_cls: 1.1284, loss: 1.1284, grad_norm: 1.1930
2022-04-24 23:57:30,367 - mmaction - INFO - Epoch [34][20/25]	lr: 2.019e-01, eta: 0:06:52, time: 0.138, data_time: 0.092, memory: 861, top1_acc: 0.8375, top5_acc: 1.0000, loss_cls: 1.7888, loss: 1.7888, grad_norm: 1.2217
2022-04-24 23:57:31,439 - mmaction - INFO - Epoch [34][25/25]	lr: 1.967e-01, eta: 0:06:44, time: 0.216, data_time: 0.172, memory: 861, top1_acc: 0.8063, top5_acc: 1.0000, loss_cls: 2.1768, loss: 2.1768, grad_norm: 1.6037
2022-04-24 23:57:31,837 - mmaction - INFO - Saving checkpoint at 34 epochs
2022-04-24 23:57:58,528 - mmaction - INFO - Evaluating top_k_accuracy ...
2022-04-24 23:57:58,529 - mmaction - INFO - 
top1_acc	0.8444
top5_acc	0.9944
2022-04-24 23:57:58,529 - mmaction - INFO - Evaluating mean_class_accuracy ...
2022-04-24 23:57:58,529 - mmaction - INFO - 
mean_acc	0.8444
2022-04-24 23:57:58,531 - mmaction - INFO - The previous best checkpoint /home/yl/myposec3d/model_pth/exp3/NSNR-linear5-T9A2/best_top1_acc_epoch_33.pth was removed
2022-04-24 23:57:58,559 - mmaction - INFO - Now best checkpoint is saved as best_top1_acc_epoch_34.pth.
2022-04-24 23:57:58,560 - mmaction - INFO - Best top1_acc is 0.8444 at 34 epoch.
2022-04-24 23:57:58,560 - mmaction - INFO - Epoch(val) [34][6]	top1_acc: 0.8444, top5_acc: 0.9944, mean_class_accuracy: 0.8444
2022-04-24 23:58:24,229 - mmaction - INFO - Epoch [35][5/25]	lr: 1.915e-01, eta: 0:06:46, time: 5.133, data_time: 5.050, memory: 861, top1_acc: 0.8500, top5_acc: 0.9938, loss_cls: 1.7943, loss: 1.7943, grad_norm: 1.3479
2022-04-24 23:58:24,918 - mmaction - INFO - Epoch [35][10/25]	lr: 1.864e-01, eta: 0:06:38, time: 0.138, data_time: 0.078, memory: 861, top1_acc: 0.9250, top5_acc: 0.9938, loss_cls: 0.7958, loss: 0.7958, grad_norm: 0.8279
2022-04-24 23:58:25,592 - mmaction - INFO - Epoch [35][15/25]	lr: 1.813e-01, eta: 0:06:30, time: 0.135, data_time: 0.077, memory: 861, top1_acc: 0.8375, top5_acc: 0.9938, loss_cls: 1.4946, loss: 1.4946, grad_norm: 1.3700
2022-04-24 23:58:26,285 - mmaction - INFO - Epoch [35][20/25]	lr: 1.763e-01, eta: 0:06:22, time: 0.139, data_time: 0.079, memory: 861, top1_acc: 0.8063, top5_acc: 0.9938, loss_cls: 2.7857, loss: 2.7857, grad_norm: 1.5227
2022-04-24 23:58:27,415 - mmaction - INFO - Epoch [35][25/25]	lr: 1.713e-01, eta: 0:06:15, time: 0.226, data_time: 0.152, memory: 861, top1_acc: 0.8938, top5_acc: 1.0000, loss_cls: 1.1380, loss: 1.1380, grad_norm: 1.0195
2022-04-24 23:58:27,833 - mmaction - INFO - Saving checkpoint at 35 epochs
2022-04-24 23:58:54,400 - mmaction - INFO - Evaluating top_k_accuracy ...
2022-04-24 23:58:54,401 - mmaction - INFO - 
top1_acc	0.8333
top5_acc	0.9611
2022-04-24 23:58:54,401 - mmaction - INFO - Evaluating mean_class_accuracy ...
2022-04-24 23:58:54,401 - mmaction - INFO - 
mean_acc	0.8333
2022-04-24 23:58:54,401 - mmaction - INFO - Epoch(val) [35][6]	top1_acc: 0.8333, top5_acc: 0.9611, mean_class_accuracy: 0.8333
2022-04-24 23:59:20,211 - mmaction - INFO - Epoch [36][5/25]	lr: 1.664e-01, eta: 0:06:16, time: 5.161, data_time: 5.109, memory: 861, top1_acc: 0.8688, top5_acc: 0.9938, loss_cls: 1.9540, loss: 1.9540, grad_norm: 1.1112
2022-04-24 23:59:20,887 - mmaction - INFO - Epoch [36][10/25]	lr: 1.616e-01, eta: 0:06:09, time: 0.135, data_time: 0.087, memory: 861, top1_acc: 0.8438, top5_acc: 1.0000, loss_cls: 1.4544, loss: 1.4544, grad_norm: 1.5019
2022-04-24 23:59:21,588 - mmaction - INFO - Epoch [36][15/25]	lr: 1.568e-01, eta: 0:06:01, time: 0.139, data_time: 0.092, memory: 861, top1_acc: 0.8500, top5_acc: 1.0000, loss_cls: 1.7922, loss: 1.7922, grad_norm: 1.2245
2022-04-24 23:59:22,269 - mmaction - INFO - Epoch [36][20/25]	lr: 1.520e-01, eta: 0:05:53, time: 0.137, data_time: 0.091, memory: 861, top1_acc: 0.8187, top5_acc: 0.9875, loss_cls: 2.8322, loss: 2.8322, grad_norm: 1.4054
2022-04-24 23:59:23,374 - mmaction - INFO - Epoch [36][25/25]	lr: 1.474e-01, eta: 0:05:46, time: 0.222, data_time: 0.176, memory: 861, top1_acc: 0.8938, top5_acc: 0.9938, loss_cls: 1.1776, loss: 1.1776, grad_norm: 1.1249
2022-04-24 23:59:23,833 - mmaction - INFO - Saving checkpoint at 36 epochs
2022-04-24 23:59:50,429 - mmaction - INFO - Evaluating top_k_accuracy ...
2022-04-24 23:59:50,429 - mmaction - INFO - 
top1_acc	0.8167
top5_acc	0.9667
2022-04-24 23:59:50,429 - mmaction - INFO - Evaluating mean_class_accuracy ...
2022-04-24 23:59:50,430 - mmaction - INFO - 
mean_acc	0.8167
2022-04-24 23:59:50,430 - mmaction - INFO - Epoch(val) [36][6]	top1_acc: 0.8167, top5_acc: 0.9667, mean_class_accuracy: 0.8167
2022-04-25 00:00:15,952 - mmaction - INFO - Epoch [37][5/25]	lr: 1.428e-01, eta: 0:05:47, time: 5.102, data_time: 5.052, memory: 861, top1_acc: 0.8375, top5_acc: 0.9938, loss_cls: 1.8294, loss: 1.8294, grad_norm: 1.4022
2022-04-25 00:00:16,643 - mmaction - INFO - Epoch [37][10/25]	lr: 1.382e-01, eta: 0:05:39, time: 0.140, data_time: 0.091, memory: 861, top1_acc: 0.8375, top5_acc: 1.0000, loss_cls: 1.7493, loss: 1.7493, grad_norm: 1.6312
2022-04-25 00:00:17,315 - mmaction - INFO - Epoch [37][15/25]	lr: 1.337e-01, eta: 0:05:32, time: 0.134, data_time: 0.086, memory: 861, top1_acc: 0.8688, top5_acc: 1.0000, loss_cls: 1.1796, loss: 1.1796, grad_norm: 1.2559
2022-04-25 00:00:17,998 - mmaction - INFO - Epoch [37][20/25]	lr: 1.293e-01, eta: 0:05:24, time: 0.136, data_time: 0.089, memory: 861, top1_acc: 0.8500, top5_acc: 0.9938, loss_cls: 1.6227, loss: 1.6227, grad_norm: 1.1523
2022-04-25 00:00:19,058 - mmaction - INFO - Epoch [37][25/25]	lr: 1.249e-01, eta: 0:05:17, time: 0.213, data_time: 0.168, memory: 861, top1_acc: 0.8750, top5_acc: 1.0000, loss_cls: 1.0425, loss: 1.0425, grad_norm: 1.2524
2022-04-25 00:00:19,458 - mmaction - INFO - Saving checkpoint at 37 epochs
2022-04-25 00:00:46,258 - mmaction - INFO - Evaluating top_k_accuracy ...
2022-04-25 00:00:46,259 - mmaction - INFO - 
top1_acc	0.8056
top5_acc	0.9667
2022-04-25 00:00:46,259 - mmaction - INFO - Evaluating mean_class_accuracy ...
2022-04-25 00:00:46,260 - mmaction - INFO - 
mean_acc	0.8056
2022-04-25 00:00:46,260 - mmaction - INFO - Epoch(val) [37][6]	top1_acc: 0.8056, top5_acc: 0.9667, mean_class_accuracy: 0.8056
2022-04-25 00:01:11,708 - mmaction - INFO - Epoch [38][5/25]	lr: 1.206e-01, eta: 0:05:17, time: 5.088, data_time: 5.036, memory: 861, top1_acc: 0.8500, top5_acc: 0.9938, loss_cls: 1.4316, loss: 1.4316, grad_norm: 1.2575
2022-04-25 00:01:12,382 - mmaction - INFO - Epoch [38][10/25]	lr: 1.164e-01, eta: 0:05:10, time: 0.136, data_time: 0.090, memory: 861, top1_acc: 0.8438, top5_acc: 1.0000, loss_cls: 1.4542, loss: 1.4542, grad_norm: 1.4290
2022-04-25 00:01:13,059 - mmaction - INFO - Epoch [38][15/25]	lr: 1.123e-01, eta: 0:05:02, time: 0.134, data_time: 0.086, memory: 861, top1_acc: 0.8500, top5_acc: 0.9938, loss_cls: 1.7586, loss: 1.7586, grad_norm: 1.2852
2022-04-25 00:01:13,745 - mmaction - INFO - Epoch [38][20/25]	lr: 1.082e-01, eta: 0:04:55, time: 0.138, data_time: 0.091, memory: 861, top1_acc: 0.8562, top5_acc: 0.9938, loss_cls: 1.3875, loss: 1.3875, grad_norm: 1.3579
2022-04-25 00:01:14,843 - mmaction - INFO - Epoch [38][25/25]	lr: 1.041e-01, eta: 0:04:48, time: 0.221, data_time: 0.176, memory: 861, top1_acc: 0.8625, top5_acc: 0.9875, loss_cls: 2.2159, loss: 2.2159, grad_norm: 1.5094
2022-04-25 00:01:15,281 - mmaction - INFO - Saving checkpoint at 38 epochs
2022-04-25 00:01:41,959 - mmaction - INFO - Evaluating top_k_accuracy ...
2022-04-25 00:01:41,959 - mmaction - INFO - 
top1_acc	0.7778
top5_acc	0.9778
2022-04-25 00:01:41,959 - mmaction - INFO - Evaluating mean_class_accuracy ...
2022-04-25 00:01:41,960 - mmaction - INFO - 
mean_acc	0.7778
2022-04-25 00:01:41,960 - mmaction - INFO - Epoch(val) [38][6]	top1_acc: 0.7778, top5_acc: 0.9778, mean_class_accuracy: 0.7778
2022-04-25 00:02:07,451 - mmaction - INFO - Epoch [39][5/25]	lr: 1.002e-01, eta: 0:04:47, time: 5.097, data_time: 5.021, memory: 861, top1_acc: 0.8625, top5_acc: 1.0000, loss_cls: 1.5471, loss: 1.5471, grad_norm: 1.3059
2022-04-25 00:02:08,135 - mmaction - INFO - Epoch [39][10/25]	lr: 9.626e-02, eta: 0:04:40, time: 0.138, data_time: 0.074, memory: 861, top1_acc: 0.9062, top5_acc: 1.0000, loss_cls: 0.9339, loss: 0.9339, grad_norm: 1.0261
2022-04-25 00:02:08,803 - mmaction - INFO - Epoch [39][15/25]	lr: 9.244e-02, eta: 0:04:33, time: 0.133, data_time: 0.068, memory: 861, top1_acc: 0.8500, top5_acc: 0.9938, loss_cls: 1.6452, loss: 1.6452, grad_norm: 1.2539
2022-04-25 00:02:09,503 - mmaction - INFO - Epoch [39][20/25]	lr: 8.868e-02, eta: 0:04:26, time: 0.139, data_time: 0.070, memory: 861, top1_acc: 0.8250, top5_acc: 1.0000, loss_cls: 1.8902, loss: 1.8902, grad_norm: 1.4842
2022-04-25 00:02:10,593 - mmaction - INFO - Epoch [39][25/25]	lr: 8.499e-02, eta: 0:04:19, time: 0.219, data_time: 0.130, memory: 861, top1_acc: 0.9125, top5_acc: 0.9938, loss_cls: 0.8632, loss: 0.8632, grad_norm: 0.9816
2022-04-25 00:02:10,993 - mmaction - INFO - Saving checkpoint at 39 epochs
2022-04-25 00:02:37,981 - mmaction - INFO - Evaluating top_k_accuracy ...
2022-04-25 00:02:37,982 - mmaction - INFO - 
top1_acc	0.7722
top5_acc	0.9667
2022-04-25 00:02:37,982 - mmaction - INFO - Evaluating mean_class_accuracy ...
2022-04-25 00:02:37,982 - mmaction - INFO - 
mean_acc	0.7722
2022-04-25 00:02:37,982 - mmaction - INFO - Epoch(val) [39][6]	top1_acc: 0.7722, top5_acc: 0.9667, mean_class_accuracy: 0.7722
2022-04-25 00:03:03,742 - mmaction - INFO - Epoch [40][5/25]	lr: 8.138e-02, eta: 0:04:18, time: 5.151, data_time: 5.079, memory: 861, top1_acc: 0.8688, top5_acc: 1.0000, loss_cls: 0.8521, loss: 0.8521, grad_norm: 1.0199
2022-04-25 00:03:04,421 - mmaction - INFO - Epoch [40][10/25]	lr: 7.784e-02, eta: 0:04:11, time: 0.136, data_time: 0.077, memory: 861, top1_acc: 0.9125, top5_acc: 0.9938, loss_cls: 1.0344, loss: 1.0344, grad_norm: 0.9032
2022-04-25 00:03:05,083 - mmaction - INFO - Epoch [40][15/25]	lr: 7.437e-02, eta: 0:04:04, time: 0.131, data_time: 0.079, memory: 861, top1_acc: 0.8688, top5_acc: 1.0000, loss_cls: 1.1274, loss: 1.1274, grad_norm: 1.1058
2022-04-25 00:03:05,764 - mmaction - INFO - Epoch [40][20/25]	lr: 7.097e-02, eta: 0:03:57, time: 0.138, data_time: 0.085, memory: 861, top1_acc: 0.8438, top5_acc: 1.0000, loss_cls: 1.5621, loss: 1.5621, grad_norm: 1.1805
2022-04-25 00:03:06,903 - mmaction - INFO - Epoch [40][25/25]	lr: 6.764e-02, eta: 0:03:50, time: 0.228, data_time: 0.156, memory: 861, top1_acc: 0.8375, top5_acc: 1.0000, loss_cls: 0.9279, loss: 0.9279, grad_norm: 1.3772
2022-04-25 00:03:07,306 - mmaction - INFO - Saving checkpoint at 40 epochs
2022-04-25 00:03:33,853 - mmaction - INFO - Evaluating top_k_accuracy ...
2022-04-25 00:03:33,854 - mmaction - INFO - 
top1_acc	0.8500
top5_acc	0.9500
2022-04-25 00:03:33,854 - mmaction - INFO - Evaluating mean_class_accuracy ...
2022-04-25 00:03:33,854 - mmaction - INFO - 
mean_acc	0.8500
2022-04-25 00:03:33,857 - mmaction - INFO - The previous best checkpoint /home/yl/myposec3d/model_pth/exp3/NSNR-linear5-T9A2/best_top1_acc_epoch_34.pth was removed
2022-04-25 00:03:33,883 - mmaction - INFO - Now best checkpoint is saved as best_top1_acc_epoch_40.pth.
2022-04-25 00:03:33,884 - mmaction - INFO - Best top1_acc is 0.8500 at 40 epoch.
2022-04-25 00:03:33,884 - mmaction - INFO - Epoch(val) [40][6]	top1_acc: 0.8500, top5_acc: 0.9500, mean_class_accuracy: 0.8500
2022-04-25 00:03:59,183 - mmaction - INFO - Epoch [41][5/25]	lr: 6.439e-02, eta: 0:03:48, time: 5.059, data_time: 4.995, memory: 861, top1_acc: 0.8688, top5_acc: 1.0000, loss_cls: 1.3063, loss: 1.3063, grad_norm: 1.0403
2022-04-25 00:03:59,857 - mmaction - INFO - Epoch [41][10/25]	lr: 6.122e-02, eta: 0:03:42, time: 0.135, data_time: 0.087, memory: 861, top1_acc: 0.9062, top5_acc: 1.0000, loss_cls: 0.6982, loss: 0.6982, grad_norm: 0.9646
2022-04-25 00:04:00,539 - mmaction - INFO - Epoch [41][15/25]	lr: 5.812e-02, eta: 0:03:35, time: 0.136, data_time: 0.082, memory: 861, top1_acc: 0.8875, top5_acc: 1.0000, loss_cls: 1.0043, loss: 1.0043, grad_norm: 1.1367
2022-04-25 00:04:01,188 - mmaction - INFO - Epoch [41][20/25]	lr: 5.509e-02, eta: 0:03:28, time: 0.130, data_time: 0.081, memory: 861, top1_acc: 0.8438, top5_acc: 0.9938, loss_cls: 1.5917, loss: 1.5917, grad_norm: 1.2090
2022-04-25 00:04:02,284 - mmaction - INFO - Epoch [41][25/25]	lr: 5.214e-02, eta: 0:03:21, time: 0.219, data_time: 0.167, memory: 861, top1_acc: 0.8688, top5_acc: 1.0000, loss_cls: 1.1679, loss: 1.1679, grad_norm: 1.0832
2022-04-25 00:04:02,715 - mmaction - INFO - Saving checkpoint at 41 epochs
2022-04-25 00:04:29,736 - mmaction - INFO - Evaluating top_k_accuracy ...
2022-04-25 00:04:29,737 - mmaction - INFO - 
top1_acc	0.7833
top5_acc	0.9778
2022-04-25 00:04:29,737 - mmaction - INFO - Evaluating mean_class_accuracy ...
2022-04-25 00:04:29,737 - mmaction - INFO - 
mean_acc	0.7833
2022-04-25 00:04:29,737 - mmaction - INFO - Epoch(val) [41][6]	top1_acc: 0.7833, top5_acc: 0.9778, mean_class_accuracy: 0.7833
2022-04-25 00:04:55,254 - mmaction - INFO - Epoch [42][5/25]	lr: 4.927e-02, eta: 0:03:19, time: 5.101, data_time: 5.032, memory: 861, top1_acc: 0.8125, top5_acc: 1.0000, loss_cls: 1.3563, loss: 1.3563, grad_norm: 1.3596
2022-04-25 00:04:55,925 - mmaction - INFO - Epoch [42][10/25]	lr: 4.648e-02, eta: 0:03:12, time: 0.134, data_time: 0.082, memory: 861, top1_acc: 0.8938, top5_acc: 0.9938, loss_cls: 1.2328, loss: 1.2328, grad_norm: 1.0555
2022-04-25 00:04:56,598 - mmaction - INFO - Epoch [42][15/25]	lr: 4.376e-02, eta: 0:03:06, time: 0.136, data_time: 0.081, memory: 861, top1_acc: 0.8875, top5_acc: 1.0000, loss_cls: 0.8329, loss: 0.8329, grad_norm: 1.0124
2022-04-25 00:04:57,271 - mmaction - INFO - Epoch [42][20/25]	lr: 4.112e-02, eta: 0:02:59, time: 0.133, data_time: 0.080, memory: 861, top1_acc: 0.8625, top5_acc: 0.9938, loss_cls: 0.9631, loss: 0.9631, grad_norm: 1.1754
2022-04-25 00:04:58,373 - mmaction - INFO - Epoch [42][25/25]	lr: 3.856e-02, eta: 0:02:53, time: 0.222, data_time: 0.159, memory: 861, top1_acc: 0.8688, top5_acc: 1.0000, loss_cls: 1.7121, loss: 1.7121, grad_norm: 0.9723
2022-04-25 00:04:58,774 - mmaction - INFO - Saving checkpoint at 42 epochs
2022-04-25 00:05:25,717 - mmaction - INFO - Evaluating top_k_accuracy ...
2022-04-25 00:05:25,718 - mmaction - INFO - 
top1_acc	0.8333
top5_acc	0.9667
2022-04-25 00:05:25,718 - mmaction - INFO - Evaluating mean_class_accuracy ...
2022-04-25 00:05:25,719 - mmaction - INFO - 
mean_acc	0.8333
2022-04-25 00:05:25,719 - mmaction - INFO - Epoch(val) [42][6]	top1_acc: 0.8333, top5_acc: 0.9667, mean_class_accuracy: 0.8333
2022-04-25 00:05:51,118 - mmaction - INFO - Epoch [43][5/25]	lr: 3.608e-02, eta: 0:02:50, time: 5.078, data_time: 4.996, memory: 861, top1_acc: 0.9437, top5_acc: 1.0000, loss_cls: 0.5844, loss: 0.5844, grad_norm: 0.6465
2022-04-25 00:05:51,815 - mmaction - INFO - Epoch [43][10/25]	lr: 3.368e-02, eta: 0:02:43, time: 0.140, data_time: 0.074, memory: 861, top1_acc: 0.8438, top5_acc: 0.9938, loss_cls: 1.6356, loss: 1.6356, grad_norm: 1.3531
2022-04-25 00:05:52,527 - mmaction - INFO - Epoch [43][15/25]	lr: 3.136e-02, eta: 0:02:36, time: 0.142, data_time: 0.072, memory: 861, top1_acc: 0.8812, top5_acc: 1.0000, loss_cls: 1.1693, loss: 1.1693, grad_norm: 1.0835
2022-04-25 00:05:53,193 - mmaction - INFO - Epoch [43][20/25]	lr: 2.912e-02, eta: 0:02:30, time: 0.133, data_time: 0.064, memory: 861, top1_acc: 0.8625, top5_acc: 1.0000, loss_cls: 1.2361, loss: 1.2361, grad_norm: 1.2679
2022-04-25 00:05:54,296 - mmaction - INFO - Epoch [43][25/25]	lr: 2.696e-02, eta: 0:02:24, time: 0.221, data_time: 0.130, memory: 861, top1_acc: 0.9125, top5_acc: 0.9938, loss_cls: 0.8034, loss: 0.8034, grad_norm: 0.8751
2022-04-25 00:05:54,670 - mmaction - INFO - Saving checkpoint at 43 epochs
2022-04-25 00:06:21,753 - mmaction - INFO - Evaluating top_k_accuracy ...
2022-04-25 00:06:21,754 - mmaction - INFO - 
top1_acc	0.8556
top5_acc	0.9667
2022-04-25 00:06:21,754 - mmaction - INFO - Evaluating mean_class_accuracy ...
2022-04-25 00:06:21,754 - mmaction - INFO - 
mean_acc	0.8556
2022-04-25 00:06:21,756 - mmaction - INFO - The previous best checkpoint /home/yl/myposec3d/model_pth/exp3/NSNR-linear5-T9A2/best_top1_acc_epoch_40.pth was removed
2022-04-25 00:06:21,784 - mmaction - INFO - Now best checkpoint is saved as best_top1_acc_epoch_43.pth.
2022-04-25 00:06:21,785 - mmaction - INFO - Best top1_acc is 0.8556 at 43 epoch.
2022-04-25 00:06:21,785 - mmaction - INFO - Epoch(val) [43][6]	top1_acc: 0.8556, top5_acc: 0.9667, mean_class_accuracy: 0.8556
2022-04-25 00:06:47,173 - mmaction - INFO - Epoch [44][5/25]	lr: 2.488e-02, eta: 0:02:20, time: 5.076, data_time: 4.917, memory: 861, top1_acc: 0.8313, top5_acc: 0.9938, loss_cls: 1.5801, loss: 1.5801, grad_norm: 1.2276
2022-04-25 00:06:47,843 - mmaction - INFO - Epoch [44][10/25]	lr: 2.288e-02, eta: 0:02:14, time: 0.135, data_time: 0.032, memory: 861, top1_acc: 0.8688, top5_acc: 1.0000, loss_cls: 1.3622, loss: 1.3622, grad_norm: 1.1465
2022-04-25 00:06:48,527 - mmaction - INFO - Epoch [44][15/25]	lr: 2.096e-02, eta: 0:02:07, time: 0.135, data_time: 0.030, memory: 861, top1_acc: 0.8875, top5_acc: 0.9938, loss_cls: 1.0414, loss: 1.0414, grad_norm: 0.9927
2022-04-25 00:06:49,223 - mmaction - INFO - Epoch [44][20/25]	lr: 1.913e-02, eta: 0:02:01, time: 0.139, data_time: 0.031, memory: 861, top1_acc: 0.8938, top5_acc: 1.0000, loss_cls: 0.9121, loss: 0.9121, grad_norm: 0.9724
2022-04-25 00:06:50,330 - mmaction - INFO - Epoch [44][25/25]	lr: 1.738e-02, eta: 0:01:55, time: 0.223, data_time: 0.050, memory: 861, top1_acc: 0.9000, top5_acc: 1.0000, loss_cls: 0.8213, loss: 0.8213, grad_norm: 0.9895
2022-04-25 00:06:50,764 - mmaction - INFO - Saving checkpoint at 44 epochs
2022-04-25 00:07:17,677 - mmaction - INFO - Evaluating top_k_accuracy ...
2022-04-25 00:07:17,678 - mmaction - INFO - 
top1_acc	0.8556
top5_acc	0.9667
2022-04-25 00:07:17,678 - mmaction - INFO - Evaluating mean_class_accuracy ...
2022-04-25 00:07:17,679 - mmaction - INFO - 
mean_acc	0.8556
2022-04-25 00:07:17,679 - mmaction - INFO - Epoch(val) [44][6]	top1_acc: 0.8556, top5_acc: 0.9667, mean_class_accuracy: 0.8556
2022-04-25 00:07:43,135 - mmaction - INFO - Epoch [45][5/25]	lr: 1.571e-02, eta: 0:01:51, time: 5.090, data_time: 5.040, memory: 861, top1_acc: 0.8562, top5_acc: 1.0000, loss_cls: 0.7616, loss: 0.7616, grad_norm: 1.2000
2022-04-25 00:07:43,817 - mmaction - INFO - Epoch [45][10/25]	lr: 1.412e-02, eta: 0:01:44, time: 0.136, data_time: 0.088, memory: 861, top1_acc: 0.8750, top5_acc: 0.9938, loss_cls: 1.2268, loss: 1.2268, grad_norm: 1.1536
2022-04-25 00:07:44,488 - mmaction - INFO - Epoch [45][15/25]	lr: 1.262e-02, eta: 0:01:38, time: 0.134, data_time: 0.085, memory: 861, top1_acc: 0.9062, top5_acc: 1.0000, loss_cls: 0.9811, loss: 0.9811, grad_norm: 1.0099
2022-04-25 00:07:45,170 - mmaction - INFO - Epoch [45][20/25]	lr: 1.120e-02, eta: 0:01:32, time: 0.136, data_time: 0.085, memory: 861, top1_acc: 0.8812, top5_acc: 0.9938, loss_cls: 1.0101, loss: 1.0101, grad_norm: 1.0558
2022-04-25 00:07:46,271 - mmaction - INFO - Epoch [45][25/25]	lr: 9.864e-03, eta: 0:01:26, time: 0.220, data_time: 0.172, memory: 861, top1_acc: 0.8750, top5_acc: 1.0000, loss_cls: 0.9219, loss: 0.9219, grad_norm: 1.0069
2022-04-25 00:07:46,624 - mmaction - INFO - Saving checkpoint at 45 epochs
2022-04-25 00:08:13,644 - mmaction - INFO - Evaluating top_k_accuracy ...
2022-04-25 00:08:13,645 - mmaction - INFO - 
top1_acc	0.8611
top5_acc	0.9667
2022-04-25 00:08:13,645 - mmaction - INFO - Evaluating mean_class_accuracy ...
2022-04-25 00:08:13,646 - mmaction - INFO - 
mean_acc	0.8611
2022-04-25 00:08:13,647 - mmaction - INFO - The previous best checkpoint /home/yl/myposec3d/model_pth/exp3/NSNR-linear5-T9A2/best_top1_acc_epoch_43.pth was removed
2022-04-25 00:08:13,678 - mmaction - INFO - Now best checkpoint is saved as best_top1_acc_epoch_45.pth.
2022-04-25 00:08:13,678 - mmaction - INFO - Best top1_acc is 0.8611 at 45 epoch.
2022-04-25 00:08:13,678 - mmaction - INFO - Epoch(val) [45][6]	top1_acc: 0.8611, top5_acc: 0.9667, mean_class_accuracy: 0.8611
2022-04-25 00:08:39,455 - mmaction - INFO - Epoch [46][5/25]	lr: 8.613e-03, eta: 0:01:21, time: 5.153, data_time: 5.084, memory: 861, top1_acc: 0.8750, top5_acc: 1.0000, loss_cls: 1.1597, loss: 1.1597, grad_norm: 1.1457
2022-04-25 00:08:40,140 - mmaction - INFO - Epoch [46][10/25]	lr: 7.445e-03, eta: 0:01:15, time: 0.137, data_time: 0.079, memory: 861, top1_acc: 0.9125, top5_acc: 1.0000, loss_cls: 0.6645, loss: 0.6645, grad_norm: 0.8506
2022-04-25 00:08:40,810 - mmaction - INFO - Epoch [46][15/25]	lr: 6.362e-03, eta: 0:01:09, time: 0.135, data_time: 0.077, memory: 861, top1_acc: 0.8750, top5_acc: 1.0000, loss_cls: 0.9345, loss: 0.9345, grad_norm: 1.1097
2022-04-25 00:08:41,473 - mmaction - INFO - Epoch [46][20/25]	lr: 5.364e-03, eta: 0:01:03, time: 0.133, data_time: 0.077, memory: 861, top1_acc: 0.8688, top5_acc: 1.0000, loss_cls: 1.3385, loss: 1.3385, grad_norm: 1.1608
2022-04-25 00:08:42,603 - mmaction - INFO - Epoch [46][25/25]	lr: 4.450e-03, eta: 0:00:57, time: 0.226, data_time: 0.152, memory: 861, top1_acc: 0.9250, top5_acc: 0.9938, loss_cls: 0.6231, loss: 0.6231, grad_norm: 0.8159
2022-04-25 00:08:43,052 - mmaction - INFO - Saving checkpoint at 46 epochs
2022-04-25 00:09:09,741 - mmaction - INFO - Evaluating top_k_accuracy ...
2022-04-25 00:09:09,742 - mmaction - INFO - 
top1_acc	0.8556
top5_acc	0.9611
2022-04-25 00:09:09,742 - mmaction - INFO - Evaluating mean_class_accuracy ...
2022-04-25 00:09:09,742 - mmaction - INFO - 
mean_acc	0.8556
2022-04-25 00:09:09,742 - mmaction - INFO - Epoch(val) [46][6]	top1_acc: 0.8556, top5_acc: 0.9611, mean_class_accuracy: 0.8556
2022-04-25 00:09:35,249 - mmaction - INFO - Epoch [47][5/25]	lr: 3.621e-03, eta: 0:00:52, time: 5.100, data_time: 5.029, memory: 861, top1_acc: 0.8875, top5_acc: 0.9938, loss_cls: 1.1930, loss: 1.1930, grad_norm: 1.1791
2022-04-25 00:09:35,952 - mmaction - INFO - Epoch [47][10/25]	lr: 2.878e-03, eta: 0:00:46, time: 0.141, data_time: 0.077, memory: 861, top1_acc: 0.8500, top5_acc: 1.0000, loss_cls: 1.3271, loss: 1.3271, grad_norm: 1.1877
2022-04-25 00:09:36,599 - mmaction - INFO - Epoch [47][15/25]	lr: 2.219e-03, eta: 0:00:40, time: 0.129, data_time: 0.067, memory: 861, top1_acc: 0.8812, top5_acc: 1.0000, loss_cls: 1.2118, loss: 1.2118, grad_norm: 1.0360
2022-04-25 00:09:37,273 - mmaction - INFO - Epoch [47][20/25]	lr: 1.646e-03, eta: 0:00:34, time: 0.133, data_time: 0.073, memory: 861, top1_acc: 0.8438, top5_acc: 1.0000, loss_cls: 1.4762, loss: 1.4762, grad_norm: 1.1920
2022-04-25 00:09:38,362 - mmaction - INFO - Epoch [47][25/25]	lr: 1.158e-03, eta: 0:00:28, time: 0.219, data_time: 0.142, memory: 861, top1_acc: 0.9062, top5_acc: 1.0000, loss_cls: 0.8497, loss: 0.8497, grad_norm: 0.8540
2022-04-25 00:09:38,747 - mmaction - INFO - Saving checkpoint at 47 epochs
2022-04-25 00:10:05,603 - mmaction - INFO - Evaluating top_k_accuracy ...
2022-04-25 00:10:05,603 - mmaction - INFO - 
top1_acc	0.8556
top5_acc	0.9667
2022-04-25 00:10:05,603 - mmaction - INFO - Evaluating mean_class_accuracy ...
2022-04-25 00:10:05,604 - mmaction - INFO - 
mean_acc	0.8556
2022-04-25 00:10:05,604 - mmaction - INFO - Epoch(val) [47][6]	top1_acc: 0.8556, top5_acc: 0.9667, mean_class_accuracy: 0.8556
2022-04-25 00:10:31,202 - mmaction - INFO - Epoch [48][5/25]	lr: 7.555e-04, eta: 0:00:23, time: 5.118, data_time: 5.041, memory: 861, top1_acc: 0.8938, top5_acc: 1.0000, loss_cls: 0.7454, loss: 0.7454, grad_norm: 1.0538
2022-04-25 00:10:31,878 - mmaction - INFO - Epoch [48][10/25]	lr: 4.386e-04, eta: 0:00:17, time: 0.137, data_time: 0.071, memory: 861, top1_acc: 0.8438, top5_acc: 1.0000, loss_cls: 1.7621, loss: 1.7621, grad_norm: 1.4300
2022-04-25 00:10:32,559 - mmaction - INFO - Epoch [48][15/25]	lr: 2.073e-04, eta: 0:00:11, time: 0.135, data_time: 0.070, memory: 861, top1_acc: 0.8750, top5_acc: 1.0000, loss_cls: 0.7500, loss: 0.7500, grad_norm: 0.9963
2022-04-25 00:10:33,254 - mmaction - INFO - Epoch [48][20/25]	lr: 6.168e-05, eta: 0:00:05, time: 0.139, data_time: 0.070, memory: 861, top1_acc: 0.9062, top5_acc: 1.0000, loss_cls: 0.8616, loss: 0.8616, grad_norm: 0.8660
2022-04-25 00:10:34,362 - mmaction - INFO - Epoch [48][25/25]	lr: 1.713e-06, eta: 0:00:00, time: 0.223, data_time: 0.135, memory: 861, top1_acc: 0.9000, top5_acc: 1.0000, loss_cls: 0.6704, loss: 0.6704, grad_norm: 0.9591
2022-04-25 00:10:34,733 - mmaction - INFO - Saving checkpoint at 48 epochs
2022-04-25 00:11:01,506 - mmaction - INFO - Evaluating top_k_accuracy ...
2022-04-25 00:11:01,506 - mmaction - INFO - 
top1_acc	0.8556
top5_acc	0.9667
2022-04-25 00:11:01,506 - mmaction - INFO - Evaluating mean_class_accuracy ...
2022-04-25 00:11:01,507 - mmaction - INFO - 
mean_acc	0.8556
2022-04-25 00:11:01,507 - mmaction - INFO - Epoch(val) [48][6]	top1_acc: 0.8556, top5_acc: 0.9667, mean_class_accuracy: 0.8556
