2022-04-28 06:59:34,508 - mmaction - INFO - Environment info:
------------------------------------------------------------
sys.platform: linux
Python: 3.8.12 | packaged by conda-forge | (default, Oct 12 2021, 21:57:06) [GCC 9.4.0]
CUDA available: True
GPU 0,1,2,3: NVIDIA GeForce RTX 3090
CUDA_HOME: /usr/local/cuda
NVCC: Build cuda_11.1.TC455_06.29190527_0
GCC: gcc (Ubuntu 9.4.0-1ubuntu1~20.04.1) 9.4.0
PyTorch: 1.9.1+cu111
PyTorch compiling details: PyTorch built with:
  - GCC 7.3
  - C++ Version: 201402
  - Intel(R) Math Kernel Library Version 2020.0.0 Product Build 20191122 for Intel(R) 64 architecture applications
  - Intel(R) MKL-DNN v2.1.2 (Git Hash 98be7e8afa711dc9b66c8ff3504129cb82013cdb)
  - OpenMP 201511 (a.k.a. OpenMP 4.5)
  - NNPACK is enabled
  - CPU capability usage: AVX2
  - CUDA Runtime 11.1
  - NVCC architecture flags: -gencode;arch=compute_37,code=sm_37;-gencode;arch=compute_50,code=sm_50;-gencode;arch=compute_60,code=sm_60;-gencode;arch=compute_70,code=sm_70;-gencode;arch=compute_75,code=sm_75;-gencode;arch=compute_80,code=sm_80;-gencode;arch=compute_86,code=sm_86
  - CuDNN 8.0.5
  - Magma 2.5.2
  - Build settings: BLAS_INFO=mkl, BUILD_TYPE=Release, CUDA_VERSION=11.1, CUDNN_VERSION=8.0.5, CXX_COMPILER=/opt/rh/devtoolset-7/root/usr/bin/c++, CXX_FLAGS= -Wno-deprecated -fvisibility-inlines-hidden -DUSE_PTHREADPOOL -fopenmp -DNDEBUG -DUSE_KINETO -DUSE_FBGEMM -DUSE_QNNPACK -DUSE_PYTORCH_QNNPACK -DUSE_XNNPACK -DSYMBOLICATE_MOBILE_DEBUG_HANDLE -O2 -fPIC -Wno-narrowing -Wall -Wextra -Werror=return-type -Wno-missing-field-initializers -Wno-type-limits -Wno-array-bounds -Wno-unknown-pragmas -Wno-sign-compare -Wno-unused-parameter -Wno-unused-variable -Wno-unused-function -Wno-unused-result -Wno-unused-local-typedefs -Wno-strict-overflow -Wno-strict-aliasing -Wno-error=deprecated-declarations -Wno-stringop-overflow -Wno-psabi -Wno-error=pedantic -Wno-error=redundant-decls -Wno-error=old-style-cast -fdiagnostics-color=always -faligned-new -Wno-unused-but-set-variable -Wno-maybe-uninitialized -fno-math-errno -fno-trapping-math -Werror=format -Wno-stringop-overflow, LAPACK_INFO=mkl, PERF_WITH_AVX=1, PERF_WITH_AVX2=1, PERF_WITH_AVX512=1, TORCH_VERSION=1.9.1, USE_CUDA=ON, USE_CUDNN=ON, USE_EXCEPTION_PTR=1, USE_GFLAGS=OFF, USE_GLOG=OFF, USE_MKL=ON, USE_MKLDNN=ON, USE_MPI=OFF, USE_NCCL=ON, USE_NNPACK=ON, USE_OPENMP=ON, 

TorchVision: 0.10.1+cu111
OpenCV: 4.5.5
MMCV: 1.4.2
MMCV Compiler: GCC 7.3
MMCV CUDA Compiler: 11.1
MMAction2: 0.20.0+1c4333f
------------------------------------------------------------

2022-04-28 06:59:34,508 - mmaction - INFO - Distributed training: True
2022-04-28 06:59:36,331 - mmaction - INFO - Config: model = dict(
    type='Recognizer3D',
    backbone=dict(
        type='ResNet3dSlowOnly',
        depth=50,
        pretrained=None,
        in_channels=5,
        base_channels=32,
        num_stages=3,
        out_indices=(2, ),
        stage_blocks=(4, 6, 3),
        conv1_stride_s=1,
        pool1_stride_s=1,
        inflate=(0, 1, 1),
        spatial_strides=(2, 2, 2),
        temporal_strides=(1, 1, 2),
        dilations=(1, 1, 1)),
    cls_head=dict(
        type='I3DHead',
        in_channels=512,
        num_classes=10,
        spatial_type='avg',
        dropout_ratio=0.5),
    train_cfg=dict(),
    test_cfg=dict(average_clips='prob'))
dataset_type = 'PoseDataset'
ann_file_train = 'data/ds_taichi/TEST9AUG2/NSNR/train_data.pkl'
ann_file_val = 'data/ds_taichi/TEST9AUG2/NSNR/test_data.pkl'
left = [
    5, 6, 7, 8, 44, 45, 46, 47, 48, 49, 50, 51, 52, 53, 54, 55, 56, 57, 58, 59,
    60, 61, 62, 63, 64, 65, 66, 67, 68, 69, 70, 71
]
right = [
    1, 2, 3, 4, 16, 17, 18, 19, 20, 21, 22, 23, 24, 25, 26, 27, 28, 29, 30, 31,
    32, 33, 34, 35, 36, 37, 38, 39, 40, 41, 42, 43
]
train_pipeline = [
    dict(type='UniformSampleFrames', clip_len=48),
    dict(type='PoseDecode'),
    dict(type='PoseCompact', hw_ratio=1.0, allow_imgpad=True),
    dict(type='Resize', scale=(-1, 64)),
    dict(type='RandomResizedCrop', area_range=(0.56, 1.0)),
    dict(type='Resize', scale=(56, 56), keep_ratio=False),
    dict(
        type='Flip',
        flip_ratio=0.5,
        left_kp=[
            5, 6, 7, 8, 44, 45, 46, 47, 48, 49, 50, 51, 52, 53, 54, 55, 56, 57,
            58, 59, 60, 61, 62, 63, 64, 65, 66, 67, 68, 69, 70, 71
        ],
        right_kp=[
            1, 2, 3, 4, 16, 17, 18, 19, 20, 21, 22, 23, 24, 25, 26, 27, 28, 29,
            30, 31, 32, 33, 34, 35, 36, 37, 38, 39, 40, 41, 42, 43
        ]),
    dict(
        type='GenerateTaiChiPoseTarget',
        sigma=0.6,
        use_score=True,
        with_kp=True,
        with_limb=False),
    dict(type='FormatShape', input_format='NCTHW'),
    dict(type='Collect', keys=['imgs', 'label'], meta_keys=[]),
    dict(type='ToTensor', keys=['imgs', 'label'])
]
val_pipeline = [
    dict(type='UniformSampleFrames', clip_len=48, num_clips=1, test_mode=True),
    dict(type='PoseDecode'),
    dict(type='PoseCompact', hw_ratio=1.0, allow_imgpad=True),
    dict(type='Resize', scale=(-1, 64)),
    dict(type='CenterCrop', crop_size=64),
    dict(
        type='GenerateTaiChiPoseTarget',
        sigma=0.6,
        use_score=True,
        with_kp=True,
        with_limb=False),
    dict(type='FormatShape', input_format='NCTHW'),
    dict(type='Collect', keys=['imgs', 'label'], meta_keys=[]),
    dict(type='ToTensor', keys=['imgs'])
]
test_pipeline = [
    dict(
        type='UniformSampleFrames', clip_len=48, num_clips=10, test_mode=True),
    dict(type='PoseDecode'),
    dict(type='PoseCompact', hw_ratio=1.0, allow_imgpad=True),
    dict(type='Resize', scale=(-1, 64)),
    dict(type='CenterCrop', crop_size=64),
    dict(
        type='GenerateTaiChiPoseTarget',
        sigma=0.6,
        use_score=True,
        with_kp=True,
        with_limb=False,
        double=True,
        left_kp=[
            5, 6, 7, 8, 44, 45, 46, 47, 48, 49, 50, 51, 52, 53, 54, 55, 56, 57,
            58, 59, 60, 61, 62, 63, 64, 65, 66, 67, 68, 69, 70, 71
        ],
        right_kp=[
            1, 2, 3, 4, 16, 17, 18, 19, 20, 21, 22, 23, 24, 25, 26, 27, 28, 29,
            30, 31, 32, 33, 34, 35, 36, 37, 38, 39, 40, 41, 42, 43
        ]),
    dict(type='FormatShape', input_format='NCTHW'),
    dict(type='Collect', keys=['imgs', 'label'], meta_keys=[]),
    dict(type='ToTensor', keys=['imgs'])
]
data = dict(
    videos_per_gpu=8,
    workers_per_gpu=4,
    test_dataloader=dict(videos_per_gpu=4),
    train=dict(
        type='RepeatDataset',
        times=20,
        dataset=dict(
            type='PoseDataset',
            ann_file='data/ds_taichi/TEST9AUG2/NSNR/train_data.pkl',
            data_prefix='',
            pipeline=[
                dict(type='UniformSampleFrames', clip_len=48),
                dict(type='PoseDecode'),
                dict(type='PoseCompact', hw_ratio=1.0, allow_imgpad=True),
                dict(type='Resize', scale=(-1, 64)),
                dict(type='RandomResizedCrop', area_range=(0.56, 1.0)),
                dict(type='Resize', scale=(56, 56), keep_ratio=False),
                dict(
                    type='Flip',
                    flip_ratio=0.5,
                    left_kp=[
                        5, 6, 7, 8, 44, 45, 46, 47, 48, 49, 50, 51, 52, 53, 54,
                        55, 56, 57, 58, 59, 60, 61, 62, 63, 64, 65, 66, 67, 68,
                        69, 70, 71
                    ],
                    right_kp=[
                        1, 2, 3, 4, 16, 17, 18, 19, 20, 21, 22, 23, 24, 25, 26,
                        27, 28, 29, 30, 31, 32, 33, 34, 35, 36, 37, 38, 39, 40,
                        41, 42, 43
                    ]),
                dict(
                    type='GenerateTaiChiPoseTarget',
                    sigma=0.6,
                    use_score=True,
                    with_kp=True,
                    with_limb=False),
                dict(type='FormatShape', input_format='NCTHW'),
                dict(type='Collect', keys=['imgs', 'label'], meta_keys=[]),
                dict(type='ToTensor', keys=['imgs', 'label'])
            ])),
    val=dict(
        type='PoseDataset',
        ann_file='data/ds_taichi/TEST9AUG2/NSNR/test_data.pkl',
        data_prefix='',
        pipeline=[
            dict(
                type='UniformSampleFrames',
                clip_len=48,
                num_clips=1,
                test_mode=True),
            dict(type='PoseDecode'),
            dict(type='PoseCompact', hw_ratio=1.0, allow_imgpad=True),
            dict(type='Resize', scale=(-1, 64)),
            dict(type='CenterCrop', crop_size=64),
            dict(
                type='GenerateTaiChiPoseTarget',
                sigma=0.6,
                use_score=True,
                with_kp=True,
                with_limb=False),
            dict(type='FormatShape', input_format='NCTHW'),
            dict(type='Collect', keys=['imgs', 'label'], meta_keys=[]),
            dict(type='ToTensor', keys=['imgs'])
        ]),
    test=dict(
        type='PoseDataset',
        ann_file='data/ds_taichi/TEST9AUG2/NSNR/test_data.pkl',
        data_prefix='',
        pipeline=[
            dict(
                type='UniformSampleFrames',
                clip_len=48,
                num_clips=10,
                test_mode=True),
            dict(type='PoseDecode'),
            dict(type='PoseCompact', hw_ratio=1.0, allow_imgpad=True),
            dict(type='Resize', scale=(-1, 64)),
            dict(type='CenterCrop', crop_size=64),
            dict(
                type='GenerateTaiChiPoseTarget',
                sigma=0.6,
                use_score=True,
                with_kp=True,
                with_limb=False,
                double=True,
                left_kp=[
                    5, 6, 7, 8, 44, 45, 46, 47, 48, 49, 50, 51, 52, 53, 54, 55,
                    56, 57, 58, 59, 60, 61, 62, 63, 64, 65, 66, 67, 68, 69, 70,
                    71
                ],
                right_kp=[
                    1, 2, 3, 4, 16, 17, 18, 19, 20, 21, 22, 23, 24, 25, 26, 27,
                    28, 29, 30, 31, 32, 33, 34, 35, 36, 37, 38, 39, 40, 41, 42,
                    43
                ]),
            dict(type='FormatShape', input_format='NCTHW'),
            dict(type='Collect', keys=['imgs', 'label'], meta_keys=[]),
            dict(type='ToTensor', keys=['imgs'])
        ]))
optimizer = dict(type='SGD', lr=0.01, momentum=0.9, weight_decay=0.0003)
optimizer_config = dict(grad_clip=dict(max_norm=40, norm_type=2))
lr_config = dict(policy='CosineAnnealing', by_epoch=False, min_lr=0)
total_epochs = 48
checkpoint_config = dict()
workflow = [('train', 1)]
evaluation = dict(
    interval=1, metrics=['top_k_accuracy', 'mean_class_accuracy'], topk=(1, 5))
log_config = dict(interval=40, hooks=[dict(type='TextLoggerHook')])
output_config = dict(out='./model_pth/exp7/ft-T9A2/test_result/results.pkl')
eval_config = dict(
    metric_out='./model_pth/exp7/ft-T9A2/test_result',
    eval=[
        'top_k_accuracy', 'mean_class_accuracy', 'confusion_matrix',
        't_sne_vis'
    ])
dist_params = dict(backend='nccl')
log_level = 'INFO'
work_dir = './model_pth/exp7/ft-T9A2'
load_from = './model_pth/5part_ntu60_xsub_kp_0331/epoch_24.pth'
resume_from = None
find_unused_parameters = False
gpu_ids = range(0, 4)
omnisource = False
module_hooks = []

2022-04-28 06:59:36,332 - mmaction - INFO - Set random seed to 42, deterministic: True
2022-04-28 06:59:36,390 - mmaction - INFO - 40 videos remain after valid thresholding
2022-04-28 06:59:43,157 - mmaction - INFO - 180 videos remain after valid thresholding
2022-04-28 06:59:43,159 - mmaction - INFO - load checkpoint from local path: ./model_pth/5part_ntu60_xsub_kp_0331/epoch_24.pth
2022-04-28 06:59:43,183 - mmaction - WARNING - The model and loaded state dict do not match exactly

size mismatch for cls_head.fc_cls.weight: copying a param with shape torch.Size([60, 512]) from checkpoint, the shape in current model is torch.Size([10, 512]).
size mismatch for cls_head.fc_cls.bias: copying a param with shape torch.Size([60]) from checkpoint, the shape in current model is torch.Size([10]).
2022-04-28 06:59:43,184 - mmaction - INFO - Start running, host: yl@83090-jin, work_dir: /home/yl/myposec3d/model_pth/exp7/ft-T9A2
2022-04-28 06:59:43,184 - mmaction - INFO - Hooks will be executed in the following order:
before_run:
(VERY_HIGH   ) CosineAnnealingLrUpdaterHook       
(NORMAL      ) CheckpointHook                     
(NORMAL      ) DistEvalHook                       
(VERY_LOW    ) TextLoggerHook                     
 -------------------- 
before_train_epoch:
(VERY_HIGH   ) CosineAnnealingLrUpdaterHook       
(NORMAL      ) DistSamplerSeedHook                
(NORMAL      ) DistEvalHook                       
(LOW         ) IterTimerHook                      
(VERY_LOW    ) TextLoggerHook                     
 -------------------- 
before_train_iter:
(VERY_HIGH   ) CosineAnnealingLrUpdaterHook       
(NORMAL      ) DistEvalHook                       
(LOW         ) IterTimerHook                      
 -------------------- 
after_train_iter:
(ABOVE_NORMAL) OptimizerHook                      
(NORMAL      ) CheckpointHook                     
(NORMAL      ) DistEvalHook                       
(LOW         ) IterTimerHook                      
(VERY_LOW    ) TextLoggerHook                     
 -------------------- 
after_train_epoch:
(NORMAL      ) CheckpointHook                     
(NORMAL      ) DistEvalHook                       
(VERY_LOW    ) TextLoggerHook                     
 -------------------- 
before_val_epoch:
(NORMAL      ) DistSamplerSeedHook                
(LOW         ) IterTimerHook                      
(VERY_LOW    ) TextLoggerHook                     
 -------------------- 
before_val_iter:
(LOW         ) IterTimerHook                      
 -------------------- 
after_val_iter:
(LOW         ) IterTimerHook                      
 -------------------- 
after_val_epoch:
(VERY_LOW    ) TextLoggerHook                     
 -------------------- 
after_run:
(VERY_LOW    ) TextLoggerHook                     
 -------------------- 
2022-04-28 06:59:43,184 - mmaction - INFO - workflow: [('train', 1)], max: 48 epochs
2022-04-28 06:59:43,184 - mmaction - INFO - Checkpoints will be saved to /home/yl/myposec3d/model_pth/exp7/ft-T9A2 by HardDiskBackend.
2022-04-28 07:00:45,083 - mmaction - INFO - Evaluating top_k_accuracy ...
2022-04-28 07:00:45,084 - mmaction - INFO - 
top1_acc	0.7111
top5_acc	0.9889
2022-04-28 07:00:45,084 - mmaction - INFO - Evaluating mean_class_accuracy ...
2022-04-28 07:00:45,084 - mmaction - INFO - 
mean_acc	0.7111
2022-04-28 07:00:45,124 - mmaction - INFO - Now best checkpoint is saved as best_top1_acc_epoch_1.pth.
2022-04-28 07:00:45,125 - mmaction - INFO - Best top1_acc is 0.7111 at 1 epoch.
2022-04-28 07:00:45,125 - mmaction - INFO - Epoch(val) [1][6]	top1_acc: 0.7111, top5_acc: 0.9889, mean_class_accuracy: 0.7111
2022-04-28 07:01:46,645 - mmaction - INFO - Evaluating top_k_accuracy ...
2022-04-28 07:01:46,646 - mmaction - INFO - 
top1_acc	0.8944
top5_acc	0.9611
2022-04-28 07:01:46,646 - mmaction - INFO - Evaluating mean_class_accuracy ...
2022-04-28 07:01:46,646 - mmaction - INFO - 
mean_acc	0.8944
2022-04-28 07:01:46,649 - mmaction - INFO - The previous best checkpoint /home/yl/myposec3d/model_pth/exp7/ft-T9A2/best_top1_acc_epoch_1.pth was removed
2022-04-28 07:01:46,734 - mmaction - INFO - Now best checkpoint is saved as best_top1_acc_epoch_2.pth.
2022-04-28 07:01:46,734 - mmaction - INFO - Best top1_acc is 0.8944 at 2 epoch.
2022-04-28 07:01:46,734 - mmaction - INFO - Epoch(val) [2][6]	top1_acc: 0.8944, top5_acc: 0.9611, mean_class_accuracy: 0.8944
2022-04-28 07:02:48,778 - mmaction - INFO - Evaluating top_k_accuracy ...
2022-04-28 07:02:48,779 - mmaction - INFO - 
top1_acc	0.9278
top5_acc	1.0000
2022-04-28 07:02:48,779 - mmaction - INFO - Evaluating mean_class_accuracy ...
2022-04-28 07:02:48,780 - mmaction - INFO - 
mean_acc	0.9278
2022-04-28 07:02:48,784 - mmaction - INFO - The previous best checkpoint /home/yl/myposec3d/model_pth/exp7/ft-T9A2/best_top1_acc_epoch_2.pth was removed
2022-04-28 07:02:48,833 - mmaction - INFO - Now best checkpoint is saved as best_top1_acc_epoch_3.pth.
2022-04-28 07:02:48,833 - mmaction - INFO - Best top1_acc is 0.9278 at 3 epoch.
2022-04-28 07:02:48,833 - mmaction - INFO - Epoch(val) [3][6]	top1_acc: 0.9278, top5_acc: 1.0000, mean_class_accuracy: 0.9278
2022-04-28 07:03:49,375 - mmaction - INFO - Evaluating top_k_accuracy ...
2022-04-28 07:03:49,375 - mmaction - INFO - 
top1_acc	0.9333
top5_acc	0.9889
2022-04-28 07:03:49,375 - mmaction - INFO - Evaluating mean_class_accuracy ...
2022-04-28 07:03:49,376 - mmaction - INFO - 
mean_acc	0.9333
2022-04-28 07:03:49,378 - mmaction - INFO - The previous best checkpoint /home/yl/myposec3d/model_pth/exp7/ft-T9A2/best_top1_acc_epoch_3.pth was removed
2022-04-28 07:03:49,419 - mmaction - INFO - Now best checkpoint is saved as best_top1_acc_epoch_4.pth.
2022-04-28 07:03:49,419 - mmaction - INFO - Best top1_acc is 0.9333 at 4 epoch.
2022-04-28 07:03:49,420 - mmaction - INFO - Epoch(val) [4][6]	top1_acc: 0.9333, top5_acc: 0.9889, mean_class_accuracy: 0.9333
2022-04-28 07:04:52,088 - mmaction - INFO - Evaluating top_k_accuracy ...
2022-04-28 07:04:52,089 - mmaction - INFO - 
top1_acc	0.9944
top5_acc	1.0000
2022-04-28 07:04:52,089 - mmaction - INFO - Evaluating mean_class_accuracy ...
2022-04-28 07:04:52,090 - mmaction - INFO - 
mean_acc	0.9944
2022-04-28 07:04:52,094 - mmaction - INFO - The previous best checkpoint /home/yl/myposec3d/model_pth/exp7/ft-T9A2/best_top1_acc_epoch_4.pth was removed
2022-04-28 07:04:52,140 - mmaction - INFO - Now best checkpoint is saved as best_top1_acc_epoch_5.pth.
2022-04-28 07:04:52,140 - mmaction - INFO - Best top1_acc is 0.9944 at 5 epoch.
2022-04-28 07:04:52,140 - mmaction - INFO - Epoch(val) [5][6]	top1_acc: 0.9944, top5_acc: 1.0000, mean_class_accuracy: 0.9944
2022-04-28 07:05:55,395 - mmaction - INFO - Evaluating top_k_accuracy ...
2022-04-28 07:05:55,395 - mmaction - INFO - 
top1_acc	0.9889
top5_acc	1.0000
2022-04-28 07:05:55,396 - mmaction - INFO - Evaluating mean_class_accuracy ...
2022-04-28 07:05:55,396 - mmaction - INFO - 
mean_acc	0.9889
2022-04-28 07:05:55,396 - mmaction - INFO - Epoch(val) [6][6]	top1_acc: 0.9889, top5_acc: 1.0000, mean_class_accuracy: 0.9889
2022-04-28 07:06:58,509 - mmaction - INFO - Evaluating top_k_accuracy ...
2022-04-28 07:06:58,509 - mmaction - INFO - 
top1_acc	0.9389
top5_acc	1.0000
2022-04-28 07:06:58,509 - mmaction - INFO - Evaluating mean_class_accuracy ...
2022-04-28 07:06:58,509 - mmaction - INFO - 
mean_acc	0.9389
2022-04-28 07:06:58,510 - mmaction - INFO - Epoch(val) [7][6]	top1_acc: 0.9389, top5_acc: 1.0000, mean_class_accuracy: 0.9389
2022-04-28 07:08:02,102 - mmaction - INFO - Evaluating top_k_accuracy ...
2022-04-28 07:08:02,102 - mmaction - INFO - 
top1_acc	0.9778
top5_acc	1.0000
2022-04-28 07:08:02,102 - mmaction - INFO - Evaluating mean_class_accuracy ...
2022-04-28 07:08:02,103 - mmaction - INFO - 
mean_acc	0.9778
2022-04-28 07:08:02,103 - mmaction - INFO - Epoch(val) [8][6]	top1_acc: 0.9778, top5_acc: 1.0000, mean_class_accuracy: 0.9778
2022-04-28 07:09:06,077 - mmaction - INFO - Evaluating top_k_accuracy ...
2022-04-28 07:09:06,078 - mmaction - INFO - 
top1_acc	1.0000
top5_acc	1.0000
2022-04-28 07:09:06,078 - mmaction - INFO - Evaluating mean_class_accuracy ...
2022-04-28 07:09:06,078 - mmaction - INFO - 
mean_acc	1.0000
2022-04-28 07:09:06,081 - mmaction - INFO - The previous best checkpoint /home/yl/myposec3d/model_pth/exp7/ft-T9A2/best_top1_acc_epoch_5.pth was removed
2022-04-28 07:09:06,129 - mmaction - INFO - Now best checkpoint is saved as best_top1_acc_epoch_9.pth.
2022-04-28 07:09:06,129 - mmaction - INFO - Best top1_acc is 1.0000 at 9 epoch.
2022-04-28 07:09:06,129 - mmaction - INFO - Epoch(val) [9][6]	top1_acc: 1.0000, top5_acc: 1.0000, mean_class_accuracy: 1.0000
2022-04-28 07:10:09,042 - mmaction - INFO - Evaluating top_k_accuracy ...
2022-04-28 07:10:09,047 - mmaction - INFO - 
top1_acc	0.9778
top5_acc	1.0000
2022-04-28 07:10:09,047 - mmaction - INFO - Evaluating mean_class_accuracy ...
2022-04-28 07:10:09,047 - mmaction - INFO - 
mean_acc	0.9778
2022-04-28 07:10:09,047 - mmaction - INFO - Epoch(val) [10][6]	top1_acc: 0.9778, top5_acc: 1.0000, mean_class_accuracy: 0.9778
2022-04-28 07:11:12,260 - mmaction - INFO - Evaluating top_k_accuracy ...
2022-04-28 07:11:12,260 - mmaction - INFO - 
top1_acc	0.9667
top5_acc	1.0000
2022-04-28 07:11:12,260 - mmaction - INFO - Evaluating mean_class_accuracy ...
2022-04-28 07:11:12,261 - mmaction - INFO - 
mean_acc	0.9667
2022-04-28 07:11:12,261 - mmaction - INFO - Epoch(val) [11][6]	top1_acc: 0.9667, top5_acc: 1.0000, mean_class_accuracy: 0.9667
2022-04-28 07:12:16,301 - mmaction - INFO - Evaluating top_k_accuracy ...
2022-04-28 07:12:16,301 - mmaction - INFO - 
top1_acc	1.0000
top5_acc	1.0000
2022-04-28 07:12:16,302 - mmaction - INFO - Evaluating mean_class_accuracy ...
2022-04-28 07:12:16,302 - mmaction - INFO - 
mean_acc	1.0000
2022-04-28 07:12:16,302 - mmaction - INFO - Epoch(val) [12][6]	top1_acc: 1.0000, top5_acc: 1.0000, mean_class_accuracy: 1.0000
2022-04-28 07:13:19,751 - mmaction - INFO - Evaluating top_k_accuracy ...
2022-04-28 07:13:19,751 - mmaction - INFO - 
top1_acc	0.9944
top5_acc	1.0000
2022-04-28 07:13:19,751 - mmaction - INFO - Evaluating mean_class_accuracy ...
2022-04-28 07:13:19,752 - mmaction - INFO - 
mean_acc	0.9944
2022-04-28 07:13:19,752 - mmaction - INFO - Epoch(val) [13][6]	top1_acc: 0.9944, top5_acc: 1.0000, mean_class_accuracy: 0.9944
2022-04-28 07:14:23,354 - mmaction - INFO - Evaluating top_k_accuracy ...
2022-04-28 07:14:23,354 - mmaction - INFO - 
top1_acc	0.9833
top5_acc	1.0000
2022-04-28 07:14:23,354 - mmaction - INFO - Evaluating mean_class_accuracy ...
2022-04-28 07:14:23,355 - mmaction - INFO - 
mean_acc	0.9833
2022-04-28 07:14:23,355 - mmaction - INFO - Epoch(val) [14][6]	top1_acc: 0.9833, top5_acc: 1.0000, mean_class_accuracy: 0.9833
2022-04-28 07:15:26,753 - mmaction - INFO - Evaluating top_k_accuracy ...
2022-04-28 07:15:26,753 - mmaction - INFO - 
top1_acc	0.9778
top5_acc	1.0000
2022-04-28 07:15:26,753 - mmaction - INFO - Evaluating mean_class_accuracy ...
2022-04-28 07:15:26,754 - mmaction - INFO - 
mean_acc	0.9778
2022-04-28 07:15:26,754 - mmaction - INFO - Epoch(val) [15][6]	top1_acc: 0.9778, top5_acc: 1.0000, mean_class_accuracy: 0.9778
2022-04-28 07:16:30,183 - mmaction - INFO - Evaluating top_k_accuracy ...
2022-04-28 07:16:30,184 - mmaction - INFO - 
top1_acc	1.0000
top5_acc	1.0000
2022-04-28 07:16:30,184 - mmaction - INFO - Evaluating mean_class_accuracy ...
2022-04-28 07:16:30,185 - mmaction - INFO - 
mean_acc	1.0000
2022-04-28 07:16:30,185 - mmaction - INFO - Epoch(val) [16][6]	top1_acc: 1.0000, top5_acc: 1.0000, mean_class_accuracy: 1.0000
2022-04-28 07:17:32,577 - mmaction - INFO - Evaluating top_k_accuracy ...
2022-04-28 07:17:32,577 - mmaction - INFO - 
top1_acc	0.9722
top5_acc	1.0000
2022-04-28 07:17:32,577 - mmaction - INFO - Evaluating mean_class_accuracy ...
2022-04-28 07:17:32,578 - mmaction - INFO - 
mean_acc	0.9722
2022-04-28 07:17:32,578 - mmaction - INFO - Epoch(val) [17][6]	top1_acc: 0.9722, top5_acc: 1.0000, mean_class_accuracy: 0.9722
2022-04-28 07:18:35,467 - mmaction - INFO - Evaluating top_k_accuracy ...
2022-04-28 07:18:35,468 - mmaction - INFO - 
top1_acc	0.9833
top5_acc	1.0000
2022-04-28 07:18:35,468 - mmaction - INFO - Evaluating mean_class_accuracy ...
2022-04-28 07:18:35,469 - mmaction - INFO - 
mean_acc	0.9833
2022-04-28 07:18:35,469 - mmaction - INFO - Epoch(val) [18][6]	top1_acc: 0.9833, top5_acc: 1.0000, mean_class_accuracy: 0.9833
2022-04-28 07:19:38,600 - mmaction - INFO - Evaluating top_k_accuracy ...
2022-04-28 07:19:38,600 - mmaction - INFO - 
top1_acc	0.9611
top5_acc	1.0000
2022-04-28 07:19:38,601 - mmaction - INFO - Evaluating mean_class_accuracy ...
2022-04-28 07:19:38,601 - mmaction - INFO - 
mean_acc	0.9611
2022-04-28 07:19:38,601 - mmaction - INFO - Epoch(val) [19][6]	top1_acc: 0.9611, top5_acc: 1.0000, mean_class_accuracy: 0.9611
2022-04-28 07:20:41,054 - mmaction - INFO - Evaluating top_k_accuracy ...
2022-04-28 07:20:41,054 - mmaction - INFO - 
top1_acc	1.0000
top5_acc	1.0000
2022-04-28 07:20:41,054 - mmaction - INFO - Evaluating mean_class_accuracy ...
2022-04-28 07:20:41,055 - mmaction - INFO - 
mean_acc	1.0000
2022-04-28 07:20:41,055 - mmaction - INFO - Epoch(val) [20][6]	top1_acc: 1.0000, top5_acc: 1.0000, mean_class_accuracy: 1.0000
2022-04-28 07:21:43,807 - mmaction - INFO - Evaluating top_k_accuracy ...
2022-04-28 07:21:43,808 - mmaction - INFO - 
top1_acc	1.0000
top5_acc	1.0000
2022-04-28 07:21:43,808 - mmaction - INFO - Evaluating mean_class_accuracy ...
2022-04-28 07:21:43,808 - mmaction - INFO - 
mean_acc	1.0000
2022-04-28 07:21:43,809 - mmaction - INFO - Epoch(val) [21][6]	top1_acc: 1.0000, top5_acc: 1.0000, mean_class_accuracy: 1.0000
2022-04-28 07:22:47,364 - mmaction - INFO - Evaluating top_k_accuracy ...
2022-04-28 07:22:47,364 - mmaction - INFO - 
top1_acc	1.0000
top5_acc	1.0000
2022-04-28 07:22:47,364 - mmaction - INFO - Evaluating mean_class_accuracy ...
2022-04-28 07:22:47,365 - mmaction - INFO - 
mean_acc	1.0000
2022-04-28 07:22:47,365 - mmaction - INFO - Epoch(val) [22][6]	top1_acc: 1.0000, top5_acc: 1.0000, mean_class_accuracy: 1.0000
2022-04-28 07:23:49,953 - mmaction - INFO - Evaluating top_k_accuracy ...
2022-04-28 07:23:49,954 - mmaction - INFO - 
top1_acc	0.9889
top5_acc	1.0000
2022-04-28 07:23:49,954 - mmaction - INFO - Evaluating mean_class_accuracy ...
2022-04-28 07:23:49,954 - mmaction - INFO - 
mean_acc	0.9889
2022-04-28 07:23:49,954 - mmaction - INFO - Epoch(val) [23][6]	top1_acc: 0.9889, top5_acc: 1.0000, mean_class_accuracy: 0.9889
2022-04-28 07:24:52,662 - mmaction - INFO - Evaluating top_k_accuracy ...
2022-04-28 07:24:52,663 - mmaction - INFO - 
top1_acc	1.0000
top5_acc	1.0000
2022-04-28 07:24:52,663 - mmaction - INFO - Evaluating mean_class_accuracy ...
2022-04-28 07:24:52,663 - mmaction - INFO - 
mean_acc	1.0000
2022-04-28 07:24:52,663 - mmaction - INFO - Epoch(val) [24][6]	top1_acc: 1.0000, top5_acc: 1.0000, mean_class_accuracy: 1.0000
2022-04-28 07:25:55,568 - mmaction - INFO - Evaluating top_k_accuracy ...
2022-04-28 07:25:55,568 - mmaction - INFO - 
top1_acc	1.0000
top5_acc	1.0000
2022-04-28 07:25:55,569 - mmaction - INFO - Evaluating mean_class_accuracy ...
2022-04-28 07:25:55,569 - mmaction - INFO - 
mean_acc	1.0000
2022-04-28 07:25:55,569 - mmaction - INFO - Epoch(val) [25][6]	top1_acc: 1.0000, top5_acc: 1.0000, mean_class_accuracy: 1.0000
2022-04-28 07:26:58,349 - mmaction - INFO - Evaluating top_k_accuracy ...
2022-04-28 07:26:58,349 - mmaction - INFO - 
top1_acc	1.0000
top5_acc	1.0000
2022-04-28 07:26:58,349 - mmaction - INFO - Evaluating mean_class_accuracy ...
2022-04-28 07:26:58,350 - mmaction - INFO - 
mean_acc	1.0000
2022-04-28 07:26:58,350 - mmaction - INFO - Epoch(val) [26][6]	top1_acc: 1.0000, top5_acc: 1.0000, mean_class_accuracy: 1.0000
2022-04-28 07:28:00,938 - mmaction - INFO - Evaluating top_k_accuracy ...
2022-04-28 07:28:00,939 - mmaction - INFO - 
top1_acc	1.0000
top5_acc	1.0000
2022-04-28 07:28:00,939 - mmaction - INFO - Evaluating mean_class_accuracy ...
2022-04-28 07:28:00,940 - mmaction - INFO - 
mean_acc	1.0000
2022-04-28 07:28:00,940 - mmaction - INFO - Epoch(val) [27][6]	top1_acc: 1.0000, top5_acc: 1.0000, mean_class_accuracy: 1.0000
2022-04-28 07:29:04,327 - mmaction - INFO - Evaluating top_k_accuracy ...
2022-04-28 07:29:04,328 - mmaction - INFO - 
top1_acc	0.9778
top5_acc	1.0000
2022-04-28 07:29:04,328 - mmaction - INFO - Evaluating mean_class_accuracy ...
2022-04-28 07:29:04,328 - mmaction - INFO - 
mean_acc	0.9778
2022-04-28 07:29:04,329 - mmaction - INFO - Epoch(val) [28][6]	top1_acc: 0.9778, top5_acc: 1.0000, mean_class_accuracy: 0.9778
2022-04-28 07:30:07,177 - mmaction - INFO - Evaluating top_k_accuracy ...
2022-04-28 07:30:07,177 - mmaction - INFO - 
top1_acc	1.0000
top5_acc	1.0000
2022-04-28 07:30:07,177 - mmaction - INFO - Evaluating mean_class_accuracy ...
2022-04-28 07:30:07,178 - mmaction - INFO - 
mean_acc	1.0000
2022-04-28 07:30:07,178 - mmaction - INFO - Epoch(val) [29][6]	top1_acc: 1.0000, top5_acc: 1.0000, mean_class_accuracy: 1.0000
2022-04-28 07:31:10,877 - mmaction - INFO - Evaluating top_k_accuracy ...
2022-04-28 07:31:10,878 - mmaction - INFO - 
top1_acc	1.0000
top5_acc	1.0000
2022-04-28 07:31:10,878 - mmaction - INFO - Evaluating mean_class_accuracy ...
2022-04-28 07:31:10,878 - mmaction - INFO - 
mean_acc	1.0000
2022-04-28 07:31:10,878 - mmaction - INFO - Epoch(val) [30][6]	top1_acc: 1.0000, top5_acc: 1.0000, mean_class_accuracy: 1.0000
2022-04-28 07:32:15,116 - mmaction - INFO - Evaluating top_k_accuracy ...
2022-04-28 07:32:15,117 - mmaction - INFO - 
top1_acc	1.0000
top5_acc	1.0000
2022-04-28 07:32:15,117 - mmaction - INFO - Evaluating mean_class_accuracy ...
2022-04-28 07:32:15,117 - mmaction - INFO - 
mean_acc	1.0000
2022-04-28 07:32:15,118 - mmaction - INFO - Epoch(val) [31][6]	top1_acc: 1.0000, top5_acc: 1.0000, mean_class_accuracy: 1.0000
2022-04-28 07:33:18,250 - mmaction - INFO - Evaluating top_k_accuracy ...
2022-04-28 07:33:18,251 - mmaction - INFO - 
top1_acc	0.9833
top5_acc	1.0000
2022-04-28 07:33:18,251 - mmaction - INFO - Evaluating mean_class_accuracy ...
2022-04-28 07:33:18,251 - mmaction - INFO - 
mean_acc	0.9833
2022-04-28 07:33:18,251 - mmaction - INFO - Epoch(val) [32][6]	top1_acc: 0.9833, top5_acc: 1.0000, mean_class_accuracy: 0.9833
2022-04-28 07:34:21,225 - mmaction - INFO - Evaluating top_k_accuracy ...
2022-04-28 07:34:21,226 - mmaction - INFO - 
top1_acc	1.0000
top5_acc	1.0000
2022-04-28 07:34:21,226 - mmaction - INFO - Evaluating mean_class_accuracy ...
2022-04-28 07:34:21,226 - mmaction - INFO - 
mean_acc	1.0000
2022-04-28 07:34:21,226 - mmaction - INFO - Epoch(val) [33][6]	top1_acc: 1.0000, top5_acc: 1.0000, mean_class_accuracy: 1.0000
2022-04-28 07:35:24,312 - mmaction - INFO - Evaluating top_k_accuracy ...
2022-04-28 07:35:24,312 - mmaction - INFO - 
top1_acc	0.9944
top5_acc	1.0000
2022-04-28 07:35:24,312 - mmaction - INFO - Evaluating mean_class_accuracy ...
2022-04-28 07:35:24,313 - mmaction - INFO - 
mean_acc	0.9944
2022-04-28 07:35:24,313 - mmaction - INFO - Epoch(val) [34][6]	top1_acc: 0.9944, top5_acc: 1.0000, mean_class_accuracy: 0.9944
2022-04-28 07:36:28,057 - mmaction - INFO - Evaluating top_k_accuracy ...
2022-04-28 07:36:28,058 - mmaction - INFO - 
top1_acc	0.9611
top5_acc	1.0000
2022-04-28 07:36:28,058 - mmaction - INFO - Evaluating mean_class_accuracy ...
2022-04-28 07:36:28,058 - mmaction - INFO - 
mean_acc	0.9611
2022-04-28 07:36:28,059 - mmaction - INFO - Epoch(val) [35][6]	top1_acc: 0.9611, top5_acc: 1.0000, mean_class_accuracy: 0.9611
2022-04-28 07:37:30,971 - mmaction - INFO - Evaluating top_k_accuracy ...
2022-04-28 07:37:30,971 - mmaction - INFO - 
top1_acc	0.9889
top5_acc	1.0000
2022-04-28 07:37:30,971 - mmaction - INFO - Evaluating mean_class_accuracy ...
2022-04-28 07:37:30,972 - mmaction - INFO - 
mean_acc	0.9889
2022-04-28 07:37:30,972 - mmaction - INFO - Epoch(val) [36][6]	top1_acc: 0.9889, top5_acc: 1.0000, mean_class_accuracy: 0.9889
2022-04-28 07:38:34,097 - mmaction - INFO - Evaluating top_k_accuracy ...
2022-04-28 07:38:34,098 - mmaction - INFO - 
top1_acc	0.9833
top5_acc	1.0000
2022-04-28 07:38:34,098 - mmaction - INFO - Evaluating mean_class_accuracy ...
2022-04-28 07:38:34,098 - mmaction - INFO - 
mean_acc	0.9833
2022-04-28 07:38:34,098 - mmaction - INFO - Epoch(val) [37][6]	top1_acc: 0.9833, top5_acc: 1.0000, mean_class_accuracy: 0.9833
2022-04-28 07:39:37,612 - mmaction - INFO - Evaluating top_k_accuracy ...
2022-04-28 07:39:37,613 - mmaction - INFO - 
top1_acc	1.0000
top5_acc	1.0000
2022-04-28 07:39:37,613 - mmaction - INFO - Evaluating mean_class_accuracy ...
2022-04-28 07:39:37,613 - mmaction - INFO - 
mean_acc	1.0000
2022-04-28 07:39:37,614 - mmaction - INFO - Epoch(val) [38][6]	top1_acc: 1.0000, top5_acc: 1.0000, mean_class_accuracy: 1.0000
2022-04-28 07:40:42,584 - mmaction - INFO - Evaluating top_k_accuracy ...
2022-04-28 07:40:42,584 - mmaction - INFO - 
top1_acc	0.9778
top5_acc	1.0000
2022-04-28 07:40:42,585 - mmaction - INFO - Evaluating mean_class_accuracy ...
2022-04-28 07:40:42,585 - mmaction - INFO - 
mean_acc	0.9778
2022-04-28 07:40:42,585 - mmaction - INFO - Epoch(val) [39][6]	top1_acc: 0.9778, top5_acc: 1.0000, mean_class_accuracy: 0.9778
2022-04-28 07:41:47,599 - mmaction - INFO - Evaluating top_k_accuracy ...
2022-04-28 07:41:47,600 - mmaction - INFO - 
top1_acc	1.0000
top5_acc	1.0000
2022-04-28 07:41:47,600 - mmaction - INFO - Evaluating mean_class_accuracy ...
2022-04-28 07:41:47,600 - mmaction - INFO - 
mean_acc	1.0000
2022-04-28 07:41:47,601 - mmaction - INFO - Epoch(val) [40][6]	top1_acc: 1.0000, top5_acc: 1.0000, mean_class_accuracy: 1.0000
2022-04-28 07:42:53,696 - mmaction - INFO - Evaluating top_k_accuracy ...
2022-04-28 07:42:53,696 - mmaction - INFO - 
top1_acc	1.0000
top5_acc	1.0000
2022-04-28 07:42:53,696 - mmaction - INFO - Evaluating mean_class_accuracy ...
2022-04-28 07:42:53,696 - mmaction - INFO - 
mean_acc	1.0000
2022-04-28 07:42:53,697 - mmaction - INFO - Epoch(val) [41][6]	top1_acc: 1.0000, top5_acc: 1.0000, mean_class_accuracy: 1.0000
2022-04-28 07:43:57,710 - mmaction - INFO - Evaluating top_k_accuracy ...
2022-04-28 07:43:57,711 - mmaction - INFO - 
top1_acc	0.9722
top5_acc	1.0000
2022-04-28 07:43:57,711 - mmaction - INFO - Evaluating mean_class_accuracy ...
2022-04-28 07:43:57,712 - mmaction - INFO - 
mean_acc	0.9722
2022-04-28 07:43:57,712 - mmaction - INFO - Epoch(val) [42][6]	top1_acc: 0.9722, top5_acc: 1.0000, mean_class_accuracy: 0.9722
2022-04-28 07:45:02,354 - mmaction - INFO - Evaluating top_k_accuracy ...
2022-04-28 07:45:02,354 - mmaction - INFO - 
top1_acc	0.9722
top5_acc	1.0000
2022-04-28 07:45:02,354 - mmaction - INFO - Evaluating mean_class_accuracy ...
2022-04-28 07:45:02,355 - mmaction - INFO - 
mean_acc	0.9722
2022-04-28 07:45:02,355 - mmaction - INFO - Epoch(val) [43][6]	top1_acc: 0.9722, top5_acc: 1.0000, mean_class_accuracy: 0.9722
2022-04-28 07:46:07,480 - mmaction - INFO - Evaluating top_k_accuracy ...
2022-04-28 07:46:07,481 - mmaction - INFO - 
top1_acc	1.0000
top5_acc	1.0000
2022-04-28 07:46:07,481 - mmaction - INFO - Evaluating mean_class_accuracy ...
2022-04-28 07:46:07,481 - mmaction - INFO - 
mean_acc	1.0000
2022-04-28 07:46:07,482 - mmaction - INFO - Epoch(val) [44][6]	top1_acc: 1.0000, top5_acc: 1.0000, mean_class_accuracy: 1.0000
2022-04-28 07:47:11,763 - mmaction - INFO - Evaluating top_k_accuracy ...
2022-04-28 07:47:11,764 - mmaction - INFO - 
top1_acc	1.0000
top5_acc	1.0000
2022-04-28 07:47:11,764 - mmaction - INFO - Evaluating mean_class_accuracy ...
2022-04-28 07:47:11,765 - mmaction - INFO - 
mean_acc	1.0000
2022-04-28 07:47:11,765 - mmaction - INFO - Epoch(val) [45][6]	top1_acc: 1.0000, top5_acc: 1.0000, mean_class_accuracy: 1.0000
2022-04-28 07:48:15,409 - mmaction - INFO - Evaluating top_k_accuracy ...
2022-04-28 07:48:15,409 - mmaction - INFO - 
top1_acc	1.0000
top5_acc	1.0000
2022-04-28 07:48:15,409 - mmaction - INFO - Evaluating mean_class_accuracy ...
2022-04-28 07:48:15,410 - mmaction - INFO - 
mean_acc	1.0000
2022-04-28 07:48:15,410 - mmaction - INFO - Epoch(val) [46][6]	top1_acc: 1.0000, top5_acc: 1.0000, mean_class_accuracy: 1.0000
2022-04-28 07:49:18,378 - mmaction - INFO - Evaluating top_k_accuracy ...
2022-04-28 07:49:18,378 - mmaction - INFO - 
top1_acc	1.0000
top5_acc	1.0000
2022-04-28 07:49:18,378 - mmaction - INFO - Evaluating mean_class_accuracy ...
2022-04-28 07:49:18,379 - mmaction - INFO - 
mean_acc	1.0000
2022-04-28 07:49:18,379 - mmaction - INFO - Epoch(val) [47][6]	top1_acc: 1.0000, top5_acc: 1.0000, mean_class_accuracy: 1.0000
2022-04-28 07:49:52,073 - mmaction - INFO - Saving checkpoint at 48 epochs
2022-04-28 07:50:21,853 - mmaction - INFO - Evaluating top_k_accuracy ...
2022-04-28 07:50:21,854 - mmaction - INFO - 
top1_acc	1.0000
top5_acc	1.0000
2022-04-28 07:50:21,854 - mmaction - INFO - Evaluating mean_class_accuracy ...
2022-04-28 07:50:21,855 - mmaction - INFO - 
mean_acc	1.0000
2022-04-28 07:50:21,855 - mmaction - INFO - Epoch(val) [48][6]	top1_acc: 1.0000, top5_acc: 1.0000, mean_class_accuracy: 1.0000
