2022-04-28 06:01:15,517 - mmaction - INFO - Environment info:
------------------------------------------------------------
sys.platform: linux
Python: 3.8.12 | packaged by conda-forge | (default, Oct 12 2021, 21:57:06) [GCC 9.4.0]
CUDA available: True
GPU 0,1,2,3: NVIDIA GeForce RTX 3090
CUDA_HOME: /usr/local/cuda
NVCC: Build cuda_11.1.TC455_06.29190527_0
GCC: gcc (Ubuntu 9.4.0-1ubuntu1~20.04.1) 9.4.0
PyTorch: 1.9.1+cu111
PyTorch compiling details: PyTorch built with:
  - GCC 7.3
  - C++ Version: 201402
  - Intel(R) Math Kernel Library Version 2020.0.0 Product Build 20191122 for Intel(R) 64 architecture applications
  - Intel(R) MKL-DNN v2.1.2 (Git Hash 98be7e8afa711dc9b66c8ff3504129cb82013cdb)
  - OpenMP 201511 (a.k.a. OpenMP 4.5)
  - NNPACK is enabled
  - CPU capability usage: AVX2
  - CUDA Runtime 11.1
  - NVCC architecture flags: -gencode;arch=compute_37,code=sm_37;-gencode;arch=compute_50,code=sm_50;-gencode;arch=compute_60,code=sm_60;-gencode;arch=compute_70,code=sm_70;-gencode;arch=compute_75,code=sm_75;-gencode;arch=compute_80,code=sm_80;-gencode;arch=compute_86,code=sm_86
  - CuDNN 8.0.5
  - Magma 2.5.2
  - Build settings: BLAS_INFO=mkl, BUILD_TYPE=Release, CUDA_VERSION=11.1, CUDNN_VERSION=8.0.5, CXX_COMPILER=/opt/rh/devtoolset-7/root/usr/bin/c++, CXX_FLAGS= -Wno-deprecated -fvisibility-inlines-hidden -DUSE_PTHREADPOOL -fopenmp -DNDEBUG -DUSE_KINETO -DUSE_FBGEMM -DUSE_QNNPACK -DUSE_PYTORCH_QNNPACK -DUSE_XNNPACK -DSYMBOLICATE_MOBILE_DEBUG_HANDLE -O2 -fPIC -Wno-narrowing -Wall -Wextra -Werror=return-type -Wno-missing-field-initializers -Wno-type-limits -Wno-array-bounds -Wno-unknown-pragmas -Wno-sign-compare -Wno-unused-parameter -Wno-unused-variable -Wno-unused-function -Wno-unused-result -Wno-unused-local-typedefs -Wno-strict-overflow -Wno-strict-aliasing -Wno-error=deprecated-declarations -Wno-stringop-overflow -Wno-psabi -Wno-error=pedantic -Wno-error=redundant-decls -Wno-error=old-style-cast -fdiagnostics-color=always -faligned-new -Wno-unused-but-set-variable -Wno-maybe-uninitialized -fno-math-errno -fno-trapping-math -Werror=format -Wno-stringop-overflow, LAPACK_INFO=mkl, PERF_WITH_AVX=1, PERF_WITH_AVX2=1, PERF_WITH_AVX512=1, TORCH_VERSION=1.9.1, USE_CUDA=ON, USE_CUDNN=ON, USE_EXCEPTION_PTR=1, USE_GFLAGS=OFF, USE_GLOG=OFF, USE_MKL=ON, USE_MKLDNN=ON, USE_MPI=OFF, USE_NCCL=ON, USE_NNPACK=ON, USE_OPENMP=ON, 

TorchVision: 0.10.1+cu111
OpenCV: 4.5.5
MMCV: 1.4.2
MMCV Compiler: GCC 7.3
MMCV CUDA Compiler: 11.1
MMAction2: 0.20.0+1c4333f
------------------------------------------------------------

2022-04-28 06:01:15,517 - mmaction - INFO - Distributed training: True
2022-04-28 06:01:17,385 - mmaction - INFO - Config: model = dict(
    type='Recognizer3D',
    backbone=dict(
        type='ResNet3dSlowOnly',
        depth=50,
        pretrained=None,
        in_channels=5,
        base_channels=32,
        num_stages=3,
        out_indices=(2, ),
        stage_blocks=(4, 6, 3),
        conv1_stride_s=1,
        pool1_stride_s=1,
        inflate=(0, 1, 1),
        spatial_strides=(2, 2, 2),
        temporal_strides=(1, 1, 2),
        dilations=(1, 1, 1)),
    cls_head=dict(
        type='I3DHead',
        in_channels=512,
        num_classes=10,
        spatial_type='avg',
        dropout_ratio=0.5),
    train_cfg=dict(),
    test_cfg=dict(average_clips='prob'))
dataset_type = 'PoseDataset'
ann_file_train = 'data/ds_taichi/TEST9AUG4/NSNR/train_data.pkl'
ann_file_val = 'data/ds_taichi/TEST9AUG4/NSNR/test_data.pkl'
left = [
    5, 6, 7, 8, 44, 45, 46, 47, 48, 49, 50, 51, 52, 53, 54, 55, 56, 57, 58, 59,
    60, 61, 62, 63, 64, 65, 66, 67, 68, 69, 70, 71
]
right = [
    1, 2, 3, 4, 16, 17, 18, 19, 20, 21, 22, 23, 24, 25, 26, 27, 28, 29, 30, 31,
    32, 33, 34, 35, 36, 37, 38, 39, 40, 41, 42, 43
]
train_pipeline = [
    dict(type='UniformSampleFrames', clip_len=48),
    dict(type='PoseDecode'),
    dict(type='PoseCompact', hw_ratio=1.0, allow_imgpad=True),
    dict(type='Resize', scale=(-1, 64)),
    dict(type='Resize', scale=(56, 56), keep_ratio=False),
    dict(
        type='Flip',
        flip_ratio=0.5,
        left_kp=[
            5, 6, 7, 8, 44, 45, 46, 47, 48, 49, 50, 51, 52, 53, 54, 55, 56, 57,
            58, 59, 60, 61, 62, 63, 64, 65, 66, 67, 68, 69, 70, 71
        ],
        right_kp=[
            1, 2, 3, 4, 16, 17, 18, 19, 20, 21, 22, 23, 24, 25, 26, 27, 28, 29,
            30, 31, 32, 33, 34, 35, 36, 37, 38, 39, 40, 41, 42, 43
        ]),
    dict(
        type='GenerateTaiChiPoseTarget',
        sigma=0.6,
        use_score=True,
        with_kp=True,
        with_limb=False),
    dict(type='FormatShape', input_format='NCTHW'),
    dict(type='Collect', keys=['imgs', 'label'], meta_keys=[]),
    dict(type='ToTensor', keys=['imgs', 'label'])
]
val_pipeline = [
    dict(type='UniformSampleFrames', clip_len=48, num_clips=1, test_mode=True),
    dict(type='PoseDecode'),
    dict(type='PoseCompact', hw_ratio=1.0, allow_imgpad=True),
    dict(type='Resize', scale=(-1, 64)),
    dict(type='CenterCrop', crop_size=64),
    dict(
        type='GenerateTaiChiPoseTarget',
        sigma=0.6,
        use_score=True,
        with_kp=True,
        with_limb=False),
    dict(type='FormatShape', input_format='NCTHW'),
    dict(type='Collect', keys=['imgs', 'label'], meta_keys=[]),
    dict(type='ToTensor', keys=['imgs'])
]
test_pipeline = [
    dict(
        type='UniformSampleFrames', clip_len=48, num_clips=10, test_mode=True),
    dict(type='PoseDecode'),
    dict(type='PoseCompact', hw_ratio=1.0, allow_imgpad=True),
    dict(type='Resize', scale=(-1, 64)),
    dict(type='CenterCrop', crop_size=64),
    dict(
        type='GenerateTaiChiPoseTarget',
        sigma=0.6,
        use_score=True,
        with_kp=True,
        with_limb=False,
        double=True,
        left_kp=[
            5, 6, 7, 8, 44, 45, 46, 47, 48, 49, 50, 51, 52, 53, 54, 55, 56, 57,
            58, 59, 60, 61, 62, 63, 64, 65, 66, 67, 68, 69, 70, 71
        ],
        right_kp=[
            1, 2, 3, 4, 16, 17, 18, 19, 20, 21, 22, 23, 24, 25, 26, 27, 28, 29,
            30, 31, 32, 33, 34, 35, 36, 37, 38, 39, 40, 41, 42, 43
        ]),
    dict(type='FormatShape', input_format='NCTHW'),
    dict(type='Collect', keys=['imgs', 'label'], meta_keys=[]),
    dict(type='ToTensor', keys=['imgs'])
]
data = dict(
    videos_per_gpu=8,
    workers_per_gpu=4,
    test_dataloader=dict(videos_per_gpu=4),
    train=dict(
        type='RepeatDataset',
        times=20,
        dataset=dict(
            type='PoseDataset',
            ann_file='data/ds_taichi/TEST9AUG4/NSNR/train_data.pkl',
            data_prefix='',
            pipeline=[
                dict(type='UniformSampleFrames', clip_len=48),
                dict(type='PoseDecode'),
                dict(type='PoseCompact', hw_ratio=1.0, allow_imgpad=True),
                dict(type='Resize', scale=(-1, 64)),
                dict(type='Resize', scale=(56, 56), keep_ratio=False),
                dict(
                    type='Flip',
                    flip_ratio=0.5,
                    left_kp=[
                        5, 6, 7, 8, 44, 45, 46, 47, 48, 49, 50, 51, 52, 53, 54,
                        55, 56, 57, 58, 59, 60, 61, 62, 63, 64, 65, 66, 67, 68,
                        69, 70, 71
                    ],
                    right_kp=[
                        1, 2, 3, 4, 16, 17, 18, 19, 20, 21, 22, 23, 24, 25, 26,
                        27, 28, 29, 30, 31, 32, 33, 34, 35, 36, 37, 38, 39, 40,
                        41, 42, 43
                    ]),
                dict(
                    type='GenerateTaiChiPoseTarget',
                    sigma=0.6,
                    use_score=True,
                    with_kp=True,
                    with_limb=False),
                dict(type='FormatShape', input_format='NCTHW'),
                dict(type='Collect', keys=['imgs', 'label'], meta_keys=[]),
                dict(type='ToTensor', keys=['imgs', 'label'])
            ])),
    val=dict(
        type='PoseDataset',
        ann_file='data/ds_taichi/TEST9AUG4/NSNR/test_data.pkl',
        data_prefix='',
        pipeline=[
            dict(
                type='UniformSampleFrames',
                clip_len=48,
                num_clips=1,
                test_mode=True),
            dict(type='PoseDecode'),
            dict(type='PoseCompact', hw_ratio=1.0, allow_imgpad=True),
            dict(type='Resize', scale=(-1, 64)),
            dict(type='CenterCrop', crop_size=64),
            dict(
                type='GenerateTaiChiPoseTarget',
                sigma=0.6,
                use_score=True,
                with_kp=True,
                with_limb=False),
            dict(type='FormatShape', input_format='NCTHW'),
            dict(type='Collect', keys=['imgs', 'label'], meta_keys=[]),
            dict(type='ToTensor', keys=['imgs'])
        ]),
    test=dict(
        type='PoseDataset',
        ann_file='data/ds_taichi/TEST9AUG4/NSNR/test_data.pkl',
        data_prefix='',
        pipeline=[
            dict(
                type='UniformSampleFrames',
                clip_len=48,
                num_clips=10,
                test_mode=True),
            dict(type='PoseDecode'),
            dict(type='PoseCompact', hw_ratio=1.0, allow_imgpad=True),
            dict(type='Resize', scale=(-1, 64)),
            dict(type='CenterCrop', crop_size=64),
            dict(
                type='GenerateTaiChiPoseTarget',
                sigma=0.6,
                use_score=True,
                with_kp=True,
                with_limb=False,
                double=True,
                left_kp=[
                    5, 6, 7, 8, 44, 45, 46, 47, 48, 49, 50, 51, 52, 53, 54, 55,
                    56, 57, 58, 59, 60, 61, 62, 63, 64, 65, 66, 67, 68, 69, 70,
                    71
                ],
                right_kp=[
                    1, 2, 3, 4, 16, 17, 18, 19, 20, 21, 22, 23, 24, 25, 26, 27,
                    28, 29, 30, 31, 32, 33, 34, 35, 36, 37, 38, 39, 40, 41, 42,
                    43
                ]),
            dict(type='FormatShape', input_format='NCTHW'),
            dict(type='Collect', keys=['imgs', 'label'], meta_keys=[]),
            dict(type='ToTensor', keys=['imgs'])
        ]))
optimizer = dict(type='SGD', lr=0.01, momentum=0.9, weight_decay=0.0003)
optimizer_config = dict(grad_clip=dict(max_norm=40, norm_type=2))
lr_config = dict(policy='CosineAnnealing', by_epoch=False, min_lr=0)
total_epochs = 48
checkpoint_config = dict()
workflow = [('train', 1)]
evaluation = dict(
    interval=1, metrics=['top_k_accuracy', 'mean_class_accuracy'], topk=(1, 5))
log_config = dict(interval=40, hooks=[dict(type='TextLoggerHook')])
output_config = dict(out='./model_pth/exp7/ft-WFNC/test_result/results.pkl')
eval_config = dict(
    metric_out='./model_pth/exp7/ft-WFNC/test_result',
    eval=[
        'top_k_accuracy', 'mean_class_accuracy', 'confusion_matrix',
        't_sne_vis'
    ])
dist_params = dict(backend='nccl')
log_level = 'INFO'
work_dir = './model_pth/exp7/ft-WFNC'
load_from = './model_pth/5part_ntu60_xsub_kp_0331/epoch_24.pth'
resume_from = None
find_unused_parameters = False
gpu_ids = range(0, 4)
omnisource = False
module_hooks = []

2022-04-28 06:01:17,386 - mmaction - INFO - Set random seed to 42, deterministic: True
2022-04-28 06:01:17,455 - mmaction - INFO - 80 videos remain after valid thresholding
2022-04-28 06:01:24,231 - mmaction - INFO - 180 videos remain after valid thresholding
2022-04-28 06:01:24,232 - mmaction - INFO - load checkpoint from local path: ./model_pth/5part_ntu60_xsub_kp_0331/epoch_24.pth
2022-04-28 06:01:24,256 - mmaction - WARNING - The model and loaded state dict do not match exactly

size mismatch for cls_head.fc_cls.weight: copying a param with shape torch.Size([60, 512]) from checkpoint, the shape in current model is torch.Size([10, 512]).
size mismatch for cls_head.fc_cls.bias: copying a param with shape torch.Size([60]) from checkpoint, the shape in current model is torch.Size([10]).
2022-04-28 06:01:24,257 - mmaction - INFO - Start running, host: yl@83090-jin, work_dir: /home/yl/myposec3d/model_pth/exp7/ft-WFNC
2022-04-28 06:01:24,257 - mmaction - INFO - Hooks will be executed in the following order:
before_run:
(VERY_HIGH   ) CosineAnnealingLrUpdaterHook       
(NORMAL      ) CheckpointHook                     
(NORMAL      ) DistEvalHook                       
(VERY_LOW    ) TextLoggerHook                     
 -------------------- 
before_train_epoch:
(VERY_HIGH   ) CosineAnnealingLrUpdaterHook       
(NORMAL      ) DistSamplerSeedHook                
(NORMAL      ) DistEvalHook                       
(LOW         ) IterTimerHook                      
(VERY_LOW    ) TextLoggerHook                     
 -------------------- 
before_train_iter:
(VERY_HIGH   ) CosineAnnealingLrUpdaterHook       
(NORMAL      ) DistEvalHook                       
(LOW         ) IterTimerHook                      
 -------------------- 
after_train_iter:
(ABOVE_NORMAL) OptimizerHook                      
(NORMAL      ) CheckpointHook                     
(NORMAL      ) DistEvalHook                       
(LOW         ) IterTimerHook                      
(VERY_LOW    ) TextLoggerHook                     
 -------------------- 
after_train_epoch:
(NORMAL      ) CheckpointHook                     
(NORMAL      ) DistEvalHook                       
(VERY_LOW    ) TextLoggerHook                     
 -------------------- 
before_val_epoch:
(NORMAL      ) DistSamplerSeedHook                
(LOW         ) IterTimerHook                      
(VERY_LOW    ) TextLoggerHook                     
 -------------------- 
before_val_iter:
(LOW         ) IterTimerHook                      
 -------------------- 
after_val_iter:
(LOW         ) IterTimerHook                      
 -------------------- 
after_val_epoch:
(VERY_LOW    ) TextLoggerHook                     
 -------------------- 
after_run:
(VERY_LOW    ) TextLoggerHook                     
 -------------------- 
2022-04-28 06:01:24,258 - mmaction - INFO - workflow: [('train', 1)], max: 48 epochs
2022-04-28 06:01:24,258 - mmaction - INFO - Checkpoints will be saved to /home/yl/myposec3d/model_pth/exp7/ft-WFNC by HardDiskBackend.
2022-04-28 06:02:00,436 - mmaction - INFO - Epoch [1][40/50]	lr: 9.993e-03, eta: 0:35:34, time: 0.904, data_time: 0.693, memory: 4754, top1_acc: 0.6898, top5_acc: 0.8859, loss_cls: 1.3289, loss: 1.3289, grad_norm: 2.1293
2022-04-28 06:02:32,481 - mmaction - INFO - Evaluating top_k_accuracy ...
2022-04-28 06:02:32,482 - mmaction - INFO - 
top1_acc	0.8833
top5_acc	1.0000
2022-04-28 06:02:32,482 - mmaction - INFO - Evaluating mean_class_accuracy ...
2022-04-28 06:02:32,482 - mmaction - INFO - 
mean_acc	0.8833
2022-04-28 06:02:32,525 - mmaction - INFO - Now best checkpoint is saved as best_top1_acc_epoch_1.pth.
2022-04-28 06:02:32,525 - mmaction - INFO - Best top1_acc is 0.8833 at 1 epoch.
2022-04-28 06:02:32,525 - mmaction - INFO - Epoch(val) [1][6]	top1_acc: 0.8833, top5_acc: 1.0000, mean_class_accuracy: 0.8833
2022-04-28 06:03:09,980 - mmaction - INFO - Epoch [2][40/50]	lr: 9.966e-03, eta: 0:31:29, time: 0.936, data_time: 0.684, memory: 4754, top1_acc: 1.0000, top5_acc: 1.0000, loss_cls: 0.0561, loss: 0.0561, grad_norm: 0.5731
2022-04-28 06:03:42,064 - mmaction - INFO - Evaluating top_k_accuracy ...
2022-04-28 06:03:42,065 - mmaction - INFO - 
top1_acc	0.9278
top5_acc	1.0000
2022-04-28 06:03:42,065 - mmaction - INFO - Evaluating mean_class_accuracy ...
2022-04-28 06:03:42,065 - mmaction - INFO - 
mean_acc	0.9278
2022-04-28 06:03:42,067 - mmaction - INFO - The previous best checkpoint /home/yl/myposec3d/model_pth/exp7/ft-WFNC/best_top1_acc_epoch_1.pth was removed
2022-04-28 06:03:42,111 - mmaction - INFO - Now best checkpoint is saved as best_top1_acc_epoch_2.pth.
2022-04-28 06:03:42,111 - mmaction - INFO - Best top1_acc is 0.9278 at 2 epoch.
2022-04-28 06:03:42,111 - mmaction - INFO - Epoch(val) [2][6]	top1_acc: 0.9278, top5_acc: 1.0000, mean_class_accuracy: 0.9278
2022-04-28 06:04:20,267 - mmaction - INFO - Epoch [3][40/50]	lr: 9.917e-03, eta: 0:30:04, time: 0.954, data_time: 0.701, memory: 4754, top1_acc: 1.0000, top5_acc: 1.0000, loss_cls: 0.0253, loss: 0.0253, grad_norm: 0.3595
2022-04-28 06:04:53,023 - mmaction - INFO - Evaluating top_k_accuracy ...
2022-04-28 06:04:53,024 - mmaction - INFO - 
top1_acc	0.9889
top5_acc	1.0000
2022-04-28 06:04:53,024 - mmaction - INFO - Evaluating mean_class_accuracy ...
2022-04-28 06:04:53,024 - mmaction - INFO - 
mean_acc	0.9889
2022-04-28 06:04:53,026 - mmaction - INFO - The previous best checkpoint /home/yl/myposec3d/model_pth/exp7/ft-WFNC/best_top1_acc_epoch_2.pth was removed
2022-04-28 06:04:53,070 - mmaction - INFO - Now best checkpoint is saved as best_top1_acc_epoch_3.pth.
2022-04-28 06:04:53,071 - mmaction - INFO - Best top1_acc is 0.9889 at 3 epoch.
2022-04-28 06:04:53,071 - mmaction - INFO - Epoch(val) [3][6]	top1_acc: 0.9889, top5_acc: 1.0000, mean_class_accuracy: 0.9889
2022-04-28 06:05:32,446 - mmaction - INFO - Epoch [4][40/50]	lr: 9.848e-03, eta: 0:29:18, time: 0.984, data_time: 0.678, memory: 4754, top1_acc: 1.0000, top5_acc: 1.0000, loss_cls: 0.0183, loss: 0.0183, grad_norm: 0.2763
2022-04-28 06:06:06,128 - mmaction - INFO - Evaluating top_k_accuracy ...
2022-04-28 06:06:06,128 - mmaction - INFO - 
top1_acc	0.9556
top5_acc	1.0000
2022-04-28 06:06:06,128 - mmaction - INFO - Evaluating mean_class_accuracy ...
2022-04-28 06:06:06,129 - mmaction - INFO - 
mean_acc	0.9556
2022-04-28 06:06:06,129 - mmaction - INFO - Epoch(val) [4][6]	top1_acc: 0.9556, top5_acc: 1.0000, mean_class_accuracy: 0.9556
2022-04-28 06:06:45,517 - mmaction - INFO - Epoch [5][40/50]	lr: 9.757e-03, eta: 0:28:34, time: 0.985, data_time: 0.754, memory: 4754, top1_acc: 1.0000, top5_acc: 1.0000, loss_cls: 0.0130, loss: 0.0130, grad_norm: 0.1934
2022-04-28 06:07:18,304 - mmaction - INFO - Evaluating top_k_accuracy ...
2022-04-28 06:07:18,304 - mmaction - INFO - 
top1_acc	0.9944
top5_acc	1.0000
2022-04-28 06:07:18,304 - mmaction - INFO - Evaluating mean_class_accuracy ...
2022-04-28 06:07:18,305 - mmaction - INFO - 
mean_acc	0.9944
2022-04-28 06:07:18,307 - mmaction - INFO - The previous best checkpoint /home/yl/myposec3d/model_pth/exp7/ft-WFNC/best_top1_acc_epoch_3.pth was removed
2022-04-28 06:07:18,347 - mmaction - INFO - Now best checkpoint is saved as best_top1_acc_epoch_5.pth.
2022-04-28 06:07:18,347 - mmaction - INFO - Best top1_acc is 0.9944 at 5 epoch.
2022-04-28 06:07:18,348 - mmaction - INFO - Epoch(val) [5][6]	top1_acc: 0.9944, top5_acc: 1.0000, mean_class_accuracy: 0.9944
2022-04-28 06:07:59,107 - mmaction - INFO - Epoch [6][40/50]	lr: 9.646e-03, eta: 0:28:02, time: 1.019, data_time: 0.690, memory: 4754, top1_acc: 1.0000, top5_acc: 1.0000, loss_cls: 0.0124, loss: 0.0124, grad_norm: 0.1858
2022-04-28 06:08:32,697 - mmaction - INFO - Evaluating top_k_accuracy ...
2022-04-28 06:08:32,698 - mmaction - INFO - 
top1_acc	0.9500
top5_acc	1.0000
2022-04-28 06:08:32,698 - mmaction - INFO - Evaluating mean_class_accuracy ...
2022-04-28 06:08:32,698 - mmaction - INFO - 
mean_acc	0.9500
2022-04-28 06:08:32,698 - mmaction - INFO - Epoch(val) [6][6]	top1_acc: 0.9500, top5_acc: 1.0000, mean_class_accuracy: 0.9500
2022-04-28 06:09:11,202 - mmaction - INFO - Epoch [7][40/50]	lr: 9.516e-03, eta: 0:27:14, time: 0.962, data_time: 0.672, memory: 4754, top1_acc: 1.0000, top5_acc: 1.0000, loss_cls: 0.0096, loss: 0.0096, grad_norm: 0.1517
2022-04-28 06:09:44,310 - mmaction - INFO - Evaluating top_k_accuracy ...
2022-04-28 06:09:44,311 - mmaction - INFO - 
top1_acc	0.9778
top5_acc	1.0000
2022-04-28 06:09:44,311 - mmaction - INFO - Evaluating mean_class_accuracy ...
2022-04-28 06:09:44,311 - mmaction - INFO - 
mean_acc	0.9778
2022-04-28 06:09:44,311 - mmaction - INFO - Epoch(val) [7][6]	top1_acc: 0.9778, top5_acc: 1.0000, mean_class_accuracy: 0.9778
2022-04-28 06:10:21,987 - mmaction - INFO - Epoch [8][40/50]	lr: 9.366e-03, eta: 0:26:24, time: 0.942, data_time: 0.676, memory: 4754, top1_acc: 1.0000, top5_acc: 1.0000, loss_cls: 0.0081, loss: 0.0081, grad_norm: 0.1520
2022-04-28 06:10:54,864 - mmaction - INFO - Evaluating top_k_accuracy ...
2022-04-28 06:10:54,865 - mmaction - INFO - 
top1_acc	0.9333
top5_acc	1.0000
2022-04-28 06:10:54,865 - mmaction - INFO - Evaluating mean_class_accuracy ...
2022-04-28 06:10:54,865 - mmaction - INFO - 
mean_acc	0.9333
2022-04-28 06:10:54,865 - mmaction - INFO - Epoch(val) [8][6]	top1_acc: 0.9333, top5_acc: 1.0000, mean_class_accuracy: 0.9333
2022-04-28 06:11:32,554 - mmaction - INFO - Epoch [9][40/50]	lr: 9.197e-03, eta: 0:25:37, time: 0.942, data_time: 0.674, memory: 4754, top1_acc: 1.0000, top5_acc: 1.0000, loss_cls: 0.0074, loss: 0.0074, grad_norm: 0.1296
2022-04-28 06:12:05,032 - mmaction - INFO - Evaluating top_k_accuracy ...
2022-04-28 06:12:05,032 - mmaction - INFO - 
top1_acc	0.9556
top5_acc	0.9944
2022-04-28 06:12:05,032 - mmaction - INFO - Evaluating mean_class_accuracy ...
2022-04-28 06:12:05,033 - mmaction - INFO - 
mean_acc	0.9556
2022-04-28 06:12:05,033 - mmaction - INFO - Epoch(val) [9][6]	top1_acc: 0.9556, top5_acc: 0.9944, mean_class_accuracy: 0.9556
2022-04-28 06:12:44,243 - mmaction - INFO - Epoch [10][40/50]	lr: 9.010e-03, eta: 0:24:58, time: 0.980, data_time: 0.692, memory: 4754, top1_acc: 1.0000, top5_acc: 1.0000, loss_cls: 0.0073, loss: 0.0073, grad_norm: 0.1405
2022-04-28 06:13:17,368 - mmaction - INFO - Evaluating top_k_accuracy ...
2022-04-28 06:13:17,369 - mmaction - INFO - 
top1_acc	0.9889
top5_acc	1.0000
2022-04-28 06:13:17,369 - mmaction - INFO - Evaluating mean_class_accuracy ...
2022-04-28 06:13:17,369 - mmaction - INFO - 
mean_acc	0.9889
2022-04-28 06:13:17,369 - mmaction - INFO - Epoch(val) [10][6]	top1_acc: 0.9889, top5_acc: 1.0000, mean_class_accuracy: 0.9889
2022-04-28 06:13:55,129 - mmaction - INFO - Epoch [11][40/50]	lr: 8.806e-03, eta: 0:24:13, time: 0.944, data_time: 0.664, memory: 4754, top1_acc: 1.0000, top5_acc: 1.0000, loss_cls: 0.0055, loss: 0.0055, grad_norm: 0.1053
2022-04-28 06:14:27,980 - mmaction - INFO - Evaluating top_k_accuracy ...
2022-04-28 06:14:27,980 - mmaction - INFO - 
top1_acc	0.9778
top5_acc	1.0000
2022-04-28 06:14:27,980 - mmaction - INFO - Evaluating mean_class_accuracy ...
2022-04-28 06:14:27,981 - mmaction - INFO - 
mean_acc	0.9778
2022-04-28 06:14:27,981 - mmaction - INFO - Epoch(val) [11][6]	top1_acc: 0.9778, top5_acc: 1.0000, mean_class_accuracy: 0.9778
2022-04-28 06:15:06,756 - mmaction - INFO - Epoch [12][40/50]	lr: 8.586e-03, eta: 0:23:33, time: 0.969, data_time: 0.680, memory: 4754, top1_acc: 1.0000, top5_acc: 1.0000, loss_cls: 0.0050, loss: 0.0050, grad_norm: 0.0975
2022-04-28 06:15:38,799 - mmaction - INFO - Evaluating top_k_accuracy ...
2022-04-28 06:15:38,799 - mmaction - INFO - 
top1_acc	0.9778
top5_acc	1.0000
2022-04-28 06:15:38,799 - mmaction - INFO - Evaluating mean_class_accuracy ...
2022-04-28 06:15:38,800 - mmaction - INFO - 
mean_acc	0.9778
2022-04-28 06:15:38,800 - mmaction - INFO - Epoch(val) [12][6]	top1_acc: 0.9778, top5_acc: 1.0000, mean_class_accuracy: 0.9778
2022-04-28 06:16:16,452 - mmaction - INFO - Epoch [13][40/50]	lr: 8.351e-03, eta: 0:22:50, time: 0.941, data_time: 0.675, memory: 4754, top1_acc: 1.0000, top5_acc: 1.0000, loss_cls: 0.0044, loss: 0.0044, grad_norm: 0.0802
2022-04-28 06:16:48,261 - mmaction - INFO - Evaluating top_k_accuracy ...
2022-04-28 06:16:48,262 - mmaction - INFO - 
top1_acc	0.9611
top5_acc	0.9944
2022-04-28 06:16:48,262 - mmaction - INFO - Evaluating mean_class_accuracy ...
2022-04-28 06:16:48,262 - mmaction - INFO - 
mean_acc	0.9611
2022-04-28 06:16:48,262 - mmaction - INFO - Epoch(val) [13][6]	top1_acc: 0.9611, top5_acc: 0.9944, mean_class_accuracy: 0.9611
2022-04-28 06:17:25,360 - mmaction - INFO - Epoch [14][40/50]	lr: 8.101e-03, eta: 0:22:07, time: 0.927, data_time: 0.666, memory: 4754, top1_acc: 1.0000, top5_acc: 1.0000, loss_cls: 0.0043, loss: 0.0043, grad_norm: 0.0863
2022-04-28 06:17:57,957 - mmaction - INFO - Evaluating top_k_accuracy ...
2022-04-28 06:17:57,957 - mmaction - INFO - 
top1_acc	0.9611
top5_acc	1.0000
2022-04-28 06:17:57,957 - mmaction - INFO - Evaluating mean_class_accuracy ...
2022-04-28 06:17:57,958 - mmaction - INFO - 
mean_acc	0.9611
2022-04-28 06:17:57,958 - mmaction - INFO - Epoch(val) [14][6]	top1_acc: 0.9611, top5_acc: 1.0000, mean_class_accuracy: 0.9611
2022-04-28 06:18:35,614 - mmaction - INFO - Epoch [15][40/50]	lr: 7.837e-03, eta: 0:21:25, time: 0.941, data_time: 0.665, memory: 4754, top1_acc: 1.0000, top5_acc: 1.0000, loss_cls: 0.0041, loss: 0.0041, grad_norm: 0.0769
2022-04-28 06:19:08,393 - mmaction - INFO - Evaluating top_k_accuracy ...
2022-04-28 06:19:08,394 - mmaction - INFO - 
top1_acc	0.9889
top5_acc	1.0000
2022-04-28 06:19:08,394 - mmaction - INFO - Evaluating mean_class_accuracy ...
2022-04-28 06:19:08,394 - mmaction - INFO - 
mean_acc	0.9889
2022-04-28 06:19:08,395 - mmaction - INFO - Epoch(val) [15][6]	top1_acc: 0.9889, top5_acc: 1.0000, mean_class_accuracy: 0.9889
2022-04-28 06:19:46,979 - mmaction - INFO - Epoch [16][40/50]	lr: 7.562e-03, eta: 0:20:46, time: 0.964, data_time: 0.670, memory: 4754, top1_acc: 1.0000, top5_acc: 1.0000, loss_cls: 0.0036, loss: 0.0036, grad_norm: 0.0710
2022-04-28 06:20:19,346 - mmaction - INFO - Evaluating top_k_accuracy ...
2022-04-28 06:20:19,347 - mmaction - INFO - 
top1_acc	0.9833
top5_acc	1.0000
2022-04-28 06:20:19,347 - mmaction - INFO - Evaluating mean_class_accuracy ...
2022-04-28 06:20:19,347 - mmaction - INFO - 
mean_acc	0.9833
2022-04-28 06:20:19,348 - mmaction - INFO - Epoch(val) [16][6]	top1_acc: 0.9833, top5_acc: 1.0000, mean_class_accuracy: 0.9833
2022-04-28 06:20:56,881 - mmaction - INFO - Epoch [17][40/50]	lr: 7.276e-03, eta: 0:20:05, time: 0.938, data_time: 0.669, memory: 4754, top1_acc: 1.0000, top5_acc: 1.0000, loss_cls: 0.0035, loss: 0.0035, grad_norm: 0.0683
2022-04-28 06:21:29,648 - mmaction - INFO - Evaluating top_k_accuracy ...
2022-04-28 06:21:29,648 - mmaction - INFO - 
top1_acc	0.9944
top5_acc	1.0000
2022-04-28 06:21:29,649 - mmaction - INFO - Evaluating mean_class_accuracy ...
2022-04-28 06:21:29,649 - mmaction - INFO - 
mean_acc	0.9944
2022-04-28 06:21:29,649 - mmaction - INFO - Epoch(val) [17][6]	top1_acc: 0.9944, top5_acc: 1.0000, mean_class_accuracy: 0.9944
2022-04-28 06:22:08,152 - mmaction - INFO - Epoch [18][40/50]	lr: 6.980e-03, eta: 0:19:27, time: 0.963, data_time: 0.703, memory: 4754, top1_acc: 1.0000, top5_acc: 1.0000, loss_cls: 0.0025, loss: 0.0025, grad_norm: 0.0466
2022-04-28 06:22:41,177 - mmaction - INFO - Evaluating top_k_accuracy ...
2022-04-28 06:22:41,178 - mmaction - INFO - 
top1_acc	0.9944
top5_acc	1.0000
2022-04-28 06:22:41,178 - mmaction - INFO - Evaluating mean_class_accuracy ...
2022-04-28 06:22:41,178 - mmaction - INFO - 
mean_acc	0.9944
2022-04-28 06:22:41,178 - mmaction - INFO - Epoch(val) [18][6]	top1_acc: 0.9944, top5_acc: 1.0000, mean_class_accuracy: 0.9944
2022-04-28 06:23:20,843 - mmaction - INFO - Epoch [19][40/50]	lr: 6.675e-03, eta: 0:18:49, time: 0.992, data_time: 0.683, memory: 4754, top1_acc: 1.0000, top5_acc: 1.0000, loss_cls: 0.0033, loss: 0.0033, grad_norm: 0.0641
2022-04-28 06:23:53,694 - mmaction - INFO - Evaluating top_k_accuracy ...
2022-04-28 06:23:53,694 - mmaction - INFO - 
top1_acc	0.9944
top5_acc	1.0000
2022-04-28 06:23:53,694 - mmaction - INFO - Evaluating mean_class_accuracy ...
2022-04-28 06:23:53,695 - mmaction - INFO - 
mean_acc	0.9944
2022-04-28 06:23:53,695 - mmaction - INFO - Epoch(val) [19][6]	top1_acc: 0.9944, top5_acc: 1.0000, mean_class_accuracy: 0.9944
2022-04-28 06:24:32,946 - mmaction - INFO - Epoch [20][40/50]	lr: 6.364e-03, eta: 0:18:12, time: 0.981, data_time: 0.686, memory: 4754, top1_acc: 1.0000, top5_acc: 1.0000, loss_cls: 0.0048, loss: 0.0048, grad_norm: 0.1016
2022-04-28 06:25:06,620 - mmaction - INFO - Evaluating top_k_accuracy ...
2022-04-28 06:25:06,621 - mmaction - INFO - 
top1_acc	0.9944
top5_acc	1.0000
2022-04-28 06:25:06,621 - mmaction - INFO - Evaluating mean_class_accuracy ...
2022-04-28 06:25:06,621 - mmaction - INFO - 
mean_acc	0.9944
2022-04-28 06:25:06,621 - mmaction - INFO - Epoch(val) [20][6]	top1_acc: 0.9944, top5_acc: 1.0000, mean_class_accuracy: 0.9944
2022-04-28 06:25:45,286 - mmaction - INFO - Epoch [21][40/50]	lr: 6.046e-03, eta: 0:17:33, time: 0.967, data_time: 0.689, memory: 4754, top1_acc: 1.0000, top5_acc: 1.0000, loss_cls: 0.0032, loss: 0.0032, grad_norm: 0.0722
2022-04-28 06:26:18,533 - mmaction - INFO - Evaluating top_k_accuracy ...
2022-04-28 06:26:18,533 - mmaction - INFO - 
top1_acc	0.9778
top5_acc	1.0000
2022-04-28 06:26:18,533 - mmaction - INFO - Evaluating mean_class_accuracy ...
2022-04-28 06:26:18,534 - mmaction - INFO - 
mean_acc	0.9778
2022-04-28 06:26:18,534 - mmaction - INFO - Epoch(val) [21][6]	top1_acc: 0.9778, top5_acc: 1.0000, mean_class_accuracy: 0.9778
2022-04-28 06:26:58,884 - mmaction - INFO - Epoch [22][40/50]	lr: 5.724e-03, eta: 0:16:56, time: 1.008, data_time: 0.704, memory: 4754, top1_acc: 1.0000, top5_acc: 1.0000, loss_cls: 0.0028, loss: 0.0028, grad_norm: 0.0556
2022-04-28 06:27:32,317 - mmaction - INFO - Evaluating top_k_accuracy ...
2022-04-28 06:27:32,318 - mmaction - INFO - 
top1_acc	0.9833
top5_acc	1.0000
2022-04-28 06:27:32,318 - mmaction - INFO - Evaluating mean_class_accuracy ...
2022-04-28 06:27:32,318 - mmaction - INFO - 
mean_acc	0.9833
2022-04-28 06:27:32,319 - mmaction - INFO - Epoch(val) [22][6]	top1_acc: 0.9833, top5_acc: 1.0000, mean_class_accuracy: 0.9833
2022-04-28 06:28:13,564 - mmaction - INFO - Epoch [23][40/50]	lr: 5.399e-03, eta: 0:16:20, time: 1.031, data_time: 0.696, memory: 4754, top1_acc: 1.0000, top5_acc: 1.0000, loss_cls: 0.0041, loss: 0.0041, grad_norm: 0.0825
2022-04-28 06:28:47,747 - mmaction - INFO - Evaluating top_k_accuracy ...
2022-04-28 06:28:47,747 - mmaction - INFO - 
top1_acc	0.9889
top5_acc	1.0000
2022-04-28 06:28:47,747 - mmaction - INFO - Evaluating mean_class_accuracy ...
2022-04-28 06:28:47,748 - mmaction - INFO - 
mean_acc	0.9889
2022-04-28 06:28:47,748 - mmaction - INFO - Epoch(val) [23][6]	top1_acc: 0.9889, top5_acc: 1.0000, mean_class_accuracy: 0.9889
2022-04-28 06:29:27,580 - mmaction - INFO - Epoch [24][40/50]	lr: 5.072e-03, eta: 0:15:42, time: 0.996, data_time: 0.724, memory: 4754, top1_acc: 1.0000, top5_acc: 1.0000, loss_cls: 0.0030, loss: 0.0030, grad_norm: 0.0645
2022-04-28 06:30:01,284 - mmaction - INFO - Evaluating top_k_accuracy ...
2022-04-28 06:30:01,285 - mmaction - INFO - 
top1_acc	0.9944
top5_acc	1.0000
2022-04-28 06:30:01,285 - mmaction - INFO - Evaluating mean_class_accuracy ...
2022-04-28 06:30:01,285 - mmaction - INFO - 
mean_acc	0.9944
2022-04-28 06:30:01,285 - mmaction - INFO - Epoch(val) [24][6]	top1_acc: 0.9944, top5_acc: 1.0000, mean_class_accuracy: 0.9944
2022-04-28 06:30:42,079 - mmaction - INFO - Epoch [25][40/50]	lr: 4.745e-03, eta: 0:15:05, time: 1.020, data_time: 0.737, memory: 4754, top1_acc: 1.0000, top5_acc: 1.0000, loss_cls: 0.0048, loss: 0.0048, grad_norm: 0.0967
2022-04-28 06:31:16,003 - mmaction - INFO - Evaluating top_k_accuracy ...
2022-04-28 06:31:16,004 - mmaction - INFO - 
top1_acc	0.9722
top5_acc	1.0000
2022-04-28 06:31:16,004 - mmaction - INFO - Evaluating mean_class_accuracy ...
2022-04-28 06:31:16,004 - mmaction - INFO - 
mean_acc	0.9722
2022-04-28 06:31:16,004 - mmaction - INFO - Epoch(val) [25][6]	top1_acc: 0.9722, top5_acc: 1.0000, mean_class_accuracy: 0.9722
2022-04-28 06:31:57,447 - mmaction - INFO - Epoch [26][40/50]	lr: 4.419e-03, eta: 0:14:28, time: 1.036, data_time: 0.718, memory: 4754, top1_acc: 1.0000, top5_acc: 1.0000, loss_cls: 0.0029, loss: 0.0029, grad_norm: 0.0549
2022-04-28 06:32:30,866 - mmaction - INFO - Evaluating top_k_accuracy ...
2022-04-28 06:32:30,866 - mmaction - INFO - 
top1_acc	0.9778
top5_acc	1.0000
2022-04-28 06:32:30,866 - mmaction - INFO - Evaluating mean_class_accuracy ...
2022-04-28 06:32:30,867 - mmaction - INFO - 
mean_acc	0.9778
2022-04-28 06:32:30,867 - mmaction - INFO - Epoch(val) [26][6]	top1_acc: 0.9778, top5_acc: 1.0000, mean_class_accuracy: 0.9778
2022-04-28 06:33:10,462 - mmaction - INFO - Epoch [27][40/50]	lr: 4.095e-03, eta: 0:13:49, time: 0.990, data_time: 0.699, memory: 4754, top1_acc: 1.0000, top5_acc: 1.0000, loss_cls: 0.0024, loss: 0.0024, grad_norm: 0.0431
2022-04-28 06:33:44,736 - mmaction - INFO - Evaluating top_k_accuracy ...
2022-04-28 06:33:44,736 - mmaction - INFO - 
top1_acc	0.9833
top5_acc	1.0000
2022-04-28 06:33:44,737 - mmaction - INFO - Evaluating mean_class_accuracy ...
2022-04-28 06:33:44,737 - mmaction - INFO - 
mean_acc	0.9833
2022-04-28 06:33:44,737 - mmaction - INFO - Epoch(val) [27][6]	top1_acc: 0.9833, top5_acc: 1.0000, mean_class_accuracy: 0.9833
2022-04-28 06:34:26,304 - mmaction - INFO - Epoch [28][40/50]	lr: 3.776e-03, eta: 0:13:12, time: 1.039, data_time: 0.704, memory: 4754, top1_acc: 1.0000, top5_acc: 1.0000, loss_cls: 0.0029, loss: 0.0029, grad_norm: 0.0675
2022-04-28 06:35:00,026 - mmaction - INFO - Evaluating top_k_accuracy ...
2022-04-28 06:35:00,027 - mmaction - INFO - 
top1_acc	0.9889
top5_acc	1.0000
2022-04-28 06:35:00,027 - mmaction - INFO - Evaluating mean_class_accuracy ...
2022-04-28 06:35:00,027 - mmaction - INFO - 
mean_acc	0.9889
2022-04-28 06:35:00,028 - mmaction - INFO - Epoch(val) [28][6]	top1_acc: 0.9889, top5_acc: 1.0000, mean_class_accuracy: 0.9889
2022-04-28 06:35:40,898 - mmaction - INFO - Epoch [29][40/50]	lr: 3.461e-03, eta: 0:12:34, time: 1.022, data_time: 0.686, memory: 4754, top1_acc: 1.0000, top5_acc: 1.0000, loss_cls: 0.0035, loss: 0.0035, grad_norm: 0.0819
2022-04-28 06:36:15,025 - mmaction - INFO - Evaluating top_k_accuracy ...
2022-04-28 06:36:15,026 - mmaction - INFO - 
top1_acc	0.9833
top5_acc	1.0000
2022-04-28 06:36:15,026 - mmaction - INFO - Evaluating mean_class_accuracy ...
2022-04-28 06:36:15,026 - mmaction - INFO - 
mean_acc	0.9833
2022-04-28 06:36:15,026 - mmaction - INFO - Epoch(val) [29][6]	top1_acc: 0.9833, top5_acc: 1.0000, mean_class_accuracy: 0.9833
2022-04-28 06:36:53,938 - mmaction - INFO - Epoch [30][40/50]	lr: 3.153e-03, eta: 0:11:54, time: 0.973, data_time: 0.682, memory: 4754, top1_acc: 1.0000, top5_acc: 1.0000, loss_cls: 0.0067, loss: 0.0067, grad_norm: 0.1164
2022-04-28 06:37:27,942 - mmaction - INFO - Evaluating top_k_accuracy ...
2022-04-28 06:37:27,943 - mmaction - INFO - 
top1_acc	0.9889
top5_acc	1.0000
2022-04-28 06:37:27,943 - mmaction - INFO - Evaluating mean_class_accuracy ...
2022-04-28 06:37:27,943 - mmaction - INFO - 
mean_acc	0.9889
2022-04-28 06:37:27,943 - mmaction - INFO - Epoch(val) [30][6]	top1_acc: 0.9889, top5_acc: 1.0000, mean_class_accuracy: 0.9889
2022-04-28 06:38:08,022 - mmaction - INFO - Epoch [31][40/50]	lr: 2.853e-03, eta: 0:11:15, time: 1.002, data_time: 0.689, memory: 4754, top1_acc: 1.0000, top5_acc: 1.0000, loss_cls: 0.0029, loss: 0.0029, grad_norm: 0.0633
2022-04-28 06:38:41,352 - mmaction - INFO - Evaluating top_k_accuracy ...
2022-04-28 06:38:41,353 - mmaction - INFO - 
top1_acc	0.9556
top5_acc	1.0000
2022-04-28 06:38:41,353 - mmaction - INFO - Evaluating mean_class_accuracy ...
2022-04-28 06:38:41,353 - mmaction - INFO - 
mean_acc	0.9556
2022-04-28 06:38:41,353 - mmaction - INFO - Epoch(val) [31][6]	top1_acc: 0.9556, top5_acc: 1.0000, mean_class_accuracy: 0.9556
2022-04-28 06:39:21,903 - mmaction - INFO - Epoch [32][40/50]	lr: 2.563e-03, eta: 0:10:37, time: 1.014, data_time: 0.705, memory: 4754, top1_acc: 1.0000, top5_acc: 1.0000, loss_cls: 0.0028, loss: 0.0028, grad_norm: 0.0580
2022-04-28 06:39:54,894 - mmaction - INFO - Evaluating top_k_accuracy ...
2022-04-28 06:39:54,894 - mmaction - INFO - 
top1_acc	0.9611
top5_acc	1.0000
2022-04-28 06:39:54,894 - mmaction - INFO - Evaluating mean_class_accuracy ...
2022-04-28 06:39:54,895 - mmaction - INFO - 
mean_acc	0.9611
2022-04-28 06:39:54,895 - mmaction - INFO - Epoch(val) [32][6]	top1_acc: 0.9611, top5_acc: 1.0000, mean_class_accuracy: 0.9611
2022-04-28 06:40:34,601 - mmaction - INFO - Epoch [33][40/50]	lr: 2.282e-03, eta: 0:09:57, time: 0.993, data_time: 0.768, memory: 4754, top1_acc: 1.0000, top5_acc: 1.0000, loss_cls: 0.0022, loss: 0.0022, grad_norm: 0.0441
2022-04-28 06:41:07,953 - mmaction - INFO - Evaluating top_k_accuracy ...
2022-04-28 06:41:07,953 - mmaction - INFO - 
top1_acc	0.9444
top5_acc	1.0000
2022-04-28 06:41:07,953 - mmaction - INFO - Evaluating mean_class_accuracy ...
2022-04-28 06:41:07,954 - mmaction - INFO - 
mean_acc	0.9444
2022-04-28 06:41:07,954 - mmaction - INFO - Epoch(val) [33][6]	top1_acc: 0.9444, top5_acc: 1.0000, mean_class_accuracy: 0.9444
2022-04-28 06:41:48,051 - mmaction - INFO - Epoch [34][40/50]	lr: 2.014e-03, eta: 0:09:18, time: 1.002, data_time: 0.682, memory: 4754, top1_acc: 1.0000, top5_acc: 1.0000, loss_cls: 0.0032, loss: 0.0032, grad_norm: 0.0708
2022-04-28 06:42:21,689 - mmaction - INFO - Evaluating top_k_accuracy ...
2022-04-28 06:42:21,690 - mmaction - INFO - 
top1_acc	0.9556
top5_acc	1.0000
2022-04-28 06:42:21,690 - mmaction - INFO - Evaluating mean_class_accuracy ...
2022-04-28 06:42:21,690 - mmaction - INFO - 
mean_acc	0.9556
2022-04-28 06:42:21,690 - mmaction - INFO - Epoch(val) [34][6]	top1_acc: 0.9556, top5_acc: 1.0000, mean_class_accuracy: 0.9556
2022-04-28 06:43:01,936 - mmaction - INFO - Epoch [35][40/50]	lr: 1.758e-03, eta: 0:08:39, time: 1.006, data_time: 0.672, memory: 4754, top1_acc: 1.0000, top5_acc: 1.0000, loss_cls: 0.0034, loss: 0.0034, grad_norm: 0.0701
2022-04-28 06:43:36,382 - mmaction - INFO - Evaluating top_k_accuracy ...
2022-04-28 06:43:36,382 - mmaction - INFO - 
top1_acc	0.9944
top5_acc	1.0000
2022-04-28 06:43:36,382 - mmaction - INFO - Evaluating mean_class_accuracy ...
2022-04-28 06:43:36,383 - mmaction - INFO - 
mean_acc	0.9944
2022-04-28 06:43:36,383 - mmaction - INFO - Epoch(val) [35][6]	top1_acc: 0.9944, top5_acc: 1.0000, mean_class_accuracy: 0.9944
2022-04-28 06:44:17,190 - mmaction - INFO - Epoch [36][40/50]	lr: 1.516e-03, eta: 0:08:00, time: 1.020, data_time: 0.740, memory: 4754, top1_acc: 1.0000, top5_acc: 1.0000, loss_cls: 0.0031, loss: 0.0031, grad_norm: 0.0628
2022-04-28 06:44:50,848 - mmaction - INFO - Evaluating top_k_accuracy ...
2022-04-28 06:44:50,849 - mmaction - INFO - 
top1_acc	0.9778
top5_acc	1.0000
2022-04-28 06:44:50,849 - mmaction - INFO - Evaluating mean_class_accuracy ...
2022-04-28 06:44:50,849 - mmaction - INFO - 
mean_acc	0.9778
2022-04-28 06:44:50,849 - mmaction - INFO - Epoch(val) [36][6]	top1_acc: 0.9778, top5_acc: 1.0000, mean_class_accuracy: 0.9778
2022-04-28 06:45:29,377 - mmaction - INFO - Epoch [37][40/50]	lr: 1.289e-03, eta: 0:07:21, time: 0.963, data_time: 0.682, memory: 4754, top1_acc: 1.0000, top5_acc: 1.0000, loss_cls: 0.0027, loss: 0.0027, grad_norm: 0.0536
2022-04-28 06:46:02,466 - mmaction - INFO - Evaluating top_k_accuracy ...
2022-04-28 06:46:02,466 - mmaction - INFO - 
top1_acc	0.9889
top5_acc	1.0000
2022-04-28 06:46:02,466 - mmaction - INFO - Evaluating mean_class_accuracy ...
2022-04-28 06:46:02,467 - mmaction - INFO - 
mean_acc	0.9889
2022-04-28 06:46:02,467 - mmaction - INFO - Epoch(val) [37][6]	top1_acc: 0.9889, top5_acc: 1.0000, mean_class_accuracy: 0.9889
2022-04-28 06:46:42,173 - mmaction - INFO - Epoch [38][40/50]	lr: 1.077e-03, eta: 0:06:41, time: 0.992, data_time: 0.731, memory: 4754, top1_acc: 1.0000, top5_acc: 1.0000, loss_cls: 0.0018, loss: 0.0018, grad_norm: 0.0361
2022-04-28 06:47:15,811 - mmaction - INFO - Evaluating top_k_accuracy ...
2022-04-28 06:47:15,811 - mmaction - INFO - 
top1_acc	0.9389
top5_acc	1.0000
2022-04-28 06:47:15,811 - mmaction - INFO - Evaluating mean_class_accuracy ...
2022-04-28 06:47:15,812 - mmaction - INFO - 
mean_acc	0.9389
2022-04-28 06:47:15,812 - mmaction - INFO - Epoch(val) [38][6]	top1_acc: 0.9389, top5_acc: 1.0000, mean_class_accuracy: 0.9389
2022-04-28 06:47:55,289 - mmaction - INFO - Epoch [39][40/50]	lr: 8.831e-04, eta: 0:06:02, time: 0.987, data_time: 0.690, memory: 4754, top1_acc: 1.0000, top5_acc: 1.0000, loss_cls: 0.0022, loss: 0.0022, grad_norm: 0.0468
2022-04-28 06:48:28,496 - mmaction - INFO - Evaluating top_k_accuracy ...
2022-04-28 06:48:28,496 - mmaction - INFO - 
top1_acc	0.9556
top5_acc	1.0000
2022-04-28 06:48:28,496 - mmaction - INFO - Evaluating mean_class_accuracy ...
2022-04-28 06:48:28,497 - mmaction - INFO - 
mean_acc	0.9556
2022-04-28 06:48:28,497 - mmaction - INFO - Epoch(val) [39][6]	top1_acc: 0.9556, top5_acc: 1.0000, mean_class_accuracy: 0.9556
2022-04-28 06:49:08,190 - mmaction - INFO - Epoch [40][40/50]	lr: 7.063e-04, eta: 0:05:23, time: 0.992, data_time: 0.695, memory: 4754, top1_acc: 1.0000, top5_acc: 1.0000, loss_cls: 0.0033, loss: 0.0033, grad_norm: 0.0714
2022-04-28 06:49:41,681 - mmaction - INFO - Evaluating top_k_accuracy ...
2022-04-28 06:49:41,682 - mmaction - INFO - 
top1_acc	0.9389
top5_acc	0.9944
2022-04-28 06:49:41,682 - mmaction - INFO - Evaluating mean_class_accuracy ...
2022-04-28 06:49:41,682 - mmaction - INFO - 
mean_acc	0.9389
2022-04-28 06:49:41,682 - mmaction - INFO - Epoch(val) [40][6]	top1_acc: 0.9389, top5_acc: 0.9944, mean_class_accuracy: 0.9389
2022-04-28 06:50:21,425 - mmaction - INFO - Epoch [41][40/50]	lr: 5.479e-04, eta: 0:04:43, time: 0.993, data_time: 0.685, memory: 4754, top1_acc: 1.0000, top5_acc: 1.0000, loss_cls: 0.0029, loss: 0.0029, grad_norm: 0.0628
2022-04-28 06:50:54,035 - mmaction - INFO - Evaluating top_k_accuracy ...
2022-04-28 06:50:54,035 - mmaction - INFO - 
top1_acc	0.9556
top5_acc	1.0000
2022-04-28 06:50:54,036 - mmaction - INFO - Evaluating mean_class_accuracy ...
2022-04-28 06:50:54,036 - mmaction - INFO - 
mean_acc	0.9556
2022-04-28 06:50:54,036 - mmaction - INFO - Epoch(val) [41][6]	top1_acc: 0.9556, top5_acc: 1.0000, mean_class_accuracy: 0.9556
2022-04-28 06:51:32,877 - mmaction - INFO - Epoch [42][40/50]	lr: 4.086e-04, eta: 0:04:04, time: 0.971, data_time: 0.728, memory: 4754, top1_acc: 1.0000, top5_acc: 1.0000, loss_cls: 0.0025, loss: 0.0025, grad_norm: 0.0558
2022-04-28 06:52:05,282 - mmaction - INFO - Evaluating top_k_accuracy ...
2022-04-28 06:52:05,282 - mmaction - INFO - 
top1_acc	0.9833
top5_acc	1.0000
2022-04-28 06:52:05,282 - mmaction - INFO - Evaluating mean_class_accuracy ...
2022-04-28 06:52:05,283 - mmaction - INFO - 
mean_acc	0.9833
2022-04-28 06:52:05,283 - mmaction - INFO - Epoch(val) [42][6]	top1_acc: 0.9833, top5_acc: 1.0000, mean_class_accuracy: 0.9833
2022-04-28 06:52:45,097 - mmaction - INFO - Epoch [43][40/50]	lr: 2.890e-04, eta: 0:03:24, time: 0.995, data_time: 0.725, memory: 4754, top1_acc: 1.0000, top5_acc: 1.0000, loss_cls: 0.0021, loss: 0.0021, grad_norm: 0.0419
2022-04-28 06:53:17,687 - mmaction - INFO - Evaluating top_k_accuracy ...
2022-04-28 06:53:17,688 - mmaction - INFO - 
top1_acc	0.9833
top5_acc	1.0000
2022-04-28 06:53:17,688 - mmaction - INFO - Evaluating mean_class_accuracy ...
2022-04-28 06:53:17,688 - mmaction - INFO - 
mean_acc	0.9833
2022-04-28 06:53:17,688 - mmaction - INFO - Epoch(val) [43][6]	top1_acc: 0.9833, top5_acc: 1.0000, mean_class_accuracy: 0.9833
2022-04-28 06:53:56,980 - mmaction - INFO - Epoch [44][40/50]	lr: 1.895e-04, eta: 0:02:45, time: 0.982, data_time: 0.739, memory: 4754, top1_acc: 1.0000, top5_acc: 1.0000, loss_cls: 0.0028, loss: 0.0028, grad_norm: 0.0588
2022-04-28 06:54:30,100 - mmaction - INFO - Evaluating top_k_accuracy ...
2022-04-28 06:54:30,101 - mmaction - INFO - 
top1_acc	0.9389
top5_acc	1.0000
2022-04-28 06:54:30,101 - mmaction - INFO - Evaluating mean_class_accuracy ...
2022-04-28 06:54:30,101 - mmaction - INFO - 
mean_acc	0.9389
2022-04-28 06:54:30,102 - mmaction - INFO - Epoch(val) [44][6]	top1_acc: 0.9389, top5_acc: 1.0000, mean_class_accuracy: 0.9389
2022-04-28 06:55:09,548 - mmaction - INFO - Epoch [45][40/50]	lr: 1.106e-04, eta: 0:02:06, time: 0.986, data_time: 0.675, memory: 4754, top1_acc: 1.0000, top5_acc: 1.0000, loss_cls: 0.0030, loss: 0.0030, grad_norm: 0.0638
2022-04-28 06:55:42,950 - mmaction - INFO - Evaluating top_k_accuracy ...
2022-04-28 06:55:42,951 - mmaction - INFO - 
top1_acc	0.9833
top5_acc	1.0000
2022-04-28 06:55:42,951 - mmaction - INFO - Evaluating mean_class_accuracy ...
2022-04-28 06:55:42,951 - mmaction - INFO - 
mean_acc	0.9833
2022-04-28 06:55:42,951 - mmaction - INFO - Epoch(val) [45][6]	top1_acc: 0.9833, top5_acc: 1.0000, mean_class_accuracy: 0.9833
2022-04-28 06:56:22,191 - mmaction - INFO - Epoch [46][40/50]	lr: 5.269e-05, eta: 0:01:26, time: 0.981, data_time: 0.692, memory: 4754, top1_acc: 1.0000, top5_acc: 1.0000, loss_cls: 0.0021, loss: 0.0021, grad_norm: 0.0458
2022-04-28 06:56:55,448 - mmaction - INFO - Evaluating top_k_accuracy ...
2022-04-28 06:56:55,448 - mmaction - INFO - 
top1_acc	0.9944
top5_acc	1.0000
2022-04-28 06:56:55,449 - mmaction - INFO - Evaluating mean_class_accuracy ...
2022-04-28 06:56:55,449 - mmaction - INFO - 
mean_acc	0.9944
2022-04-28 06:56:55,449 - mmaction - INFO - Epoch(val) [46][6]	top1_acc: 0.9944, top5_acc: 1.0000, mean_class_accuracy: 0.9944
2022-04-28 06:57:35,884 - mmaction - INFO - Epoch [47][40/50]	lr: 1.593e-05, eta: 0:00:47, time: 1.011, data_time: 0.682, memory: 4754, top1_acc: 1.0000, top5_acc: 1.0000, loss_cls: 0.0020, loss: 0.0020, grad_norm: 0.0466
2022-04-28 06:58:09,158 - mmaction - INFO - Evaluating top_k_accuracy ...
2022-04-28 06:58:09,159 - mmaction - INFO - 
top1_acc	0.9944
top5_acc	1.0000
2022-04-28 06:58:09,159 - mmaction - INFO - Evaluating mean_class_accuracy ...
2022-04-28 06:58:09,159 - mmaction - INFO - 
mean_acc	0.9944
2022-04-28 06:58:09,160 - mmaction - INFO - Epoch(val) [47][6]	top1_acc: 0.9944, top5_acc: 1.0000, mean_class_accuracy: 0.9944
2022-04-28 06:58:48,450 - mmaction - INFO - Epoch [48][40/50]	lr: 5.183e-07, eta: 0:00:07, time: 0.982, data_time: 0.661, memory: 4754, top1_acc: 1.0000, top5_acc: 1.0000, loss_cls: 0.0043, loss: 0.0043, grad_norm: 0.0973
2022-04-28 06:58:51,629 - mmaction - INFO - Saving checkpoint at 48 epochs
2022-04-28 06:59:21,663 - mmaction - INFO - Evaluating top_k_accuracy ...
2022-04-28 06:59:21,663 - mmaction - INFO - 
top1_acc	0.9722
top5_acc	1.0000
2022-04-28 06:59:21,663 - mmaction - INFO - Evaluating mean_class_accuracy ...
2022-04-28 06:59:21,664 - mmaction - INFO - 
mean_acc	0.9722
2022-04-28 06:59:21,664 - mmaction - INFO - Epoch(val) [48][6]	top1_acc: 0.9722, top5_acc: 1.0000, mean_class_accuracy: 0.9722
