2022-04-28 05:04:50,870 - mmaction - INFO - Environment info:
------------------------------------------------------------
sys.platform: linux
Python: 3.8.12 | packaged by conda-forge | (default, Oct 12 2021, 21:57:06) [GCC 9.4.0]
CUDA available: True
GPU 0,1,2,3: NVIDIA GeForce RTX 3090
CUDA_HOME: /usr/local/cuda
NVCC: Build cuda_11.1.TC455_06.29190527_0
GCC: gcc (Ubuntu 9.4.0-1ubuntu1~20.04.1) 9.4.0
PyTorch: 1.9.1+cu111
PyTorch compiling details: PyTorch built with:
  - GCC 7.3
  - C++ Version: 201402
  - Intel(R) Math Kernel Library Version 2020.0.0 Product Build 20191122 for Intel(R) 64 architecture applications
  - Intel(R) MKL-DNN v2.1.2 (Git Hash 98be7e8afa711dc9b66c8ff3504129cb82013cdb)
  - OpenMP 201511 (a.k.a. OpenMP 4.5)
  - NNPACK is enabled
  - CPU capability usage: AVX2
  - CUDA Runtime 11.1
  - NVCC architecture flags: -gencode;arch=compute_37,code=sm_37;-gencode;arch=compute_50,code=sm_50;-gencode;arch=compute_60,code=sm_60;-gencode;arch=compute_70,code=sm_70;-gencode;arch=compute_75,code=sm_75;-gencode;arch=compute_80,code=sm_80;-gencode;arch=compute_86,code=sm_86
  - CuDNN 8.0.5
  - Magma 2.5.2
  - Build settings: BLAS_INFO=mkl, BUILD_TYPE=Release, CUDA_VERSION=11.1, CUDNN_VERSION=8.0.5, CXX_COMPILER=/opt/rh/devtoolset-7/root/usr/bin/c++, CXX_FLAGS= -Wno-deprecated -fvisibility-inlines-hidden -DUSE_PTHREADPOOL -fopenmp -DNDEBUG -DUSE_KINETO -DUSE_FBGEMM -DUSE_QNNPACK -DUSE_PYTORCH_QNNPACK -DUSE_XNNPACK -DSYMBOLICATE_MOBILE_DEBUG_HANDLE -O2 -fPIC -Wno-narrowing -Wall -Wextra -Werror=return-type -Wno-missing-field-initializers -Wno-type-limits -Wno-array-bounds -Wno-unknown-pragmas -Wno-sign-compare -Wno-unused-parameter -Wno-unused-variable -Wno-unused-function -Wno-unused-result -Wno-unused-local-typedefs -Wno-strict-overflow -Wno-strict-aliasing -Wno-error=deprecated-declarations -Wno-stringop-overflow -Wno-psabi -Wno-error=pedantic -Wno-error=redundant-decls -Wno-error=old-style-cast -fdiagnostics-color=always -faligned-new -Wno-unused-but-set-variable -Wno-maybe-uninitialized -fno-math-errno -fno-trapping-math -Werror=format -Wno-stringop-overflow, LAPACK_INFO=mkl, PERF_WITH_AVX=1, PERF_WITH_AVX2=1, PERF_WITH_AVX512=1, TORCH_VERSION=1.9.1, USE_CUDA=ON, USE_CUDNN=ON, USE_EXCEPTION_PTR=1, USE_GFLAGS=OFF, USE_GLOG=OFF, USE_MKL=ON, USE_MKLDNN=ON, USE_MPI=OFF, USE_NCCL=ON, USE_NNPACK=ON, USE_OPENMP=ON, 

TorchVision: 0.10.1+cu111
OpenCV: 4.5.5
MMCV: 1.4.2
MMCV Compiler: GCC 7.3
MMCV CUDA Compiler: 11.1
MMAction2: 0.20.0+1c4333f
------------------------------------------------------------

2022-04-28 05:04:50,871 - mmaction - INFO - Distributed training: True
2022-04-28 05:04:51,980 - mmaction - INFO - Config: model = dict(
    type='Recognizer3D',
    backbone=dict(
        type='ResNet3dSlowOnly',
        depth=50,
        pretrained=None,
        in_channels=5,
        base_channels=32,
        num_stages=3,
        out_indices=(2, ),
        stage_blocks=(4, 6, 3),
        conv1_stride_s=1,
        pool1_stride_s=1,
        inflate=(0, 1, 1),
        spatial_strides=(2, 2, 2),
        temporal_strides=(1, 1, 2),
        dilations=(1, 1, 1)),
    cls_head=dict(
        type='I3DHead',
        in_channels=512,
        num_classes=10,
        spatial_type='avg',
        dropout_ratio=0.5),
    train_cfg=dict(),
    test_cfg=dict(average_clips='prob'))
dataset_type = 'PoseDataset'
ann_file_train = 'data/ds_taichi/TEST9AUG4/NSNR/train_data.pkl'
ann_file_val = 'data/ds_taichi/TEST9AUG4/NSNR/test_data.pkl'
left = [
    5, 6, 7, 8, 44, 45, 46, 47, 48, 49, 50, 51, 52, 53, 54, 55, 56, 57, 58, 59,
    60, 61, 62, 63, 64, 65, 66, 67, 68, 69, 70, 71
]
right = [
    1, 2, 3, 4, 16, 17, 18, 19, 20, 21, 22, 23, 24, 25, 26, 27, 28, 29, 30, 31,
    32, 33, 34, 35, 36, 37, 38, 39, 40, 41, 42, 43
]
train_pipeline = [
    dict(type='UniformSampleFrames', clip_len=48),
    dict(type='PoseDecode'),
    dict(type='PoseCompact', hw_ratio=1.0, allow_imgpad=True),
    dict(type='Resize', scale=(-1, 64)),
    dict(type='RandomResizedCrop', area_range=(0.56, 1.0)),
    dict(type='Resize', scale=(56, 56), keep_ratio=False),
    dict(
        type='GenerateTaiChiPoseTarget',
        sigma=0.6,
        use_score=True,
        with_kp=True,
        with_limb=False),
    dict(type='FormatShape', input_format='NCTHW'),
    dict(type='Collect', keys=['imgs', 'label'], meta_keys=[]),
    dict(type='ToTensor', keys=['imgs', 'label'])
]
val_pipeline = [
    dict(type='UniformSampleFrames', clip_len=48, num_clips=1, test_mode=True),
    dict(type='PoseDecode'),
    dict(type='PoseCompact', hw_ratio=1.0, allow_imgpad=True),
    dict(type='Resize', scale=(-1, 64)),
    dict(type='CenterCrop', crop_size=64),
    dict(
        type='GenerateTaiChiPoseTarget',
        sigma=0.6,
        use_score=True,
        with_kp=True,
        with_limb=False),
    dict(type='FormatShape', input_format='NCTHW'),
    dict(type='Collect', keys=['imgs', 'label'], meta_keys=[]),
    dict(type='ToTensor', keys=['imgs'])
]
test_pipeline = [
    dict(
        type='UniformSampleFrames', clip_len=48, num_clips=10, test_mode=True),
    dict(type='PoseDecode'),
    dict(type='PoseCompact', hw_ratio=1.0, allow_imgpad=True),
    dict(type='Resize', scale=(-1, 64)),
    dict(type='CenterCrop', crop_size=64),
    dict(
        type='GenerateTaiChiPoseTarget',
        sigma=0.6,
        use_score=True,
        with_kp=True,
        with_limb=False,
        double=True,
        left_kp=[
            5, 6, 7, 8, 44, 45, 46, 47, 48, 49, 50, 51, 52, 53, 54, 55, 56, 57,
            58, 59, 60, 61, 62, 63, 64, 65, 66, 67, 68, 69, 70, 71
        ],
        right_kp=[
            1, 2, 3, 4, 16, 17, 18, 19, 20, 21, 22, 23, 24, 25, 26, 27, 28, 29,
            30, 31, 32, 33, 34, 35, 36, 37, 38, 39, 40, 41, 42, 43
        ]),
    dict(type='FormatShape', input_format='NCTHW'),
    dict(type='Collect', keys=['imgs', 'label'], meta_keys=[]),
    dict(type='ToTensor', keys=['imgs'])
]
data = dict(
    videos_per_gpu=8,
    workers_per_gpu=4,
    test_dataloader=dict(videos_per_gpu=4),
    train=dict(
        type='RepeatDataset',
        times=20,
        dataset=dict(
            type='PoseDataset',
            ann_file='data/ds_taichi/TEST9AUG4/NSNR/train_data.pkl',
            data_prefix='',
            pipeline=[
                dict(type='UniformSampleFrames', clip_len=48),
                dict(type='PoseDecode'),
                dict(type='PoseCompact', hw_ratio=1.0, allow_imgpad=True),
                dict(type='Resize', scale=(-1, 64)),
                dict(type='RandomResizedCrop', area_range=(0.56, 1.0)),
                dict(type='Resize', scale=(56, 56), keep_ratio=False),
                dict(
                    type='GenerateTaiChiPoseTarget',
                    sigma=0.6,
                    use_score=True,
                    with_kp=True,
                    with_limb=False),
                dict(type='FormatShape', input_format='NCTHW'),
                dict(type='Collect', keys=['imgs', 'label'], meta_keys=[]),
                dict(type='ToTensor', keys=['imgs', 'label'])
            ])),
    val=dict(
        type='PoseDataset',
        ann_file='data/ds_taichi/TEST9AUG4/NSNR/test_data.pkl',
        data_prefix='',
        pipeline=[
            dict(
                type='UniformSampleFrames',
                clip_len=48,
                num_clips=1,
                test_mode=True),
            dict(type='PoseDecode'),
            dict(type='PoseCompact', hw_ratio=1.0, allow_imgpad=True),
            dict(type='Resize', scale=(-1, 64)),
            dict(type='CenterCrop', crop_size=64),
            dict(
                type='GenerateTaiChiPoseTarget',
                sigma=0.6,
                use_score=True,
                with_kp=True,
                with_limb=False),
            dict(type='FormatShape', input_format='NCTHW'),
            dict(type='Collect', keys=['imgs', 'label'], meta_keys=[]),
            dict(type='ToTensor', keys=['imgs'])
        ]),
    test=dict(
        type='PoseDataset',
        ann_file='data/ds_taichi/TEST9AUG4/NSNR/test_data.pkl',
        data_prefix='',
        pipeline=[
            dict(
                type='UniformSampleFrames',
                clip_len=48,
                num_clips=10,
                test_mode=True),
            dict(type='PoseDecode'),
            dict(type='PoseCompact', hw_ratio=1.0, allow_imgpad=True),
            dict(type='Resize', scale=(-1, 64)),
            dict(type='CenterCrop', crop_size=64),
            dict(
                type='GenerateTaiChiPoseTarget',
                sigma=0.6,
                use_score=True,
                with_kp=True,
                with_limb=False,
                double=True,
                left_kp=[
                    5, 6, 7, 8, 44, 45, 46, 47, 48, 49, 50, 51, 52, 53, 54, 55,
                    56, 57, 58, 59, 60, 61, 62, 63, 64, 65, 66, 67, 68, 69, 70,
                    71
                ],
                right_kp=[
                    1, 2, 3, 4, 16, 17, 18, 19, 20, 21, 22, 23, 24, 25, 26, 27,
                    28, 29, 30, 31, 32, 33, 34, 35, 36, 37, 38, 39, 40, 41, 42,
                    43
                ]),
            dict(type='FormatShape', input_format='NCTHW'),
            dict(type='Collect', keys=['imgs', 'label'], meta_keys=[]),
            dict(type='ToTensor', keys=['imgs'])
        ]))
optimizer = dict(type='SGD', lr=0.01, momentum=0.9, weight_decay=0.0003)
optimizer_config = dict(grad_clip=dict(max_norm=40, norm_type=2))
lr_config = dict(policy='CosineAnnealing', by_epoch=False, min_lr=0)
total_epochs = 48
checkpoint_config = dict()
workflow = [('train', 1)]
evaluation = dict(
    interval=1, metrics=['top_k_accuracy', 'mean_class_accuracy'], topk=(1, 5))
log_config = dict(interval=40, hooks=[dict(type='TextLoggerHook')])
output_config = dict(out='./model_pth/exp7/ft-NFWC/test_result/results.pkl')
eval_config = dict(
    metric_out='./model_pth/exp7/ft-NFWC/test_result',
    eval=[
        'top_k_accuracy', 'mean_class_accuracy', 'confusion_matrix',
        't_sne_vis'
    ])
dist_params = dict(backend='nccl')
log_level = 'INFO'
work_dir = './model_pth/exp7/ft-NFWC'
load_from = './model_pth/5part_ntu60_xsub_kp_0331/epoch_24.pth'
resume_from = None
find_unused_parameters = False
gpu_ids = range(0, 4)
omnisource = False
module_hooks = []

2022-04-28 05:04:51,981 - mmaction - INFO - Set random seed to 42, deterministic: True
2022-04-28 05:04:52,051 - mmaction - INFO - 80 videos remain after valid thresholding
2022-04-28 05:04:58,812 - mmaction - INFO - 180 videos remain after valid thresholding
2022-04-28 05:04:58,814 - mmaction - INFO - load checkpoint from local path: ./model_pth/5part_ntu60_xsub_kp_0331/epoch_24.pth
2022-04-28 05:04:58,872 - mmaction - WARNING - The model and loaded state dict do not match exactly

size mismatch for cls_head.fc_cls.weight: copying a param with shape torch.Size([60, 512]) from checkpoint, the shape in current model is torch.Size([10, 512]).
size mismatch for cls_head.fc_cls.bias: copying a param with shape torch.Size([60]) from checkpoint, the shape in current model is torch.Size([10]).
2022-04-28 05:04:58,872 - mmaction - INFO - Start running, host: yl@83090-jin, work_dir: /home/yl/myposec3d/model_pth/exp7/ft-NFWC
2022-04-28 05:04:58,872 - mmaction - INFO - Hooks will be executed in the following order:
before_run:
(VERY_HIGH   ) CosineAnnealingLrUpdaterHook       
(NORMAL      ) CheckpointHook                     
(NORMAL      ) DistEvalHook                       
(VERY_LOW    ) TextLoggerHook                     
 -------------------- 
before_train_epoch:
(VERY_HIGH   ) CosineAnnealingLrUpdaterHook       
(NORMAL      ) DistSamplerSeedHook                
(NORMAL      ) DistEvalHook                       
(LOW         ) IterTimerHook                      
(VERY_LOW    ) TextLoggerHook                     
 -------------------- 
before_train_iter:
(VERY_HIGH   ) CosineAnnealingLrUpdaterHook       
(NORMAL      ) DistEvalHook                       
(LOW         ) IterTimerHook                      
 -------------------- 
after_train_iter:
(ABOVE_NORMAL) OptimizerHook                      
(NORMAL      ) CheckpointHook                     
(NORMAL      ) DistEvalHook                       
(LOW         ) IterTimerHook                      
(VERY_LOW    ) TextLoggerHook                     
 -------------------- 
after_train_epoch:
(NORMAL      ) CheckpointHook                     
(NORMAL      ) DistEvalHook                       
(VERY_LOW    ) TextLoggerHook                     
 -------------------- 
before_val_epoch:
(NORMAL      ) DistSamplerSeedHook                
(LOW         ) IterTimerHook                      
(VERY_LOW    ) TextLoggerHook                     
 -------------------- 
before_val_iter:
(LOW         ) IterTimerHook                      
 -------------------- 
after_val_iter:
(LOW         ) IterTimerHook                      
 -------------------- 
after_val_epoch:
(VERY_LOW    ) TextLoggerHook                     
 -------------------- 
after_run:
(VERY_LOW    ) TextLoggerHook                     
 -------------------- 
2022-04-28 05:04:58,873 - mmaction - INFO - workflow: [('train', 1)], max: 48 epochs
2022-04-28 05:04:58,873 - mmaction - INFO - Checkpoints will be saved to /home/yl/myposec3d/model_pth/exp7/ft-NFWC by HardDiskBackend.
2022-04-28 05:05:38,986 - mmaction - INFO - Epoch [1][40/50]	lr: 9.993e-03, eta: 0:39:26, time: 1.003, data_time: 0.726, memory: 4754, top1_acc: 0.6547, top5_acc: 0.8742, loss_cls: 1.3868, loss: 1.3868, grad_norm: 2.1700
2022-04-28 05:06:12,553 - mmaction - INFO - Evaluating top_k_accuracy ...
2022-04-28 05:06:12,554 - mmaction - INFO - 
top1_acc	0.8778
top5_acc	0.9778
2022-04-28 05:06:12,554 - mmaction - INFO - Evaluating mean_class_accuracy ...
2022-04-28 05:06:12,554 - mmaction - INFO - 
mean_acc	0.8778
2022-04-28 05:06:12,600 - mmaction - INFO - Now best checkpoint is saved as best_top1_acc_epoch_1.pth.
2022-04-28 05:06:12,600 - mmaction - INFO - Best top1_acc is 0.8778 at 1 epoch.
2022-04-28 05:06:12,601 - mmaction - INFO - Epoch(val) [1][6]	top1_acc: 0.8778, top5_acc: 0.9778, mean_class_accuracy: 0.8778
2022-04-28 05:06:49,849 - mmaction - INFO - Epoch [2][40/50]	lr: 9.966e-03, eta: 0:33:05, time: 0.931, data_time: 0.680, memory: 4754, top1_acc: 0.9977, top5_acc: 1.0000, loss_cls: 0.0708, loss: 0.0708, grad_norm: 0.7524
2022-04-28 05:07:22,374 - mmaction - INFO - Evaluating top_k_accuracy ...
2022-04-28 05:07:22,375 - mmaction - INFO - 
top1_acc	0.9111
top5_acc	0.9833
2022-04-28 05:07:22,375 - mmaction - INFO - Evaluating mean_class_accuracy ...
2022-04-28 05:07:22,375 - mmaction - INFO - 
mean_acc	0.9111
2022-04-28 05:07:22,379 - mmaction - INFO - The previous best checkpoint /home/yl/myposec3d/model_pth/exp7/ft-NFWC/best_top1_acc_epoch_1.pth was removed
2022-04-28 05:07:22,430 - mmaction - INFO - Now best checkpoint is saved as best_top1_acc_epoch_2.pth.
2022-04-28 05:07:22,431 - mmaction - INFO - Best top1_acc is 0.9111 at 2 epoch.
2022-04-28 05:07:22,431 - mmaction - INFO - Epoch(val) [2][6]	top1_acc: 0.9111, top5_acc: 0.9833, mean_class_accuracy: 0.9111
2022-04-28 05:08:00,162 - mmaction - INFO - Epoch [3][40/50]	lr: 9.917e-03, eta: 0:30:57, time: 0.943, data_time: 0.705, memory: 4754, top1_acc: 0.9992, top5_acc: 1.0000, loss_cls: 0.0304, loss: 0.0304, grad_norm: 0.4277
2022-04-28 05:08:33,317 - mmaction - INFO - Evaluating top_k_accuracy ...
2022-04-28 05:08:33,318 - mmaction - INFO - 
top1_acc	0.9944
top5_acc	1.0000
2022-04-28 05:08:33,318 - mmaction - INFO - Evaluating mean_class_accuracy ...
2022-04-28 05:08:33,318 - mmaction - INFO - 
mean_acc	0.9944
2022-04-28 05:08:33,321 - mmaction - INFO - The previous best checkpoint /home/yl/myposec3d/model_pth/exp7/ft-NFWC/best_top1_acc_epoch_2.pth was removed
2022-04-28 05:08:33,368 - mmaction - INFO - Now best checkpoint is saved as best_top1_acc_epoch_3.pth.
2022-04-28 05:08:33,369 - mmaction - INFO - Best top1_acc is 0.9944 at 3 epoch.
2022-04-28 05:08:33,369 - mmaction - INFO - Epoch(val) [3][6]	top1_acc: 0.9944, top5_acc: 1.0000, mean_class_accuracy: 0.9944
2022-04-28 05:09:10,339 - mmaction - INFO - Epoch [4][40/50]	lr: 9.848e-03, eta: 0:29:28, time: 0.924, data_time: 0.680, memory: 4754, top1_acc: 0.9977, top5_acc: 1.0000, loss_cls: 0.0247, loss: 0.0247, grad_norm: 0.4542
2022-04-28 05:09:43,635 - mmaction - INFO - Evaluating top_k_accuracy ...
2022-04-28 05:09:43,636 - mmaction - INFO - 
top1_acc	0.9833
top5_acc	0.9944
2022-04-28 05:09:43,636 - mmaction - INFO - Evaluating mean_class_accuracy ...
2022-04-28 05:09:43,636 - mmaction - INFO - 
mean_acc	0.9833
2022-04-28 05:09:43,636 - mmaction - INFO - Epoch(val) [4][6]	top1_acc: 0.9833, top5_acc: 0.9944, mean_class_accuracy: 0.9833
2022-04-28 05:10:21,004 - mmaction - INFO - Epoch [5][40/50]	lr: 9.757e-03, eta: 0:28:24, time: 0.934, data_time: 0.682, memory: 4754, top1_acc: 1.0000, top5_acc: 1.0000, loss_cls: 0.0162, loss: 0.0162, grad_norm: 0.2767
2022-04-28 05:10:54,435 - mmaction - INFO - Evaluating top_k_accuracy ...
2022-04-28 05:10:54,436 - mmaction - INFO - 
top1_acc	0.9944
top5_acc	1.0000
2022-04-28 05:10:54,436 - mmaction - INFO - Evaluating mean_class_accuracy ...
2022-04-28 05:10:54,437 - mmaction - INFO - 
mean_acc	0.9944
2022-04-28 05:10:54,437 - mmaction - INFO - Epoch(val) [5][6]	top1_acc: 0.9944, top5_acc: 1.0000, mean_class_accuracy: 0.9944
2022-04-28 05:11:32,270 - mmaction - INFO - Epoch [6][40/50]	lr: 9.646e-03, eta: 0:27:33, time: 0.946, data_time: 0.729, memory: 4754, top1_acc: 1.0000, top5_acc: 1.0000, loss_cls: 0.0140, loss: 0.0140, grad_norm: 0.2273
2022-04-28 05:12:07,011 - mmaction - INFO - Evaluating top_k_accuracy ...
2022-04-28 05:12:07,016 - mmaction - INFO - 
top1_acc	0.9944
top5_acc	0.9944
2022-04-28 05:12:07,016 - mmaction - INFO - Evaluating mean_class_accuracy ...
2022-04-28 05:12:07,017 - mmaction - INFO - 
mean_acc	0.9944
2022-04-28 05:12:07,017 - mmaction - INFO - Epoch(val) [6][6]	top1_acc: 0.9944, top5_acc: 0.9944, mean_class_accuracy: 0.9944
2022-04-28 05:12:44,446 - mmaction - INFO - Epoch [7][40/50]	lr: 9.516e-03, eta: 0:26:43, time: 0.935, data_time: 0.713, memory: 4754, top1_acc: 1.0000, top5_acc: 1.0000, loss_cls: 0.0105, loss: 0.0105, grad_norm: 0.1836
2022-04-28 05:13:17,542 - mmaction - INFO - Evaluating top_k_accuracy ...
2022-04-28 05:13:17,543 - mmaction - INFO - 
top1_acc	0.9889
top5_acc	1.0000
2022-04-28 05:13:17,543 - mmaction - INFO - Evaluating mean_class_accuracy ...
2022-04-28 05:13:17,543 - mmaction - INFO - 
mean_acc	0.9889
2022-04-28 05:13:17,543 - mmaction - INFO - Epoch(val) [7][6]	top1_acc: 0.9889, top5_acc: 1.0000, mean_class_accuracy: 0.9889
2022-04-28 05:13:55,979 - mmaction - INFO - Epoch [8][40/50]	lr: 9.366e-03, eta: 0:26:01, time: 0.961, data_time: 0.712, memory: 4754, top1_acc: 1.0000, top5_acc: 1.0000, loss_cls: 0.0082, loss: 0.0082, grad_norm: 0.1390
2022-04-28 05:14:29,115 - mmaction - INFO - Evaluating top_k_accuracy ...
2022-04-28 05:14:29,116 - mmaction - INFO - 
top1_acc	0.9722
top5_acc	1.0000
2022-04-28 05:14:29,116 - mmaction - INFO - Evaluating mean_class_accuracy ...
2022-04-28 05:14:29,116 - mmaction - INFO - 
mean_acc	0.9722
2022-04-28 05:14:29,117 - mmaction - INFO - Epoch(val) [8][6]	top1_acc: 0.9722, top5_acc: 1.0000, mean_class_accuracy: 0.9722
2022-04-28 05:15:06,061 - mmaction - INFO - Epoch [9][40/50]	lr: 9.197e-03, eta: 0:25:14, time: 0.923, data_time: 0.708, memory: 4754, top1_acc: 0.9992, top5_acc: 1.0000, loss_cls: 0.0093, loss: 0.0093, grad_norm: 0.1838
2022-04-28 05:15:37,965 - mmaction - INFO - Evaluating top_k_accuracy ...
2022-04-28 05:15:37,966 - mmaction - INFO - 
top1_acc	0.9833
top5_acc	1.0000
2022-04-28 05:15:37,966 - mmaction - INFO - Evaluating mean_class_accuracy ...
2022-04-28 05:15:37,966 - mmaction - INFO - 
mean_acc	0.9833
2022-04-28 05:15:37,967 - mmaction - INFO - Epoch(val) [9][6]	top1_acc: 0.9833, top5_acc: 1.0000, mean_class_accuracy: 0.9833
2022-04-28 05:16:14,968 - mmaction - INFO - Epoch [10][40/50]	lr: 9.010e-03, eta: 0:24:29, time: 0.925, data_time: 0.685, memory: 4754, top1_acc: 1.0000, top5_acc: 1.0000, loss_cls: 0.0078, loss: 0.0078, grad_norm: 0.1416
2022-04-28 05:16:47,580 - mmaction - INFO - Evaluating top_k_accuracy ...
2022-04-28 05:16:47,581 - mmaction - INFO - 
top1_acc	0.9944
top5_acc	1.0000
2022-04-28 05:16:47,581 - mmaction - INFO - Evaluating mean_class_accuracy ...
2022-04-28 05:16:47,581 - mmaction - INFO - 
mean_acc	0.9944
2022-04-28 05:16:47,582 - mmaction - INFO - Epoch(val) [10][6]	top1_acc: 0.9944, top5_acc: 1.0000, mean_class_accuracy: 0.9944
2022-04-28 05:17:24,162 - mmaction - INFO - Epoch [11][40/50]	lr: 8.806e-03, eta: 0:23:44, time: 0.914, data_time: 0.674, memory: 4754, top1_acc: 0.9992, top5_acc: 1.0000, loss_cls: 0.0070, loss: 0.0070, grad_norm: 0.1748
2022-04-28 05:17:56,574 - mmaction - INFO - Evaluating top_k_accuracy ...
2022-04-28 05:17:56,575 - mmaction - INFO - 
top1_acc	0.9944
top5_acc	1.0000
2022-04-28 05:17:56,575 - mmaction - INFO - Evaluating mean_class_accuracy ...
2022-04-28 05:17:56,575 - mmaction - INFO - 
mean_acc	0.9944
2022-04-28 05:17:56,575 - mmaction - INFO - Epoch(val) [11][6]	top1_acc: 0.9944, top5_acc: 1.0000, mean_class_accuracy: 0.9944
2022-04-28 05:18:32,797 - mmaction - INFO - Epoch [12][40/50]	lr: 8.586e-03, eta: 0:22:59, time: 0.905, data_time: 0.685, memory: 4754, top1_acc: 1.0000, top5_acc: 1.0000, loss_cls: 0.0057, loss: 0.0057, grad_norm: 0.1254
2022-04-28 05:19:05,165 - mmaction - INFO - Evaluating top_k_accuracy ...
2022-04-28 05:19:05,166 - mmaction - INFO - 
top1_acc	0.9944
top5_acc	0.9944
2022-04-28 05:19:05,166 - mmaction - INFO - Evaluating mean_class_accuracy ...
2022-04-28 05:19:05,166 - mmaction - INFO - 
mean_acc	0.9944
2022-04-28 05:19:05,166 - mmaction - INFO - Epoch(val) [12][6]	top1_acc: 0.9944, top5_acc: 0.9944, mean_class_accuracy: 0.9944
2022-04-28 05:19:40,995 - mmaction - INFO - Epoch [13][40/50]	lr: 8.351e-03, eta: 0:22:15, time: 0.895, data_time: 0.675, memory: 4754, top1_acc: 1.0000, top5_acc: 1.0000, loss_cls: 0.0050, loss: 0.0050, grad_norm: 0.0934
2022-04-28 05:20:13,281 - mmaction - INFO - Evaluating top_k_accuracy ...
2022-04-28 05:20:13,282 - mmaction - INFO - 
top1_acc	0.9778
top5_acc	0.9944
2022-04-28 05:20:13,282 - mmaction - INFO - Evaluating mean_class_accuracy ...
2022-04-28 05:20:13,282 - mmaction - INFO - 
mean_acc	0.9778
2022-04-28 05:20:13,282 - mmaction - INFO - Epoch(val) [13][6]	top1_acc: 0.9778, top5_acc: 0.9944, mean_class_accuracy: 0.9778
2022-04-28 05:20:49,186 - mmaction - INFO - Epoch [14][40/50]	lr: 8.101e-03, eta: 0:21:32, time: 0.897, data_time: 0.676, memory: 4754, top1_acc: 1.0000, top5_acc: 1.0000, loss_cls: 0.0047, loss: 0.0047, grad_norm: 0.0907
2022-04-28 05:21:21,287 - mmaction - INFO - Evaluating top_k_accuracy ...
2022-04-28 05:21:21,287 - mmaction - INFO - 
top1_acc	0.9944
top5_acc	1.0000
2022-04-28 05:21:21,287 - mmaction - INFO - Evaluating mean_class_accuracy ...
2022-04-28 05:21:21,288 - mmaction - INFO - 
mean_acc	0.9944
2022-04-28 05:21:21,288 - mmaction - INFO - Epoch(val) [14][6]	top1_acc: 0.9944, top5_acc: 1.0000, mean_class_accuracy: 0.9944
2022-04-28 05:21:57,210 - mmaction - INFO - Epoch [15][40/50]	lr: 7.837e-03, eta: 0:20:50, time: 0.898, data_time: 0.689, memory: 4754, top1_acc: 1.0000, top5_acc: 1.0000, loss_cls: 0.0043, loss: 0.0043, grad_norm: 0.0855
2022-04-28 05:22:29,407 - mmaction - INFO - Evaluating top_k_accuracy ...
2022-04-28 05:22:29,408 - mmaction - INFO - 
top1_acc	0.9944
top5_acc	1.0000
2022-04-28 05:22:29,408 - mmaction - INFO - Evaluating mean_class_accuracy ...
2022-04-28 05:22:29,408 - mmaction - INFO - 
mean_acc	0.9944
2022-04-28 05:22:29,408 - mmaction - INFO - Epoch(val) [15][6]	top1_acc: 0.9944, top5_acc: 1.0000, mean_class_accuracy: 0.9944
2022-04-28 05:23:05,560 - mmaction - INFO - Epoch [16][40/50]	lr: 7.562e-03, eta: 0:20:09, time: 0.904, data_time: 0.696, memory: 4754, top1_acc: 1.0000, top5_acc: 1.0000, loss_cls: 0.0038, loss: 0.0038, grad_norm: 0.0814
2022-04-28 05:23:37,760 - mmaction - INFO - Evaluating top_k_accuracy ...
2022-04-28 05:23:37,761 - mmaction - INFO - 
top1_acc	0.9833
top5_acc	1.0000
2022-04-28 05:23:37,761 - mmaction - INFO - Evaluating mean_class_accuracy ...
2022-04-28 05:23:37,761 - mmaction - INFO - 
mean_acc	0.9833
2022-04-28 05:23:37,761 - mmaction - INFO - Epoch(val) [16][6]	top1_acc: 0.9833, top5_acc: 1.0000, mean_class_accuracy: 0.9833
2022-04-28 05:24:14,157 - mmaction - INFO - Epoch [17][40/50]	lr: 7.276e-03, eta: 0:19:29, time: 0.910, data_time: 0.672, memory: 4754, top1_acc: 1.0000, top5_acc: 1.0000, loss_cls: 0.0036, loss: 0.0036, grad_norm: 0.0698
2022-04-28 05:24:47,280 - mmaction - INFO - Evaluating top_k_accuracy ...
2022-04-28 05:24:47,281 - mmaction - INFO - 
top1_acc	0.9944
top5_acc	1.0000
2022-04-28 05:24:47,281 - mmaction - INFO - Evaluating mean_class_accuracy ...
2022-04-28 05:24:47,281 - mmaction - INFO - 
mean_acc	0.9944
2022-04-28 05:24:47,282 - mmaction - INFO - Epoch(val) [17][6]	top1_acc: 0.9944, top5_acc: 1.0000, mean_class_accuracy: 0.9944
2022-04-28 05:25:24,465 - mmaction - INFO - Epoch [18][40/50]	lr: 6.980e-03, eta: 0:18:51, time: 0.930, data_time: 0.705, memory: 4754, top1_acc: 1.0000, top5_acc: 1.0000, loss_cls: 0.0028, loss: 0.0028, grad_norm: 0.0594
2022-04-28 05:25:57,419 - mmaction - INFO - Evaluating top_k_accuracy ...
2022-04-28 05:25:57,419 - mmaction - INFO - 
top1_acc	0.9944
top5_acc	1.0000
2022-04-28 05:25:57,419 - mmaction - INFO - Evaluating mean_class_accuracy ...
2022-04-28 05:25:57,420 - mmaction - INFO - 
mean_acc	0.9944
2022-04-28 05:25:57,420 - mmaction - INFO - Epoch(val) [18][6]	top1_acc: 0.9944, top5_acc: 1.0000, mean_class_accuracy: 0.9944
2022-04-28 05:26:33,413 - mmaction - INFO - Epoch [19][40/50]	lr: 6.675e-03, eta: 0:18:12, time: 0.900, data_time: 0.680, memory: 4754, top1_acc: 1.0000, top5_acc: 1.0000, loss_cls: 0.0036, loss: 0.0036, grad_norm: 0.0726
2022-04-28 05:27:05,761 - mmaction - INFO - Evaluating top_k_accuracy ...
2022-04-28 05:27:05,761 - mmaction - INFO - 
top1_acc	1.0000
top5_acc	1.0000
2022-04-28 05:27:05,761 - mmaction - INFO - Evaluating mean_class_accuracy ...
2022-04-28 05:27:05,762 - mmaction - INFO - 
mean_acc	1.0000
2022-04-28 05:27:05,765 - mmaction - INFO - The previous best checkpoint /home/yl/myposec3d/model_pth/exp7/ft-NFWC/best_top1_acc_epoch_3.pth was removed
2022-04-28 05:27:05,820 - mmaction - INFO - Now best checkpoint is saved as best_top1_acc_epoch_19.pth.
2022-04-28 05:27:05,820 - mmaction - INFO - Best top1_acc is 1.0000 at 19 epoch.
2022-04-28 05:27:05,821 - mmaction - INFO - Epoch(val) [19][6]	top1_acc: 1.0000, top5_acc: 1.0000, mean_class_accuracy: 1.0000
2022-04-28 05:27:41,775 - mmaction - INFO - Epoch [20][40/50]	lr: 6.364e-03, eta: 0:17:32, time: 0.898, data_time: 0.682, memory: 4754, top1_acc: 1.0000, top5_acc: 1.0000, loss_cls: 0.0051, loss: 0.0051, grad_norm: 0.1043
2022-04-28 05:28:14,713 - mmaction - INFO - Evaluating top_k_accuracy ...
2022-04-28 05:28:14,714 - mmaction - INFO - 
top1_acc	0.9944
top5_acc	1.0000
2022-04-28 05:28:14,714 - mmaction - INFO - Evaluating mean_class_accuracy ...
2022-04-28 05:28:14,714 - mmaction - INFO - 
mean_acc	0.9944
2022-04-28 05:28:14,715 - mmaction - INFO - Epoch(val) [20][6]	top1_acc: 0.9944, top5_acc: 1.0000, mean_class_accuracy: 0.9944
2022-04-28 05:28:51,997 - mmaction - INFO - Epoch [21][40/50]	lr: 6.046e-03, eta: 0:16:55, time: 0.932, data_time: 0.692, memory: 4754, top1_acc: 1.0000, top5_acc: 1.0000, loss_cls: 0.0034, loss: 0.0034, grad_norm: 0.0822
2022-04-28 05:29:24,412 - mmaction - INFO - Evaluating top_k_accuracy ...
2022-04-28 05:29:24,412 - mmaction - INFO - 
top1_acc	0.9889
top5_acc	1.0000
2022-04-28 05:29:24,412 - mmaction - INFO - Evaluating mean_class_accuracy ...
2022-04-28 05:29:24,413 - mmaction - INFO - 
mean_acc	0.9889
2022-04-28 05:29:24,413 - mmaction - INFO - Epoch(val) [21][6]	top1_acc: 0.9889, top5_acc: 1.0000, mean_class_accuracy: 0.9889
2022-04-28 05:30:02,119 - mmaction - INFO - Epoch [22][40/50]	lr: 5.724e-03, eta: 0:16:18, time: 0.942, data_time: 0.682, memory: 4754, top1_acc: 1.0000, top5_acc: 1.0000, loss_cls: 0.0032, loss: 0.0032, grad_norm: 0.0679
2022-04-28 05:30:34,702 - mmaction - INFO - Evaluating top_k_accuracy ...
2022-04-28 05:30:34,702 - mmaction - INFO - 
top1_acc	0.9944
top5_acc	1.0000
2022-04-28 05:30:34,702 - mmaction - INFO - Evaluating mean_class_accuracy ...
2022-04-28 05:30:34,703 - mmaction - INFO - 
mean_acc	0.9944
2022-04-28 05:30:34,703 - mmaction - INFO - Epoch(val) [22][6]	top1_acc: 0.9944, top5_acc: 1.0000, mean_class_accuracy: 0.9944
2022-04-28 05:31:11,398 - mmaction - INFO - Epoch [23][40/50]	lr: 5.399e-03, eta: 0:15:40, time: 0.917, data_time: 0.687, memory: 4754, top1_acc: 1.0000, top5_acc: 1.0000, loss_cls: 0.0046, loss: 0.0046, grad_norm: 0.0995
2022-04-28 05:31:44,551 - mmaction - INFO - Evaluating top_k_accuracy ...
2022-04-28 05:31:44,551 - mmaction - INFO - 
top1_acc	0.9944
top5_acc	1.0000
2022-04-28 05:31:44,552 - mmaction - INFO - Evaluating mean_class_accuracy ...
2022-04-28 05:31:44,552 - mmaction - INFO - 
mean_acc	0.9944
2022-04-28 05:31:44,553 - mmaction - INFO - Epoch(val) [23][6]	top1_acc: 0.9944, top5_acc: 1.0000, mean_class_accuracy: 0.9944
2022-04-28 05:32:21,650 - mmaction - INFO - Epoch [24][40/50]	lr: 5.072e-03, eta: 0:15:02, time: 0.927, data_time: 0.688, memory: 4754, top1_acc: 1.0000, top5_acc: 1.0000, loss_cls: 0.0032, loss: 0.0032, grad_norm: 0.0696
2022-04-28 05:32:54,556 - mmaction - INFO - Evaluating top_k_accuracy ...
2022-04-28 05:32:54,556 - mmaction - INFO - 
top1_acc	0.9944
top5_acc	1.0000
2022-04-28 05:32:54,556 - mmaction - INFO - Evaluating mean_class_accuracy ...
2022-04-28 05:32:54,557 - mmaction - INFO - 
mean_acc	0.9944
2022-04-28 05:32:54,557 - mmaction - INFO - Epoch(val) [24][6]	top1_acc: 0.9944, top5_acc: 1.0000, mean_class_accuracy: 0.9944
2022-04-28 05:33:32,074 - mmaction - INFO - Epoch [25][40/50]	lr: 4.745e-03, eta: 0:14:25, time: 0.938, data_time: 0.735, memory: 4754, top1_acc: 1.0000, top5_acc: 1.0000, loss_cls: 0.0060, loss: 0.0060, grad_norm: 0.1307
2022-04-28 05:34:05,479 - mmaction - INFO - Evaluating top_k_accuracy ...
2022-04-28 05:34:05,480 - mmaction - INFO - 
top1_acc	0.9944
top5_acc	1.0000
2022-04-28 05:34:05,480 - mmaction - INFO - Evaluating mean_class_accuracy ...
2022-04-28 05:34:05,480 - mmaction - INFO - 
mean_acc	0.9944
2022-04-28 05:34:05,480 - mmaction - INFO - Epoch(val) [25][6]	top1_acc: 0.9944, top5_acc: 1.0000, mean_class_accuracy: 0.9944
2022-04-28 05:34:41,966 - mmaction - INFO - Epoch [26][40/50]	lr: 4.419e-03, eta: 0:13:47, time: 0.912, data_time: 0.687, memory: 4754, top1_acc: 1.0000, top5_acc: 1.0000, loss_cls: 0.0029, loss: 0.0029, grad_norm: 0.0544
2022-04-28 05:35:14,568 - mmaction - INFO - Evaluating top_k_accuracy ...
2022-04-28 05:35:14,568 - mmaction - INFO - 
top1_acc	0.9833
top5_acc	1.0000
2022-04-28 05:35:14,568 - mmaction - INFO - Evaluating mean_class_accuracy ...
2022-04-28 05:35:14,569 - mmaction - INFO - 
mean_acc	0.9833
2022-04-28 05:35:14,569 - mmaction - INFO - Epoch(val) [26][6]	top1_acc: 0.9833, top5_acc: 1.0000, mean_class_accuracy: 0.9833
2022-04-28 05:35:51,476 - mmaction - INFO - Epoch [27][40/50]	lr: 4.095e-03, eta: 0:13:10, time: 0.923, data_time: 0.705, memory: 4754, top1_acc: 1.0000, top5_acc: 1.0000, loss_cls: 0.0025, loss: 0.0025, grad_norm: 0.0495
2022-04-28 05:36:24,425 - mmaction - INFO - Evaluating top_k_accuracy ...
2022-04-28 05:36:24,426 - mmaction - INFO - 
top1_acc	0.9944
top5_acc	1.0000
2022-04-28 05:36:24,426 - mmaction - INFO - Evaluating mean_class_accuracy ...
2022-04-28 05:36:24,426 - mmaction - INFO - 
mean_acc	0.9944
2022-04-28 05:36:24,426 - mmaction - INFO - Epoch(val) [27][6]	top1_acc: 0.9944, top5_acc: 1.0000, mean_class_accuracy: 0.9944
2022-04-28 05:37:02,694 - mmaction - INFO - Epoch [28][40/50]	lr: 3.776e-03, eta: 0:12:33, time: 0.957, data_time: 0.725, memory: 4754, top1_acc: 1.0000, top5_acc: 1.0000, loss_cls: 0.0029, loss: 0.0029, grad_norm: 0.0680
2022-04-28 05:37:36,691 - mmaction - INFO - Evaluating top_k_accuracy ...
2022-04-28 05:37:36,692 - mmaction - INFO - 
top1_acc	0.9944
top5_acc	1.0000
2022-04-28 05:37:36,692 - mmaction - INFO - Evaluating mean_class_accuracy ...
2022-04-28 05:37:36,693 - mmaction - INFO - 
mean_acc	0.9944
2022-04-28 05:37:36,693 - mmaction - INFO - Epoch(val) [28][6]	top1_acc: 0.9944, top5_acc: 1.0000, mean_class_accuracy: 0.9944
2022-04-28 05:38:15,536 - mmaction - INFO - Epoch [29][40/50]	lr: 3.461e-03, eta: 0:11:57, time: 0.971, data_time: 0.705, memory: 4754, top1_acc: 1.0000, top5_acc: 1.0000, loss_cls: 0.0041, loss: 0.0041, grad_norm: 0.1056
2022-04-28 05:38:49,186 - mmaction - INFO - Evaluating top_k_accuracy ...
2022-04-28 05:38:49,187 - mmaction - INFO - 
top1_acc	0.9889
top5_acc	1.0000
2022-04-28 05:38:49,187 - mmaction - INFO - Evaluating mean_class_accuracy ...
2022-04-28 05:38:49,188 - mmaction - INFO - 
mean_acc	0.9889
2022-04-28 05:38:49,188 - mmaction - INFO - Epoch(val) [29][6]	top1_acc: 0.9889, top5_acc: 1.0000, mean_class_accuracy: 0.9889
2022-04-28 05:39:26,994 - mmaction - INFO - Epoch [30][40/50]	lr: 3.153e-03, eta: 0:11:20, time: 0.945, data_time: 0.692, memory: 4754, top1_acc: 1.0000, top5_acc: 1.0000, loss_cls: 0.0068, loss: 0.0068, grad_norm: 0.1163
2022-04-28 05:40:00,962 - mmaction - INFO - Evaluating top_k_accuracy ...
2022-04-28 05:40:00,962 - mmaction - INFO - 
top1_acc	0.9944
top5_acc	1.0000
2022-04-28 05:40:00,962 - mmaction - INFO - Evaluating mean_class_accuracy ...
2022-04-28 05:40:00,963 - mmaction - INFO - 
mean_acc	0.9944
2022-04-28 05:40:00,963 - mmaction - INFO - Epoch(val) [30][6]	top1_acc: 0.9944, top5_acc: 1.0000, mean_class_accuracy: 0.9944
2022-04-28 05:40:38,350 - mmaction - INFO - Epoch [31][40/50]	lr: 2.853e-03, eta: 0:10:42, time: 0.935, data_time: 0.723, memory: 4754, top1_acc: 1.0000, top5_acc: 1.0000, loss_cls: 0.0034, loss: 0.0034, grad_norm: 0.0817
2022-04-28 05:41:11,361 - mmaction - INFO - Evaluating top_k_accuracy ...
2022-04-28 05:41:11,361 - mmaction - INFO - 
top1_acc	0.9944
top5_acc	1.0000
2022-04-28 05:41:11,361 - mmaction - INFO - Evaluating mean_class_accuracy ...
2022-04-28 05:41:11,362 - mmaction - INFO - 
mean_acc	0.9944
2022-04-28 05:41:11,362 - mmaction - INFO - Epoch(val) [31][6]	top1_acc: 0.9944, top5_acc: 1.0000, mean_class_accuracy: 0.9944
2022-04-28 05:41:49,645 - mmaction - INFO - Epoch [32][40/50]	lr: 2.563e-03, eta: 0:10:05, time: 0.957, data_time: 0.749, memory: 4754, top1_acc: 1.0000, top5_acc: 1.0000, loss_cls: 0.0033, loss: 0.0033, grad_norm: 0.0778
2022-04-28 05:42:22,856 - mmaction - INFO - Evaluating top_k_accuracy ...
2022-04-28 05:42:22,857 - mmaction - INFO - 
top1_acc	0.9944
top5_acc	1.0000
2022-04-28 05:42:22,857 - mmaction - INFO - Evaluating mean_class_accuracy ...
2022-04-28 05:42:22,857 - mmaction - INFO - 
mean_acc	0.9944
2022-04-28 05:42:22,857 - mmaction - INFO - Epoch(val) [32][6]	top1_acc: 0.9944, top5_acc: 1.0000, mean_class_accuracy: 0.9944
2022-04-28 05:43:00,630 - mmaction - INFO - Epoch [33][40/50]	lr: 2.282e-03, eta: 0:09:28, time: 0.944, data_time: 0.693, memory: 4754, top1_acc: 1.0000, top5_acc: 1.0000, loss_cls: 0.0024, loss: 0.0024, grad_norm: 0.0535
2022-04-28 05:43:33,615 - mmaction - INFO - Evaluating top_k_accuracy ...
2022-04-28 05:43:33,615 - mmaction - INFO - 
top1_acc	0.9944
top5_acc	0.9944
2022-04-28 05:43:33,615 - mmaction - INFO - Evaluating mean_class_accuracy ...
2022-04-28 05:43:33,615 - mmaction - INFO - 
mean_acc	0.9944
2022-04-28 05:43:33,616 - mmaction - INFO - Epoch(val) [33][6]	top1_acc: 0.9944, top5_acc: 0.9944, mean_class_accuracy: 0.9944
2022-04-28 05:44:11,831 - mmaction - INFO - Epoch [34][40/50]	lr: 2.014e-03, eta: 0:08:51, time: 0.955, data_time: 0.735, memory: 4754, top1_acc: 1.0000, top5_acc: 1.0000, loss_cls: 0.0033, loss: 0.0033, grad_norm: 0.0807
2022-04-28 05:44:45,760 - mmaction - INFO - Evaluating top_k_accuracy ...
2022-04-28 05:44:45,761 - mmaction - INFO - 
top1_acc	0.9944
top5_acc	0.9944
2022-04-28 05:44:45,761 - mmaction - INFO - Evaluating mean_class_accuracy ...
2022-04-28 05:44:45,761 - mmaction - INFO - 
mean_acc	0.9944
2022-04-28 05:44:45,761 - mmaction - INFO - Epoch(val) [34][6]	top1_acc: 0.9944, top5_acc: 0.9944, mean_class_accuracy: 0.9944
2022-04-28 05:45:23,893 - mmaction - INFO - Epoch [35][40/50]	lr: 1.758e-03, eta: 0:08:14, time: 0.953, data_time: 0.742, memory: 4754, top1_acc: 1.0000, top5_acc: 1.0000, loss_cls: 0.0039, loss: 0.0039, grad_norm: 0.0895
2022-04-28 05:45:57,205 - mmaction - INFO - Evaluating top_k_accuracy ...
2022-04-28 05:45:57,206 - mmaction - INFO - 
top1_acc	0.9944
top5_acc	1.0000
2022-04-28 05:45:57,206 - mmaction - INFO - Evaluating mean_class_accuracy ...
2022-04-28 05:45:57,207 - mmaction - INFO - 
mean_acc	0.9944
2022-04-28 05:45:57,207 - mmaction - INFO - Epoch(val) [35][6]	top1_acc: 0.9944, top5_acc: 1.0000, mean_class_accuracy: 0.9944
2022-04-28 05:46:35,195 - mmaction - INFO - Epoch [36][40/50]	lr: 1.516e-03, eta: 0:07:37, time: 0.950, data_time: 0.701, memory: 4754, top1_acc: 0.9992, top5_acc: 1.0000, loss_cls: 0.0045, loss: 0.0045, grad_norm: 0.1220
2022-04-28 05:47:09,134 - mmaction - INFO - Evaluating top_k_accuracy ...
2022-04-28 05:47:09,135 - mmaction - INFO - 
top1_acc	0.9944
top5_acc	1.0000
2022-04-28 05:47:09,135 - mmaction - INFO - Evaluating mean_class_accuracy ...
2022-04-28 05:47:09,136 - mmaction - INFO - 
mean_acc	0.9944
2022-04-28 05:47:09,136 - mmaction - INFO - Epoch(val) [36][6]	top1_acc: 0.9944, top5_acc: 1.0000, mean_class_accuracy: 0.9944
2022-04-28 05:47:46,844 - mmaction - INFO - Epoch [37][40/50]	lr: 1.289e-03, eta: 0:06:59, time: 0.943, data_time: 0.712, memory: 4754, top1_acc: 1.0000, top5_acc: 1.0000, loss_cls: 0.0028, loss: 0.0028, grad_norm: 0.0575
2022-04-28 05:48:20,103 - mmaction - INFO - Evaluating top_k_accuracy ...
2022-04-28 05:48:20,103 - mmaction - INFO - 
top1_acc	0.9944
top5_acc	1.0000
2022-04-28 05:48:20,104 - mmaction - INFO - Evaluating mean_class_accuracy ...
2022-04-28 05:48:20,104 - mmaction - INFO - 
mean_acc	0.9944
2022-04-28 05:48:20,104 - mmaction - INFO - Epoch(val) [37][6]	top1_acc: 0.9944, top5_acc: 1.0000, mean_class_accuracy: 0.9944
2022-04-28 05:48:56,672 - mmaction - INFO - Epoch [38][40/50]	lr: 1.077e-03, eta: 0:06:21, time: 0.914, data_time: 0.699, memory: 4754, top1_acc: 1.0000, top5_acc: 1.0000, loss_cls: 0.0020, loss: 0.0020, grad_norm: 0.0432
2022-04-28 05:49:29,690 - mmaction - INFO - Evaluating top_k_accuracy ...
2022-04-28 05:49:29,690 - mmaction - INFO - 
top1_acc	0.9833
top5_acc	0.9944
2022-04-28 05:49:29,691 - mmaction - INFO - Evaluating mean_class_accuracy ...
2022-04-28 05:49:29,691 - mmaction - INFO - 
mean_acc	0.9833
2022-04-28 05:49:29,691 - mmaction - INFO - Epoch(val) [38][6]	top1_acc: 0.9833, top5_acc: 0.9944, mean_class_accuracy: 0.9833
2022-04-28 05:50:06,981 - mmaction - INFO - Epoch [39][40/50]	lr: 8.831e-04, eta: 0:05:44, time: 0.932, data_time: 0.693, memory: 4754, top1_acc: 1.0000, top5_acc: 1.0000, loss_cls: 0.0025, loss: 0.0025, grad_norm: 0.0546
2022-04-28 05:50:39,971 - mmaction - INFO - Evaluating top_k_accuracy ...
2022-04-28 05:50:39,972 - mmaction - INFO - 
top1_acc	0.9944
top5_acc	0.9944
2022-04-28 05:50:39,972 - mmaction - INFO - Evaluating mean_class_accuracy ...
2022-04-28 05:50:39,972 - mmaction - INFO - 
mean_acc	0.9944
2022-04-28 05:50:39,972 - mmaction - INFO - Epoch(val) [39][6]	top1_acc: 0.9944, top5_acc: 0.9944, mean_class_accuracy: 0.9944
2022-04-28 05:51:17,724 - mmaction - INFO - Epoch [40][40/50]	lr: 7.063e-04, eta: 0:05:07, time: 0.944, data_time: 0.678, memory: 4754, top1_acc: 1.0000, top5_acc: 1.0000, loss_cls: 0.0038, loss: 0.0038, grad_norm: 0.0907
2022-04-28 05:51:51,028 - mmaction - INFO - Evaluating top_k_accuracy ...
2022-04-28 05:51:51,029 - mmaction - INFO - 
top1_acc	0.9778
top5_acc	0.9944
2022-04-28 05:51:51,029 - mmaction - INFO - Evaluating mean_class_accuracy ...
2022-04-28 05:51:51,029 - mmaction - INFO - 
mean_acc	0.9778
2022-04-28 05:51:51,030 - mmaction - INFO - Epoch(val) [40][6]	top1_acc: 0.9778, top5_acc: 0.9944, mean_class_accuracy: 0.9778
2022-04-28 05:52:28,621 - mmaction - INFO - Epoch [41][40/50]	lr: 5.479e-04, eta: 0:04:29, time: 0.939, data_time: 0.692, memory: 4754, top1_acc: 1.0000, top5_acc: 1.0000, loss_cls: 0.0036, loss: 0.0036, grad_norm: 0.0991
2022-04-28 05:53:01,512 - mmaction - INFO - Evaluating top_k_accuracy ...
2022-04-28 05:53:01,513 - mmaction - INFO - 
top1_acc	0.9944
top5_acc	0.9944
2022-04-28 05:53:01,513 - mmaction - INFO - Evaluating mean_class_accuracy ...
2022-04-28 05:53:01,513 - mmaction - INFO - 
mean_acc	0.9944
2022-04-28 05:53:01,513 - mmaction - INFO - Epoch(val) [41][6]	top1_acc: 0.9944, top5_acc: 0.9944, mean_class_accuracy: 0.9944
2022-04-28 05:53:37,900 - mmaction - INFO - Epoch [42][40/50]	lr: 4.086e-04, eta: 0:03:52, time: 0.910, data_time: 0.682, memory: 4754, top1_acc: 1.0000, top5_acc: 1.0000, loss_cls: 0.0030, loss: 0.0030, grad_norm: 0.0754
2022-04-28 05:54:10,298 - mmaction - INFO - Evaluating top_k_accuracy ...
2022-04-28 05:54:10,299 - mmaction - INFO - 
top1_acc	0.9944
top5_acc	1.0000
2022-04-28 05:54:10,299 - mmaction - INFO - Evaluating mean_class_accuracy ...
2022-04-28 05:54:10,299 - mmaction - INFO - 
mean_acc	0.9944
2022-04-28 05:54:10,299 - mmaction - INFO - Epoch(val) [42][6]	top1_acc: 0.9944, top5_acc: 1.0000, mean_class_accuracy: 0.9944
2022-04-28 05:54:46,014 - mmaction - INFO - Epoch [43][40/50]	lr: 2.890e-04, eta: 0:03:14, time: 0.893, data_time: 0.684, memory: 4754, top1_acc: 1.0000, top5_acc: 1.0000, loss_cls: 0.0022, loss: 0.0022, grad_norm: 0.0491
2022-04-28 05:55:18,649 - mmaction - INFO - Evaluating top_k_accuracy ...
2022-04-28 05:55:18,650 - mmaction - INFO - 
top1_acc	0.9944
top5_acc	1.0000
2022-04-28 05:55:18,650 - mmaction - INFO - Evaluating mean_class_accuracy ...
2022-04-28 05:55:18,650 - mmaction - INFO - 
mean_acc	0.9944
2022-04-28 05:55:18,650 - mmaction - INFO - Epoch(val) [43][6]	top1_acc: 0.9944, top5_acc: 1.0000, mean_class_accuracy: 0.9944
2022-04-28 05:55:54,515 - mmaction - INFO - Epoch [44][40/50]	lr: 1.895e-04, eta: 0:02:36, time: 0.897, data_time: 0.668, memory: 4754, top1_acc: 1.0000, top5_acc: 1.0000, loss_cls: 0.0031, loss: 0.0031, grad_norm: 0.0652
2022-04-28 05:56:26,546 - mmaction - INFO - Evaluating top_k_accuracy ...
2022-04-28 05:56:26,546 - mmaction - INFO - 
top1_acc	0.9833
top5_acc	0.9944
2022-04-28 05:56:26,546 - mmaction - INFO - Evaluating mean_class_accuracy ...
2022-04-28 05:56:26,547 - mmaction - INFO - 
mean_acc	0.9833
2022-04-28 05:56:26,547 - mmaction - INFO - Epoch(val) [44][6]	top1_acc: 0.9833, top5_acc: 0.9944, mean_class_accuracy: 0.9833
2022-04-28 05:57:02,836 - mmaction - INFO - Epoch [45][40/50]	lr: 1.106e-04, eta: 0:01:59, time: 0.907, data_time: 0.704, memory: 4754, top1_acc: 1.0000, top5_acc: 1.0000, loss_cls: 0.0034, loss: 0.0034, grad_norm: 0.0766
2022-04-28 05:57:35,706 - mmaction - INFO - Evaluating top_k_accuracy ...
2022-04-28 05:57:35,706 - mmaction - INFO - 
top1_acc	0.9944
top5_acc	1.0000
2022-04-28 05:57:35,706 - mmaction - INFO - Evaluating mean_class_accuracy ...
2022-04-28 05:57:35,707 - mmaction - INFO - 
mean_acc	0.9944
2022-04-28 05:57:35,707 - mmaction - INFO - Epoch(val) [45][6]	top1_acc: 0.9944, top5_acc: 1.0000, mean_class_accuracy: 0.9944
2022-04-28 05:58:13,198 - mmaction - INFO - Epoch [46][40/50]	lr: 5.269e-05, eta: 0:01:22, time: 0.937, data_time: 0.683, memory: 4754, top1_acc: 1.0000, top5_acc: 1.0000, loss_cls: 0.0021, loss: 0.0021, grad_norm: 0.0424
2022-04-28 05:58:45,740 - mmaction - INFO - Evaluating top_k_accuracy ...
2022-04-28 05:58:45,741 - mmaction - INFO - 
top1_acc	0.9944
top5_acc	1.0000
2022-04-28 05:58:45,741 - mmaction - INFO - Evaluating mean_class_accuracy ...
2022-04-28 05:58:45,741 - mmaction - INFO - 
mean_acc	0.9944
2022-04-28 05:58:45,742 - mmaction - INFO - Epoch(val) [46][6]	top1_acc: 0.9944, top5_acc: 1.0000, mean_class_accuracy: 0.9944
2022-04-28 05:59:20,499 - mmaction - INFO - Epoch [47][40/50]	lr: 1.593e-05, eta: 0:00:44, time: 0.869, data_time: 0.641, memory: 4754, top1_acc: 1.0000, top5_acc: 1.0000, loss_cls: 0.0023, loss: 0.0023, grad_norm: 0.0576
2022-04-28 05:59:53,093 - mmaction - INFO - Evaluating top_k_accuracy ...
2022-04-28 05:59:53,093 - mmaction - INFO - 
top1_acc	0.9944
top5_acc	1.0000
2022-04-28 05:59:53,093 - mmaction - INFO - Evaluating mean_class_accuracy ...
2022-04-28 05:59:53,094 - mmaction - INFO - 
mean_acc	0.9944
2022-04-28 05:59:53,094 - mmaction - INFO - Epoch(val) [47][6]	top1_acc: 0.9944, top5_acc: 1.0000, mean_class_accuracy: 0.9944
2022-04-28 06:00:29,799 - mmaction - INFO - Epoch [48][40/50]	lr: 5.183e-07, eta: 0:00:07, time: 0.918, data_time: 0.712, memory: 4754, top1_acc: 1.0000, top5_acc: 1.0000, loss_cls: 0.0044, loss: 0.0044, grad_norm: 0.0993
2022-04-28 06:00:32,556 - mmaction - INFO - Saving checkpoint at 48 epochs
2022-04-28 06:01:01,858 - mmaction - INFO - Evaluating top_k_accuracy ...
2022-04-28 06:01:01,858 - mmaction - INFO - 
top1_acc	0.9944
top5_acc	0.9944
2022-04-28 06:01:01,858 - mmaction - INFO - Evaluating mean_class_accuracy ...
2022-04-28 06:01:01,859 - mmaction - INFO - 
mean_acc	0.9944
2022-04-28 06:01:01,859 - mmaction - INFO - Epoch(val) [48][6]	top1_acc: 0.9944, top5_acc: 0.9944, mean_class_accuracy: 0.9944
