2022-04-24 12:01:41,692 - mmaction - INFO - Environment info:
------------------------------------------------------------
sys.platform: linux
Python: 3.8.12 | packaged by conda-forge | (default, Oct 12 2021, 21:57:06) [GCC 9.4.0]
CUDA available: True
GPU 0,1,2,3: NVIDIA GeForce RTX 3090
CUDA_HOME: /usr/local/cuda
NVCC: Build cuda_11.1.TC455_06.29190527_0
GCC: gcc (Ubuntu 9.4.0-1ubuntu1~20.04.1) 9.4.0
PyTorch: 1.9.1+cu111
PyTorch compiling details: PyTorch built with:
  - GCC 7.3
  - C++ Version: 201402
  - Intel(R) Math Kernel Library Version 2020.0.0 Product Build 20191122 for Intel(R) 64 architecture applications
  - Intel(R) MKL-DNN v2.1.2 (Git Hash 98be7e8afa711dc9b66c8ff3504129cb82013cdb)
  - OpenMP 201511 (a.k.a. OpenMP 4.5)
  - NNPACK is enabled
  - CPU capability usage: AVX2
  - CUDA Runtime 11.1
  - NVCC architecture flags: -gencode;arch=compute_37,code=sm_37;-gencode;arch=compute_50,code=sm_50;-gencode;arch=compute_60,code=sm_60;-gencode;arch=compute_70,code=sm_70;-gencode;arch=compute_75,code=sm_75;-gencode;arch=compute_80,code=sm_80;-gencode;arch=compute_86,code=sm_86
  - CuDNN 8.0.5
  - Magma 2.5.2
  - Build settings: BLAS_INFO=mkl, BUILD_TYPE=Release, CUDA_VERSION=11.1, CUDNN_VERSION=8.0.5, CXX_COMPILER=/opt/rh/devtoolset-7/root/usr/bin/c++, CXX_FLAGS= -Wno-deprecated -fvisibility-inlines-hidden -DUSE_PTHREADPOOL -fopenmp -DNDEBUG -DUSE_KINETO -DUSE_FBGEMM -DUSE_QNNPACK -DUSE_PYTORCH_QNNPACK -DUSE_XNNPACK -DSYMBOLICATE_MOBILE_DEBUG_HANDLE -O2 -fPIC -Wno-narrowing -Wall -Wextra -Werror=return-type -Wno-missing-field-initializers -Wno-type-limits -Wno-array-bounds -Wno-unknown-pragmas -Wno-sign-compare -Wno-unused-parameter -Wno-unused-variable -Wno-unused-function -Wno-unused-result -Wno-unused-local-typedefs -Wno-strict-overflow -Wno-strict-aliasing -Wno-error=deprecated-declarations -Wno-stringop-overflow -Wno-psabi -Wno-error=pedantic -Wno-error=redundant-decls -Wno-error=old-style-cast -fdiagnostics-color=always -faligned-new -Wno-unused-but-set-variable -Wno-maybe-uninitialized -fno-math-errno -fno-trapping-math -Werror=format -Wno-stringop-overflow, LAPACK_INFO=mkl, PERF_WITH_AVX=1, PERF_WITH_AVX2=1, PERF_WITH_AVX512=1, TORCH_VERSION=1.9.1, USE_CUDA=ON, USE_CUDNN=ON, USE_EXCEPTION_PTR=1, USE_GFLAGS=OFF, USE_GLOG=OFF, USE_MKL=ON, USE_MKLDNN=ON, USE_MPI=OFF, USE_NCCL=ON, USE_NNPACK=ON, USE_OPENMP=ON, 

TorchVision: 0.10.1+cu111
OpenCV: 4.5.5
MMCV: 1.4.2
MMCV Compiler: GCC 7.3
MMCV CUDA Compiler: 11.1
MMAction2: 0.20.0+26392eb
------------------------------------------------------------

2022-04-24 12:01:41,692 - mmaction - INFO - Distributed training: True
2022-04-24 12:01:43,302 - mmaction - INFO - Config: model = dict(
    type='Recognizer3D',
    backbone=dict(
        type='ResNet3dSlowOnly',
        depth=50,
        pretrained=None,
        in_channels=5,
        base_channels=32,
        num_stages=3,
        out_indices=(2, ),
        stage_blocks=(4, 6, 3),
        conv1_stride_s=1,
        pool1_stride_s=1,
        inflate=(0, 1, 1),
        spatial_strides=(2, 2, 2),
        temporal_strides=(1, 1, 2),
        dilations=(1, 1, 1),
        frozen_stages=3),
    cls_head=dict(
        type='I3DHead',
        in_channels=512,
        num_classes=10,
        spatial_type='avg',
        dropout_ratio=0.5),
    train_cfg=dict(),
    test_cfg=dict(average_clips='prob'))
dataset_type = 'PoseDataset'
ann_file_train = 'data/ds_taichi/TEST7AUG4/NSNR/train_data.pkl'
ann_file_val = 'data/ds_taichi/TEST7AUG4/NSNR/test_data.pkl'
left = [
    5, 6, 7, 8, 44, 45, 46, 47, 48, 49, 50, 51, 52, 53, 54, 55, 56, 57, 58, 59,
    60, 61, 62, 63, 64, 65, 66, 67, 68, 69, 70, 71
]
right = [
    1, 2, 3, 4, 16, 17, 18, 19, 20, 21, 22, 23, 24, 25, 26, 27, 28, 29, 30, 31,
    32, 33, 34, 35, 36, 37, 38, 39, 40, 41, 42, 43
]
train_pipeline = [
    dict(type='UniformSampleFrames', clip_len=48),
    dict(type='PoseDecode'),
    dict(type='PoseCompact', hw_ratio=1.0, allow_imgpad=True),
    dict(type='Resize', scale=(-1, 64)),
    dict(type='RandomResizedCrop', area_range=(0.56, 1.0)),
    dict(type='Resize', scale=(56, 56), keep_ratio=False),
    dict(
        type='Flip',
        flip_ratio=0.5,
        left_kp=[
            5, 6, 7, 8, 44, 45, 46, 47, 48, 49, 50, 51, 52, 53, 54, 55, 56, 57,
            58, 59, 60, 61, 62, 63, 64, 65, 66, 67, 68, 69, 70, 71
        ],
        right_kp=[
            1, 2, 3, 4, 16, 17, 18, 19, 20, 21, 22, 23, 24, 25, 26, 27, 28, 29,
            30, 31, 32, 33, 34, 35, 36, 37, 38, 39, 40, 41, 42, 43
        ]),
    dict(
        type='GenerateTaiChiPoseTarget',
        sigma=0.6,
        use_score=True,
        with_kp=True,
        with_limb=False),
    dict(type='FormatShape', input_format='NCTHW'),
    dict(type='Collect', keys=['imgs', 'label'], meta_keys=[]),
    dict(type='ToTensor', keys=['imgs', 'label'])
]
val_pipeline = [
    dict(type='UniformSampleFrames', clip_len=48, num_clips=1, test_mode=True),
    dict(type='PoseDecode'),
    dict(type='PoseCompact', hw_ratio=1.0, allow_imgpad=True),
    dict(type='Resize', scale=(-1, 64)),
    dict(type='CenterCrop', crop_size=64),
    dict(
        type='GenerateTaiChiPoseTarget',
        sigma=0.6,
        use_score=True,
        with_kp=True,
        with_limb=False),
    dict(type='FormatShape', input_format='NCTHW'),
    dict(type='Collect', keys=['imgs', 'label'], meta_keys=[]),
    dict(type='ToTensor', keys=['imgs'])
]
test_pipeline = [
    dict(
        type='UniformSampleFrames', clip_len=48, num_clips=10, test_mode=True),
    dict(type='PoseDecode'),
    dict(type='PoseCompact', hw_ratio=1.0, allow_imgpad=True),
    dict(type='Resize', scale=(-1, 64)),
    dict(type='CenterCrop', crop_size=64),
    dict(
        type='GenerateTaiChiPoseTarget',
        sigma=0.6,
        use_score=True,
        with_kp=True,
        with_limb=False,
        double=True,
        left_kp=[
            5, 6, 7, 8, 44, 45, 46, 47, 48, 49, 50, 51, 52, 53, 54, 55, 56, 57,
            58, 59, 60, 61, 62, 63, 64, 65, 66, 67, 68, 69, 70, 71
        ],
        right_kp=[
            1, 2, 3, 4, 16, 17, 18, 19, 20, 21, 22, 23, 24, 25, 26, 27, 28, 29,
            30, 31, 32, 33, 34, 35, 36, 37, 38, 39, 40, 41, 42, 43
        ]),
    dict(type='FormatShape', input_format='NCTHW'),
    dict(type='Collect', keys=['imgs', 'label'], meta_keys=[]),
    dict(type='ToTensor', keys=['imgs'])
]
data = dict(
    videos_per_gpu=8,
    workers_per_gpu=4,
    test_dataloader=dict(videos_per_gpu=4),
    train=dict(
        type='RepeatDataset',
        times=15,
        dataset=dict(
            type='PoseDataset',
            ann_file='data/ds_taichi/TEST7AUG4/NSNR/train_data.pkl',
            data_prefix='',
            pipeline=[
                dict(type='UniformSampleFrames', clip_len=48),
                dict(type='PoseDecode'),
                dict(type='PoseCompact', hw_ratio=1.0, allow_imgpad=True),
                dict(type='Resize', scale=(-1, 64)),
                dict(type='RandomResizedCrop', area_range=(0.56, 1.0)),
                dict(type='Resize', scale=(56, 56), keep_ratio=False),
                dict(
                    type='Flip',
                    flip_ratio=0.5,
                    left_kp=[
                        5, 6, 7, 8, 44, 45, 46, 47, 48, 49, 50, 51, 52, 53, 54,
                        55, 56, 57, 58, 59, 60, 61, 62, 63, 64, 65, 66, 67, 68,
                        69, 70, 71
                    ],
                    right_kp=[
                        1, 2, 3, 4, 16, 17, 18, 19, 20, 21, 22, 23, 24, 25, 26,
                        27, 28, 29, 30, 31, 32, 33, 34, 35, 36, 37, 38, 39, 40,
                        41, 42, 43
                    ]),
                dict(
                    type='GenerateTaiChiPoseTarget',
                    sigma=0.6,
                    use_score=True,
                    with_kp=True,
                    with_limb=False),
                dict(type='FormatShape', input_format='NCTHW'),
                dict(type='Collect', keys=['imgs', 'label'], meta_keys=[]),
                dict(type='ToTensor', keys=['imgs', 'label'])
            ])),
    val=dict(
        type='PoseDataset',
        ann_file='data/ds_taichi/TEST7AUG4/NSNR/test_data.pkl',
        data_prefix='',
        pipeline=[
            dict(
                type='UniformSampleFrames',
                clip_len=48,
                num_clips=1,
                test_mode=True),
            dict(type='PoseDecode'),
            dict(type='PoseCompact', hw_ratio=1.0, allow_imgpad=True),
            dict(type='Resize', scale=(-1, 64)),
            dict(type='CenterCrop', crop_size=64),
            dict(
                type='GenerateTaiChiPoseTarget',
                sigma=0.6,
                use_score=True,
                with_kp=True,
                with_limb=False),
            dict(type='FormatShape', input_format='NCTHW'),
            dict(type='Collect', keys=['imgs', 'label'], meta_keys=[]),
            dict(type='ToTensor', keys=['imgs'])
        ]),
    test=dict(
        type='PoseDataset',
        ann_file='data/ds_taichi/TEST7AUG4/NSNR/test_data.pkl',
        data_prefix='',
        pipeline=[
            dict(
                type='UniformSampleFrames',
                clip_len=48,
                num_clips=10,
                test_mode=True),
            dict(type='PoseDecode'),
            dict(type='PoseCompact', hw_ratio=1.0, allow_imgpad=True),
            dict(type='Resize', scale=(-1, 64)),
            dict(type='CenterCrop', crop_size=64),
            dict(
                type='GenerateTaiChiPoseTarget',
                sigma=0.6,
                use_score=True,
                with_kp=True,
                with_limb=False,
                double=True,
                left_kp=[
                    5, 6, 7, 8, 44, 45, 46, 47, 48, 49, 50, 51, 52, 53, 54, 55,
                    56, 57, 58, 59, 60, 61, 62, 63, 64, 65, 66, 67, 68, 69, 70,
                    71
                ],
                right_kp=[
                    1, 2, 3, 4, 16, 17, 18, 19, 20, 21, 22, 23, 24, 25, 26, 27,
                    28, 29, 30, 31, 32, 33, 34, 35, 36, 37, 38, 39, 40, 41, 42,
                    43
                ]),
            dict(type='FormatShape', input_format='NCTHW'),
            dict(type='Collect', keys=['imgs', 'label'], meta_keys=[]),
            dict(type='ToTensor', keys=['imgs'])
        ]))
optimizer = dict(type='SGD', lr=0.4, momentum=0.9, weight_decay=0.0003)
optimizer_config = dict(grad_clip=dict(max_norm=40, norm_type=2))
lr_config = dict(policy='CosineAnnealing', by_epoch=False, min_lr=0)
total_epochs = 24
checkpoint_config = dict(interval=1)
workflow = [('train', 1)]
evaluation = dict(
    interval=1, metrics=['top_k_accuracy', 'mean_class_accuracy'], topk=(1, 5))
log_config = dict(interval=40, hooks=[dict(type='TextLoggerHook')])
output_config = dict(
    out='./model_pth/exp0/NSNR-linear5-lrd4/test_result/results.pkl')
eval_config = dict(
    metric_out='./model_pth/exp0/NSNR-linear5-lrd4/test_result',
    eval=[
        'top_k_accuracy', 'mean_class_accuracy', 'confusion_matrix',
        't_sne_vis'
    ])
dist_params = dict(backend='nccl')
log_level = 'INFO'
work_dir = './model_pth/exp0/NSNR-linear5-lrd4'
load_from = './model_pth/5part_ntu60_xsub_kp_0331/epoch_24.pth'
resume_from = None
find_unused_parameters = True
gpu_ids = range(0, 4)
omnisource = False
module_hooks = []

2022-04-24 12:01:43,303 - mmaction - INFO - Set random seed to 42, deterministic: True
2022-04-24 12:01:43,409 - mmaction - INFO - 240 videos remain after valid thresholding
2022-04-24 12:01:48,879 - mmaction - INFO - 140 videos remain after valid thresholding
2022-04-24 12:01:48,880 - mmaction - INFO - load checkpoint from local path: ./model_pth/5part_ntu60_xsub_kp_0331/epoch_24.pth
2022-04-24 12:01:48,901 - mmaction - WARNING - The model and loaded state dict do not match exactly

size mismatch for cls_head.fc_cls.weight: copying a param with shape torch.Size([60, 512]) from checkpoint, the shape in current model is torch.Size([10, 512]).
size mismatch for cls_head.fc_cls.bias: copying a param with shape torch.Size([60]) from checkpoint, the shape in current model is torch.Size([10]).
2022-04-24 12:01:48,902 - mmaction - INFO - Start running, host: yl@83090-jin, work_dir: /home/yl/myposec3d/model_pth/exp0/NSNR-linear5-lrd4
2022-04-24 12:01:48,902 - mmaction - INFO - Hooks will be executed in the following order:
before_run:
(VERY_HIGH   ) CosineAnnealingLrUpdaterHook       
(NORMAL      ) CheckpointHook                     
(NORMAL      ) DistEvalHook                       
(VERY_LOW    ) TextLoggerHook                     
 -------------------- 
before_train_epoch:
(VERY_HIGH   ) CosineAnnealingLrUpdaterHook       
(NORMAL      ) DistSamplerSeedHook                
(NORMAL      ) DistEvalHook                       
(LOW         ) IterTimerHook                      
(VERY_LOW    ) TextLoggerHook                     
 -------------------- 
before_train_iter:
(VERY_HIGH   ) CosineAnnealingLrUpdaterHook       
(NORMAL      ) DistEvalHook                       
(LOW         ) IterTimerHook                      
 -------------------- 
after_train_iter:
(ABOVE_NORMAL) OptimizerHook                      
(NORMAL      ) CheckpointHook                     
(NORMAL      ) DistEvalHook                       
(LOW         ) IterTimerHook                      
(VERY_LOW    ) TextLoggerHook                     
 -------------------- 
after_train_epoch:
(NORMAL      ) CheckpointHook                     
(NORMAL      ) DistEvalHook                       
(VERY_LOW    ) TextLoggerHook                     
 -------------------- 
before_val_epoch:
(NORMAL      ) DistSamplerSeedHook                
(LOW         ) IterTimerHook                      
(VERY_LOW    ) TextLoggerHook                     
 -------------------- 
before_val_iter:
(LOW         ) IterTimerHook                      
 -------------------- 
after_val_iter:
(LOW         ) IterTimerHook                      
 -------------------- 
after_val_epoch:
(VERY_LOW    ) TextLoggerHook                     
 -------------------- 
after_run:
(VERY_LOW    ) TextLoggerHook                     
 -------------------- 
2022-04-24 12:01:48,902 - mmaction - INFO - workflow: [('train', 1)], max: 24 epochs
2022-04-24 12:01:48,902 - mmaction - INFO - Checkpoints will be saved to /home/yl/myposec3d/model_pth/exp0/NSNR-linear5-lrd4 by HardDiskBackend.
2022-04-24 12:02:19,481 - mmaction - INFO - Epoch [1][40/113]	lr: 3.998e-01, eta: 0:34:02, time: 0.764, data_time: 0.715, memory: 665, top1_acc: 0.3070, top5_acc: 0.7086, loss_cls: 10.9053, loss: 10.9053, grad_norm: 4.7618
2022-04-24 12:02:26,051 - mmaction - INFO - Epoch [1][80/113]	lr: 3.992e-01, eta: 0:20:22, time: 0.164, data_time: 0.078, memory: 665, top1_acc: 0.4313, top5_acc: 0.8609, loss_cls: 9.5959, loss: 9.5959, grad_norm: 3.7361
2022-04-24 12:02:31,891 - mmaction - INFO - Saving checkpoint at 1 epochs
2022-04-24 12:02:58,059 - mmaction - INFO - Evaluating top_k_accuracy ...
2022-04-24 12:02:58,060 - mmaction - INFO - 
top1_acc	0.6714
top5_acc	0.9000
2022-04-24 12:02:58,060 - mmaction - INFO - Evaluating mean_class_accuracy ...
2022-04-24 12:02:58,060 - mmaction - INFO - 
mean_acc	0.6714
2022-04-24 12:02:58,084 - mmaction - INFO - Now best checkpoint is saved as best_top1_acc_epoch_1.pth.
2022-04-24 12:02:58,084 - mmaction - INFO - Best top1_acc is 0.6714 at 1 epoch.
2022-04-24 12:02:58,085 - mmaction - INFO - Epoch(val) [1][5]	top1_acc: 0.6714, top5_acc: 0.9000, mean_class_accuracy: 0.6714
2022-04-24 12:03:28,769 - mmaction - INFO - Epoch [2][40/113]	lr: 3.969e-01, eta: 0:18:54, time: 0.767, data_time: 0.655, memory: 861, top1_acc: 0.5602, top5_acc: 0.9352, loss_cls: 6.2106, loss: 6.2106, grad_norm: 2.7882
2022-04-24 12:03:35,142 - mmaction - INFO - Epoch [2][80/113]	lr: 3.951e-01, eta: 0:16:08, time: 0.159, data_time: 0.009, memory: 861, top1_acc: 0.5859, top5_acc: 0.9422, loss_cls: 6.2985, loss: 6.2985, grad_norm: 2.6183
2022-04-24 12:03:40,726 - mmaction - INFO - Saving checkpoint at 2 epochs
2022-04-24 12:04:06,595 - mmaction - INFO - Evaluating top_k_accuracy ...
2022-04-24 12:04:06,596 - mmaction - INFO - 
top1_acc	0.7429
top5_acc	1.0000
2022-04-24 12:04:06,596 - mmaction - INFO - Evaluating mean_class_accuracy ...
2022-04-24 12:04:06,596 - mmaction - INFO - 
mean_acc	0.7429
2022-04-24 12:04:06,598 - mmaction - INFO - The previous best checkpoint /home/yl/myposec3d/model_pth/exp0/NSNR-linear5-lrd4/best_top1_acc_epoch_1.pth was removed
2022-04-24 12:04:06,627 - mmaction - INFO - Now best checkpoint is saved as best_top1_acc_epoch_2.pth.
2022-04-24 12:04:06,627 - mmaction - INFO - Best top1_acc is 0.7429 at 2 epoch.
2022-04-24 12:04:06,627 - mmaction - INFO - Epoch(val) [2][5]	top1_acc: 0.7429, top5_acc: 1.0000, mean_class_accuracy: 0.7429
2022-04-24 12:04:37,265 - mmaction - INFO - Epoch [3][40/113]	lr: 3.907e-01, eta: 0:16:03, time: 0.766, data_time: 0.618, memory: 861, top1_acc: 0.6172, top5_acc: 0.9664, loss_cls: 5.0642, loss: 5.0642, grad_norm: 2.3605
2022-04-24 12:04:43,593 - mmaction - INFO - Epoch [3][80/113]	lr: 3.876e-01, eta: 0:14:33, time: 0.158, data_time: 0.002, memory: 861, top1_acc: 0.6008, top5_acc: 0.9539, loss_cls: 5.6515, loss: 5.6515, grad_norm: 2.5494
2022-04-24 12:04:49,343 - mmaction - INFO - Saving checkpoint at 3 epochs
2022-04-24 12:05:15,241 - mmaction - INFO - Evaluating top_k_accuracy ...
2022-04-24 12:05:15,241 - mmaction - INFO - 
top1_acc	0.8286
top5_acc	0.9857
2022-04-24 12:05:15,241 - mmaction - INFO - Evaluating mean_class_accuracy ...
2022-04-24 12:05:15,241 - mmaction - INFO - 
mean_acc	0.8286
2022-04-24 12:05:15,243 - mmaction - INFO - The previous best checkpoint /home/yl/myposec3d/model_pth/exp0/NSNR-linear5-lrd4/best_top1_acc_epoch_2.pth was removed
2022-04-24 12:05:15,267 - mmaction - INFO - Now best checkpoint is saved as best_top1_acc_epoch_3.pth.
2022-04-24 12:05:15,267 - mmaction - INFO - Best top1_acc is 0.8286 at 3 epoch.
2022-04-24 12:05:15,267 - mmaction - INFO - Epoch(val) [3][5]	top1_acc: 0.8286, top5_acc: 0.9857, mean_class_accuracy: 0.8286
2022-04-24 12:05:45,725 - mmaction - INFO - Epoch [4][40/113]	lr: 3.811e-01, eta: 0:14:31, time: 0.761, data_time: 0.616, memory: 861, top1_acc: 0.6375, top5_acc: 0.9680, loss_cls: 5.0382, loss: 5.0382, grad_norm: 2.4674
2022-04-24 12:05:52,076 - mmaction - INFO - Epoch [4][80/113]	lr: 3.770e-01, eta: 0:13:29, time: 0.159, data_time: 0.002, memory: 861, top1_acc: 0.6750, top5_acc: 0.9648, loss_cls: 4.7699, loss: 4.7699, grad_norm: 2.2397
2022-04-24 12:05:57,554 - mmaction - INFO - Saving checkpoint at 4 epochs
2022-04-24 12:06:23,567 - mmaction - INFO - Evaluating top_k_accuracy ...
2022-04-24 12:06:23,568 - mmaction - INFO - 
top1_acc	0.7571
top5_acc	1.0000
2022-04-24 12:06:23,568 - mmaction - INFO - Evaluating mean_class_accuracy ...
2022-04-24 12:06:23,569 - mmaction - INFO - 
mean_acc	0.7571
2022-04-24 12:06:23,569 - mmaction - INFO - Epoch(val) [4][5]	top1_acc: 0.7571, top5_acc: 1.0000, mean_class_accuracy: 0.7571
2022-04-24 12:06:54,117 - mmaction - INFO - Epoch [5][40/113]	lr: 3.685e-01, eta: 0:13:25, time: 0.764, data_time: 0.620, memory: 861, top1_acc: 0.5852, top5_acc: 0.9414, loss_cls: 6.5378, loss: 6.5378, grad_norm: 2.7684
2022-04-24 12:07:00,601 - mmaction - INFO - Epoch [5][80/113]	lr: 3.633e-01, eta: 0:12:37, time: 0.162, data_time: 0.002, memory: 861, top1_acc: 0.6398, top5_acc: 0.9641, loss_cls: 5.3258, loss: 5.3258, grad_norm: 2.5375
2022-04-24 12:07:06,419 - mmaction - INFO - Saving checkpoint at 5 epochs
2022-04-24 12:07:32,385 - mmaction - INFO - Evaluating top_k_accuracy ...
2022-04-24 12:07:32,385 - mmaction - INFO - 
top1_acc	0.8500
top5_acc	0.9929
2022-04-24 12:07:32,385 - mmaction - INFO - Evaluating mean_class_accuracy ...
2022-04-24 12:07:32,386 - mmaction - INFO - 
mean_acc	0.8500
2022-04-24 12:07:32,388 - mmaction - INFO - The previous best checkpoint /home/yl/myposec3d/model_pth/exp0/NSNR-linear5-lrd4/best_top1_acc_epoch_3.pth was removed
2022-04-24 12:07:32,417 - mmaction - INFO - Now best checkpoint is saved as best_top1_acc_epoch_5.pth.
2022-04-24 12:07:32,417 - mmaction - INFO - Best top1_acc is 0.8500 at 5 epoch.
2022-04-24 12:07:32,418 - mmaction - INFO - Epoch(val) [5][5]	top1_acc: 0.8500, top5_acc: 0.9929, mean_class_accuracy: 0.8500
2022-04-24 12:08:03,148 - mmaction - INFO - Epoch [6][40/113]	lr: 3.530e-01, eta: 0:12:31, time: 0.768, data_time: 0.706, memory: 861, top1_acc: 0.6430, top5_acc: 0.9547, loss_cls: 5.5476, loss: 5.5476, grad_norm: 2.5019
2022-04-24 12:08:09,639 - mmaction - INFO - Epoch [6][80/113]	lr: 3.469e-01, eta: 0:11:52, time: 0.162, data_time: 0.111, memory: 861, top1_acc: 0.6797, top5_acc: 0.9734, loss_cls: 4.0743, loss: 4.0743, grad_norm: 2.1633
2022-04-24 12:08:15,325 - mmaction - INFO - Saving checkpoint at 6 epochs
2022-04-24 12:08:41,352 - mmaction - INFO - Evaluating top_k_accuracy ...
2022-04-24 12:08:41,353 - mmaction - INFO - 
top1_acc	0.6429
top5_acc	1.0000
2022-04-24 12:08:41,353 - mmaction - INFO - Evaluating mean_class_accuracy ...
2022-04-24 12:08:41,353 - mmaction - INFO - 
mean_acc	0.6429
2022-04-24 12:08:41,354 - mmaction - INFO - Epoch(val) [6][5]	top1_acc: 0.6429, top5_acc: 1.0000, mean_class_accuracy: 0.6429
2022-04-24 12:09:12,121 - mmaction - INFO - Epoch [7][40/113]	lr: 3.349e-01, eta: 0:11:42, time: 0.769, data_time: 0.718, memory: 861, top1_acc: 0.6281, top5_acc: 0.9578, loss_cls: 5.4279, loss: 5.4279, grad_norm: 2.5401
2022-04-24 12:09:18,493 - mmaction - INFO - Epoch [7][80/113]	lr: 3.279e-01, eta: 0:11:08, time: 0.159, data_time: 0.112, memory: 861, top1_acc: 0.6805, top5_acc: 0.9695, loss_cls: 4.3604, loss: 4.3604, grad_norm: 2.2970
2022-04-24 12:09:24,072 - mmaction - INFO - Saving checkpoint at 7 epochs
2022-04-24 12:09:50,396 - mmaction - INFO - Evaluating top_k_accuracy ...
2022-04-24 12:09:50,397 - mmaction - INFO - 
top1_acc	0.9286
top5_acc	1.0000
2022-04-24 12:09:50,397 - mmaction - INFO - Evaluating mean_class_accuracy ...
2022-04-24 12:09:50,398 - mmaction - INFO - 
mean_acc	0.9286
2022-04-24 12:09:50,400 - mmaction - INFO - The previous best checkpoint /home/yl/myposec3d/model_pth/exp0/NSNR-linear5-lrd4/best_top1_acc_epoch_5.pth was removed
2022-04-24 12:09:50,427 - mmaction - INFO - Now best checkpoint is saved as best_top1_acc_epoch_7.pth.
2022-04-24 12:09:50,428 - mmaction - INFO - Best top1_acc is 0.9286 at 7 epoch.
2022-04-24 12:09:50,428 - mmaction - INFO - Epoch(val) [7][5]	top1_acc: 0.9286, top5_acc: 1.0000, mean_class_accuracy: 0.9286
2022-04-24 12:10:21,159 - mmaction - INFO - Epoch [8][40/113]	lr: 3.145e-01, eta: 0:10:56, time: 0.768, data_time: 0.696, memory: 861, top1_acc: 0.6758, top5_acc: 0.9609, loss_cls: 4.3575, loss: 4.3575, grad_norm: 2.2461
2022-04-24 12:10:27,616 - mmaction - INFO - Epoch [8][80/113]	lr: 3.067e-01, eta: 0:10:26, time: 0.161, data_time: 0.042, memory: 861, top1_acc: 0.6906, top5_acc: 0.9797, loss_cls: 3.3173, loss: 3.3173, grad_norm: 2.0764
2022-04-24 12:10:33,325 - mmaction - INFO - Saving checkpoint at 8 epochs
2022-04-24 12:10:59,277 - mmaction - INFO - Evaluating top_k_accuracy ...
2022-04-24 12:10:59,278 - mmaction - INFO - 
top1_acc	0.8214
top5_acc	0.9429
2022-04-24 12:10:59,278 - mmaction - INFO - Evaluating mean_class_accuracy ...
2022-04-24 12:10:59,278 - mmaction - INFO - 
mean_acc	0.8214
2022-04-24 12:10:59,279 - mmaction - INFO - Epoch(val) [8][5]	top1_acc: 0.8214, top5_acc: 0.9429, mean_class_accuracy: 0.8214
2022-04-24 12:11:29,760 - mmaction - INFO - Epoch [9][40/113]	lr: 2.921e-01, eta: 0:10:12, time: 0.762, data_time: 0.689, memory: 861, top1_acc: 0.6898, top5_acc: 0.9727, loss_cls: 3.9180, loss: 3.9180, grad_norm: 2.2603
2022-04-24 12:11:36,123 - mmaction - INFO - Epoch [9][80/113]	lr: 2.838e-01, eta: 0:09:45, time: 0.159, data_time: 0.070, memory: 861, top1_acc: 0.6539, top5_acc: 0.9563, loss_cls: 4.5409, loss: 4.5409, grad_norm: 2.4354
2022-04-24 12:11:41,779 - mmaction - INFO - Saving checkpoint at 9 epochs
2022-04-24 12:12:07,824 - mmaction - INFO - Evaluating top_k_accuracy ...
2022-04-24 12:12:07,825 - mmaction - INFO - 
top1_acc	0.7214
top5_acc	1.0000
2022-04-24 12:12:07,825 - mmaction - INFO - Evaluating mean_class_accuracy ...
2022-04-24 12:12:07,825 - mmaction - INFO - 
mean_acc	0.7214
2022-04-24 12:12:07,825 - mmaction - INFO - Epoch(val) [9][5]	top1_acc: 0.7214, top5_acc: 1.0000, mean_class_accuracy: 0.7214
2022-04-24 12:12:38,351 - mmaction - INFO - Epoch [10][40/113]	lr: 2.681e-01, eta: 0:09:29, time: 0.763, data_time: 0.688, memory: 861, top1_acc: 0.6922, top5_acc: 0.9812, loss_cls: 3.0070, loss: 3.0070, grad_norm: 2.1285
2022-04-24 12:12:44,724 - mmaction - INFO - Epoch [10][80/113]	lr: 2.593e-01, eta: 0:09:05, time: 0.159, data_time: 0.107, memory: 861, top1_acc: 0.7125, top5_acc: 0.9695, loss_cls: 3.2634, loss: 3.2634, grad_norm: 1.9384
2022-04-24 12:12:50,492 - mmaction - INFO - Saving checkpoint at 10 epochs
2022-04-24 12:13:16,585 - mmaction - INFO - Evaluating top_k_accuracy ...
2022-04-24 12:13:16,586 - mmaction - INFO - 
top1_acc	0.6643
top5_acc	0.9000
2022-04-24 12:13:16,586 - mmaction - INFO - Evaluating mean_class_accuracy ...
2022-04-24 12:13:16,586 - mmaction - INFO - 
mean_acc	0.6643
2022-04-24 12:13:16,586 - mmaction - INFO - Epoch(val) [10][5]	top1_acc: 0.6643, top5_acc: 0.9000, mean_class_accuracy: 0.6643
2022-04-24 12:13:47,126 - mmaction - INFO - Epoch [11][40/113]	lr: 2.430e-01, eta: 0:08:48, time: 0.763, data_time: 0.715, memory: 861, top1_acc: 0.6805, top5_acc: 0.9570, loss_cls: 3.8647, loss: 3.8647, grad_norm: 2.2920
2022-04-24 12:13:53,381 - mmaction - INFO - Epoch [11][80/113]	lr: 2.339e-01, eta: 0:08:25, time: 0.157, data_time: 0.110, memory: 861, top1_acc: 0.7164, top5_acc: 0.9812, loss_cls: 2.9616, loss: 2.9616, grad_norm: 1.9671
2022-04-24 12:13:58,881 - mmaction - INFO - Saving checkpoint at 11 epochs
2022-04-24 12:14:24,877 - mmaction - INFO - Evaluating top_k_accuracy ...
2022-04-24 12:14:24,878 - mmaction - INFO - 
top1_acc	0.8500
top5_acc	1.0000
2022-04-24 12:14:24,878 - mmaction - INFO - Evaluating mean_class_accuracy ...
2022-04-24 12:14:24,878 - mmaction - INFO - 
mean_acc	0.8500
2022-04-24 12:14:24,878 - mmaction - INFO - Epoch(val) [11][5]	top1_acc: 0.8500, top5_acc: 1.0000, mean_class_accuracy: 0.8500
2022-04-24 12:14:55,862 - mmaction - INFO - Epoch [12][40/113]	lr: 2.171e-01, eta: 0:08:07, time: 0.775, data_time: 0.726, memory: 861, top1_acc: 0.7320, top5_acc: 0.9781, loss_cls: 2.6328, loss: 2.6328, grad_norm: 1.9537
2022-04-24 12:15:02,143 - mmaction - INFO - Epoch [12][80/113]	lr: 2.079e-01, eta: 0:07:46, time: 0.157, data_time: 0.109, memory: 861, top1_acc: 0.7305, top5_acc: 0.9820, loss_cls: 2.5627, loss: 2.5627, grad_norm: 1.9369
2022-04-24 12:15:07,768 - mmaction - INFO - Saving checkpoint at 12 epochs
2022-04-24 12:15:33,935 - mmaction - INFO - Evaluating top_k_accuracy ...
2022-04-24 12:15:33,935 - mmaction - INFO - 
top1_acc	0.8214
top5_acc	0.9929
2022-04-24 12:15:33,935 - mmaction - INFO - Evaluating mean_class_accuracy ...
2022-04-24 12:15:33,935 - mmaction - INFO - 
mean_acc	0.8214
2022-04-24 12:15:33,936 - mmaction - INFO - Epoch(val) [12][5]	top1_acc: 0.8214, top5_acc: 0.9929, mean_class_accuracy: 0.8214
2022-04-24 12:16:04,791 - mmaction - INFO - Epoch [13][40/113]	lr: 1.910e-01, eta: 0:07:27, time: 0.771, data_time: 0.720, memory: 861, top1_acc: 0.7203, top5_acc: 0.9859, loss_cls: 2.4233, loss: 2.4233, grad_norm: 1.8901
2022-04-24 12:16:11,183 - mmaction - INFO - Epoch [13][80/113]	lr: 1.817e-01, eta: 0:07:07, time: 0.160, data_time: 0.112, memory: 861, top1_acc: 0.7859, top5_acc: 0.9828, loss_cls: 1.8297, loss: 1.8297, grad_norm: 1.7271
2022-04-24 12:16:16,857 - mmaction - INFO - Saving checkpoint at 13 epochs
2022-04-24 12:16:42,854 - mmaction - INFO - Evaluating top_k_accuracy ...
2022-04-24 12:16:42,855 - mmaction - INFO - 
top1_acc	0.8143
top5_acc	0.9857
2022-04-24 12:16:42,855 - mmaction - INFO - Evaluating mean_class_accuracy ...
2022-04-24 12:16:42,856 - mmaction - INFO - 
mean_acc	0.8143
2022-04-24 12:16:42,856 - mmaction - INFO - Epoch(val) [13][5]	top1_acc: 0.8143, top5_acc: 0.9857, mean_class_accuracy: 0.8143
2022-04-24 12:17:13,736 - mmaction - INFO - Epoch [14][40/113]	lr: 1.650e-01, eta: 0:06:48, time: 0.772, data_time: 0.723, memory: 861, top1_acc: 0.7414, top5_acc: 0.9891, loss_cls: 2.1691, loss: 2.1691, grad_norm: 1.9199
2022-04-24 12:17:20,082 - mmaction - INFO - Epoch [14][80/113]	lr: 1.559e-01, eta: 0:06:29, time: 0.159, data_time: 0.108, memory: 861, top1_acc: 0.7539, top5_acc: 0.9875, loss_cls: 1.7578, loss: 1.7578, grad_norm: 1.6278
2022-04-24 12:17:25,691 - mmaction - INFO - Saving checkpoint at 14 epochs
2022-04-24 12:17:51,663 - mmaction - INFO - Evaluating top_k_accuracy ...
2022-04-24 12:17:51,663 - mmaction - INFO - 
top1_acc	0.8643
top5_acc	1.0000
2022-04-24 12:17:51,663 - mmaction - INFO - Evaluating mean_class_accuracy ...
2022-04-24 12:17:51,664 - mmaction - INFO - 
mean_acc	0.8643
2022-04-24 12:17:51,664 - mmaction - INFO - Epoch(val) [14][5]	top1_acc: 0.8643, top5_acc: 1.0000, mean_class_accuracy: 0.8643
2022-04-24 12:18:22,283 - mmaction - INFO - Epoch [15][40/113]	lr: 1.396e-01, eta: 0:06:09, time: 0.765, data_time: 0.654, memory: 861, top1_acc: 0.7500, top5_acc: 0.9914, loss_cls: 1.6994, loss: 1.6994, grad_norm: 1.7564
2022-04-24 12:18:28,719 - mmaction - INFO - Epoch [15][80/113]	lr: 1.308e-01, eta: 0:05:51, time: 0.161, data_time: 0.027, memory: 861, top1_acc: 0.7695, top5_acc: 0.9922, loss_cls: 1.6186, loss: 1.6186, grad_norm: 1.6005
2022-04-24 12:18:34,489 - mmaction - INFO - Saving checkpoint at 15 epochs
2022-04-24 12:19:00,423 - mmaction - INFO - Evaluating top_k_accuracy ...
2022-04-24 12:19:00,424 - mmaction - INFO - 
top1_acc	0.8786
top5_acc	0.9929
2022-04-24 12:19:00,424 - mmaction - INFO - Evaluating mean_class_accuracy ...
2022-04-24 12:19:00,424 - mmaction - INFO - 
mean_acc	0.8786
2022-04-24 12:19:00,425 - mmaction - INFO - Epoch(val) [15][5]	top1_acc: 0.8786, top5_acc: 0.9929, mean_class_accuracy: 0.8786
2022-04-24 12:19:31,156 - mmaction - INFO - Epoch [16][40/113]	lr: 1.152e-01, eta: 0:05:30, time: 0.768, data_time: 0.719, memory: 861, top1_acc: 0.7805, top5_acc: 0.9898, loss_cls: 1.5487, loss: 1.5487, grad_norm: 1.6153
2022-04-24 12:19:37,532 - mmaction - INFO - Epoch [16][80/113]	lr: 1.069e-01, eta: 0:05:12, time: 0.159, data_time: 0.110, memory: 861, top1_acc: 0.7547, top5_acc: 0.9812, loss_cls: 1.8604, loss: 1.8604, grad_norm: 1.8017
2022-04-24 12:19:43,118 - mmaction - INFO - Saving checkpoint at 16 epochs
2022-04-24 12:20:09,228 - mmaction - INFO - Evaluating top_k_accuracy ...
2022-04-24 12:20:09,229 - mmaction - INFO - 
top1_acc	0.9500
top5_acc	1.0000
2022-04-24 12:20:09,229 - mmaction - INFO - Evaluating mean_class_accuracy ...
2022-04-24 12:20:09,229 - mmaction - INFO - 
mean_acc	0.9500
2022-04-24 12:20:09,232 - mmaction - INFO - The previous best checkpoint /home/yl/myposec3d/model_pth/exp0/NSNR-linear5-lrd4/best_top1_acc_epoch_7.pth was removed
2022-04-24 12:20:09,261 - mmaction - INFO - Now best checkpoint is saved as best_top1_acc_epoch_16.pth.
2022-04-24 12:20:09,262 - mmaction - INFO - Best top1_acc is 0.9500 at 16 epoch.
2022-04-24 12:20:09,262 - mmaction - INFO - Epoch(val) [16][5]	top1_acc: 0.9500, top5_acc: 1.0000, mean_class_accuracy: 0.9500
2022-04-24 12:20:39,858 - mmaction - INFO - Epoch [17][40/113]	lr: 9.228e-02, eta: 0:04:51, time: 0.765, data_time: 0.716, memory: 861, top1_acc: 0.7758, top5_acc: 0.9906, loss_cls: 1.3883, loss: 1.3883, grad_norm: 1.5902
2022-04-24 12:20:46,382 - mmaction - INFO - Epoch [17][80/113]	lr: 8.459e-02, eta: 0:04:34, time: 0.163, data_time: 0.115, memory: 861, top1_acc: 0.7641, top5_acc: 0.9945, loss_cls: 1.4026, loss: 1.4026, grad_norm: 1.7411
2022-04-24 12:20:52,002 - mmaction - INFO - Saving checkpoint at 17 epochs
2022-04-24 12:21:17,935 - mmaction - INFO - Evaluating top_k_accuracy ...
2022-04-24 12:21:17,935 - mmaction - INFO - 
top1_acc	0.9286
top5_acc	1.0000
2022-04-24 12:21:17,935 - mmaction - INFO - Evaluating mean_class_accuracy ...
2022-04-24 12:21:17,936 - mmaction - INFO - 
mean_acc	0.9286
2022-04-24 12:21:17,936 - mmaction - INFO - Epoch(val) [17][5]	top1_acc: 0.9286, top5_acc: 1.0000, mean_class_accuracy: 0.9286
2022-04-24 12:21:48,665 - mmaction - INFO - Epoch [18][40/113]	lr: 7.121e-02, eta: 0:04:13, time: 0.768, data_time: 0.720, memory: 861, top1_acc: 0.7859, top5_acc: 0.9914, loss_cls: 1.1623, loss: 1.1623, grad_norm: 1.5791
2022-04-24 12:21:55,172 - mmaction - INFO - Epoch [18][80/113]	lr: 6.426e-02, eta: 0:03:57, time: 0.162, data_time: 0.117, memory: 861, top1_acc: 0.7836, top5_acc: 0.9938, loss_cls: 1.2688, loss: 1.2688, grad_norm: 1.5670
2022-04-24 12:22:00,758 - mmaction - INFO - Saving checkpoint at 18 epochs
2022-04-24 12:22:26,842 - mmaction - INFO - Evaluating top_k_accuracy ...
2022-04-24 12:22:26,842 - mmaction - INFO - 
top1_acc	0.9857
top5_acc	1.0000
2022-04-24 12:22:26,843 - mmaction - INFO - Evaluating mean_class_accuracy ...
2022-04-24 12:22:26,843 - mmaction - INFO - 
mean_acc	0.9857
2022-04-24 12:22:26,845 - mmaction - INFO - The previous best checkpoint /home/yl/myposec3d/model_pth/exp0/NSNR-linear5-lrd4/best_top1_acc_epoch_16.pth was removed
2022-04-24 12:22:26,871 - mmaction - INFO - Now best checkpoint is saved as best_top1_acc_epoch_18.pth.
2022-04-24 12:22:26,871 - mmaction - INFO - Best top1_acc is 0.9857 at 18 epoch.
2022-04-24 12:22:26,871 - mmaction - INFO - Epoch(val) [18][5]	top1_acc: 0.9857, top5_acc: 1.0000, mean_class_accuracy: 0.9857
2022-04-24 12:22:57,681 - mmaction - INFO - Epoch [19][40/113]	lr: 5.234e-02, eta: 0:03:34, time: 0.770, data_time: 0.667, memory: 861, top1_acc: 0.7977, top5_acc: 0.9922, loss_cls: 1.2976, loss: 1.2976, grad_norm: 1.5401
2022-04-24 12:23:04,252 - mmaction - INFO - Epoch [19][80/113]	lr: 4.625e-02, eta: 0:03:19, time: 0.164, data_time: 0.007, memory: 861, top1_acc: 0.8117, top5_acc: 0.9914, loss_cls: 1.1066, loss: 1.1066, grad_norm: 1.4614
2022-04-24 12:23:09,978 - mmaction - INFO - Saving checkpoint at 19 epochs
2022-04-24 12:23:36,176 - mmaction - INFO - Evaluating top_k_accuracy ...
2022-04-24 12:23:36,177 - mmaction - INFO - 
top1_acc	0.9286
top5_acc	1.0000
2022-04-24 12:23:36,177 - mmaction - INFO - Evaluating mean_class_accuracy ...
2022-04-24 12:23:36,178 - mmaction - INFO - 
mean_acc	0.9286
2022-04-24 12:23:36,178 - mmaction - INFO - Epoch(val) [19][5]	top1_acc: 0.9286, top5_acc: 1.0000, mean_class_accuracy: 0.9286
2022-04-24 12:24:07,043 - mmaction - INFO - Epoch [20][40/113]	lr: 3.599e-02, eta: 0:02:56, time: 0.772, data_time: 0.723, memory: 861, top1_acc: 0.8039, top5_acc: 0.9922, loss_cls: 0.9266, loss: 0.9266, grad_norm: 1.3981
2022-04-24 12:24:13,343 - mmaction - INFO - Epoch [20][80/113]	lr: 3.087e-02, eta: 0:02:41, time: 0.158, data_time: 0.108, memory: 861, top1_acc: 0.8227, top5_acc: 0.9922, loss_cls: 0.9285, loss: 0.9285, grad_norm: 1.2680
2022-04-24 12:24:19,010 - mmaction - INFO - Saving checkpoint at 20 epochs
2022-04-24 12:24:45,339 - mmaction - INFO - Evaluating top_k_accuracy ...
2022-04-24 12:24:45,339 - mmaction - INFO - 
top1_acc	0.9714
top5_acc	1.0000
2022-04-24 12:24:45,339 - mmaction - INFO - Evaluating mean_class_accuracy ...
2022-04-24 12:24:45,339 - mmaction - INFO - 
mean_acc	0.9714
2022-04-24 12:24:45,340 - mmaction - INFO - Epoch(val) [20][5]	top1_acc: 0.9714, top5_acc: 1.0000, mean_class_accuracy: 0.9714
2022-04-24 12:25:16,155 - mmaction - INFO - Epoch [21][40/113]	lr: 2.246e-02, eta: 0:02:18, time: 0.770, data_time: 0.722, memory: 861, top1_acc: 0.8086, top5_acc: 0.9961, loss_cls: 0.8988, loss: 0.8988, grad_norm: 1.3089
2022-04-24 12:25:22,605 - mmaction - INFO - Epoch [21][80/113]	lr: 1.838e-02, eta: 0:02:03, time: 0.161, data_time: 0.113, memory: 861, top1_acc: 0.8109, top5_acc: 0.9961, loss_cls: 0.9126, loss: 0.9126, grad_norm: 1.3478
2022-04-24 12:25:28,315 - mmaction - INFO - Saving checkpoint at 21 epochs
2022-04-24 12:25:54,287 - mmaction - INFO - Evaluating top_k_accuracy ...
2022-04-24 12:25:54,287 - mmaction - INFO - 
top1_acc	0.9643
top5_acc	1.0000
2022-04-24 12:25:54,287 - mmaction - INFO - Evaluating mean_class_accuracy ...
2022-04-24 12:25:54,288 - mmaction - INFO - 
mean_acc	0.9643
2022-04-24 12:25:54,288 - mmaction - INFO - Epoch(val) [21][5]	top1_acc: 0.9643, top5_acc: 1.0000, mean_class_accuracy: 0.9643
2022-04-24 12:26:24,986 - mmaction - INFO - Epoch [22][40/113]	lr: 1.196e-02, eta: 0:01:40, time: 0.767, data_time: 0.720, memory: 861, top1_acc: 0.8141, top5_acc: 0.9961, loss_cls: 0.8323, loss: 0.8323, grad_norm: 1.2719
2022-04-24 12:26:31,434 - mmaction - INFO - Epoch [22][80/113]	lr: 9.003e-03, eta: 0:01:26, time: 0.161, data_time: 0.109, memory: 861, top1_acc: 0.8398, top5_acc: 0.9969, loss_cls: 0.7654, loss: 0.7654, grad_norm: 1.2224
2022-04-24 12:26:36,994 - mmaction - INFO - Saving checkpoint at 22 epochs
2022-04-24 12:27:02,954 - mmaction - INFO - Evaluating top_k_accuracy ...
2022-04-24 12:27:02,954 - mmaction - INFO - 
top1_acc	0.9714
top5_acc	1.0000
2022-04-24 12:27:02,954 - mmaction - INFO - Evaluating mean_class_accuracy ...
2022-04-24 12:27:02,955 - mmaction - INFO - 
mean_acc	0.9714
2022-04-24 12:27:02,955 - mmaction - INFO - Epoch(val) [22][5]	top1_acc: 0.9714, top5_acc: 1.0000, mean_class_accuracy: 0.9714
2022-04-24 12:27:33,534 - mmaction - INFO - Epoch [23][40/113]	lr: 4.674e-03, eta: 0:01:02, time: 0.764, data_time: 0.714, memory: 861, top1_acc: 0.8195, top5_acc: 0.9969, loss_cls: 0.8130, loss: 0.8130, grad_norm: 1.2839
2022-04-24 12:27:39,914 - mmaction - INFO - Epoch [23][80/113]	lr: 2.893e-03, eta: 0:00:48, time: 0.159, data_time: 0.095, memory: 861, top1_acc: 0.8305, top5_acc: 0.9922, loss_cls: 0.6955, loss: 0.6955, grad_norm: 1.1829
2022-04-24 12:27:45,476 - mmaction - INFO - Saving checkpoint at 23 epochs
2022-04-24 12:28:11,453 - mmaction - INFO - Evaluating top_k_accuracy ...
2022-04-24 12:28:11,453 - mmaction - INFO - 
top1_acc	0.9714
top5_acc	1.0000
2022-04-24 12:28:11,453 - mmaction - INFO - Evaluating mean_class_accuracy ...
2022-04-24 12:28:11,454 - mmaction - INFO - 
mean_acc	0.9714
2022-04-24 12:28:11,454 - mmaction - INFO - Epoch(val) [23][5]	top1_acc: 0.9714, top5_acc: 1.0000, mean_class_accuracy: 0.9714
2022-04-24 12:28:42,163 - mmaction - INFO - Epoch [24][40/113]	lr: 7.344e-04, eta: 0:00:24, time: 0.768, data_time: 0.719, memory: 861, top1_acc: 0.8211, top5_acc: 0.9930, loss_cls: 0.9062, loss: 0.9062, grad_norm: 1.3110
2022-04-24 12:28:48,476 - mmaction - INFO - Epoch [24][80/113]	lr: 1.551e-04, eta: 0:00:10, time: 0.158, data_time: 0.110, memory: 861, top1_acc: 0.8281, top5_acc: 0.9953, loss_cls: 0.7124, loss: 0.7124, grad_norm: 1.2466
2022-04-24 12:28:54,044 - mmaction - INFO - Saving checkpoint at 24 epochs
2022-04-24 12:29:20,023 - mmaction - INFO - Evaluating top_k_accuracy ...
2022-04-24 12:29:20,023 - mmaction - INFO - 
top1_acc	0.9714
top5_acc	1.0000
2022-04-24 12:29:20,023 - mmaction - INFO - Evaluating mean_class_accuracy ...
2022-04-24 12:29:20,024 - mmaction - INFO - 
mean_acc	0.9714
2022-04-24 12:29:20,025 - mmaction - INFO - Epoch(val) [24][5]	top1_acc: 0.9714, top5_acc: 1.0000, mean_class_accuracy: 0.9714
