2022-04-24 12:29:34,479 - mmaction - INFO - Environment info:
------------------------------------------------------------
sys.platform: linux
Python: 3.8.12 | packaged by conda-forge | (default, Oct 12 2021, 21:57:06) [GCC 9.4.0]
CUDA available: True
GPU 0,1,2,3: NVIDIA GeForce RTX 3090
CUDA_HOME: /usr/local/cuda
NVCC: Build cuda_11.1.TC455_06.29190527_0
GCC: gcc (Ubuntu 9.4.0-1ubuntu1~20.04.1) 9.4.0
PyTorch: 1.9.1+cu111
PyTorch compiling details: PyTorch built with:
  - GCC 7.3
  - C++ Version: 201402
  - Intel(R) Math Kernel Library Version 2020.0.0 Product Build 20191122 for Intel(R) 64 architecture applications
  - Intel(R) MKL-DNN v2.1.2 (Git Hash 98be7e8afa711dc9b66c8ff3504129cb82013cdb)
  - OpenMP 201511 (a.k.a. OpenMP 4.5)
  - NNPACK is enabled
  - CPU capability usage: AVX2
  - CUDA Runtime 11.1
  - NVCC architecture flags: -gencode;arch=compute_37,code=sm_37;-gencode;arch=compute_50,code=sm_50;-gencode;arch=compute_60,code=sm_60;-gencode;arch=compute_70,code=sm_70;-gencode;arch=compute_75,code=sm_75;-gencode;arch=compute_80,code=sm_80;-gencode;arch=compute_86,code=sm_86
  - CuDNN 8.0.5
  - Magma 2.5.2
  - Build settings: BLAS_INFO=mkl, BUILD_TYPE=Release, CUDA_VERSION=11.1, CUDNN_VERSION=8.0.5, CXX_COMPILER=/opt/rh/devtoolset-7/root/usr/bin/c++, CXX_FLAGS= -Wno-deprecated -fvisibility-inlines-hidden -DUSE_PTHREADPOOL -fopenmp -DNDEBUG -DUSE_KINETO -DUSE_FBGEMM -DUSE_QNNPACK -DUSE_PYTORCH_QNNPACK -DUSE_XNNPACK -DSYMBOLICATE_MOBILE_DEBUG_HANDLE -O2 -fPIC -Wno-narrowing -Wall -Wextra -Werror=return-type -Wno-missing-field-initializers -Wno-type-limits -Wno-array-bounds -Wno-unknown-pragmas -Wno-sign-compare -Wno-unused-parameter -Wno-unused-variable -Wno-unused-function -Wno-unused-result -Wno-unused-local-typedefs -Wno-strict-overflow -Wno-strict-aliasing -Wno-error=deprecated-declarations -Wno-stringop-overflow -Wno-psabi -Wno-error=pedantic -Wno-error=redundant-decls -Wno-error=old-style-cast -fdiagnostics-color=always -faligned-new -Wno-unused-but-set-variable -Wno-maybe-uninitialized -fno-math-errno -fno-trapping-math -Werror=format -Wno-stringop-overflow, LAPACK_INFO=mkl, PERF_WITH_AVX=1, PERF_WITH_AVX2=1, PERF_WITH_AVX512=1, TORCH_VERSION=1.9.1, USE_CUDA=ON, USE_CUDNN=ON, USE_EXCEPTION_PTR=1, USE_GFLAGS=OFF, USE_GLOG=OFF, USE_MKL=ON, USE_MKLDNN=ON, USE_MPI=OFF, USE_NCCL=ON, USE_NNPACK=ON, USE_OPENMP=ON, 

TorchVision: 0.10.1+cu111
OpenCV: 4.5.5
MMCV: 1.4.2
MMCV Compiler: GCC 7.3
MMCV CUDA Compiler: 11.1
MMAction2: 0.20.0+26392eb
------------------------------------------------------------

2022-04-24 12:29:34,480 - mmaction - INFO - Distributed training: True
2022-04-24 12:29:36,142 - mmaction - INFO - Config: model = dict(
    type='Recognizer3D',
    backbone=dict(
        type='ResNet3dSlowOnly',
        depth=50,
        pretrained=None,
        in_channels=5,
        base_channels=32,
        num_stages=3,
        out_indices=(2, ),
        stage_blocks=(4, 6, 3),
        conv1_stride_s=1,
        pool1_stride_s=1,
        inflate=(0, 1, 1),
        spatial_strides=(2, 2, 2),
        temporal_strides=(1, 1, 2),
        dilations=(1, 1, 1),
        frozen_stages=3),
    cls_head=dict(
        type='I3DHead',
        in_channels=512,
        num_classes=10,
        spatial_type='avg',
        dropout_ratio=0.5),
    train_cfg=dict(),
    test_cfg=dict(average_clips='prob'))
dataset_type = 'PoseDataset'
ann_file_train = 'data/ds_taichi/TEST7AUG4/NSNR/train_data.pkl'
ann_file_val = 'data/ds_taichi/TEST7AUG4/NSNR/test_data.pkl'
left = [
    5, 6, 7, 8, 44, 45, 46, 47, 48, 49, 50, 51, 52, 53, 54, 55, 56, 57, 58, 59,
    60, 61, 62, 63, 64, 65, 66, 67, 68, 69, 70, 71
]
right = [
    1, 2, 3, 4, 16, 17, 18, 19, 20, 21, 22, 23, 24, 25, 26, 27, 28, 29, 30, 31,
    32, 33, 34, 35, 36, 37, 38, 39, 40, 41, 42, 43
]
train_pipeline = [
    dict(type='UniformSampleFrames', clip_len=48),
    dict(type='PoseDecode'),
    dict(type='PoseCompact', hw_ratio=1.0, allow_imgpad=True),
    dict(type='Resize', scale=(-1, 64)),
    dict(type='RandomResizedCrop', area_range=(0.56, 1.0)),
    dict(type='Resize', scale=(56, 56), keep_ratio=False),
    dict(
        type='Flip',
        flip_ratio=0.5,
        left_kp=[
            5, 6, 7, 8, 44, 45, 46, 47, 48, 49, 50, 51, 52, 53, 54, 55, 56, 57,
            58, 59, 60, 61, 62, 63, 64, 65, 66, 67, 68, 69, 70, 71
        ],
        right_kp=[
            1, 2, 3, 4, 16, 17, 18, 19, 20, 21, 22, 23, 24, 25, 26, 27, 28, 29,
            30, 31, 32, 33, 34, 35, 36, 37, 38, 39, 40, 41, 42, 43
        ]),
    dict(
        type='GenerateTaiChiPoseTarget',
        sigma=0.6,
        use_score=True,
        with_kp=True,
        with_limb=False),
    dict(type='FormatShape', input_format='NCTHW'),
    dict(type='Collect', keys=['imgs', 'label'], meta_keys=[]),
    dict(type='ToTensor', keys=['imgs', 'label'])
]
val_pipeline = [
    dict(type='UniformSampleFrames', clip_len=48, num_clips=1, test_mode=True),
    dict(type='PoseDecode'),
    dict(type='PoseCompact', hw_ratio=1.0, allow_imgpad=True),
    dict(type='Resize', scale=(-1, 64)),
    dict(type='CenterCrop', crop_size=64),
    dict(
        type='GenerateTaiChiPoseTarget',
        sigma=0.6,
        use_score=True,
        with_kp=True,
        with_limb=False),
    dict(type='FormatShape', input_format='NCTHW'),
    dict(type='Collect', keys=['imgs', 'label'], meta_keys=[]),
    dict(type='ToTensor', keys=['imgs'])
]
test_pipeline = [
    dict(
        type='UniformSampleFrames', clip_len=48, num_clips=10, test_mode=True),
    dict(type='PoseDecode'),
    dict(type='PoseCompact', hw_ratio=1.0, allow_imgpad=True),
    dict(type='Resize', scale=(-1, 64)),
    dict(type='CenterCrop', crop_size=64),
    dict(
        type='GenerateTaiChiPoseTarget',
        sigma=0.6,
        use_score=True,
        with_kp=True,
        with_limb=False,
        double=True,
        left_kp=[
            5, 6, 7, 8, 44, 45, 46, 47, 48, 49, 50, 51, 52, 53, 54, 55, 56, 57,
            58, 59, 60, 61, 62, 63, 64, 65, 66, 67, 68, 69, 70, 71
        ],
        right_kp=[
            1, 2, 3, 4, 16, 17, 18, 19, 20, 21, 22, 23, 24, 25, 26, 27, 28, 29,
            30, 31, 32, 33, 34, 35, 36, 37, 38, 39, 40, 41, 42, 43
        ]),
    dict(type='FormatShape', input_format='NCTHW'),
    dict(type='Collect', keys=['imgs', 'label'], meta_keys=[]),
    dict(type='ToTensor', keys=['imgs'])
]
data = dict(
    videos_per_gpu=8,
    workers_per_gpu=4,
    test_dataloader=dict(videos_per_gpu=4),
    train=dict(
        type='RepeatDataset',
        times=15,
        dataset=dict(
            type='PoseDataset',
            ann_file='data/ds_taichi/TEST7AUG4/NSNR/train_data.pkl',
            data_prefix='',
            pipeline=[
                dict(type='UniformSampleFrames', clip_len=48),
                dict(type='PoseDecode'),
                dict(type='PoseCompact', hw_ratio=1.0, allow_imgpad=True),
                dict(type='Resize', scale=(-1, 64)),
                dict(type='RandomResizedCrop', area_range=(0.56, 1.0)),
                dict(type='Resize', scale=(56, 56), keep_ratio=False),
                dict(
                    type='Flip',
                    flip_ratio=0.5,
                    left_kp=[
                        5, 6, 7, 8, 44, 45, 46, 47, 48, 49, 50, 51, 52, 53, 54,
                        55, 56, 57, 58, 59, 60, 61, 62, 63, 64, 65, 66, 67, 68,
                        69, 70, 71
                    ],
                    right_kp=[
                        1, 2, 3, 4, 16, 17, 18, 19, 20, 21, 22, 23, 24, 25, 26,
                        27, 28, 29, 30, 31, 32, 33, 34, 35, 36, 37, 38, 39, 40,
                        41, 42, 43
                    ]),
                dict(
                    type='GenerateTaiChiPoseTarget',
                    sigma=0.6,
                    use_score=True,
                    with_kp=True,
                    with_limb=False),
                dict(type='FormatShape', input_format='NCTHW'),
                dict(type='Collect', keys=['imgs', 'label'], meta_keys=[]),
                dict(type='ToTensor', keys=['imgs', 'label'])
            ])),
    val=dict(
        type='PoseDataset',
        ann_file='data/ds_taichi/TEST7AUG4/NSNR/test_data.pkl',
        data_prefix='',
        pipeline=[
            dict(
                type='UniformSampleFrames',
                clip_len=48,
                num_clips=1,
                test_mode=True),
            dict(type='PoseDecode'),
            dict(type='PoseCompact', hw_ratio=1.0, allow_imgpad=True),
            dict(type='Resize', scale=(-1, 64)),
            dict(type='CenterCrop', crop_size=64),
            dict(
                type='GenerateTaiChiPoseTarget',
                sigma=0.6,
                use_score=True,
                with_kp=True,
                with_limb=False),
            dict(type='FormatShape', input_format='NCTHW'),
            dict(type='Collect', keys=['imgs', 'label'], meta_keys=[]),
            dict(type='ToTensor', keys=['imgs'])
        ]),
    test=dict(
        type='PoseDataset',
        ann_file='data/ds_taichi/TEST7AUG4/NSNR/test_data.pkl',
        data_prefix='',
        pipeline=[
            dict(
                type='UniformSampleFrames',
                clip_len=48,
                num_clips=10,
                test_mode=True),
            dict(type='PoseDecode'),
            dict(type='PoseCompact', hw_ratio=1.0, allow_imgpad=True),
            dict(type='Resize', scale=(-1, 64)),
            dict(type='CenterCrop', crop_size=64),
            dict(
                type='GenerateTaiChiPoseTarget',
                sigma=0.6,
                use_score=True,
                with_kp=True,
                with_limb=False,
                double=True,
                left_kp=[
                    5, 6, 7, 8, 44, 45, 46, 47, 48, 49, 50, 51, 52, 53, 54, 55,
                    56, 57, 58, 59, 60, 61, 62, 63, 64, 65, 66, 67, 68, 69, 70,
                    71
                ],
                right_kp=[
                    1, 2, 3, 4, 16, 17, 18, 19, 20, 21, 22, 23, 24, 25, 26, 27,
                    28, 29, 30, 31, 32, 33, 34, 35, 36, 37, 38, 39, 40, 41, 42,
                    43
                ]),
            dict(type='FormatShape', input_format='NCTHW'),
            dict(type='Collect', keys=['imgs', 'label'], meta_keys=[]),
            dict(type='ToTensor', keys=['imgs'])
        ]))
optimizer = dict(type='SGD', lr=0.1, momentum=0.9, weight_decay=0.0003)
optimizer_config = dict(grad_clip=dict(max_norm=40, norm_type=2))
lr_config = dict(policy='CosineAnnealing', by_epoch=False, min_lr=0)
total_epochs = 24
checkpoint_config = dict(interval=1)
workflow = [('train', 1)]
evaluation = dict(
    interval=1, metrics=['top_k_accuracy', 'mean_class_accuracy'], topk=(1, 5))
log_config = dict(interval=40, hooks=[dict(type='TextLoggerHook')])
output_config = dict(
    out='./model_pth/exp0/NSNR-linear5-lrd1/test_result/results.pkl')
eval_config = dict(
    metric_out='./model_pth/exp0/NSNR-linear5-lrd1/test_result',
    eval=[
        'top_k_accuracy', 'mean_class_accuracy', 'confusion_matrix',
        't_sne_vis'
    ])
dist_params = dict(backend='nccl')
log_level = 'INFO'
work_dir = './model_pth/exp0/NSNR-linear5-lrd1'
load_from = './model_pth/5part_ntu60_xsub_kp_0331/epoch_24.pth'
resume_from = None
find_unused_parameters = True
gpu_ids = range(0, 4)
omnisource = False
module_hooks = []

2022-04-24 12:29:36,142 - mmaction - INFO - Set random seed to 42, deterministic: True
2022-04-24 12:29:36,248 - mmaction - INFO - 240 videos remain after valid thresholding
2022-04-24 12:29:41,665 - mmaction - INFO - 140 videos remain after valid thresholding
2022-04-24 12:29:41,667 - mmaction - INFO - load checkpoint from local path: ./model_pth/5part_ntu60_xsub_kp_0331/epoch_24.pth
2022-04-24 12:29:41,688 - mmaction - WARNING - The model and loaded state dict do not match exactly

size mismatch for cls_head.fc_cls.weight: copying a param with shape torch.Size([60, 512]) from checkpoint, the shape in current model is torch.Size([10, 512]).
size mismatch for cls_head.fc_cls.bias: copying a param with shape torch.Size([60]) from checkpoint, the shape in current model is torch.Size([10]).
2022-04-24 12:29:41,689 - mmaction - INFO - Start running, host: yl@83090-jin, work_dir: /home/yl/myposec3d/model_pth/exp0/NSNR-linear5-lrd1
2022-04-24 12:29:41,689 - mmaction - INFO - Hooks will be executed in the following order:
before_run:
(VERY_HIGH   ) CosineAnnealingLrUpdaterHook       
(NORMAL      ) CheckpointHook                     
(NORMAL      ) DistEvalHook                       
(VERY_LOW    ) TextLoggerHook                     
 -------------------- 
before_train_epoch:
(VERY_HIGH   ) CosineAnnealingLrUpdaterHook       
(NORMAL      ) DistSamplerSeedHook                
(NORMAL      ) DistEvalHook                       
(LOW         ) IterTimerHook                      
(VERY_LOW    ) TextLoggerHook                     
 -------------------- 
before_train_iter:
(VERY_HIGH   ) CosineAnnealingLrUpdaterHook       
(NORMAL      ) DistEvalHook                       
(LOW         ) IterTimerHook                      
 -------------------- 
after_train_iter:
(ABOVE_NORMAL) OptimizerHook                      
(NORMAL      ) CheckpointHook                     
(NORMAL      ) DistEvalHook                       
(LOW         ) IterTimerHook                      
(VERY_LOW    ) TextLoggerHook                     
 -------------------- 
after_train_epoch:
(NORMAL      ) CheckpointHook                     
(NORMAL      ) DistEvalHook                       
(VERY_LOW    ) TextLoggerHook                     
 -------------------- 
before_val_epoch:
(NORMAL      ) DistSamplerSeedHook                
(LOW         ) IterTimerHook                      
(VERY_LOW    ) TextLoggerHook                     
 -------------------- 
before_val_iter:
(LOW         ) IterTimerHook                      
 -------------------- 
after_val_iter:
(LOW         ) IterTimerHook                      
 -------------------- 
after_val_epoch:
(VERY_LOW    ) TextLoggerHook                     
 -------------------- 
after_run:
(VERY_LOW    ) TextLoggerHook                     
 -------------------- 
2022-04-24 12:29:41,689 - mmaction - INFO - workflow: [('train', 1)], max: 24 epochs
2022-04-24 12:29:41,689 - mmaction - INFO - Checkpoints will be saved to /home/yl/myposec3d/model_pth/exp0/NSNR-linear5-lrd1 by HardDiskBackend.
2022-04-24 12:30:12,346 - mmaction - INFO - Epoch [1][40/113]	lr: 9.995e-02, eta: 0:34:07, time: 0.766, data_time: 0.706, memory: 665, top1_acc: 0.3555, top5_acc: 0.8008, loss_cls: 1.9336, loss: 1.9336, grad_norm: 3.0009
2022-04-24 12:30:18,826 - mmaction - INFO - Epoch [1][80/113]	lr: 9.979e-02, eta: 0:20:21, time: 0.162, data_time: 0.086, memory: 665, top1_acc: 0.5078, top5_acc: 0.9133, loss_cls: 1.7539, loss: 1.7539, grad_norm: 2.7984
2022-04-24 12:30:24,558 - mmaction - INFO - Saving checkpoint at 1 epochs
2022-04-24 12:30:50,883 - mmaction - INFO - Evaluating top_k_accuracy ...
2022-04-24 12:30:50,883 - mmaction - INFO - 
top1_acc	0.8143
top5_acc	0.9714
2022-04-24 12:30:50,883 - mmaction - INFO - Evaluating mean_class_accuracy ...
2022-04-24 12:30:50,884 - mmaction - INFO - 
mean_acc	0.8143
2022-04-24 12:30:50,908 - mmaction - INFO - Now best checkpoint is saved as best_top1_acc_epoch_1.pth.
2022-04-24 12:30:50,908 - mmaction - INFO - Best top1_acc is 0.8143 at 1 epoch.
2022-04-24 12:30:50,908 - mmaction - INFO - Epoch(val) [1][5]	top1_acc: 0.8143, top5_acc: 0.9714, mean_class_accuracy: 0.8143
2022-04-24 12:31:21,271 - mmaction - INFO - Epoch [2][40/113]	lr: 9.923e-02, eta: 0:18:48, time: 0.759, data_time: 0.711, memory: 861, top1_acc: 0.5930, top5_acc: 0.9375, loss_cls: 1.6937, loss: 1.6937, grad_norm: 2.5573
2022-04-24 12:31:27,753 - mmaction - INFO - Epoch [2][80/113]	lr: 9.877e-02, eta: 0:16:05, time: 0.162, data_time: 0.106, memory: 861, top1_acc: 0.6219, top5_acc: 0.9492, loss_cls: 1.5692, loss: 1.5692, grad_norm: 2.4748
2022-04-24 12:31:33,482 - mmaction - INFO - Saving checkpoint at 2 epochs
2022-04-24 12:31:59,448 - mmaction - INFO - Evaluating top_k_accuracy ...
2022-04-24 12:31:59,448 - mmaction - INFO - 
top1_acc	0.7500
top5_acc	0.9929
2022-04-24 12:31:59,449 - mmaction - INFO - Evaluating mean_class_accuracy ...
2022-04-24 12:31:59,449 - mmaction - INFO - 
mean_acc	0.7500
2022-04-24 12:31:59,449 - mmaction - INFO - Epoch(val) [2][5]	top1_acc: 0.7500, top5_acc: 0.9929, mean_class_accuracy: 0.7500
2022-04-24 12:32:30,498 - mmaction - INFO - Epoch [3][40/113]	lr: 9.766e-02, eta: 0:16:05, time: 0.776, data_time: 0.602, memory: 861, top1_acc: 0.6531, top5_acc: 0.9656, loss_cls: 1.4084, loss: 1.4084, grad_norm: 2.1969
2022-04-24 12:32:36,988 - mmaction - INFO - Epoch [3][80/113]	lr: 9.691e-02, eta: 0:14:36, time: 0.162, data_time: 0.000, memory: 861, top1_acc: 0.6578, top5_acc: 0.9719, loss_cls: 1.2956, loss: 1.2956, grad_norm: 2.0444
2022-04-24 12:32:42,796 - mmaction - INFO - Saving checkpoint at 3 epochs
2022-04-24 12:33:08,669 - mmaction - INFO - Evaluating top_k_accuracy ...
2022-04-24 12:33:08,669 - mmaction - INFO - 
top1_acc	0.7929
top5_acc	0.9929
2022-04-24 12:33:08,670 - mmaction - INFO - Evaluating mean_class_accuracy ...
2022-04-24 12:33:08,670 - mmaction - INFO - 
mean_acc	0.7929
2022-04-24 12:33:08,670 - mmaction - INFO - Epoch(val) [3][5]	top1_acc: 0.7929, top5_acc: 0.9929, mean_class_accuracy: 0.7929
2022-04-24 12:33:39,629 - mmaction - INFO - Epoch [4][40/113]	lr: 9.528e-02, eta: 0:14:36, time: 0.774, data_time: 0.599, memory: 861, top1_acc: 0.6937, top5_acc: 0.9648, loss_cls: 1.3200, loss: 1.3200, grad_norm: 2.1076
2022-04-24 12:33:46,052 - mmaction - INFO - Epoch [4][80/113]	lr: 9.425e-02, eta: 0:13:34, time: 0.161, data_time: 0.000, memory: 861, top1_acc: 0.7102, top5_acc: 0.9773, loss_cls: 1.0996, loss: 1.0996, grad_norm: 1.8329
2022-04-24 12:33:51,757 - mmaction - INFO - Saving checkpoint at 4 epochs
2022-04-24 12:34:17,604 - mmaction - INFO - Evaluating top_k_accuracy ...
2022-04-24 12:34:17,604 - mmaction - INFO - 
top1_acc	0.9357
top5_acc	1.0000
2022-04-24 12:34:17,604 - mmaction - INFO - Evaluating mean_class_accuracy ...
2022-04-24 12:34:17,605 - mmaction - INFO - 
mean_acc	0.9357
2022-04-24 12:34:17,606 - mmaction - INFO - The previous best checkpoint /home/yl/myposec3d/model_pth/exp0/NSNR-linear5-lrd1/best_top1_acc_epoch_1.pth was removed
2022-04-24 12:34:17,634 - mmaction - INFO - Now best checkpoint is saved as best_top1_acc_epoch_4.pth.
2022-04-24 12:34:17,634 - mmaction - INFO - Best top1_acc is 0.9357 at 4 epoch.
2022-04-24 12:34:17,634 - mmaction - INFO - Epoch(val) [4][5]	top1_acc: 0.9357, top5_acc: 1.0000, mean_class_accuracy: 0.9357
2022-04-24 12:34:48,278 - mmaction - INFO - Epoch [5][40/113]	lr: 9.213e-02, eta: 0:13:30, time: 0.766, data_time: 0.675, memory: 861, top1_acc: 0.6578, top5_acc: 0.9688, loss_cls: 1.3338, loss: 1.3338, grad_norm: 2.1627
2022-04-24 12:34:54,691 - mmaction - INFO - Epoch [5][80/113]	lr: 9.084e-02, eta: 0:12:41, time: 0.160, data_time: 0.066, memory: 861, top1_acc: 0.7086, top5_acc: 0.9805, loss_cls: 1.1522, loss: 1.1522, grad_norm: 1.8944
2022-04-24 12:35:00,354 - mmaction - INFO - Saving checkpoint at 5 epochs
2022-04-24 12:35:26,431 - mmaction - INFO - Evaluating top_k_accuracy ...
2022-04-24 12:35:26,432 - mmaction - INFO - 
top1_acc	0.8000
top5_acc	1.0000
2022-04-24 12:35:26,432 - mmaction - INFO - Evaluating mean_class_accuracy ...
2022-04-24 12:35:26,432 - mmaction - INFO - 
mean_acc	0.8000
2022-04-24 12:35:26,433 - mmaction - INFO - Epoch(val) [5][5]	top1_acc: 0.8000, top5_acc: 1.0000, mean_class_accuracy: 0.8000
2022-04-24 12:35:57,209 - mmaction - INFO - Epoch [6][40/113]	lr: 8.825e-02, eta: 0:12:34, time: 0.769, data_time: 0.606, memory: 861, top1_acc: 0.6992, top5_acc: 0.9688, loss_cls: 1.3064, loss: 1.3064, grad_norm: 2.0575
2022-04-24 12:36:03,576 - mmaction - INFO - Epoch [6][80/113]	lr: 8.672e-02, eta: 0:11:54, time: 0.159, data_time: 0.000, memory: 861, top1_acc: 0.7391, top5_acc: 0.9789, loss_cls: 1.0016, loss: 1.0016, grad_norm: 1.7607
2022-04-24 12:36:09,324 - mmaction - INFO - Saving checkpoint at 6 epochs
2022-04-24 12:36:35,019 - mmaction - INFO - Evaluating top_k_accuracy ...
2022-04-24 12:36:35,019 - mmaction - INFO - 
top1_acc	0.7214
top5_acc	1.0000
2022-04-24 12:36:35,019 - mmaction - INFO - Evaluating mean_class_accuracy ...
2022-04-24 12:36:35,020 - mmaction - INFO - 
mean_acc	0.7214
2022-04-24 12:36:35,020 - mmaction - INFO - Epoch(val) [6][5]	top1_acc: 0.7214, top5_acc: 1.0000, mean_class_accuracy: 0.7214
2022-04-24 12:37:05,698 - mmaction - INFO - Epoch [7][40/113]	lr: 8.372e-02, eta: 0:11:44, time: 0.767, data_time: 0.605, memory: 861, top1_acc: 0.6883, top5_acc: 0.9844, loss_cls: 1.1834, loss: 1.1834, grad_norm: 1.9833
2022-04-24 12:37:12,149 - mmaction - INFO - Epoch [7][80/113]	lr: 8.198e-02, eta: 0:11:10, time: 0.161, data_time: 0.000, memory: 861, top1_acc: 0.7500, top5_acc: 0.9789, loss_cls: 0.9935, loss: 0.9935, grad_norm: 1.7942
2022-04-24 12:37:17,711 - mmaction - INFO - Saving checkpoint at 7 epochs
2022-04-24 12:37:43,659 - mmaction - INFO - Evaluating top_k_accuracy ...
2022-04-24 12:37:43,659 - mmaction - INFO - 
top1_acc	0.9286
top5_acc	1.0000
2022-04-24 12:37:43,659 - mmaction - INFO - Evaluating mean_class_accuracy ...
2022-04-24 12:37:43,660 - mmaction - INFO - 
mean_acc	0.9286
2022-04-24 12:37:43,660 - mmaction - INFO - Epoch(val) [7][5]	top1_acc: 0.9286, top5_acc: 1.0000, mean_class_accuracy: 0.9286
2022-04-24 12:38:14,394 - mmaction - INFO - Epoch [8][40/113]	lr: 7.862e-02, eta: 0:10:58, time: 0.768, data_time: 0.602, memory: 861, top1_acc: 0.7258, top5_acc: 0.9820, loss_cls: 1.0291, loss: 1.0291, grad_norm: 1.8341
2022-04-24 12:38:20,804 - mmaction - INFO - Epoch [8][80/113]	lr: 7.669e-02, eta: 0:10:28, time: 0.160, data_time: 0.000, memory: 861, top1_acc: 0.7586, top5_acc: 0.9859, loss_cls: 0.8827, loss: 0.8827, grad_norm: 1.6071
2022-04-24 12:38:26,382 - mmaction - INFO - Saving checkpoint at 8 epochs
2022-04-24 12:38:52,639 - mmaction - INFO - Evaluating top_k_accuracy ...
2022-04-24 12:38:52,639 - mmaction - INFO - 
top1_acc	0.8143
top5_acc	1.0000
2022-04-24 12:38:52,639 - mmaction - INFO - Evaluating mean_class_accuracy ...
2022-04-24 12:38:52,640 - mmaction - INFO - 
mean_acc	0.8143
2022-04-24 12:38:52,640 - mmaction - INFO - Epoch(val) [8][5]	top1_acc: 0.8143, top5_acc: 1.0000, mean_class_accuracy: 0.8143
2022-04-24 12:39:23,603 - mmaction - INFO - Epoch [9][40/113]	lr: 7.302e-02, eta: 0:10:14, time: 0.774, data_time: 0.603, memory: 861, top1_acc: 0.7383, top5_acc: 0.9805, loss_cls: 0.9315, loss: 0.9315, grad_norm: 1.7540
2022-04-24 12:39:29,983 - mmaction - INFO - Epoch [9][80/113]	lr: 7.094e-02, eta: 0:09:47, time: 0.160, data_time: 0.000, memory: 861, top1_acc: 0.7211, top5_acc: 0.9812, loss_cls: 1.0166, loss: 1.0166, grad_norm: 1.7661
2022-04-24 12:39:35,687 - mmaction - INFO - Saving checkpoint at 9 epochs
2022-04-24 12:40:01,752 - mmaction - INFO - Evaluating top_k_accuracy ...
2022-04-24 12:40:01,752 - mmaction - INFO - 
top1_acc	0.7500
top5_acc	0.9929
2022-04-24 12:40:01,752 - mmaction - INFO - Evaluating mean_class_accuracy ...
2022-04-24 12:40:01,753 - mmaction - INFO - 
mean_acc	0.7500
2022-04-24 12:40:01,753 - mmaction - INFO - Epoch(val) [9][5]	top1_acc: 0.7500, top5_acc: 0.9929, mean_class_accuracy: 0.7500
2022-04-24 12:40:32,511 - mmaction - INFO - Epoch [10][40/113]	lr: 6.703e-02, eta: 0:09:32, time: 0.769, data_time: 0.610, memory: 861, top1_acc: 0.7695, top5_acc: 0.9891, loss_cls: 0.7390, loss: 0.7390, grad_norm: 1.5035
2022-04-24 12:40:38,873 - mmaction - INFO - Epoch [10][80/113]	lr: 6.483e-02, eta: 0:09:07, time: 0.159, data_time: 0.000, memory: 861, top1_acc: 0.7617, top5_acc: 0.9797, loss_cls: 0.9230, loss: 0.9230, grad_norm: 1.6373
2022-04-24 12:40:44,477 - mmaction - INFO - Saving checkpoint at 10 epochs
2022-04-24 12:41:10,317 - mmaction - INFO - Evaluating top_k_accuracy ...
2022-04-24 12:41:10,318 - mmaction - INFO - 
top1_acc	0.7786
top5_acc	0.9929
2022-04-24 12:41:10,318 - mmaction - INFO - Evaluating mean_class_accuracy ...
2022-04-24 12:41:10,318 - mmaction - INFO - 
mean_acc	0.7786
2022-04-24 12:41:10,318 - mmaction - INFO - Epoch(val) [10][5]	top1_acc: 0.7786, top5_acc: 0.9929, mean_class_accuracy: 0.7786
2022-04-24 12:41:41,041 - mmaction - INFO - Epoch [11][40/113]	lr: 6.075e-02, eta: 0:08:50, time: 0.768, data_time: 0.606, memory: 861, top1_acc: 0.7492, top5_acc: 0.9828, loss_cls: 0.9188, loss: 0.9188, grad_norm: 1.8037
2022-04-24 12:41:47,548 - mmaction - INFO - Epoch [11][80/113]	lr: 5.847e-02, eta: 0:08:27, time: 0.163, data_time: 0.000, memory: 861, top1_acc: 0.7789, top5_acc: 0.9883, loss_cls: 0.7788, loss: 0.7788, grad_norm: 1.4929
2022-04-24 12:41:53,211 - mmaction - INFO - Saving checkpoint at 11 epochs
2022-04-24 12:42:19,191 - mmaction - INFO - Evaluating top_k_accuracy ...
2022-04-24 12:42:19,191 - mmaction - INFO - 
top1_acc	0.8929
top5_acc	1.0000
2022-04-24 12:42:19,191 - mmaction - INFO - Evaluating mean_class_accuracy ...
2022-04-24 12:42:19,192 - mmaction - INFO - 
mean_acc	0.8929
2022-04-24 12:42:19,192 - mmaction - INFO - Epoch(val) [11][5]	top1_acc: 0.8929, top5_acc: 1.0000, mean_class_accuracy: 0.8929
2022-04-24 12:42:49,985 - mmaction - INFO - Epoch [12][40/113]	lr: 5.428e-02, eta: 0:08:09, time: 0.770, data_time: 0.603, memory: 861, top1_acc: 0.7750, top5_acc: 0.9898, loss_cls: 0.7739, loss: 0.7739, grad_norm: 1.5971
2022-04-24 12:42:56,284 - mmaction - INFO - Epoch [12][80/113]	lr: 5.197e-02, eta: 0:07:48, time: 0.158, data_time: 0.000, memory: 861, top1_acc: 0.7758, top5_acc: 0.9891, loss_cls: 0.7193, loss: 0.7193, grad_norm: 1.4944
2022-04-24 12:43:01,793 - mmaction - INFO - Saving checkpoint at 12 epochs
2022-04-24 12:43:28,170 - mmaction - INFO - Evaluating top_k_accuracy ...
2022-04-24 12:43:28,171 - mmaction - INFO - 
top1_acc	0.9714
top5_acc	1.0000
2022-04-24 12:43:28,171 - mmaction - INFO - Evaluating mean_class_accuracy ...
2022-04-24 12:43:28,171 - mmaction - INFO - 
mean_acc	0.9714
2022-04-24 12:43:28,173 - mmaction - INFO - The previous best checkpoint /home/yl/myposec3d/model_pth/exp0/NSNR-linear5-lrd1/best_top1_acc_epoch_4.pth was removed
2022-04-24 12:43:28,197 - mmaction - INFO - Now best checkpoint is saved as best_top1_acc_epoch_12.pth.
2022-04-24 12:43:28,197 - mmaction - INFO - Best top1_acc is 0.9714 at 12 epoch.
2022-04-24 12:43:28,197 - mmaction - INFO - Epoch(val) [12][5]	top1_acc: 0.9714, top5_acc: 1.0000, mean_class_accuracy: 0.9714
2022-04-24 12:43:58,964 - mmaction - INFO - Epoch [13][40/113]	lr: 4.774e-02, eta: 0:07:29, time: 0.769, data_time: 0.605, memory: 861, top1_acc: 0.7719, top5_acc: 0.9938, loss_cls: 0.7429, loss: 0.7429, grad_norm: 1.4750
2022-04-24 12:44:05,348 - mmaction - INFO - Epoch [13][80/113]	lr: 4.543e-02, eta: 0:07:09, time: 0.160, data_time: 0.000, memory: 861, top1_acc: 0.8070, top5_acc: 0.9930, loss_cls: 0.6105, loss: 0.6105, grad_norm: 1.4321
2022-04-24 12:44:10,880 - mmaction - INFO - Saving checkpoint at 13 epochs
2022-04-24 12:44:37,145 - mmaction - INFO - Evaluating top_k_accuracy ...
2022-04-24 12:44:37,145 - mmaction - INFO - 
top1_acc	0.8929
top5_acc	0.9929
2022-04-24 12:44:37,145 - mmaction - INFO - Evaluating mean_class_accuracy ...
2022-04-24 12:44:37,146 - mmaction - INFO - 
mean_acc	0.8929
2022-04-24 12:44:37,146 - mmaction - INFO - Epoch(val) [13][5]	top1_acc: 0.8929, top5_acc: 0.9929, mean_class_accuracy: 0.8929
2022-04-24 12:45:07,762 - mmaction - INFO - Epoch [14][40/113]	lr: 4.124e-02, eta: 0:06:49, time: 0.765, data_time: 0.601, memory: 861, top1_acc: 0.7805, top5_acc: 0.9945, loss_cls: 0.7280, loss: 0.7280, grad_norm: 1.5981
2022-04-24 12:45:14,022 - mmaction - INFO - Epoch [14][80/113]	lr: 3.897e-02, eta: 0:06:30, time: 0.156, data_time: 0.000, memory: 861, top1_acc: 0.8094, top5_acc: 0.9953, loss_cls: 0.5849, loss: 0.5849, grad_norm: 1.3331
2022-04-24 12:45:19,509 - mmaction - INFO - Saving checkpoint at 14 epochs
2022-04-24 12:45:45,646 - mmaction - INFO - Evaluating top_k_accuracy ...
2022-04-24 12:45:45,647 - mmaction - INFO - 
top1_acc	0.9357
top5_acc	1.0000
2022-04-24 12:45:45,647 - mmaction - INFO - Evaluating mean_class_accuracy ...
2022-04-24 12:45:45,647 - mmaction - INFO - 
mean_acc	0.9357
2022-04-24 12:45:45,647 - mmaction - INFO - Epoch(val) [14][5]	top1_acc: 0.9357, top5_acc: 1.0000, mean_class_accuracy: 0.9357
2022-04-24 12:46:16,497 - mmaction - INFO - Epoch [15][40/113]	lr: 3.489e-02, eta: 0:06:10, time: 0.771, data_time: 0.603, memory: 861, top1_acc: 0.8016, top5_acc: 0.9953, loss_cls: 0.6049, loss: 0.6049, grad_norm: 1.4145
2022-04-24 12:46:22,917 - mmaction - INFO - Epoch [15][80/113]	lr: 3.270e-02, eta: 0:05:52, time: 0.160, data_time: 0.000, memory: 861, top1_acc: 0.8063, top5_acc: 0.9953, loss_cls: 0.5884, loss: 0.5884, grad_norm: 1.2561
2022-04-24 12:46:28,520 - mmaction - INFO - Saving checkpoint at 15 epochs
2022-04-24 12:46:54,596 - mmaction - INFO - Evaluating top_k_accuracy ...
2022-04-24 12:46:54,596 - mmaction - INFO - 
top1_acc	0.9714
top5_acc	1.0000
2022-04-24 12:46:54,596 - mmaction - INFO - Evaluating mean_class_accuracy ...
2022-04-24 12:46:54,597 - mmaction - INFO - 
mean_acc	0.9714
2022-04-24 12:46:54,597 - mmaction - INFO - Epoch(val) [15][5]	top1_acc: 0.9714, top5_acc: 1.0000, mean_class_accuracy: 0.9714
2022-04-24 12:47:25,459 - mmaction - INFO - Epoch [16][40/113]	lr: 2.880e-02, eta: 0:05:31, time: 0.771, data_time: 0.599, memory: 861, top1_acc: 0.8203, top5_acc: 0.9945, loss_cls: 0.5672, loss: 0.5672, grad_norm: 1.3607
2022-04-24 12:47:31,889 - mmaction - INFO - Epoch [16][80/113]	lr: 2.672e-02, eta: 0:05:13, time: 0.161, data_time: 0.000, memory: 861, top1_acc: 0.8023, top5_acc: 0.9891, loss_cls: 0.6492, loss: 0.6492, grad_norm: 1.4495
2022-04-24 12:47:37,536 - mmaction - INFO - Saving checkpoint at 16 epochs
2022-04-24 12:48:03,485 - mmaction - INFO - Evaluating top_k_accuracy ...
2022-04-24 12:48:03,486 - mmaction - INFO - 
top1_acc	0.9786
top5_acc	1.0000
2022-04-24 12:48:03,486 - mmaction - INFO - Evaluating mean_class_accuracy ...
2022-04-24 12:48:03,486 - mmaction - INFO - 
mean_acc	0.9786
2022-04-24 12:48:03,488 - mmaction - INFO - The previous best checkpoint /home/yl/myposec3d/model_pth/exp0/NSNR-linear5-lrd1/best_top1_acc_epoch_12.pth was removed
2022-04-24 12:48:03,515 - mmaction - INFO - Now best checkpoint is saved as best_top1_acc_epoch_16.pth.
2022-04-24 12:48:03,515 - mmaction - INFO - Best top1_acc is 0.9786 at 16 epoch.
2022-04-24 12:48:03,516 - mmaction - INFO - Epoch(val) [16][5]	top1_acc: 0.9786, top5_acc: 1.0000, mean_class_accuracy: 0.9786
2022-04-24 12:48:34,296 - mmaction - INFO - Epoch [17][40/113]	lr: 2.307e-02, eta: 0:04:52, time: 0.769, data_time: 0.597, memory: 861, top1_acc: 0.8148, top5_acc: 0.9945, loss_cls: 0.5544, loss: 0.5544, grad_norm: 1.2885
2022-04-24 12:48:40,568 - mmaction - INFO - Epoch [17][80/113]	lr: 2.115e-02, eta: 0:04:35, time: 0.157, data_time: 0.000, memory: 861, top1_acc: 0.8211, top5_acc: 0.9953, loss_cls: 0.5274, loss: 0.5274, grad_norm: 1.2430
2022-04-24 12:48:46,075 - mmaction - INFO - Saving checkpoint at 17 epochs
2022-04-24 12:49:12,302 - mmaction - INFO - Evaluating top_k_accuracy ...
2022-04-24 12:49:12,302 - mmaction - INFO - 
top1_acc	0.9786
top5_acc	1.0000
2022-04-24 12:49:12,302 - mmaction - INFO - Evaluating mean_class_accuracy ...
2022-04-24 12:49:12,303 - mmaction - INFO - 
mean_acc	0.9786
2022-04-24 12:49:12,303 - mmaction - INFO - Epoch(val) [17][5]	top1_acc: 0.9786, top5_acc: 1.0000, mean_class_accuracy: 0.9786
2022-04-24 12:49:43,184 - mmaction - INFO - Epoch [18][40/113]	lr: 1.780e-02, eta: 0:04:13, time: 0.772, data_time: 0.609, memory: 861, top1_acc: 0.8281, top5_acc: 0.9969, loss_cls: 0.4966, loss: 0.4966, grad_norm: 1.2522
2022-04-24 12:49:49,656 - mmaction - INFO - Epoch [18][80/113]	lr: 1.606e-02, eta: 0:03:57, time: 0.162, data_time: 0.000, memory: 861, top1_acc: 0.8148, top5_acc: 0.9953, loss_cls: 0.5239, loss: 0.5239, grad_norm: 1.2592
2022-04-24 12:49:55,274 - mmaction - INFO - Saving checkpoint at 18 epochs
2022-04-24 12:50:21,420 - mmaction - INFO - Evaluating top_k_accuracy ...
2022-04-24 12:50:21,421 - mmaction - INFO - 
top1_acc	0.9643
top5_acc	1.0000
2022-04-24 12:50:21,421 - mmaction - INFO - Evaluating mean_class_accuracy ...
2022-04-24 12:50:21,421 - mmaction - INFO - 
mean_acc	0.9643
2022-04-24 12:50:21,421 - mmaction - INFO - Epoch(val) [18][5]	top1_acc: 0.9643, top5_acc: 1.0000, mean_class_accuracy: 0.9643
2022-04-24 12:50:52,278 - mmaction - INFO - Epoch [19][40/113]	lr: 1.308e-02, eta: 0:03:35, time: 0.771, data_time: 0.605, memory: 861, top1_acc: 0.8078, top5_acc: 0.9930, loss_cls: 0.5895, loss: 0.5895, grad_norm: 1.3388
2022-04-24 12:50:58,605 - mmaction - INFO - Epoch [19][80/113]	lr: 1.156e-02, eta: 0:03:19, time: 0.158, data_time: 0.000, memory: 861, top1_acc: 0.8281, top5_acc: 0.9914, loss_cls: 0.5233, loss: 0.5233, grad_norm: 1.2344
2022-04-24 12:51:04,206 - mmaction - INFO - Saving checkpoint at 19 epochs
2022-04-24 12:51:30,363 - mmaction - INFO - Evaluating top_k_accuracy ...
2022-04-24 12:51:30,363 - mmaction - INFO - 
top1_acc	0.9714
top5_acc	1.0000
2022-04-24 12:51:30,363 - mmaction - INFO - Evaluating mean_class_accuracy ...
2022-04-24 12:51:30,364 - mmaction - INFO - 
mean_acc	0.9714
2022-04-24 12:51:30,364 - mmaction - INFO - Epoch(val) [19][5]	top1_acc: 0.9714, top5_acc: 1.0000, mean_class_accuracy: 0.9714
2022-04-24 12:52:01,032 - mmaction - INFO - Epoch [20][40/113]	lr: 8.998e-03, eta: 0:02:56, time: 0.767, data_time: 0.607, memory: 861, top1_acc: 0.8336, top5_acc: 0.9922, loss_cls: 0.4803, loss: 0.4803, grad_norm: 1.2310
2022-04-24 12:52:07,426 - mmaction - INFO - Epoch [20][80/113]	lr: 7.717e-03, eta: 0:02:41, time: 0.160, data_time: 0.003, memory: 861, top1_acc: 0.8359, top5_acc: 0.9945, loss_cls: 0.4929, loss: 0.4929, grad_norm: 1.1542
2022-04-24 12:52:13,025 - mmaction - INFO - Saving checkpoint at 20 epochs
2022-04-24 12:52:39,058 - mmaction - INFO - Evaluating top_k_accuracy ...
2022-04-24 12:52:39,059 - mmaction - INFO - 
top1_acc	0.9714
top5_acc	1.0000
2022-04-24 12:52:39,059 - mmaction - INFO - Evaluating mean_class_accuracy ...
2022-04-24 12:52:39,059 - mmaction - INFO - 
mean_acc	0.9714
2022-04-24 12:52:39,059 - mmaction - INFO - Epoch(val) [20][5]	top1_acc: 0.9714, top5_acc: 1.0000, mean_class_accuracy: 0.9714
2022-04-24 12:53:09,800 - mmaction - INFO - Epoch [21][40/113]	lr: 5.614e-03, eta: 0:02:18, time: 0.768, data_time: 0.601, memory: 861, top1_acc: 0.8219, top5_acc: 0.9953, loss_cls: 0.4854, loss: 0.4854, grad_norm: 1.1694
2022-04-24 12:53:16,082 - mmaction - INFO - Epoch [21][80/113]	lr: 4.595e-03, eta: 0:02:04, time: 0.157, data_time: 0.000, memory: 861, top1_acc: 0.8156, top5_acc: 0.9961, loss_cls: 0.5046, loss: 0.5046, grad_norm: 1.2116
2022-04-24 12:53:21,748 - mmaction - INFO - Saving checkpoint at 21 epochs
2022-04-24 12:53:47,586 - mmaction - INFO - Evaluating top_k_accuracy ...
2022-04-24 12:53:47,587 - mmaction - INFO - 
top1_acc	0.9714
top5_acc	1.0000
2022-04-24 12:53:47,587 - mmaction - INFO - Evaluating mean_class_accuracy ...
2022-04-24 12:53:47,587 - mmaction - INFO - 
mean_acc	0.9714
2022-04-24 12:53:47,587 - mmaction - INFO - Epoch(val) [21][5]	top1_acc: 0.9714, top5_acc: 1.0000, mean_class_accuracy: 0.9714
2022-04-24 12:54:18,178 - mmaction - INFO - Epoch [22][40/113]	lr: 2.989e-03, eta: 0:01:40, time: 0.765, data_time: 0.599, memory: 861, top1_acc: 0.8297, top5_acc: 0.9945, loss_cls: 0.4878, loss: 0.4878, grad_norm: 1.1628
2022-04-24 12:54:24,656 - mmaction - INFO - Epoch [22][80/113]	lr: 2.251e-03, eta: 0:01:26, time: 0.162, data_time: 0.000, memory: 861, top1_acc: 0.8453, top5_acc: 0.9977, loss_cls: 0.4487, loss: 0.4487, grad_norm: 1.1361
2022-04-24 12:54:30,196 - mmaction - INFO - Saving checkpoint at 22 epochs
2022-04-24 12:54:56,305 - mmaction - INFO - Evaluating top_k_accuracy ...
2022-04-24 12:54:56,306 - mmaction - INFO - 
top1_acc	0.9786
top5_acc	1.0000
2022-04-24 12:54:56,306 - mmaction - INFO - Evaluating mean_class_accuracy ...
2022-04-24 12:54:56,306 - mmaction - INFO - 
mean_acc	0.9786
2022-04-24 12:54:56,306 - mmaction - INFO - Epoch(val) [22][5]	top1_acc: 0.9786, top5_acc: 1.0000, mean_class_accuracy: 0.9786
2022-04-24 12:55:27,109 - mmaction - INFO - Epoch [23][40/113]	lr: 1.169e-03, eta: 0:01:02, time: 0.770, data_time: 0.607, memory: 861, top1_acc: 0.8383, top5_acc: 0.9977, loss_cls: 0.4680, loss: 0.4680, grad_norm: 1.1844
2022-04-24 12:55:33,495 - mmaction - INFO - Epoch [23][80/113]	lr: 7.232e-04, eta: 0:00:48, time: 0.160, data_time: 0.004, memory: 861, top1_acc: 0.8516, top5_acc: 0.9945, loss_cls: 0.4163, loss: 0.4163, grad_norm: 1.0610
2022-04-24 12:55:39,097 - mmaction - INFO - Saving checkpoint at 23 epochs
2022-04-24 12:56:05,327 - mmaction - INFO - Evaluating top_k_accuracy ...
2022-04-24 12:56:05,327 - mmaction - INFO - 
top1_acc	0.9786
top5_acc	1.0000
2022-04-24 12:56:05,327 - mmaction - INFO - Evaluating mean_class_accuracy ...
2022-04-24 12:56:05,328 - mmaction - INFO - 
mean_acc	0.9786
2022-04-24 12:56:05,328 - mmaction - INFO - Epoch(val) [23][5]	top1_acc: 0.9786, top5_acc: 1.0000, mean_class_accuracy: 0.9786
2022-04-24 12:56:36,220 - mmaction - INFO - Epoch [24][40/113]	lr: 1.836e-04, eta: 0:00:24, time: 0.772, data_time: 0.597, memory: 861, top1_acc: 0.8250, top5_acc: 0.9961, loss_cls: 0.5006, loss: 0.5006, grad_norm: 1.1745
2022-04-24 12:56:42,579 - mmaction - INFO - Epoch [24][80/113]	lr: 3.878e-05, eta: 0:00:10, time: 0.159, data_time: 0.000, memory: 861, top1_acc: 0.8375, top5_acc: 0.9953, loss_cls: 0.4448, loss: 0.4448, grad_norm: 1.1645
2022-04-24 12:56:48,028 - mmaction - INFO - Saving checkpoint at 24 epochs
2022-04-24 12:57:14,115 - mmaction - INFO - Evaluating top_k_accuracy ...
2022-04-24 12:57:14,116 - mmaction - INFO - 
top1_acc	0.9786
top5_acc	1.0000
2022-04-24 12:57:14,116 - mmaction - INFO - Evaluating mean_class_accuracy ...
2022-04-24 12:57:14,116 - mmaction - INFO - 
mean_acc	0.9786
2022-04-24 12:57:14,116 - mmaction - INFO - Epoch(val) [24][5]	top1_acc: 0.9786, top5_acc: 1.0000, mean_class_accuracy: 0.9786
