2022-04-26 19:32:07,539 - mmaction - INFO - Environment info:
------------------------------------------------------------
sys.platform: linux
Python: 3.8.12 | packaged by conda-forge | (default, Oct 12 2021, 21:57:06) [GCC 9.4.0]
CUDA available: True
GPU 0,1,2,3: NVIDIA GeForce RTX 3090
CUDA_HOME: /usr/local/cuda
NVCC: Build cuda_11.1.TC455_06.29190527_0
GCC: gcc (Ubuntu 9.4.0-1ubuntu1~20.04.1) 9.4.0
PyTorch: 1.9.1+cu111
PyTorch compiling details: PyTorch built with:
  - GCC 7.3
  - C++ Version: 201402
  - Intel(R) Math Kernel Library Version 2020.0.0 Product Build 20191122 for Intel(R) 64 architecture applications
  - Intel(R) MKL-DNN v2.1.2 (Git Hash 98be7e8afa711dc9b66c8ff3504129cb82013cdb)
  - OpenMP 201511 (a.k.a. OpenMP 4.5)
  - NNPACK is enabled
  - CPU capability usage: AVX2
  - CUDA Runtime 11.1
  - NVCC architecture flags: -gencode;arch=compute_37,code=sm_37;-gencode;arch=compute_50,code=sm_50;-gencode;arch=compute_60,code=sm_60;-gencode;arch=compute_70,code=sm_70;-gencode;arch=compute_75,code=sm_75;-gencode;arch=compute_80,code=sm_80;-gencode;arch=compute_86,code=sm_86
  - CuDNN 8.0.5
  - Magma 2.5.2
  - Build settings: BLAS_INFO=mkl, BUILD_TYPE=Release, CUDA_VERSION=11.1, CUDNN_VERSION=8.0.5, CXX_COMPILER=/opt/rh/devtoolset-7/root/usr/bin/c++, CXX_FLAGS= -Wno-deprecated -fvisibility-inlines-hidden -DUSE_PTHREADPOOL -fopenmp -DNDEBUG -DUSE_KINETO -DUSE_FBGEMM -DUSE_QNNPACK -DUSE_PYTORCH_QNNPACK -DUSE_XNNPACK -DSYMBOLICATE_MOBILE_DEBUG_HANDLE -O2 -fPIC -Wno-narrowing -Wall -Wextra -Werror=return-type -Wno-missing-field-initializers -Wno-type-limits -Wno-array-bounds -Wno-unknown-pragmas -Wno-sign-compare -Wno-unused-parameter -Wno-unused-variable -Wno-unused-function -Wno-unused-result -Wno-unused-local-typedefs -Wno-strict-overflow -Wno-strict-aliasing -Wno-error=deprecated-declarations -Wno-stringop-overflow -Wno-psabi -Wno-error=pedantic -Wno-error=redundant-decls -Wno-error=old-style-cast -fdiagnostics-color=always -faligned-new -Wno-unused-but-set-variable -Wno-maybe-uninitialized -fno-math-errno -fno-trapping-math -Werror=format -Wno-stringop-overflow, LAPACK_INFO=mkl, PERF_WITH_AVX=1, PERF_WITH_AVX2=1, PERF_WITH_AVX512=1, TORCH_VERSION=1.9.1, USE_CUDA=ON, USE_CUDNN=ON, USE_EXCEPTION_PTR=1, USE_GFLAGS=OFF, USE_GLOG=OFF, USE_MKL=ON, USE_MKLDNN=ON, USE_MPI=OFF, USE_NCCL=ON, USE_NNPACK=ON, USE_OPENMP=ON, 

TorchVision: 0.10.1+cu111
OpenCV: 4.5.5
MMCV: 1.4.2
MMCV Compiler: GCC 7.3
MMCV CUDA Compiler: 11.1
MMAction2: 0.20.0+26392eb
------------------------------------------------------------

2022-04-26 19:32:07,540 - mmaction - INFO - Distributed training: True
2022-04-26 19:32:09,465 - mmaction - INFO - Config: model = dict(
    type='Recognizer3D',
    backbone=dict(
        type='ResNet3dSlowOnly',
        depth=50,
        pretrained=None,
        in_channels=5,
        base_channels=32,
        num_stages=3,
        out_indices=(2, ),
        stage_blocks=(4, 6, 3),
        conv1_stride_s=1,
        pool1_stride_s=1,
        inflate=(0, 1, 1),
        spatial_strides=(2, 2, 2),
        temporal_strides=(1, 1, 2),
        dilations=(1, 1, 1),
        frozen_stages=3),
    cls_head=dict(
        type='I3DHead',
        in_channels=512,
        num_classes=10,
        spatial_type='avg',
        dropout_ratio=0.5),
    train_cfg=dict(),
    test_cfg=dict(average_clips='prob'))
dataset_type = 'PoseDataset'
ann_file_train = 'data/ds_taichi/TEST9AUG4/NSNR/train_data.pkl'
ann_file_val = 'data/ds_taichi/TEST9AUG4/NSNR/test_data.pkl'
left = [
    5, 6, 7, 8, 44, 45, 46, 47, 48, 49, 50, 51, 52, 53, 54, 55, 56, 57, 58, 59,
    60, 61, 62, 63, 64, 65, 66, 67, 68, 69, 70, 71
]
right = [
    1, 2, 3, 4, 16, 17, 18, 19, 20, 21, 22, 23, 24, 25, 26, 27, 28, 29, 30, 31,
    32, 33, 34, 35, 36, 37, 38, 39, 40, 41, 42, 43
]
train_pipeline = [
    dict(type='UniformSampleFrames', clip_len=48),
    dict(type='PoseDecode'),
    dict(type='PoseCompact', hw_ratio=1.0, allow_imgpad=True),
    dict(type='Resize', scale=(-1, 64)),
    dict(type='RandomResizedCrop', area_range=(0.56, 1.0)),
    dict(type='Resize', scale=(56, 56), keep_ratio=False),
    dict(
        type='Flip',
        flip_ratio=0.5,
        left_kp=[
            5, 6, 7, 8, 44, 45, 46, 47, 48, 49, 50, 51, 52, 53, 54, 55, 56, 57,
            58, 59, 60, 61, 62, 63, 64, 65, 66, 67, 68, 69, 70, 71
        ],
        right_kp=[
            1, 2, 3, 4, 16, 17, 18, 19, 20, 21, 22, 23, 24, 25, 26, 27, 28, 29,
            30, 31, 32, 33, 34, 35, 36, 37, 38, 39, 40, 41, 42, 43
        ]),
    dict(
        type='GenerateTaiChiPoseTarget',
        sigma=0.6,
        use_score=True,
        with_kp=True,
        with_limb=False),
    dict(type='FormatShape', input_format='NCTHW'),
    dict(type='Collect', keys=['imgs', 'label'], meta_keys=[]),
    dict(type='ToTensor', keys=['imgs', 'label'])
]
val_pipeline = [
    dict(type='UniformSampleFrames', clip_len=48, num_clips=1, test_mode=True),
    dict(type='PoseDecode'),
    dict(type='PoseCompact', hw_ratio=1.0, allow_imgpad=True),
    dict(type='Resize', scale=(-1, 64)),
    dict(type='CenterCrop', crop_size=64),
    dict(
        type='GenerateTaiChiPoseTarget',
        sigma=0.6,
        use_score=True,
        with_kp=True,
        with_limb=False),
    dict(type='FormatShape', input_format='NCTHW'),
    dict(type='Collect', keys=['imgs', 'label'], meta_keys=[]),
    dict(type='ToTensor', keys=['imgs'])
]
test_pipeline = [
    dict(
        type='UniformSampleFrames', clip_len=48, num_clips=10, test_mode=True),
    dict(type='PoseDecode'),
    dict(type='PoseCompact', hw_ratio=1.0, allow_imgpad=True),
    dict(type='Resize', scale=(-1, 64)),
    dict(type='CenterCrop', crop_size=64),
    dict(
        type='GenerateTaiChiPoseTarget',
        sigma=0.6,
        use_score=True,
        with_kp=True,
        with_limb=False,
        double=True,
        left_kp=[
            5, 6, 7, 8, 44, 45, 46, 47, 48, 49, 50, 51, 52, 53, 54, 55, 56, 57,
            58, 59, 60, 61, 62, 63, 64, 65, 66, 67, 68, 69, 70, 71
        ],
        right_kp=[
            1, 2, 3, 4, 16, 17, 18, 19, 20, 21, 22, 23, 24, 25, 26, 27, 28, 29,
            30, 31, 32, 33, 34, 35, 36, 37, 38, 39, 40, 41, 42, 43
        ]),
    dict(type='FormatShape', input_format='NCTHW'),
    dict(type='Collect', keys=['imgs', 'label'], meta_keys=[]),
    dict(type='ToTensor', keys=['imgs'])
]
data = dict(
    videos_per_gpu=8,
    workers_per_gpu=4,
    test_dataloader=dict(videos_per_gpu=4),
    train=dict(
        type='RepeatDataset',
        times=20,
        dataset=dict(
            type='PoseDataset',
            ann_file='data/ds_taichi/TEST9AUG4/NSNR/train_data.pkl',
            data_prefix='',
            pipeline=[
                dict(type='UniformSampleFrames', clip_len=48),
                dict(type='PoseDecode'),
                dict(type='PoseCompact', hw_ratio=1.0, allow_imgpad=True),
                dict(type='Resize', scale=(-1, 64)),
                dict(type='RandomResizedCrop', area_range=(0.56, 1.0)),
                dict(type='Resize', scale=(56, 56), keep_ratio=False),
                dict(
                    type='Flip',
                    flip_ratio=0.5,
                    left_kp=[
                        5, 6, 7, 8, 44, 45, 46, 47, 48, 49, 50, 51, 52, 53, 54,
                        55, 56, 57, 58, 59, 60, 61, 62, 63, 64, 65, 66, 67, 68,
                        69, 70, 71
                    ],
                    right_kp=[
                        1, 2, 3, 4, 16, 17, 18, 19, 20, 21, 22, 23, 24, 25, 26,
                        27, 28, 29, 30, 31, 32, 33, 34, 35, 36, 37, 38, 39, 40,
                        41, 42, 43
                    ]),
                dict(
                    type='GenerateTaiChiPoseTarget',
                    sigma=0.6,
                    use_score=True,
                    with_kp=True,
                    with_limb=False),
                dict(type='FormatShape', input_format='NCTHW'),
                dict(type='Collect', keys=['imgs', 'label'], meta_keys=[]),
                dict(type='ToTensor', keys=['imgs', 'label'])
            ])),
    val=dict(
        type='PoseDataset',
        ann_file='data/ds_taichi/TEST9AUG4/NSNR/test_data.pkl',
        data_prefix='',
        pipeline=[
            dict(
                type='UniformSampleFrames',
                clip_len=48,
                num_clips=1,
                test_mode=True),
            dict(type='PoseDecode'),
            dict(type='PoseCompact', hw_ratio=1.0, allow_imgpad=True),
            dict(type='Resize', scale=(-1, 64)),
            dict(type='CenterCrop', crop_size=64),
            dict(
                type='GenerateTaiChiPoseTarget',
                sigma=0.6,
                use_score=True,
                with_kp=True,
                with_limb=False),
            dict(type='FormatShape', input_format='NCTHW'),
            dict(type='Collect', keys=['imgs', 'label'], meta_keys=[]),
            dict(type='ToTensor', keys=['imgs'])
        ]),
    test=dict(
        type='PoseDataset',
        ann_file='data/ds_taichi/TEST9AUG4/NSNR/test_data.pkl',
        data_prefix='',
        pipeline=[
            dict(
                type='UniformSampleFrames',
                clip_len=48,
                num_clips=10,
                test_mode=True),
            dict(type='PoseDecode'),
            dict(type='PoseCompact', hw_ratio=1.0, allow_imgpad=True),
            dict(type='Resize', scale=(-1, 64)),
            dict(type='CenterCrop', crop_size=64),
            dict(
                type='GenerateTaiChiPoseTarget',
                sigma=0.6,
                use_score=True,
                with_kp=True,
                with_limb=False,
                double=True,
                left_kp=[
                    5, 6, 7, 8, 44, 45, 46, 47, 48, 49, 50, 51, 52, 53, 54, 55,
                    56, 57, 58, 59, 60, 61, 62, 63, 64, 65, 66, 67, 68, 69, 70,
                    71
                ],
                right_kp=[
                    1, 2, 3, 4, 16, 17, 18, 19, 20, 21, 22, 23, 24, 25, 26, 27,
                    28, 29, 30, 31, 32, 33, 34, 35, 36, 37, 38, 39, 40, 41, 42,
                    43
                ]),
            dict(type='FormatShape', input_format='NCTHW'),
            dict(type='Collect', keys=['imgs', 'label'], meta_keys=[]),
            dict(type='ToTensor', keys=['imgs'])
        ]))
optimizer = dict(type='SGD', lr=1, momentum=0.9, weight_decay=0.0003)
optimizer_config = dict(grad_clip=dict(max_norm=40, norm_type=2))
lr_config = dict(policy='CosineAnnealing', by_epoch=False, min_lr=0)
total_epochs = 48
checkpoint_config = dict()
workflow = [('train', 1)]
evaluation = dict(
    interval=1, metrics=['top_k_accuracy', 'mean_class_accuracy'], topk=(1, 5))
log_config = dict(interval=40, hooks=[dict(type='TextLoggerHook')])
output_config = dict(
    out='./model_pth/exp1-new/NSNR-linear5/test_result/results.pkl')
eval_config = dict(
    metric_out='./model_pth/exp1-new/NSNR-linear5/test_result',
    eval=[
        'top_k_accuracy', 'mean_class_accuracy', 'confusion_matrix',
        't_sne_vis'
    ])
dist_params = dict(backend='nccl')
log_level = 'INFO'
work_dir = './model_pth/exp1-new/NSNR-linear5'
load_from = './model_pth/5part_ntu60_xsub_kp_0331/epoch_24.pth'
resume_from = None
find_unused_parameters = True
gpu_ids = range(0, 4)
omnisource = False
module_hooks = []

2022-04-26 19:32:09,466 - mmaction - INFO - Set random seed to 42, deterministic: True
2022-04-26 19:32:09,544 - mmaction - INFO - 80 videos remain after valid thresholding
2022-04-26 19:32:21,022 - mmaction - INFO - 180 videos remain after valid thresholding
2022-04-26 19:32:21,024 - mmaction - INFO - load checkpoint from local path: ./model_pth/5part_ntu60_xsub_kp_0331/epoch_24.pth
2022-04-26 19:32:21,052 - mmaction - WARNING - The model and loaded state dict do not match exactly

size mismatch for cls_head.fc_cls.weight: copying a param with shape torch.Size([60, 512]) from checkpoint, the shape in current model is torch.Size([10, 512]).
size mismatch for cls_head.fc_cls.bias: copying a param with shape torch.Size([60]) from checkpoint, the shape in current model is torch.Size([10]).
2022-04-26 19:32:21,053 - mmaction - INFO - Start running, host: yl@83090-jin, work_dir: /home/yl/myposec3d/model_pth/exp1-new/NSNR-linear5
2022-04-26 19:32:21,053 - mmaction - INFO - Hooks will be executed in the following order:
before_run:
(VERY_HIGH   ) CosineAnnealingLrUpdaterHook       
(NORMAL      ) CheckpointHook                     
(NORMAL      ) DistEvalHook                       
(VERY_LOW    ) TextLoggerHook                     
 -------------------- 
before_train_epoch:
(VERY_HIGH   ) CosineAnnealingLrUpdaterHook       
(NORMAL      ) DistSamplerSeedHook                
(NORMAL      ) DistEvalHook                       
(LOW         ) IterTimerHook                      
(VERY_LOW    ) TextLoggerHook                     
 -------------------- 
before_train_iter:
(VERY_HIGH   ) CosineAnnealingLrUpdaterHook       
(NORMAL      ) DistEvalHook                       
(LOW         ) IterTimerHook                      
 -------------------- 
after_train_iter:
(ABOVE_NORMAL) OptimizerHook                      
(NORMAL      ) CheckpointHook                     
(NORMAL      ) DistEvalHook                       
(LOW         ) IterTimerHook                      
(VERY_LOW    ) TextLoggerHook                     
 -------------------- 
after_train_epoch:
(NORMAL      ) CheckpointHook                     
(NORMAL      ) DistEvalHook                       
(VERY_LOW    ) TextLoggerHook                     
 -------------------- 
before_val_epoch:
(NORMAL      ) DistSamplerSeedHook                
(LOW         ) IterTimerHook                      
(VERY_LOW    ) TextLoggerHook                     
 -------------------- 
before_val_iter:
(LOW         ) IterTimerHook                      
 -------------------- 
after_val_iter:
(LOW         ) IterTimerHook                      
 -------------------- 
after_val_epoch:
(VERY_LOW    ) TextLoggerHook                     
 -------------------- 
after_run:
(VERY_LOW    ) TextLoggerHook                     
 -------------------- 
2022-04-26 19:32:21,053 - mmaction - INFO - workflow: [('train', 1)], max: 48 epochs
2022-04-26 19:32:21,053 - mmaction - INFO - Checkpoints will be saved to /home/yl/myposec3d/model_pth/exp1-new/NSNR-linear5 by HardDiskBackend.
2022-04-26 19:32:58,730 - mmaction - INFO - Epoch [1][40/50]	lr: 9.993e-01, eta: 0:37:02, time: 0.942, data_time: 0.716, memory: 665, top1_acc: 0.2727, top5_acc: 0.6836, loss_cls: 41.4363, loss: 41.4363, grad_norm: 5.6392
2022-04-26 19:33:32,442 - mmaction - INFO - Evaluating top_k_accuracy ...
2022-04-26 19:33:32,442 - mmaction - INFO - 
top1_acc	0.4833
top5_acc	0.8333
2022-04-26 19:33:32,442 - mmaction - INFO - Evaluating mean_class_accuracy ...
2022-04-26 19:33:32,443 - mmaction - INFO - 
mean_acc	0.4833
2022-04-26 19:33:32,474 - mmaction - INFO - Now best checkpoint is saved as best_top1_acc_epoch_1.pth.
2022-04-26 19:33:32,474 - mmaction - INFO - Best top1_acc is 0.4833 at 1 epoch.
2022-04-26 19:33:32,474 - mmaction - INFO - Epoch(val) [1][6]	top1_acc: 0.4833, top5_acc: 0.8333, mean_class_accuracy: 0.4833
2022-04-26 19:34:09,870 - mmaction - INFO - Epoch [2][40/50]	lr: 9.966e-01, eta: 0:32:06, time: 0.935, data_time: 0.753, memory: 861, top1_acc: 0.5031, top5_acc: 0.9078, loss_cls: 21.7432, loss: 21.7432, grad_norm: 3.3255
2022-04-26 19:34:45,103 - mmaction - INFO - Evaluating top_k_accuracy ...
2022-04-26 19:34:45,104 - mmaction - INFO - 
top1_acc	0.5611
top5_acc	0.9333
2022-04-26 19:34:45,104 - mmaction - INFO - Evaluating mean_class_accuracy ...
2022-04-26 19:34:45,104 - mmaction - INFO - 
mean_acc	0.5611
2022-04-26 19:34:45,106 - mmaction - INFO - The previous best checkpoint /home/yl/myposec3d/model_pth/exp1-new/NSNR-linear5/best_top1_acc_epoch_1.pth was removed
2022-04-26 19:34:45,138 - mmaction - INFO - Now best checkpoint is saved as best_top1_acc_epoch_2.pth.
2022-04-26 19:34:45,138 - mmaction - INFO - Best top1_acc is 0.5611 at 2 epoch.
2022-04-26 19:34:45,138 - mmaction - INFO - Epoch(val) [2][6]	top1_acc: 0.5611, top5_acc: 0.9333, mean_class_accuracy: 0.5611
2022-04-26 19:35:24,389 - mmaction - INFO - Epoch [3][40/50]	lr: 9.917e-01, eta: 0:30:45, time: 0.981, data_time: 0.716, memory: 861, top1_acc: 0.6438, top5_acc: 0.9727, loss_cls: 11.4921, loss: 11.4921, grad_norm: 2.5506
2022-04-26 19:35:59,273 - mmaction - INFO - Evaluating top_k_accuracy ...
2022-04-26 19:35:59,274 - mmaction - INFO - 
top1_acc	0.6278
top5_acc	0.9389
2022-04-26 19:35:59,274 - mmaction - INFO - Evaluating mean_class_accuracy ...
2022-04-26 19:35:59,275 - mmaction - INFO - 
mean_acc	0.6278
2022-04-26 19:35:59,277 - mmaction - INFO - The previous best checkpoint /home/yl/myposec3d/model_pth/exp1-new/NSNR-linear5/best_top1_acc_epoch_2.pth was removed
2022-04-26 19:35:59,311 - mmaction - INFO - Now best checkpoint is saved as best_top1_acc_epoch_3.pth.
2022-04-26 19:35:59,311 - mmaction - INFO - Best top1_acc is 0.6278 at 3 epoch.
2022-04-26 19:35:59,311 - mmaction - INFO - Epoch(val) [3][6]	top1_acc: 0.6278, top5_acc: 0.9389, mean_class_accuracy: 0.6278
2022-04-26 19:36:37,012 - mmaction - INFO - Epoch [4][40/50]	lr: 9.848e-01, eta: 0:29:27, time: 0.942, data_time: 0.733, memory: 861, top1_acc: 0.7031, top5_acc: 0.9633, loss_cls: 8.9941, loss: 8.9941, grad_norm: 2.2031
2022-04-26 19:37:11,983 - mmaction - INFO - Evaluating top_k_accuracy ...
2022-04-26 19:37:11,983 - mmaction - INFO - 
top1_acc	0.6444
top5_acc	0.9500
2022-04-26 19:37:11,984 - mmaction - INFO - Evaluating mean_class_accuracy ...
2022-04-26 19:37:11,984 - mmaction - INFO - 
mean_acc	0.6444
2022-04-26 19:37:11,986 - mmaction - INFO - The previous best checkpoint /home/yl/myposec3d/model_pth/exp1-new/NSNR-linear5/best_top1_acc_epoch_3.pth was removed
2022-04-26 19:37:12,015 - mmaction - INFO - Now best checkpoint is saved as best_top1_acc_epoch_4.pth.
2022-04-26 19:37:12,015 - mmaction - INFO - Best top1_acc is 0.6444 at 4 epoch.
2022-04-26 19:37:12,015 - mmaction - INFO - Epoch(val) [4][6]	top1_acc: 0.6444, top5_acc: 0.9500, mean_class_accuracy: 0.6444
2022-04-26 19:37:49,503 - mmaction - INFO - Epoch [5][40/50]	lr: 9.757e-01, eta: 0:28:25, time: 0.937, data_time: 0.711, memory: 861, top1_acc: 0.6539, top5_acc: 0.9547, loss_cls: 11.8535, loss: 11.8535, grad_norm: 2.5541
2022-04-26 19:38:24,079 - mmaction - INFO - Evaluating top_k_accuracy ...
2022-04-26 19:38:24,079 - mmaction - INFO - 
top1_acc	0.6111
top5_acc	0.9333
2022-04-26 19:38:24,079 - mmaction - INFO - Evaluating mean_class_accuracy ...
2022-04-26 19:38:24,080 - mmaction - INFO - 
mean_acc	0.6111
2022-04-26 19:38:24,080 - mmaction - INFO - Epoch(val) [5][6]	top1_acc: 0.6111, top5_acc: 0.9333, mean_class_accuracy: 0.6111
2022-04-26 19:39:01,814 - mmaction - INFO - Epoch [6][40/50]	lr: 9.646e-01, eta: 0:27:33, time: 0.943, data_time: 0.758, memory: 861, top1_acc: 0.6914, top5_acc: 0.9766, loss_cls: 8.0761, loss: 8.0761, grad_norm: 2.2808
2022-04-26 19:39:36,478 - mmaction - INFO - Evaluating top_k_accuracy ...
2022-04-26 19:39:36,478 - mmaction - INFO - 
top1_acc	0.6500
top5_acc	0.9556
2022-04-26 19:39:36,478 - mmaction - INFO - Evaluating mean_class_accuracy ...
2022-04-26 19:39:36,479 - mmaction - INFO - 
mean_acc	0.6500
2022-04-26 19:39:36,480 - mmaction - INFO - The previous best checkpoint /home/yl/myposec3d/model_pth/exp1-new/NSNR-linear5/best_top1_acc_epoch_4.pth was removed
2022-04-26 19:39:36,509 - mmaction - INFO - Now best checkpoint is saved as best_top1_acc_epoch_6.pth.
2022-04-26 19:39:36,509 - mmaction - INFO - Best top1_acc is 0.6500 at 6 epoch.
2022-04-26 19:39:36,509 - mmaction - INFO - Epoch(val) [6][6]	top1_acc: 0.6500, top5_acc: 0.9556, mean_class_accuracy: 0.6500
2022-04-26 19:40:14,541 - mmaction - INFO - Epoch [7][40/50]	lr: 9.516e-01, eta: 0:26:46, time: 0.951, data_time: 0.733, memory: 861, top1_acc: 0.7016, top5_acc: 0.9805, loss_cls: 7.7341, loss: 7.7341, grad_norm: 2.2746
2022-04-26 19:40:49,085 - mmaction - INFO - Evaluating top_k_accuracy ...
2022-04-26 19:40:49,086 - mmaction - INFO - 
top1_acc	0.6444
top5_acc	0.9000
2022-04-26 19:40:49,086 - mmaction - INFO - Evaluating mean_class_accuracy ...
2022-04-26 19:40:49,087 - mmaction - INFO - 
mean_acc	0.6444
2022-04-26 19:40:49,087 - mmaction - INFO - Epoch(val) [7][6]	top1_acc: 0.6444, top5_acc: 0.9000, mean_class_accuracy: 0.6444
2022-04-26 19:41:26,521 - mmaction - INFO - Epoch [8][40/50]	lr: 9.366e-01, eta: 0:25:59, time: 0.936, data_time: 0.698, memory: 861, top1_acc: 0.6500, top5_acc: 0.9609, loss_cls: 11.2678, loss: 11.2678, grad_norm: 2.5981
2022-04-26 19:42:02,108 - mmaction - INFO - Evaluating top_k_accuracy ...
2022-04-26 19:42:02,109 - mmaction - INFO - 
top1_acc	0.6333
top5_acc	0.8611
2022-04-26 19:42:02,109 - mmaction - INFO - Evaluating mean_class_accuracy ...
2022-04-26 19:42:02,110 - mmaction - INFO - 
mean_acc	0.6333
2022-04-26 19:42:02,110 - mmaction - INFO - Epoch(val) [8][6]	top1_acc: 0.6333, top5_acc: 0.8611, mean_class_accuracy: 0.6333
2022-04-26 19:42:40,226 - mmaction - INFO - Epoch [9][40/50]	lr: 9.197e-01, eta: 0:25:17, time: 0.953, data_time: 0.732, memory: 861, top1_acc: 0.7164, top5_acc: 0.9750, loss_cls: 7.8566, loss: 7.8566, grad_norm: 2.1387
2022-04-26 19:43:15,841 - mmaction - INFO - Evaluating top_k_accuracy ...
2022-04-26 19:43:15,841 - mmaction - INFO - 
top1_acc	0.6556
top5_acc	0.9611
2022-04-26 19:43:15,841 - mmaction - INFO - Evaluating mean_class_accuracy ...
2022-04-26 19:43:15,842 - mmaction - INFO - 
mean_acc	0.6556
2022-04-26 19:43:15,844 - mmaction - INFO - The previous best checkpoint /home/yl/myposec3d/model_pth/exp1-new/NSNR-linear5/best_top1_acc_epoch_6.pth was removed
2022-04-26 19:43:15,872 - mmaction - INFO - Now best checkpoint is saved as best_top1_acc_epoch_9.pth.
2022-04-26 19:43:15,872 - mmaction - INFO - Best top1_acc is 0.6556 at 9 epoch.
2022-04-26 19:43:15,872 - mmaction - INFO - Epoch(val) [9][6]	top1_acc: 0.6556, top5_acc: 0.9611, mean_class_accuracy: 0.6556
2022-04-26 19:43:53,430 - mmaction - INFO - Epoch [10][40/50]	lr: 9.010e-01, eta: 0:24:34, time: 0.939, data_time: 0.726, memory: 861, top1_acc: 0.6961, top5_acc: 0.9602, loss_cls: 8.8915, loss: 8.8915, grad_norm: 2.3369
2022-04-26 19:44:28,336 - mmaction - INFO - Evaluating top_k_accuracy ...
2022-04-26 19:44:28,337 - mmaction - INFO - 
top1_acc	0.6889
top5_acc	0.8556
2022-04-26 19:44:28,337 - mmaction - INFO - Evaluating mean_class_accuracy ...
2022-04-26 19:44:28,338 - mmaction - INFO - 
mean_acc	0.6889
2022-04-26 19:44:28,339 - mmaction - INFO - The previous best checkpoint /home/yl/myposec3d/model_pth/exp1-new/NSNR-linear5/best_top1_acc_epoch_9.pth was removed
2022-04-26 19:44:28,371 - mmaction - INFO - Now best checkpoint is saved as best_top1_acc_epoch_10.pth.
2022-04-26 19:44:28,371 - mmaction - INFO - Best top1_acc is 0.6889 at 10 epoch.
2022-04-26 19:44:28,372 - mmaction - INFO - Epoch(val) [10][6]	top1_acc: 0.6889, top5_acc: 0.8556, mean_class_accuracy: 0.6889
2022-04-26 19:45:05,972 - mmaction - INFO - Epoch [11][40/50]	lr: 8.806e-01, eta: 0:23:52, time: 0.940, data_time: 0.710, memory: 861, top1_acc: 0.6562, top5_acc: 0.9648, loss_cls: 9.6955, loss: 9.6955, grad_norm: 2.5624
2022-04-26 19:45:41,215 - mmaction - INFO - Evaluating top_k_accuracy ...
2022-04-26 19:45:41,215 - mmaction - INFO - 
top1_acc	0.5889
top5_acc	0.9556
2022-04-26 19:45:41,215 - mmaction - INFO - Evaluating mean_class_accuracy ...
2022-04-26 19:45:41,216 - mmaction - INFO - 
mean_acc	0.5889
2022-04-26 19:45:41,216 - mmaction - INFO - Epoch(val) [11][6]	top1_acc: 0.5889, top5_acc: 0.9556, mean_class_accuracy: 0.5889
2022-04-26 19:46:19,703 - mmaction - INFO - Epoch [12][40/50]	lr: 8.586e-01, eta: 0:23:13, time: 0.962, data_time: 0.720, memory: 861, top1_acc: 0.7227, top5_acc: 0.9781, loss_cls: 6.2809, loss: 6.2809, grad_norm: 2.0758
2022-04-26 19:46:54,881 - mmaction - INFO - Evaluating top_k_accuracy ...
2022-04-26 19:46:54,881 - mmaction - INFO - 
top1_acc	0.7778
top5_acc	0.9944
2022-04-26 19:46:54,881 - mmaction - INFO - Evaluating mean_class_accuracy ...
2022-04-26 19:46:54,882 - mmaction - INFO - 
mean_acc	0.7778
2022-04-26 19:46:54,883 - mmaction - INFO - The previous best checkpoint /home/yl/myposec3d/model_pth/exp1-new/NSNR-linear5/best_top1_acc_epoch_10.pth was removed
2022-04-26 19:46:54,911 - mmaction - INFO - Now best checkpoint is saved as best_top1_acc_epoch_12.pth.
2022-04-26 19:46:54,911 - mmaction - INFO - Best top1_acc is 0.7778 at 12 epoch.
2022-04-26 19:46:54,911 - mmaction - INFO - Epoch(val) [12][6]	top1_acc: 0.7778, top5_acc: 0.9944, mean_class_accuracy: 0.7778
2022-04-26 19:47:32,737 - mmaction - INFO - Epoch [13][40/50]	lr: 8.351e-01, eta: 0:22:33, time: 0.946, data_time: 0.719, memory: 861, top1_acc: 0.7742, top5_acc: 0.9875, loss_cls: 5.1308, loss: 5.1308, grad_norm: 1.8877
2022-04-26 19:48:08,341 - mmaction - INFO - Evaluating top_k_accuracy ...
2022-04-26 19:48:08,342 - mmaction - INFO - 
top1_acc	0.6000
top5_acc	0.9778
2022-04-26 19:48:08,342 - mmaction - INFO - Evaluating mean_class_accuracy ...
2022-04-26 19:48:08,342 - mmaction - INFO - 
mean_acc	0.6000
2022-04-26 19:48:08,342 - mmaction - INFO - Epoch(val) [13][6]	top1_acc: 0.6000, top5_acc: 0.9778, mean_class_accuracy: 0.6000
2022-04-26 19:48:45,818 - mmaction - INFO - Epoch [14][40/50]	lr: 8.101e-01, eta: 0:21:52, time: 0.937, data_time: 0.724, memory: 861, top1_acc: 0.6562, top5_acc: 0.9711, loss_cls: 9.1342, loss: 9.1342, grad_norm: 2.6215
2022-04-26 19:49:18,736 - mmaction - INFO - Evaluating top_k_accuracy ...
2022-04-26 19:49:18,737 - mmaction - INFO - 
top1_acc	0.6444
top5_acc	1.0000
2022-04-26 19:49:18,737 - mmaction - INFO - Evaluating mean_class_accuracy ...
2022-04-26 19:49:18,737 - mmaction - INFO - 
mean_acc	0.6444
2022-04-26 19:49:18,737 - mmaction - INFO - Epoch(val) [14][6]	top1_acc: 0.6444, top5_acc: 1.0000, mean_class_accuracy: 0.6444
2022-04-26 19:49:50,691 - mmaction - INFO - Epoch [15][40/50]	lr: 7.837e-01, eta: 0:20:59, time: 0.799, data_time: 0.746, memory: 861, top1_acc: 0.6969, top5_acc: 0.9656, loss_cls: 7.7207, loss: 7.7207, grad_norm: 2.3175
2022-04-26 19:50:20,735 - mmaction - INFO - Evaluating top_k_accuracy ...
2022-04-26 19:50:20,736 - mmaction - INFO - 
top1_acc	0.6722
top5_acc	0.9389
2022-04-26 19:50:20,736 - mmaction - INFO - Evaluating mean_class_accuracy ...
2022-04-26 19:50:20,736 - mmaction - INFO - 
mean_acc	0.6722
2022-04-26 19:50:20,736 - mmaction - INFO - Epoch(val) [15][6]	top1_acc: 0.6722, top5_acc: 0.9389, mean_class_accuracy: 0.6722
2022-04-26 19:50:52,426 - mmaction - INFO - Epoch [16][40/50]	lr: 7.562e-01, eta: 0:20:09, time: 0.792, data_time: 0.731, memory: 861, top1_acc: 0.7063, top5_acc: 0.9883, loss_cls: 6.1317, loss: 6.1317, grad_norm: 2.2302
2022-04-26 19:51:22,503 - mmaction - INFO - Evaluating top_k_accuracy ...
2022-04-26 19:51:22,503 - mmaction - INFO - 
top1_acc	0.3833
top5_acc	0.9333
2022-04-26 19:51:22,503 - mmaction - INFO - Evaluating mean_class_accuracy ...
2022-04-26 19:51:22,504 - mmaction - INFO - 
mean_acc	0.3833
2022-04-26 19:51:22,504 - mmaction - INFO - Epoch(val) [16][6]	top1_acc: 0.3833, top5_acc: 0.9333, mean_class_accuracy: 0.3833
2022-04-26 19:51:54,368 - mmaction - INFO - Epoch [17][40/50]	lr: 7.276e-01, eta: 0:19:21, time: 0.797, data_time: 0.746, memory: 861, top1_acc: 0.6648, top5_acc: 0.9555, loss_cls: 10.6621, loss: 10.6621, grad_norm: 2.6927
2022-04-26 19:52:24,822 - mmaction - INFO - Evaluating top_k_accuracy ...
2022-04-26 19:52:24,823 - mmaction - INFO - 
top1_acc	0.5722
top5_acc	0.9889
2022-04-26 19:52:24,823 - mmaction - INFO - Evaluating mean_class_accuracy ...
2022-04-26 19:52:24,823 - mmaction - INFO - 
mean_acc	0.5722
2022-04-26 19:52:24,824 - mmaction - INFO - Epoch(val) [17][6]	top1_acc: 0.5722, top5_acc: 0.9889, mean_class_accuracy: 0.5722
2022-04-26 19:52:56,619 - mmaction - INFO - Epoch [18][40/50]	lr: 6.980e-01, eta: 0:18:34, time: 0.795, data_time: 0.746, memory: 861, top1_acc: 0.7156, top5_acc: 0.9828, loss_cls: 6.3453, loss: 6.3453, grad_norm: 2.1695
2022-04-26 19:53:26,338 - mmaction - INFO - Evaluating top_k_accuracy ...
2022-04-26 19:53:26,339 - mmaction - INFO - 
top1_acc	0.7444
top5_acc	1.0000
2022-04-26 19:53:26,339 - mmaction - INFO - Evaluating mean_class_accuracy ...
2022-04-26 19:53:26,339 - mmaction - INFO - 
mean_acc	0.7444
2022-04-26 19:53:26,339 - mmaction - INFO - Epoch(val) [18][6]	top1_acc: 0.7444, top5_acc: 1.0000, mean_class_accuracy: 0.7444
2022-04-26 19:53:57,616 - mmaction - INFO - Epoch [19][40/50]	lr: 6.675e-01, eta: 0:17:48, time: 0.782, data_time: 0.728, memory: 861, top1_acc: 0.7648, top5_acc: 0.9883, loss_cls: 4.2046, loss: 4.2046, grad_norm: 1.7579
2022-04-26 19:54:27,305 - mmaction - INFO - Evaluating top_k_accuracy ...
2022-04-26 19:54:27,306 - mmaction - INFO - 
top1_acc	0.6389
top5_acc	0.9278
2022-04-26 19:54:27,306 - mmaction - INFO - Evaluating mean_class_accuracy ...
2022-04-26 19:54:27,307 - mmaction - INFO - 
mean_acc	0.6389
2022-04-26 19:54:27,307 - mmaction - INFO - Epoch(val) [19][6]	top1_acc: 0.6389, top5_acc: 0.9278, mean_class_accuracy: 0.6389
2022-04-26 19:54:58,875 - mmaction - INFO - Epoch [20][40/50]	lr: 6.364e-01, eta: 0:17:05, time: 0.789, data_time: 0.740, memory: 861, top1_acc: 0.7281, top5_acc: 0.9844, loss_cls: 5.2644, loss: 5.2644, grad_norm: 2.1414
2022-04-26 19:55:28,756 - mmaction - INFO - Evaluating top_k_accuracy ...
2022-04-26 19:55:28,757 - mmaction - INFO - 
top1_acc	0.6222
top5_acc	0.8667
2022-04-26 19:55:28,757 - mmaction - INFO - Evaluating mean_class_accuracy ...
2022-04-26 19:55:28,757 - mmaction - INFO - 
mean_acc	0.6222
2022-04-26 19:55:28,758 - mmaction - INFO - Epoch(val) [20][6]	top1_acc: 0.6222, top5_acc: 0.8667, mean_class_accuracy: 0.6222
2022-04-26 19:56:00,328 - mmaction - INFO - Epoch [21][40/50]	lr: 6.046e-01, eta: 0:16:22, time: 0.789, data_time: 0.694, memory: 861, top1_acc: 0.7562, top5_acc: 0.9820, loss_cls: 4.9596, loss: 4.9596, grad_norm: 1.9577
2022-04-26 19:56:30,102 - mmaction - INFO - Evaluating top_k_accuracy ...
2022-04-26 19:56:30,102 - mmaction - INFO - 
top1_acc	0.6778
top5_acc	0.9722
2022-04-26 19:56:30,103 - mmaction - INFO - Evaluating mean_class_accuracy ...
2022-04-26 19:56:30,103 - mmaction - INFO - 
mean_acc	0.6778
2022-04-26 19:56:30,104 - mmaction - INFO - Epoch(val) [21][6]	top1_acc: 0.6778, top5_acc: 0.9722, mean_class_accuracy: 0.6778
2022-04-26 19:57:01,853 - mmaction - INFO - Epoch [22][40/50]	lr: 5.724e-01, eta: 0:15:41, time: 0.794, data_time: 0.708, memory: 861, top1_acc: 0.7773, top5_acc: 0.9898, loss_cls: 3.4602, loss: 3.4602, grad_norm: 1.7723
2022-04-26 19:57:31,508 - mmaction - INFO - Evaluating top_k_accuracy ...
2022-04-26 19:57:31,509 - mmaction - INFO - 
top1_acc	0.7556
top5_acc	0.9833
2022-04-26 19:57:31,509 - mmaction - INFO - Evaluating mean_class_accuracy ...
2022-04-26 19:57:31,509 - mmaction - INFO - 
mean_acc	0.7556
2022-04-26 19:57:31,509 - mmaction - INFO - Epoch(val) [22][6]	top1_acc: 0.7556, top5_acc: 0.9833, mean_class_accuracy: 0.7556
2022-04-26 19:58:03,133 - mmaction - INFO - Epoch [23][40/50]	lr: 5.399e-01, eta: 0:15:00, time: 0.790, data_time: 0.736, memory: 861, top1_acc: 0.7250, top5_acc: 0.9914, loss_cls: 4.7454, loss: 4.7454, grad_norm: 2.1626
2022-04-26 19:58:33,118 - mmaction - INFO - Evaluating top_k_accuracy ...
2022-04-26 19:58:33,118 - mmaction - INFO - 
top1_acc	0.7722
top5_acc	0.9944
2022-04-26 19:58:33,118 - mmaction - INFO - Evaluating mean_class_accuracy ...
2022-04-26 19:58:33,119 - mmaction - INFO - 
mean_acc	0.7722
2022-04-26 19:58:33,119 - mmaction - INFO - Epoch(val) [23][6]	top1_acc: 0.7722, top5_acc: 0.9944, mean_class_accuracy: 0.7722
2022-04-26 19:59:04,703 - mmaction - INFO - Epoch [24][40/50]	lr: 5.072e-01, eta: 0:14:20, time: 0.789, data_time: 0.741, memory: 861, top1_acc: 0.7352, top5_acc: 0.9781, loss_cls: 5.2618, loss: 5.2618, grad_norm: 2.2024
2022-04-26 19:59:34,270 - mmaction - INFO - Evaluating top_k_accuracy ...
2022-04-26 19:59:34,270 - mmaction - INFO - 
top1_acc	0.6500
top5_acc	0.9944
2022-04-26 19:59:34,270 - mmaction - INFO - Evaluating mean_class_accuracy ...
2022-04-26 19:59:34,271 - mmaction - INFO - 
mean_acc	0.6500
2022-04-26 19:59:34,271 - mmaction - INFO - Epoch(val) [24][6]	top1_acc: 0.6500, top5_acc: 0.9944, mean_class_accuracy: 0.6500
2022-04-26 20:00:06,099 - mmaction - INFO - Epoch [25][40/50]	lr: 4.745e-01, eta: 0:13:41, time: 0.796, data_time: 0.745, memory: 861, top1_acc: 0.7805, top5_acc: 0.9898, loss_cls: 3.6744, loss: 3.6744, grad_norm: 1.7747
2022-04-26 20:00:35,669 - mmaction - INFO - Evaluating top_k_accuracy ...
2022-04-26 20:00:35,669 - mmaction - INFO - 
top1_acc	0.6778
top5_acc	0.9722
2022-04-26 20:00:35,669 - mmaction - INFO - Evaluating mean_class_accuracy ...
2022-04-26 20:00:35,670 - mmaction - INFO - 
mean_acc	0.6778
2022-04-26 20:00:35,670 - mmaction - INFO - Epoch(val) [25][6]	top1_acc: 0.6778, top5_acc: 0.9722, mean_class_accuracy: 0.6778
2022-04-26 20:01:07,363 - mmaction - INFO - Epoch [26][40/50]	lr: 4.419e-01, eta: 0:13:02, time: 0.792, data_time: 0.650, memory: 861, top1_acc: 0.7688, top5_acc: 0.9867, loss_cls: 3.8837, loss: 3.8837, grad_norm: 1.9770
2022-04-26 20:01:37,114 - mmaction - INFO - Evaluating top_k_accuracy ...
2022-04-26 20:01:37,114 - mmaction - INFO - 
top1_acc	0.7667
top5_acc	0.9111
2022-04-26 20:01:37,114 - mmaction - INFO - Evaluating mean_class_accuracy ...
2022-04-26 20:01:37,115 - mmaction - INFO - 
mean_acc	0.7667
2022-04-26 20:01:37,115 - mmaction - INFO - Epoch(val) [26][6]	top1_acc: 0.7667, top5_acc: 0.9111, mean_class_accuracy: 0.7667
2022-04-26 20:02:08,388 - mmaction - INFO - Epoch [27][40/50]	lr: 4.095e-01, eta: 0:12:24, time: 0.782, data_time: 0.655, memory: 861, top1_acc: 0.7875, top5_acc: 0.9906, loss_cls: 3.0877, loss: 3.0877, grad_norm: 1.6902
2022-04-26 20:02:37,755 - mmaction - INFO - Evaluating top_k_accuracy ...
2022-04-26 20:02:37,756 - mmaction - INFO - 
top1_acc	0.7333
top5_acc	0.9889
2022-04-26 20:02:37,756 - mmaction - INFO - Evaluating mean_class_accuracy ...
2022-04-26 20:02:37,757 - mmaction - INFO - 
mean_acc	0.7333
2022-04-26 20:02:37,757 - mmaction - INFO - Epoch(val) [27][6]	top1_acc: 0.7333, top5_acc: 0.9889, mean_class_accuracy: 0.7333
2022-04-26 20:03:09,331 - mmaction - INFO - Epoch [28][40/50]	lr: 3.776e-01, eta: 0:11:46, time: 0.789, data_time: 0.733, memory: 861, top1_acc: 0.8109, top5_acc: 0.9945, loss_cls: 2.4009, loss: 2.4009, grad_norm: 1.5189
2022-04-26 20:03:38,952 - mmaction - INFO - Evaluating top_k_accuracy ...
2022-04-26 20:03:38,953 - mmaction - INFO - 
top1_acc	0.7833
top5_acc	0.9611
2022-04-26 20:03:38,953 - mmaction - INFO - Evaluating mean_class_accuracy ...
2022-04-26 20:03:38,954 - mmaction - INFO - 
mean_acc	0.7833
2022-04-26 20:03:38,956 - mmaction - INFO - The previous best checkpoint /home/yl/myposec3d/model_pth/exp1-new/NSNR-linear5/best_top1_acc_epoch_12.pth was removed
2022-04-26 20:03:38,986 - mmaction - INFO - Now best checkpoint is saved as best_top1_acc_epoch_28.pth.
2022-04-26 20:03:38,986 - mmaction - INFO - Best top1_acc is 0.7833 at 28 epoch.
2022-04-26 20:03:38,986 - mmaction - INFO - Epoch(val) [28][6]	top1_acc: 0.7833, top5_acc: 0.9611, mean_class_accuracy: 0.7833
2022-04-26 20:04:10,357 - mmaction - INFO - Epoch [29][40/50]	lr: 3.461e-01, eta: 0:11:09, time: 0.784, data_time: 0.720, memory: 861, top1_acc: 0.7937, top5_acc: 0.9945, loss_cls: 2.6514, loss: 2.6514, grad_norm: 1.6535
2022-04-26 20:04:39,827 - mmaction - INFO - Evaluating top_k_accuracy ...
2022-04-26 20:04:39,827 - mmaction - INFO - 
top1_acc	0.7167
top5_acc	0.9833
2022-04-26 20:04:39,827 - mmaction - INFO - Evaluating mean_class_accuracy ...
2022-04-26 20:04:39,828 - mmaction - INFO - 
mean_acc	0.7167
2022-04-26 20:04:39,828 - mmaction - INFO - Epoch(val) [29][6]	top1_acc: 0.7167, top5_acc: 0.9833, mean_class_accuracy: 0.7167
2022-04-26 20:05:11,617 - mmaction - INFO - Epoch [30][40/50]	lr: 3.153e-01, eta: 0:10:32, time: 0.795, data_time: 0.725, memory: 861, top1_acc: 0.7984, top5_acc: 0.9938, loss_cls: 2.4344, loss: 2.4344, grad_norm: 1.6527
2022-04-26 20:05:41,079 - mmaction - INFO - Evaluating top_k_accuracy ...
2022-04-26 20:05:41,080 - mmaction - INFO - 
top1_acc	0.7833
top5_acc	0.9611
2022-04-26 20:05:41,080 - mmaction - INFO - Evaluating mean_class_accuracy ...
2022-04-26 20:05:41,081 - mmaction - INFO - 
mean_acc	0.7833
2022-04-26 20:05:41,081 - mmaction - INFO - Epoch(val) [30][6]	top1_acc: 0.7833, top5_acc: 0.9611, mean_class_accuracy: 0.7833
2022-04-26 20:06:12,471 - mmaction - INFO - Epoch [31][40/50]	lr: 2.853e-01, eta: 0:09:55, time: 0.785, data_time: 0.676, memory: 861, top1_acc: 0.8180, top5_acc: 0.9922, loss_cls: 1.9394, loss: 1.9394, grad_norm: 1.4957
2022-04-26 20:06:41,910 - mmaction - INFO - Evaluating top_k_accuracy ...
2022-04-26 20:06:41,910 - mmaction - INFO - 
top1_acc	0.8778
top5_acc	0.9500
2022-04-26 20:06:41,910 - mmaction - INFO - Evaluating mean_class_accuracy ...
2022-04-26 20:06:41,911 - mmaction - INFO - 
mean_acc	0.8778
2022-04-26 20:06:41,912 - mmaction - INFO - The previous best checkpoint /home/yl/myposec3d/model_pth/exp1-new/NSNR-linear5/best_top1_acc_epoch_28.pth was removed
2022-04-26 20:06:41,943 - mmaction - INFO - Now best checkpoint is saved as best_top1_acc_epoch_31.pth.
2022-04-26 20:06:41,943 - mmaction - INFO - Best top1_acc is 0.8778 at 31 epoch.
2022-04-26 20:06:41,943 - mmaction - INFO - Epoch(val) [31][6]	top1_acc: 0.8778, top5_acc: 0.9500, mean_class_accuracy: 0.8778
2022-04-26 20:07:13,916 - mmaction - INFO - Epoch [32][40/50]	lr: 2.563e-01, eta: 0:09:19, time: 0.799, data_time: 0.687, memory: 861, top1_acc: 0.8289, top5_acc: 0.9953, loss_cls: 1.6325, loss: 1.6325, grad_norm: 1.3761
2022-04-26 20:07:43,941 - mmaction - INFO - Evaluating top_k_accuracy ...
2022-04-26 20:07:43,941 - mmaction - INFO - 
top1_acc	0.7500
top5_acc	0.9500
2022-04-26 20:07:43,941 - mmaction - INFO - Evaluating mean_class_accuracy ...
2022-04-26 20:07:43,942 - mmaction - INFO - 
mean_acc	0.7500
2022-04-26 20:07:43,942 - mmaction - INFO - Epoch(val) [32][6]	top1_acc: 0.7500, top5_acc: 0.9500, mean_class_accuracy: 0.7500
2022-04-26 20:08:15,814 - mmaction - INFO - Epoch [33][40/50]	lr: 2.282e-01, eta: 0:08:44, time: 0.797, data_time: 0.738, memory: 861, top1_acc: 0.8453, top5_acc: 0.9977, loss_cls: 1.4036, loss: 1.4036, grad_norm: 1.2847
2022-04-26 20:08:45,319 - mmaction - INFO - Evaluating top_k_accuracy ...
2022-04-26 20:08:45,320 - mmaction - INFO - 
top1_acc	0.7722
top5_acc	0.9611
2022-04-26 20:08:45,320 - mmaction - INFO - Evaluating mean_class_accuracy ...
2022-04-26 20:08:45,321 - mmaction - INFO - 
mean_acc	0.7722
2022-04-26 20:08:45,321 - mmaction - INFO - Epoch(val) [33][6]	top1_acc: 0.7722, top5_acc: 0.9611, mean_class_accuracy: 0.7722
2022-04-26 20:09:17,214 - mmaction - INFO - Epoch [34][40/50]	lr: 2.014e-01, eta: 0:08:08, time: 0.797, data_time: 0.746, memory: 861, top1_acc: 0.8672, top5_acc: 0.9977, loss_cls: 1.1750, loss: 1.1750, grad_norm: 1.1756
2022-04-26 20:09:46,345 - mmaction - INFO - Evaluating top_k_accuracy ...
2022-04-26 20:09:46,345 - mmaction - INFO - 
top1_acc	0.7889
top5_acc	0.9889
2022-04-26 20:09:46,345 - mmaction - INFO - Evaluating mean_class_accuracy ...
2022-04-26 20:09:46,346 - mmaction - INFO - 
mean_acc	0.7889
2022-04-26 20:09:46,346 - mmaction - INFO - Epoch(val) [34][6]	top1_acc: 0.7889, top5_acc: 0.9889, mean_class_accuracy: 0.7889
2022-04-26 20:10:17,560 - mmaction - INFO - Epoch [35][40/50]	lr: 1.758e-01, eta: 0:07:32, time: 0.780, data_time: 0.664, memory: 861, top1_acc: 0.8391, top5_acc: 0.9922, loss_cls: 1.5815, loss: 1.5815, grad_norm: 1.4686
2022-04-26 20:10:46,582 - mmaction - INFO - Evaluating top_k_accuracy ...
2022-04-26 20:10:46,582 - mmaction - INFO - 
top1_acc	0.7944
top5_acc	0.9556
2022-04-26 20:10:46,582 - mmaction - INFO - Evaluating mean_class_accuracy ...
2022-04-26 20:10:46,583 - mmaction - INFO - 
mean_acc	0.7944
2022-04-26 20:10:46,583 - mmaction - INFO - Epoch(val) [35][6]	top1_acc: 0.7944, top5_acc: 0.9556, mean_class_accuracy: 0.7944
2022-04-26 20:11:17,936 - mmaction - INFO - Epoch [36][40/50]	lr: 1.516e-01, eta: 0:06:57, time: 0.784, data_time: 0.733, memory: 861, top1_acc: 0.8641, top5_acc: 0.9984, loss_cls: 1.0585, loss: 1.0585, grad_norm: 1.2300
2022-04-26 20:11:47,981 - mmaction - INFO - Evaluating top_k_accuracy ...
2022-04-26 20:11:47,982 - mmaction - INFO - 
top1_acc	0.7778
top5_acc	0.9333
2022-04-26 20:11:47,982 - mmaction - INFO - Evaluating mean_class_accuracy ...
2022-04-26 20:11:47,982 - mmaction - INFO - 
mean_acc	0.7778
2022-04-26 20:11:47,983 - mmaction - INFO - Epoch(val) [36][6]	top1_acc: 0.7778, top5_acc: 0.9333, mean_class_accuracy: 0.7778
2022-04-26 20:12:19,836 - mmaction - INFO - Epoch [37][40/50]	lr: 1.289e-01, eta: 0:06:22, time: 0.796, data_time: 0.736, memory: 861, top1_acc: 0.8344, top5_acc: 0.9992, loss_cls: 1.2456, loss: 1.2456, grad_norm: 1.3897
2022-04-26 20:12:50,030 - mmaction - INFO - Evaluating top_k_accuracy ...
2022-04-26 20:12:50,031 - mmaction - INFO - 
top1_acc	0.8389
top5_acc	0.9611
2022-04-26 20:12:50,031 - mmaction - INFO - Evaluating mean_class_accuracy ...
2022-04-26 20:12:50,031 - mmaction - INFO - 
mean_acc	0.8389
2022-04-26 20:12:50,031 - mmaction - INFO - Epoch(val) [37][6]	top1_acc: 0.8389, top5_acc: 0.9611, mean_class_accuracy: 0.8389
2022-04-26 20:13:21,839 - mmaction - INFO - Epoch [38][40/50]	lr: 1.077e-01, eta: 0:05:47, time: 0.795, data_time: 0.741, memory: 861, top1_acc: 0.8680, top5_acc: 1.0000, loss_cls: 1.0161, loss: 1.0161, grad_norm: 1.2145
2022-04-26 20:13:51,099 - mmaction - INFO - Evaluating top_k_accuracy ...
2022-04-26 20:13:51,100 - mmaction - INFO - 
top1_acc	0.8333
top5_acc	0.9611
2022-04-26 20:13:51,100 - mmaction - INFO - Evaluating mean_class_accuracy ...
2022-04-26 20:13:51,101 - mmaction - INFO - 
mean_acc	0.8333
2022-04-26 20:13:51,101 - mmaction - INFO - Epoch(val) [38][6]	top1_acc: 0.8333, top5_acc: 0.9611, mean_class_accuracy: 0.8333
2022-04-26 20:14:22,805 - mmaction - INFO - Epoch [39][40/50]	lr: 8.831e-02, eta: 0:05:13, time: 0.793, data_time: 0.623, memory: 861, top1_acc: 0.8852, top5_acc: 0.9984, loss_cls: 0.8887, loss: 0.8887, grad_norm: 1.0758
2022-04-26 20:14:52,478 - mmaction - INFO - Evaluating top_k_accuracy ...
2022-04-26 20:14:52,478 - mmaction - INFO - 
top1_acc	0.8000
top5_acc	0.9833
2022-04-26 20:14:52,478 - mmaction - INFO - Evaluating mean_class_accuracy ...
2022-04-26 20:14:52,479 - mmaction - INFO - 
mean_acc	0.8000
2022-04-26 20:14:52,479 - mmaction - INFO - Epoch(val) [39][6]	top1_acc: 0.8000, top5_acc: 0.9833, mean_class_accuracy: 0.8000
2022-04-26 20:15:23,818 - mmaction - INFO - Epoch [40][40/50]	lr: 7.063e-02, eta: 0:04:38, time: 0.783, data_time: 0.622, memory: 861, top1_acc: 0.8891, top5_acc: 0.9984, loss_cls: 0.8087, loss: 0.8087, grad_norm: 1.0213
2022-04-26 20:15:53,650 - mmaction - INFO - Evaluating top_k_accuracy ...
2022-04-26 20:15:53,650 - mmaction - INFO - 
top1_acc	0.8167
top5_acc	0.9833
2022-04-26 20:15:53,650 - mmaction - INFO - Evaluating mean_class_accuracy ...
2022-04-26 20:15:53,651 - mmaction - INFO - 
mean_acc	0.8167
2022-04-26 20:15:53,651 - mmaction - INFO - Epoch(val) [40][6]	top1_acc: 0.8167, top5_acc: 0.9833, mean_class_accuracy: 0.8167
2022-04-26 20:16:25,214 - mmaction - INFO - Epoch [41][40/50]	lr: 5.479e-02, eta: 0:04:04, time: 0.789, data_time: 0.739, memory: 861, top1_acc: 0.8891, top5_acc: 1.0000, loss_cls: 0.7651, loss: 0.7651, grad_norm: 1.0422
2022-04-26 20:16:54,617 - mmaction - INFO - Evaluating top_k_accuracy ...
2022-04-26 20:16:54,617 - mmaction - INFO - 
top1_acc	0.8444
top5_acc	0.9667
2022-04-26 20:16:54,617 - mmaction - INFO - Evaluating mean_class_accuracy ...
2022-04-26 20:16:54,617 - mmaction - INFO - 
mean_acc	0.8444
2022-04-26 20:16:54,618 - mmaction - INFO - Epoch(val) [41][6]	top1_acc: 0.8444, top5_acc: 0.9667, mean_class_accuracy: 0.8444
2022-04-26 20:17:26,265 - mmaction - INFO - Epoch [42][40/50]	lr: 4.086e-02, eta: 0:03:29, time: 0.791, data_time: 0.618, memory: 861, top1_acc: 0.8906, top5_acc: 0.9984, loss_cls: 0.6982, loss: 0.6982, grad_norm: 0.9862
2022-04-26 20:17:56,396 - mmaction - INFO - Evaluating top_k_accuracy ...
2022-04-26 20:17:56,396 - mmaction - INFO - 
top1_acc	0.7944
top5_acc	0.9778
2022-04-26 20:17:56,396 - mmaction - INFO - Evaluating mean_class_accuracy ...
2022-04-26 20:17:56,397 - mmaction - INFO - 
mean_acc	0.7944
2022-04-26 20:17:56,397 - mmaction - INFO - Epoch(val) [42][6]	top1_acc: 0.7944, top5_acc: 0.9778, mean_class_accuracy: 0.7944
2022-04-26 20:18:28,179 - mmaction - INFO - Epoch [43][40/50]	lr: 2.890e-02, eta: 0:02:55, time: 0.794, data_time: 0.646, memory: 861, top1_acc: 0.9023, top5_acc: 0.9992, loss_cls: 0.6740, loss: 0.6740, grad_norm: 0.9311
2022-04-26 20:18:58,333 - mmaction - INFO - Evaluating top_k_accuracy ...
2022-04-26 20:18:58,333 - mmaction - INFO - 
top1_acc	0.8389
top5_acc	0.9722
2022-04-26 20:18:58,333 - mmaction - INFO - Evaluating mean_class_accuracy ...
2022-04-26 20:18:58,334 - mmaction - INFO - 
mean_acc	0.8389
2022-04-26 20:18:58,334 - mmaction - INFO - Epoch(val) [43][6]	top1_acc: 0.8389, top5_acc: 0.9722, mean_class_accuracy: 0.8389
2022-04-26 20:19:29,684 - mmaction - INFO - Epoch [44][40/50]	lr: 1.895e-02, eta: 0:02:21, time: 0.784, data_time: 0.609, memory: 861, top1_acc: 0.9008, top5_acc: 1.0000, loss_cls: 0.6527, loss: 0.6527, grad_norm: 0.9705
2022-04-26 20:19:59,693 - mmaction - INFO - Evaluating top_k_accuracy ...
2022-04-26 20:19:59,693 - mmaction - INFO - 
top1_acc	0.8556
top5_acc	0.9833
2022-04-26 20:19:59,693 - mmaction - INFO - Evaluating mean_class_accuracy ...
2022-04-26 20:19:59,694 - mmaction - INFO - 
mean_acc	0.8556
2022-04-26 20:19:59,694 - mmaction - INFO - Epoch(val) [44][6]	top1_acc: 0.8556, top5_acc: 0.9833, mean_class_accuracy: 0.8556
2022-04-26 20:20:31,427 - mmaction - INFO - Epoch [45][40/50]	lr: 1.106e-02, eta: 0:01:47, time: 0.793, data_time: 0.619, memory: 861, top1_acc: 0.8875, top5_acc: 0.9977, loss_cls: 0.6715, loss: 0.6715, grad_norm: 0.9972
2022-04-26 20:21:00,850 - mmaction - INFO - Evaluating top_k_accuracy ...
2022-04-26 20:21:00,851 - mmaction - INFO - 
top1_acc	0.8667
top5_acc	0.9667
2022-04-26 20:21:00,851 - mmaction - INFO - Evaluating mean_class_accuracy ...
2022-04-26 20:21:00,852 - mmaction - INFO - 
mean_acc	0.8667
2022-04-26 20:21:00,852 - mmaction - INFO - Epoch(val) [45][6]	top1_acc: 0.8667, top5_acc: 0.9667, mean_class_accuracy: 0.8667
2022-04-26 20:21:32,777 - mmaction - INFO - Epoch [46][40/50]	lr: 5.269e-03, eta: 0:01:14, time: 0.798, data_time: 0.632, memory: 861, top1_acc: 0.9023, top5_acc: 0.9992, loss_cls: 0.5686, loss: 0.5686, grad_norm: 0.9499
2022-04-26 20:22:02,684 - mmaction - INFO - Evaluating top_k_accuracy ...
2022-04-26 20:22:02,685 - mmaction - INFO - 
top1_acc	0.8611
top5_acc	0.9667
2022-04-26 20:22:02,685 - mmaction - INFO - Evaluating mean_class_accuracy ...
2022-04-26 20:22:02,685 - mmaction - INFO - 
mean_acc	0.8611
2022-04-26 20:22:02,685 - mmaction - INFO - Epoch(val) [46][6]	top1_acc: 0.8611, top5_acc: 0.9667, mean_class_accuracy: 0.8611
2022-04-26 20:22:34,030 - mmaction - INFO - Epoch [47][40/50]	lr: 1.593e-03, eta: 0:00:40, time: 0.784, data_time: 0.691, memory: 861, top1_acc: 0.8961, top5_acc: 0.9977, loss_cls: 0.7159, loss: 0.7159, grad_norm: 0.9402
2022-04-26 20:23:03,869 - mmaction - INFO - Evaluating top_k_accuracy ...
2022-04-26 20:23:03,869 - mmaction - INFO - 
top1_acc	0.8722
top5_acc	0.9667
2022-04-26 20:23:03,869 - mmaction - INFO - Evaluating mean_class_accuracy ...
2022-04-26 20:23:03,870 - mmaction - INFO - 
mean_acc	0.8722
2022-04-26 20:23:03,870 - mmaction - INFO - Epoch(val) [47][6]	top1_acc: 0.8722, top5_acc: 0.9667, mean_class_accuracy: 0.8722
2022-04-26 20:23:35,667 - mmaction - INFO - Epoch [48][40/50]	lr: 5.183e-05, eta: 0:00:06, time: 0.795, data_time: 0.742, memory: 861, top1_acc: 0.8961, top5_acc: 0.9992, loss_cls: 0.7279, loss: 0.7279, grad_norm: 0.9407
2022-04-26 20:23:38,127 - mmaction - INFO - Saving checkpoint at 48 epochs
2022-04-26 20:24:05,244 - mmaction - INFO - Evaluating top_k_accuracy ...
2022-04-26 20:24:05,245 - mmaction - INFO - 
top1_acc	0.8778
top5_acc	0.9667
2022-04-26 20:24:05,245 - mmaction - INFO - Evaluating mean_class_accuracy ...
2022-04-26 20:24:05,245 - mmaction - INFO - 
mean_acc	0.8778
2022-04-26 20:24:05,245 - mmaction - INFO - Epoch(val) [48][6]	top1_acc: 0.8778, top5_acc: 0.9667, mean_class_accuracy: 0.8778
