2022-04-27 13:57:25,263 - mmaction - INFO - Environment info:
------------------------------------------------------------
sys.platform: linux
Python: 3.8.12 | packaged by conda-forge | (default, Oct 12 2021, 21:57:06) [GCC 9.4.0]
CUDA available: True
GPU 0,1,2,3: NVIDIA GeForce RTX 3090
CUDA_HOME: /usr/local/cuda
NVCC: Build cuda_11.1.TC455_06.29190527_0
GCC: gcc (Ubuntu 9.4.0-1ubuntu1~20.04.1) 9.4.0
PyTorch: 1.9.1+cu111
PyTorch compiling details: PyTorch built with:
  - GCC 7.3
  - C++ Version: 201402
  - Intel(R) Math Kernel Library Version 2020.0.0 Product Build 20191122 for Intel(R) 64 architecture applications
  - Intel(R) MKL-DNN v2.1.2 (Git Hash 98be7e8afa711dc9b66c8ff3504129cb82013cdb)
  - OpenMP 201511 (a.k.a. OpenMP 4.5)
  - NNPACK is enabled
  - CPU capability usage: AVX2
  - CUDA Runtime 11.1
  - NVCC architecture flags: -gencode;arch=compute_37,code=sm_37;-gencode;arch=compute_50,code=sm_50;-gencode;arch=compute_60,code=sm_60;-gencode;arch=compute_70,code=sm_70;-gencode;arch=compute_75,code=sm_75;-gencode;arch=compute_80,code=sm_80;-gencode;arch=compute_86,code=sm_86
  - CuDNN 8.0.5
  - Magma 2.5.2
  - Build settings: BLAS_INFO=mkl, BUILD_TYPE=Release, CUDA_VERSION=11.1, CUDNN_VERSION=8.0.5, CXX_COMPILER=/opt/rh/devtoolset-7/root/usr/bin/c++, CXX_FLAGS= -Wno-deprecated -fvisibility-inlines-hidden -DUSE_PTHREADPOOL -fopenmp -DNDEBUG -DUSE_KINETO -DUSE_FBGEMM -DUSE_QNNPACK -DUSE_PYTORCH_QNNPACK -DUSE_XNNPACK -DSYMBOLICATE_MOBILE_DEBUG_HANDLE -O2 -fPIC -Wno-narrowing -Wall -Wextra -Werror=return-type -Wno-missing-field-initializers -Wno-type-limits -Wno-array-bounds -Wno-unknown-pragmas -Wno-sign-compare -Wno-unused-parameter -Wno-unused-variable -Wno-unused-function -Wno-unused-result -Wno-unused-local-typedefs -Wno-strict-overflow -Wno-strict-aliasing -Wno-error=deprecated-declarations -Wno-stringop-overflow -Wno-psabi -Wno-error=pedantic -Wno-error=redundant-decls -Wno-error=old-style-cast -fdiagnostics-color=always -faligned-new -Wno-unused-but-set-variable -Wno-maybe-uninitialized -fno-math-errno -fno-trapping-math -Werror=format -Wno-stringop-overflow, LAPACK_INFO=mkl, PERF_WITH_AVX=1, PERF_WITH_AVX2=1, PERF_WITH_AVX512=1, TORCH_VERSION=1.9.1, USE_CUDA=ON, USE_CUDNN=ON, USE_EXCEPTION_PTR=1, USE_GFLAGS=OFF, USE_GLOG=OFF, USE_MKL=ON, USE_MKLDNN=ON, USE_MPI=OFF, USE_NCCL=ON, USE_NNPACK=ON, USE_OPENMP=ON, 

TorchVision: 0.10.1+cu111
OpenCV: 4.5.5
MMCV: 1.4.2
MMCV Compiler: GCC 7.3
MMCV CUDA Compiler: 11.1
MMAction2: 0.20.0+26392eb
------------------------------------------------------------

2022-04-27 13:57:25,263 - mmaction - INFO - Distributed training: True
2022-04-27 13:57:27,069 - mmaction - INFO - Config: model = dict(
    type='Recognizer3D',
    backbone=dict(
        type='ResNet3dSlowOnly',
        depth=50,
        pretrained=None,
        in_channels=5,
        base_channels=32,
        num_stages=3,
        out_indices=(2, ),
        stage_blocks=(4, 6, 3),
        conv1_stride_s=1,
        pool1_stride_s=1,
        inflate=(0, 1, 1),
        spatial_strides=(2, 2, 2),
        temporal_strides=(1, 1, 2),
        dilations=(1, 1, 1)),
    cls_head=dict(
        type='I3DHead',
        in_channels=512,
        num_classes=10,
        spatial_type='avg',
        dropout_ratio=0.5),
    train_cfg=dict(),
    test_cfg=dict(average_clips='prob'))
dataset_type = 'PoseDataset'
ann_file_train = 'data/ds_taichi/TEST9AUG4/NSNR/train_data.pkl'
ann_file_val = 'data/ds_taichi/TEST9AUG4/NSNR/test_data.pkl'
left = [
    5, 6, 7, 8, 44, 45, 46, 47, 48, 49, 50, 51, 52, 53, 54, 55, 56, 57, 58, 59,
    60, 61, 62, 63, 64, 65, 66, 67, 68, 69, 70, 71
]
right = [
    1, 2, 3, 4, 16, 17, 18, 19, 20, 21, 22, 23, 24, 25, 26, 27, 28, 29, 30, 31,
    32, 33, 34, 35, 36, 37, 38, 39, 40, 41, 42, 43
]
train_pipeline = [
    dict(type='UniformSampleFrames', clip_len=48),
    dict(type='PoseDecode'),
    dict(type='PoseCompact', hw_ratio=1.0, allow_imgpad=True),
    dict(type='Resize', scale=(-1, 64)),
    dict(type='RandomResizedCrop', area_range=(0.56, 1.0)),
    dict(type='Resize', scale=(56, 56), keep_ratio=False),
    dict(
        type='Flip',
        flip_ratio=0.5,
        left_kp=[
            5, 6, 7, 8, 44, 45, 46, 47, 48, 49, 50, 51, 52, 53, 54, 55, 56, 57,
            58, 59, 60, 61, 62, 63, 64, 65, 66, 67, 68, 69, 70, 71
        ],
        right_kp=[
            1, 2, 3, 4, 16, 17, 18, 19, 20, 21, 22, 23, 24, 25, 26, 27, 28, 29,
            30, 31, 32, 33, 34, 35, 36, 37, 38, 39, 40, 41, 42, 43
        ]),
    dict(
        type='GenerateTaiChiPoseTarget',
        sigma=0.6,
        use_score=True,
        with_kp=True,
        with_limb=False),
    dict(type='FormatShape', input_format='NCTHW'),
    dict(type='Collect', keys=['imgs', 'label'], meta_keys=[]),
    dict(type='ToTensor', keys=['imgs', 'label'])
]
val_pipeline = [
    dict(type='UniformSampleFrames', clip_len=48, num_clips=1, test_mode=True),
    dict(type='PoseDecode'),
    dict(type='PoseCompact', hw_ratio=1.0, allow_imgpad=True),
    dict(type='Resize', scale=(-1, 64)),
    dict(type='CenterCrop', crop_size=64),
    dict(
        type='GenerateTaiChiPoseTarget',
        sigma=0.6,
        use_score=True,
        with_kp=True,
        with_limb=False),
    dict(type='FormatShape', input_format='NCTHW'),
    dict(type='Collect', keys=['imgs', 'label'], meta_keys=[]),
    dict(type='ToTensor', keys=['imgs'])
]
test_pipeline = [
    dict(
        type='UniformSampleFrames', clip_len=48, num_clips=10, test_mode=True),
    dict(type='PoseDecode'),
    dict(type='PoseCompact', hw_ratio=1.0, allow_imgpad=True),
    dict(type='Resize', scale=(-1, 64)),
    dict(type='CenterCrop', crop_size=64),
    dict(
        type='GenerateTaiChiPoseTarget',
        sigma=0.6,
        use_score=True,
        with_kp=True,
        with_limb=False,
        double=True,
        left_kp=[
            5, 6, 7, 8, 44, 45, 46, 47, 48, 49, 50, 51, 52, 53, 54, 55, 56, 57,
            58, 59, 60, 61, 62, 63, 64, 65, 66, 67, 68, 69, 70, 71
        ],
        right_kp=[
            1, 2, 3, 4, 16, 17, 18, 19, 20, 21, 22, 23, 24, 25, 26, 27, 28, 29,
            30, 31, 32, 33, 34, 35, 36, 37, 38, 39, 40, 41, 42, 43
        ]),
    dict(type='FormatShape', input_format='NCTHW'),
    dict(type='Collect', keys=['imgs', 'label'], meta_keys=[]),
    dict(type='ToTensor', keys=['imgs'])
]
data = dict(
    videos_per_gpu=8,
    workers_per_gpu=4,
    test_dataloader=dict(videos_per_gpu=4),
    train=dict(
        type='RepeatDataset',
        times=20,
        dataset=dict(
            type='PoseDataset',
            ann_file='data/ds_taichi/TEST9AUG4/NSNR/train_data.pkl',
            data_prefix='',
            pipeline=[
                dict(type='UniformSampleFrames', clip_len=48),
                dict(type='PoseDecode'),
                dict(type='PoseCompact', hw_ratio=1.0, allow_imgpad=True),
                dict(type='Resize', scale=(-1, 64)),
                dict(type='RandomResizedCrop', area_range=(0.56, 1.0)),
                dict(type='Resize', scale=(56, 56), keep_ratio=False),
                dict(
                    type='Flip',
                    flip_ratio=0.5,
                    left_kp=[
                        5, 6, 7, 8, 44, 45, 46, 47, 48, 49, 50, 51, 52, 53, 54,
                        55, 56, 57, 58, 59, 60, 61, 62, 63, 64, 65, 66, 67, 68,
                        69, 70, 71
                    ],
                    right_kp=[
                        1, 2, 3, 4, 16, 17, 18, 19, 20, 21, 22, 23, 24, 25, 26,
                        27, 28, 29, 30, 31, 32, 33, 34, 35, 36, 37, 38, 39, 40,
                        41, 42, 43
                    ]),
                dict(
                    type='GenerateTaiChiPoseTarget',
                    sigma=0.6,
                    use_score=True,
                    with_kp=True,
                    with_limb=False),
                dict(type='FormatShape', input_format='NCTHW'),
                dict(type='Collect', keys=['imgs', 'label'], meta_keys=[]),
                dict(type='ToTensor', keys=['imgs', 'label'])
            ])),
    val=dict(
        type='PoseDataset',
        ann_file='data/ds_taichi/TEST9AUG4/NSNR/test_data.pkl',
        data_prefix='',
        pipeline=[
            dict(
                type='UniformSampleFrames',
                clip_len=48,
                num_clips=1,
                test_mode=True),
            dict(type='PoseDecode'),
            dict(type='PoseCompact', hw_ratio=1.0, allow_imgpad=True),
            dict(type='Resize', scale=(-1, 64)),
            dict(type='CenterCrop', crop_size=64),
            dict(
                type='GenerateTaiChiPoseTarget',
                sigma=0.6,
                use_score=True,
                with_kp=True,
                with_limb=False),
            dict(type='FormatShape', input_format='NCTHW'),
            dict(type='Collect', keys=['imgs', 'label'], meta_keys=[]),
            dict(type='ToTensor', keys=['imgs'])
        ]),
    test=dict(
        type='PoseDataset',
        ann_file='data/ds_taichi/TEST9AUG4/NSNR/test_data.pkl',
        data_prefix='',
        pipeline=[
            dict(
                type='UniformSampleFrames',
                clip_len=48,
                num_clips=10,
                test_mode=True),
            dict(type='PoseDecode'),
            dict(type='PoseCompact', hw_ratio=1.0, allow_imgpad=True),
            dict(type='Resize', scale=(-1, 64)),
            dict(type='CenterCrop', crop_size=64),
            dict(
                type='GenerateTaiChiPoseTarget',
                sigma=0.6,
                use_score=True,
                with_kp=True,
                with_limb=False,
                double=True,
                left_kp=[
                    5, 6, 7, 8, 44, 45, 46, 47, 48, 49, 50, 51, 52, 53, 54, 55,
                    56, 57, 58, 59, 60, 61, 62, 63, 64, 65, 66, 67, 68, 69, 70,
                    71
                ],
                right_kp=[
                    1, 2, 3, 4, 16, 17, 18, 19, 20, 21, 22, 23, 24, 25, 26, 27,
                    28, 29, 30, 31, 32, 33, 34, 35, 36, 37, 38, 39, 40, 41, 42,
                    43
                ]),
            dict(type='FormatShape', input_format='NCTHW'),
            dict(type='Collect', keys=['imgs', 'label'], meta_keys=[]),
            dict(type='ToTensor', keys=['imgs'])
        ]))
optimizer = dict(type='SGD', lr=0.01, momentum=0.9, weight_decay=0.0003)
optimizer_config = dict(grad_clip=dict(max_norm=40, norm_type=2))
lr_config = dict(policy='CosineAnnealing', by_epoch=False, min_lr=0)
total_epochs = 48
checkpoint_config = dict()
workflow = [('train', 1)]
evaluation = dict(
    interval=1, metrics=['top_k_accuracy', 'mean_class_accuracy'], topk=(1, 5))
log_config = dict(interval=40, hooks=[dict(type='TextLoggerHook')])
output_config = dict(
    out='./model_pth/exp5/fintune-without-pre/test_result/results.pkl')
eval_config = dict(
    metric_out='./model_pth/exp5/fintune-without-pre/test_result',
    eval=[
        'top_k_accuracy', 'mean_class_accuracy', 'confusion_matrix',
        't_sne_vis'
    ])
dist_params = dict(backend='nccl')
log_level = 'INFO'
work_dir = './model_pth/exp5/fintune-without-pre'
load_from = None
resume_from = None
find_unused_parameters = False
gpu_ids = range(0, 4)
omnisource = False
module_hooks = []

2022-04-27 13:57:27,069 - mmaction - INFO - Set random seed to 42, deterministic: True
2022-04-27 13:57:27,139 - mmaction - INFO - 80 videos remain after valid thresholding
2022-04-27 13:57:33,178 - mmaction - INFO - 180 videos remain after valid thresholding
2022-04-27 13:57:33,179 - mmaction - INFO - Start running, host: yl@83090-jin, work_dir: /home/yl/myposec3d/model_pth/exp5/fintune-without-pre
2022-04-27 13:57:33,179 - mmaction - INFO - Hooks will be executed in the following order:
before_run:
(VERY_HIGH   ) CosineAnnealingLrUpdaterHook       
(NORMAL      ) CheckpointHook                     
(NORMAL      ) DistEvalHook                       
(VERY_LOW    ) TextLoggerHook                     
 -------------------- 
before_train_epoch:
(VERY_HIGH   ) CosineAnnealingLrUpdaterHook       
(NORMAL      ) DistSamplerSeedHook                
(NORMAL      ) DistEvalHook                       
(LOW         ) IterTimerHook                      
(VERY_LOW    ) TextLoggerHook                     
 -------------------- 
before_train_iter:
(VERY_HIGH   ) CosineAnnealingLrUpdaterHook       
(NORMAL      ) DistEvalHook                       
(LOW         ) IterTimerHook                      
 -------------------- 
after_train_iter:
(ABOVE_NORMAL) OptimizerHook                      
(NORMAL      ) CheckpointHook                     
(NORMAL      ) DistEvalHook                       
(LOW         ) IterTimerHook                      
(VERY_LOW    ) TextLoggerHook                     
 -------------------- 
after_train_epoch:
(NORMAL      ) CheckpointHook                     
(NORMAL      ) DistEvalHook                       
(VERY_LOW    ) TextLoggerHook                     
 -------------------- 
before_val_epoch:
(NORMAL      ) DistSamplerSeedHook                
(LOW         ) IterTimerHook                      
(VERY_LOW    ) TextLoggerHook                     
 -------------------- 
before_val_iter:
(LOW         ) IterTimerHook                      
 -------------------- 
after_val_iter:
(LOW         ) IterTimerHook                      
 -------------------- 
after_val_epoch:
(VERY_LOW    ) TextLoggerHook                     
 -------------------- 
after_run:
(VERY_LOW    ) TextLoggerHook                     
 -------------------- 
2022-04-27 13:57:33,180 - mmaction - INFO - workflow: [('train', 1)], max: 48 epochs
2022-04-27 13:57:33,180 - mmaction - INFO - Checkpoints will be saved to /home/yl/myposec3d/model_pth/exp5/fintune-without-pre by HardDiskBackend.
2022-04-27 13:58:05,153 - mmaction - INFO - Epoch [1][40/50]	lr: 9.993e-03, eta: 0:31:26, time: 0.799, data_time: 0.631, memory: 4754, top1_acc: 0.0930, top5_acc: 0.4742, loss_cls: 2.3286, loss: 2.3286, grad_norm: 1.5238
2022-04-27 13:58:34,961 - mmaction - INFO - Evaluating top_k_accuracy ...
2022-04-27 13:58:34,962 - mmaction - INFO - 
top1_acc	0.1111
top5_acc	0.5000
2022-04-27 13:58:34,962 - mmaction - INFO - Evaluating mean_class_accuracy ...
2022-04-27 13:58:34,962 - mmaction - INFO - 
mean_acc	0.1111
2022-04-27 13:58:35,009 - mmaction - INFO - Now best checkpoint is saved as best_top1_acc_epoch_1.pth.
2022-04-27 13:58:35,010 - mmaction - INFO - Best top1_acc is 0.1111 at 1 epoch.
2022-04-27 13:58:35,010 - mmaction - INFO - Epoch(val) [1][6]	top1_acc: 0.1111, top5_acc: 0.5000, mean_class_accuracy: 0.1111
2022-04-27 13:59:07,271 - mmaction - INFO - Epoch [2][40/50]	lr: 9.966e-03, eta: 0:27:28, time: 0.806, data_time: 0.634, memory: 4754, top1_acc: 0.1219, top5_acc: 0.5172, loss_cls: 2.3164, loss: 2.3164, grad_norm: 1.4158
2022-04-27 13:59:37,628 - mmaction - INFO - Evaluating top_k_accuracy ...
2022-04-27 13:59:37,628 - mmaction - INFO - 
top1_acc	0.2000
top5_acc	0.5111
2022-04-27 13:59:37,628 - mmaction - INFO - Evaluating mean_class_accuracy ...
2022-04-27 13:59:37,629 - mmaction - INFO - 
mean_acc	0.2000
2022-04-27 13:59:37,631 - mmaction - INFO - The previous best checkpoint /home/yl/myposec3d/model_pth/exp5/fintune-without-pre/best_top1_acc_epoch_1.pth was removed
2022-04-27 13:59:37,674 - mmaction - INFO - Now best checkpoint is saved as best_top1_acc_epoch_2.pth.
2022-04-27 13:59:37,674 - mmaction - INFO - Best top1_acc is 0.2000 at 2 epoch.
2022-04-27 13:59:37,674 - mmaction - INFO - Epoch(val) [2][6]	top1_acc: 0.2000, top5_acc: 0.5111, mean_class_accuracy: 0.2000
2022-04-27 14:00:09,806 - mmaction - INFO - Epoch [3][40/50]	lr: 9.917e-03, eta: 0:25:55, time: 0.803, data_time: 0.629, memory: 4754, top1_acc: 0.1156, top5_acc: 0.5289, loss_cls: 2.3100, loss: 2.3100, grad_norm: 1.3685
2022-04-27 14:00:39,905 - mmaction - INFO - Evaluating top_k_accuracy ...
2022-04-27 14:00:39,905 - mmaction - INFO - 
top1_acc	0.1222
top5_acc	0.5000
2022-04-27 14:00:39,905 - mmaction - INFO - Evaluating mean_class_accuracy ...
2022-04-27 14:00:39,906 - mmaction - INFO - 
mean_acc	0.1222
2022-04-27 14:00:39,906 - mmaction - INFO - Epoch(val) [3][6]	top1_acc: 0.1222, top5_acc: 0.5000, mean_class_accuracy: 0.1222
2022-04-27 14:01:11,873 - mmaction - INFO - Epoch [4][40/50]	lr: 9.848e-03, eta: 0:24:52, time: 0.799, data_time: 0.624, memory: 4754, top1_acc: 0.1328, top5_acc: 0.5516, loss_cls: 2.2923, loss: 2.2923, grad_norm: 1.3179
2022-04-27 14:01:41,992 - mmaction - INFO - Evaluating top_k_accuracy ...
2022-04-27 14:01:41,992 - mmaction - INFO - 
top1_acc	0.1722
top5_acc	0.5056
2022-04-27 14:01:41,992 - mmaction - INFO - Evaluating mean_class_accuracy ...
2022-04-27 14:01:41,993 - mmaction - INFO - 
mean_acc	0.1722
2022-04-27 14:01:41,993 - mmaction - INFO - Epoch(val) [4][6]	top1_acc: 0.1722, top5_acc: 0.5056, mean_class_accuracy: 0.1722
2022-04-27 14:02:14,648 - mmaction - INFO - Epoch [5][40/50]	lr: 9.757e-03, eta: 0:24:08, time: 0.816, data_time: 0.635, memory: 4754, top1_acc: 0.1648, top5_acc: 0.6195, loss_cls: 2.2604, loss: 2.2604, grad_norm: 1.3363
2022-04-27 14:02:44,166 - mmaction - INFO - Evaluating top_k_accuracy ...
2022-04-27 14:02:44,167 - mmaction - INFO - 
top1_acc	0.1222
top5_acc	0.7278
2022-04-27 14:02:44,167 - mmaction - INFO - Evaluating mean_class_accuracy ...
2022-04-27 14:02:44,167 - mmaction - INFO - 
mean_acc	0.1222
2022-04-27 14:02:44,167 - mmaction - INFO - Epoch(val) [5][6]	top1_acc: 0.1222, top5_acc: 0.7278, mean_class_accuracy: 0.1222
2022-04-27 14:03:16,469 - mmaction - INFO - Epoch [6][40/50]	lr: 9.646e-03, eta: 0:23:26, time: 0.807, data_time: 0.622, memory: 4754, top1_acc: 0.1898, top5_acc: 0.6859, loss_cls: 2.2006, loss: 2.2006, grad_norm: 1.4043
2022-04-27 14:03:46,116 - mmaction - INFO - Evaluating top_k_accuracy ...
2022-04-27 14:03:46,116 - mmaction - INFO - 
top1_acc	0.1611
top5_acc	0.6333
2022-04-27 14:03:46,116 - mmaction - INFO - Evaluating mean_class_accuracy ...
2022-04-27 14:03:46,117 - mmaction - INFO - 
mean_acc	0.1611
2022-04-27 14:03:46,117 - mmaction - INFO - Epoch(val) [6][6]	top1_acc: 0.1611, top5_acc: 0.6333, mean_class_accuracy: 0.1611
2022-04-27 14:04:18,587 - mmaction - INFO - Epoch [7][40/50]	lr: 9.516e-03, eta: 0:22:47, time: 0.812, data_time: 0.633, memory: 4754, top1_acc: 0.3109, top5_acc: 0.8203, loss_cls: 2.0395, loss: 2.0395, grad_norm: 1.5107
2022-04-27 14:04:48,170 - mmaction - INFO - Evaluating top_k_accuracy ...
2022-04-27 14:04:48,171 - mmaction - INFO - 
top1_acc	0.3000
top5_acc	0.7278
2022-04-27 14:04:48,171 - mmaction - INFO - Evaluating mean_class_accuracy ...
2022-04-27 14:04:48,171 - mmaction - INFO - 
mean_acc	0.3000
2022-04-27 14:04:48,173 - mmaction - INFO - The previous best checkpoint /home/yl/myposec3d/model_pth/exp5/fintune-without-pre/best_top1_acc_epoch_2.pth was removed
2022-04-27 14:04:48,221 - mmaction - INFO - Now best checkpoint is saved as best_top1_acc_epoch_7.pth.
2022-04-27 14:04:48,221 - mmaction - INFO - Best top1_acc is 0.3000 at 7 epoch.
2022-04-27 14:04:48,222 - mmaction - INFO - Epoch(val) [7][6]	top1_acc: 0.3000, top5_acc: 0.7278, mean_class_accuracy: 0.3000
2022-04-27 14:05:20,431 - mmaction - INFO - Epoch [8][40/50]	lr: 9.366e-03, eta: 0:22:09, time: 0.805, data_time: 0.639, memory: 4754, top1_acc: 0.4188, top5_acc: 0.8953, loss_cls: 1.8439, loss: 1.8439, grad_norm: 1.6667
2022-04-27 14:05:50,161 - mmaction - INFO - Evaluating top_k_accuracy ...
2022-04-27 14:05:50,162 - mmaction - INFO - 
top1_acc	0.2556
top5_acc	0.8000
2022-04-27 14:05:50,162 - mmaction - INFO - Evaluating mean_class_accuracy ...
2022-04-27 14:05:50,162 - mmaction - INFO - 
mean_acc	0.2556
2022-04-27 14:05:50,162 - mmaction - INFO - Epoch(val) [8][6]	top1_acc: 0.2556, top5_acc: 0.8000, mean_class_accuracy: 0.2556
2022-04-27 14:06:22,432 - mmaction - INFO - Epoch [9][40/50]	lr: 9.197e-03, eta: 0:21:32, time: 0.807, data_time: 0.623, memory: 4754, top1_acc: 0.4711, top5_acc: 0.9422, loss_cls: 1.6556, loss: 1.6556, grad_norm: 1.8670
2022-04-27 14:06:52,633 - mmaction - INFO - Evaluating top_k_accuracy ...
2022-04-27 14:06:52,633 - mmaction - INFO - 
top1_acc	0.1611
top5_acc	0.7611
2022-04-27 14:06:52,633 - mmaction - INFO - Evaluating mean_class_accuracy ...
2022-04-27 14:06:52,634 - mmaction - INFO - 
mean_acc	0.1611
2022-04-27 14:06:52,634 - mmaction - INFO - Epoch(val) [9][6]	top1_acc: 0.1611, top5_acc: 0.7611, mean_class_accuracy: 0.1611
2022-04-27 14:07:24,875 - mmaction - INFO - Epoch [10][40/50]	lr: 9.010e-03, eta: 0:20:56, time: 0.806, data_time: 0.636, memory: 4754, top1_acc: 0.5383, top5_acc: 0.9703, loss_cls: 1.4871, loss: 1.4871, grad_norm: 1.8735
2022-04-27 14:07:54,603 - mmaction - INFO - Evaluating top_k_accuracy ...
2022-04-27 14:07:54,603 - mmaction - INFO - 
top1_acc	0.4611
top5_acc	0.9278
2022-04-27 14:07:54,604 - mmaction - INFO - Evaluating mean_class_accuracy ...
2022-04-27 14:07:54,604 - mmaction - INFO - 
mean_acc	0.4611
2022-04-27 14:07:54,607 - mmaction - INFO - The previous best checkpoint /home/yl/myposec3d/model_pth/exp5/fintune-without-pre/best_top1_acc_epoch_7.pth was removed
2022-04-27 14:07:54,651 - mmaction - INFO - Now best checkpoint is saved as best_top1_acc_epoch_10.pth.
2022-04-27 14:07:54,651 - mmaction - INFO - Best top1_acc is 0.4611 at 10 epoch.
2022-04-27 14:07:54,651 - mmaction - INFO - Epoch(val) [10][6]	top1_acc: 0.4611, top5_acc: 0.9278, mean_class_accuracy: 0.4611
2022-04-27 14:08:26,924 - mmaction - INFO - Epoch [11][40/50]	lr: 8.806e-03, eta: 0:20:21, time: 0.807, data_time: 0.634, memory: 4754, top1_acc: 0.5477, top5_acc: 0.9711, loss_cls: 1.3576, loss: 1.3576, grad_norm: 2.0482
2022-04-27 14:08:56,500 - mmaction - INFO - Evaluating top_k_accuracy ...
2022-04-27 14:08:56,501 - mmaction - INFO - 
top1_acc	0.4778
top5_acc	0.8944
2022-04-27 14:08:56,501 - mmaction - INFO - Evaluating mean_class_accuracy ...
2022-04-27 14:08:56,501 - mmaction - INFO - 
mean_acc	0.4778
2022-04-27 14:08:56,503 - mmaction - INFO - The previous best checkpoint /home/yl/myposec3d/model_pth/exp5/fintune-without-pre/best_top1_acc_epoch_10.pth was removed
2022-04-27 14:08:56,554 - mmaction - INFO - Now best checkpoint is saved as best_top1_acc_epoch_11.pth.
2022-04-27 14:08:56,554 - mmaction - INFO - Best top1_acc is 0.4778 at 11 epoch.
2022-04-27 14:08:56,554 - mmaction - INFO - Epoch(val) [11][6]	top1_acc: 0.4778, top5_acc: 0.8944, mean_class_accuracy: 0.4778
2022-04-27 14:09:28,436 - mmaction - INFO - Epoch [12][40/50]	lr: 8.586e-03, eta: 0:19:45, time: 0.797, data_time: 0.638, memory: 4754, top1_acc: 0.6211, top5_acc: 0.9883, loss_cls: 1.2174, loss: 1.2174, grad_norm: 2.0275
2022-04-27 14:09:58,064 - mmaction - INFO - Evaluating top_k_accuracy ...
2022-04-27 14:09:58,064 - mmaction - INFO - 
top1_acc	0.4889
top5_acc	0.9222
2022-04-27 14:09:58,064 - mmaction - INFO - Evaluating mean_class_accuracy ...
2022-04-27 14:09:58,065 - mmaction - INFO - 
mean_acc	0.4889
2022-04-27 14:09:58,067 - mmaction - INFO - The previous best checkpoint /home/yl/myposec3d/model_pth/exp5/fintune-without-pre/best_top1_acc_epoch_11.pth was removed
2022-04-27 14:09:58,109 - mmaction - INFO - Now best checkpoint is saved as best_top1_acc_epoch_12.pth.
2022-04-27 14:09:58,109 - mmaction - INFO - Best top1_acc is 0.4889 at 12 epoch.
2022-04-27 14:09:58,110 - mmaction - INFO - Epoch(val) [12][6]	top1_acc: 0.4889, top5_acc: 0.9222, mean_class_accuracy: 0.4889
2022-04-27 14:10:30,132 - mmaction - INFO - Epoch [13][40/50]	lr: 8.351e-03, eta: 0:19:11, time: 0.800, data_time: 0.637, memory: 4754, top1_acc: 0.6633, top5_acc: 0.9898, loss_cls: 1.1101, loss: 1.1101, grad_norm: 2.0840
2022-04-27 14:11:00,027 - mmaction - INFO - Evaluating top_k_accuracy ...
2022-04-27 14:11:00,027 - mmaction - INFO - 
top1_acc	0.5444
top5_acc	0.9389
2022-04-27 14:11:00,027 - mmaction - INFO - Evaluating mean_class_accuracy ...
2022-04-27 14:11:00,028 - mmaction - INFO - 
mean_acc	0.5444
2022-04-27 14:11:00,030 - mmaction - INFO - The previous best checkpoint /home/yl/myposec3d/model_pth/exp5/fintune-without-pre/best_top1_acc_epoch_12.pth was removed
2022-04-27 14:11:00,076 - mmaction - INFO - Now best checkpoint is saved as best_top1_acc_epoch_13.pth.
2022-04-27 14:11:00,077 - mmaction - INFO - Best top1_acc is 0.5444 at 13 epoch.
2022-04-27 14:11:00,077 - mmaction - INFO - Epoch(val) [13][6]	top1_acc: 0.5444, top5_acc: 0.9389, mean_class_accuracy: 0.5444
2022-04-27 14:11:32,383 - mmaction - INFO - Epoch [14][40/50]	lr: 8.101e-03, eta: 0:18:37, time: 0.807, data_time: 0.627, memory: 4754, top1_acc: 0.7031, top5_acc: 0.9984, loss_cls: 0.9711, loss: 0.9711, grad_norm: 2.1425
2022-04-27 14:12:01,920 - mmaction - INFO - Evaluating top_k_accuracy ...
2022-04-27 14:12:01,920 - mmaction - INFO - 
top1_acc	0.5444
top5_acc	0.9333
2022-04-27 14:12:01,921 - mmaction - INFO - Evaluating mean_class_accuracy ...
2022-04-27 14:12:01,921 - mmaction - INFO - 
mean_acc	0.5444
2022-04-27 14:12:01,921 - mmaction - INFO - Epoch(val) [14][6]	top1_acc: 0.5444, top5_acc: 0.9333, mean_class_accuracy: 0.5444
2022-04-27 14:12:34,357 - mmaction - INFO - Epoch [15][40/50]	lr: 7.837e-03, eta: 0:18:04, time: 0.811, data_time: 0.656, memory: 4754, top1_acc: 0.7359, top5_acc: 0.9977, loss_cls: 0.8930, loss: 0.8930, grad_norm: 2.0580
2022-04-27 14:13:03,825 - mmaction - INFO - Evaluating top_k_accuracy ...
2022-04-27 14:13:03,825 - mmaction - INFO - 
top1_acc	0.4778
top5_acc	0.8778
2022-04-27 14:13:03,826 - mmaction - INFO - Evaluating mean_class_accuracy ...
2022-04-27 14:13:03,826 - mmaction - INFO - 
mean_acc	0.4778
2022-04-27 14:13:03,826 - mmaction - INFO - Epoch(val) [15][6]	top1_acc: 0.4778, top5_acc: 0.8778, mean_class_accuracy: 0.4778
2022-04-27 14:13:36,064 - mmaction - INFO - Epoch [16][40/50]	lr: 7.562e-03, eta: 0:17:30, time: 0.806, data_time: 0.651, memory: 4754, top1_acc: 0.7453, top5_acc: 0.9984, loss_cls: 0.8097, loss: 0.8097, grad_norm: 2.3058
2022-04-27 14:14:05,705 - mmaction - INFO - Evaluating top_k_accuracy ...
2022-04-27 14:14:05,706 - mmaction - INFO - 
top1_acc	0.5167
top5_acc	0.9500
2022-04-27 14:14:05,706 - mmaction - INFO - Evaluating mean_class_accuracy ...
2022-04-27 14:14:05,706 - mmaction - INFO - 
mean_acc	0.5167
2022-04-27 14:14:05,706 - mmaction - INFO - Epoch(val) [16][6]	top1_acc: 0.5167, top5_acc: 0.9500, mean_class_accuracy: 0.5167
2022-04-27 14:14:37,973 - mmaction - INFO - Epoch [17][40/50]	lr: 7.276e-03, eta: 0:16:57, time: 0.807, data_time: 0.622, memory: 4754, top1_acc: 0.7977, top5_acc: 0.9977, loss_cls: 0.6984, loss: 0.6984, grad_norm: 2.0247
2022-04-27 14:15:07,698 - mmaction - INFO - Evaluating top_k_accuracy ...
2022-04-27 14:15:07,698 - mmaction - INFO - 
top1_acc	0.5444
top5_acc	0.9389
2022-04-27 14:15:07,699 - mmaction - INFO - Evaluating mean_class_accuracy ...
2022-04-27 14:15:07,699 - mmaction - INFO - 
mean_acc	0.5444
2022-04-27 14:15:07,699 - mmaction - INFO - Epoch(val) [17][6]	top1_acc: 0.5444, top5_acc: 0.9389, mean_class_accuracy: 0.5444
2022-04-27 14:15:39,583 - mmaction - INFO - Epoch [18][40/50]	lr: 6.980e-03, eta: 0:16:23, time: 0.797, data_time: 0.618, memory: 4754, top1_acc: 0.8477, top5_acc: 0.9992, loss_cls: 0.6094, loss: 0.6094, grad_norm: 2.0757
2022-04-27 14:16:09,339 - mmaction - INFO - Evaluating top_k_accuracy ...
2022-04-27 14:16:09,339 - mmaction - INFO - 
top1_acc	0.5611
top5_acc	0.9444
2022-04-27 14:16:09,339 - mmaction - INFO - Evaluating mean_class_accuracy ...
2022-04-27 14:16:09,340 - mmaction - INFO - 
mean_acc	0.5611
2022-04-27 14:16:09,342 - mmaction - INFO - The previous best checkpoint /home/yl/myposec3d/model_pth/exp5/fintune-without-pre/best_top1_acc_epoch_13.pth was removed
2022-04-27 14:16:09,382 - mmaction - INFO - Now best checkpoint is saved as best_top1_acc_epoch_18.pth.
2022-04-27 14:16:09,382 - mmaction - INFO - Best top1_acc is 0.5611 at 18 epoch.
2022-04-27 14:16:09,382 - mmaction - INFO - Epoch(val) [18][6]	top1_acc: 0.5611, top5_acc: 0.9444, mean_class_accuracy: 0.5611
2022-04-27 14:16:41,922 - mmaction - INFO - Epoch [19][40/50]	lr: 6.675e-03, eta: 0:15:50, time: 0.813, data_time: 0.639, memory: 4754, top1_acc: 0.8508, top5_acc: 0.9984, loss_cls: 0.5651, loss: 0.5651, grad_norm: 2.1253
2022-04-27 14:17:11,247 - mmaction - INFO - Evaluating top_k_accuracy ...
2022-04-27 14:17:11,248 - mmaction - INFO - 
top1_acc	0.6111
top5_acc	0.9278
2022-04-27 14:17:11,248 - mmaction - INFO - Evaluating mean_class_accuracy ...
2022-04-27 14:17:11,248 - mmaction - INFO - 
mean_acc	0.6111
2022-04-27 14:17:11,251 - mmaction - INFO - The previous best checkpoint /home/yl/myposec3d/model_pth/exp5/fintune-without-pre/best_top1_acc_epoch_18.pth was removed
2022-04-27 14:17:11,299 - mmaction - INFO - Now best checkpoint is saved as best_top1_acc_epoch_19.pth.
2022-04-27 14:17:11,300 - mmaction - INFO - Best top1_acc is 0.6111 at 19 epoch.
2022-04-27 14:17:11,300 - mmaction - INFO - Epoch(val) [19][6]	top1_acc: 0.6111, top5_acc: 0.9278, mean_class_accuracy: 0.6111
2022-04-27 14:17:43,854 - mmaction - INFO - Epoch [20][40/50]	lr: 6.364e-03, eta: 0:15:18, time: 0.814, data_time: 0.633, memory: 4754, top1_acc: 0.8820, top5_acc: 0.9984, loss_cls: 0.4960, loss: 0.4960, grad_norm: 2.1306
2022-04-27 14:18:13,381 - mmaction - INFO - Evaluating top_k_accuracy ...
2022-04-27 14:18:13,382 - mmaction - INFO - 
top1_acc	0.4889
top5_acc	0.9556
2022-04-27 14:18:13,382 - mmaction - INFO - Evaluating mean_class_accuracy ...
2022-04-27 14:18:13,383 - mmaction - INFO - 
mean_acc	0.4889
2022-04-27 14:18:13,383 - mmaction - INFO - Epoch(val) [20][6]	top1_acc: 0.4889, top5_acc: 0.9556, mean_class_accuracy: 0.4889
2022-04-27 14:18:46,305 - mmaction - INFO - Epoch [21][40/50]	lr: 6.046e-03, eta: 0:14:46, time: 0.823, data_time: 0.646, memory: 4754, top1_acc: 0.8984, top5_acc: 1.0000, loss_cls: 0.4473, loss: 0.4473, grad_norm: 1.9870
2022-04-27 14:19:16,248 - mmaction - INFO - Evaluating top_k_accuracy ...
2022-04-27 14:19:16,248 - mmaction - INFO - 
top1_acc	0.6000
top5_acc	0.9056
2022-04-27 14:19:16,248 - mmaction - INFO - Evaluating mean_class_accuracy ...
2022-04-27 14:19:16,249 - mmaction - INFO - 
mean_acc	0.6000
2022-04-27 14:19:16,249 - mmaction - INFO - Epoch(val) [21][6]	top1_acc: 0.6000, top5_acc: 0.9056, mean_class_accuracy: 0.6000
2022-04-27 14:19:49,112 - mmaction - INFO - Epoch [22][40/50]	lr: 5.724e-03, eta: 0:14:13, time: 0.822, data_time: 0.652, memory: 4754, top1_acc: 0.9172, top5_acc: 1.0000, loss_cls: 0.4068, loss: 0.4068, grad_norm: 2.2263
2022-04-27 14:20:19,146 - mmaction - INFO - Evaluating top_k_accuracy ...
2022-04-27 14:20:19,146 - mmaction - INFO - 
top1_acc	0.5611
top5_acc	0.9222
2022-04-27 14:20:19,146 - mmaction - INFO - Evaluating mean_class_accuracy ...
2022-04-27 14:20:19,147 - mmaction - INFO - 
mean_acc	0.5611
2022-04-27 14:20:19,147 - mmaction - INFO - Epoch(val) [22][6]	top1_acc: 0.5611, top5_acc: 0.9222, mean_class_accuracy: 0.5611
2022-04-27 14:20:51,229 - mmaction - INFO - Epoch [23][40/50]	lr: 5.399e-03, eta: 0:13:40, time: 0.802, data_time: 0.628, memory: 4754, top1_acc: 0.9297, top5_acc: 1.0000, loss_cls: 0.3516, loss: 0.3516, grad_norm: 2.2117
2022-04-27 14:21:20,902 - mmaction - INFO - Evaluating top_k_accuracy ...
2022-04-27 14:21:20,902 - mmaction - INFO - 
top1_acc	0.6333
top5_acc	0.9500
2022-04-27 14:21:20,902 - mmaction - INFO - Evaluating mean_class_accuracy ...
2022-04-27 14:21:20,903 - mmaction - INFO - 
mean_acc	0.6333
2022-04-27 14:21:20,905 - mmaction - INFO - The previous best checkpoint /home/yl/myposec3d/model_pth/exp5/fintune-without-pre/best_top1_acc_epoch_19.pth was removed
2022-04-27 14:21:20,950 - mmaction - INFO - Now best checkpoint is saved as best_top1_acc_epoch_23.pth.
2022-04-27 14:21:20,950 - mmaction - INFO - Best top1_acc is 0.6333 at 23 epoch.
2022-04-27 14:21:20,951 - mmaction - INFO - Epoch(val) [23][6]	top1_acc: 0.6333, top5_acc: 0.9500, mean_class_accuracy: 0.6333
2022-04-27 14:21:53,642 - mmaction - INFO - Epoch [24][40/50]	lr: 5.072e-03, eta: 0:13:08, time: 0.817, data_time: 0.654, memory: 4754, top1_acc: 0.9539, top5_acc: 1.0000, loss_cls: 0.2955, loss: 0.2955, grad_norm: 1.9112
2022-04-27 14:22:23,417 - mmaction - INFO - Evaluating top_k_accuracy ...
2022-04-27 14:22:23,418 - mmaction - INFO - 
top1_acc	0.6444
top5_acc	0.9333
2022-04-27 14:22:23,418 - mmaction - INFO - Evaluating mean_class_accuracy ...
2022-04-27 14:22:23,418 - mmaction - INFO - 
mean_acc	0.6444
2022-04-27 14:22:23,421 - mmaction - INFO - The previous best checkpoint /home/yl/myposec3d/model_pth/exp5/fintune-without-pre/best_top1_acc_epoch_23.pth was removed
2022-04-27 14:22:23,464 - mmaction - INFO - Now best checkpoint is saved as best_top1_acc_epoch_24.pth.
2022-04-27 14:22:23,464 - mmaction - INFO - Best top1_acc is 0.6444 at 24 epoch.
2022-04-27 14:22:23,464 - mmaction - INFO - Epoch(val) [24][6]	top1_acc: 0.6444, top5_acc: 0.9333, mean_class_accuracy: 0.6444
2022-04-27 14:22:56,125 - mmaction - INFO - Epoch [25][40/50]	lr: 4.745e-03, eta: 0:12:35, time: 0.816, data_time: 0.636, memory: 4754, top1_acc: 0.9602, top5_acc: 1.0000, loss_cls: 0.2650, loss: 0.2650, grad_norm: 2.0768
2022-04-27 14:23:26,168 - mmaction - INFO - Evaluating top_k_accuracy ...
2022-04-27 14:23:26,169 - mmaction - INFO - 
top1_acc	0.3500
top5_acc	0.8500
2022-04-27 14:23:26,169 - mmaction - INFO - Evaluating mean_class_accuracy ...
2022-04-27 14:23:26,170 - mmaction - INFO - 
mean_acc	0.3500
2022-04-27 14:23:26,170 - mmaction - INFO - Epoch(val) [25][6]	top1_acc: 0.3500, top5_acc: 0.8500, mean_class_accuracy: 0.3500
2022-04-27 14:23:59,284 - mmaction - INFO - Epoch [26][40/50]	lr: 4.419e-03, eta: 0:12:03, time: 0.828, data_time: 0.667, memory: 4754, top1_acc: 0.9578, top5_acc: 1.0000, loss_cls: 0.2428, loss: 0.2428, grad_norm: 1.9901
2022-04-27 14:24:29,412 - mmaction - INFO - Evaluating top_k_accuracy ...
2022-04-27 14:24:29,413 - mmaction - INFO - 
top1_acc	0.5111
top5_acc	0.9444
2022-04-27 14:24:29,413 - mmaction - INFO - Evaluating mean_class_accuracy ...
2022-04-27 14:24:29,414 - mmaction - INFO - 
mean_acc	0.5111
2022-04-27 14:24:29,414 - mmaction - INFO - Epoch(val) [26][6]	top1_acc: 0.5111, top5_acc: 0.9444, mean_class_accuracy: 0.5111
2022-04-27 14:25:02,077 - mmaction - INFO - Epoch [27][40/50]	lr: 4.095e-03, eta: 0:11:31, time: 0.816, data_time: 0.648, memory: 4754, top1_acc: 0.9695, top5_acc: 1.0000, loss_cls: 0.2155, loss: 0.2155, grad_norm: 1.8326
2022-04-27 14:25:31,850 - mmaction - INFO - Evaluating top_k_accuracy ...
2022-04-27 14:25:31,850 - mmaction - INFO - 
top1_acc	0.4000
top5_acc	0.8889
2022-04-27 14:25:31,850 - mmaction - INFO - Evaluating mean_class_accuracy ...
2022-04-27 14:25:31,851 - mmaction - INFO - 
mean_acc	0.4000
2022-04-27 14:25:31,851 - mmaction - INFO - Epoch(val) [27][6]	top1_acc: 0.4000, top5_acc: 0.8889, mean_class_accuracy: 0.4000
2022-04-27 14:26:04,429 - mmaction - INFO - Epoch [28][40/50]	lr: 3.776e-03, eta: 0:10:58, time: 0.814, data_time: 0.659, memory: 4754, top1_acc: 0.9641, top5_acc: 1.0000, loss_cls: 0.2083, loss: 0.2083, grad_norm: 2.0129
2022-04-27 14:26:34,427 - mmaction - INFO - Evaluating top_k_accuracy ...
2022-04-27 14:26:34,427 - mmaction - INFO - 
top1_acc	0.5833
top5_acc	0.9167
2022-04-27 14:26:34,427 - mmaction - INFO - Evaluating mean_class_accuracy ...
2022-04-27 14:26:34,428 - mmaction - INFO - 
mean_acc	0.5833
2022-04-27 14:26:34,428 - mmaction - INFO - Epoch(val) [28][6]	top1_acc: 0.5833, top5_acc: 0.9167, mean_class_accuracy: 0.5833
2022-04-27 14:27:06,747 - mmaction - INFO - Epoch [29][40/50]	lr: 3.461e-03, eta: 0:10:25, time: 0.808, data_time: 0.627, memory: 4754, top1_acc: 0.9734, top5_acc: 1.0000, loss_cls: 0.1902, loss: 0.1902, grad_norm: 1.8909
2022-04-27 14:27:36,478 - mmaction - INFO - Evaluating top_k_accuracy ...
2022-04-27 14:27:36,479 - mmaction - INFO - 
top1_acc	0.5667
top5_acc	0.9333
2022-04-27 14:27:36,479 - mmaction - INFO - Evaluating mean_class_accuracy ...
2022-04-27 14:27:36,479 - mmaction - INFO - 
mean_acc	0.5667
2022-04-27 14:27:36,479 - mmaction - INFO - Epoch(val) [29][6]	top1_acc: 0.5667, top5_acc: 0.9333, mean_class_accuracy: 0.5667
2022-04-27 14:28:08,429 - mmaction - INFO - Epoch [30][40/50]	lr: 3.153e-03, eta: 0:09:52, time: 0.799, data_time: 0.625, memory: 4754, top1_acc: 0.9617, top5_acc: 1.0000, loss_cls: 0.1950, loss: 0.1950, grad_norm: 2.0940
2022-04-27 14:28:37,987 - mmaction - INFO - Evaluating top_k_accuracy ...
2022-04-27 14:28:37,988 - mmaction - INFO - 
top1_acc	0.5278
top5_acc	0.9778
2022-04-27 14:28:37,988 - mmaction - INFO - Evaluating mean_class_accuracy ...
2022-04-27 14:28:37,988 - mmaction - INFO - 
mean_acc	0.5278
2022-04-27 14:28:37,989 - mmaction - INFO - Epoch(val) [30][6]	top1_acc: 0.5278, top5_acc: 0.9778, mean_class_accuracy: 0.5278
2022-04-27 14:29:10,078 - mmaction - INFO - Epoch [31][40/50]	lr: 2.853e-03, eta: 0:09:19, time: 0.802, data_time: 0.630, memory: 4754, top1_acc: 0.9672, top5_acc: 1.0000, loss_cls: 0.1893, loss: 0.1893, grad_norm: 2.1394
2022-04-27 14:29:40,096 - mmaction - INFO - Evaluating top_k_accuracy ...
2022-04-27 14:29:40,097 - mmaction - INFO - 
top1_acc	0.6833
top5_acc	0.9778
2022-04-27 14:29:40,097 - mmaction - INFO - Evaluating mean_class_accuracy ...
2022-04-27 14:29:40,097 - mmaction - INFO - 
mean_acc	0.6833
2022-04-27 14:29:40,099 - mmaction - INFO - The previous best checkpoint /home/yl/myposec3d/model_pth/exp5/fintune-without-pre/best_top1_acc_epoch_24.pth was removed
2022-04-27 14:29:40,139 - mmaction - INFO - Now best checkpoint is saved as best_top1_acc_epoch_31.pth.
2022-04-27 14:29:40,139 - mmaction - INFO - Best top1_acc is 0.6833 at 31 epoch.
2022-04-27 14:29:40,140 - mmaction - INFO - Epoch(val) [31][6]	top1_acc: 0.6833, top5_acc: 0.9778, mean_class_accuracy: 0.6833
2022-04-27 14:30:12,452 - mmaction - INFO - Epoch [32][40/50]	lr: 2.563e-03, eta: 0:08:47, time: 0.808, data_time: 0.640, memory: 4754, top1_acc: 0.9797, top5_acc: 1.0000, loss_cls: 0.1492, loss: 0.1492, grad_norm: 1.6648
2022-04-27 14:30:42,025 - mmaction - INFO - Evaluating top_k_accuracy ...
2022-04-27 14:30:42,026 - mmaction - INFO - 
top1_acc	0.7111
top5_acc	0.9444
2022-04-27 14:30:42,026 - mmaction - INFO - Evaluating mean_class_accuracy ...
2022-04-27 14:30:42,026 - mmaction - INFO - 
mean_acc	0.7111
2022-04-27 14:30:42,028 - mmaction - INFO - The previous best checkpoint /home/yl/myposec3d/model_pth/exp5/fintune-without-pre/best_top1_acc_epoch_31.pth was removed
2022-04-27 14:30:42,069 - mmaction - INFO - Now best checkpoint is saved as best_top1_acc_epoch_32.pth.
2022-04-27 14:30:42,069 - mmaction - INFO - Best top1_acc is 0.7111 at 32 epoch.
2022-04-27 14:30:42,069 - mmaction - INFO - Epoch(val) [32][6]	top1_acc: 0.7111, top5_acc: 0.9444, mean_class_accuracy: 0.7111
2022-04-27 14:31:14,182 - mmaction - INFO - Epoch [33][40/50]	lr: 2.282e-03, eta: 0:08:14, time: 0.803, data_time: 0.642, memory: 4754, top1_acc: 0.9812, top5_acc: 1.0000, loss_cls: 0.1377, loss: 0.1377, grad_norm: 1.5596
2022-04-27 14:31:44,096 - mmaction - INFO - Evaluating top_k_accuracy ...
2022-04-27 14:31:44,096 - mmaction - INFO - 
top1_acc	0.6722
top5_acc	0.9667
2022-04-27 14:31:44,096 - mmaction - INFO - Evaluating mean_class_accuracy ...
2022-04-27 14:31:44,097 - mmaction - INFO - 
mean_acc	0.6722
2022-04-27 14:31:44,097 - mmaction - INFO - Epoch(val) [33][6]	top1_acc: 0.6722, top5_acc: 0.9667, mean_class_accuracy: 0.6722
2022-04-27 14:32:16,858 - mmaction - INFO - Epoch [34][40/50]	lr: 2.014e-03, eta: 0:07:42, time: 0.819, data_time: 0.664, memory: 4754, top1_acc: 0.9844, top5_acc: 1.0000, loss_cls: 0.1292, loss: 0.1292, grad_norm: 1.7334
2022-04-27 14:32:46,873 - mmaction - INFO - Evaluating top_k_accuracy ...
2022-04-27 14:32:46,874 - mmaction - INFO - 
top1_acc	0.7111
top5_acc	0.9500
2022-04-27 14:32:46,874 - mmaction - INFO - Evaluating mean_class_accuracy ...
2022-04-27 14:32:46,875 - mmaction - INFO - 
mean_acc	0.7111
2022-04-27 14:32:46,875 - mmaction - INFO - Epoch(val) [34][6]	top1_acc: 0.7111, top5_acc: 0.9500, mean_class_accuracy: 0.7111
2022-04-27 14:33:19,160 - mmaction - INFO - Epoch [35][40/50]	lr: 1.758e-03, eta: 0:07:09, time: 0.807, data_time: 0.652, memory: 4754, top1_acc: 0.9859, top5_acc: 1.0000, loss_cls: 0.1331, loss: 0.1331, grad_norm: 1.6091
2022-04-27 14:33:48,922 - mmaction - INFO - Evaluating top_k_accuracy ...
2022-04-27 14:33:48,923 - mmaction - INFO - 
top1_acc	0.7167
top5_acc	0.9389
2022-04-27 14:33:48,923 - mmaction - INFO - Evaluating mean_class_accuracy ...
2022-04-27 14:33:48,923 - mmaction - INFO - 
mean_acc	0.7167
2022-04-27 14:33:48,926 - mmaction - INFO - The previous best checkpoint /home/yl/myposec3d/model_pth/exp5/fintune-without-pre/best_top1_acc_epoch_32.pth was removed
2022-04-27 14:33:48,974 - mmaction - INFO - Now best checkpoint is saved as best_top1_acc_epoch_35.pth.
2022-04-27 14:33:48,974 - mmaction - INFO - Best top1_acc is 0.7167 at 35 epoch.
2022-04-27 14:33:48,975 - mmaction - INFO - Epoch(val) [35][6]	top1_acc: 0.7167, top5_acc: 0.9389, mean_class_accuracy: 0.7167
2022-04-27 14:34:21,462 - mmaction - INFO - Epoch [36][40/50]	lr: 1.516e-03, eta: 0:06:36, time: 0.812, data_time: 0.632, memory: 4754, top1_acc: 0.9914, top5_acc: 1.0000, loss_cls: 0.1142, loss: 0.1142, grad_norm: 1.5204
2022-04-27 14:34:51,006 - mmaction - INFO - Evaluating top_k_accuracy ...
2022-04-27 14:34:51,007 - mmaction - INFO - 
top1_acc	0.7389
top5_acc	0.9444
2022-04-27 14:34:51,007 - mmaction - INFO - Evaluating mean_class_accuracy ...
2022-04-27 14:34:51,008 - mmaction - INFO - 
mean_acc	0.7389
2022-04-27 14:34:51,011 - mmaction - INFO - The previous best checkpoint /home/yl/myposec3d/model_pth/exp5/fintune-without-pre/best_top1_acc_epoch_35.pth was removed
2022-04-27 14:34:51,058 - mmaction - INFO - Now best checkpoint is saved as best_top1_acc_epoch_36.pth.
2022-04-27 14:34:51,059 - mmaction - INFO - Best top1_acc is 0.7389 at 36 epoch.
2022-04-27 14:34:51,059 - mmaction - INFO - Epoch(val) [36][6]	top1_acc: 0.7389, top5_acc: 0.9444, mean_class_accuracy: 0.7389
2022-04-27 14:35:23,715 - mmaction - INFO - Epoch [37][40/50]	lr: 1.289e-03, eta: 0:06:04, time: 0.816, data_time: 0.646, memory: 4754, top1_acc: 0.9875, top5_acc: 1.0000, loss_cls: 0.1133, loss: 0.1133, grad_norm: 1.5949
2022-04-27 14:35:53,495 - mmaction - INFO - Evaluating top_k_accuracy ...
2022-04-27 14:35:53,496 - mmaction - INFO - 
top1_acc	0.7222
top5_acc	0.9500
2022-04-27 14:35:53,496 - mmaction - INFO - Evaluating mean_class_accuracy ...
2022-04-27 14:35:53,496 - mmaction - INFO - 
mean_acc	0.7222
2022-04-27 14:35:53,496 - mmaction - INFO - Epoch(val) [37][6]	top1_acc: 0.7222, top5_acc: 0.9500, mean_class_accuracy: 0.7222
2022-04-27 14:36:26,004 - mmaction - INFO - Epoch [38][40/50]	lr: 1.077e-03, eta: 0:05:31, time: 0.813, data_time: 0.658, memory: 4754, top1_acc: 0.9852, top5_acc: 1.0000, loss_cls: 0.1158, loss: 0.1158, grad_norm: 1.5627
2022-04-27 14:36:55,829 - mmaction - INFO - Evaluating top_k_accuracy ...
2022-04-27 14:36:55,830 - mmaction - INFO - 
top1_acc	0.7222
top5_acc	0.9278
2022-04-27 14:36:55,830 - mmaction - INFO - Evaluating mean_class_accuracy ...
2022-04-27 14:36:55,830 - mmaction - INFO - 
mean_acc	0.7222
2022-04-27 14:36:55,831 - mmaction - INFO - Epoch(val) [38][6]	top1_acc: 0.7222, top5_acc: 0.9278, mean_class_accuracy: 0.7222
2022-04-27 14:37:28,101 - mmaction - INFO - Epoch [39][40/50]	lr: 8.831e-04, eta: 0:04:59, time: 0.807, data_time: 0.639, memory: 4754, top1_acc: 0.9844, top5_acc: 1.0000, loss_cls: 0.1174, loss: 0.1174, grad_norm: 1.5854
2022-04-27 14:37:58,490 - mmaction - INFO - Evaluating top_k_accuracy ...
2022-04-27 14:37:58,490 - mmaction - INFO - 
top1_acc	0.7278
top5_acc	0.9556
2022-04-27 14:37:58,490 - mmaction - INFO - Evaluating mean_class_accuracy ...
2022-04-27 14:37:58,491 - mmaction - INFO - 
mean_acc	0.7278
2022-04-27 14:37:58,491 - mmaction - INFO - Epoch(val) [39][6]	top1_acc: 0.7278, top5_acc: 0.9556, mean_class_accuracy: 0.7278
2022-04-27 14:38:30,883 - mmaction - INFO - Epoch [40][40/50]	lr: 7.063e-04, eta: 0:04:26, time: 0.810, data_time: 0.630, memory: 4754, top1_acc: 0.9852, top5_acc: 1.0000, loss_cls: 0.1158, loss: 0.1158, grad_norm: 1.6007
2022-04-27 14:39:00,467 - mmaction - INFO - Evaluating top_k_accuracy ...
2022-04-27 14:39:00,467 - mmaction - INFO - 
top1_acc	0.7444
top5_acc	0.9444
2022-04-27 14:39:00,467 - mmaction - INFO - Evaluating mean_class_accuracy ...
2022-04-27 14:39:00,468 - mmaction - INFO - 
mean_acc	0.7444
2022-04-27 14:39:00,470 - mmaction - INFO - The previous best checkpoint /home/yl/myposec3d/model_pth/exp5/fintune-without-pre/best_top1_acc_epoch_36.pth was removed
2022-04-27 14:39:00,512 - mmaction - INFO - Now best checkpoint is saved as best_top1_acc_epoch_40.pth.
2022-04-27 14:39:00,512 - mmaction - INFO - Best top1_acc is 0.7444 at 40 epoch.
2022-04-27 14:39:00,513 - mmaction - INFO - Epoch(val) [40][6]	top1_acc: 0.7444, top5_acc: 0.9444, mean_class_accuracy: 0.7444
2022-04-27 14:39:32,688 - mmaction - INFO - Epoch [41][40/50]	lr: 5.479e-04, eta: 0:03:54, time: 0.804, data_time: 0.622, memory: 4754, top1_acc: 0.9875, top5_acc: 1.0000, loss_cls: 0.1091, loss: 0.1091, grad_norm: 1.5216
2022-04-27 14:40:02,368 - mmaction - INFO - Evaluating top_k_accuracy ...
2022-04-27 14:40:02,368 - mmaction - INFO - 
top1_acc	0.7278
top5_acc	0.9500
2022-04-27 14:40:02,368 - mmaction - INFO - Evaluating mean_class_accuracy ...
2022-04-27 14:40:02,369 - mmaction - INFO - 
mean_acc	0.7278
2022-04-27 14:40:02,369 - mmaction - INFO - Epoch(val) [41][6]	top1_acc: 0.7278, top5_acc: 0.9500, mean_class_accuracy: 0.7278
2022-04-27 14:40:35,258 - mmaction - INFO - Epoch [42][40/50]	lr: 4.086e-04, eta: 0:03:21, time: 0.822, data_time: 0.636, memory: 4754, top1_acc: 0.9953, top5_acc: 1.0000, loss_cls: 0.1034, loss: 0.1034, grad_norm: 1.3766
2022-04-27 14:41:04,883 - mmaction - INFO - Evaluating top_k_accuracy ...
2022-04-27 14:41:04,883 - mmaction - INFO - 
top1_acc	0.7278
top5_acc	0.9444
2022-04-27 14:41:04,883 - mmaction - INFO - Evaluating mean_class_accuracy ...
2022-04-27 14:41:04,884 - mmaction - INFO - 
mean_acc	0.7278
2022-04-27 14:41:04,884 - mmaction - INFO - Epoch(val) [42][6]	top1_acc: 0.7278, top5_acc: 0.9444, mean_class_accuracy: 0.7278
2022-04-27 14:41:37,028 - mmaction - INFO - Epoch [43][40/50]	lr: 2.890e-04, eta: 0:02:49, time: 0.804, data_time: 0.623, memory: 4754, top1_acc: 0.9945, top5_acc: 1.0000, loss_cls: 0.0887, loss: 0.0887, grad_norm: 1.2636
2022-04-27 14:42:06,732 - mmaction - INFO - Evaluating top_k_accuracy ...
2022-04-27 14:42:06,732 - mmaction - INFO - 
top1_acc	0.7389
top5_acc	0.9556
2022-04-27 14:42:06,732 - mmaction - INFO - Evaluating mean_class_accuracy ...
2022-04-27 14:42:06,733 - mmaction - INFO - 
mean_acc	0.7389
2022-04-27 14:42:06,733 - mmaction - INFO - Epoch(val) [43][6]	top1_acc: 0.7389, top5_acc: 0.9556, mean_class_accuracy: 0.7389
2022-04-27 14:42:39,634 - mmaction - INFO - Epoch [44][40/50]	lr: 1.895e-04, eta: 0:02:16, time: 0.822, data_time: 0.645, memory: 4754, top1_acc: 0.9898, top5_acc: 1.0000, loss_cls: 0.1131, loss: 0.1131, grad_norm: 1.5738
2022-04-27 14:43:09,342 - mmaction - INFO - Evaluating top_k_accuracy ...
2022-04-27 14:43:09,343 - mmaction - INFO - 
top1_acc	0.7500
top5_acc	0.9556
2022-04-27 14:43:09,343 - mmaction - INFO - Evaluating mean_class_accuracy ...
2022-04-27 14:43:09,343 - mmaction - INFO - 
mean_acc	0.7500
2022-04-27 14:43:09,346 - mmaction - INFO - The previous best checkpoint /home/yl/myposec3d/model_pth/exp5/fintune-without-pre/best_top1_acc_epoch_40.pth was removed
2022-04-27 14:43:09,386 - mmaction - INFO - Now best checkpoint is saved as best_top1_acc_epoch_44.pth.
2022-04-27 14:43:09,387 - mmaction - INFO - Best top1_acc is 0.7500 at 44 epoch.
2022-04-27 14:43:09,387 - mmaction - INFO - Epoch(val) [44][6]	top1_acc: 0.7500, top5_acc: 0.9556, mean_class_accuracy: 0.7500
2022-04-27 14:43:41,728 - mmaction - INFO - Epoch [45][40/50]	lr: 1.106e-04, eta: 0:01:44, time: 0.808, data_time: 0.653, memory: 4754, top1_acc: 0.9875, top5_acc: 1.0000, loss_cls: 0.1093, loss: 0.1093, grad_norm: 1.6572
2022-04-27 14:44:11,444 - mmaction - INFO - Evaluating top_k_accuracy ...
2022-04-27 14:44:11,445 - mmaction - INFO - 
top1_acc	0.7444
top5_acc	0.9556
2022-04-27 14:44:11,445 - mmaction - INFO - Evaluating mean_class_accuracy ...
2022-04-27 14:44:11,445 - mmaction - INFO - 
mean_acc	0.7444
2022-04-27 14:44:11,445 - mmaction - INFO - Epoch(val) [45][6]	top1_acc: 0.7444, top5_acc: 0.9556, mean_class_accuracy: 0.7444
2022-04-27 14:44:43,616 - mmaction - INFO - Epoch [46][40/50]	lr: 5.269e-05, eta: 0:01:11, time: 0.804, data_time: 0.627, memory: 4754, top1_acc: 0.9898, top5_acc: 1.0000, loss_cls: 0.0968, loss: 0.0968, grad_norm: 1.3620
2022-04-27 14:45:13,723 - mmaction - INFO - Evaluating top_k_accuracy ...
2022-04-27 14:45:13,723 - mmaction - INFO - 
top1_acc	0.7500
top5_acc	0.9500
2022-04-27 14:45:13,723 - mmaction - INFO - Evaluating mean_class_accuracy ...
2022-04-27 14:45:13,724 - mmaction - INFO - 
mean_acc	0.7500
2022-04-27 14:45:13,724 - mmaction - INFO - Epoch(val) [46][6]	top1_acc: 0.7500, top5_acc: 0.9500, mean_class_accuracy: 0.7500
2022-04-27 14:45:45,986 - mmaction - INFO - Epoch [47][40/50]	lr: 1.593e-05, eta: 0:00:39, time: 0.806, data_time: 0.640, memory: 4754, top1_acc: 0.9891, top5_acc: 1.0000, loss_cls: 0.0938, loss: 0.0938, grad_norm: 1.3364
2022-04-27 14:46:15,855 - mmaction - INFO - Evaluating top_k_accuracy ...
2022-04-27 14:46:15,855 - mmaction - INFO - 
top1_acc	0.7500
top5_acc	0.9500
2022-04-27 14:46:15,856 - mmaction - INFO - Evaluating mean_class_accuracy ...
2022-04-27 14:46:15,856 - mmaction - INFO - 
mean_acc	0.7500
2022-04-27 14:46:15,856 - mmaction - INFO - Epoch(val) [47][6]	top1_acc: 0.7500, top5_acc: 0.9500, mean_class_accuracy: 0.7500
2022-04-27 14:46:47,988 - mmaction - INFO - Epoch [48][40/50]	lr: 5.183e-07, eta: 0:00:06, time: 0.803, data_time: 0.649, memory: 4754, top1_acc: 0.9891, top5_acc: 1.0000, loss_cls: 0.1083, loss: 0.1083, grad_norm: 1.5014
2022-04-27 14:46:50,149 - mmaction - INFO - Saving checkpoint at 48 epochs
2022-04-27 14:47:18,097 - mmaction - INFO - Evaluating top_k_accuracy ...
2022-04-27 14:47:18,097 - mmaction - INFO - 
top1_acc	0.7167
top5_acc	0.9500
2022-04-27 14:47:18,097 - mmaction - INFO - Evaluating mean_class_accuracy ...
2022-04-27 14:47:18,098 - mmaction - INFO - 
mean_acc	0.7167
2022-04-27 14:47:18,098 - mmaction - INFO - Epoch(val) [48][6]	top1_acc: 0.7167, top5_acc: 0.9500, mean_class_accuracy: 0.7167
